[2018-11-15 13:12:27]	爱 b->v
[2018-11-15 13:12:27]	安 ag->v
[2018-11-15 13:12:27]	安定 a->an
[2018-11-15 13:12:27]	本分 a->n
[2018-11-15 13:12:27]	宁静 a->an
[2018-11-15 13:12:27]	安宁 a->an
[2018-11-15 13:12:27]	安谧 a->an
[2018-11-15 13:12:27]	和缓 a->ad
[2018-11-15 13:12:27]	太平 a->ns
[2018-11-15 13:12:27]	安全 a->an
[2018-11-15 13:12:27]	安慰 a->v
[2018-11-15 13:12:27]	按时 d->ad
[2018-11-15 13:12:27]	昂首 vd->vi
[2018-11-15 13:12:27]	昂扬 a->v
[2018-11-15 13:12:27]	后悔 a->v
[2018-11-15 13:12:27]	八宝粥 n->gms
[2018-11-15 13:12:27]	把 m->v
[2018-11-15 13:12:27]	百合 n->nr
[2018-11-15 13:12:27]	绊 ng->v
[2018-11-15 13:12:27]	棒 a->ng
[2018-11-15 13:12:27]	包 n->v
[2018-11-15 13:12:27]	折 ng->vi
[2018-11-15 13:12:27]	叠 q->v
[2018-11-15 13:12:27]	包子 n->gms
[2018-11-15 13:12:27]	保安 b->n
[2018-11-15 13:12:27]	保障 n->v
[2018-11-15 13:12:27]	保健 b->n
[2018-11-15 13:12:27]	封闭 a->v
[2018-11-15 13:12:27]	保险 a->n
[2018-11-15 13:12:27]	保证 n->v
[2018-11-15 13:12:27]	不好意思 a->vl
[2018-11-15 13:12:27]	背 a->v
[2018-11-15 13:12:27]	被 d->pbei
[2018-11-15 13:12:27]	必然 b->n
[2018-11-15 13:12:27]	一定 b->d
[2018-11-15 13:12:27]	边 b->n
[2018-11-15 13:12:27]	边缘 b->n
[2018-11-15 13:12:27]	边防 b->n
[2018-11-15 13:12:27]	边陲 n->s
[2018-11-15 13:12:27]	变化 v->vn
[2018-11-15 13:12:27]	标准 a->n
[2018-11-15 13:12:27]	规范 a->v
[2018-11-15 13:12:27]	飞跃 vi->vn
[2018-11-15 13:12:27]	口头 d->n
[2018-11-15 13:12:27]	表现 n->v
[2018-11-15 13:12:27]	别名 n->nz
[2018-11-15 13:12:27]	做作 a->v
[2018-11-15 13:12:27]	拨 q->v
[2018-11-15 13:12:27]	奔腾 nz->vi
[2018-11-15 13:12:27]	盘剥 v->vn
[2018-11-15 13:12:27]	补偿 v->vn
[2018-11-15 13:12:27]	甭 d->v
[2018-11-15 13:12:27]	不安 a->an
[2018-11-15 13:12:27]	焦虑 a->an
[2018-11-15 13:12:27]	恐慌 a->an
[2018-11-15 13:12:27]	不满 a->an
[2018-11-15 13:12:27]	例外 n->vi
[2018-11-15 13:12:27]	不幸 a->n
[2018-11-15 13:12:27]	部分 m->n
[2018-11-15 13:12:27]	华 ag->b
[2018-11-15 13:12:27]	愧疚 a->an
[2018-11-15 13:12:27]	辉煌 a->an
[2018-11-15 13:12:27]	绚烂 a->an
[2018-11-15 13:12:27]	仓储 n->vn
[2018-11-15 13:12:27]	费心 a->v
[2018-11-15 13:12:27]	迥异 a->z
[2018-11-15 13:12:27]	叶 n->ng
[2018-11-15 13:12:27]	拆解 v->vn
[2018-11-15 13:12:27]	知了 n->nz
[2018-11-15 13:12:27]	长春 ns->nz
[2018-11-15 13:12:27]	经常 b->d
[2018-11-15 13:12:27]	超 h->v
[2018-11-15 13:12:27]	超产 v->vn
[2018-11-15 13:12:27]	超支 n->v
[2018-11-15 13:12:27]	车次 n->nz
[2018-11-15 13:12:27]	沉淀 n->vi
[2018-11-15 13:12:27]	尽职 vd->vi
[2018-11-15 13:12:27]	诚心 a->n
[2018-11-15 13:12:27]	党羽 n->nz
[2018-11-15 13:12:27]	冲突 vi->vn
[2018-11-15 13:12:27]	倾心 ad->vi
[2018-11-15 13:12:27]	喜好 an->v
[2018-11-15 13:12:27]	空洞 a->n
[2018-11-15 13:12:27]	抽样 vd->vi
[2018-11-15 13:12:27]	臭豆腐 n->gms
[2018-11-15 13:12:27]	出口 n->vi
[2018-11-15 13:12:27]	肇事 vi->vn
[2018-11-15 13:12:27]	出租 n->v
[2018-11-15 13:12:27]	先期 b->d
[2018-11-15 13:12:27]	除外 vi->v
[2018-11-15 13:12:27]	装 n->v
[2018-11-15 13:12:27]	传统 a->n
[2018-11-15 13:12:27]	船 n->gjtgj
[2018-11-15 13:12:27]	轮船 n->gjtgj
[2018-11-15 13:12:27]	船舶 n->gjtgj
[2018-11-15 13:12:27]	春分 t->n
[2018-11-15 13:12:27]	刺 n->v
[2018-11-15 13:12:27]	睿智 a->an
[2018-11-15 13:12:27]	智慧 a->n
[2018-11-15 13:12:27]	从 d->p
[2018-11-15 13:12:27]	自 d->p
[2018-11-15 13:12:27]	粗心 a->an
[2018-11-15 13:12:27]	大意 a->n
[2018-11-15 13:12:27]	酸 a->n
[2018-11-15 13:12:27]	摩擦 v->vn
[2018-11-15 13:12:27]	坎坷 a->an
[2018-11-15 13:12:27]	错误 a->n
[2018-11-15 13:12:27]	达标 vd->vi
[2018-11-15 13:12:27]	答复 n->v
[2018-11-15 13:12:27]	打 p->v
[2018-11-15 13:12:27]	狩猎 n->vi
[2018-11-15 13:12:27]	打算 n->v
[2018-11-15 13:12:27]	大寒 t->nz
[2018-11-15 13:12:27]	大家 n->rr
[2018-11-15 13:12:27]	大料 n->nz
[2018-11-15 13:12:27]	大致 b->d
[2018-11-15 13:12:27]	呆 a->v
[2018-11-15 13:12:27]	代办 n->v
[2018-11-15 13:12:27]	代理 n->v
[2018-11-15 13:12:27]	带 n->v
[2018-11-15 13:12:27]	带子 n->v
[2018-11-15 13:12:27]	条 ng->q
[2018-11-15 13:12:27]	戴 nr1->v
[2018-11-15 13:12:27]	单 b->d
[2018-11-15 13:12:27]	单独 b->d
[2018-11-15 13:12:27]	当面 d->n
[2018-11-15 13:12:27]	那天 r->t
[2018-11-15 13:12:27]	挡 n->v
[2018-11-15 13:12:27]	的 n->ude1
[2018-11-15 13:12:27]	得 ude3->v
[2018-11-15 13:12:27]	到 p->v
[2018-11-15 13:12:27]	倒 d->vi
[2018-11-15 13:12:27]	偷 d->v
[2018-11-15 13:12:27]	道德 a->n
[2018-11-15 13:12:27]	道教 n->nz
[2018-11-15 13:12:27]	上岸 vi->v
[2018-11-15 13:12:27]	等 n->v
[2018-11-15 13:12:27]	地铁 n->gjtgj
[2018-11-15 13:12:27]	光 a->n
[2018-11-15 13:12:27]	光辉 a->n
[2018-11-15 13:12:27]	顶 f->v
[2018-11-15 13:12:27]	定额 d->n
[2018-11-15 13:12:27]	定期 b->d
[2018-11-15 13:12:27]	东 b->f
[2018-11-15 13:12:27]	东乡族 ns->nz
[2018-11-15 13:12:27]	全部 m->ad
[2018-11-15 13:12:27]	斗争 vi->vn
[2018-11-15 13:12:27]	独立 a->v
[2018-11-15 13:12:27]	自力 n->nr
[2018-11-15 13:12:27]	渡 ng->v
[2018-11-15 13:12:27]	端 ng->v
[2018-11-15 13:12:27]	端正 a->v
[2018-11-15 13:12:27]	断 d->v
[2018-11-15 13:12:27]	对仗 n->nz
[2018-11-15 13:12:27]	多 a->m
[2018-11-15 13:12:27]	饿 a->v
[2018-11-15 13:12:27]	发 ng->v
[2018-11-15 13:12:27]	带头 vd->vi
[2018-11-15 13:12:27]	发糕 n->gms
[2018-11-15 13:12:27]	施展 nr->v
[2018-11-15 13:12:27]	发烧 b->vi
[2018-11-15 13:12:27]	无力 a->vi
[2018-11-15 13:12:27]	法 b->n
[2018-11-15 13:12:27]	庭审 n->v
[2018-11-15 13:12:27]	帆船 n->gjtgj
[2018-11-15 13:12:27]	繁荣 a->an
[2018-11-15 13:12:27]	重复 a->v
[2018-11-15 13:12:27]	来回 d->vi
[2018-11-15 13:12:27]	反面 b->n
[2018-11-15 13:12:27]	反应 n->vi
[2018-11-15 13:12:27]	犯罪 vi->vn
[2018-11-15 13:12:27]	范 ng->nr1
[2018-11-15 13:12:27]	方 a->d
[2018-11-15 13:12:27]	方便面 n->gms
[2018-11-15 13:12:27]	防汛 vi->vn
[2018-11-15 13:12:27]	飞机 n->gjtgj
[2018-11-15 13:12:27]	肥 a->n
[2018-11-15 13:12:27]	分布 vd->vi
[2018-11-15 13:12:27]	分离 vd->vi
[2018-11-15 13:12:27]	分米 q->qt
[2018-11-15 13:12:27]	生气 a->n
[2018-11-15 13:12:27]	风光 a->n
[2018-11-15 13:12:27]	封 ng->v
[2018-11-15 13:12:27]	冯 m->nr1
[2018-11-15 13:12:27]	抚恤 vi->vn
[2018-11-15 13:12:27]	远望 nz->v
[2018-11-15 13:12:27]	腐败 a->an
[2018-11-15 13:12:27]	负责 a->v
[2018-11-15 13:12:27]	中兴 ns->nz
[2018-11-15 13:12:27]	副词 n->nz
[2018-11-15 13:12:27]	付 q->v
[2018-11-15 13:12:27]	次要 b->bl
[2018-11-15 13:12:27]	富 a->vg
[2018-11-15 13:12:27]	富有 a->v
[2018-11-15 13:12:27]	富余 a->vn
[2018-11-15 13:12:27]	盖 d->v
[2018-11-15 13:12:27]	扣 ng->v
[2018-11-15 13:12:27]	干 a->v
[2018-11-15 13:12:27]	甘 ad->ag
[2018-11-15 13:12:27]	感动 a->v
[2018-11-15 13:12:27]	感冒 n->vi
[2018-11-15 13:12:27]	不久 d->m
[2018-11-15 13:12:27]	方才 d->nr
[2018-11-15 13:12:27]	高贵 a->nr
[2018-11-15 13:12:27]	年老 a->vi
[2018-11-15 13:12:27]	革命 a->vn
[2018-11-15 13:12:27]	解 ng->v
[2018-11-15 13:12:27]	根据 n->p
[2018-11-15 13:12:27]	据 ng->p
[2018-11-15 13:12:27]	跟随 p->v
[2018-11-15 13:12:27]	随着 d->p
[2018-11-15 13:12:27]	更年期 n->t
[2018-11-15 13:12:27]	工作 n->vn
[2018-11-15 13:12:27]	公开 a->v
[2018-11-15 13:12:27]	巩固 a->v
[2018-11-15 13:12:27]	共产党 n->nz
[2018-11-15 13:12:27]	奉献 n->v
[2018-11-15 13:12:27]	够 a->v
[2018-11-15 13:12:27]	孤立 a->v
[2018-11-15 13:12:27]	孤僻 a->an
[2018-11-15 13:12:27]	鼓 a->v
[2018-11-15 13:12:27]	彭 m->nr1
[2018-11-15 13:12:27]	鼓舞 a->v
[2018-11-15 13:12:27]	固定 a->v
[2018-11-15 13:12:27]	稳定 a->an
[2018-11-15 13:12:27]	传奇 a->n
[2018-11-15 13:12:27]	故意 b->d
[2018-11-15 13:12:27]	有意 d->vi
[2018-11-15 13:12:27]	成心 d->v
[2018-11-15 13:12:27]	顾 ng->v
[2018-11-15 13:12:27]	挂 q->v
[2018-11-15 13:12:27]	关切 a->v
[2018-11-15 13:12:27]	论断 n->vn
[2018-11-15 13:12:27]	臣 n->ng
[2018-11-15 13:12:27]	管理 v->vn
[2018-11-15 13:12:27]	管制 v->vn
[2018-11-15 13:12:27]	光明 a->n
[2018-11-15 13:12:27]	亮 a->vi
[2018-11-15 13:12:27]	归结 n->vi
[2018-11-15 13:12:27]	鬼 a->n
[2018-11-15 13:12:27]	邪 a->ag
[2018-11-15 13:12:27]	滚 ng->vi
[2018-11-15 13:12:27]	国庆 n->t
[2018-11-15 13:12:27]	干脆 a->d
[2018-11-15 13:12:27]	断然 b->d
[2018-11-15 13:12:27]	果然 c->d
[2018-11-15 13:12:27]	果真 c->d
[2018-11-15 13:12:27]	过期 vd->vi
[2018-11-15 13:12:27]	海口 n->ns
[2018-11-15 13:12:27]	琼 b->nr1
[2018-11-15 13:12:27]	叫 n->vi
[2018-11-15 13:12:27]	汉堡包 n->gms
[2018-11-15 13:12:27]	数码 b->n
[2018-11-15 13:12:27]	合资 b->vi
[2018-11-15 13:12:27]	集资 vd->vi
[2018-11-15 13:12:27]	合伙 vd->vi
[2018-11-15 13:12:27]	合股 vd->vi
[2018-11-15 13:12:27]	和 ag->cc
[2018-11-15 13:12:27]	集合 n->v
[2018-11-15 13:12:27]	与 cc->p
[2018-11-15 13:12:27]	同 cc->p
[2018-11-15 13:12:27]	并 cc->d
[2018-11-15 13:12:27]	狠 a->d
[2018-11-15 13:12:27]	狠心 a->an
[2018-11-15 13:12:27]	横 a->v
[2018-11-15 13:12:27]	哄 o->v
[2018-11-15 13:12:27]	后期 f->t
[2018-11-15 13:12:27]	胡 d->nr1
[2018-11-15 13:12:27]	湖 b->n
[2018-11-15 13:12:27]	迷惑 a->v
[2018-11-15 13:12:27]	依稀 a->d
[2018-11-15 13:12:27]	互相 b->d
[2018-11-15 13:12:27]	花 a->n
[2018-11-15 13:12:27]	花卷 n->gms
[2018-11-15 13:12:27]	滑冰 n->vn
[2018-11-15 13:12:27]	滑雪 vi->vn
[2018-11-15 13:12:27]	化验 n->v
[2018-11-15 13:12:27]	打扮 n->v
[2018-11-15 13:12:27]	还账 v->vi
[2018-11-15 13:12:27]	涣散 a->v
[2018-11-15 13:12:27]	怪诞 a->an
[2018-11-15 13:12:27]	黄色 b->n
[2018-11-15 13:12:27]	回头 d->vi
[2018-11-15 13:12:27]	会 n->v
[2018-11-15 13:12:27]	馄饨 n->gms
[2018-11-15 13:12:27]	活动 a->vn
[2018-11-15 13:12:27]	该死 vi->v
[2018-11-15 13:12:27]	活 a->n
[2018-11-15 13:12:27]	火车 n->gjtgj
[2018-11-15 13:12:27]	机械 a->n
[2018-11-15 13:12:27]	缉私 vi->vn
[2018-11-15 13:12:27]	狂热 a->an
[2018-11-15 13:12:27]	极端 a->n
[2018-11-15 13:12:27]	集邮 vi->vn
[2018-11-15 13:12:27]	集中 a->v
[2018-11-15 13:12:27]	挤 a->v
[2018-11-15 13:12:27]	运算 vi->vn
[2018-11-15 13:12:27]	记录 n->v
[2018-11-15 13:12:27]	记载 n->v
[2018-11-15 13:12:27]	纪念 n->v
[2018-11-15 13:12:27]	长项 n->nz
[2018-11-15 13:12:27]	加班 vd->vi
[2018-11-15 13:12:27]	夹 b->v
[2018-11-15 13:12:27]	家 k->n
[2018-11-15 13:12:27]	值 a->n
[2018-11-15 13:12:27]	尖端 b->n
[2018-11-15 13:12:27]	坚定 a->v
[2018-11-15 13:12:27]	监察 v->vn
[2018-11-15 13:12:27]	调查 n->v
[2018-11-15 13:12:27]	方便 a->v
[2018-11-15 13:12:27]	便利 a->an
[2018-11-15 13:12:27]	间接 a->b
[2018-11-15 13:12:27]	建设 n->vn
[2018-11-15 13:12:27]	健全 a->v
[2018-11-15 13:12:27]	讲究 a->v
[2018-11-15 13:12:27]	降价 vd->vi
[2018-11-15 13:12:27]	坦白 a->v
[2018-11-15 13:12:27]	灌 ng->v
[2018-11-15 13:12:27]	娇气 a->n
[2018-11-15 13:12:27]	骄傲 a->an
[2018-11-15 13:12:27]	饺子 n->gms
[2018-11-15 13:12:27]	教 ng->v
[2018-11-15 13:12:27]	教育 v->vn
[2018-11-15 13:12:27]	接力 n->vn
[2018-11-15 13:12:27]	结果 c->n
[2018-11-15 13:12:27]	结业 vd->vi
[2018-11-15 13:12:27]	解放 a->v
[2018-11-15 13:12:27]	解放战争 n->nz
[2018-11-15 13:12:27]	借 p->v
[2018-11-15 13:12:27]	租 ng->v
[2018-11-15 13:12:27]	借贷 n->v
[2018-11-15 13:12:27]	借条 n->nz
[2018-11-15 13:12:27]	金 b->ng
[2018-11-15 13:12:27]	尽力 d->vi
[2018-11-15 13:12:27]	全力 d->n
[2018-11-15 13:12:27]	尽心 a->v
[2018-11-15 13:12:27]	进步 a->vn
[2018-11-15 13:12:27]	临近 a->v
[2018-11-15 13:12:27]	经过 n->p
[2018-11-15 13:12:27]	经济 a->n
[2018-11-15 13:12:27]	经营 n->v
[2018-11-15 13:12:27]	精神 a->n
[2018-11-15 13:12:27]	感慨 a->v
[2018-11-15 13:12:27]	警惕 a->v
[2018-11-15 13:12:27]	敬业 a->vi
[2018-11-15 13:12:27]	就 c->d
[2018-11-15 13:12:27]	举 ag->v
[2018-11-15 13:12:27]	举重 n->vn
[2018-11-15 13:12:27]	行 a->vi
[2018-11-15 13:12:27]	锯 n->v
[2018-11-15 13:12:27]	卷 ng->v
[2018-11-15 13:12:27]	决定 n->v
[2018-11-15 13:12:27]	决赛 vi->vn
[2018-11-15 13:12:27]	决心 d->n
[2018-11-15 13:12:27]	开创 n->v
[2018-11-15 13:12:27]	开放 a->v
[2018-11-15 13:12:27]	开阔 a->v
[2018-11-15 13:12:27]	伊始 t->vi
[2018-11-15 13:12:27]	初叶 f->t
[2018-11-15 13:12:27]	初始 b->t
[2018-11-15 13:12:27]	初步 b->d
[2018-11-15 13:12:27]	看 u->v
[2018-11-15 13:12:27]	测验 v->vn
[2018-11-15 13:12:27]	考验 v->vn
[2018-11-15 13:12:27]	烤鸭 n->gms
[2018-11-15 13:12:27]	靠 ng->v
[2018-11-15 13:12:27]	科学 a->n
[2018-11-15 13:12:27]	可怜 a->v
[2018-11-15 13:12:27]	可惜 a->v
[2018-11-15 13:12:27]	可以 a->v
[2018-11-15 13:12:27]	能 d->v
[2018-11-15 13:12:27]	克 b->vg
[2018-11-15 13:12:27]	客观 a->n
[2018-11-15 13:12:27]	买家 n->nz
[2018-11-15 13:12:27]	肯定 a->v
[2018-11-15 13:12:27]	空 a->v
[2018-11-15 13:12:27]	口 f->n
[2018-11-15 13:12:27]	苦 a->an
[2018-11-15 13:12:27]	苦涩 a->an
[2018-11-15 13:12:27]	苦闷 a->an
[2018-11-15 13:12:27]	迷茫 a->an
[2018-11-15 13:12:27]	苦恼 a->an
[2018-11-15 13:12:27]	迷惘 a->an
[2018-11-15 13:12:27]	夸张 n->vi
[2018-11-15 13:12:27]	跨 ng->v
[2018-11-15 13:12:27]	越 b->d
[2018-11-15 13:12:27]	匡 nr1->vg
[2018-11-15 13:12:27]	捆 ng->v
[2018-11-15 13:12:27]	困惑 a->an
[2018-11-15 13:12:27]	疑惑 an->v
[2018-11-15 13:12:27]	困难 a->an
[2018-11-15 13:12:27]	拉 b->v
[2018-11-15 13:12:27]	腊八粥 n->gms
[2018-11-15 13:12:27]	来 f->vf
[2018-11-15 13:12:27]	天车 n->nz
[2018-11-15 13:12:27]	懈怠 a->an
[2018-11-15 13:12:27]	劳动 vi->vn
[2018-11-15 13:12:27]	坚韧 a->an
[2018-11-15 13:12:27]	铭刻 n->v
[2018-11-15 13:12:27]	铭记 n->v
[2018-11-15 13:12:27]	东家 n->nz
[2018-11-15 13:12:27]	了 ule->y
[2018-11-15 13:12:27]	累 a->v
[2018-11-15 13:12:27]	疲劳 a->an
[2018-11-15 13:12:27]	困倦 a->an
[2018-11-15 13:12:27]	倦怠 a->an
[2018-11-15 13:12:27]	礼貌 a->an
[2018-11-15 13:12:27]	李 ng->nr1
[2018-11-15 13:12:27]	理想 a->n
[2018-11-15 13:12:27]	理性 b->n
[2018-11-15 13:12:27]	连 d->n
[2018-11-15 13:12:27]	盟 n->ng
[2018-11-15 13:12:27]	联系 n->v
[2018-11-15 13:12:27]	练习 n->v
[2018-11-15 13:12:27]	辽 b->tg
[2018-11-15 13:12:27]	劣 a->ag
[2018-11-15 13:12:27]	林 n->ng
[2018-11-15 13:12:27]	小气 a->ad
[2018-11-15 13:12:27]	零售 v->vn
[2018-11-15 13:12:27]	另外 c->rz
[2018-11-15 13:12:27]	小产 v->vi
[2018-11-15 13:12:27]	流行 a->v
[2018-11-15 13:12:27]	柳 n->ng
[2018-11-15 13:12:27]	漏 ng->v
[2018-11-15 13:12:27]	滴 q->v
[2018-11-15 13:12:27]	露 ng->v
[2018-11-15 13:12:27]	旅游 vi->vn
[2018-11-15 13:12:27]	动感 b->n
[2018-11-15 13:12:27]	乱 a->d
[2018-11-15 13:12:27]	轮班 vd->vn
[2018-11-15 13:12:27]	转 ng->v
[2018-11-15 13:12:27]	麻 a->n
[2018-11-15 13:12:27]	麻烦 a->an
[2018-11-15 13:12:27]	烦恼 a->an
[2018-11-15 13:12:27]	马 b->n
[2018-11-15 13:12:27]	馒头 n->gms
[2018-11-15 13:12:27]	满 a->v
[2018-11-15 13:12:27]	满足 a->v
[2018-11-15 13:12:27]	忙 a->v
[2018-11-15 13:12:27]	蒙 b->vi
[2018-11-15 13:12:27]	毛 a->nr1
[2018-11-15 13:12:27]	矛盾 a->an
[2018-11-15 13:12:27]	冒险 vd->vi
[2018-11-15 13:12:27]	贸易 v->vn
[2018-11-15 13:12:27]	没有 d->v
[2018-11-15 13:12:27]	无 d->v
[2018-11-15 13:12:27]	美 a->b
[2018-11-15 13:12:27]	住院 vd->vi
[2018-11-15 13:12:27]	耳语 n->vi
[2018-11-15 13:12:27]	秘密 a->n
[2018-11-15 13:12:27]	机密 a->n
[2018-11-15 13:12:27]	免费 vd->vi
[2018-11-15 13:12:27]	勉强 a->v
[2018-11-15 13:12:27]	民主 a->an
[2018-11-15 13:12:27]	起名 vi->v
[2018-11-15 13:12:27]	模范 a->n
[2018-11-15 13:12:27]	模拟 b->v
[2018-11-15 13:12:27]	磨 n->v
[2018-11-15 13:12:27]	生分 a->ad
[2018-11-15 13:12:27]	墨 b->n
[2018-11-15 13:12:27]	母 b->ng
[2018-11-15 13:12:27]	木 a->ng
[2018-11-15 13:12:27]	捐款 n->vi
[2018-11-15 13:12:27]	拿 p->v
[2018-11-15 13:12:27]	上税 v->vi
[2018-11-15 13:12:27]	委屈 a->v
[2018-11-15 13:12:27]	悲痛 a->an
[2018-11-15 13:12:27]	内蒙古自治区 ns->nz
[2018-11-15 13:12:27]	倪 x->n
[2018-11-15 13:12:27]	拟人 n->nz
[2018-11-15 13:12:27]	年 n->qt
[2018-11-15 13:12:27]	年岁 n->nl
[2018-11-15 13:12:27]	年事 n->nl
[2018-11-15 13:12:27]	凝眸 vd->vi
[2018-11-15 13:12:27]	牛 ag->n
[2018-11-15 13:12:27]	努力 a->an
[2018-11-15 13:12:27]	暖 a->v
[2018-11-15 13:12:27]	温暖 a->an
[2018-11-15 13:12:27]	温热 a->an
[2018-11-15 13:12:27]	和暖 a->an
[2018-11-15 13:12:27]	偶尔 b->d
[2018-11-15 13:12:27]	扑 o->v
[2018-11-15 13:12:27]	攀 b->v
[2018-11-15 13:12:27]	拍 ng->v
[2018-11-15 13:12:27]	排 n->v
[2018-11-15 13:12:27]	排队 n->vi
[2018-11-15 13:12:27]	派出所 n->gms
[2018-11-15 13:12:27]	派遣 v->gms
[2018-11-15 13:12:27]	派出 v->gms
[2018-11-15 13:12:27]	判断 n->v
[2018-11-15 13:12:27]	抛 nr1->v
[2018-11-15 13:12:27]	配套 a->v
[2018-11-15 13:12:27]	烹饪 n->vi
[2018-11-15 13:12:27]	相知 n->v
[2018-11-15 13:12:27]	捧 q->v
[2018-11-15 13:12:27]	批发 v->vn
[2018-11-15 13:12:27]	偏 a->d
[2018-11-15 13:12:27]	单方面 b->n
[2018-11-15 13:12:27]	飘 a->v
[2018-11-15 13:12:27]	撇 q->v
[2018-11-15 13:12:27]	应邀 vd->vi
[2018-11-15 13:12:27]	平 a->v
[2018-11-15 13:12:27]	通常 b->d
[2018-11-15 13:12:27]	破 a->v
[2018-11-15 13:12:27]	铺 n->v
[2018-11-15 13:12:27]	普及 a->v
[2018-11-15 13:12:27]	遍地 vd->vi
[2018-11-15 13:12:27]	限期 n->vi
[2018-11-15 13:12:27]	奇怪 a->v
[2018-11-15 13:12:27]	祷告 v->vn
[2018-11-15 13:12:27]	辗转 vd->vi
[2018-11-15 13:12:27]	蜿蜒 v->z
[2018-11-15 13:12:27]	启示 v->vn
[2018-11-15 13:12:27]	矜持 a->an
[2018-11-15 13:12:27]	署名 n->vi
[2018-11-15 13:12:27]	签名 n->vi
[2018-11-15 13:12:27]	前天 n->t
[2018-11-15 13:12:27]	壮 a->v
[2018-11-15 13:12:27]	争 ng->v
[2018-11-15 13:12:27]	乔木 n->nr
[2018-11-15 13:12:27]	切 ag->v
[2018-11-15 13:12:27]	亲近 a->v
[2018-11-15 13:12:27]	明确 a->v
[2018-11-15 13:12:27]	纯洁 a->v
[2018-11-15 13:12:27]	清明 a->t
[2018-11-15 13:12:27]	晴 an->vi
[2018-11-15 13:12:27]	让 p->v
[2018-11-15 13:12:27]	祝 ng->v
[2018-11-15 13:12:27]	贺 ng->vg
[2018-11-15 13:12:27]	秋 ng->tg
[2018-11-15 13:12:27]	求 ng->v
[2018-11-15 13:12:27]	曲 ag->n
[2018-11-15 13:12:27]	出 q->vf
[2018-11-15 13:12:27]	泉 n->ng
[2018-11-15 13:12:27]	缺 n->v
[2018-11-15 13:12:27]	欠缺 a->vi
[2018-11-15 13:12:27]	火 a->n
[2018-11-15 13:12:27]	夏 ng->tg
[2018-11-15 13:12:27]	热情 a->an
[2018-11-15 13:12:27]	热气球 n->gjtgj
[2018-11-15 13:12:27]	热心 a->v
[2018-11-15 13:12:27]	热忱 a->an
[2018-11-15 13:12:27]	热诚 a->an
[2018-11-15 13:12:27]	委任 n->v
[2018-11-15 13:12:27]	依旧 d->z
[2018-11-15 13:12:27]	照旧 d->v
[2018-11-15 13:12:27]	肉 a->n
[2018-11-15 13:12:27]	肉 a->gms
[2018-11-15 13:12:27]	撒 n->v
[2018-11-15 13:12:27]	塞 b->v
[2018-11-15 13:12:27]	堵 a->v
[2018-11-15 13:12:27]	信步 vd->vi
[2018-11-15 13:12:27]	土 a->n
[2018-11-15 13:12:27]	上 b->f
[2018-11-15 13:12:27]	设计 n->v
[2018-11-15 13:12:27]	摄像 n->vi
[2018-11-15 13:12:27]	申请 n->v
[2018-11-15 13:12:27]	全身 b->n
[2018-11-15 13:12:27]	体 k->ng
[2018-11-15 13:12:27]	身段 n->nz
[2018-11-15 13:12:27]	深入 a->v
[2018-11-15 13:12:27]	深度 ad->n
[2018-11-15 13:12:27]	神气 a->n
[2018-11-15 13:12:27]	升 q->v
[2018-11-15 13:12:27]	增值 n->vi
[2018-11-15 13:12:27]	生 a->v
[2018-11-15 13:12:27]	生产 n->v
[2018-11-15 13:12:27]	出产 n->v
[2018-11-15 13:12:27]	生活 vi->vn
[2018-11-15 13:12:27]	胜利 ad->vi
[2018-11-15 13:12:27]	失落 a->v
[2018-11-15 13:12:27]	狮 n->ng
[2018-11-15 13:12:27]	滋润 a->v
[2018-11-15 13:12:27]	温润 a->an
[2018-11-15 13:12:27]	石 b->ng
[2018-11-15 13:12:27]	时刻 d->n
[2018-11-15 13:12:27]	实践 n->v
[2018-11-15 13:12:27]	实质 a->n
[2018-11-15 13:12:27]	示范 vi->vn
[2018-11-15 13:12:27]	凡间 s->n
[2018-11-15 13:12:27]	是 ng->vshi
[2018-11-15 13:12:27]	便是 v->vd
[2018-11-15 13:12:27]	是否 d->v
[2018-11-15 13:12:27]	释迦牟尼 n->nrf
[2018-11-15 13:12:27]	收条 n->nz
[2018-11-15 13:12:27]	手 k->n
[2018-11-15 13:12:27]	手工 d->n
[2018-11-15 13:12:27]	守法 vd->vi
[2018-11-15 13:12:27]	首创 nz->v
[2018-11-15 13:12:27]	首先 c->d
[2018-11-15 13:12:27]	初 d->f
[2018-11-15 13:12:27]	最初 b->d
[2018-11-15 13:12:27]	禁不起 v->vd
[2018-11-15 13:12:27]	本 d->rz
[2018-11-15 13:12:27]	册 ng->q
[2018-11-15 13:12:27]	书册 n->nl
[2018-11-15 13:12:27]	疏松 a->vn
[2018-11-15 13:12:27]	熟悉 a->v
[2018-11-15 13:12:27]	属实 a->v
[2018-11-15 13:12:27]	鼠 n->ng
[2018-11-15 13:12:27]	竖 n->v
[2018-11-15 13:12:27]	刷 o->v
[2018-11-15 13:12:27]	帅 ng->nr1
[2018-11-15 13:12:27]	水笔 n->nz
[2018-11-15 13:12:27]	说 ng->v
[2018-11-15 13:12:27]	讲 ng->v
[2018-11-15 13:12:27]	司 n->ng
[2018-11-15 13:12:27]	松 a->v
[2018-11-15 13:12:27]	松懈 a->v
[2018-11-15 13:12:27]	宋 nr1->tg
[2018-11-15 13:12:27]	孙 n->nr1
[2018-11-15 13:12:27]	孙子 n->nr
[2018-11-15 13:12:27]	锁 n->v
[2018-11-15 13:12:27]	塔 b->n
[2018-11-15 13:12:27]	贪吃 an->v
[2018-11-15 13:12:27]	贪心 a->v
[2018-11-15 13:12:27]	弹 ng->v
[2018-11-15 13:12:27]	烫 a->v
[2018-11-15 13:12:27]	特别 a->d
[2018-11-15 13:12:27]	希罕 a->v
[2018-11-15 13:12:27]	疼痛 a->an
[2018-11-15 13:12:27]	挑剔 a->v
[2018-11-15 13:12:27]	提成 n->vi
[2018-11-15 13:12:27]	提议 n->v
[2018-11-15 13:12:27]	田野 n->nr
[2018-11-15 13:12:27]	唐 b->tg
[2018-11-15 13:12:27]	甘甜 a->an
[2018-11-15 13:12:27]	担 ng->v
[2018-11-15 13:12:27]	调控 v->vn
[2018-11-15 13:12:27]	跳 q->vi
[2018-11-15 13:12:27]	跳水 vi->vn
[2018-11-15 13:12:27]	跳远 vi->vn
[2018-11-15 13:12:27]	听 q->v
[2018-11-15 13:12:27]	通信 vi->vn
[2018-11-15 13:12:27]	同时 c->n
[2018-11-15 13:12:27]	同期 d->f
[2018-11-15 13:12:27]	统一 a->v
[2018-11-15 13:12:27]	痛苦 a->an
[2018-11-15 13:12:27]	头 k->n
[2018-11-15 13:12:27]	投资 n->v
[2018-11-15 13:12:27]	投入 a->v
[2018-11-15 13:12:27]	突出 a->v
[2018-11-15 13:12:27]	团结 a->v
[2018-11-15 13:12:27]	托 ng->v
[2018-11-15 13:12:27]	歪 a->v
[2018-11-15 13:12:27]	倾斜 vd->vi
[2018-11-15 13:12:27]	斜 a->v
[2018-11-15 13:12:27]	弯 a->v
[2018-11-15 13:12:27]	完善 a->v
[2018-11-15 13:12:27]	玩 ng->v
[2018-11-15 13:12:27]	夜晚 n->t
[2018-11-15 13:12:27]	夜间 f->t
[2018-11-15 13:12:27]	万 d->m
[2018-11-15 13:12:27]	万一 c->d
[2018-11-15 13:12:27]	联网 vd->vi
[2018-11-15 13:12:27]	望 ng->v
[2018-11-15 13:12:27]	无益 a->vi
[2018-11-15 13:12:27]	危险 a->an
[2018-11-15 13:12:27]	威风 a->an
[2018-11-15 13:12:27]	霸气 an->n
[2018-11-15 13:12:27]	微 a->nz
[2018-11-15 13:12:27]	违法 vd->vi
[2018-11-15 13:12:27]	相反 d->vi
[2018-11-15 13:12:27]	浩瀚 a->z
[2018-11-15 13:12:27]	卫生 a->an
[2018-11-15 13:12:27]	位 ng->q
[2018-11-15 13:12:27]	喂 e->v
[2018-11-15 13:12:27]	问候 v->vn
[2018-11-15 13:12:27]	温和 a->nr
[2018-11-15 13:12:27]	刻薄 a->an
[2018-11-15 13:12:27]	文明 a->n
[2018-11-15 13:12:27]	闻 ng->v
[2018-11-15 13:12:27]	问 ng->v
[2018-11-15 13:12:27]	咨询 v->vn
[2018-11-15 13:12:27]	无轨电车 nl->gjtgj
[2018-11-15 13:12:27]	无限 a->vi
[2018-11-15 13:12:27]	无穷 d->z
[2018-11-15 13:12:27]	时价 n->nl
[2018-11-15 13:12:27]	东西 f->n
[2018-11-15 13:12:27]	误工 vi->vn
[2018-11-15 13:12:27]	西 b->f
[2018-11-15 13:12:27]	希望 n->v
[2018-11-15 13:12:27]	就义 vi->v
[2018-11-15 13:12:27]	舍身 d->v
[2018-11-15 13:12:27]	习 ng->vg
[2018-11-15 13:12:27]	系统 a->n
[2018-11-15 13:12:27]	地 n->nz
[2018-11-15 13:12:27]	先后 d->ad
[2018-11-15 13:12:27]	娇艳 a->an
[2018-11-15 13:12:27]	现代 n->t
[2018-11-15 13:12:27]	现实 a->n
[2018-11-15 13:12:27]	相当 d->vi
[2018-11-15 13:12:27]	等同 vd->vi
[2018-11-15 13:12:27]	同样 b->d
[2018-11-15 13:12:27]	香 a->n
[2018-11-15 13:12:27]	想像 v->vd
[2018-11-15 13:12:27]	向 dg->p
[2018-11-15 13:12:27]	朝 b->p
[2018-11-15 13:12:27]	象 n->ng
[2018-11-15 13:12:27]	像 d->v
[2018-11-15 13:12:27]	仿佛 d->v
[2018-11-15 13:12:27]	似 d->vg
[2018-11-15 13:12:27]	飘逸 a->v
[2018-11-15 13:12:27]	童 b->ng
[2018-11-15 13:12:27]	小寒 t->nz
[2018-11-15 13:12:27]	小满 t->nz
[2018-11-15 13:12:27]	小雪 n->nr
[2018-11-15 13:12:27]	艰辛 a->an
[2018-11-15 13:12:27]	辛酸 a->an
[2018-11-15 13:12:27]	新词 n->nl
[2018-11-15 13:12:27]	信 ag->n
[2018-11-15 13:12:27]	信用 a->n
[2018-11-15 13:12:27]	兴奋 a->v
[2018-11-15 13:12:27]	成 a->v
[2018-11-15 13:12:27]	形象 a->n
[2018-11-15 13:12:27]	醒 ng->v
[2018-11-15 13:12:27]	幸福 a->happ
[2018-11-15 13:12:27]	性 k->ng
[2018-11-15 13:12:27]	姓 n->v
[2018-11-15 13:12:27]	名 ag->q
[2018-11-15 13:12:27]	邪恶 a->an
[2018-11-15 13:12:27]	胸 n->ng
[2018-11-15 13:12:27]	公 ad->ng
[2018-11-15 13:12:27]	休假 n->vi
[2018-11-15 13:12:27]	虚伪 a->an
[2018-11-15 13:12:27]	徐 ag->nr1
[2018-11-15 13:12:27]	许 dg->m
[2018-11-15 13:12:27]	学龄 b->n
[2018-11-15 13:12:27]	压抑 a->v
[2018-11-15 13:12:27]	鸭 n->ng
[2018-11-15 13:12:27]	延长 ns->v
[2018-11-15 13:12:27]	延期 vd->vi
[2018-11-15 13:12:27]	缓期 vd->vi
[2018-11-15 13:12:27]	严正 a->nr
[2018-11-15 13:12:27]	高温 an->n
[2018-11-15 13:12:27]	火热 a->z
[2018-11-15 13:12:27]	研究 n->v
[2018-11-15 13:12:27]	演习 v->vn
[2018-11-15 13:12:27]	杨 ng->nr1
[2018-11-15 13:12:27]	阳性 b->n
[2018-11-15 13:12:27]	仰泳 vi->vn
[2018-11-15 13:12:27]	也 b->d
[2018-11-15 13:12:27]	进行 vn->vx
[2018-11-15 13:12:27]	布 b->n
[2018-11-15 13:12:27]	穿戴 n->v
[2018-11-15 13:12:27]	依靠 n->v
[2018-11-15 13:12:27]	移动 v->vn
[2018-11-15 13:12:27]	遗传 n->vn
[2018-11-15 13:12:27]	遗憾 a->sorr
[2018-11-15 13:12:27]	遗存 vi->vn
[2018-11-15 13:12:27]	往时 t->tg
[2018-11-15 13:12:27]	义务 d->n
[2018-11-15 13:12:27]	艺术 a->n
[2018-11-15 13:12:27]	意旨 n->nl
[2018-11-15 13:12:27]	因为 c->p
[2018-11-15 13:12:27]	由于 c->p
[2018-11-15 13:12:27]	银 b->ng
[2018-11-15 13:12:27]	引 ng->v
[2018-11-15 13:12:27]	隐蔽 a->v
[2018-11-15 13:12:27]	隐秘 a->n
[2018-11-15 13:12:27]	印染 v->vn
[2018-11-15 13:12:27]	印 b->v
[2018-11-15 13:12:27]	图章 n->nz
[2018-11-15 13:12:27]	应当 d->v
[2018-11-15 13:12:27]	俊杰 n->nr
[2018-11-15 13:12:27]	影响 n->v
[2018-11-15 13:12:27]	拥挤 a->vi
[2018-11-15 13:12:27]	勇于 d->v
[2018-11-15 13:12:27]	骁勇 a->an
[2018-11-15 13:12:27]	用 ng->p
[2018-11-15 13:12:27]	以 b->p
[2018-11-15 13:12:27]	优胜 a->vi
[2018-11-15 13:12:27]	优先 ad->v
[2018-11-15 13:12:27]	悠远 an->z
[2018-11-15 13:12:27]	油条 n->gms
[2018-11-15 13:12:27]	友善 a->nr
[2018-11-15 13:12:27]	又 c->d
[2018-11-15 13:12:27]	右 a->f
[2018-11-15 13:12:27]	于 ng->p
[2018-11-15 13:12:27]	初赛 n->vi
[2018-11-15 13:12:27]	预言 n->v
[2018-11-15 13:12:27]	冤枉 a->v
[2018-11-15 13:12:27]	原来 b->d
[2018-11-15 13:12:27]	原本 d->n
[2018-11-15 13:12:27]	原则 d->n
[2018-11-15 13:12:27]	圆 a->vg
[2018-11-15 13:12:27]	约会 n->vi
[2018-11-15 13:12:27]	局限 n->vi
[2018-11-15 13:12:27]	云 b->n
[2018-11-15 13:12:27]	正好 z->tg
[2018-11-15 13:12:27]	在 d->p
[2018-11-15 13:12:27]	当 ng->p
[2018-11-15 13:12:27]	暂时 b->d
[2018-11-15 13:12:27]	眼前 s->t
[2018-11-15 13:12:27]	负债 n->vi
[2018-11-15 13:12:27]	站 n->vi
[2018-11-15 13:12:27]	把握 n->v
[2018-11-15 13:12:27]	左右 f->m
[2018-11-15 13:12:27]	折价 vd->vi
[2018-11-15 13:12:27]	真 a->d
[2018-11-15 13:12:27]	实际 a->n
[2018-11-15 13:12:27]	真心 ad->n
[2018-11-15 13:12:27]	衷心 b->d
[2018-11-15 13:12:27]	振动 vi->vn
[2018-11-15 13:12:27]	颠簸 vd->vi
[2018-11-15 13:12:27]	振荡 vi->vn
[2018-11-15 13:12:27]	争议 n->vn
[2018-11-15 13:12:27]	整体 m->n
[2018-11-15 13:12:27]	正 a->d
[2018-11-15 13:12:27]	正面 a->n
[2018-11-15 13:12:27]	正理 n->nl
[2018-11-15 13:12:27]	证明 n->v
[2018-11-15 13:12:27]	对证 vn->n
[2018-11-15 13:12:27]	对照 p->v
[2018-11-15 13:12:27]	说明 n->v
[2018-11-15 13:12:27]	消费 n->vn
[2018-11-15 13:12:27]	明白 a->v
[2018-11-15 13:12:27]	了然 a->v
[2018-11-15 13:12:27]	知 ag->v
[2018-11-15 13:12:27]	直 a->d
[2018-11-15 13:12:27]	直线 d->n
[2018-11-15 13:12:27]	张 ng->q
[2018-11-15 13:12:27]	指挥 n->v
[2018-11-15 13:12:27]	指导 n->v
[2018-11-15 13:12:27]	中档 b->nl
[2018-11-15 13:12:27]	中国 ns->nz
[2018-11-15 13:12:27]	华夏 n->nz
[2018-11-15 13:12:27]	中央 f->n
[2018-11-15 13:12:27]	忠诚 a->v
[2018-11-15 13:12:27]	种 ng->v
[2018-11-15 13:12:27]	重 a->v
[2018-11-15 13:12:27]	关键 a->n
[2018-11-15 13:12:27]	重视 a->v
[2018-11-15 13:12:27]	周 ag->nr1
[2018-11-15 13:12:27]	昼夜 d->n
[2018-11-15 13:12:27]	皱 n->v
[2018-11-15 13:12:27]	朱 ag->nr1
[2018-11-15 13:12:27]	竹 n->ng
[2018-11-15 13:12:27]	主观 a->n
[2018-11-15 13:12:27]	主演 n->v
[2018-11-15 13:12:27]	助理 b->n
[2018-11-15 13:12:27]	大名鼎鼎 al->vl
[2018-11-15 13:12:27]	专门 b->d
[2018-11-15 13:12:27]	专注 a->vi
[2018-11-15 13:12:27]	埋头 vd->vi
[2018-11-15 13:12:27]	专业 a->n
[2018-11-15 13:12:27]	拐弯 n->vi
[2018-11-15 13:12:27]	华美 a->nz
[2018-11-15 13:12:27]	台 b->n
[2018-11-15 13:12:27]	我方 r->n
[2018-11-15 13:12:27]	自强 vd->vi
[2018-11-15 13:12:27]	自主 vd->vi
[2018-11-15 13:12:27]	自然 a->n
[2018-11-15 13:12:27]	自信 a->v
[2018-11-15 13:12:27]	自修 v->vl
[2018-11-15 13:12:27]	综合 a->vn
[2018-11-15 13:12:27]	总结 n->v
[2018-11-15 13:12:27]	纵横 n->v
[2018-11-15 13:12:27]	走私 b->v
[2018-11-15 13:12:27]	构成 n->v
[2018-11-15 13:12:27]	太 a->d
[2018-11-15 13:12:27]	到底 d->vi
[2018-11-15 13:12:27]	孝顺 a->v
[2018-11-15 13:12:27]	遵照 p->v
[2018-11-15 13:12:27]	作 ng->v
[2018-11-15 13:12:27]	零 a->m
[2018-11-15 13:12:27]	一 d->m
[2018-11-15 13:12:27]	九 b->m
[2018-11-15 13:12:27]	低价 ad->n
[2018-11-15 13:12:27]	火车站 n->gjtgj
[2018-11-15 13:12:27]	小时候 n->t
[2018-11-15 13:12:27]	综合性 b->n
[2018-11-15 13:12:27]	高价 d->n
[2018-11-15 13:12:27]	中考 n->v
[2018-11-15 13:12:27]	无效 a->vi
[2018-11-15 13:12:27]	爱人 n->nz
[2018-11-15 13:12:27]	把手 n->nz
[2018-11-15 13:12:27]	人为 b->d
[2018-11-15 13:12:27]	靠山 n->nz
[2018-11-15 13:12:27]	他人 rr->r
[2018-11-15 13:12:27]	不结盟 vi->vn
[2018-11-15 13:12:27]	不是 c->n
[2018-11-15 13:12:27]	不行 a->v
[2018-11-15 13:12:27]	不能 v->vi
[2018-11-15 13:12:27]	不会 v->vi
[2018-11-15 13:12:27]	车号 n->nz
[2018-11-15 13:12:27]	同党 n->nz
[2018-11-15 13:12:27]	上流 b->n
[2018-11-15 13:12:27]	出血 vi->v
[2018-11-15 13:12:27]	打的 v->vi
[2018-11-15 13:12:27]	除法 n->nz
[2018-11-15 13:12:27]	从中 d->n
[2018-11-15 13:12:27]	从宽 d->v
[2018-11-15 13:12:27]	从重 d->v
[2018-11-15 13:12:27]	搭建 v->vd
[2018-11-15 13:12:27]	各人 rr->r
[2018-11-15 13:12:27]	中选 vi->v
[2018-11-15 13:12:27]	各处 rzs->r
[2018-11-15 13:12:27]	四处 d->vi
[2018-11-15 13:12:27]	大路 n->nz
[2018-11-15 13:12:27]	拨打 v->vd
[2018-11-15 13:12:27]	大跌 v->vn
[2018-11-15 13:12:27]	会话 v->vn
[2018-11-15 13:12:27]	对应 vi->v
[2018-11-15 13:12:27]	有余 m->v
[2018-11-15 13:12:27]	要领 n->nz
[2018-11-15 13:12:27]	下学 v->vd
[2018-11-15 13:12:27]	分号 n->nz
[2018-11-15 13:12:27]	不合 v->n
[2018-11-15 13:12:27]	高等 b->a
[2018-11-15 13:12:27]	老大 a->n
[2018-11-15 13:12:27]	还给 v->vd
[2018-11-15 13:12:27]	对等 vi->vn
[2018-11-15 13:12:27]	有心 v->vd
[2018-11-15 13:12:27]	说法 n->nz
[2018-11-15 13:12:27]	真的 a->d
[2018-11-15 13:12:27]	大喊 v->vd
[2018-11-15 13:12:27]	后天 n->t
[2018-11-15 13:12:27]	回家 vi->v
[2018-11-15 13:12:27]	总会 d->n
[2018-11-15 13:12:27]	好多 m->a
[2018-11-15 13:12:27]	才能 n->v
[2018-11-15 13:12:27]	大奖 n->nz
[2018-11-15 13:12:27]	自大 a->an
[2018-11-15 13:12:27]	无礼 a->ad
[2018-11-15 13:12:27]	自得 an->a
[2018-11-15 13:12:27]	开关 n->v
[2018-11-15 13:12:27]	看不起 v->vn
[2018-11-15 13:12:27]	看得起 v->vn
[2018-11-15 13:12:27]	完了 vi->n
[2018-11-15 13:12:27]	理事 n->nz
[2018-11-15 13:12:27]	一口气 d->n
[2018-11-15 13:12:27]	本心 n->nl
[2018-11-15 13:12:27]	论说 vn->vl
[2018-11-15 13:12:27]	中意 a->n
[2018-11-15 13:12:27]	没用 a->v
[2018-11-15 13:12:27]	天天 d->q
[2018-11-15 13:12:27]	秒钟 n->q
[2018-11-15 13:12:27]	他俩 r->n
[2018-11-15 13:12:27]	年间 f->n
[2018-11-15 13:12:27]	江米 n->nz
[2018-11-15 13:12:27]	省钱 a->v
[2018-11-15 13:12:27]	早起 vi->v
[2018-11-15 13:12:27]	开车 vi->v
[2018-11-15 13:12:27]	千米 q->qv
[2018-11-15 13:12:27]	签定 v->vn
[2018-11-15 13:12:27]	好天 n->nz
[2018-11-15 13:12:27]	日食 n->nz
[2018-11-15 13:12:27]	火烧 n->v
[2018-11-15 13:12:27]	就是 c->n
[2018-11-15 13:12:27]	是不是 v->vd
[2018-11-15 13:12:27]	手指 n->nz
[2018-11-15 13:12:27]	国都 d->n
[2018-11-15 13:12:27]	得手 a->v
[2018-11-15 13:12:27]	大小 n->nz
[2018-11-15 13:12:27]	了得 a->ad
[2018-11-15 13:12:27]	脱钩 vi->v
[2018-11-15 13:12:27]	问号 n->nz
[2018-11-15 13:12:27]	西藏自治区 ns->nz
[2018-11-15 13:12:27]	小便 v->vi
[2018-11-15 13:12:27]	好在 d->v
[2018-11-15 13:12:27]	双眼 n->nz
[2018-11-15 13:12:27]	一角 n->v
[2018-11-15 13:12:27]	一元 b->nz
[2018-11-15 13:12:27]	引号 n->nz
[2018-11-15 13:12:27]	有用 a->n
[2018-11-15 13:12:27]	像片 n->nz
[2018-11-15 13:12:27]	争抢 v->vd
[2018-11-15 13:12:27]	小我 n->nz
[2018-11-15 13:12:27]	文字 n->nz
[2018-11-15 13:12:27]	不好 a->n
[2018-11-15 13:12:27]	下雨 vi->v
[2018-11-15 13:12:27]	多功能 b->n
[2018-11-15 13:12:27]	从未 d->n
[2018-11-15 13:12:27]	南北 f->n
[2018-11-15 13:12:27]	从不 d->n
[2018-11-15 13:12:27]	干什么 r->v
[2018-11-15 13:12:27]	不准 v->n
[2018-11-15 13:12:27]	开门 vd->n
[2018-11-15 13:12:27]	睡着 v->vd
[2018-11-15 13:12:27]	呼吸 v->vi
[2018-11-15 13:12:27]	长达 v->vl
[2018-11-15 13:12:27]	首次 m->n
[2018-11-15 13:12:27]	日间 t->nl
[2018-11-15 13:12:27]	辩护人 n->nz
[2018-11-15 13:12:27]	正在 d->n
[2018-11-15 13:12:27]	下流 a->s
[2018-11-15 13:12:27]	怎么办 ryv->n
[2018-11-15 13:12:27]	你好 vl->n
[2018-11-15 13:12:27]	正数 v->n
[2018-11-15 13:12:27]	三角 n->ns
[2018-11-15 13:12:27]	分区 n->v
[2018-11-15 13:12:27]	回车 vi->v
[2018-11-15 13:12:27]	选项 n->v
[2018-11-15 13:12:27]	打字 vi->vn
[2018-11-15 13:12:27]	百度 nz->mq
[2018-11-15 13:12:27]	同呼吸 vl->nl
[2018-11-15 13:15:14]	爱 b->v
[2018-11-15 13:15:14]	安 ag->v
[2018-11-15 13:15:14]	安定 a->an
[2018-11-15 13:15:14]	本分 a->n
[2018-11-15 13:15:14]	宁静 a->an
[2018-11-15 13:15:14]	安宁 a->an
[2018-11-15 13:15:14]	安谧 a->an
[2018-11-15 13:15:14]	和缓 a->ad
[2018-11-15 13:15:14]	太平 a->ns
[2018-11-15 13:15:14]	安全 a->an
[2018-11-15 13:15:14]	安慰 a->v
[2018-11-15 13:15:14]	按时 d->ad
[2018-11-15 13:15:14]	昂首 vd->vi
[2018-11-15 13:15:14]	昂扬 a->v
[2018-11-15 13:15:14]	后悔 a->v
[2018-11-15 13:15:14]	八宝粥 n->gms
[2018-11-15 13:15:14]	把 m->v
[2018-11-15 13:15:14]	百合 n->nr
[2018-11-15 13:15:14]	绊 ng->v
[2018-11-15 13:15:14]	棒 a->ng
[2018-11-15 13:15:14]	包 n->v
[2018-11-15 13:15:14]	折 ng->vi
[2018-11-15 13:15:14]	叠 q->v
[2018-11-15 13:15:14]	包子 n->gms
[2018-11-15 13:15:14]	保安 b->n
[2018-11-15 13:15:14]	保障 n->v
[2018-11-15 13:15:14]	保健 b->n
[2018-11-15 13:15:14]	封闭 a->v
[2018-11-15 13:15:14]	保险 a->n
[2018-11-15 13:15:14]	保证 n->v
[2018-11-15 13:15:14]	不好意思 a->vl
[2018-11-15 13:15:14]	背 a->v
[2018-11-15 13:15:14]	被 d->pbei
[2018-11-15 13:15:14]	必然 b->n
[2018-11-15 13:15:14]	一定 b->d
[2018-11-15 13:15:14]	边 b->n
[2018-11-15 13:15:14]	边缘 b->n
[2018-11-15 13:15:14]	边防 b->n
[2018-11-15 13:15:14]	边陲 n->s
[2018-11-15 13:15:14]	变化 v->vn
[2018-11-15 13:15:14]	标准 a->n
[2018-11-15 13:15:14]	规范 a->v
[2018-11-15 13:15:14]	飞跃 vi->vn
[2018-11-15 13:15:14]	口头 d->n
[2018-11-15 13:15:14]	表现 n->v
[2018-11-15 13:15:14]	别名 n->nz
[2018-11-15 13:15:14]	做作 a->v
[2018-11-15 13:15:14]	拨 q->v
[2018-11-15 13:15:14]	奔腾 nz->vi
[2018-11-15 13:15:14]	盘剥 v->vn
[2018-11-15 13:15:14]	补偿 v->vn
[2018-11-15 13:15:14]	甭 d->v
[2018-11-15 13:15:14]	不安 a->an
[2018-11-15 13:15:14]	焦虑 a->an
[2018-11-15 13:15:14]	恐慌 a->an
[2018-11-15 13:15:14]	不满 a->an
[2018-11-15 13:15:14]	例外 n->vi
[2018-11-15 13:15:14]	不幸 a->n
[2018-11-15 13:15:14]	部分 m->n
[2018-11-15 13:15:14]	华 ag->b
[2018-11-15 13:15:14]	愧疚 a->an
[2018-11-15 13:15:14]	辉煌 a->an
[2018-11-15 13:15:14]	绚烂 a->an
[2018-11-15 13:15:14]	仓储 n->vn
[2018-11-15 13:15:14]	费心 a->v
[2018-11-15 13:15:14]	迥异 a->z
[2018-11-15 13:15:14]	叶 n->ng
[2018-11-15 13:15:14]	拆解 v->vn
[2018-11-15 13:15:14]	知了 n->nz
[2018-11-15 13:15:14]	长春 ns->nz
[2018-11-15 13:15:14]	经常 b->d
[2018-11-15 13:15:14]	超 h->v
[2018-11-15 13:15:14]	超产 v->vn
[2018-11-15 13:15:14]	超支 n->v
[2018-11-15 13:15:14]	车次 n->nz
[2018-11-15 13:15:14]	沉淀 n->vi
[2018-11-15 13:15:14]	尽职 vd->vi
[2018-11-15 13:15:14]	诚心 a->n
[2018-11-15 13:15:14]	党羽 n->nz
[2018-11-15 13:15:14]	冲突 vi->vn
[2018-11-15 13:15:14]	倾心 ad->vi
[2018-11-15 13:15:14]	喜好 an->v
[2018-11-15 13:15:14]	空洞 a->n
[2018-11-15 13:15:14]	抽样 vd->vi
[2018-11-15 13:15:14]	臭豆腐 n->gms
[2018-11-15 13:15:14]	出口 n->vi
[2018-11-15 13:15:14]	肇事 vi->vn
[2018-11-15 13:15:14]	出租 n->v
[2018-11-15 13:15:14]	先期 b->d
[2018-11-15 13:15:14]	除外 vi->v
[2018-11-15 13:15:14]	装 n->v
[2018-11-15 13:15:14]	传统 a->n
[2018-11-15 13:15:14]	船 n->gjtgj
[2018-11-15 13:15:14]	轮船 n->gjtgj
[2018-11-15 13:15:14]	船舶 n->gjtgj
[2018-11-15 13:15:14]	春分 t->n
[2018-11-15 13:15:14]	刺 n->v
[2018-11-15 13:15:14]	睿智 a->an
[2018-11-15 13:15:14]	智慧 a->n
[2018-11-15 13:15:14]	从 d->p
[2018-11-15 13:15:14]	自 d->p
[2018-11-15 13:15:14]	粗心 a->an
[2018-11-15 13:15:14]	大意 a->n
[2018-11-15 13:15:14]	酸 a->n
[2018-11-15 13:15:14]	摩擦 v->vn
[2018-11-15 13:15:14]	坎坷 a->an
[2018-11-15 13:15:14]	错误 a->n
[2018-11-15 13:15:14]	达标 vd->vi
[2018-11-15 13:15:14]	答复 n->v
[2018-11-15 13:15:14]	打 p->v
[2018-11-15 13:15:14]	狩猎 n->vi
[2018-11-15 13:15:14]	打算 n->v
[2018-11-15 13:15:14]	大寒 t->nz
[2018-11-15 13:15:14]	大家 n->rr
[2018-11-15 13:15:14]	大料 n->nz
[2018-11-15 13:15:14]	大致 b->d
[2018-11-15 13:15:14]	呆 a->v
[2018-11-15 13:15:14]	代办 n->v
[2018-11-15 13:15:14]	代理 n->v
[2018-11-15 13:15:14]	带 n->v
[2018-11-15 13:15:14]	带子 n->v
[2018-11-15 13:15:14]	条 ng->q
[2018-11-15 13:15:14]	戴 nr1->v
[2018-11-15 13:15:14]	单 b->d
[2018-11-15 13:15:14]	单独 b->d
[2018-11-15 13:15:14]	当面 d->n
[2018-11-15 13:15:14]	那天 r->t
[2018-11-15 13:15:14]	挡 n->v
[2018-11-15 13:15:14]	的 n->ude1
[2018-11-15 13:15:14]	得 ude3->v
[2018-11-15 13:15:14]	到 p->v
[2018-11-15 13:15:14]	倒 d->vi
[2018-11-15 13:15:14]	偷 d->v
[2018-11-15 13:15:14]	道德 a->n
[2018-11-15 13:15:14]	道教 n->nz
[2018-11-15 13:15:14]	上岸 vi->v
[2018-11-15 13:15:14]	等 n->v
[2018-11-15 13:15:14]	地铁 n->gjtgj
[2018-11-15 13:15:14]	光 a->n
[2018-11-15 13:15:14]	光辉 a->n
[2018-11-15 13:15:14]	顶 f->v
[2018-11-15 13:15:14]	定额 d->n
[2018-11-15 13:15:14]	定期 b->d
[2018-11-15 13:15:14]	东 b->f
[2018-11-15 13:15:14]	东乡族 ns->nz
[2018-11-15 13:15:14]	全部 m->ad
[2018-11-15 13:15:14]	斗争 vi->vn
[2018-11-15 13:15:14]	独立 a->v
[2018-11-15 13:15:14]	自力 n->nr
[2018-11-15 13:15:14]	渡 ng->v
[2018-11-15 13:15:14]	端 ng->v
[2018-11-15 13:15:14]	端正 a->v
[2018-11-15 13:15:14]	断 d->v
[2018-11-15 13:15:14]	对仗 n->nz
[2018-11-15 13:15:14]	多 a->m
[2018-11-15 13:15:14]	饿 a->v
[2018-11-15 13:15:14]	发 ng->v
[2018-11-15 13:15:14]	带头 vd->vi
[2018-11-15 13:15:14]	发糕 n->gms
[2018-11-15 13:15:14]	施展 nr->v
[2018-11-15 13:15:14]	发烧 b->vi
[2018-11-15 13:15:14]	无力 a->vi
[2018-11-15 13:15:14]	法 b->n
[2018-11-15 13:15:14]	庭审 n->v
[2018-11-15 13:15:14]	帆船 n->gjtgj
[2018-11-15 13:15:14]	繁荣 a->an
[2018-11-15 13:15:14]	重复 a->v
[2018-11-15 13:15:14]	来回 d->vi
[2018-11-15 13:15:14]	反面 b->n
[2018-11-15 13:15:14]	反应 n->vi
[2018-11-15 13:15:14]	犯罪 vi->vn
[2018-11-15 13:15:14]	范 ng->nr1
[2018-11-15 13:15:14]	方 a->d
[2018-11-15 13:15:14]	方便面 n->gms
[2018-11-15 13:15:14]	防汛 vi->vn
[2018-11-15 13:15:14]	飞机 n->gjtgj
[2018-11-15 13:15:14]	肥 a->n
[2018-11-15 13:15:14]	分布 vd->vi
[2018-11-15 13:15:14]	分离 vd->vi
[2018-11-15 13:15:14]	分米 q->qt
[2018-11-15 13:15:14]	生气 a->n
[2018-11-15 13:15:14]	风光 a->n
[2018-11-15 13:15:14]	封 ng->v
[2018-11-15 13:15:14]	冯 m->nr1
[2018-11-15 13:15:14]	抚恤 vi->vn
[2018-11-15 13:15:14]	远望 nz->v
[2018-11-15 13:15:14]	腐败 a->an
[2018-11-15 13:15:14]	负责 a->v
[2018-11-15 13:15:14]	中兴 ns->nz
[2018-11-15 13:15:14]	副词 n->nz
[2018-11-15 13:15:14]	付 q->v
[2018-11-15 13:15:14]	次要 b->bl
[2018-11-15 13:15:14]	富 a->vg
[2018-11-15 13:15:14]	富有 a->v
[2018-11-15 13:15:14]	富余 a->vn
[2018-11-15 13:15:14]	盖 d->v
[2018-11-15 13:15:14]	扣 ng->v
[2018-11-15 13:15:14]	干 a->v
[2018-11-15 13:15:14]	甘 ad->ag
[2018-11-15 13:15:14]	感动 a->v
[2018-11-15 13:15:14]	感冒 n->vi
[2018-11-15 13:15:14]	不久 d->m
[2018-11-15 13:15:14]	方才 d->nr
[2018-11-15 13:15:14]	高贵 a->nr
[2018-11-15 13:15:14]	年老 a->vi
[2018-11-15 13:15:14]	革命 a->vn
[2018-11-15 13:15:14]	解 ng->v
[2018-11-15 13:15:14]	根据 n->p
[2018-11-15 13:15:14]	据 ng->p
[2018-11-15 13:15:14]	跟随 p->v
[2018-11-15 13:15:14]	随着 d->p
[2018-11-15 13:15:14]	更年期 n->t
[2018-11-15 13:15:14]	工作 n->vn
[2018-11-15 13:15:14]	公开 a->v
[2018-11-15 13:15:14]	巩固 a->v
[2018-11-15 13:15:14]	共产党 n->nz
[2018-11-15 13:15:14]	奉献 n->v
[2018-11-15 13:15:14]	够 a->v
[2018-11-15 13:15:14]	孤立 a->v
[2018-11-15 13:15:14]	孤僻 a->an
[2018-11-15 13:15:14]	鼓 a->v
[2018-11-15 13:15:14]	彭 m->nr1
[2018-11-15 13:15:14]	鼓舞 a->v
[2018-11-15 13:15:14]	固定 a->v
[2018-11-15 13:15:14]	稳定 a->an
[2018-11-15 13:15:14]	传奇 a->n
[2018-11-15 13:15:14]	故意 b->d
[2018-11-15 13:15:14]	有意 d->vi
[2018-11-15 13:15:14]	成心 d->v
[2018-11-15 13:15:14]	顾 ng->v
[2018-11-15 13:15:14]	挂 q->v
[2018-11-15 13:15:14]	关切 a->v
[2018-11-15 13:15:14]	论断 n->vn
[2018-11-15 13:15:14]	臣 n->ng
[2018-11-15 13:15:14]	管理 v->vn
[2018-11-15 13:15:14]	管制 v->vn
[2018-11-15 13:15:14]	光明 a->n
[2018-11-15 13:15:14]	亮 a->vi
[2018-11-15 13:15:14]	归结 n->vi
[2018-11-15 13:15:14]	鬼 a->n
[2018-11-15 13:15:14]	邪 a->ag
[2018-11-15 13:15:14]	滚 ng->vi
[2018-11-15 13:15:14]	国庆 n->t
[2018-11-15 13:15:14]	干脆 a->d
[2018-11-15 13:15:14]	断然 b->d
[2018-11-15 13:15:14]	果然 c->d
[2018-11-15 13:15:14]	果真 c->d
[2018-11-15 13:15:14]	过期 vd->vi
[2018-11-15 13:15:14]	海口 n->ns
[2018-11-15 13:15:14]	琼 b->nr1
[2018-11-15 13:15:14]	叫 n->vi
[2018-11-15 13:15:14]	汉堡包 n->gms
[2018-11-15 13:15:14]	数码 b->n
[2018-11-15 13:15:14]	合资 b->vi
[2018-11-15 13:15:14]	集资 vd->vi
[2018-11-15 13:15:14]	合伙 vd->vi
[2018-11-15 13:15:14]	合股 vd->vi
[2018-11-15 13:15:14]	和 ag->cc
[2018-11-15 13:15:14]	集合 n->v
[2018-11-15 13:15:14]	与 cc->p
[2018-11-15 13:15:14]	同 cc->p
[2018-11-15 13:15:14]	并 cc->d
[2018-11-15 13:15:14]	狠 a->d
[2018-11-15 13:15:14]	狠心 a->an
[2018-11-15 13:15:14]	横 a->v
[2018-11-15 13:15:14]	哄 o->v
[2018-11-15 13:15:14]	后期 f->t
[2018-11-15 13:15:14]	胡 d->nr1
[2018-11-15 13:15:14]	湖 b->n
[2018-11-15 13:15:14]	迷惑 a->v
[2018-11-15 13:15:14]	依稀 a->d
[2018-11-15 13:15:14]	互相 b->d
[2018-11-15 13:15:14]	花 a->n
[2018-11-15 13:15:14]	花卷 n->gms
[2018-11-15 13:15:14]	滑冰 n->vn
[2018-11-15 13:15:14]	滑雪 vi->vn
[2018-11-15 13:15:14]	化验 n->v
[2018-11-15 13:15:14]	打扮 n->v
[2018-11-15 13:15:14]	还账 v->vi
[2018-11-15 13:15:14]	涣散 a->v
[2018-11-15 13:15:14]	怪诞 a->an
[2018-11-15 13:15:14]	黄色 b->n
[2018-11-15 13:15:14]	回头 d->vi
[2018-11-15 13:15:14]	会 n->v
[2018-11-15 13:15:14]	馄饨 n->gms
[2018-11-15 13:15:14]	活动 a->vn
[2018-11-15 13:15:14]	该死 vi->v
[2018-11-15 13:15:14]	活 a->n
[2018-11-15 13:15:14]	火车 n->gjtgj
[2018-11-15 13:15:14]	机械 a->n
[2018-11-15 13:15:14]	缉私 vi->vn
[2018-11-15 13:15:14]	狂热 a->an
[2018-11-15 13:15:14]	极端 a->n
[2018-11-15 13:15:14]	集邮 vi->vn
[2018-11-15 13:15:14]	集中 a->v
[2018-11-15 13:15:14]	挤 a->v
[2018-11-15 13:15:14]	运算 vi->vn
[2018-11-15 13:15:14]	记录 n->v
[2018-11-15 13:15:14]	记载 n->v
[2018-11-15 13:15:14]	纪念 n->v
[2018-11-15 13:15:14]	长项 n->nz
[2018-11-15 13:15:14]	加班 vd->vi
[2018-11-15 13:15:14]	夹 b->v
[2018-11-15 13:15:14]	家 k->n
[2018-11-15 13:15:14]	值 a->n
[2018-11-15 13:15:14]	尖端 b->n
[2018-11-15 13:15:14]	坚定 a->v
[2018-11-15 13:15:14]	监察 v->vn
[2018-11-15 13:15:14]	调查 n->v
[2018-11-15 13:15:14]	方便 a->v
[2018-11-15 13:15:14]	便利 a->an
[2018-11-15 13:15:14]	间接 a->b
[2018-11-15 13:15:14]	建设 n->vn
[2018-11-15 13:15:14]	健全 a->v
[2018-11-15 13:15:14]	讲究 a->v
[2018-11-15 13:15:14]	降价 vd->vi
[2018-11-15 13:15:14]	坦白 a->v
[2018-11-15 13:15:14]	灌 ng->v
[2018-11-15 13:15:14]	娇气 a->n
[2018-11-15 13:15:14]	骄傲 a->an
[2018-11-15 13:15:14]	饺子 n->gms
[2018-11-15 13:15:14]	教 ng->v
[2018-11-15 13:15:14]	教育 v->vn
[2018-11-15 13:15:14]	接力 n->vn
[2018-11-15 13:15:14]	结果 c->n
[2018-11-15 13:15:14]	结业 vd->vi
[2018-11-15 13:15:14]	解放 a->v
[2018-11-15 13:15:14]	解放战争 n->nz
[2018-11-15 13:15:14]	借 p->v
[2018-11-15 13:15:14]	租 ng->v
[2018-11-15 13:15:14]	借贷 n->v
[2018-11-15 13:15:14]	借条 n->nz
[2018-11-15 13:15:14]	金 b->ng
[2018-11-15 13:15:14]	尽力 d->vi
[2018-11-15 13:15:14]	全力 d->n
[2018-11-15 13:15:14]	尽心 a->v
[2018-11-15 13:15:14]	进步 a->vn
[2018-11-15 13:15:14]	临近 a->v
[2018-11-15 13:15:14]	经过 n->p
[2018-11-15 13:15:14]	经济 a->n
[2018-11-15 13:15:14]	经营 n->v
[2018-11-15 13:15:14]	精神 a->n
[2018-11-15 13:15:14]	感慨 a->v
[2018-11-15 13:15:14]	警惕 a->v
[2018-11-15 13:15:14]	敬业 a->vi
[2018-11-15 13:15:14]	就 c->d
[2018-11-15 13:15:14]	举 ag->v
[2018-11-15 13:15:14]	举重 n->vn
[2018-11-15 13:15:14]	行 a->vi
[2018-11-15 13:15:14]	锯 n->v
[2018-11-15 13:15:14]	卷 ng->v
[2018-11-15 13:15:14]	决定 n->v
[2018-11-15 13:15:14]	决赛 vi->vn
[2018-11-15 13:15:14]	决心 d->n
[2018-11-15 13:15:14]	开创 n->v
[2018-11-15 13:15:14]	开放 a->v
[2018-11-15 13:15:14]	开阔 a->v
[2018-11-15 13:15:14]	伊始 t->vi
[2018-11-15 13:15:14]	初叶 f->t
[2018-11-15 13:15:14]	初始 b->t
[2018-11-15 13:15:14]	初步 b->d
[2018-11-15 13:15:14]	看 u->v
[2018-11-15 13:15:14]	测验 v->vn
[2018-11-15 13:15:14]	考验 v->vn
[2018-11-15 13:15:14]	烤鸭 n->gms
[2018-11-15 13:15:14]	靠 ng->v
[2018-11-15 13:15:14]	科学 a->n
[2018-11-15 13:15:14]	可怜 a->v
[2018-11-15 13:15:14]	可惜 a->v
[2018-11-15 13:15:14]	可以 a->v
[2018-11-15 13:15:14]	能 d->v
[2018-11-15 13:15:14]	克 b->vg
[2018-11-15 13:15:14]	客观 a->n
[2018-11-15 13:15:14]	买家 n->nz
[2018-11-15 13:15:14]	肯定 a->v
[2018-11-15 13:15:14]	空 a->v
[2018-11-15 13:15:14]	口 f->n
[2018-11-15 13:15:14]	苦 a->an
[2018-11-15 13:15:14]	苦涩 a->an
[2018-11-15 13:15:14]	苦闷 a->an
[2018-11-15 13:15:14]	迷茫 a->an
[2018-11-15 13:15:14]	苦恼 a->an
[2018-11-15 13:15:14]	迷惘 a->an
[2018-11-15 13:15:14]	夸张 n->vi
[2018-11-15 13:15:14]	跨 ng->v
[2018-11-15 13:15:14]	越 b->d
[2018-11-15 13:15:14]	匡 nr1->vg
[2018-11-15 13:15:14]	捆 ng->v
[2018-11-15 13:15:14]	困惑 a->an
[2018-11-15 13:15:14]	疑惑 an->v
[2018-11-15 13:15:14]	困难 a->an
[2018-11-15 13:15:14]	拉 b->v
[2018-11-15 13:15:14]	腊八粥 n->gms
[2018-11-15 13:15:14]	来 f->vf
[2018-11-15 13:15:14]	天车 n->nz
[2018-11-15 13:15:14]	懈怠 a->an
[2018-11-15 13:15:14]	劳动 vi->vn
[2018-11-15 13:15:14]	坚韧 a->an
[2018-11-15 13:15:14]	铭刻 n->v
[2018-11-15 13:15:14]	铭记 n->v
[2018-11-15 13:15:14]	东家 n->nz
[2018-11-15 13:15:14]	了 ule->y
[2018-11-15 13:15:14]	累 a->v
[2018-11-15 13:15:14]	疲劳 a->an
[2018-11-15 13:15:14]	困倦 a->an
[2018-11-15 13:15:14]	倦怠 a->an
[2018-11-15 13:15:14]	礼貌 a->an
[2018-11-15 13:15:14]	李 ng->nr1
[2018-11-15 13:15:14]	理想 a->n
[2018-11-15 13:15:14]	理性 b->n
[2018-11-15 13:15:14]	连 d->n
[2018-11-15 13:15:14]	盟 n->ng
[2018-11-15 13:15:14]	联系 n->v
[2018-11-15 13:15:14]	练习 n->v
[2018-11-15 13:15:14]	辽 b->tg
[2018-11-15 13:15:14]	劣 a->ag
[2018-11-15 13:15:14]	林 n->ng
[2018-11-15 13:15:14]	小气 a->ad
[2018-11-15 13:15:14]	零售 v->vn
[2018-11-15 13:15:14]	另外 c->rz
[2018-11-15 13:15:14]	小产 v->vi
[2018-11-15 13:15:14]	流行 a->v
[2018-11-15 13:15:14]	柳 n->ng
[2018-11-15 13:15:14]	漏 ng->v
[2018-11-15 13:15:14]	滴 q->v
[2018-11-15 13:15:14]	露 ng->v
[2018-11-15 13:15:14]	旅游 vi->vn
[2018-11-15 13:15:14]	动感 b->n
[2018-11-15 13:15:14]	乱 a->d
[2018-11-15 13:15:14]	轮班 vd->vn
[2018-11-15 13:15:14]	转 ng->v
[2018-11-15 13:15:14]	麻 a->n
[2018-11-15 13:15:14]	麻烦 a->an
[2018-11-15 13:15:14]	烦恼 a->an
[2018-11-15 13:15:14]	马 b->n
[2018-11-15 13:15:14]	馒头 n->gms
[2018-11-15 13:15:14]	满 a->v
[2018-11-15 13:15:14]	满足 a->v
[2018-11-15 13:15:14]	忙 a->v
[2018-11-15 13:15:14]	蒙 b->vi
[2018-11-15 13:15:14]	毛 a->nr1
[2018-11-15 13:15:14]	矛盾 a->an
[2018-11-15 13:15:14]	冒险 vd->vi
[2018-11-15 13:15:14]	贸易 v->vn
[2018-11-15 13:15:14]	没有 d->v
[2018-11-15 13:15:14]	无 d->v
[2018-11-15 13:15:14]	美 a->b
[2018-11-15 13:15:14]	住院 vd->vi
[2018-11-15 13:15:14]	耳语 n->vi
[2018-11-15 13:15:14]	秘密 a->n
[2018-11-15 13:15:14]	机密 a->n
[2018-11-15 13:15:14]	免费 vd->vi
[2018-11-15 13:15:14]	勉强 a->v
[2018-11-15 13:15:14]	民主 a->an
[2018-11-15 13:15:14]	起名 vi->v
[2018-11-15 13:15:14]	模范 a->n
[2018-11-15 13:15:14]	模拟 b->v
[2018-11-15 13:15:14]	磨 n->v
[2018-11-15 13:15:14]	生分 a->ad
[2018-11-15 13:15:14]	墨 b->n
[2018-11-15 13:15:14]	母 b->ng
[2018-11-15 13:15:14]	木 a->ng
[2018-11-15 13:15:14]	捐款 n->vi
[2018-11-15 13:15:14]	拿 p->v
[2018-11-15 13:15:14]	上税 v->vi
[2018-11-15 13:15:14]	委屈 a->v
[2018-11-15 13:15:14]	悲痛 a->an
[2018-11-15 13:15:14]	内蒙古自治区 ns->nz
[2018-11-15 13:15:14]	倪 x->n
[2018-11-15 13:15:14]	拟人 n->nz
[2018-11-15 13:15:14]	年 n->qt
[2018-11-15 13:15:14]	年岁 n->nl
[2018-11-15 13:15:14]	年事 n->nl
[2018-11-15 13:15:14]	凝眸 vd->vi
[2018-11-15 13:15:14]	牛 ag->n
[2018-11-15 13:15:14]	努力 a->an
[2018-11-15 13:15:14]	暖 a->v
[2018-11-15 13:15:14]	温暖 a->an
[2018-11-15 13:15:14]	温热 a->an
[2018-11-15 13:15:14]	和暖 a->an
[2018-11-15 13:15:14]	偶尔 b->d
[2018-11-15 13:15:14]	扑 o->v
[2018-11-15 13:15:14]	攀 b->v
[2018-11-15 13:15:14]	拍 ng->v
[2018-11-15 13:15:14]	排 n->v
[2018-11-15 13:15:14]	排队 n->vi
[2018-11-15 13:15:14]	派出所 n->gms
[2018-11-15 13:15:14]	派遣 v->gms
[2018-11-15 13:15:14]	派出 v->gms
[2018-11-15 13:15:14]	判断 n->v
[2018-11-15 13:15:14]	抛 nr1->v
[2018-11-15 13:15:14]	配套 a->v
[2018-11-15 13:15:14]	烹饪 n->vi
[2018-11-15 13:15:14]	相知 n->v
[2018-11-15 13:15:14]	捧 q->v
[2018-11-15 13:15:14]	批发 v->vn
[2018-11-15 13:15:14]	偏 a->d
[2018-11-15 13:15:14]	单方面 b->n
[2018-11-15 13:15:14]	飘 a->v
[2018-11-15 13:15:14]	撇 q->v
[2018-11-15 13:15:14]	应邀 vd->vi
[2018-11-15 13:15:14]	平 a->v
[2018-11-15 13:15:14]	通常 b->d
[2018-11-15 13:15:14]	破 a->v
[2018-11-15 13:15:14]	铺 n->v
[2018-11-15 13:15:14]	普及 a->v
[2018-11-15 13:15:14]	遍地 vd->vi
[2018-11-15 13:15:14]	限期 n->vi
[2018-11-15 13:15:14]	奇怪 a->v
[2018-11-15 13:15:14]	祷告 v->vn
[2018-11-15 13:15:14]	辗转 vd->vi
[2018-11-15 13:15:14]	蜿蜒 v->z
[2018-11-15 13:15:14]	启示 v->vn
[2018-11-15 13:15:14]	矜持 a->an
[2018-11-15 13:15:14]	署名 n->vi
[2018-11-15 13:15:14]	签名 n->vi
[2018-11-15 13:15:14]	前天 n->t
[2018-11-15 13:15:14]	壮 a->v
[2018-11-15 13:15:14]	争 ng->v
[2018-11-15 13:15:14]	乔木 n->nr
[2018-11-15 13:15:14]	切 ag->v
[2018-11-15 13:15:14]	亲近 a->v
[2018-11-15 13:15:14]	明确 a->v
[2018-11-15 13:15:14]	纯洁 a->v
[2018-11-15 13:15:14]	清明 a->t
[2018-11-15 13:15:14]	晴 an->vi
[2018-11-15 13:15:14]	让 p->v
[2018-11-15 13:15:14]	祝 ng->v
[2018-11-15 13:15:14]	贺 ng->vg
[2018-11-15 13:15:14]	秋 ng->tg
[2018-11-15 13:15:14]	求 ng->v
[2018-11-15 13:15:14]	曲 ag->n
[2018-11-15 13:15:14]	出 q->vf
[2018-11-15 13:15:14]	泉 n->ng
[2018-11-15 13:15:14]	缺 n->v
[2018-11-15 13:15:14]	欠缺 a->vi
[2018-11-15 13:15:14]	火 a->n
[2018-11-15 13:15:14]	夏 ng->tg
[2018-11-15 13:15:14]	热情 a->an
[2018-11-15 13:15:14]	热气球 n->gjtgj
[2018-11-15 13:15:14]	热心 a->v
[2018-11-15 13:15:14]	热忱 a->an
[2018-11-15 13:15:14]	热诚 a->an
[2018-11-15 13:15:14]	委任 n->v
[2018-11-15 13:15:14]	依旧 d->z
[2018-11-15 13:15:14]	照旧 d->v
[2018-11-15 13:15:14]	肉 a->n
[2018-11-15 13:15:14]	肉 a->gms
[2018-11-15 13:15:14]	撒 n->v
[2018-11-15 13:15:14]	塞 b->v
[2018-11-15 13:15:14]	堵 a->v
[2018-11-15 13:15:14]	信步 vd->vi
[2018-11-15 13:15:14]	土 a->n
[2018-11-15 13:15:14]	上 b->f
[2018-11-15 13:15:14]	设计 n->v
[2018-11-15 13:15:14]	摄像 n->vi
[2018-11-15 13:15:14]	申请 n->v
[2018-11-15 13:15:14]	全身 b->n
[2018-11-15 13:15:14]	体 k->ng
[2018-11-15 13:15:14]	身段 n->nz
[2018-11-15 13:15:14]	深入 a->v
[2018-11-15 13:15:14]	深度 ad->n
[2018-11-15 13:15:14]	神气 a->n
[2018-11-15 13:15:14]	升 q->v
[2018-11-15 13:15:14]	增值 n->vi
[2018-11-15 13:15:14]	生 a->v
[2018-11-15 13:15:14]	生产 n->v
[2018-11-15 13:15:14]	出产 n->v
[2018-11-15 13:15:14]	生活 vi->vn
[2018-11-15 13:15:14]	胜利 ad->vi
[2018-11-15 13:15:14]	失落 a->v
[2018-11-15 13:15:14]	狮 n->ng
[2018-11-15 13:15:14]	滋润 a->v
[2018-11-15 13:15:14]	温润 a->an
[2018-11-15 13:15:14]	石 b->ng
[2018-11-15 13:15:14]	时刻 d->n
[2018-11-15 13:15:14]	实践 n->v
[2018-11-15 13:15:14]	实质 a->n
[2018-11-15 13:15:14]	示范 vi->vn
[2018-11-15 13:15:14]	凡间 s->n
[2018-11-15 13:15:14]	是 ng->vshi
[2018-11-15 13:15:14]	便是 v->vd
[2018-11-15 13:15:14]	是否 d->v
[2018-11-15 13:15:14]	释迦牟尼 n->nrf
[2018-11-15 13:15:14]	收条 n->nz
[2018-11-15 13:15:14]	手 k->n
[2018-11-15 13:15:14]	手工 d->n
[2018-11-15 13:15:14]	守法 vd->vi
[2018-11-15 13:15:14]	首创 nz->v
[2018-11-15 13:15:14]	首先 c->d
[2018-11-15 13:15:14]	初 d->f
[2018-11-15 13:15:14]	最初 b->d
[2018-11-15 13:15:14]	禁不起 v->vd
[2018-11-15 13:15:14]	本 d->rz
[2018-11-15 13:15:14]	册 ng->q
[2018-11-15 13:15:14]	书册 n->nl
[2018-11-15 13:15:14]	疏松 a->vn
[2018-11-15 13:15:14]	熟悉 a->v
[2018-11-15 13:15:14]	属实 a->v
[2018-11-15 13:15:14]	鼠 n->ng
[2018-11-15 13:15:14]	竖 n->v
[2018-11-15 13:15:14]	刷 o->v
[2018-11-15 13:15:14]	帅 ng->nr1
[2018-11-15 13:15:14]	水笔 n->nz
[2018-11-15 13:15:14]	说 ng->v
[2018-11-15 13:15:14]	讲 ng->v
[2018-11-15 13:15:14]	司 n->ng
[2018-11-15 13:15:14]	松 a->v
[2018-11-15 13:15:14]	松懈 a->v
[2018-11-15 13:15:14]	宋 nr1->tg
[2018-11-15 13:15:14]	孙 n->nr1
[2018-11-15 13:15:14]	孙子 n->nr
[2018-11-15 13:15:14]	锁 n->v
[2018-11-15 13:15:14]	塔 b->n
[2018-11-15 13:15:14]	贪吃 an->v
[2018-11-15 13:15:14]	贪心 a->v
[2018-11-15 13:15:14]	弹 ng->v
[2018-11-15 13:15:14]	烫 a->v
[2018-11-15 13:15:14]	特别 a->d
[2018-11-15 13:15:14]	希罕 a->v
[2018-11-15 13:15:14]	疼痛 a->an
[2018-11-15 13:15:14]	挑剔 a->v
[2018-11-15 13:15:14]	提成 n->vi
[2018-11-15 13:15:14]	提议 n->v
[2018-11-15 13:15:14]	田野 n->nr
[2018-11-15 13:15:14]	唐 b->tg
[2018-11-15 13:15:14]	甘甜 a->an
[2018-11-15 13:15:14]	担 ng->v
[2018-11-15 13:15:14]	调控 v->vn
[2018-11-15 13:15:14]	跳 q->vi
[2018-11-15 13:15:14]	跳水 vi->vn
[2018-11-15 13:15:14]	跳远 vi->vn
[2018-11-15 13:15:14]	听 q->v
[2018-11-15 13:15:14]	通信 vi->vn
[2018-11-15 13:15:14]	同时 c->n
[2018-11-15 13:15:14]	同期 d->f
[2018-11-15 13:15:14]	统一 a->v
[2018-11-15 13:15:14]	痛苦 a->an
[2018-11-15 13:15:14]	头 k->n
[2018-11-15 13:15:14]	投资 n->v
[2018-11-15 13:15:14]	投入 a->v
[2018-11-15 13:15:14]	突出 a->v
[2018-11-15 13:15:14]	团结 a->v
[2018-11-15 13:15:14]	托 ng->v
[2018-11-15 13:15:14]	歪 a->v
[2018-11-15 13:15:14]	倾斜 vd->vi
[2018-11-15 13:15:14]	斜 a->v
[2018-11-15 13:15:14]	弯 a->v
[2018-11-15 13:15:14]	完善 a->v
[2018-11-15 13:15:14]	玩 ng->v
[2018-11-15 13:15:14]	夜晚 n->t
[2018-11-15 13:15:14]	夜间 f->t
[2018-11-15 13:15:14]	万 d->m
[2018-11-15 13:15:14]	万一 c->d
[2018-11-15 13:15:14]	联网 vd->vi
[2018-11-15 13:15:14]	望 ng->v
[2018-11-15 13:15:14]	无益 a->vi
[2018-11-15 13:15:14]	危险 a->an
[2018-11-15 13:15:14]	威风 a->an
[2018-11-15 13:15:14]	霸气 an->n
[2018-11-15 13:15:14]	微 a->nz
[2018-11-15 13:15:14]	违法 vd->vi
[2018-11-15 13:15:14]	相反 d->vi
[2018-11-15 13:15:14]	浩瀚 a->z
[2018-11-15 13:15:14]	卫生 a->an
[2018-11-15 13:15:14]	位 ng->q
[2018-11-15 13:15:14]	喂 e->v
[2018-11-15 13:15:14]	问候 v->vn
[2018-11-15 13:15:14]	温和 a->nr
[2018-11-15 13:15:14]	刻薄 a->an
[2018-11-15 13:15:14]	文明 a->n
[2018-11-15 13:15:14]	闻 ng->v
[2018-11-15 13:15:14]	问 ng->v
[2018-11-15 13:15:14]	咨询 v->vn
[2018-11-15 13:15:14]	无轨电车 nl->gjtgj
[2018-11-15 13:15:14]	无限 a->vi
[2018-11-15 13:15:14]	无穷 d->z
[2018-11-15 13:15:14]	时价 n->nl
[2018-11-15 13:15:14]	东西 f->n
[2018-11-15 13:15:14]	误工 vi->vn
[2018-11-15 13:15:14]	西 b->f
[2018-11-15 13:15:14]	希望 n->v
[2018-11-15 13:15:14]	就义 vi->v
[2018-11-15 13:15:14]	舍身 d->v
[2018-11-15 13:15:14]	习 ng->vg
[2018-11-15 13:15:14]	系统 a->n
[2018-11-15 13:15:14]	地 n->nz
[2018-11-15 13:15:14]	先后 d->ad
[2018-11-15 13:15:14]	娇艳 a->an
[2018-11-15 13:15:14]	现代 n->t
[2018-11-15 13:15:14]	现实 a->n
[2018-11-15 13:15:14]	相当 d->vi
[2018-11-15 13:15:14]	等同 vd->vi
[2018-11-15 13:15:14]	同样 b->d
[2018-11-15 13:15:14]	香 a->n
[2018-11-15 13:15:14]	想像 v->vd
[2018-11-15 13:15:14]	向 dg->p
[2018-11-15 13:15:14]	朝 b->p
[2018-11-15 13:15:14]	象 n->ng
[2018-11-15 13:15:14]	像 d->v
[2018-11-15 13:15:14]	仿佛 d->v
[2018-11-15 13:15:14]	似 d->vg
[2018-11-15 13:15:14]	飘逸 a->v
[2018-11-15 13:15:14]	童 b->ng
[2018-11-15 13:15:14]	小寒 t->nz
[2018-11-15 13:15:14]	小满 t->nz
[2018-11-15 13:15:14]	小雪 n->nr
[2018-11-15 13:15:14]	艰辛 a->an
[2018-11-15 13:15:14]	辛酸 a->an
[2018-11-15 13:15:14]	新词 n->nl
[2018-11-15 13:15:14]	信 ag->n
[2018-11-15 13:15:14]	信用 a->n
[2018-11-15 13:15:14]	兴奋 a->v
[2018-11-15 13:15:14]	成 a->v
[2018-11-15 13:15:14]	形象 a->n
[2018-11-15 13:15:14]	醒 ng->v
[2018-11-15 13:15:14]	幸福 a->happ
[2018-11-15 13:15:14]	性 k->ng
[2018-11-15 13:15:14]	姓 n->v
[2018-11-15 13:15:14]	名 ag->q
[2018-11-15 13:15:14]	邪恶 a->an
[2018-11-15 13:15:14]	胸 n->ng
[2018-11-15 13:15:14]	公 ad->ng
[2018-11-15 13:15:14]	休假 n->vi
[2018-11-15 13:15:14]	虚伪 a->an
[2018-11-15 13:15:14]	徐 ag->nr1
[2018-11-15 13:15:14]	许 dg->m
[2018-11-15 13:15:14]	学龄 b->n
[2018-11-15 13:15:14]	压抑 a->v
[2018-11-15 13:15:14]	鸭 n->ng
[2018-11-15 13:15:14]	延长 ns->v
[2018-11-15 13:15:14]	延期 vd->vi
[2018-11-15 13:15:14]	缓期 vd->vi
[2018-11-15 13:15:14]	严正 a->nr
[2018-11-15 13:15:14]	高温 an->n
[2018-11-15 13:15:14]	火热 a->z
[2018-11-15 13:15:14]	研究 n->v
[2018-11-15 13:15:14]	演习 v->vn
[2018-11-15 13:15:14]	杨 ng->nr1
[2018-11-15 13:15:14]	阳性 b->n
[2018-11-15 13:15:14]	仰泳 vi->vn
[2018-11-15 13:15:14]	也 b->d
[2018-11-15 13:15:14]	进行 vn->vx
[2018-11-15 13:15:14]	布 b->n
[2018-11-15 13:15:14]	穿戴 n->v
[2018-11-15 13:15:14]	依靠 n->v
[2018-11-15 13:15:14]	移动 v->vn
[2018-11-15 13:15:14]	遗传 n->vn
[2018-11-15 13:15:14]	遗憾 a->sorr
[2018-11-15 13:15:14]	遗存 vi->vn
[2018-11-15 13:15:14]	往时 t->tg
[2018-11-15 13:15:14]	义务 d->n
[2018-11-15 13:15:14]	艺术 a->n
[2018-11-15 13:15:14]	意旨 n->nl
[2018-11-15 13:15:14]	因为 c->p
[2018-11-15 13:15:14]	由于 c->p
[2018-11-15 13:15:14]	银 b->ng
[2018-11-15 13:15:14]	引 ng->v
[2018-11-15 13:15:14]	隐蔽 a->v
[2018-11-15 13:15:14]	隐秘 a->n
[2018-11-15 13:15:14]	印染 v->vn
[2018-11-15 13:15:14]	印 b->v
[2018-11-15 13:15:14]	图章 n->nz
[2018-11-15 13:15:14]	应当 d->v
[2018-11-15 13:15:14]	俊杰 n->nr
[2018-11-15 13:15:14]	影响 n->v
[2018-11-15 13:15:14]	拥挤 a->vi
[2018-11-15 13:15:14]	勇于 d->v
[2018-11-15 13:15:14]	骁勇 a->an
[2018-11-15 13:15:14]	用 ng->p
[2018-11-15 13:15:14]	以 b->p
[2018-11-15 13:15:14]	优胜 a->vi
[2018-11-15 13:15:14]	优先 ad->v
[2018-11-15 13:15:14]	悠远 an->z
[2018-11-15 13:15:14]	油条 n->gms
[2018-11-15 13:15:14]	友善 a->nr
[2018-11-15 13:15:14]	又 c->d
[2018-11-15 13:15:14]	右 a->f
[2018-11-15 13:15:14]	于 ng->p
[2018-11-15 13:15:14]	初赛 n->vi
[2018-11-15 13:15:14]	预言 n->v
[2018-11-15 13:15:14]	冤枉 a->v
[2018-11-15 13:15:14]	原来 b->d
[2018-11-15 13:15:14]	原本 d->n
[2018-11-15 13:15:14]	原则 d->n
[2018-11-15 13:15:14]	圆 a->vg
[2018-11-15 13:15:14]	约会 n->vi
[2018-11-15 13:15:14]	局限 n->vi
[2018-11-15 13:15:14]	云 b->n
[2018-11-15 13:15:14]	正好 z->tg
[2018-11-15 13:15:14]	在 d->p
[2018-11-15 13:15:14]	当 ng->p
[2018-11-15 13:15:14]	暂时 b->d
[2018-11-15 13:15:14]	眼前 s->t
[2018-11-15 13:15:14]	负债 n->vi
[2018-11-15 13:15:14]	站 n->vi
[2018-11-15 13:15:14]	把握 n->v
[2018-11-15 13:15:14]	左右 f->m
[2018-11-15 13:15:14]	折价 vd->vi
[2018-11-15 13:15:14]	真 a->d
[2018-11-15 13:15:14]	实际 a->n
[2018-11-15 13:15:14]	真心 ad->n
[2018-11-15 13:15:14]	衷心 b->d
[2018-11-15 13:15:14]	振动 vi->vn
[2018-11-15 13:15:14]	颠簸 vd->vi
[2018-11-15 13:15:14]	振荡 vi->vn
[2018-11-15 13:15:14]	争议 n->vn
[2018-11-15 13:15:14]	整体 m->n
[2018-11-15 13:15:14]	正 a->d
[2018-11-15 13:15:14]	正面 a->n
[2018-11-15 13:15:14]	正理 n->nl
[2018-11-15 13:15:14]	证明 n->v
[2018-11-15 13:15:14]	对证 vn->n
[2018-11-15 13:15:14]	对照 p->v
[2018-11-15 13:15:14]	说明 n->v
[2018-11-15 13:15:14]	消费 n->vn
[2018-11-15 13:15:14]	明白 a->v
[2018-11-15 13:15:14]	了然 a->v
[2018-11-15 13:15:14]	知 ag->v
[2018-11-15 13:15:14]	直 a->d
[2018-11-15 13:15:14]	直线 d->n
[2018-11-15 13:15:14]	张 ng->q
[2018-11-15 13:15:14]	指挥 n->v
[2018-11-15 13:15:14]	指导 n->v
[2018-11-15 13:15:14]	中档 b->nl
[2018-11-15 13:15:14]	中国 ns->nz
[2018-11-15 13:15:14]	华夏 n->nz
[2018-11-15 13:15:14]	中央 f->n
[2018-11-15 13:15:14]	忠诚 a->v
[2018-11-15 13:15:14]	种 ng->v
[2018-11-15 13:15:14]	重 a->v
[2018-11-15 13:15:14]	关键 a->n
[2018-11-15 13:15:14]	重视 a->v
[2018-11-15 13:15:14]	周 ag->nr1
[2018-11-15 13:15:14]	昼夜 d->n
[2018-11-15 13:15:14]	皱 n->v
[2018-11-15 13:15:14]	朱 ag->nr1
[2018-11-15 13:15:14]	竹 n->ng
[2018-11-15 13:15:14]	主观 a->n
[2018-11-15 13:15:14]	主演 n->v
[2018-11-15 13:15:14]	助理 b->n
[2018-11-15 13:15:14]	大名鼎鼎 al->vl
[2018-11-15 13:15:14]	专门 b->d
[2018-11-15 13:15:14]	专注 a->vi
[2018-11-15 13:15:14]	埋头 vd->vi
[2018-11-15 13:15:14]	专业 a->n
[2018-11-15 13:15:14]	拐弯 n->vi
[2018-11-15 13:15:14]	华美 a->nz
[2018-11-15 13:15:14]	台 b->n
[2018-11-15 13:15:14]	我方 r->n
[2018-11-15 13:15:14]	自强 vd->vi
[2018-11-15 13:15:14]	自主 vd->vi
[2018-11-15 13:15:14]	自然 a->n
[2018-11-15 13:15:14]	自信 a->v
[2018-11-15 13:15:14]	自修 v->vl
[2018-11-15 13:15:14]	综合 a->vn
[2018-11-15 13:15:14]	总结 n->v
[2018-11-15 13:15:14]	纵横 n->v
[2018-11-15 13:15:14]	走私 b->v
[2018-11-15 13:15:14]	构成 n->v
[2018-11-15 13:15:14]	太 a->d
[2018-11-15 13:15:14]	到底 d->vi
[2018-11-15 13:15:14]	孝顺 a->v
[2018-11-15 13:15:14]	遵照 p->v
[2018-11-15 13:15:14]	作 ng->v
[2018-11-15 13:15:14]	零 a->m
[2018-11-15 13:15:14]	一 d->m
[2018-11-15 13:15:14]	九 b->m
[2018-11-15 13:15:14]	低价 ad->n
[2018-11-15 13:15:14]	火车站 n->gjtgj
[2018-11-15 13:15:14]	小时候 n->t
[2018-11-15 13:15:14]	综合性 b->n
[2018-11-15 13:15:14]	高价 d->n
[2018-11-15 13:15:14]	中考 n->v
[2018-11-15 13:15:14]	无效 a->vi
[2018-11-15 13:15:14]	爱人 n->nz
[2018-11-15 13:15:14]	把手 n->nz
[2018-11-15 13:15:14]	人为 b->d
[2018-11-15 13:15:14]	靠山 n->nz
[2018-11-15 13:15:14]	他人 rr->r
[2018-11-15 13:15:14]	不结盟 vi->vn
[2018-11-15 13:15:14]	不是 c->n
[2018-11-15 13:15:14]	不行 a->v
[2018-11-15 13:15:14]	不能 v->vi
[2018-11-15 13:15:14]	不会 v->vi
[2018-11-15 13:15:14]	车号 n->nz
[2018-11-15 13:15:14]	同党 n->nz
[2018-11-15 13:15:14]	上流 b->n
[2018-11-15 13:15:14]	出血 vi->v
[2018-11-15 13:15:14]	打的 v->vi
[2018-11-15 13:15:14]	除法 n->nz
[2018-11-15 13:15:14]	从中 d->n
[2018-11-15 13:15:14]	从宽 d->v
[2018-11-15 13:15:14]	从重 d->v
[2018-11-15 13:15:14]	搭建 v->vd
[2018-11-15 13:15:14]	各人 rr->r
[2018-11-15 13:15:14]	中选 vi->v
[2018-11-15 13:15:14]	各处 rzs->r
[2018-11-15 13:15:14]	四处 d->vi
[2018-11-15 13:15:14]	大路 n->nz
[2018-11-15 13:15:14]	拨打 v->vd
[2018-11-15 13:15:14]	大跌 v->vn
[2018-11-15 13:15:14]	会话 v->vn
[2018-11-15 13:15:14]	对应 vi->v
[2018-11-15 13:15:14]	有余 m->v
[2018-11-15 13:15:14]	要领 n->nz
[2018-11-15 13:15:14]	下学 v->vd
[2018-11-15 13:15:14]	分号 n->nz
[2018-11-15 13:15:14]	不合 v->n
[2018-11-15 13:15:14]	高等 b->a
[2018-11-15 13:15:14]	老大 a->n
[2018-11-15 13:15:14]	还给 v->vd
[2018-11-15 13:15:14]	对等 vi->vn
[2018-11-15 13:15:14]	有心 v->vd
[2018-11-15 13:15:14]	说法 n->nz
[2018-11-15 13:15:14]	真的 a->d
[2018-11-15 13:15:14]	大喊 v->vd
[2018-11-15 13:15:14]	后天 n->t
[2018-11-15 13:15:14]	回家 vi->v
[2018-11-15 13:15:14]	总会 d->n
[2018-11-15 13:15:14]	好多 m->a
[2018-11-15 13:15:14]	才能 n->v
[2018-11-15 13:15:14]	大奖 n->nz
[2018-11-15 13:15:14]	自大 a->an
[2018-11-15 13:15:14]	无礼 a->ad
[2018-11-15 13:15:14]	自得 an->a
[2018-11-15 13:15:14]	开关 n->v
[2018-11-15 13:15:14]	看不起 v->vn
[2018-11-15 13:15:14]	看得起 v->vn
[2018-11-15 13:15:14]	完了 vi->n
[2018-11-15 13:15:14]	理事 n->nz
[2018-11-15 13:15:14]	一口气 d->n
[2018-11-15 13:15:14]	本心 n->nl
[2018-11-15 13:15:14]	论说 vn->vl
[2018-11-15 13:15:14]	中意 a->n
[2018-11-15 13:15:14]	没用 a->v
[2018-11-15 13:15:14]	天天 d->q
[2018-11-15 13:15:14]	秒钟 n->q
[2018-11-15 13:15:14]	他俩 r->n
[2018-11-15 13:15:14]	年间 f->n
[2018-11-15 13:15:14]	江米 n->nz
[2018-11-15 13:15:14]	省钱 a->v
[2018-11-15 13:15:14]	早起 vi->v
[2018-11-15 13:15:14]	开车 vi->v
[2018-11-15 13:15:14]	千米 q->qv
[2018-11-15 13:15:14]	签定 v->vn
[2018-11-15 13:15:14]	好天 n->nz
[2018-11-15 13:15:14]	日食 n->nz
[2018-11-15 13:15:14]	火烧 n->v
[2018-11-15 13:15:14]	就是 c->n
[2018-11-15 13:15:14]	是不是 v->vd
[2018-11-15 13:15:14]	手指 n->nz
[2018-11-15 13:15:14]	国都 d->n
[2018-11-15 13:15:14]	得手 a->v
[2018-11-15 13:15:14]	大小 n->nz
[2018-11-15 13:15:14]	了得 a->ad
[2018-11-15 13:15:14]	脱钩 vi->v
[2018-11-15 13:15:14]	问号 n->nz
[2018-11-15 13:15:14]	西藏自治区 ns->nz
[2018-11-15 13:15:14]	小便 v->vi
[2018-11-15 13:15:14]	好在 d->v
[2018-11-15 13:15:14]	双眼 n->nz
[2018-11-15 13:15:14]	一角 n->v
[2018-11-15 13:15:14]	一元 b->nz
[2018-11-15 13:15:14]	引号 n->nz
[2018-11-15 13:15:14]	有用 a->n
[2018-11-15 13:15:14]	像片 n->nz
[2018-11-15 13:15:14]	争抢 v->vd
[2018-11-15 13:15:14]	小我 n->nz
[2018-11-15 13:15:14]	文字 n->nz
[2018-11-15 13:15:14]	不好 a->n
[2018-11-15 13:15:14]	下雨 vi->v
[2018-11-15 13:15:14]	多功能 b->n
[2018-11-15 13:15:14]	从未 d->n
[2018-11-15 13:15:14]	南北 f->n
[2018-11-15 13:15:14]	从不 d->n
[2018-11-15 13:15:14]	干什么 r->v
[2018-11-15 13:15:14]	不准 v->n
[2018-11-15 13:15:14]	开门 vd->n
[2018-11-15 13:15:14]	睡着 v->vd
[2018-11-15 13:15:14]	呼吸 v->vi
[2018-11-15 13:15:14]	长达 v->vl
[2018-11-15 13:15:14]	首次 m->n
[2018-11-15 13:15:14]	日间 t->nl
[2018-11-15 13:15:14]	辩护人 n->nz
[2018-11-15 13:15:14]	正在 d->n
[2018-11-15 13:15:14]	下流 a->s
[2018-11-15 13:15:14]	怎么办 ryv->n
[2018-11-15 13:15:14]	你好 vl->n
[2018-11-15 13:15:14]	正数 v->n
[2018-11-15 13:15:14]	三角 n->ns
[2018-11-15 13:15:14]	分区 n->v
[2018-11-15 13:15:14]	回车 vi->v
[2018-11-15 13:15:14]	选项 n->v
[2018-11-15 13:15:14]	打字 vi->vn
[2018-11-15 13:15:14]	百度 nz->mq
[2018-11-15 13:15:14]	同呼吸 vl->nl
[2018-11-15 13:18:48]	爱 b->v
[2018-11-15 13:18:48]	安 ag->v
[2018-11-15 13:18:48]	安定 a->an
[2018-11-15 13:18:48]	本分 a->n
[2018-11-15 13:18:48]	宁静 a->an
[2018-11-15 13:18:48]	安宁 a->an
[2018-11-15 13:18:48]	安谧 a->an
[2018-11-15 13:18:48]	和缓 a->ad
[2018-11-15 13:18:48]	太平 a->ns
[2018-11-15 13:18:48]	安全 a->an
[2018-11-15 13:18:48]	安慰 a->v
[2018-11-15 13:18:48]	按时 d->ad
[2018-11-15 13:18:48]	昂首 vd->vi
[2018-11-15 13:18:48]	昂扬 a->v
[2018-11-15 13:18:48]	后悔 a->v
[2018-11-15 13:18:48]	八宝粥 n->gms
[2018-11-15 13:18:48]	把 m->v
[2018-11-15 13:18:48]	百合 n->nr
[2018-11-15 13:18:48]	绊 ng->v
[2018-11-15 13:18:48]	棒 a->ng
[2018-11-15 13:18:48]	包 n->v
[2018-11-15 13:18:48]	折 ng->vi
[2018-11-15 13:18:48]	叠 q->v
[2018-11-15 13:18:48]	包子 n->gms
[2018-11-15 13:18:48]	保安 b->n
[2018-11-15 13:18:48]	保障 n->v
[2018-11-15 13:18:48]	保健 b->n
[2018-11-15 13:18:48]	封闭 a->v
[2018-11-15 13:18:48]	保险 a->n
[2018-11-15 13:18:48]	保证 n->v
[2018-11-15 13:18:48]	不好意思 a->vl
[2018-11-15 13:18:48]	背 a->v
[2018-11-15 13:18:48]	被 d->pbei
[2018-11-15 13:18:48]	必然 b->n
[2018-11-15 13:18:48]	一定 b->d
[2018-11-15 13:18:48]	边 b->n
[2018-11-15 13:18:48]	边缘 b->n
[2018-11-15 13:18:48]	边防 b->n
[2018-11-15 13:18:48]	边陲 n->s
[2018-11-15 13:18:48]	变化 v->vn
[2018-11-15 13:18:48]	标准 a->n
[2018-11-15 13:18:48]	规范 a->v
[2018-11-15 13:18:48]	飞跃 vi->vn
[2018-11-15 13:18:48]	口头 d->n
[2018-11-15 13:18:48]	表现 n->v
[2018-11-15 13:18:48]	别名 n->nz
[2018-11-15 13:18:48]	做作 a->v
[2018-11-15 13:18:48]	拨 q->v
[2018-11-15 13:18:48]	奔腾 nz->vi
[2018-11-15 13:18:48]	盘剥 v->vn
[2018-11-15 13:18:48]	补偿 v->vn
[2018-11-15 13:18:48]	甭 d->v
[2018-11-15 13:18:48]	不安 a->an
[2018-11-15 13:18:48]	焦虑 a->an
[2018-11-15 13:18:48]	恐慌 a->an
[2018-11-15 13:18:48]	不满 a->an
[2018-11-15 13:18:48]	例外 n->vi
[2018-11-15 13:18:48]	不幸 a->n
[2018-11-15 13:18:48]	部分 m->n
[2018-11-15 13:18:48]	华 ag->b
[2018-11-15 13:18:48]	愧疚 a->an
[2018-11-15 13:18:48]	辉煌 a->an
[2018-11-15 13:18:48]	绚烂 a->an
[2018-11-15 13:18:48]	仓储 n->vn
[2018-11-15 13:18:48]	费心 a->v
[2018-11-15 13:18:48]	迥异 a->z
[2018-11-15 13:18:48]	叶 n->ng
[2018-11-15 13:18:48]	拆解 v->vn
[2018-11-15 13:18:48]	知了 n->nz
[2018-11-15 13:18:48]	长春 ns->nz
[2018-11-15 13:18:48]	经常 b->d
[2018-11-15 13:18:48]	超 h->v
[2018-11-15 13:18:48]	超产 v->vn
[2018-11-15 13:18:48]	超支 n->v
[2018-11-15 13:18:48]	车次 n->nz
[2018-11-15 13:18:48]	沉淀 n->vi
[2018-11-15 13:18:48]	尽职 vd->vi
[2018-11-15 13:18:48]	诚心 a->n
[2018-11-15 13:18:48]	党羽 n->nz
[2018-11-15 13:18:48]	冲突 vi->vn
[2018-11-15 13:18:48]	倾心 ad->vi
[2018-11-15 13:18:48]	喜好 an->v
[2018-11-15 13:18:48]	空洞 a->n
[2018-11-15 13:18:48]	抽样 vd->vi
[2018-11-15 13:18:48]	臭豆腐 n->gms
[2018-11-15 13:18:48]	出口 n->vi
[2018-11-15 13:18:48]	肇事 vi->vn
[2018-11-15 13:18:48]	出租 n->v
[2018-11-15 13:18:48]	先期 b->d
[2018-11-15 13:18:48]	除外 vi->v
[2018-11-15 13:18:48]	装 n->v
[2018-11-15 13:18:48]	传统 a->n
[2018-11-15 13:18:48]	船 n->gjtgj
[2018-11-15 13:18:48]	轮船 n->gjtgj
[2018-11-15 13:18:48]	船舶 n->gjtgj
[2018-11-15 13:18:48]	春分 t->n
[2018-11-15 13:18:48]	刺 n->v
[2018-11-15 13:18:48]	睿智 a->an
[2018-11-15 13:18:48]	智慧 a->n
[2018-11-15 13:18:48]	从 d->p
[2018-11-15 13:18:48]	自 d->p
[2018-11-15 13:18:48]	粗心 a->an
[2018-11-15 13:18:48]	大意 a->n
[2018-11-15 13:18:48]	酸 a->n
[2018-11-15 13:18:48]	摩擦 v->vn
[2018-11-15 13:18:48]	坎坷 a->an
[2018-11-15 13:18:48]	错误 a->n
[2018-11-15 13:18:48]	达标 vd->vi
[2018-11-15 13:18:48]	答复 n->v
[2018-11-15 13:18:48]	打 p->v
[2018-11-15 13:18:48]	狩猎 n->vi
[2018-11-15 13:18:48]	打算 n->v
[2018-11-15 13:18:48]	大寒 t->nz
[2018-11-15 13:18:48]	大家 n->rr
[2018-11-15 13:18:48]	大料 n->nz
[2018-11-15 13:18:48]	大致 b->d
[2018-11-15 13:18:48]	呆 a->v
[2018-11-15 13:18:48]	代办 n->v
[2018-11-15 13:18:48]	代理 n->v
[2018-11-15 13:18:48]	带 n->v
[2018-11-15 13:18:48]	带子 n->v
[2018-11-15 13:18:48]	条 ng->q
[2018-11-15 13:18:48]	戴 nr1->v
[2018-11-15 13:18:48]	单 b->d
[2018-11-15 13:18:48]	单独 b->d
[2018-11-15 13:18:48]	当面 d->n
[2018-11-15 13:18:48]	那天 r->t
[2018-11-15 13:18:48]	挡 n->v
[2018-11-15 13:18:48]	的 n->ude1
[2018-11-15 13:18:48]	得 ude3->v
[2018-11-15 13:18:48]	到 p->v
[2018-11-15 13:18:48]	倒 d->vi
[2018-11-15 13:18:48]	偷 d->v
[2018-11-15 13:18:48]	道德 a->n
[2018-11-15 13:18:48]	道教 n->nz
[2018-11-15 13:18:48]	上岸 vi->v
[2018-11-15 13:18:48]	等 n->v
[2018-11-15 13:18:48]	地铁 n->gjtgj
[2018-11-15 13:18:48]	光 a->n
[2018-11-15 13:18:48]	光辉 a->n
[2018-11-15 13:18:48]	顶 f->v
[2018-11-15 13:18:48]	定额 d->n
[2018-11-15 13:18:48]	定期 b->d
[2018-11-15 13:18:48]	东 b->f
[2018-11-15 13:18:48]	东乡族 ns->nz
[2018-11-15 13:18:48]	全部 m->ad
[2018-11-15 13:18:48]	斗争 vi->vn
[2018-11-15 13:18:48]	独立 a->v
[2018-11-15 13:18:48]	自力 n->nr
[2018-11-15 13:18:48]	渡 ng->v
[2018-11-15 13:18:48]	端 ng->v
[2018-11-15 13:18:48]	端正 a->v
[2018-11-15 13:18:48]	断 d->v
[2018-11-15 13:18:48]	对仗 n->nz
[2018-11-15 13:18:48]	多 a->m
[2018-11-15 13:18:48]	饿 a->v
[2018-11-15 13:18:48]	发 ng->v
[2018-11-15 13:18:48]	带头 vd->vi
[2018-11-15 13:18:48]	发糕 n->gms
[2018-11-15 13:18:48]	施展 nr->v
[2018-11-15 13:18:48]	发烧 b->vi
[2018-11-15 13:18:48]	无力 a->vi
[2018-11-15 13:18:48]	法 b->n
[2018-11-15 13:18:48]	庭审 n->v
[2018-11-15 13:18:48]	帆船 n->gjtgj
[2018-11-15 13:18:48]	繁荣 a->an
[2018-11-15 13:18:48]	重复 a->v
[2018-11-15 13:18:48]	来回 d->vi
[2018-11-15 13:18:48]	反面 b->n
[2018-11-15 13:18:48]	反应 n->vi
[2018-11-15 13:18:48]	犯罪 vi->vn
[2018-11-15 13:18:48]	范 ng->nr1
[2018-11-15 13:18:48]	方 a->d
[2018-11-15 13:18:48]	方便面 n->gms
[2018-11-15 13:18:48]	防汛 vi->vn
[2018-11-15 13:18:48]	飞机 n->gjtgj
[2018-11-15 13:18:48]	肥 a->n
[2018-11-15 13:18:48]	分布 vd->vi
[2018-11-15 13:18:48]	分离 vd->vi
[2018-11-15 13:18:48]	分米 q->qt
[2018-11-15 13:18:48]	生气 a->n
[2018-11-15 13:18:48]	风光 a->n
[2018-11-15 13:18:48]	封 ng->v
[2018-11-15 13:18:48]	冯 m->nr1
[2018-11-15 13:18:48]	抚恤 vi->vn
[2018-11-15 13:18:48]	远望 nz->v
[2018-11-15 13:18:48]	腐败 a->an
[2018-11-15 13:18:48]	负责 a->v
[2018-11-15 13:18:48]	中兴 ns->nz
[2018-11-15 13:18:48]	副词 n->nz
[2018-11-15 13:18:48]	付 q->v
[2018-11-15 13:18:48]	次要 b->bl
[2018-11-15 13:18:48]	富 a->vg
[2018-11-15 13:18:48]	富有 a->v
[2018-11-15 13:18:48]	富余 a->vn
[2018-11-15 13:18:48]	盖 d->v
[2018-11-15 13:18:48]	扣 ng->v
[2018-11-15 13:18:48]	干 a->v
[2018-11-15 13:18:48]	甘 ad->ag
[2018-11-15 13:18:48]	感动 a->v
[2018-11-15 13:18:48]	感冒 n->vi
[2018-11-15 13:18:48]	不久 d->m
[2018-11-15 13:18:48]	方才 d->nr
[2018-11-15 13:18:48]	高贵 a->nr
[2018-11-15 13:18:48]	年老 a->vi
[2018-11-15 13:18:48]	革命 a->vn
[2018-11-15 13:18:48]	解 ng->v
[2018-11-15 13:18:48]	根据 n->p
[2018-11-15 13:18:48]	据 ng->p
[2018-11-15 13:18:48]	跟随 p->v
[2018-11-15 13:18:48]	随着 d->p
[2018-11-15 13:18:48]	更年期 n->t
[2018-11-15 13:18:48]	工作 n->vn
[2018-11-15 13:18:48]	公开 a->v
[2018-11-15 13:18:48]	巩固 a->v
[2018-11-15 13:18:48]	共产党 n->nz
[2018-11-15 13:18:48]	奉献 n->v
[2018-11-15 13:18:48]	够 a->v
[2018-11-15 13:18:48]	孤立 a->v
[2018-11-15 13:18:48]	孤僻 a->an
[2018-11-15 13:18:48]	鼓 a->v
[2018-11-15 13:18:48]	彭 m->nr1
[2018-11-15 13:18:48]	鼓舞 a->v
[2018-11-15 13:18:48]	固定 a->v
[2018-11-15 13:18:48]	稳定 a->an
[2018-11-15 13:18:48]	传奇 a->n
[2018-11-15 13:18:48]	故意 b->d
[2018-11-15 13:18:48]	有意 d->vi
[2018-11-15 13:18:48]	成心 d->v
[2018-11-15 13:18:48]	顾 ng->v
[2018-11-15 13:18:48]	挂 q->v
[2018-11-15 13:18:48]	关切 a->v
[2018-11-15 13:18:48]	论断 n->vn
[2018-11-15 13:18:48]	臣 n->ng
[2018-11-15 13:18:48]	管理 v->vn
[2018-11-15 13:18:48]	管制 v->vn
[2018-11-15 13:18:48]	光明 a->n
[2018-11-15 13:18:48]	亮 a->vi
[2018-11-15 13:18:48]	归结 n->vi
[2018-11-15 13:18:48]	鬼 a->n
[2018-11-15 13:18:48]	邪 a->ag
[2018-11-15 13:18:48]	滚 ng->vi
[2018-11-15 13:18:48]	国庆 n->t
[2018-11-15 13:18:48]	干脆 a->d
[2018-11-15 13:18:48]	断然 b->d
[2018-11-15 13:18:48]	果然 c->d
[2018-11-15 13:18:48]	果真 c->d
[2018-11-15 13:18:48]	过期 vd->vi
[2018-11-15 13:18:48]	海口 n->ns
[2018-11-15 13:18:48]	琼 b->nr1
[2018-11-15 13:18:48]	叫 n->vi
[2018-11-15 13:18:48]	汉堡包 n->gms
[2018-11-15 13:18:48]	数码 b->n
[2018-11-15 13:18:48]	合资 b->vi
[2018-11-15 13:18:48]	集资 vd->vi
[2018-11-15 13:18:48]	合伙 vd->vi
[2018-11-15 13:18:48]	合股 vd->vi
[2018-11-15 13:18:48]	和 ag->cc
[2018-11-15 13:18:48]	集合 n->v
[2018-11-15 13:18:48]	与 cc->p
[2018-11-15 13:18:48]	同 cc->p
[2018-11-15 13:18:48]	并 cc->d
[2018-11-15 13:18:48]	狠 a->d
[2018-11-15 13:18:48]	狠心 a->an
[2018-11-15 13:18:48]	横 a->v
[2018-11-15 13:18:48]	哄 o->v
[2018-11-15 13:18:48]	后期 f->t
[2018-11-15 13:18:48]	胡 d->nr1
[2018-11-15 13:18:48]	湖 b->n
[2018-11-15 13:18:48]	迷惑 a->v
[2018-11-15 13:18:48]	依稀 a->d
[2018-11-15 13:18:48]	互相 b->d
[2018-11-15 13:18:48]	花 a->n
[2018-11-15 13:18:48]	花卷 n->gms
[2018-11-15 13:18:48]	滑冰 n->vn
[2018-11-15 13:18:48]	滑雪 vi->vn
[2018-11-15 13:18:48]	化验 n->v
[2018-11-15 13:18:48]	打扮 n->v
[2018-11-15 13:18:48]	还账 v->vi
[2018-11-15 13:18:48]	涣散 a->v
[2018-11-15 13:18:48]	怪诞 a->an
[2018-11-15 13:18:48]	黄色 b->n
[2018-11-15 13:18:48]	回头 d->vi
[2018-11-15 13:18:48]	会 n->v
[2018-11-15 13:18:48]	馄饨 n->gms
[2018-11-15 13:18:48]	活动 a->vn
[2018-11-15 13:18:48]	该死 vi->v
[2018-11-15 13:18:48]	活 a->n
[2018-11-15 13:18:48]	火车 n->gjtgj
[2018-11-15 13:18:48]	机械 a->n
[2018-11-15 13:18:48]	缉私 vi->vn
[2018-11-15 13:18:48]	狂热 a->an
[2018-11-15 13:18:48]	极端 a->n
[2018-11-15 13:18:48]	集邮 vi->vn
[2018-11-15 13:18:48]	集中 a->v
[2018-11-15 13:18:48]	挤 a->v
[2018-11-15 13:18:48]	运算 vi->vn
[2018-11-15 13:18:48]	记录 n->v
[2018-11-15 13:18:48]	记载 n->v
[2018-11-15 13:18:48]	纪念 n->v
[2018-11-15 13:18:48]	长项 n->nz
[2018-11-15 13:18:48]	加班 vd->vi
[2018-11-15 13:18:48]	夹 b->v
[2018-11-15 13:18:48]	家 k->n
[2018-11-15 13:18:48]	值 a->n
[2018-11-15 13:18:48]	尖端 b->n
[2018-11-15 13:18:48]	坚定 a->v
[2018-11-15 13:18:48]	监察 v->vn
[2018-11-15 13:18:48]	调查 n->v
[2018-11-15 13:18:48]	方便 a->v
[2018-11-15 13:18:48]	便利 a->an
[2018-11-15 13:18:48]	间接 a->b
[2018-11-15 13:18:48]	建设 n->vn
[2018-11-15 13:18:48]	健全 a->v
[2018-11-15 13:18:48]	讲究 a->v
[2018-11-15 13:18:48]	降价 vd->vi
[2018-11-15 13:18:48]	坦白 a->v
[2018-11-15 13:18:48]	灌 ng->v
[2018-11-15 13:18:48]	娇气 a->n
[2018-11-15 13:18:48]	骄傲 a->an
[2018-11-15 13:18:48]	饺子 n->gms
[2018-11-15 13:18:48]	教 ng->v
[2018-11-15 13:18:48]	教育 v->vn
[2018-11-15 13:18:48]	接力 n->vn
[2018-11-15 13:18:48]	结果 c->n
[2018-11-15 13:18:48]	结业 vd->vi
[2018-11-15 13:18:48]	解放 a->v
[2018-11-15 13:18:48]	解放战争 n->nz
[2018-11-15 13:18:48]	借 p->v
[2018-11-15 13:18:48]	租 ng->v
[2018-11-15 13:18:48]	借贷 n->v
[2018-11-15 13:18:48]	借条 n->nz
[2018-11-15 13:18:48]	金 b->ng
[2018-11-15 13:18:48]	尽力 d->vi
[2018-11-15 13:18:48]	全力 d->n
[2018-11-15 13:18:48]	尽心 a->v
[2018-11-15 13:18:48]	进步 a->vn
[2018-11-15 13:18:48]	临近 a->v
[2018-11-15 13:18:48]	经过 n->p
[2018-11-15 13:18:48]	经济 a->n
[2018-11-15 13:18:48]	经营 n->v
[2018-11-15 13:18:48]	精神 a->n
[2018-11-15 13:18:48]	感慨 a->v
[2018-11-15 13:18:48]	警惕 a->v
[2018-11-15 13:18:48]	敬业 a->vi
[2018-11-15 13:18:48]	就 c->d
[2018-11-15 13:18:48]	举 ag->v
[2018-11-15 13:18:48]	举重 n->vn
[2018-11-15 13:18:48]	行 a->vi
[2018-11-15 13:18:48]	锯 n->v
[2018-11-15 13:18:48]	卷 ng->v
[2018-11-15 13:18:48]	决定 n->v
[2018-11-15 13:18:48]	决赛 vi->vn
[2018-11-15 13:18:48]	决心 d->n
[2018-11-15 13:18:48]	开创 n->v
[2018-11-15 13:18:48]	开放 a->v
[2018-11-15 13:18:48]	开阔 a->v
[2018-11-15 13:18:48]	伊始 t->vi
[2018-11-15 13:18:48]	初叶 f->t
[2018-11-15 13:18:48]	初始 b->t
[2018-11-15 13:18:48]	初步 b->d
[2018-11-15 13:18:48]	看 u->v
[2018-11-15 13:18:48]	测验 v->vn
[2018-11-15 13:18:48]	考验 v->vn
[2018-11-15 13:18:48]	烤鸭 n->gms
[2018-11-15 13:18:48]	靠 ng->v
[2018-11-15 13:18:48]	科学 a->n
[2018-11-15 13:18:48]	可怜 a->v
[2018-11-15 13:18:48]	可惜 a->v
[2018-11-15 13:18:48]	可以 a->v
[2018-11-15 13:18:48]	能 d->v
[2018-11-15 13:18:48]	克 b->vg
[2018-11-15 13:18:48]	客观 a->n
[2018-11-15 13:18:48]	买家 n->nz
[2018-11-15 13:18:48]	肯定 a->v
[2018-11-15 13:18:48]	空 a->v
[2018-11-15 13:18:48]	口 f->n
[2018-11-15 13:18:48]	苦 a->an
[2018-11-15 13:18:48]	苦涩 a->an
[2018-11-15 13:18:48]	苦闷 a->an
[2018-11-15 13:18:48]	迷茫 a->an
[2018-11-15 13:18:48]	苦恼 a->an
[2018-11-15 13:18:48]	迷惘 a->an
[2018-11-15 13:18:48]	夸张 n->vi
[2018-11-15 13:18:48]	跨 ng->v
[2018-11-15 13:18:48]	越 b->d
[2018-11-15 13:18:48]	匡 nr1->vg
[2018-11-15 13:18:48]	捆 ng->v
[2018-11-15 13:18:48]	困惑 a->an
[2018-11-15 13:18:48]	疑惑 an->v
[2018-11-15 13:18:48]	困难 a->an
[2018-11-15 13:18:48]	拉 b->v
[2018-11-15 13:18:48]	腊八粥 n->gms
[2018-11-15 13:18:48]	来 f->vf
[2018-11-15 13:18:48]	天车 n->nz
[2018-11-15 13:18:48]	懈怠 a->an
[2018-11-15 13:18:48]	劳动 vi->vn
[2018-11-15 13:18:48]	坚韧 a->an
[2018-11-15 13:18:48]	铭刻 n->v
[2018-11-15 13:18:48]	铭记 n->v
[2018-11-15 13:18:48]	东家 n->nz
[2018-11-15 13:18:48]	了 ule->y
[2018-11-15 13:18:48]	累 a->v
[2018-11-15 13:18:48]	疲劳 a->an
[2018-11-15 13:18:48]	困倦 a->an
[2018-11-15 13:18:48]	倦怠 a->an
[2018-11-15 13:18:48]	礼貌 a->an
[2018-11-15 13:18:48]	李 ng->nr1
[2018-11-15 13:18:48]	理想 a->n
[2018-11-15 13:18:48]	理性 b->n
[2018-11-15 13:18:48]	连 d->n
[2018-11-15 13:18:48]	盟 n->ng
[2018-11-15 13:18:48]	联系 n->v
[2018-11-15 13:18:48]	练习 n->v
[2018-11-15 13:18:48]	辽 b->tg
[2018-11-15 13:18:48]	劣 a->ag
[2018-11-15 13:18:48]	林 n->ng
[2018-11-15 13:18:48]	小气 a->ad
[2018-11-15 13:18:48]	零售 v->vn
[2018-11-15 13:18:48]	另外 c->rz
[2018-11-15 13:18:48]	小产 v->vi
[2018-11-15 13:18:48]	流行 a->v
[2018-11-15 13:18:48]	柳 n->ng
[2018-11-15 13:18:48]	漏 ng->v
[2018-11-15 13:18:48]	滴 q->v
[2018-11-15 13:18:48]	露 ng->v
[2018-11-15 13:18:48]	旅游 vi->vn
[2018-11-15 13:18:48]	动感 b->n
[2018-11-15 13:18:48]	乱 a->d
[2018-11-15 13:18:48]	轮班 vd->vn
[2018-11-15 13:18:48]	转 ng->v
[2018-11-15 13:18:48]	麻 a->n
[2018-11-15 13:18:48]	麻烦 a->an
[2018-11-15 13:18:48]	烦恼 a->an
[2018-11-15 13:18:48]	马 b->n
[2018-11-15 13:18:48]	馒头 n->gms
[2018-11-15 13:18:48]	满 a->v
[2018-11-15 13:18:48]	满足 a->v
[2018-11-15 13:18:48]	忙 a->v
[2018-11-15 13:18:48]	蒙 b->vi
[2018-11-15 13:18:48]	毛 a->nr1
[2018-11-15 13:18:48]	矛盾 a->an
[2018-11-15 13:18:48]	冒险 vd->vi
[2018-11-15 13:18:48]	贸易 v->vn
[2018-11-15 13:18:48]	没有 d->v
[2018-11-15 13:18:48]	无 d->v
[2018-11-15 13:18:48]	美 a->b
[2018-11-15 13:18:48]	住院 vd->vi
[2018-11-15 13:18:48]	耳语 n->vi
[2018-11-15 13:18:48]	秘密 a->n
[2018-11-15 13:18:48]	机密 a->n
[2018-11-15 13:18:48]	免费 vd->vi
[2018-11-15 13:18:48]	勉强 a->v
[2018-11-15 13:18:48]	民主 a->an
[2018-11-15 13:18:48]	起名 vi->v
[2018-11-15 13:18:48]	模范 a->n
[2018-11-15 13:18:48]	模拟 b->v
[2018-11-15 13:18:48]	磨 n->v
[2018-11-15 13:18:48]	生分 a->ad
[2018-11-15 13:18:48]	墨 b->n
[2018-11-15 13:18:48]	母 b->ng
[2018-11-15 13:18:48]	木 a->ng
[2018-11-15 13:18:48]	捐款 n->vi
[2018-11-15 13:18:48]	拿 p->v
[2018-11-15 13:18:48]	上税 v->vi
[2018-11-15 13:18:48]	委屈 a->v
[2018-11-15 13:18:48]	悲痛 a->an
[2018-11-15 13:18:48]	内蒙古自治区 ns->nz
[2018-11-15 13:18:48]	倪 x->n
[2018-11-15 13:18:48]	拟人 n->nz
[2018-11-15 13:18:48]	年 n->qt
[2018-11-15 13:18:48]	年岁 n->nl
[2018-11-15 13:18:48]	年事 n->nl
[2018-11-15 13:18:48]	凝眸 vd->vi
[2018-11-15 13:18:48]	牛 ag->n
[2018-11-15 13:18:48]	努力 a->an
[2018-11-15 13:18:48]	暖 a->v
[2018-11-15 13:18:48]	温暖 a->an
[2018-11-15 13:18:48]	温热 a->an
[2018-11-15 13:18:48]	和暖 a->an
[2018-11-15 13:18:48]	偶尔 b->d
[2018-11-15 13:18:48]	扑 o->v
[2018-11-15 13:18:48]	攀 b->v
[2018-11-15 13:18:48]	拍 ng->v
[2018-11-15 13:18:48]	排 n->v
[2018-11-15 13:18:48]	排队 n->vi
[2018-11-15 13:18:48]	派出所 n->gms
[2018-11-15 13:18:48]	派遣 v->gms
[2018-11-15 13:18:48]	派出 v->gms
[2018-11-15 13:18:48]	判断 n->v
[2018-11-15 13:18:48]	抛 nr1->v
[2018-11-15 13:18:48]	配套 a->v
[2018-11-15 13:18:48]	烹饪 n->vi
[2018-11-15 13:18:48]	相知 n->v
[2018-11-15 13:18:48]	捧 q->v
[2018-11-15 13:18:48]	批发 v->vn
[2018-11-15 13:18:48]	偏 a->d
[2018-11-15 13:18:48]	单方面 b->n
[2018-11-15 13:18:48]	飘 a->v
[2018-11-15 13:18:48]	撇 q->v
[2018-11-15 13:18:48]	应邀 vd->vi
[2018-11-15 13:18:48]	平 a->v
[2018-11-15 13:18:48]	通常 b->d
[2018-11-15 13:18:48]	破 a->v
[2018-11-15 13:18:48]	铺 n->v
[2018-11-15 13:18:48]	普及 a->v
[2018-11-15 13:18:48]	遍地 vd->vi
[2018-11-15 13:18:48]	限期 n->vi
[2018-11-15 13:18:48]	奇怪 a->v
[2018-11-15 13:18:48]	祷告 v->vn
[2018-11-15 13:18:48]	辗转 vd->vi
[2018-11-15 13:18:48]	蜿蜒 v->z
[2018-11-15 13:18:48]	启示 v->vn
[2018-11-15 13:18:48]	矜持 a->an
[2018-11-15 13:18:48]	署名 n->vi
[2018-11-15 13:18:48]	签名 n->vi
[2018-11-15 13:18:48]	前天 n->t
[2018-11-15 13:18:48]	壮 a->v
[2018-11-15 13:18:48]	争 ng->v
[2018-11-15 13:18:48]	乔木 n->nr
[2018-11-15 13:18:48]	切 ag->v
[2018-11-15 13:18:48]	亲近 a->v
[2018-11-15 13:18:48]	明确 a->v
[2018-11-15 13:18:48]	纯洁 a->v
[2018-11-15 13:18:48]	清明 a->t
[2018-11-15 13:18:48]	晴 an->vi
[2018-11-15 13:18:48]	让 p->v
[2018-11-15 13:18:48]	祝 ng->v
[2018-11-15 13:18:48]	贺 ng->vg
[2018-11-15 13:18:48]	秋 ng->tg
[2018-11-15 13:18:48]	求 ng->v
[2018-11-15 13:18:48]	曲 ag->n
[2018-11-15 13:18:48]	出 q->vf
[2018-11-15 13:18:48]	泉 n->ng
[2018-11-15 13:18:48]	缺 n->v
[2018-11-15 13:18:48]	欠缺 a->vi
[2018-11-15 13:18:48]	火 a->n
[2018-11-15 13:18:48]	夏 ng->tg
[2018-11-15 13:18:48]	热情 a->an
[2018-11-15 13:18:48]	热气球 n->gjtgj
[2018-11-15 13:18:48]	热心 a->v
[2018-11-15 13:18:48]	热忱 a->an
[2018-11-15 13:18:48]	热诚 a->an
[2018-11-15 13:18:48]	委任 n->v
[2018-11-15 13:18:48]	依旧 d->z
[2018-11-15 13:18:48]	照旧 d->v
[2018-11-15 13:18:48]	肉 a->n
[2018-11-15 13:18:48]	肉 a->gms
[2018-11-15 13:18:48]	撒 n->v
[2018-11-15 13:18:48]	塞 b->v
[2018-11-15 13:18:48]	堵 a->v
[2018-11-15 13:18:48]	信步 vd->vi
[2018-11-15 13:18:48]	土 a->n
[2018-11-15 13:18:48]	上 b->f
[2018-11-15 13:18:48]	设计 n->v
[2018-11-15 13:18:48]	摄像 n->vi
[2018-11-15 13:18:48]	申请 n->v
[2018-11-15 13:18:48]	全身 b->n
[2018-11-15 13:18:48]	体 k->ng
[2018-11-15 13:18:48]	身段 n->nz
[2018-11-15 13:18:48]	深入 a->v
[2018-11-15 13:18:48]	深度 ad->n
[2018-11-15 13:18:48]	神气 a->n
[2018-11-15 13:18:48]	升 q->v
[2018-11-15 13:18:48]	增值 n->vi
[2018-11-15 13:18:48]	生 a->v
[2018-11-15 13:18:48]	生产 n->v
[2018-11-15 13:18:48]	出产 n->v
[2018-11-15 13:18:48]	生活 vi->vn
[2018-11-15 13:18:48]	胜利 ad->vi
[2018-11-15 13:18:48]	失落 a->v
[2018-11-15 13:18:48]	狮 n->ng
[2018-11-15 13:18:48]	滋润 a->v
[2018-11-15 13:18:48]	温润 a->an
[2018-11-15 13:18:48]	石 b->ng
[2018-11-15 13:18:48]	时刻 d->n
[2018-11-15 13:18:48]	实践 n->v
[2018-11-15 13:18:48]	实质 a->n
[2018-11-15 13:18:48]	示范 vi->vn
[2018-11-15 13:18:48]	凡间 s->n
[2018-11-15 13:18:48]	是 ng->vshi
[2018-11-15 13:18:48]	便是 v->vd
[2018-11-15 13:18:48]	是否 d->v
[2018-11-15 13:18:48]	释迦牟尼 n->nrf
[2018-11-15 13:18:48]	收条 n->nz
[2018-11-15 13:18:48]	手 k->n
[2018-11-15 13:18:48]	手工 d->n
[2018-11-15 13:18:48]	守法 vd->vi
[2018-11-15 13:18:48]	首创 nz->v
[2018-11-15 13:18:48]	首先 c->d
[2018-11-15 13:18:48]	初 d->f
[2018-11-15 13:18:48]	最初 b->d
[2018-11-15 13:18:48]	禁不起 v->vd
[2018-11-15 13:18:48]	本 d->rz
[2018-11-15 13:18:48]	册 ng->q
[2018-11-15 13:18:48]	书册 n->nl
[2018-11-15 13:18:48]	疏松 a->vn
[2018-11-15 13:18:48]	熟悉 a->v
[2018-11-15 13:18:48]	属实 a->v
[2018-11-15 13:18:48]	鼠 n->ng
[2018-11-15 13:18:48]	竖 n->v
[2018-11-15 13:18:48]	刷 o->v
[2018-11-15 13:18:48]	帅 ng->nr1
[2018-11-15 13:18:48]	水笔 n->nz
[2018-11-15 13:18:48]	说 ng->v
[2018-11-15 13:18:48]	讲 ng->v
[2018-11-15 13:18:48]	司 n->ng
[2018-11-15 13:18:48]	松 a->v
[2018-11-15 13:18:48]	松懈 a->v
[2018-11-15 13:18:48]	宋 nr1->tg
[2018-11-15 13:18:48]	孙 n->nr1
[2018-11-15 13:18:48]	孙子 n->nr
[2018-11-15 13:18:48]	锁 n->v
[2018-11-15 13:18:48]	塔 b->n
[2018-11-15 13:18:48]	贪吃 an->v
[2018-11-15 13:18:48]	贪心 a->v
[2018-11-15 13:18:48]	弹 ng->v
[2018-11-15 13:18:48]	烫 a->v
[2018-11-15 13:18:48]	特别 a->d
[2018-11-15 13:18:48]	希罕 a->v
[2018-11-15 13:18:48]	疼痛 a->an
[2018-11-15 13:18:48]	挑剔 a->v
[2018-11-15 13:18:48]	提成 n->vi
[2018-11-15 13:18:48]	提议 n->v
[2018-11-15 13:18:48]	田野 n->nr
[2018-11-15 13:18:48]	唐 b->tg
[2018-11-15 13:18:48]	甘甜 a->an
[2018-11-15 13:18:48]	担 ng->v
[2018-11-15 13:18:48]	调控 v->vn
[2018-11-15 13:18:48]	跳 q->vi
[2018-11-15 13:18:48]	跳水 vi->vn
[2018-11-15 13:18:48]	跳远 vi->vn
[2018-11-15 13:18:48]	听 q->v
[2018-11-15 13:18:48]	通信 vi->vn
[2018-11-15 13:18:48]	同时 c->n
[2018-11-15 13:18:48]	同期 d->f
[2018-11-15 13:18:48]	统一 a->v
[2018-11-15 13:18:48]	痛苦 a->an
[2018-11-15 13:18:48]	头 k->n
[2018-11-15 13:18:48]	投资 n->v
[2018-11-15 13:18:48]	投入 a->v
[2018-11-15 13:18:48]	突出 a->v
[2018-11-15 13:18:48]	团结 a->v
[2018-11-15 13:18:48]	托 ng->v
[2018-11-15 13:18:48]	歪 a->v
[2018-11-15 13:18:48]	倾斜 vd->vi
[2018-11-15 13:18:48]	斜 a->v
[2018-11-15 13:18:48]	弯 a->v
[2018-11-15 13:18:48]	完善 a->v
[2018-11-15 13:18:48]	玩 ng->v
[2018-11-15 13:18:48]	夜晚 n->t
[2018-11-15 13:18:48]	夜间 f->t
[2018-11-15 13:18:48]	万 d->m
[2018-11-15 13:18:48]	万一 c->d
[2018-11-15 13:18:48]	联网 vd->vi
[2018-11-15 13:18:48]	望 ng->v
[2018-11-15 13:18:48]	无益 a->vi
[2018-11-15 13:18:48]	危险 a->an
[2018-11-15 13:18:48]	威风 a->an
[2018-11-15 13:18:48]	霸气 an->n
[2018-11-15 13:18:48]	微 a->nz
[2018-11-15 13:18:48]	违法 vd->vi
[2018-11-15 13:18:48]	相反 d->vi
[2018-11-15 13:18:48]	浩瀚 a->z
[2018-11-15 13:18:48]	卫生 a->an
[2018-11-15 13:18:48]	位 ng->q
[2018-11-15 13:18:48]	喂 e->v
[2018-11-15 13:18:48]	问候 v->vn
[2018-11-15 13:18:48]	温和 a->nr
[2018-11-15 13:18:48]	刻薄 a->an
[2018-11-15 13:18:48]	文明 a->n
[2018-11-15 13:18:48]	闻 ng->v
[2018-11-15 13:18:48]	问 ng->v
[2018-11-15 13:18:48]	咨询 v->vn
[2018-11-15 13:18:48]	无轨电车 nl->gjtgj
[2018-11-15 13:18:48]	无限 a->vi
[2018-11-15 13:18:48]	无穷 d->z
[2018-11-15 13:18:48]	时价 n->nl
[2018-11-15 13:18:48]	东西 f->n
[2018-11-15 13:18:48]	误工 vi->vn
[2018-11-15 13:18:48]	西 b->f
[2018-11-15 13:18:48]	希望 n->v
[2018-11-15 13:18:48]	就义 vi->v
[2018-11-15 13:18:48]	舍身 d->v
[2018-11-15 13:18:48]	习 ng->vg
[2018-11-15 13:18:48]	系统 a->n
[2018-11-15 13:18:48]	地 n->nz
[2018-11-15 13:18:48]	先后 d->ad
[2018-11-15 13:18:48]	娇艳 a->an
[2018-11-15 13:18:48]	现代 n->t
[2018-11-15 13:18:48]	现实 a->n
[2018-11-15 13:18:48]	相当 d->vi
[2018-11-15 13:18:48]	等同 vd->vi
[2018-11-15 13:18:48]	同样 b->d
[2018-11-15 13:18:48]	香 a->n
[2018-11-15 13:18:48]	想像 v->vd
[2018-11-15 13:18:48]	向 dg->p
[2018-11-15 13:18:48]	朝 b->p
[2018-11-15 13:18:48]	象 n->ng
[2018-11-15 13:18:48]	像 d->v
[2018-11-15 13:18:48]	仿佛 d->v
[2018-11-15 13:18:48]	似 d->vg
[2018-11-15 13:18:48]	飘逸 a->v
[2018-11-15 13:18:48]	童 b->ng
[2018-11-15 13:18:48]	小寒 t->nz
[2018-11-15 13:18:48]	小满 t->nz
[2018-11-15 13:18:48]	小雪 n->nr
[2018-11-15 13:18:48]	艰辛 a->an
[2018-11-15 13:18:48]	辛酸 a->an
[2018-11-15 13:18:48]	新词 n->nl
[2018-11-15 13:18:48]	信 ag->n
[2018-11-15 13:18:48]	信用 a->n
[2018-11-15 13:18:48]	兴奋 a->v
[2018-11-15 13:18:48]	成 a->v
[2018-11-15 13:18:48]	形象 a->n
[2018-11-15 13:18:48]	醒 ng->v
[2018-11-15 13:18:48]	幸福 a->happ
[2018-11-15 13:18:48]	性 k->ng
[2018-11-15 13:18:48]	姓 n->v
[2018-11-15 13:18:48]	名 ag->q
[2018-11-15 13:18:48]	邪恶 a->an
[2018-11-15 13:18:48]	胸 n->ng
[2018-11-15 13:18:48]	公 ad->ng
[2018-11-15 13:18:48]	休假 n->vi
[2018-11-15 13:18:48]	虚伪 a->an
[2018-11-15 13:18:48]	徐 ag->nr1
[2018-11-15 13:18:48]	许 dg->m
[2018-11-15 13:18:48]	学龄 b->n
[2018-11-15 13:18:48]	压抑 a->v
[2018-11-15 13:18:48]	鸭 n->ng
[2018-11-15 13:18:48]	延长 ns->v
[2018-11-15 13:18:48]	延期 vd->vi
[2018-11-15 13:18:48]	缓期 vd->vi
[2018-11-15 13:18:48]	严正 a->nr
[2018-11-15 13:18:48]	高温 an->n
[2018-11-15 13:18:48]	火热 a->z
[2018-11-15 13:18:48]	研究 n->v
[2018-11-15 13:18:48]	演习 v->vn
[2018-11-15 13:18:48]	杨 ng->nr1
[2018-11-15 13:18:48]	阳性 b->n
[2018-11-15 13:18:48]	仰泳 vi->vn
[2018-11-15 13:18:48]	也 b->d
[2018-11-15 13:18:48]	进行 vn->vx
[2018-11-15 13:18:48]	布 b->n
[2018-11-15 13:18:48]	穿戴 n->v
[2018-11-15 13:18:48]	依靠 n->v
[2018-11-15 13:18:48]	移动 v->vn
[2018-11-15 13:18:48]	遗传 n->vn
[2018-11-15 13:18:48]	遗憾 a->sorr
[2018-11-15 13:18:48]	遗存 vi->vn
[2018-11-15 13:18:48]	往时 t->tg
[2018-11-15 13:18:48]	义务 d->n
[2018-11-15 13:18:48]	艺术 a->n
[2018-11-15 13:18:48]	意旨 n->nl
[2018-11-15 13:18:48]	因为 c->p
[2018-11-15 13:18:48]	由于 c->p
[2018-11-15 13:18:48]	银 b->ng
[2018-11-15 13:18:48]	引 ng->v
[2018-11-15 13:18:48]	隐蔽 a->v
[2018-11-15 13:18:48]	隐秘 a->n
[2018-11-15 13:18:48]	印染 v->vn
[2018-11-15 13:18:48]	印 b->v
[2018-11-15 13:18:48]	图章 n->nz
[2018-11-15 13:18:48]	应当 d->v
[2018-11-15 13:18:48]	俊杰 n->nr
[2018-11-15 13:18:48]	影响 n->v
[2018-11-15 13:18:48]	拥挤 a->vi
[2018-11-15 13:18:48]	勇于 d->v
[2018-11-15 13:18:48]	骁勇 a->an
[2018-11-15 13:18:48]	用 ng->p
[2018-11-15 13:18:48]	以 b->p
[2018-11-15 13:18:48]	优胜 a->vi
[2018-11-15 13:18:48]	优先 ad->v
[2018-11-15 13:18:48]	悠远 an->z
[2018-11-15 13:18:48]	油条 n->gms
[2018-11-15 13:18:48]	友善 a->nr
[2018-11-15 13:18:48]	又 c->d
[2018-11-15 13:18:48]	右 a->f
[2018-11-15 13:18:48]	于 ng->p
[2018-11-15 13:18:48]	初赛 n->vi
[2018-11-15 13:18:48]	预言 n->v
[2018-11-15 13:18:48]	冤枉 a->v
[2018-11-15 13:18:48]	原来 b->d
[2018-11-15 13:18:48]	原本 d->n
[2018-11-15 13:18:48]	原则 d->n
[2018-11-15 13:18:48]	圆 a->vg
[2018-11-15 13:18:48]	约会 n->vi
[2018-11-15 13:18:48]	局限 n->vi
[2018-11-15 13:18:48]	云 b->n
[2018-11-15 13:18:48]	正好 z->tg
[2018-11-15 13:18:48]	在 d->p
[2018-11-15 13:18:48]	当 ng->p
[2018-11-15 13:18:48]	暂时 b->d
[2018-11-15 13:18:48]	眼前 s->t
[2018-11-15 13:18:48]	负债 n->vi
[2018-11-15 13:18:48]	站 n->vi
[2018-11-15 13:18:48]	把握 n->v
[2018-11-15 13:18:48]	左右 f->m
[2018-11-15 13:18:48]	折价 vd->vi
[2018-11-15 13:18:48]	真 a->d
[2018-11-15 13:18:48]	实际 a->n
[2018-11-15 13:18:48]	真心 ad->n
[2018-11-15 13:18:48]	衷心 b->d
[2018-11-15 13:18:48]	振动 vi->vn
[2018-11-15 13:18:48]	颠簸 vd->vi
[2018-11-15 13:18:48]	振荡 vi->vn
[2018-11-15 13:18:48]	争议 n->vn
[2018-11-15 13:18:48]	整体 m->n
[2018-11-15 13:18:48]	正 a->d
[2018-11-15 13:18:48]	正面 a->n
[2018-11-15 13:18:48]	正理 n->nl
[2018-11-15 13:18:48]	证明 n->v
[2018-11-15 13:18:48]	对证 vn->n
[2018-11-15 13:18:48]	对照 p->v
[2018-11-15 13:18:48]	说明 n->v
[2018-11-15 13:18:48]	消费 n->vn
[2018-11-15 13:18:48]	明白 a->v
[2018-11-15 13:18:48]	了然 a->v
[2018-11-15 13:18:48]	知 ag->v
[2018-11-15 13:18:48]	直 a->d
[2018-11-15 13:18:48]	直线 d->n
[2018-11-15 13:18:48]	张 ng->q
[2018-11-15 13:18:48]	指挥 n->v
[2018-11-15 13:18:48]	指导 n->v
[2018-11-15 13:18:48]	中档 b->nl
[2018-11-15 13:18:48]	中国 ns->nz
[2018-11-15 13:18:48]	华夏 n->nz
[2018-11-15 13:18:48]	中央 f->n
[2018-11-15 13:18:48]	忠诚 a->v
[2018-11-15 13:18:48]	种 ng->v
[2018-11-15 13:18:48]	重 a->v
[2018-11-15 13:18:48]	关键 a->n
[2018-11-15 13:18:48]	重视 a->v
[2018-11-15 13:18:48]	周 ag->nr1
[2018-11-15 13:18:48]	昼夜 d->n
[2018-11-15 13:18:48]	皱 n->v
[2018-11-15 13:18:48]	朱 ag->nr1
[2018-11-15 13:18:48]	竹 n->ng
[2018-11-15 13:18:48]	主观 a->n
[2018-11-15 13:18:48]	主演 n->v
[2018-11-15 13:18:48]	助理 b->n
[2018-11-15 13:18:48]	大名鼎鼎 al->vl
[2018-11-15 13:18:48]	专门 b->d
[2018-11-15 13:18:48]	专注 a->vi
[2018-11-15 13:18:48]	埋头 vd->vi
[2018-11-15 13:18:48]	专业 a->n
[2018-11-15 13:18:48]	拐弯 n->vi
[2018-11-15 13:18:48]	华美 a->nz
[2018-11-15 13:18:48]	台 b->n
[2018-11-15 13:18:48]	我方 r->n
[2018-11-15 13:18:48]	自强 vd->vi
[2018-11-15 13:18:48]	自主 vd->vi
[2018-11-15 13:18:48]	自然 a->n
[2018-11-15 13:18:48]	自信 a->v
[2018-11-15 13:18:48]	自修 v->vl
[2018-11-15 13:18:48]	综合 a->vn
[2018-11-15 13:18:48]	总结 n->v
[2018-11-15 13:18:48]	纵横 n->v
[2018-11-15 13:18:48]	走私 b->v
[2018-11-15 13:18:48]	构成 n->v
[2018-11-15 13:18:48]	太 a->d
[2018-11-15 13:18:48]	到底 d->vi
[2018-11-15 13:18:48]	孝顺 a->v
[2018-11-15 13:18:48]	遵照 p->v
[2018-11-15 13:18:48]	作 ng->v
[2018-11-15 13:18:48]	零 a->m
[2018-11-15 13:18:48]	一 d->m
[2018-11-15 13:18:48]	九 b->m
[2018-11-15 13:18:48]	低价 ad->n
[2018-11-15 13:18:48]	火车站 n->gjtgj
[2018-11-15 13:18:48]	小时候 n->t
[2018-11-15 13:18:48]	综合性 b->n
[2018-11-15 13:18:48]	高价 d->n
[2018-11-15 13:18:48]	中考 n->v
[2018-11-15 13:18:48]	无效 a->vi
[2018-11-15 13:18:48]	爱人 n->nz
[2018-11-15 13:18:48]	把手 n->nz
[2018-11-15 13:18:48]	人为 b->d
[2018-11-15 13:18:48]	靠山 n->nz
[2018-11-15 13:18:48]	他人 rr->r
[2018-11-15 13:18:48]	不结盟 vi->vn
[2018-11-15 13:18:48]	不是 c->n
[2018-11-15 13:18:48]	不行 a->v
[2018-11-15 13:18:48]	不能 v->vi
[2018-11-15 13:18:48]	不会 v->vi
[2018-11-15 13:18:48]	车号 n->nz
[2018-11-15 13:18:48]	同党 n->nz
[2018-11-15 13:18:48]	上流 b->n
[2018-11-15 13:18:48]	出血 vi->v
[2018-11-15 13:18:48]	打的 v->vi
[2018-11-15 13:18:48]	除法 n->nz
[2018-11-15 13:18:48]	从中 d->n
[2018-11-15 13:18:48]	从宽 d->v
[2018-11-15 13:18:48]	从重 d->v
[2018-11-15 13:18:48]	搭建 v->vd
[2018-11-15 13:18:48]	各人 rr->r
[2018-11-15 13:18:48]	中选 vi->v
[2018-11-15 13:18:48]	各处 rzs->r
[2018-11-15 13:18:48]	四处 d->vi
[2018-11-15 13:18:48]	大路 n->nz
[2018-11-15 13:18:48]	拨打 v->vd
[2018-11-15 13:18:48]	大跌 v->vn
[2018-11-15 13:18:48]	会话 v->vn
[2018-11-15 13:18:48]	对应 vi->v
[2018-11-15 13:18:48]	有余 m->v
[2018-11-15 13:18:48]	要领 n->nz
[2018-11-15 13:18:48]	下学 v->vd
[2018-11-15 13:18:48]	分号 n->nz
[2018-11-15 13:18:48]	不合 v->n
[2018-11-15 13:18:48]	高等 b->a
[2018-11-15 13:18:48]	老大 a->n
[2018-11-15 13:18:48]	还给 v->vd
[2018-11-15 13:18:48]	对等 vi->vn
[2018-11-15 13:18:48]	有心 v->vd
[2018-11-15 13:18:48]	说法 n->nz
[2018-11-15 13:18:48]	真的 a->d
[2018-11-15 13:18:48]	大喊 v->vd
[2018-11-15 13:18:48]	后天 n->t
[2018-11-15 13:18:48]	回家 vi->v
[2018-11-15 13:18:48]	总会 d->n
[2018-11-15 13:18:48]	好多 m->a
[2018-11-15 13:18:48]	才能 n->v
[2018-11-15 13:18:48]	大奖 n->nz
[2018-11-15 13:18:48]	自大 a->an
[2018-11-15 13:18:48]	无礼 a->ad
[2018-11-15 13:18:48]	自得 an->a
[2018-11-15 13:18:48]	开关 n->v
[2018-11-15 13:18:48]	看不起 v->vn
[2018-11-15 13:18:48]	看得起 v->vn
[2018-11-15 13:18:48]	完了 vi->n
[2018-11-15 13:18:48]	理事 n->nz
[2018-11-15 13:18:48]	一口气 d->n
[2018-11-15 13:18:48]	本心 n->nl
[2018-11-15 13:18:48]	论说 vn->vl
[2018-11-15 13:18:48]	中意 a->n
[2018-11-15 13:18:48]	没用 a->v
[2018-11-15 13:18:48]	天天 d->q
[2018-11-15 13:18:48]	秒钟 n->q
[2018-11-15 13:18:48]	他俩 r->n
[2018-11-15 13:18:48]	年间 f->n
[2018-11-15 13:18:48]	江米 n->nz
[2018-11-15 13:18:48]	省钱 a->v
[2018-11-15 13:18:48]	早起 vi->v
[2018-11-15 13:18:48]	开车 vi->v
[2018-11-15 13:18:48]	千米 q->qv
[2018-11-15 13:18:48]	签定 v->vn
[2018-11-15 13:18:48]	好天 n->nz
[2018-11-15 13:18:48]	日食 n->nz
[2018-11-15 13:18:48]	火烧 n->v
[2018-11-15 13:18:48]	就是 c->n
[2018-11-15 13:18:48]	是不是 v->vd
[2018-11-15 13:18:48]	手指 n->nz
[2018-11-15 13:18:48]	国都 d->n
[2018-11-15 13:18:48]	得手 a->v
[2018-11-15 13:18:48]	大小 n->nz
[2018-11-15 13:18:48]	了得 a->ad
[2018-11-15 13:18:48]	脱钩 vi->v
[2018-11-15 13:18:48]	问号 n->nz
[2018-11-15 13:18:48]	西藏自治区 ns->nz
[2018-11-15 13:18:48]	小便 v->vi
[2018-11-15 13:18:48]	好在 d->v
[2018-11-15 13:18:48]	双眼 n->nz
[2018-11-15 13:18:48]	一角 n->v
[2018-11-15 13:18:48]	一元 b->nz
[2018-11-15 13:18:48]	引号 n->nz
[2018-11-15 13:18:48]	有用 a->n
[2018-11-15 13:18:48]	像片 n->nz
[2018-11-15 13:18:48]	争抢 v->vd
[2018-11-15 13:18:48]	小我 n->nz
[2018-11-15 13:18:48]	文字 n->nz
[2018-11-15 13:18:48]	不好 a->n
[2018-11-15 13:18:48]	下雨 vi->v
[2018-11-15 13:18:48]	多功能 b->n
[2018-11-15 13:18:48]	从未 d->n
[2018-11-15 13:18:48]	南北 f->n
[2018-11-15 13:18:48]	从不 d->n
[2018-11-15 13:18:48]	干什么 r->v
[2018-11-15 13:18:48]	不准 v->n
[2018-11-15 13:18:48]	开门 vd->n
[2018-11-15 13:18:48]	睡着 v->vd
[2018-11-15 13:18:48]	呼吸 v->vi
[2018-11-15 13:18:48]	长达 v->vl
[2018-11-15 13:18:48]	首次 m->n
[2018-11-15 13:18:48]	日间 t->nl
[2018-11-15 13:18:48]	辩护人 n->nz
[2018-11-15 13:18:48]	正在 d->n
[2018-11-15 13:18:48]	下流 a->s
[2018-11-15 13:18:48]	怎么办 ryv->n
[2018-11-15 13:18:48]	你好 vl->n
[2018-11-15 13:18:48]	正数 v->n
[2018-11-15 13:18:48]	三角 n->ns
[2018-11-15 13:18:48]	分区 n->v
[2018-11-15 13:18:48]	回车 vi->v
[2018-11-15 13:18:48]	选项 n->v
[2018-11-15 13:18:48]	打字 vi->vn
[2018-11-15 13:18:48]	百度 nz->mq
[2018-11-15 13:18:48]	同呼吸 vl->nl
