[2018-08-29 08:33:53]	下岗 vi->vn
[2018-08-29 08:33:53]	主演 n->v
[2018-08-29 08:33:53]	于 ng->p
[2018-08-29 08:33:53]	先锋 a->n
[2018-08-29 08:33:53]	内行 a->n
[2018-08-29 08:33:53]	冯 m->nr1
[2018-08-29 08:33:53]	切 ag->v
[2018-08-29 08:33:53]	亲身 b->d
[2018-08-29 08:33:53]	加班 vd->vi
[2018-08-29 08:33:53]	助理 b->n
[2018-08-29 08:33:53]	劳动 vi->vn
[2018-08-29 08:33:53]	口 f->n
[2018-08-29 08:33:53]	周 ag->nr1
[2018-08-29 08:33:53]	年老 a->vi
[2018-08-29 08:33:53]	外行 a->n
[2018-08-29 08:33:53]	大家 n->rr
[2018-08-29 08:33:53]	头 k->n
[2018-08-29 08:33:53]	名 ag->q
[2018-08-29 08:33:53]	家 k->n
[2018-08-29 08:33:53]	尺 ng->q
[2018-08-29 08:33:53]	尽力 d->vi
[2018-08-29 08:33:53]	全力 d->n
[2018-08-29 08:33:53]	工作 n->vn
[2018-08-29 08:33:53]	布 b->n
[2018-08-29 08:33:53]	带子 n->v
[2018-08-29 08:33:53]	张 ng->q
[2018-08-29 08:33:53]	彭 m->nr1
[2018-08-29 08:33:53]	徐 ag->nr1
[2018-08-29 08:33:53]	忙 a->v
[2018-08-29 08:33:53]	手 k->n
[2018-08-29 08:33:53]	休假 n->vi
[2018-08-29 08:33:53]	相知 n->v
[2018-08-29 08:33:53]	朱 ag->nr1
[2018-08-29 08:33:53]	权威 a->n
[2018-08-29 08:33:53]	李 ng->nr1
[2018-08-29 08:33:53]	条 ng->q
[2018-08-29 08:33:53]	模范 a->n
[2018-08-29 08:33:53]	沙龙 n->nrf
[2018-08-29 08:33:53]	毛 a->nr1
[2018-08-29 08:33:53]	油条 n->gms
[2018-08-29 08:33:53]	无赖 an->n
[2018-08-29 08:33:53]	刻薄 a->an
[2018-08-29 08:33:53]	烹饪 n->vi
[2018-08-29 08:33:53]	爱 b->v
[2018-08-29 08:33:53]	甘甜 a->an
[2018-08-29 08:33:53]	尽职 vd->vi
[2018-08-29 08:33:53]	守法 vd->vi
[2018-08-29 08:33:53]	累 a->v
[2018-08-29 08:33:53]	疲劳 a->an
[2018-08-29 08:33:53]	困倦 a->an
[2018-08-29 08:33:53]	倦怠 a->an
[2018-08-29 08:33:53]	胡 d->nr1
[2018-08-29 08:33:53]	胸 n->ng
[2018-08-29 08:33:53]	花卷 n->gms
[2018-08-29 08:33:53]	俊杰 n->nr
[2018-08-29 08:33:53]	穿戴 n->v
[2018-08-29 08:33:53]	许 dg->m
[2018-08-29 08:33:53]	全身 b->n
[2018-08-29 08:33:53]	体 k->ng
[2018-08-29 08:33:53]	艰辛 a->an
[2018-08-29 08:33:53]	辛酸 a->an
[2018-08-29 08:33:53]	郑 b->nr1
[2018-08-29 08:33:53]	锁 n->v
[2018-08-29 08:33:53]	饺子 n->gms
[2018-08-29 08:33:53]	馄饨 n->gms
[2018-08-29 08:33:53]	馒头 n->gms
[2018-08-29 08:33:53]	不安 a->an
[2018-08-29 08:33:53]	焦虑 a->an
[2018-08-29 08:33:53]	恐慌 a->an
[2018-08-29 08:33:53]	不幸 a->n
[2018-08-29 08:33:53]	不满 a->an
[2018-08-29 08:33:53]	专注 a->vi
[2018-08-29 08:33:53]	埋头 vd->vi
[2018-08-29 08:33:53]	专制 a->n
[2018-08-29 08:33:53]	主观 a->n
[2018-08-29 08:33:53]	传统 a->n
[2018-08-29 08:33:53]	信用 a->n
[2018-08-29 08:33:53]	关切 a->v
[2018-08-29 08:33:53]	兴奋 a->v
[2018-08-29 08:33:53]	冤枉 a->v
[2018-08-29 08:33:53]	冲动 a->an
[2018-08-29 08:33:53]	冲突 vi->vn
[2018-08-29 08:33:53]	决心 d->n
[2018-08-29 08:33:53]	判断 n->v
[2018-08-29 08:33:53]	做作 a->v
[2018-08-29 08:33:53]	刺 n->v
[2018-08-29 08:33:53]	骁勇 a->an
[2018-08-29 08:33:53]	捐款 n->vi
[2018-08-29 08:33:53]	包 n->v
[2018-08-29 08:33:53]	打扮 n->v
[2018-08-29 08:33:53]	宽容 a->v
[2018-08-29 08:33:53]	反应 n->vi
[2018-08-29 08:33:53]	发 ng->v
[2018-08-29 08:33:53]	叠 q->v
[2018-08-29 08:33:53]	可惜 a->v
[2018-08-29 08:33:53]	荣耀 a->an
[2018-08-29 08:33:53]	高深 a->nr
[2018-08-29 08:33:53]	喜悦 a->an
[2018-08-29 08:33:53]	回头 d->vi
[2018-08-29 08:33:53]	诚心 a->n
[2018-08-29 08:33:53]	失意 a->vi
[2018-08-29 08:33:53]	失落 a->v
[2018-08-29 08:33:53]	委屈 a->v
[2018-08-29 08:33:53]	无奈 a->d
[2018-08-29 08:33:53]	娇气 a->n
[2018-08-29 08:33:53]	孤僻 a->an
[2018-08-29 08:33:53]	孤寂 a->an
[2018-08-29 08:33:53]	孤傲 a->an
[2018-08-29 08:33:53]	单独 b->d
[2018-08-29 08:33:53]	安慰 a->v
[2018-08-29 08:33:53]	实践 n->v
[2018-08-29 08:33:53]	喜好 an->v
[2018-08-29 08:33:53]	客观 a->n
[2018-08-29 08:33:53]	恐惧 a->an
[2018-08-29 08:33:53]	倾心 ad->vi
[2018-08-29 08:33:53]	希望 n->v
[2018-08-29 08:33:53]	带 n->v
[2018-08-29 08:33:53]	应邀 vd->vi
[2018-08-29 08:33:53]	归结 n->vi
[2018-08-29 08:33:53]	形象 a->n
[2018-08-29 08:33:53]	必然 b->n
[2018-08-29 08:33:53]	忧愁 a->an
[2018-08-29 08:33:53]	忧伤 a->an
[2018-08-29 08:33:53]	伤感 a->an
[2018-08-29 08:33:53]	感伤 a->an
[2018-08-29 08:33:53]	追悼 v->vn
[2018-08-29 08:33:53]	哀痛 a->an
[2018-08-29 08:33:53]	欢愉 a->an
[2018-08-29 08:33:53]	欢畅 a->an
[2018-08-29 08:33:53]	迟疑 a->an
[2018-08-29 08:33:53]	恶意 d->n
[2018-08-29 08:33:53]	愧疚 a->an
[2018-08-29 08:33:53]	感动 a->v
[2018-08-29 08:33:53]	感慨 a->v
[2018-08-29 08:33:53]	后悔 a->v
[2018-08-29 08:33:53]	戴 nr1->v
[2018-08-29 08:33:53]	打 p->v
[2018-08-29 08:33:53]	抚恤 vi->vn
[2018-08-29 08:33:53]	空洞 a->n
[2018-08-29 08:33:53]	拨 q->v
[2018-08-29 08:33:53]	挂 q->v
[2018-08-29 08:33:53]	挡 n->v
[2018-08-29 08:33:53]	无限 a->vi
[2018-08-29 08:33:53]	无穷 d->z
[2018-08-29 08:33:53]	智慧 a->n
[2018-08-29 08:33:53]	服务 n->v
[2018-08-29 08:33:53]	对照 p->v
[2018-08-29 08:33:53]	活动 a->vn
[2018-08-29 08:33:53]	渡 ng->v
[2018-08-29 08:33:53]	温和 a->nr
[2018-08-29 08:33:53]	滚 ng->vi
[2018-08-29 08:33:53]	满足 a->v
[2018-08-29 08:33:53]	狂热 a->an
[2018-08-29 08:33:53]	灌 ng->v
[2018-08-29 08:33:53]	热心 a->v
[2018-08-29 08:33:53]	热忱 a->an
[2018-08-29 08:33:53]	热诚 a->an
[2018-08-29 08:33:53]	单方面 b->n
[2018-08-29 08:33:53]	特别 a->d
[2018-08-29 08:33:53]	希罕 a->v
[2018-08-29 08:33:53]	理性 b->n
[2018-08-29 08:33:53]	理想 a->n
[2018-08-29 08:33:53]	理智 a->n
[2018-08-29 08:33:53]	生气 a->n
[2018-08-29 08:33:53]	生活 vi->vn
[2018-08-29 08:33:53]	愤恨 a->vn
[2018-08-29 08:33:53]	盖 d->v
[2018-08-29 08:33:53]	扣 ng->v
[2018-08-29 08:33:53]	相互 b->d
[2018-08-29 08:33:53]	相对 b->d
[2018-08-29 08:33:53]	矛盾 a->an
[2018-08-29 08:33:53]	明白 a->v
[2018-08-29 08:33:53]	了然 a->v
[2018-08-29 08:33:53]	知 ag->v
[2018-08-29 08:33:53]	研究 n->v
[2018-08-29 08:33:53]	迟滞 a->v
[2018-08-29 08:33:53]	礼貌 a->an
[2018-08-29 08:33:53]	神气 a->n
[2018-08-29 08:33:53]	端 ng->v
[2018-08-29 08:33:53]	精神 a->n
[2018-08-29 08:33:53]	约会 n->vi
[2018-08-29 08:33:53]	纪念 n->v
[2018-08-29 08:33:53]	绊 ng->v
[2018-08-29 08:33:53]	绝对 a->d
[2018-08-29 08:33:53]	统一 a->v
[2018-08-29 08:33:53]	综合 a->vn
[2018-08-29 08:33:53]	精通 a->v
[2018-08-29 08:33:53]	联系 n->v
[2018-08-29 08:33:53]	肯定 a->v
[2018-08-29 08:33:53]	背 a->v
[2018-08-29 08:33:53]	苦闷 a->an
[2018-08-29 08:33:53]	迷茫 a->an
[2018-08-29 08:33:53]	苦恼 a->an
[2018-08-29 08:33:53]	迷惘 a->an
[2018-08-29 08:33:53]	虚伪 a->an
[2018-08-29 08:33:53]	虚荣 a->an
[2018-08-29 08:33:53]	行动 vi->vn
[2018-08-29 08:33:53]	作为 n->v
[2018-08-29 08:33:53]	表现 n->v
[2018-08-29 08:33:53]	要 ag->v
[2018-08-29 08:33:53]	还要 d->v
[2018-08-29 08:33:53]	论断 n->vn
[2018-08-29 08:33:53]	警惕 a->v
[2018-08-29 08:33:53]	误工 vi->vn
[2018-08-29 08:33:53]	矜持 a->an
[2018-08-29 08:33:53]	迷惑 a->v
[2018-08-29 08:33:53]	道德 a->n
[2018-08-29 08:33:53]	遗憾 a->sorr
[2018-08-29 08:33:53]	重视 a->v
[2018-08-29 08:33:53]	间接 a->b
[2018-08-29 08:33:53]	刁钻 a->an
[2018-08-29 08:33:53]	顶 f->v
[2018-08-29 08:33:53]	飞 dg->vi
[2018-08-29 08:33:53]	飞跃 vi->vn
[2018-08-29 08:33:53]	骄傲 a->an
[2018-08-29 08:33:53]	坚定 a->v
[2018-08-29 08:33:53]	坚韧 a->an
[2018-08-29 08:33:53]	塞 b->v
[2018-08-29 08:33:53]	华美 a->nz
[2018-08-29 08:33:53]	中兴 ns->nz
[2018-08-29 08:33:53]	多 a->m
[2018-08-29 08:33:53]	够 a->v
[2018-08-29 08:33:53]	夹 b->v
[2018-08-29 08:33:53]	奇怪 a->v
[2018-08-29 08:33:53]	奔腾 nz->vi
[2018-08-29 08:33:53]	阻碍 n->v
[2018-08-29 08:33:53]	威风 a->an
[2018-08-29 08:33:53]	安全 a->an
[2018-08-29 08:33:53]	本分 a->n
[2018-08-29 08:33:53]	安定 a->an
[2018-08-29 08:33:53]	悠然 a->an
[2018-08-29 08:33:53]	宁静 a->an
[2018-08-29 08:33:53]	安宁 a->an
[2018-08-29 08:33:53]	安谧 a->an
[2018-08-29 08:33:53]	太平 a->ns
[2018-08-29 08:33:53]	实质 a->n
[2018-08-29 08:33:53]	实际 a->n
[2018-08-29 08:33:53]	密切 a->v
[2018-08-29 08:33:53]	富有 a->v
[2018-08-29 08:33:53]	富余 a->vn
[2018-08-29 08:33:53]	封闭 a->v
[2018-08-29 08:33:53]	孝顺 a->v
[2018-08-29 08:33:53]	尖端 b->n
[2018-08-29 08:33:53]	动荡 a->an
[2018-08-29 08:33:53]	局限 n->vi
[2018-08-29 08:33:53]	高贵 a->nr
[2018-08-29 08:33:53]	巡回 vd->vi
[2018-08-29 08:33:53]	巩固 a->v
[2018-08-29 08:33:53]	劣 a->ag
[2018-08-29 08:33:53]	迥异 a->z
[2018-08-29 08:33:53]	出入 n->v
[2018-08-29 08:33:53]	干 a->v
[2018-08-29 08:33:53]	干枯 a->vi
[2018-08-29 08:33:53]	干脆 a->d
[2018-08-29 08:33:53]	平 a->v
[2018-08-29 08:33:53]	幸福 a->happ
[2018-08-29 08:33:53]	延长 ns->v
[2018-08-29 08:33:53]	开 q->v
[2018-08-29 08:33:53]	开创 n->v
[2018-08-29 08:33:53]	伊始 t->vi
[2018-08-29 08:33:53]	初叶 f->t
[2018-08-29 08:33:53]	初始 b->t
[2018-08-29 08:33:53]	初步 b->d
[2018-08-29 08:33:53]	开放 a->v
[2018-08-29 08:33:53]	弯 a->v
[2018-08-29 08:33:53]	弹 ng->v
[2018-08-29 08:33:53]	化 k->v
[2018-08-29 08:33:53]	成 a->v
[2018-08-29 08:33:53]	影响 n->v
[2018-08-29 08:33:53]	急剧 b->d
[2018-08-29 08:33:53]	匆匆 d->z
[2018-08-29 08:33:53]	性 k->ng
[2018-08-29 08:33:53]	正值 p->v
[2018-08-29 08:33:53]	适宜 a->v
[2018-08-29 08:33:53]	悠远 an->z
[2018-08-29 08:33:53]	悬空 vd->vi
[2018-08-29 08:33:53]	悲哀 a->an
[2018-08-29 08:33:53]	例外 n->vi
[2018-08-29 08:33:53]	专门 b->d
[2018-08-29 08:33:53]	东乡族 ns->nz
[2018-08-29 08:33:53]	严正 a->nr
[2018-08-29 08:33:53]	中央 f->n
[2018-08-29 08:33:53]	举 ag->v
[2018-08-29 08:33:53]	义务 d->n
[2018-08-29 08:33:53]	乱 a->d
[2018-08-29 08:33:53]	争议 n->vn
[2018-08-29 08:33:53]	优先 ad->v
[2018-08-29 08:33:53]	优胜 a->vi
[2018-08-29 08:33:53]	优良 a->z
[2018-08-29 08:33:53]	浩瀚 a->z
[2018-08-29 08:33:53]	伪装 n->v
[2018-08-29 08:33:53]	依靠 n->v
[2018-08-29 08:33:53]	鼓舞 a->v
[2018-08-29 08:33:53]	保证 n->v
[2018-08-29 08:33:53]	远望 nz->v
[2018-08-29 08:33:53]	借 p->v
[2018-08-29 08:33:53]	偏 a->d
[2018-08-29 08:33:53]	健全 a->v
[2018-08-29 08:33:53]	完善 a->v
[2018-08-29 08:33:53]	光明 a->n
[2018-08-29 08:33:53]	光辉 a->n
[2018-08-29 08:33:53]	辉煌 a->an
[2018-08-29 08:33:53]	光彩 a->n
[2018-08-29 08:33:53]	公开 a->v
[2018-08-29 08:33:53]	关键 a->n
[2018-08-29 08:33:53]	冒险 vd->vi
[2018-08-29 08:33:53]	决定 n->v
[2018-08-29 08:33:53]	严寒 a->an
[2018-08-29 08:33:53]	严冬 n->t
[2018-08-29 08:33:53]	惆怅 a->an
[2018-08-29 08:33:53]	苍凉 a->an
[2018-08-29 08:33:53]	凝眸 vd->vi
[2018-08-29 08:33:53]	邪恶 a->an
[2018-08-29 08:33:53]	超群 nz->vi
[2018-08-29 08:33:53]	分离 vd->vi
[2018-08-29 08:33:53]	盘剥 v->vn
[2018-08-29 08:33:53]	努力 a->an
[2018-08-29 08:33:53]	勉强 a->v
[2018-08-29 08:33:53]	升 q->v
[2018-08-29 08:33:53]	无益 a->vi
[2018-08-29 08:33:53]	危险 a->an
[2018-08-29 08:33:53]	卷 ng->v
[2018-08-29 08:33:53]	原则 d->n
[2018-08-29 08:33:53]	重复 a->v
[2018-08-29 08:33:53]	来回 d->vi
[2018-08-29 08:33:53]	带头 vd->vi
[2018-08-29 08:33:53]	变化 v->vn
[2018-08-29 08:33:53]	可怜 a->v
[2018-08-29 08:33:53]	司 n->ng
[2018-08-29 08:33:53]	听 q->v
[2018-08-29 08:33:53]	启示 v->vn
[2018-08-29 08:33:53]	呼 b->v
[2018-08-29 08:33:53]	友善 a->nr
[2018-08-29 08:33:53]	咽 ng->v
[2018-08-29 08:33:53]	哄 o->v
[2018-08-29 08:33:53]	相应 d->vi
[2018-08-29 08:33:53]	流泪 vd->vi
[2018-08-29 08:33:53]	喂 e->v
[2018-08-29 08:33:53]	闻 ng->v
[2018-08-29 08:33:53]	团结 a->v
[2018-08-29 08:33:53]	困惑 a->an
[2018-08-29 08:33:53]	疑惑 an->v
[2018-08-29 08:33:53]	困难 a->an
[2018-08-29 08:33:53]	懈怠 a->an
[2018-08-29 08:33:53]	总体 b->n
[2018-08-29 08:33:53]	全盘 b->n
[2018-08-29 08:33:53]	扑 o->v
[2018-08-29 08:33:53]	托 ng->v
[2018-08-29 08:33:53]	投入 a->v
[2018-08-29 08:33:53]	投机 a->v
[2018-08-29 08:33:53]	折 ng->vi
[2018-08-29 08:33:53]	抛 nr1->v
[2018-08-29 08:33:53]	拉 b->v
[2018-08-29 08:33:53]	拍 ng->v
[2018-08-29 08:33:53]	拥挤 a->vi
[2018-08-29 08:33:53]	拿 p->v
[2018-08-29 08:33:53]	指导 n->v
[2018-08-29 08:33:53]	挑剔 a->v
[2018-08-29 08:33:53]	挤 a->v
[2018-08-29 08:33:53]	坎坷 a->an
[2018-08-29 08:33:53]	挺 ag->vi
[2018-08-29 08:33:53]	捆 ng->v
[2018-08-29 08:33:53]	捧 q->v
[2018-08-29 08:33:53]	把握 n->v
[2018-08-29 08:33:53]	左右 f->m
[2018-08-29 08:33:53]	提议 n->v
[2018-08-29 08:33:53]	撇 q->v
[2018-08-29 08:33:53]	撒 n->v
[2018-08-29 08:33:53]	结果 c->n
[2018-08-29 08:33:53]	缓冲 vi->vn
[2018-08-29 08:33:53]	缓和 a->v
[2018-08-29 08:33:53]	松懈 a->v
[2018-08-29 08:33:53]	缺 n->v
[2018-08-29 08:33:53]	欠缺 a->vi
[2018-08-29 08:33:53]	美 a->b
[2018-08-29 08:33:53]	能 d->v
[2018-08-29 08:33:53]	可 c->v
[2018-08-29 08:33:53]	自强 vd->vi
[2018-08-29 08:33:53]	自主 vd->vi
[2018-08-29 08:33:53]	苦 a->an
[2018-08-29 08:33:53]	苦涩 a->an
[2018-08-29 08:33:53]	怪诞 a->an
[2018-08-29 08:33:53]	装 n->v
[2018-08-29 08:33:53]	规模 d->n
[2018-08-29 08:33:53]	规范 a->v
[2018-08-29 08:33:53]	解放 a->v
[2018-08-29 08:33:53]	证明 n->v
[2018-08-29 08:33:53]	说明 n->v
[2018-08-29 08:33:53]	说 ng->v
[2018-08-29 08:33:53]	讲 ng->v
[2018-08-29 08:33:53]	让 p->v
[2018-08-29 08:33:53]	贪心 a->v
[2018-08-29 08:33:53]	领先 vd->vi
[2018-08-29 08:33:53]	走向 n->v
[2018-08-29 08:33:53]	跑 ng->v
[2018-08-29 08:33:53]	跨 ng->v
[2018-08-29 08:33:53]	越 b->d
[2018-08-29 08:33:53]	跳 q->vi
[2018-08-29 08:33:53]	转 ng->v
[2018-08-29 08:33:53]	柔韧 a->an
[2018-08-29 08:33:53]	辅助 v->vn
[2018-08-29 08:33:53]	进步 a->vn
[2018-08-29 08:33:53]	进行 vn->vx
[2018-08-29 08:33:53]	道教 n->nz
[2018-08-29 08:33:53]	酸 a->n
[2018-08-29 08:33:53]	醒 ng->v
[2018-08-29 08:33:53]	重 a->v
[2018-08-29 08:33:53]	铺 n->v
[2018-08-29 08:33:53]	错误 a->n
[2018-08-29 08:33:53]	集中 a->v
[2018-08-29 08:33:53]	集会 n->vi
[2018-08-29 08:33:53]	颠簸 vd->vi
[2018-08-29 08:33:53]	振荡 vi->vn
[2018-08-29 08:33:53]	霸气 an->n
[2018-08-29 08:33:53]	革命 a->vn
[2018-08-29 08:33:53]	飘 a->v
[2018-08-29 08:33:53]	饿 a->v
[2018-08-29 08:33:53]	香 a->n
[2018-08-29 08:33:53]	骑 ng->v
[2018-08-29 08:33:53]	娇艳 a->an
[2018-08-29 08:33:53]	麻烦 a->an
[2018-08-29 08:33:53]	烦恼 a->an
[2018-08-29 08:33:53]	黄色 b->n
[2018-08-29 08:33:53]	放肆 a->an
[2018-08-29 08:33:53]	纵情 d->v
[2018-08-29 08:33:53]	任意 b->d
[2018-08-29 08:33:53]	文明 a->n
[2018-08-29 08:33:53]	斗争 vi->vn
[2018-08-29 08:33:53]	方便 a->v
[2018-08-29 08:33:53]	便利 a->an
[2018-08-29 08:33:53]	平板 a->n
[2018-08-29 08:33:53]	昂扬 a->v
[2018-08-29 08:33:53]	明确 a->v
[2018-08-29 08:33:53]	是 ng->vshi
[2018-08-29 08:33:53]	好坏 a->n
[2018-08-29 08:33:53]	曲直 n->nr
[2018-08-29 08:33:53]	普及 a->v
[2018-08-29 08:33:53]	暖 a->v
[2018-08-29 08:33:53]	温热 a->an
[2018-08-29 08:33:53]	和暖 a->an
[2018-08-29 08:33:53]	曲 ag->n
[2018-08-29 08:33:53]	望 ng->v
[2018-08-29 08:33:53]	来 f->vf
[2018-08-29 08:33:53]	松 a->v
[2018-08-29 08:33:53]	极端 a->n
[2018-08-29 08:33:53]	构成 n->v
[2018-08-29 08:33:53]	断然 b->d
[2018-08-29 08:33:53]	妖娆 a->an
[2018-08-29 08:33:53]	正 a->d
[2018-08-29 08:33:53]	歪 a->v
[2018-08-29 08:33:53]	斜 a->v
[2018-08-29 08:33:53]	殖民 vi->vn
[2018-08-29 08:33:53]	民主 a->an
[2018-08-29 08:33:53]	没有 d->v
[2018-08-29 08:33:53]	无 d->v
[2018-08-29 08:33:53]	派别 n->gms
[2018-08-29 08:33:53]	派系 n->gms
[2018-08-29 08:33:53]	流行 a->v
[2018-08-29 08:33:53]	深度 ad->n
[2018-08-29 08:33:53]	混 a->v
[2018-08-29 08:33:53]	滋润 a->v
[2018-08-29 08:33:53]	温润 a->an
[2018-08-29 08:33:53]	湿润 a->v
[2018-08-29 08:33:53]	满 a->v
[2018-08-29 08:33:53]	漏 ng->v
[2018-08-29 08:33:53]	飘逸 a->v
[2018-08-29 08:33:53]	灰 a->ag
[2018-08-29 08:33:53]	绚烂 a->an
[2018-08-29 08:33:53]	烂 a->v
[2018-08-29 08:33:53]	烫 a->v
[2018-08-29 08:33:53]	热情 a->an
[2018-08-29 08:33:53]	灭火 n->vi
[2018-08-29 08:33:53]	熟悉 a->v
[2018-08-29 08:33:53]	攀 b->v
[2018-08-29 08:33:53]	铭刻 n->v
[2018-08-29 08:33:53]	铭记 n->v
[2018-08-29 08:33:53]	独立 a->v
[2018-08-29 08:33:53]	自力 n->nr
[2018-08-29 08:33:53]	独裁 a->an
[2018-08-29 08:33:53]	狼狈 ad->an
[2018-08-29 08:33:53]	现代 n->t
[2018-08-29 08:33:53]	现实 a->n
[2018-08-29 08:33:53]	珍藏 n->v
[2018-08-29 08:33:53]	生 a->v
[2018-08-29 08:33:53]	用 ng->p
[2018-08-29 08:33:53]	申请 n->v
[2018-08-29 08:33:53]	痛苦 a->an
[2018-08-29 08:33:53]	悲痛 a->an
[2018-08-29 08:33:53]	皱 n->v
[2018-08-29 08:33:53]	直 a->d
[2018-08-29 08:33:53]	同样 b->d
[2018-08-29 08:33:53]	相当 d->vi
[2018-08-29 08:33:53]	看 u->v
[2018-08-29 08:33:53]	真 a->d
[2018-08-29 08:33:53]	真正 b->d
[2018-08-29 08:33:53]	夺目 a->v
[2018-08-29 08:33:53]	矫健 a->nr
[2018-08-29 08:33:53]	破 a->v
[2018-08-29 08:33:53]	磨 n->v
[2018-08-29 08:33:53]	示范 vi->vn
[2018-08-29 08:33:53]	祷告 v->vn
[2018-08-29 08:33:53]	神 a->n
[2018-08-29 08:33:53]	科学 a->n
[2018-08-29 08:33:53]	秘密 a->n
[2018-08-29 08:33:53]	机密 a->n
[2018-08-29 08:33:53]	稳定 a->an
[2018-08-29 08:33:53]	空 a->v
[2018-08-29 08:33:53]	突出 a->v
[2018-08-29 08:33:53]	端正 a->v
[2018-08-29 08:33:53]	署名 n->vi
[2018-08-29 08:33:53]	签名 n->vi
[2018-08-29 08:33:53]	管理 v->vn
[2018-08-29 08:33:53]	依稀 a->d
[2018-08-29 08:33:53]	系统 a->n
[2018-08-29 08:33:53]	繁荣 a->an
[2018-08-29 08:33:53]	纯洁 a->v
[2018-08-29 08:33:53]	清白 a->an
[2018-08-29 08:33:53]	定额 d->n
[2018-08-29 08:33:53]	抽样 vd->vi
[2018-08-29 08:33:53]	庭审 n->v
[2018-08-29 08:33:53]	测绘 v->vn
[2018-08-29 08:33:53]	澄清 nr->vi
[2018-08-29 08:33:53]	马达 n->nr
[2018-08-29 08:33:53]	超产 v->vn
[2018-08-29 08:33:53]	采矿 vi->vn
[2018-08-29 08:33:53]	一 d->m
[2018-08-29 08:33:53]	一路 d->mq
[2018-08-29 08:33:53]	上 b->f
[2018-08-29 08:33:53]	东西 f->n
[2018-08-29 08:33:53]	乘 p->v
[2018-08-29 08:33:53]	亮 a->vi
[2018-08-29 08:33:53]	明 a->ag
[2018-08-29 08:33:53]	会 n->v
[2018-08-29 08:33:53]	出 q->vf
[2018-08-29 08:33:53]	前方 f->s
[2018-08-29 08:33:53]	单 b->d
[2018-08-29 08:33:53]	又 c->d
[2018-08-29 08:33:53]	员 n->ng
[2018-08-29 08:33:53]	在 d->p
[2018-08-29 08:33:53]	太 a->d
[2018-08-29 08:33:53]	对 a->p
[2018-08-29 08:33:53]	就 c->d
[2018-08-29 08:33:53]	帮 q->v
[2018-08-29 08:33:53]	非常 b->d
[2018-08-29 08:33:53]	时 d->ng
[2018-08-29 08:33:53]	夜间 f->t
[2018-08-29 08:33:53]	本 d->rz
[2018-08-29 08:33:53]	没 d->v
[2018-08-29 08:33:53]	片 ng->q
[2018-08-29 08:33:53]	等 n->v
[2018-08-29 08:33:53]	自动 b->d
[2018-08-29 08:33:53]	袋 n->ng
[2018-08-29 08:33:53]	记 ng->v
[2018-08-29 08:33:53]	错 n->v
[2018-08-29 08:33:53]	问 ng->v
[2018-08-29 08:33:53]	几 b->m
[2018-08-29 08:33:53]	到 p->v
[2018-08-29 08:33:53]	动画 b->n
[2018-08-29 08:33:53]	叫 n->vi
[2018-08-29 08:33:53]	学 ng->v
[2018-08-29 08:33:53]	把 m->v
[2018-08-29 08:33:53]	接着 c->v
[2018-08-29 08:33:53]	着 n->vi
[2018-08-29 08:33:53]	试 ng->v
[2018-08-29 08:33:53]	谈 ng->v
[2018-08-29 08:33:53]	连 d->n
[2018-08-29 08:33:53]	遍 a->v
[2018-08-29 08:33:53]	专用 b->v
[2018-08-29 08:33:53]	买卖 n->v
[2018-08-29 08:33:53]	亏损 n->v
[2018-08-29 08:33:53]	亏空 n->v
[2018-08-29 08:33:53]	代理 n->v
[2018-08-29 08:33:53]	代办 n->v
[2018-08-29 08:33:53]	仲裁 vi->vn
[2018-08-29 08:33:53]	会心 a->n
[2018-08-29 08:33:53]	羞辱 an->v
[2018-08-29 08:33:53]	保管 n->v
[2018-08-29 08:33:53]	保险 a->n
[2018-08-29 08:33:53]	信 ag->n
[2018-08-29 08:33:53]	公共 b->gjtgj
[2018-08-29 08:33:53]	出租 n->v
[2018-08-29 08:33:53]	出租汽车 nl->gjtgj
[2018-08-29 08:33:53]	分 b->v
[2018-08-29 08:33:53]	诱惑 v->vn
[2018-08-29 08:33:53]	增值 n->vi
[2018-08-29 08:33:53]	协作 vd->vi
[2018-08-29 08:33:53]	协调 a->v
[2018-08-29 08:33:53]	印染 v->vn
[2018-08-29 08:33:53]	合营 v->vn
[2018-08-29 08:33:53]	合资 b->vi
[2018-08-29 08:33:53]	合伙 vd->vi
[2018-08-29 08:33:53]	合股 vd->vi
[2018-08-29 08:33:53]	咨询 v->vn
[2018-08-29 08:33:53]	监管 v->vn
[2018-08-29 08:33:53]	地铁 n->gjtgj
[2018-08-29 08:33:53]	坦白 a->v
[2018-08-29 08:33:53]	实惠 a->an
[2018-08-29 08:33:53]	负债 n->vi
[2018-08-29 08:33:53]	派出所 n->gms
[2018-08-29 08:33:53]	派遣 v->gms
[2018-08-29 08:33:53]	派出 v->gms
[2018-08-29 08:33:53]	流 ng->v
[2018-08-29 08:33:53]	也 b->d
[2018-08-29 08:33:53]	方才 d->nr
[2018-08-29 08:33:53]	加 b->v
[2018-08-29 08:33:53]	可以 a->v
[2018-08-29 08:33:53]	和 ag->cc
[2018-08-29 08:33:53]	同 cc->p
[2018-08-29 08:33:53]	与 cc->p
[2018-08-29 08:33:53]	并 cc->d
[2018-08-29 08:33:53]	学会 n->v
[2018-08-29 08:33:53]	是否 d->v
[2018-08-29 08:33:53]	若 c->v
[2018-08-29 08:33:53]	跟随 p->v
[2018-08-29 08:33:53]	跟班 vd->vi
[2018-08-29 08:33:53]	重点 a->n
[2018-08-29 08:33:53]	帆船 n->gjtgj
[2018-08-29 08:33:53]	建设 n->vn
[2018-08-29 08:33:53]	总务 b->n
[2018-08-29 08:33:53]	总结 n->v
[2018-08-29 08:33:53]	成交 n->v
[2018-08-29 08:33:53]	成批 b->d
[2018-08-29 08:33:53]	批发 v->vn
[2018-08-29 08:33:53]	投资 n->v
[2018-08-29 08:33:53]	招标 vd->vi
[2018-08-29 08:33:53]	提成 n->vi
[2018-08-29 08:33:53]	故意 b->d
[2018-08-29 08:33:53]	有意 d->vi
[2018-08-29 08:33:53]	机械 a->n
[2018-08-29 08:33:53]	标准 a->n
[2018-08-29 08:33:53]	规则 a->n
[2018-08-29 08:33:53]	规矩 a->n
[2018-08-29 08:33:53]	调度 n->v
[2018-08-29 08:33:53]	调控 v->vn
[2018-08-29 08:33:53]	腐败 a->an
[2018-08-29 08:33:53]	贸易 v->vn
[2018-08-29 08:33:53]	走私 b->v
[2018-08-29 08:33:53]	运输 v->vn
[2018-08-29 08:33:53]	违法 vd->vi
[2018-08-29 08:33:53]	毒害 n->v
[2018-08-29 08:33:53]	大选 n->vi
[2018-08-29 08:33:53]	通用 a->nz
[2018-08-29 08:33:53]	通信 vi->vn
[2018-08-29 08:33:53]	共同 b->d
[2018-08-29 08:33:53]	配套 a->v
[2018-08-29 08:33:53]	锯 n->v
[2018-08-29 08:33:53]	零售 v->vn
[2018-08-29 08:33:53]	飞机 n->gjtgj
[2018-08-29 08:33:53]	混纺 b->v
[2018-08-29 08:33:53]	火车 n->gjtgj
[2018-08-29 08:33:53]	犯罪 vi->vn
[2018-08-29 08:33:53]	生产 n->v
[2018-08-29 08:33:53]	出产 n->v
[2018-08-29 08:33:53]	电车 n->gjtgj
[2018-08-29 08:33:53]	盈利 n->vi
[2018-08-29 08:33:53]	赢利 n->v
[2018-08-29 08:33:53]	赚钱 a->v
[2018-08-29 08:33:53]	监察 v->vn
[2018-08-29 08:33:53]	种 ng->v
[2018-08-29 08:33:53]	租 ng->v
[2018-08-29 08:33:53]	积累 n->v
[2018-08-29 08:33:53]	管制 v->vn
[2018-08-29 08:33:53]	经济 a->n
[2018-08-29 08:33:53]	经营 n->v
[2018-08-29 08:33:53]	缉私 vi->vn
[2018-08-29 08:33:53]	考验 v->vn
[2018-08-29 08:33:53]	肇事 vi->vn
[2018-08-29 08:33:53]	船 n->gjtgj
[2018-08-29 08:33:53]	船舶 n->gjtgj
[2018-08-29 08:33:53]	轮船 n->gjtgj
[2018-08-29 08:33:53]	补偿 v->vn
[2018-08-29 08:33:53]	狩猎 n->vi
[2018-08-29 08:33:53]	摄像 n->vi
[2018-08-29 08:33:53]	传奇 a->n
[2018-08-29 08:33:53]	教育 v->vn
[2018-08-29 08:33:53]	旅游 vi->vn
[2018-08-29 08:33:53]	杂交 vi->vn
[2018-08-29 08:33:53]	构 ng->vg
[2018-08-29 08:33:53]	专业 a->n
[2018-08-29 08:33:53]	启蒙 vi->vn
[2018-08-29 08:33:53]	囤 ng->v
[2018-08-29 08:33:53]	录音 n->vn
[2018-08-29 08:33:53]	洪流 n->nr
[2018-08-29 08:33:53]	牛 ag->n
[2018-08-29 08:33:53]	玩 ng->v
[2018-08-29 08:33:53]	田野 n->nr
[2018-08-29 08:33:53]	百合 n->nr
[2018-08-29 08:33:53]	答复 n->v
[2018-08-29 08:33:53]	练习 n->v
[2018-08-29 08:33:53]	结业 vd->vi
[2018-08-29 08:33:53]	考 ng->v
[2018-08-29 08:33:53]	测验 v->vn
[2018-08-29 08:33:53]	耙 n->v
[2018-08-29 08:33:53]	育种 vi->vn
[2018-08-29 08:33:53]	自然 a->n
[2018-08-29 08:33:53]	艺术 a->n
[2018-08-29 08:33:53]	耳语 n->vi
[2018-08-29 08:33:53]	锄 ng->v
[2018-08-29 08:33:53]	防汛 vi->vn
[2018-08-29 08:33:53]	集邮 vi->vn
[2018-08-29 08:33:53]	风光 a->n
[2018-08-29 08:33:53]	马 b->n
[2018-08-29 08:33:53]	鸭 n->ng
[2018-08-29 08:33:53]	麻 a->n
[2018-08-29 08:33:53]	鼓 a->v
[2018-08-29 08:33:53]	构想 n->vn
[2018-08-29 08:33:53]	瞬间 n->t
[2018-08-29 08:33:53]	一瞬间 m->t
[2018-08-29 08:33:53]	倏然 d->z
[2018-08-29 08:33:53]	一下子 d->mq
[2018-08-29 08:33:53]	转瞬 d->t
[2018-08-29 08:33:53]	丁 Mg->o
[2018-08-29 08:33:53]	万 d->m
[2018-08-29 08:33:53]	不久 d->m
[2018-08-29 08:33:53]	东 b->f
[2018-08-29 08:33:53]	个 ng->q
[2018-08-29 08:33:53]	举重 n->vn
[2018-08-29 08:33:53]	九 b->m
[2018-08-29 08:33:53]	根本 a->n
[2018-08-29 08:33:53]	一贯 b->d
[2018-08-29 08:33:53]	平素 a->d
[2018-08-29 08:33:53]	仰泳 vi->vn
[2018-08-29 08:33:53]	件 ng->q
[2018-08-29 08:33:53]	篇 ng->q
[2018-08-29 08:33:53]	终生 b->m
[2018-08-29 08:33:53]	口头 d->n
[2018-08-29 08:33:53]	西 b->f
[2018-08-29 08:33:53]	跳水 vi->vn
[2018-08-29 08:33:53]	跳远 vi->vn
[2018-08-29 08:33:53]	边缘 b->n
[2018-08-29 08:33:53]	边沿 f->p
[2018-08-29 08:33:53]	过期 vd->vi
[2018-08-29 08:33:53]	住院 vd->vi
[2018-08-29 08:33:53]	限期 n->vi
[2018-08-29 08:33:53]	集合 n->v
[2018-08-29 08:33:53]	零 a->m
[2018-08-29 08:33:53]	页 ng->q
[2018-08-29 08:33:53]	顷 dg->q
[2018-08-29 08:33:53]	初赛 n->vi
[2018-08-29 08:33:53]	麻痹 a->vi
[2018-08-29 08:33:53]	保健 b->n
[2018-08-29 08:33:53]	倍 d->q
[2018-08-29 08:33:53]	健康 a->an
[2018-08-29 08:33:53]	克 b->vg
[2018-08-29 08:33:53]	册 ng->q
[2018-08-29 08:33:53]	决赛 vi->vn
[2018-08-29 08:33:53]	遍地 vd->vi
[2018-08-29 08:33:53]	化验 n->v
[2018-08-29 08:33:53]	卫生 a->an
[2018-08-29 08:33:53]	原来 b->d
[2018-08-29 08:33:53]	原本 d->n
[2018-08-29 08:33:53]	发烧 b->vi
[2018-08-29 08:33:53]	右 a->f
[2018-08-29 08:33:53]	同时 c->n
[2018-08-29 08:33:53]	同期 d->f
[2018-08-29 08:33:53]	后期 f->t
[2018-08-29 08:33:53]	周长 n->nr
[2018-08-29 08:33:53]	国庆 n->t
[2018-08-29 08:33:53]	圆 a->vg
[2018-08-29 08:33:53]	墨 b->n
[2018-08-29 08:33:53]	新生 n->nr2
[2018-08-29 08:33:53]	夏 ng->tg
[2018-08-29 08:33:53]	定期 b->d
[2018-08-29 08:33:53]	年 n->qt
[2018-08-29 08:33:53]	延期 vd->vi
[2018-08-29 08:33:53]	缓期 vd->vi
[2018-08-29 08:33:53]	动感 b->n
[2018-08-29 08:33:53]	循环 vd->vn
[2018-08-29 08:33:53]	感冒 n->vi
[2018-08-29 08:33:53]	拼命 d->vi
[2018-08-29 08:33:53]	接力 n->vn
[2018-08-29 08:33:53]	常年 b->d
[2018-08-29 08:33:53]	终日 d->m
[2018-08-29 08:33:53]	时刻 d->n
[2018-08-29 08:33:53]	经常 b->d
[2018-08-29 08:33:53]	休克 vi->vn
[2018-08-29 08:33:53]	暂时 b->d
[2018-08-29 08:33:53]	眼前 s->t
[2018-08-29 08:33:53]	近来 d->t
[2018-08-29 08:33:53]	本能 d->n
[2018-08-29 08:33:53]	解 ng->v
[2018-08-29 08:33:53]	株 ng->q
[2018-08-29 08:33:53]	正面 a->n
[2018-08-29 08:33:53]	比 b->p
[2018-08-29 08:33:53]	永远 b->d
[2018-08-29 08:33:53]	恒久 a->z
[2018-08-29 08:33:53]	长期 b->d
[2018-08-29 08:33:53]	光 a->n
[2018-08-29 08:33:53]	对流 vi->vn
[2018-08-29 08:33:53]	平行 vd->vi
[2018-08-29 08:33:53]	死 a->v
[2018-08-29 08:33:53]	沉淀 n->vi
[2018-08-29 08:33:53]	火 a->n
[2018-08-29 08:33:53]	烧 n->vi
[2018-08-29 08:33:53]	相反 d->vi
[2018-08-29 08:33:53]	清明 a->t
[2018-08-29 08:33:53]	滑冰 n->vn
[2018-08-29 08:33:53]	甲 m->n
[2018-08-29 08:33:53]	疼痛 a->an
[2018-08-29 08:33:53]	痛苦 a->an
[2018-08-29 08:33:53]	直线 d->n
[2018-08-29 08:33:53]	秋 ng->tg
[2018-08-29 08:33:53]	联网 vd->vi
[2018-08-29 08:33:53]	裂变 n->vi
[2018-08-29 08:33:53]	象 n->ng
[2018-08-29 08:33:53]	辐射 n->v
[2018-08-29 08:33:53]	遗传 n->vn
[2018-08-29 08:33:53]	高压 b->n
[2018-08-29 08:33:53]	鼠 n->ng
[2018-08-29 08:33:53]	应当 d->v
[2018-08-29 08:33:53]	开阔 a->v
[2018-08-29 08:33:53]	当然 b->d
[2018-08-29 08:33:53]	晴 an->vi
[2018-08-29 08:33:53]	果然 c->d
[2018-08-29 08:33:53]	果真 c->d
[2018-08-29 08:33:53]	木 a->ng
[2018-08-29 08:33:53]	林 n->ng
[2018-08-29 08:33:53]	一定 b->d
[2018-08-29 08:33:53]	下游 f->n
[2018-08-29 08:33:53]	不然 a->c
[2018-08-29 08:33:53]	华夏 n->nz
[2018-08-29 08:33:53]	中游 f->n
[2018-08-29 08:33:53]	乔木 n->nr
[2018-08-29 08:33:53]	云 b->n
[2018-08-29 08:33:53]	依旧 d->z
[2018-08-29 08:33:53]	照旧 d->v
[2018-08-29 08:33:53]	从 d->p
[2018-08-29 08:33:53]	分布 vd->vi
[2018-08-29 08:33:53]	另外 c->rz
[2018-08-29 08:33:53]	叶 n->ng
[2018-08-29 08:33:53]	向 dg->p
[2018-08-29 08:33:53]	因为 c->p
[2018-08-29 08:33:53]	塘 b->ng
[2018-08-29 08:33:53]	大体 d->n
[2018-08-29 08:33:53]	大致 b->d
[2018-08-29 08:33:53]	仿佛 d->v
[2018-08-29 08:33:53]	近似 a->v
[2018-08-29 08:33:53]	宏观 a->n
[2018-08-29 08:33:53]	多次 ad->mq
[2018-08-29 08:33:53]	频仍 a->v
[2018-08-29 08:33:53]	辗转 vd->vi
[2018-08-29 08:33:53]	蜿蜒 v->z
[2018-08-29 08:33:53]	公 ad->ng
[2018-08-29 08:33:53]	露 ng->v
[2018-08-29 08:33:53]	首先 c->d
[2018-08-29 08:33:53]	最初 b->d
[2018-08-29 08:33:53]	和平 a->n
[2018-08-29 08:33:53]	排 n->v
[2018-08-29 08:33:53]	演习 v->vn
[2018-08-29 08:33:53]	舍身 d->v
[2018-08-29 08:33:53]	由于 c->p
[2018-08-29 08:33:53]	胜利 ad->vi
[2018-08-29 08:33:53]	边防 b->n
[2018-08-29 08:33:53]	隐蔽 a->v
[2018-08-29 08:33:53]	隐秘 a->n
[2018-08-29 08:33:53]	雷达 n->nr
[2018-08-29 08:33:53]	高度 d->n
[2018-08-29 08:33:53]	徐徐 d->nr
[2018-08-29 08:33:53]	湖 b->n
[2018-08-29 08:33:53]	高温 an->n
[2018-08-29 08:33:53]	火热 a->z
[2018-08-29 08:33:53]	甚至 c->d
[2018-08-29 08:33:53]	的 n->ude1
[2018-08-29 08:33:53]	神农架 n->ns
[2018-08-29 08:33:53]	到底 d->vi
[2018-08-29 08:33:53]	竹 n->ng
[2018-08-29 08:33:53]	经过 n->p
[2018-08-29 08:33:53]	花 a->n
[2018-08-29 08:33:53]	蕴含 n->v
[2018-08-29 08:33:53]	西双版纳 ns->nsf
[2018-08-29 08:33:53]	边陲 n->s
[2018-08-29 08:33:53]	金 b->ng
[2018-08-29 08:33:53]	银 b->ng
[2018-08-29 08:33:53]	锡 b->n
[2018-08-29 08:33:53]	长春 ns->nz
[2018-08-29 08:33:53]	中 b->f
[2018-08-29 08:33:53]	久 a->ng
[2018-08-29 08:33:53]	乌拉圭 ns->nsf
[2018-08-29 08:33:53]	了 ule->y
[2018-08-29 08:33:53]	以 b->p
[2018-08-29 08:33:53]	何 nr1->ry
[2018-08-29 08:33:53]	作 ng->v
[2018-08-29 08:33:53]	华盛顿 nrf->nsf
[2018-08-29 08:33:53]	可能 n->v
[2018-08-29 08:33:53]	孙 n->nr1
[2018-08-29 08:33:53]	孙子 n->nr
[2018-08-29 08:33:53]	孟加拉 n->nsf
[2018-08-29 08:33:53]	得 ude3->v
[2018-08-29 08:33:53]	愿 ng->v
[2018-08-29 08:33:53]	新加坡 ns->nsf
[2018-08-29 08:33:53]	杨 ng->nr1
[2018-08-29 08:33:53]	柬埔寨 ns->nsf
[2018-08-29 08:33:53]	如 c->v
[2018-08-29 08:33:53]	沈 b->nr1
[2018-08-29 08:33:53]	马马虎虎 al->z
[2018-08-29 08:33:53]	魏 nr1->tg
[2018-08-29 08:33:53]	互相 b->d
[2018-08-29 08:33:53]	交替 d->vi
[2018-08-29 08:33:53]	优惠 a->vn
[2018-08-29 08:33:53]	位 ng->q
[2018-08-29 08:33:53]	使劲 vd->vi
[2018-08-29 08:33:53]	保安 b->n
[2018-08-29 08:33:53]	倒 d->vi
[2018-08-29 08:33:53]	倾斜 vd->vi
[2018-08-29 08:33:53]	典型 a->n
[2018-08-29 08:33:53]	冰激凌 n->gms
[2018-08-29 08:33:53]	冲 p->v
[2018-08-29 08:33:53]	包子 n->gms
[2018-08-29 08:33:53]	反 b->vi
[2018-08-29 08:33:53]	施展 nr->v
[2018-08-29 08:33:53]	土 a->n
[2018-08-29 08:33:53]	堆 k->v
[2018-08-29 08:33:53]	孤立 a->v
[2018-08-29 08:33:53]	手工 d->n
[2018-08-29 08:33:53]	打字 vi->vn
[2018-08-29 08:33:53]	担 ng->v
[2018-08-29 08:33:53]	拐弯 n->vi
[2018-08-29 08:33:53]	指挥 n->v
[2018-08-29 08:33:53]	摩擦 v->vn
[2018-08-29 08:33:53]	收 ng->v
[2018-08-29 08:33:53]	信步 vd->vi
[2018-08-29 08:33:53]	方 a->d
[2018-08-29 08:33:53]	多数 a->m
[2018-08-29 08:33:53]	根据 n->p
[2018-08-29 08:33:53]	据 ng->p
[2018-08-29 08:33:53]	泉 n->ng
[2018-08-29 08:33:53]	消费 n->vn
[2018-08-29 08:33:53]	深入 a->v
[2018-08-29 08:33:53]	滴 q->v
[2018-08-29 08:33:53]	爆米花 n->gms
[2018-08-29 08:33:53]	狮 n->ng
[2018-08-29 08:33:53]	留 ng->v
[2018-08-29 08:33:53]	船埠 n->gjtgj
[2018-08-29 08:33:53]	研 ng->v
[2018-08-29 08:33:53]	确定 a->v
[2018-08-29 08:33:53]	空缺 n->v
[2018-08-29 08:33:53]	聊 d->v
[2018-08-29 08:33:53]	睿智 a->an
[2018-08-29 08:33:53]	肉 a->n
[2018-08-29 08:33:53]	反面 b->n
[2018-08-29 08:33:53]	肥 a->n
[2018-08-29 08:33:53]	记录 n->v
[2018-08-29 08:33:53]	记载 n->v
[2018-08-29 08:33:53]	设计 n->v
[2018-08-29 08:33:53]	调查 n->v
[2018-08-29 08:33:53]	负责 a->v
[2018-08-29 08:33:53]	削价 vd->vi
[2018-08-29 08:33:53]	降价 vd->vi
[2018-08-29 08:33:53]	减价 vd->vi
[2018-08-29 08:33:53]	边 b->n
[2018-08-29 08:33:53]	逆向 a->d
[2018-08-29 08:33:53]	透亮 a->vi
[2018-08-29 08:33:53]	集资 vd->vi
[2018-08-29 08:33:53]	需要 n->v
[2018-08-29 08:33:53]	靠 ng->v
[2018-08-29 08:33:53]	分类 vd->vi
[2018-08-29 08:33:53]	列 n->v
[2018-08-29 08:33:53]	固定 a->v
[2018-08-29 08:33:53]	块 ng->q
[2018-08-29 08:33:53]	宽带 b->n
[2018-08-29 08:33:53]	标注 n->v
[2018-08-29 08:33:53]	模拟 b->v
[2018-08-29 08:33:53]	盗版 n->vn
[2018-08-29 08:33:53]	型 k->ng
[2018-08-29 08:33:53]	行 a->vi
[2018-08-29 08:33:53]	隔离 vd->vn
[2018-08-29 08:33:53]	集成 b->v
[2018-08-29 08:33:53]	三星 n->nt
[2018-08-29 08:33:53]	三维 mq->n
[2018-08-29 08:33:53]	位移 n->v
[2018-08-29 08:33:53]	前端 f->n
[2018-08-29 08:33:53]	同心 a->vi
[2018-08-29 08:33:53]	同步 b->vi
[2018-08-29 08:33:53]	实时 a->n
[2018-08-29 08:33:53]	容错 b->vn
[2018-08-29 08:33:53]	微调 n->v
[2018-08-29 08:33:53]	批量 d->m
[2018-08-29 08:33:53]	指向 n->v
[2018-08-29 08:33:53]	搜狐 n->gwz
[2018-08-29 08:33:53]	数码 b->n
[2018-08-29 08:33:53]	整体 m->n
[2018-08-29 08:33:53]	新建 b->v
[2018-08-29 08:33:53]	特效 b->n
[2018-08-29 08:33:53]	移动 v->vn
[2018-08-29 08:33:53]	认证 vi->vn
[2018-08-29 08:33:53]	请求 n->v
[2018-08-29 08:33:53]	迁徙 n->v
[2018-08-29 08:33:53]	运算 vi->vn
[2018-08-29 08:33:53]	配置 n->v
[2018-08-29 08:33:53]	随机 b->d
[2018-08-29 08:33:53]	定时 b->d
[2018-08-29 08:33:53]	定点 b->n
[2018-08-29 08:33:53]	段 n->q
[2018-08-29 08:33:53]	编译 n->v
[2018-08-29 08:33:53]	安 ag->v
[2018-08-29 08:33:53]	安定 a->an
[2018-08-29 08:33:53]	带 n->v
[2018-08-29 08:33:53]	带子 n->v
[2018-08-29 08:33:53]	戴 nr1->v
[2018-08-29 08:33:53]	标准 a->n
[2018-08-29 08:33:53]	等 n->v
[2018-08-29 08:33:53]	船 n->gjtgj
[2018-08-29 08:33:53]	被 d->pbei
[2018-08-29 08:33:53]	道德 a->n
[2018-08-29 08:33:53]	道教 n->nz
[2018-08-29 08:33:53]	瞬间 n->t
[2018-08-29 08:33:53]	微 a->nz
[2018-08-29 08:33:53]	竹编 b->n
[2018-08-29 08:33:53]	审美 vi->vn
[2018-08-29 08:33:53]	雕版 b->n
[2018-08-29 08:33:53]	凝重 a->z
[2018-08-29 08:33:53]	超 h->v
[2018-08-29 08:33:53]	代办 n->v
[2018-08-29 08:33:53]	具象 a->n
[2018-08-29 08:33:53]	剪贴 n->v
[2018-08-29 08:33:53]	面 f->n
[2018-08-29 08:33:53]	写实主义 n->nl
[2018-08-29 08:33:53]	湿润 a->v
[2018-08-29 08:33:53]	超现实主义 b->n
[2018-08-29 08:33:53]	写实 b->vi
[2018-08-29 08:33:53]	诚心 a->n
[2018-08-29 08:33:53]	草编 b->n
[2018-08-29 08:33:53]	高贵 a->nr
[2018-08-29 08:33:53]	创作 n->v
[2018-08-29 08:33:53]	重叠 vd->vi
[2018-08-29 08:33:53]	昂首 vd->vi
[2018-08-29 08:33:53]	他人 rr->r
[2018-08-29 08:33:53]	老大 a->n
[2018-08-29 08:33:53]	各人 rr->r
[2018-08-29 08:33:53]	早起 vi->v
[2018-08-29 08:33:53]	下流 a->s
[2018-08-29 08:33:53]	在内 f->v
[2018-08-29 08:33:53]	回家 vi->v
[2018-08-29 08:33:53]	才能 n->v
[2018-08-29 08:33:53]	中意 a->n
[2018-08-29 08:33:53]	能干 a->v
[2018-08-29 08:33:53]	自大 a->an
[2018-08-29 08:33:53]	自得 an->a
[2018-08-29 08:33:53]	有余 m->v
[2018-08-29 08:33:53]	上流 b->n
[2018-08-29 08:33:53]	马上 d->n
[2018-08-29 08:33:53]	无法 d->v
[2018-08-29 08:33:53]	没法 d->v
[2018-08-29 08:33:53]	对等 vi->vn
[2018-08-29 08:33:53]	越过 v->n
[2018-08-29 08:33:53]	一口气 d->n
[2018-08-29 08:33:53]	得手 a->v
[2018-08-29 08:33:53]	国都 d->n
[2018-08-29 08:33:53]	就是 c->n
[2018-08-29 08:33:53]	有用 a->n
[2018-08-29 08:33:53]	无情 a->n
[2018-08-29 08:33:53]	从宽 d->v
[2018-08-29 08:33:53]	中选 vi->v
[2018-08-29 08:33:53]	一起 d->s
[2018-08-29 08:33:53]	一道 d->n
[2018-08-29 08:33:53]	一块 d->s
[2018-08-29 08:33:53]	不是 c->n
[2018-08-29 08:33:53]	总会 d->n
[2018-08-29 08:33:53]	你好 vl->n
[2018-08-29 08:33:53]	而后 c->d
[2018-08-29 08:33:53]	省钱 a->v
[2018-08-29 08:33:53]	人为 b->d
[2018-08-29 08:33:53]	大路 n->nz
[2018-08-29 08:33:53]	一下 d->m
[2018-08-29 08:33:53]	各处 rzs->r
[2018-08-29 08:33:53]	年间 f->n
[2018-08-29 08:33:53]	对应 vi->v
[2018-08-29 08:33:53]	秒钟 n->q
[2018-08-29 08:33:53]	真的 a->d
[2018-08-29 08:33:53]	从中 d->n
[2018-08-29 08:33:53]	乘机 d->vn
[2018-08-29 08:33:53]	七零八落 al->nl
[2018-08-29 08:33:53]	三角 n->ns
[2018-08-29 08:33:53]	用力 a->n
[2018-08-29 08:33:53]	完了 vi->n
[2018-08-29 08:33:53]	下场 n->v
[2018-08-29 08:33:53]	谈天 vi->v
[2018-08-29 08:33:53]	不结盟 vi->n
[2018-08-29 08:33:53]	不行 a->n
[2018-08-29 08:33:53]	促销 v->n
[2018-08-29 08:33:53]	倒休 vi->n
[2018-08-29 08:33:53]	刺鼻 a->n
[2018-08-29 08:33:53]	唱反调 v->n
[2018-08-29 08:33:53]	孔子 nr->n
[2018-08-29 08:33:53]	崔 nr1->n
[2018-08-29 08:33:53]	差点儿 d->n
[2018-08-29 08:33:53]	打工 vi->n
[2018-08-29 08:33:53]	拆线 vi->n
[2018-08-29 08:33:53]	棒 a->n
[2018-08-29 08:33:53]	磕 v->n
[2018-08-29 08:33:53]	粗心 a->n
[2018-08-29 08:33:53]	考虑 v->n
[2018-08-29 08:33:53]	肯德基 nz->n
[2018-08-29 08:33:53]	边境 s->n
[2018-08-29 08:33:53]	锤 ng->n
[2018-08-29 08:33:53]	飙升 v->n
