[2018-11-13 15:12:34]	爱 b->v
[2018-11-13 15:12:34]	安 ag->v
[2018-11-13 15:12:34]	安定 a->an
[2018-11-13 15:12:34]	本分 a->n
[2018-11-13 15:12:34]	宁静 a->an
[2018-11-13 15:12:34]	安宁 a->an
[2018-11-13 15:12:34]	安谧 a->an
[2018-11-13 15:12:34]	和缓 a->ad
[2018-11-13 15:12:34]	太平 a->ns
[2018-11-13 15:12:34]	安全 a->an
[2018-11-13 15:12:34]	安慰 a->v
[2018-11-13 15:12:34]	按时 d->ad
[2018-11-13 15:12:34]	昂首 vd->vi
[2018-11-13 15:12:34]	昂扬 a->v
[2018-11-13 15:12:34]	后悔 a->v
[2018-11-13 15:12:34]	八宝粥 n->gms
[2018-11-13 15:12:34]	把 m->v
[2018-11-13 15:12:34]	百合 n->nr
[2018-11-13 15:12:34]	绊 ng->v
[2018-11-13 15:12:34]	棒 a->ng
[2018-11-13 15:12:34]	包 n->v
[2018-11-13 15:12:34]	折 ng->vi
[2018-11-13 15:12:34]	叠 q->v
[2018-11-13 15:12:34]	包子 n->gms
[2018-11-13 15:12:34]	保安 b->n
[2018-11-13 15:12:34]	保障 n->v
[2018-11-13 15:12:34]	保健 b->n
[2018-11-13 15:12:34]	封闭 a->v
[2018-11-13 15:12:34]	保险 a->n
[2018-11-13 15:12:34]	保证 n->v
[2018-11-13 15:12:34]	不好意思 a->vl
[2018-11-13 15:12:34]	背 a->v
[2018-11-13 15:12:34]	被 d->pbei
[2018-11-13 15:12:34]	必然 b->n
[2018-11-13 15:12:34]	一定 b->d
[2018-11-13 15:12:34]	边 b->n
[2018-11-13 15:12:34]	边缘 b->n
[2018-11-13 15:12:34]	边防 b->n
[2018-11-13 15:12:34]	边陲 n->s
[2018-11-13 15:12:34]	变化 v->vn
[2018-11-13 15:12:34]	标准 a->n
[2018-11-13 15:12:34]	规范 a->v
[2018-11-13 15:12:34]	飞跃 vi->vn
[2018-11-13 15:12:34]	口头 d->n
[2018-11-13 15:12:34]	表现 n->v
[2018-11-13 15:12:34]	别名 n->nz
[2018-11-13 15:12:34]	做作 a->v
[2018-11-13 15:12:34]	拨 q->v
[2018-11-13 15:12:34]	奔腾 nz->vi
[2018-11-13 15:12:34]	盘剥 v->vn
[2018-11-13 15:12:34]	补偿 v->vn
[2018-11-13 15:12:34]	甭 d->v
[2018-11-13 15:12:34]	不安 a->an
[2018-11-13 15:12:34]	焦虑 a->an
[2018-11-13 15:12:34]	恐慌 a->an
[2018-11-13 15:12:34]	不满 a->an
[2018-11-13 15:12:34]	例外 n->vi
[2018-11-13 15:12:34]	不幸 a->n
[2018-11-13 15:12:34]	部分 m->n
[2018-11-13 15:12:34]	华 ag->b
[2018-11-13 15:12:34]	愧疚 a->an
[2018-11-13 15:12:34]	辉煌 a->an
[2018-11-13 15:12:34]	绚烂 a->an
[2018-11-13 15:12:34]	仓储 n->vn
[2018-11-13 15:12:34]	费心 a->v
[2018-11-13 15:12:34]	迥异 a->z
[2018-11-13 15:12:34]	叶 n->ng
[2018-11-13 15:12:34]	拆解 v->vn
[2018-11-13 15:12:34]	知了 n->nz
[2018-11-13 15:12:34]	长春 ns->nz
[2018-11-13 15:12:34]	经常 b->d
[2018-11-13 15:12:34]	超 h->v
[2018-11-13 15:12:34]	超产 v->vn
[2018-11-13 15:12:34]	超支 n->v
[2018-11-13 15:12:34]	车次 n->nz
[2018-11-13 15:12:34]	沉淀 n->vi
[2018-11-13 15:12:34]	尽职 vd->vi
[2018-11-13 15:12:34]	诚心 a->n
[2018-11-13 15:12:34]	党羽 n->nz
[2018-11-13 15:12:34]	冲突 vi->vn
[2018-11-13 15:12:34]	倾心 ad->vi
[2018-11-13 15:12:34]	喜好 an->v
[2018-11-13 15:12:34]	空洞 a->n
[2018-11-13 15:12:34]	抽样 vd->vi
[2018-11-13 15:12:34]	臭豆腐 n->gms
[2018-11-13 15:12:34]	出口 n->vi
[2018-11-13 15:12:34]	肇事 vi->vn
[2018-11-13 15:12:34]	出租 n->v
[2018-11-13 15:12:34]	先期 b->d
[2018-11-13 15:12:34]	除外 vi->v
[2018-11-13 15:12:34]	装 n->v
[2018-11-13 15:12:34]	传统 a->n
[2018-11-13 15:12:34]	船 n->gjtgj
[2018-11-13 15:12:34]	轮船 n->gjtgj
[2018-11-13 15:12:34]	船舶 n->gjtgj
[2018-11-13 15:12:34]	春分 t->n
[2018-11-13 15:12:34]	刺 n->v
[2018-11-13 15:12:34]	睿智 a->an
[2018-11-13 15:12:34]	智慧 a->n
[2018-11-13 15:12:34]	从 d->p
[2018-11-13 15:12:34]	自 d->p
[2018-11-13 15:12:34]	粗心 a->an
[2018-11-13 15:12:34]	大意 a->n
[2018-11-13 15:12:34]	酸 a->n
[2018-11-13 15:12:34]	摩擦 v->vn
[2018-11-13 15:12:34]	坎坷 a->an
[2018-11-13 15:12:34]	错误 a->n
[2018-11-13 15:12:34]	达标 vd->vi
[2018-11-13 15:12:34]	答复 n->v
[2018-11-13 15:12:34]	打 p->v
[2018-11-13 15:12:34]	狩猎 n->vi
[2018-11-13 15:12:34]	打算 n->v
[2018-11-13 15:12:34]	大寒 t->nz
[2018-11-13 15:12:34]	大家 n->rr
[2018-11-13 15:12:34]	大料 n->nz
[2018-11-13 15:12:34]	大致 b->d
[2018-11-13 15:12:34]	呆 a->v
[2018-11-13 15:12:34]	代办 n->v
[2018-11-13 15:12:34]	代理 n->v
[2018-11-13 15:12:34]	带 n->v
[2018-11-13 15:12:34]	带子 n->v
[2018-11-13 15:12:34]	条 ng->q
[2018-11-13 15:12:34]	戴 nr1->v
[2018-11-13 15:12:34]	单 b->d
[2018-11-13 15:12:34]	单独 b->d
[2018-11-13 15:12:34]	当面 d->n
[2018-11-13 15:12:34]	那天 r->t
[2018-11-13 15:12:34]	挡 n->v
[2018-11-13 15:12:34]	的 n->ude1
[2018-11-13 15:12:34]	得 ude3->v
[2018-11-13 15:12:34]	到 p->v
[2018-11-13 15:12:34]	倒 d->vi
[2018-11-13 15:12:34]	偷 d->v
[2018-11-13 15:12:34]	道德 a->n
[2018-11-13 15:12:34]	道教 n->nz
[2018-11-13 15:12:34]	上岸 vi->v
[2018-11-13 15:12:34]	等 n->v
[2018-11-13 15:12:34]	地铁 n->gjtgj
[2018-11-13 15:12:34]	光 a->n
[2018-11-13 15:12:34]	光辉 a->n
[2018-11-13 15:12:34]	顶 f->v
[2018-11-13 15:12:34]	定额 d->n
[2018-11-13 15:12:34]	定期 b->d
[2018-11-13 15:12:34]	东 b->f
[2018-11-13 15:12:34]	东乡族 ns->nz
[2018-11-13 15:12:34]	全部 m->ad
[2018-11-13 15:12:34]	斗争 vi->vn
[2018-11-13 15:12:34]	独立 a->v
[2018-11-13 15:12:34]	自力 n->nr
[2018-11-13 15:12:34]	渡 ng->v
[2018-11-13 15:12:34]	端 ng->v
[2018-11-13 15:12:34]	端正 a->v
[2018-11-13 15:12:34]	断 d->v
[2018-11-13 15:12:34]	对仗 n->nz
[2018-11-13 15:12:34]	多 a->m
[2018-11-13 15:12:34]	饿 a->v
[2018-11-13 15:12:34]	发 ng->v
[2018-11-13 15:12:34]	带头 vd->vi
[2018-11-13 15:12:34]	发糕 n->gms
[2018-11-13 15:12:34]	施展 nr->v
[2018-11-13 15:12:34]	发烧 b->vi
[2018-11-13 15:12:34]	无力 a->vi
[2018-11-13 15:12:34]	法 b->n
[2018-11-13 15:12:34]	庭审 n->v
[2018-11-13 15:12:34]	帆船 n->gjtgj
[2018-11-13 15:12:34]	繁荣 a->an
[2018-11-13 15:12:34]	重复 a->v
[2018-11-13 15:12:34]	来回 d->vi
[2018-11-13 15:12:34]	反面 b->n
[2018-11-13 15:12:34]	反应 n->vi
[2018-11-13 15:12:34]	犯罪 vi->vn
[2018-11-13 15:12:34]	范 ng->nr1
[2018-11-13 15:12:34]	方 a->d
[2018-11-13 15:12:34]	方便面 n->gms
[2018-11-13 15:12:34]	防汛 vi->vn
[2018-11-13 15:12:34]	飞机 n->gjtgj
[2018-11-13 15:12:34]	肥 a->n
[2018-11-13 15:12:34]	分布 vd->vi
[2018-11-13 15:12:34]	分离 vd->vi
[2018-11-13 15:12:34]	分米 q->qt
[2018-11-13 15:12:34]	生气 a->n
[2018-11-13 15:12:34]	风光 a->n
[2018-11-13 15:12:34]	封 ng->v
[2018-11-13 15:12:34]	冯 m->nr1
[2018-11-13 15:12:34]	抚恤 vi->vn
[2018-11-13 15:12:34]	远望 nz->v
[2018-11-13 15:12:34]	腐败 a->an
[2018-11-13 15:12:34]	负责 a->v
[2018-11-13 15:12:34]	中兴 ns->nz
[2018-11-13 15:12:34]	副词 n->nz
[2018-11-13 15:12:34]	付 q->v
[2018-11-13 15:12:34]	次要 b->bl
[2018-11-13 15:12:34]	富 a->vg
[2018-11-13 15:12:34]	富有 a->v
[2018-11-13 15:12:34]	富余 a->vn
[2018-11-13 15:12:34]	盖 d->v
[2018-11-13 15:12:34]	扣 ng->v
[2018-11-13 15:12:34]	干 a->v
[2018-11-13 15:12:34]	甘 ad->ag
[2018-11-13 15:12:34]	感动 a->v
[2018-11-13 15:12:34]	感冒 n->vi
[2018-11-13 15:12:34]	不久 d->m
[2018-11-13 15:12:34]	方才 d->nr
[2018-11-13 15:12:34]	高贵 a->nr
[2018-11-13 15:12:34]	年老 a->vi
[2018-11-13 15:12:34]	革命 a->vn
[2018-11-13 15:12:34]	解 ng->v
[2018-11-13 15:12:34]	根据 n->p
[2018-11-13 15:12:34]	据 ng->p
[2018-11-13 15:12:34]	跟随 p->v
[2018-11-13 15:12:34]	随着 d->p
[2018-11-13 15:12:34]	更年期 n->t
[2018-11-13 15:12:34]	工作 n->vn
[2018-11-13 15:12:34]	公开 a->v
[2018-11-13 15:12:34]	巩固 a->v
[2018-11-13 15:12:34]	共产党 n->nz
[2018-11-13 15:12:34]	奉献 n->v
[2018-11-13 15:12:34]	够 a->v
[2018-11-13 15:12:34]	孤立 a->v
[2018-11-13 15:12:34]	孤僻 a->an
[2018-11-13 15:12:34]	鼓 a->v
[2018-11-13 15:12:34]	彭 m->nr1
[2018-11-13 15:12:34]	鼓舞 a->v
[2018-11-13 15:12:34]	固定 a->v
[2018-11-13 15:12:34]	稳定 a->an
[2018-11-13 15:12:34]	传奇 a->n
[2018-11-13 15:12:34]	故意 b->d
[2018-11-13 15:12:34]	有意 d->vi
[2018-11-13 15:12:34]	成心 d->v
[2018-11-13 15:12:34]	顾 ng->v
[2018-11-13 15:12:34]	挂 q->v
[2018-11-13 15:12:34]	关切 a->v
[2018-11-13 15:12:34]	论断 n->vn
[2018-11-13 15:12:34]	臣 n->ng
[2018-11-13 15:12:34]	管理 v->vn
[2018-11-13 15:12:34]	管制 v->vn
[2018-11-13 15:12:34]	光明 a->n
[2018-11-13 15:12:34]	亮 a->vi
[2018-11-13 15:12:34]	归结 n->vi
[2018-11-13 15:12:34]	鬼 a->n
[2018-11-13 15:12:34]	邪 a->ag
[2018-11-13 15:12:34]	滚 ng->vi
[2018-11-13 15:12:34]	国庆 n->t
[2018-11-13 15:12:34]	干脆 a->d
[2018-11-13 15:12:34]	断然 b->d
[2018-11-13 15:12:34]	果然 c->d
[2018-11-13 15:12:34]	果真 c->d
[2018-11-13 15:12:34]	过期 vd->vi
[2018-11-13 15:12:34]	海口 n->ns
[2018-11-13 15:12:34]	琼 b->nr1
[2018-11-13 15:12:34]	叫 n->vi
[2018-11-13 15:12:34]	汉堡包 n->gms
[2018-11-13 15:12:34]	数码 b->n
[2018-11-13 15:12:34]	合资 b->vi
[2018-11-13 15:12:34]	集资 vd->vi
[2018-11-13 15:12:34]	合伙 vd->vi
[2018-11-13 15:12:34]	合股 vd->vi
[2018-11-13 15:12:34]	和 ag->cc
[2018-11-13 15:12:34]	集合 n->v
[2018-11-13 15:12:34]	与 cc->p
[2018-11-13 15:12:34]	同 cc->p
[2018-11-13 15:12:34]	并 cc->d
[2018-11-13 15:12:34]	狠 a->d
[2018-11-13 15:12:34]	狠心 a->an
[2018-11-13 15:12:34]	横 a->v
[2018-11-13 15:12:34]	哄 o->v
[2018-11-13 15:12:34]	后期 f->t
[2018-11-13 15:12:34]	胡 d->nr1
[2018-11-13 15:12:34]	湖 b->n
[2018-11-13 15:12:34]	迷惑 a->v
[2018-11-13 15:12:34]	依稀 a->d
[2018-11-13 15:12:34]	互相 b->d
[2018-11-13 15:12:34]	花 a->n
[2018-11-13 15:12:34]	花卷 n->gms
[2018-11-13 15:12:34]	滑冰 n->vn
[2018-11-13 15:12:34]	滑雪 vi->vn
[2018-11-13 15:12:34]	化验 n->v
[2018-11-13 15:12:34]	打扮 n->v
[2018-11-13 15:12:34]	还账 v->vi
[2018-11-13 15:12:34]	涣散 a->v
[2018-11-13 15:12:34]	怪诞 a->an
[2018-11-13 15:12:34]	黄色 b->n
[2018-11-13 15:12:34]	回头 d->vi
[2018-11-13 15:12:34]	会 n->v
[2018-11-13 15:12:34]	馄饨 n->gms
[2018-11-13 15:12:34]	活动 a->vn
[2018-11-13 15:12:34]	该死 vi->v
[2018-11-13 15:12:34]	活 a->n
[2018-11-13 15:12:34]	火车 n->gjtgj
[2018-11-13 15:12:34]	机械 a->n
[2018-11-13 15:12:34]	缉私 vi->vn
[2018-11-13 15:12:34]	狂热 a->an
[2018-11-13 15:12:34]	极端 a->n
[2018-11-13 15:12:34]	集邮 vi->vn
[2018-11-13 15:12:34]	集中 a->v
[2018-11-13 15:12:34]	挤 a->v
[2018-11-13 15:12:34]	运算 vi->vn
[2018-11-13 15:12:34]	记录 n->v
[2018-11-13 15:12:34]	记载 n->v
[2018-11-13 15:12:34]	纪念 n->v
[2018-11-13 15:12:34]	长项 n->nz
[2018-11-13 15:12:34]	加班 vd->vi
[2018-11-13 15:12:34]	夹 b->v
[2018-11-13 15:12:34]	家 k->n
[2018-11-13 15:12:34]	值 a->n
[2018-11-13 15:12:34]	尖端 b->n
[2018-11-13 15:12:34]	坚定 a->v
[2018-11-13 15:12:34]	监察 v->vn
[2018-11-13 15:12:34]	调查 n->v
[2018-11-13 15:12:34]	方便 a->v
[2018-11-13 15:12:34]	便利 a->an
[2018-11-13 15:12:34]	间接 a->b
[2018-11-13 15:12:34]	建设 n->vn
[2018-11-13 15:12:34]	健全 a->v
[2018-11-13 15:12:34]	讲究 a->v
[2018-11-13 15:12:34]	降价 vd->vi
[2018-11-13 15:12:34]	坦白 a->v
[2018-11-13 15:12:34]	灌 ng->v
[2018-11-13 15:12:34]	娇气 a->n
[2018-11-13 15:12:34]	骄傲 a->an
[2018-11-13 15:12:34]	饺子 n->gms
[2018-11-13 15:12:34]	教 ng->v
[2018-11-13 15:12:34]	教育 v->vn
[2018-11-13 15:12:34]	接力 n->vn
[2018-11-13 15:12:34]	结果 c->n
[2018-11-13 15:12:34]	结业 vd->vi
[2018-11-13 15:12:34]	解放 a->v
[2018-11-13 15:12:34]	解放战争 n->nz
[2018-11-13 15:12:34]	借 p->v
[2018-11-13 15:12:34]	租 ng->v
[2018-11-13 15:12:34]	借贷 n->v
[2018-11-13 15:12:34]	借条 n->nz
[2018-11-13 15:12:34]	金 b->ng
[2018-11-13 15:12:34]	尽力 d->vi
[2018-11-13 15:12:34]	全力 d->n
[2018-11-13 15:12:34]	尽心 a->v
[2018-11-13 15:12:34]	进步 a->vn
[2018-11-13 15:12:34]	临近 a->v
[2018-11-13 15:12:34]	经过 n->p
[2018-11-13 15:12:34]	经济 a->n
[2018-11-13 15:12:34]	经营 n->v
[2018-11-13 15:12:34]	精神 a->n
[2018-11-13 15:12:34]	感慨 a->v
[2018-11-13 15:12:34]	警惕 a->v
[2018-11-13 15:12:34]	敬业 a->vi
[2018-11-13 15:12:34]	就 c->d
[2018-11-13 15:12:34]	举 ag->v
[2018-11-13 15:12:34]	举重 n->vn
[2018-11-13 15:12:34]	行 a->vi
[2018-11-13 15:12:34]	锯 n->v
[2018-11-13 15:12:34]	卷 ng->v
[2018-11-13 15:12:34]	决定 n->v
[2018-11-13 15:12:34]	决赛 vi->vn
[2018-11-13 15:12:34]	决心 d->n
[2018-11-13 15:12:34]	开创 n->v
[2018-11-13 15:12:34]	开放 a->v
[2018-11-13 15:12:34]	开阔 a->v
[2018-11-13 15:12:34]	伊始 t->vi
[2018-11-13 15:12:34]	初叶 f->t
[2018-11-13 15:12:34]	初始 b->t
[2018-11-13 15:12:34]	初步 b->d
[2018-11-13 15:12:34]	看 u->v
[2018-11-13 15:12:34]	测验 v->vn
[2018-11-13 15:12:34]	考验 v->vn
[2018-11-13 15:12:34]	烤鸭 n->gms
[2018-11-13 15:12:34]	靠 ng->v
[2018-11-13 15:12:34]	科学 a->n
[2018-11-13 15:12:34]	可怜 a->v
[2018-11-13 15:12:34]	可惜 a->v
[2018-11-13 15:12:34]	可以 a->v
[2018-11-13 15:12:34]	能 d->v
[2018-11-13 15:12:34]	克 b->vg
[2018-11-13 15:12:34]	客观 a->n
[2018-11-13 15:12:34]	买家 n->nz
[2018-11-13 15:12:34]	肯定 a->v
[2018-11-13 15:12:34]	空 a->v
[2018-11-13 15:12:34]	口 f->n
[2018-11-13 15:12:34]	苦 a->an
[2018-11-13 15:12:34]	苦涩 a->an
[2018-11-13 15:12:34]	苦闷 a->an
[2018-11-13 15:12:34]	迷茫 a->an
[2018-11-13 15:12:34]	苦恼 a->an
[2018-11-13 15:12:34]	迷惘 a->an
[2018-11-13 15:12:34]	夸张 n->vi
[2018-11-13 15:12:34]	跨 ng->v
[2018-11-13 15:12:34]	越 b->d
[2018-11-13 15:12:34]	匡 nr1->vg
[2018-11-13 15:12:34]	捆 ng->v
[2018-11-13 15:12:34]	困惑 a->an
[2018-11-13 15:12:34]	疑惑 an->v
[2018-11-13 15:12:34]	困难 a->an
[2018-11-13 15:12:34]	拉 b->v
[2018-11-13 15:12:34]	腊八粥 n->gms
[2018-11-13 15:12:34]	来 f->vf
[2018-11-13 15:12:34]	天车 n->nz
[2018-11-13 15:12:34]	懈怠 a->an
[2018-11-13 15:12:34]	劳动 vi->vn
[2018-11-13 15:12:34]	坚韧 a->an
[2018-11-13 15:12:34]	铭刻 n->v
[2018-11-13 15:12:34]	铭记 n->v
[2018-11-13 15:12:34]	东家 n->nz
[2018-11-13 15:12:34]	了 ule->y
[2018-11-13 15:12:34]	累 a->v
[2018-11-13 15:12:34]	疲劳 a->an
[2018-11-13 15:12:34]	困倦 a->an
[2018-11-13 15:12:34]	倦怠 a->an
[2018-11-13 15:12:34]	礼貌 a->an
[2018-11-13 15:12:34]	李 ng->nr1
[2018-11-13 15:12:34]	理想 a->n
[2018-11-13 15:12:34]	理性 b->n
[2018-11-13 15:12:35]	连 d->n
[2018-11-13 15:12:35]	盟 n->ng
[2018-11-13 15:12:35]	联系 n->v
[2018-11-13 15:12:35]	练习 n->v
[2018-11-13 15:12:35]	辽 b->tg
[2018-11-13 15:12:35]	劣 a->ag
[2018-11-13 15:12:35]	林 n->ng
[2018-11-13 15:12:35]	小气 a->ad
[2018-11-13 15:12:35]	零售 v->vn
[2018-11-13 15:12:35]	另外 c->rz
[2018-11-13 15:12:35]	小产 v->vi
[2018-11-13 15:12:35]	流行 a->v
[2018-11-13 15:12:35]	柳 n->ng
[2018-11-13 15:12:35]	漏 ng->v
[2018-11-13 15:12:35]	滴 q->v
[2018-11-13 15:12:35]	露 ng->v
[2018-11-13 15:12:35]	旅游 vi->vn
[2018-11-13 15:12:35]	动感 b->n
[2018-11-13 15:12:35]	乱 a->d
[2018-11-13 15:12:35]	轮班 vd->vn
[2018-11-13 15:12:35]	转 ng->v
[2018-11-13 15:12:35]	麻 a->n
[2018-11-13 15:12:35]	麻烦 a->an
[2018-11-13 15:12:35]	烦恼 a->an
[2018-11-13 15:12:35]	马 b->n
[2018-11-13 15:12:35]	馒头 n->gms
[2018-11-13 15:12:35]	满 a->v
[2018-11-13 15:12:35]	满足 a->v
[2018-11-13 15:12:35]	忙 a->v
[2018-11-13 15:12:35]	蒙 b->vi
[2018-11-13 15:12:35]	毛 a->nr1
[2018-11-13 15:12:35]	矛盾 a->an
[2018-11-13 15:12:35]	冒险 vd->vi
[2018-11-13 15:12:35]	贸易 v->vn
[2018-11-13 15:12:35]	没有 d->v
[2018-11-13 15:12:35]	无 d->v
[2018-11-13 15:12:35]	美 a->b
[2018-11-13 15:12:35]	住院 vd->vi
[2018-11-13 15:12:35]	耳语 n->vi
[2018-11-13 15:12:35]	秘密 a->n
[2018-11-13 15:12:35]	机密 a->n
[2018-11-13 15:12:35]	免费 vd->vi
[2018-11-13 15:12:35]	勉强 a->v
[2018-11-13 15:12:35]	民主 a->an
[2018-11-13 15:12:35]	起名 vi->v
[2018-11-13 15:12:35]	模范 a->n
[2018-11-13 15:12:35]	模拟 b->v
[2018-11-13 15:12:35]	磨 n->v
[2018-11-13 15:12:35]	生分 a->ad
[2018-11-13 15:12:35]	墨 b->n
[2018-11-13 15:12:35]	母 b->ng
[2018-11-13 15:12:35]	木 a->ng
[2018-11-13 15:12:35]	捐款 n->vi
[2018-11-13 15:12:35]	拿 p->v
[2018-11-13 15:12:35]	上税 v->vi
[2018-11-13 15:12:35]	委屈 a->v
[2018-11-13 15:12:35]	悲痛 a->an
[2018-11-13 15:12:35]	内蒙古自治区 ns->nz
[2018-11-13 15:12:35]	倪 x->n
[2018-11-13 15:12:35]	拟人 n->nz
[2018-11-13 15:12:35]	年 n->qt
[2018-11-13 15:12:35]	年岁 n->nl
[2018-11-13 15:12:35]	年事 n->nl
[2018-11-13 15:12:35]	凝眸 vd->vi
[2018-11-13 15:12:35]	牛 ag->n
[2018-11-13 15:12:35]	努力 a->an
[2018-11-13 15:12:35]	暖 a->v
[2018-11-13 15:12:35]	温暖 a->an
[2018-11-13 15:12:35]	温热 a->an
[2018-11-13 15:12:35]	和暖 a->an
[2018-11-13 15:12:35]	偶尔 b->d
[2018-11-13 15:12:35]	扑 o->v
[2018-11-13 15:12:35]	攀 b->v
[2018-11-13 15:12:35]	拍 ng->v
[2018-11-13 15:12:35]	排 n->v
[2018-11-13 15:12:35]	排队 n->vi
[2018-11-13 15:12:35]	派出所 n->gms
[2018-11-13 15:12:35]	派遣 v->gms
[2018-11-13 15:12:35]	派出 v->gms
[2018-11-13 15:12:35]	判断 n->v
[2018-11-13 15:12:35]	抛 nr1->v
[2018-11-13 15:12:35]	配套 a->v
[2018-11-13 15:12:35]	烹饪 n->vi
[2018-11-13 15:12:35]	相知 n->v
[2018-11-13 15:12:35]	捧 q->v
[2018-11-13 15:12:35]	批发 v->vn
[2018-11-13 15:12:35]	偏 a->d
[2018-11-13 15:12:35]	单方面 b->n
[2018-11-13 15:12:35]	飘 a->v
[2018-11-13 15:12:35]	撇 q->v
[2018-11-13 15:12:35]	应邀 vd->vi
[2018-11-13 15:12:35]	平 a->v
[2018-11-13 15:12:35]	通常 b->d
[2018-11-13 15:12:35]	破 a->v
[2018-11-13 15:12:35]	铺 n->v
[2018-11-13 15:12:35]	普及 a->v
[2018-11-13 15:12:35]	遍地 vd->vi
[2018-11-13 15:12:35]	限期 n->vi
[2018-11-13 15:12:35]	奇怪 a->v
[2018-11-13 15:12:35]	祷告 v->vn
[2018-11-13 15:12:35]	辗转 vd->vi
[2018-11-13 15:12:35]	蜿蜒 v->z
[2018-11-13 15:12:35]	启示 v->vn
[2018-11-13 15:12:35]	矜持 a->an
[2018-11-13 15:12:35]	署名 n->vi
[2018-11-13 15:12:35]	签名 n->vi
[2018-11-13 15:12:35]	前天 n->t
[2018-11-13 15:12:35]	壮 a->v
[2018-11-13 15:12:35]	争 ng->v
[2018-11-13 15:12:35]	乔木 n->nr
[2018-11-13 15:12:35]	切 ag->v
[2018-11-13 15:12:35]	亲近 a->v
[2018-11-13 15:12:35]	明确 a->v
[2018-11-13 15:12:35]	纯洁 a->v
[2018-11-13 15:12:35]	清明 a->t
[2018-11-13 15:12:35]	晴 an->vi
[2018-11-13 15:12:35]	让 p->v
[2018-11-13 15:12:35]	祝 ng->v
[2018-11-13 15:12:35]	贺 ng->vg
[2018-11-13 15:12:35]	秋 ng->tg
[2018-11-13 15:12:35]	求 ng->v
[2018-11-13 15:12:35]	曲 ag->n
[2018-11-13 15:12:35]	出 q->vf
[2018-11-13 15:12:35]	泉 n->ng
[2018-11-13 15:12:35]	缺 n->v
[2018-11-13 15:12:35]	欠缺 a->vi
[2018-11-13 15:12:35]	火 a->n
[2018-11-13 15:12:35]	夏 ng->tg
[2018-11-13 15:12:35]	热情 a->an
[2018-11-13 15:12:35]	热气球 n->gjtgj
[2018-11-13 15:12:35]	热心 a->v
[2018-11-13 15:12:35]	热忱 a->an
[2018-11-13 15:12:35]	热诚 a->an
[2018-11-13 15:12:35]	委任 n->v
[2018-11-13 15:12:35]	依旧 d->z
[2018-11-13 15:12:35]	照旧 d->v
[2018-11-13 15:12:35]	肉 a->n
[2018-11-13 15:12:35]	肉 a->gms
[2018-11-13 15:12:35]	撒 n->v
[2018-11-13 15:12:35]	塞 b->v
[2018-11-13 15:12:35]	堵 a->v
[2018-11-13 15:12:35]	信步 vd->vi
[2018-11-13 15:12:35]	土 a->n
[2018-11-13 15:12:35]	上 b->f
[2018-11-13 15:12:35]	设计 n->v
[2018-11-13 15:12:35]	摄像 n->vi
[2018-11-13 15:12:35]	申请 n->v
[2018-11-13 15:12:35]	全身 b->n
[2018-11-13 15:12:35]	体 k->ng
[2018-11-13 15:12:35]	身段 n->nz
[2018-11-13 15:12:35]	深入 a->v
[2018-11-13 15:12:35]	深度 ad->n
[2018-11-13 15:12:35]	神气 a->n
[2018-11-13 15:12:35]	升 q->v
[2018-11-13 15:12:35]	增值 n->vi
[2018-11-13 15:12:35]	生 a->v
[2018-11-13 15:12:35]	生产 n->v
[2018-11-13 15:12:35]	出产 n->v
[2018-11-13 15:12:35]	生活 vi->vn
[2018-11-13 15:12:35]	胜利 ad->vi
[2018-11-13 15:12:35]	失落 a->v
[2018-11-13 15:12:35]	狮 n->ng
[2018-11-13 15:12:35]	滋润 a->v
[2018-11-13 15:12:35]	温润 a->an
[2018-11-13 15:12:35]	石 b->ng
[2018-11-13 15:12:35]	时刻 d->n
[2018-11-13 15:12:35]	实践 n->v
[2018-11-13 15:12:35]	实质 a->n
[2018-11-13 15:12:35]	示范 vi->vn
[2018-11-13 15:12:35]	凡间 s->n
[2018-11-13 15:12:35]	是 ng->vshi
[2018-11-13 15:12:35]	便是 v->vd
[2018-11-13 15:12:35]	是否 d->v
[2018-11-13 15:12:35]	释迦牟尼 n->nrf
[2018-11-13 15:12:35]	收条 n->nz
[2018-11-13 15:12:35]	手 k->n
[2018-11-13 15:12:35]	手工 d->n
[2018-11-13 15:12:35]	守法 vd->vi
[2018-11-13 15:12:35]	首创 nz->v
[2018-11-13 15:12:35]	首先 c->d
[2018-11-13 15:12:35]	初 d->f
[2018-11-13 15:12:35]	最初 b->d
[2018-11-13 15:12:35]	禁不起 v->vd
[2018-11-13 15:12:35]	本 d->rz
[2018-11-13 15:12:35]	册 ng->q
[2018-11-13 15:12:35]	书册 n->nl
[2018-11-13 15:12:35]	疏松 a->vn
[2018-11-13 15:12:35]	熟悉 a->v
[2018-11-13 15:12:35]	属实 a->v
[2018-11-13 15:12:35]	鼠 n->ng
[2018-11-13 15:12:35]	竖 n->v
[2018-11-13 15:12:35]	刷 o->v
[2018-11-13 15:12:35]	帅 ng->nr1
[2018-11-13 15:12:35]	水笔 n->nz
[2018-11-13 15:12:35]	说 ng->v
[2018-11-13 15:12:35]	讲 ng->v
[2018-11-13 15:12:35]	司 n->ng
[2018-11-13 15:12:35]	松 a->v
[2018-11-13 15:12:35]	松懈 a->v
[2018-11-13 15:12:35]	宋 nr1->tg
[2018-11-13 15:12:35]	孙 n->nr1
[2018-11-13 15:12:35]	孙子 n->nr
[2018-11-13 15:12:35]	锁 n->v
[2018-11-13 15:12:35]	塔 b->n
[2018-11-13 15:12:35]	贪吃 an->v
[2018-11-13 15:12:35]	贪心 a->v
[2018-11-13 15:12:35]	弹 ng->v
[2018-11-13 15:12:35]	烫 a->v
[2018-11-13 15:12:35]	特别 a->d
[2018-11-13 15:12:35]	希罕 a->v
[2018-11-13 15:12:35]	疼痛 a->an
[2018-11-13 15:12:35]	挑剔 a->v
[2018-11-13 15:12:35]	提成 n->vi
[2018-11-13 15:12:35]	提议 n->v
[2018-11-13 15:12:35]	田野 n->nr
[2018-11-13 15:12:35]	唐 b->tg
[2018-11-13 15:12:35]	甘甜 a->an
[2018-11-13 15:12:35]	担 ng->v
[2018-11-13 15:12:35]	调控 v->vn
[2018-11-13 15:12:35]	跳 q->vi
[2018-11-13 15:12:35]	跳水 vi->vn
[2018-11-13 15:12:35]	跳远 vi->vn
[2018-11-13 15:12:35]	听 q->v
[2018-11-13 15:12:35]	通信 vi->vn
[2018-11-13 15:12:35]	同时 c->n
[2018-11-13 15:12:35]	同期 d->f
[2018-11-13 15:12:35]	统一 a->v
[2018-11-13 15:12:35]	痛苦 a->an
[2018-11-13 15:12:35]	头 k->n
[2018-11-13 15:12:35]	投资 n->v
[2018-11-13 15:12:35]	投入 a->v
[2018-11-13 15:12:35]	突出 a->v
[2018-11-13 15:12:35]	团结 a->v
[2018-11-13 15:12:35]	托 ng->v
[2018-11-13 15:12:35]	歪 a->v
[2018-11-13 15:12:35]	倾斜 vd->vi
[2018-11-13 15:12:35]	斜 a->v
[2018-11-13 15:12:35]	弯 a->v
[2018-11-13 15:12:35]	完善 a->v
[2018-11-13 15:12:35]	玩 ng->v
[2018-11-13 15:12:35]	夜晚 n->t
[2018-11-13 15:12:35]	夜间 f->t
[2018-11-13 15:12:35]	万 d->m
[2018-11-13 15:12:35]	万一 c->d
[2018-11-13 15:12:35]	联网 vd->vi
[2018-11-13 15:12:35]	望 ng->v
[2018-11-13 15:12:35]	无益 a->vi
[2018-11-13 15:12:35]	危险 a->an
[2018-11-13 15:12:35]	威风 a->an
[2018-11-13 15:12:35]	霸气 an->n
[2018-11-13 15:12:35]	微 a->nz
[2018-11-13 15:12:35]	违法 vd->vi
[2018-11-13 15:12:35]	相反 d->vi
[2018-11-13 15:12:35]	浩瀚 a->z
[2018-11-13 15:12:35]	卫生 a->an
[2018-11-13 15:12:35]	位 ng->q
[2018-11-13 15:12:35]	喂 e->v
[2018-11-13 15:12:35]	问候 v->vn
[2018-11-13 15:12:35]	温和 a->nr
[2018-11-13 15:12:35]	刻薄 a->an
[2018-11-13 15:12:35]	文明 a->n
[2018-11-13 15:12:35]	闻 ng->v
[2018-11-13 15:12:35]	问 ng->v
[2018-11-13 15:12:35]	咨询 v->vn
[2018-11-13 15:12:35]	无轨电车 nl->gjtgj
[2018-11-13 15:12:35]	无限 a->vi
[2018-11-13 15:12:35]	无穷 d->z
[2018-11-13 15:12:35]	时价 n->nl
[2018-11-13 15:12:35]	东西 f->n
[2018-11-13 15:12:35]	误工 vi->vn
[2018-11-13 15:12:35]	西 b->f
[2018-11-13 15:12:35]	希望 n->v
[2018-11-13 15:12:35]	就义 vi->v
[2018-11-13 15:12:35]	舍身 d->v
[2018-11-13 15:12:35]	习 ng->vg
[2018-11-13 15:12:35]	系统 a->n
[2018-11-13 15:12:35]	地 n->nz
[2018-11-13 15:12:35]	先后 d->ad
[2018-11-13 15:12:35]	娇艳 a->an
[2018-11-13 15:12:35]	现代 n->t
[2018-11-13 15:12:35]	现实 a->n
[2018-11-13 15:12:35]	相当 d->vi
[2018-11-13 15:12:35]	等同 vd->vi
[2018-11-13 15:12:35]	同样 b->d
[2018-11-13 15:12:35]	香 a->n
[2018-11-13 15:12:35]	想像 v->vd
[2018-11-13 15:12:35]	向 dg->p
[2018-11-13 15:12:35]	朝 b->p
[2018-11-13 15:12:35]	象 n->ng
[2018-11-13 15:12:35]	像 d->v
[2018-11-13 15:12:35]	仿佛 d->v
[2018-11-13 15:12:35]	似 d->vg
[2018-11-13 15:12:35]	飘逸 a->v
[2018-11-13 15:12:35]	童 b->ng
[2018-11-13 15:12:35]	小寒 t->nz
[2018-11-13 15:12:35]	小满 t->nz
[2018-11-13 15:12:35]	小雪 n->nr
[2018-11-13 15:12:35]	艰辛 a->an
[2018-11-13 15:12:35]	辛酸 a->an
[2018-11-13 15:12:35]	新词 n->nl
[2018-11-13 15:12:35]	信 ag->n
[2018-11-13 15:12:35]	信用 a->n
[2018-11-13 15:12:35]	兴奋 a->v
[2018-11-13 15:12:35]	成 a->v
[2018-11-13 15:12:35]	形象 a->n
[2018-11-13 15:12:35]	醒 ng->v
[2018-11-13 15:12:35]	幸福 a->happ
[2018-11-13 15:12:35]	性 k->ng
[2018-11-13 15:12:35]	姓 n->v
[2018-11-13 15:12:35]	名 ag->q
[2018-11-13 15:12:35]	邪恶 a->an
[2018-11-13 15:12:35]	胸 n->ng
[2018-11-13 15:12:35]	公 ad->ng
[2018-11-13 15:12:35]	休假 n->vi
[2018-11-13 15:12:35]	虚伪 a->an
[2018-11-13 15:12:35]	徐 ag->nr1
[2018-11-13 15:12:35]	许 dg->m
[2018-11-13 15:12:35]	学龄 b->n
[2018-11-13 15:12:35]	压抑 a->v
[2018-11-13 15:12:35]	鸭 n->ng
[2018-11-13 15:12:35]	延长 ns->v
[2018-11-13 15:12:35]	延期 vd->vi
[2018-11-13 15:12:35]	缓期 vd->vi
[2018-11-13 15:12:35]	严正 a->nr
[2018-11-13 15:12:35]	高温 an->n
[2018-11-13 15:12:35]	火热 a->z
[2018-11-13 15:12:35]	研究 n->v
[2018-11-13 15:12:35]	演习 v->vn
[2018-11-13 15:12:35]	杨 ng->nr1
[2018-11-13 15:12:35]	阳性 b->n
[2018-11-13 15:12:35]	仰泳 vi->vn
[2018-11-13 15:12:35]	也 b->d
[2018-11-13 15:12:35]	进行 vn->vx
[2018-11-13 15:12:35]	布 b->n
[2018-11-13 15:12:35]	穿戴 n->v
[2018-11-13 15:12:35]	依靠 n->v
[2018-11-13 15:12:35]	移动 v->vn
[2018-11-13 15:12:35]	遗传 n->vn
[2018-11-13 15:12:35]	遗憾 a->sorr
[2018-11-13 15:12:35]	遗存 vi->vn
[2018-11-13 15:12:35]	往时 t->tg
[2018-11-13 15:12:35]	义务 d->n
[2018-11-13 15:12:35]	艺术 a->n
[2018-11-13 15:12:35]	意旨 n->nl
[2018-11-13 15:12:35]	因为 c->p
[2018-11-13 15:12:35]	由于 c->p
[2018-11-13 15:12:35]	银 b->ng
[2018-11-13 15:12:35]	引 ng->v
[2018-11-13 15:12:35]	隐蔽 a->v
[2018-11-13 15:12:35]	隐秘 a->n
[2018-11-13 15:12:35]	印染 v->vn
[2018-11-13 15:12:35]	印 b->v
[2018-11-13 15:12:35]	图章 n->nz
[2018-11-13 15:12:35]	应当 d->v
[2018-11-13 15:12:35]	俊杰 n->nr
[2018-11-13 15:12:35]	影响 n->v
[2018-11-13 15:12:35]	拥挤 a->vi
[2018-11-13 15:12:35]	勇于 d->v
[2018-11-13 15:12:35]	骁勇 a->an
[2018-11-13 15:12:35]	用 ng->p
[2018-11-13 15:12:35]	以 b->p
[2018-11-13 15:12:35]	优胜 a->vi
[2018-11-13 15:12:35]	优先 ad->v
[2018-11-13 15:12:35]	悠远 an->z
[2018-11-13 15:12:35]	油条 n->gms
[2018-11-13 15:12:35]	友善 a->nr
[2018-11-13 15:12:35]	又 c->d
[2018-11-13 15:12:35]	右 a->f
[2018-11-13 15:12:35]	于 ng->p
[2018-11-13 15:12:35]	初赛 n->vi
[2018-11-13 15:12:35]	预言 n->v
[2018-11-13 15:12:35]	冤枉 a->v
[2018-11-13 15:12:35]	原来 b->d
[2018-11-13 15:12:35]	原本 d->n
[2018-11-13 15:12:35]	原则 d->n
[2018-11-13 15:12:35]	圆 a->vg
[2018-11-13 15:12:35]	约会 n->vi
[2018-11-13 15:12:35]	局限 n->vi
[2018-11-13 15:12:35]	云 b->n
[2018-11-13 15:12:35]	正好 z->tg
[2018-11-13 15:12:35]	在 d->p
[2018-11-13 15:12:35]	当 ng->p
[2018-11-13 15:12:35]	暂时 b->d
[2018-11-13 15:12:35]	眼前 s->t
[2018-11-13 15:12:35]	负债 n->vi
[2018-11-13 15:12:35]	站 n->vi
[2018-11-13 15:12:35]	把握 n->v
[2018-11-13 15:12:35]	左右 f->m
[2018-11-13 15:12:35]	折价 vd->vi
[2018-11-13 15:12:35]	真 a->d
[2018-11-13 15:12:35]	实际 a->n
[2018-11-13 15:12:35]	真心 ad->n
[2018-11-13 15:12:35]	衷心 b->d
[2018-11-13 15:12:35]	振动 vi->vn
[2018-11-13 15:12:35]	颠簸 vd->vi
[2018-11-13 15:12:35]	振荡 vi->vn
[2018-11-13 15:12:35]	争议 n->vn
[2018-11-13 15:12:35]	整体 m->n
[2018-11-13 15:12:35]	正 a->d
[2018-11-13 15:12:35]	正面 a->n
[2018-11-13 15:12:35]	正理 n->nl
[2018-11-13 15:12:35]	证明 n->v
[2018-11-13 15:12:35]	对证 vn->n
[2018-11-13 15:12:35]	对照 p->v
[2018-11-13 15:12:35]	说明 n->v
[2018-11-13 15:12:35]	消费 n->vn
[2018-11-13 15:12:35]	明白 a->v
[2018-11-13 15:12:35]	了然 a->v
[2018-11-13 15:12:35]	知 ag->v
[2018-11-13 15:12:35]	直 a->d
[2018-11-13 15:12:35]	直线 d->n
[2018-11-13 15:12:35]	张 ng->q
[2018-11-13 15:12:35]	指挥 n->v
[2018-11-13 15:12:35]	指导 n->v
[2018-11-13 15:12:35]	中档 b->nl
[2018-11-13 15:12:35]	中国 ns->nz
[2018-11-13 15:12:35]	华夏 n->nz
[2018-11-13 15:12:35]	中央 f->n
[2018-11-13 15:12:35]	忠诚 a->v
[2018-11-13 15:12:35]	种 ng->v
[2018-11-13 15:12:35]	重 a->v
[2018-11-13 15:12:35]	关键 a->n
[2018-11-13 15:12:35]	重视 a->v
[2018-11-13 15:12:35]	周 ag->nr1
[2018-11-13 15:12:35]	昼夜 d->n
[2018-11-13 15:12:35]	皱 n->v
[2018-11-13 15:12:35]	朱 ag->nr1
[2018-11-13 15:12:35]	竹 n->ng
[2018-11-13 15:12:35]	主观 a->n
[2018-11-13 15:12:35]	主演 n->v
[2018-11-13 15:12:35]	助理 b->n
[2018-11-13 15:12:35]	大名鼎鼎 al->vl
[2018-11-13 15:12:35]	专门 b->d
[2018-11-13 15:12:35]	专注 a->vi
[2018-11-13 15:12:35]	埋头 vd->vi
[2018-11-13 15:12:35]	专业 a->n
[2018-11-13 15:12:35]	拐弯 n->vi
[2018-11-13 15:12:35]	华美 a->nz
[2018-11-13 15:12:35]	台 b->n
[2018-11-13 15:12:35]	我方 r->n
[2018-11-13 15:12:35]	自强 vd->vi
[2018-11-13 15:12:35]	自主 vd->vi
[2018-11-13 15:12:35]	自然 a->n
[2018-11-13 15:12:35]	自信 a->v
[2018-11-13 15:12:35]	自修 v->vl
[2018-11-13 15:12:35]	综合 a->vn
[2018-11-13 15:12:35]	总结 n->v
[2018-11-13 15:12:35]	纵横 n->v
[2018-11-13 15:12:35]	走私 b->v
[2018-11-13 15:12:35]	构成 n->v
[2018-11-13 15:12:35]	太 a->d
[2018-11-13 15:12:35]	到底 d->vi
[2018-11-13 15:12:35]	孝顺 a->v
[2018-11-13 15:12:35]	遵照 p->v
[2018-11-13 15:12:35]	作 ng->v
[2018-11-13 15:12:35]	零 a->m
[2018-11-13 15:12:35]	一 d->m
[2018-11-13 15:12:35]	九 b->m
[2018-11-13 15:12:35]	低价 ad->n
[2018-11-13 15:12:35]	火车站 n->gjtgj
[2018-11-13 15:12:35]	小时候 n->t
[2018-11-13 15:12:35]	综合性 b->n
[2018-11-13 15:12:35]	高价 d->n
[2018-11-13 15:12:35]	中考 n->v
[2018-11-13 15:12:35]	无效 a->vi
[2018-11-13 15:12:35]	爱人 n->nz
[2018-11-13 15:12:35]	把手 n->nz
[2018-11-13 15:12:35]	人为 b->d
[2018-11-13 15:12:35]	靠山 n->nz
[2018-11-13 15:12:35]	他人 rr->r
[2018-11-13 15:12:35]	不结盟 vi->vn
[2018-11-13 15:12:35]	不是 c->n
[2018-11-13 15:12:35]	不行 a->v
[2018-11-13 15:12:35]	不能 v->vi
[2018-11-13 15:12:35]	不会 v->vi
[2018-11-13 15:12:35]	车号 n->nz
[2018-11-13 15:12:35]	同党 n->nz
[2018-11-13 15:12:35]	上流 b->n
[2018-11-13 15:12:35]	出血 vi->v
[2018-11-13 15:12:35]	打的 v->vi
[2018-11-13 15:12:35]	除法 n->nz
[2018-11-13 15:12:35]	从中 d->n
[2018-11-13 15:12:35]	从宽 d->v
[2018-11-13 15:12:35]	从重 d->v
[2018-11-13 15:12:35]	搭建 v->vd
[2018-11-13 15:12:35]	各人 rr->r
[2018-11-13 15:12:35]	中选 vi->v
[2018-11-13 15:12:35]	各处 rzs->r
[2018-11-13 15:12:35]	四处 d->vi
[2018-11-13 15:12:35]	大路 n->nz
[2018-11-13 15:12:35]	拨打 v->vd
[2018-11-13 15:12:35]	大跌 v->vn
[2018-11-13 15:12:35]	会话 v->vn
[2018-11-13 15:12:35]	对应 vi->v
[2018-11-13 15:12:35]	有余 m->v
[2018-11-13 15:12:35]	要领 n->nz
[2018-11-13 15:12:35]	下学 v->vd
[2018-11-13 15:12:35]	分号 n->nz
[2018-11-13 15:12:35]	不合 v->n
[2018-11-13 15:12:35]	高等 b->a
[2018-11-13 15:12:35]	老大 a->n
[2018-11-13 15:12:35]	还给 v->vd
[2018-11-13 15:12:35]	对等 vi->vn
[2018-11-13 15:12:35]	有心 v->vd
[2018-11-13 15:12:35]	说法 n->nz
[2018-11-13 15:12:35]	真的 a->d
[2018-11-13 15:12:35]	大喊 v->vd
[2018-11-13 15:12:35]	后天 n->t
[2018-11-13 15:12:35]	回家 vi->v
[2018-11-13 15:12:35]	总会 d->n
[2018-11-13 15:12:35]	好多 m->a
[2018-11-13 15:12:35]	才能 n->v
[2018-11-13 15:12:35]	大奖 n->nz
[2018-11-13 15:12:35]	自大 a->an
[2018-11-13 15:12:35]	无礼 a->ad
[2018-11-13 15:12:35]	自得 an->a
[2018-11-13 15:12:35]	开关 n->v
[2018-11-13 15:12:35]	看不起 v->vn
[2018-11-13 15:12:35]	看得起 v->vn
[2018-11-13 15:12:35]	完了 vi->n
[2018-11-13 15:12:35]	理事 n->nz
[2018-11-13 15:12:35]	一口气 d->n
[2018-11-13 15:12:35]	本心 n->nl
[2018-11-13 15:12:35]	论说 vn->vl
[2018-11-13 15:12:35]	中意 a->n
[2018-11-13 15:12:35]	没用 a->v
[2018-11-13 15:12:35]	天天 d->q
[2018-11-13 15:12:35]	秒钟 n->q
[2018-11-13 15:12:35]	他俩 r->n
[2018-11-13 15:12:35]	年间 f->n
[2018-11-13 15:12:35]	江米 n->nz
[2018-11-13 15:12:35]	省钱 a->v
[2018-11-13 15:12:35]	早起 vi->v
[2018-11-13 15:12:35]	开车 vi->v
[2018-11-13 15:12:35]	千米 q->qv
[2018-11-13 15:12:35]	签定 v->vn
[2018-11-13 15:12:35]	好天 n->nz
[2018-11-13 15:12:35]	日食 n->nz
[2018-11-13 15:12:35]	火烧 n->v
[2018-11-13 15:12:35]	就是 c->n
[2018-11-13 15:12:35]	是不是 v->vd
[2018-11-13 15:12:35]	手指 n->nz
[2018-11-13 15:12:35]	国都 d->n
[2018-11-13 15:12:35]	得手 a->v
[2018-11-13 15:12:35]	大小 n->nz
[2018-11-13 15:12:35]	了得 a->ad
[2018-11-13 15:12:35]	脱钩 vi->v
[2018-11-13 15:12:35]	问号 n->nz
[2018-11-13 15:12:35]	西藏自治区 ns->nz
[2018-11-13 15:12:35]	小便 v->vi
[2018-11-13 15:12:35]	好在 d->v
[2018-11-13 15:12:35]	双眼 n->nz
[2018-11-13 15:12:35]	一角 n->v
[2018-11-13 15:12:35]	一元 b->nz
[2018-11-13 15:12:35]	引号 n->nz
[2018-11-13 15:12:35]	有用 a->n
[2018-11-13 15:12:35]	像片 n->nz
[2018-11-13 15:12:35]	争抢 v->vd
[2018-11-13 15:12:35]	小我 n->nz
[2018-11-13 15:12:35]	文字 n->nz
[2018-11-13 15:12:35]	不好 a->n
[2018-11-13 15:12:35]	下雨 vi->v
[2018-11-13 15:12:35]	多功能 b->n
[2018-11-13 15:12:35]	从未 d->n
[2018-11-13 15:12:35]	南北 f->n
[2018-11-13 15:12:35]	从不 d->n
[2018-11-13 15:12:35]	干什么 r->v
[2018-11-13 15:12:35]	不准 v->n
[2018-11-13 15:12:35]	开门 vd->n
[2018-11-13 15:12:35]	睡着 v->vd
[2018-11-13 15:12:35]	呼吸 v->vi
[2018-11-13 15:12:35]	长达 v->vl
[2018-11-13 15:12:35]	首次 m->n
[2018-11-13 15:12:35]	日间 t->nl
[2018-11-13 15:12:35]	辩护人 n->nz
[2018-11-13 15:12:35]	正在 d->n
[2018-11-13 15:12:35]	下流 a->s
[2018-11-13 15:12:35]	怎么办 ryv->n
[2018-11-13 15:12:35]	你好 vl->n
[2018-11-13 15:12:35]	正数 v->n
[2018-11-13 15:12:35]	三角 n->ns
[2018-11-13 15:12:35]	分区 n->v
[2018-11-13 15:12:35]	回车 vi->v
[2018-11-13 15:12:35]	选项 n->v
[2018-11-13 15:12:35]	打字 vi->vn
[2018-11-13 15:12:35]	百度 nz->mq
[2018-11-13 15:12:35]	同呼吸 vl->nl
[2018-11-13 15:13:02]	爱 b->v
[2018-11-13 15:13:02]	安 ag->v
[2018-11-13 15:13:02]	安定 a->an
[2018-11-13 15:13:02]	本分 a->n
[2018-11-13 15:13:02]	宁静 a->an
[2018-11-13 15:13:02]	安宁 a->an
[2018-11-13 15:13:02]	安谧 a->an
[2018-11-13 15:13:02]	和缓 a->ad
[2018-11-13 15:13:02]	太平 a->ns
[2018-11-13 15:13:02]	安全 a->an
[2018-11-13 15:13:02]	安慰 a->v
[2018-11-13 15:13:02]	按时 d->ad
[2018-11-13 15:13:02]	昂首 vd->vi
[2018-11-13 15:13:02]	昂扬 a->v
[2018-11-13 15:13:02]	后悔 a->v
[2018-11-13 15:13:02]	八宝粥 n->gms
[2018-11-13 15:13:02]	把 m->v
[2018-11-13 15:13:02]	百合 n->nr
[2018-11-13 15:13:02]	绊 ng->v
[2018-11-13 15:13:02]	棒 a->ng
[2018-11-13 15:13:02]	包 n->v
[2018-11-13 15:13:02]	折 ng->vi
[2018-11-13 15:13:02]	叠 q->v
[2018-11-13 15:13:02]	包子 n->gms
[2018-11-13 15:13:02]	保安 b->n
[2018-11-13 15:13:02]	保障 n->v
[2018-11-13 15:13:02]	保健 b->n
[2018-11-13 15:13:02]	封闭 a->v
[2018-11-13 15:13:02]	保险 a->n
[2018-11-13 15:13:02]	保证 n->v
[2018-11-13 15:13:02]	不好意思 a->vl
[2018-11-13 15:13:02]	背 a->v
[2018-11-13 15:13:02]	被 d->pbei
[2018-11-13 15:13:02]	必然 b->n
[2018-11-13 15:13:02]	一定 b->d
[2018-11-13 15:13:02]	边 b->n
[2018-11-13 15:13:02]	边缘 b->n
[2018-11-13 15:13:02]	边防 b->n
[2018-11-13 15:13:02]	边陲 n->s
[2018-11-13 15:13:02]	变化 v->vn
[2018-11-13 15:13:02]	标准 a->n
[2018-11-13 15:13:02]	规范 a->v
[2018-11-13 15:13:02]	飞跃 vi->vn
[2018-11-13 15:13:02]	口头 d->n
[2018-11-13 15:13:02]	表现 n->v
[2018-11-13 15:13:02]	别名 n->nz
[2018-11-13 15:13:02]	做作 a->v
[2018-11-13 15:13:02]	拨 q->v
[2018-11-13 15:13:02]	奔腾 nz->vi
[2018-11-13 15:13:02]	盘剥 v->vn
[2018-11-13 15:13:02]	补偿 v->vn
[2018-11-13 15:13:02]	甭 d->v
[2018-11-13 15:13:02]	不安 a->an
[2018-11-13 15:13:02]	焦虑 a->an
[2018-11-13 15:13:02]	恐慌 a->an
[2018-11-13 15:13:02]	不满 a->an
[2018-11-13 15:13:02]	例外 n->vi
[2018-11-13 15:13:02]	不幸 a->n
[2018-11-13 15:13:02]	部分 m->n
[2018-11-13 15:13:02]	华 ag->b
[2018-11-13 15:13:02]	愧疚 a->an
[2018-11-13 15:13:02]	辉煌 a->an
[2018-11-13 15:13:02]	绚烂 a->an
[2018-11-13 15:13:02]	仓储 n->vn
[2018-11-13 15:13:02]	费心 a->v
[2018-11-13 15:13:02]	迥异 a->z
[2018-11-13 15:13:02]	叶 n->ng
[2018-11-13 15:13:02]	拆解 v->vn
[2018-11-13 15:13:02]	知了 n->nz
[2018-11-13 15:13:02]	长春 ns->nz
[2018-11-13 15:13:02]	经常 b->d
[2018-11-13 15:13:02]	超 h->v
[2018-11-13 15:13:02]	超产 v->vn
[2018-11-13 15:13:02]	超支 n->v
[2018-11-13 15:13:02]	车次 n->nz
[2018-11-13 15:13:02]	沉淀 n->vi
[2018-11-13 15:13:02]	尽职 vd->vi
[2018-11-13 15:13:02]	诚心 a->n
[2018-11-13 15:13:02]	党羽 n->nz
[2018-11-13 15:13:02]	冲突 vi->vn
[2018-11-13 15:13:02]	倾心 ad->vi
[2018-11-13 15:13:02]	喜好 an->v
[2018-11-13 15:13:02]	空洞 a->n
[2018-11-13 15:13:02]	抽样 vd->vi
[2018-11-13 15:13:02]	臭豆腐 n->gms
[2018-11-13 15:13:02]	出口 n->vi
[2018-11-13 15:13:02]	肇事 vi->vn
[2018-11-13 15:13:02]	出租 n->v
[2018-11-13 15:13:02]	先期 b->d
[2018-11-13 15:13:02]	除外 vi->v
[2018-11-13 15:13:02]	装 n->v
[2018-11-13 15:13:02]	传统 a->n
[2018-11-13 15:13:02]	船 n->gjtgj
[2018-11-13 15:13:02]	轮船 n->gjtgj
[2018-11-13 15:13:02]	船舶 n->gjtgj
[2018-11-13 15:13:02]	春分 t->n
[2018-11-13 15:13:02]	刺 n->v
[2018-11-13 15:13:02]	睿智 a->an
[2018-11-13 15:13:02]	智慧 a->n
[2018-11-13 15:13:02]	从 d->p
[2018-11-13 15:13:02]	自 d->p
[2018-11-13 15:13:02]	粗心 a->an
[2018-11-13 15:13:02]	大意 a->n
[2018-11-13 15:13:02]	酸 a->n
[2018-11-13 15:13:02]	摩擦 v->vn
[2018-11-13 15:13:02]	坎坷 a->an
[2018-11-13 15:13:02]	错误 a->n
[2018-11-13 15:13:02]	达标 vd->vi
[2018-11-13 15:13:02]	答复 n->v
[2018-11-13 15:13:02]	打 p->v
[2018-11-13 15:13:02]	狩猎 n->vi
[2018-11-13 15:13:02]	打算 n->v
[2018-11-13 15:13:02]	大寒 t->nz
[2018-11-13 15:13:02]	大家 n->rr
[2018-11-13 15:13:02]	大料 n->nz
[2018-11-13 15:13:02]	大致 b->d
[2018-11-13 15:13:02]	呆 a->v
[2018-11-13 15:13:02]	代办 n->v
[2018-11-13 15:13:02]	代理 n->v
[2018-11-13 15:13:02]	带 n->v
[2018-11-13 15:13:02]	带子 n->v
[2018-11-13 15:13:02]	条 ng->q
[2018-11-13 15:13:02]	戴 nr1->v
[2018-11-13 15:13:02]	单 b->d
[2018-11-13 15:13:02]	单独 b->d
[2018-11-13 15:13:02]	当面 d->n
[2018-11-13 15:13:02]	那天 r->t
[2018-11-13 15:13:02]	挡 n->v
[2018-11-13 15:13:02]	的 n->ude1
[2018-11-13 15:13:02]	得 ude3->v
[2018-11-13 15:13:02]	到 p->v
[2018-11-13 15:13:02]	倒 d->vi
[2018-11-13 15:13:02]	偷 d->v
[2018-11-13 15:13:02]	道德 a->n
[2018-11-13 15:13:02]	道教 n->nz
[2018-11-13 15:13:02]	上岸 vi->v
[2018-11-13 15:13:02]	等 n->v
[2018-11-13 15:13:02]	地铁 n->gjtgj
[2018-11-13 15:13:02]	光 a->n
[2018-11-13 15:13:02]	光辉 a->n
[2018-11-13 15:13:02]	顶 f->v
[2018-11-13 15:13:02]	定额 d->n
[2018-11-13 15:13:02]	定期 b->d
[2018-11-13 15:13:02]	东 b->f
[2018-11-13 15:13:02]	东乡族 ns->nz
[2018-11-13 15:13:02]	全部 m->ad
[2018-11-13 15:13:02]	斗争 vi->vn
[2018-11-13 15:13:02]	独立 a->v
[2018-11-13 15:13:02]	自力 n->nr
[2018-11-13 15:13:02]	渡 ng->v
[2018-11-13 15:13:02]	端 ng->v
[2018-11-13 15:13:02]	端正 a->v
[2018-11-13 15:13:02]	断 d->v
[2018-11-13 15:13:02]	对仗 n->nz
[2018-11-13 15:13:02]	多 a->m
[2018-11-13 15:13:02]	饿 a->v
[2018-11-13 15:13:02]	发 ng->v
[2018-11-13 15:13:02]	带头 vd->vi
[2018-11-13 15:13:02]	发糕 n->gms
[2018-11-13 15:13:02]	施展 nr->v
[2018-11-13 15:13:02]	发烧 b->vi
[2018-11-13 15:13:02]	无力 a->vi
[2018-11-13 15:13:02]	法 b->n
[2018-11-13 15:13:02]	庭审 n->v
[2018-11-13 15:13:02]	帆船 n->gjtgj
[2018-11-13 15:13:02]	繁荣 a->an
[2018-11-13 15:13:02]	重复 a->v
[2018-11-13 15:13:02]	来回 d->vi
[2018-11-13 15:13:02]	反面 b->n
[2018-11-13 15:13:02]	反应 n->vi
[2018-11-13 15:13:02]	犯罪 vi->vn
[2018-11-13 15:13:02]	范 ng->nr1
[2018-11-13 15:13:02]	方 a->d
[2018-11-13 15:13:02]	方便面 n->gms
[2018-11-13 15:13:02]	防汛 vi->vn
[2018-11-13 15:13:02]	飞机 n->gjtgj
[2018-11-13 15:13:02]	肥 a->n
[2018-11-13 15:13:02]	分布 vd->vi
[2018-11-13 15:13:02]	分离 vd->vi
[2018-11-13 15:13:02]	分米 q->qt
[2018-11-13 15:13:02]	生气 a->n
[2018-11-13 15:13:02]	风光 a->n
[2018-11-13 15:13:02]	封 ng->v
[2018-11-13 15:13:02]	冯 m->nr1
[2018-11-13 15:13:02]	抚恤 vi->vn
[2018-11-13 15:13:02]	远望 nz->v
[2018-11-13 15:13:02]	腐败 a->an
[2018-11-13 15:13:02]	负责 a->v
[2018-11-13 15:13:02]	中兴 ns->nz
[2018-11-13 15:13:02]	副词 n->nz
[2018-11-13 15:13:02]	付 q->v
[2018-11-13 15:13:02]	次要 b->bl
[2018-11-13 15:13:02]	富 a->vg
[2018-11-13 15:13:02]	富有 a->v
[2018-11-13 15:13:02]	富余 a->vn
[2018-11-13 15:13:02]	盖 d->v
[2018-11-13 15:13:02]	扣 ng->v
[2018-11-13 15:13:02]	干 a->v
[2018-11-13 15:13:02]	甘 ad->ag
[2018-11-13 15:13:02]	感动 a->v
[2018-11-13 15:13:02]	感冒 n->vi
[2018-11-13 15:13:02]	不久 d->m
[2018-11-13 15:13:02]	方才 d->nr
[2018-11-13 15:13:02]	高贵 a->nr
[2018-11-13 15:13:02]	年老 a->vi
[2018-11-13 15:13:02]	革命 a->vn
[2018-11-13 15:13:02]	解 ng->v
[2018-11-13 15:13:02]	根据 n->p
[2018-11-13 15:13:02]	据 ng->p
[2018-11-13 15:13:02]	跟随 p->v
[2018-11-13 15:13:02]	随着 d->p
[2018-11-13 15:13:02]	更年期 n->t
[2018-11-13 15:13:02]	工作 n->vn
[2018-11-13 15:13:02]	公开 a->v
[2018-11-13 15:13:02]	巩固 a->v
[2018-11-13 15:13:02]	共产党 n->nz
[2018-11-13 15:13:02]	奉献 n->v
[2018-11-13 15:13:02]	够 a->v
[2018-11-13 15:13:02]	孤立 a->v
[2018-11-13 15:13:02]	孤僻 a->an
[2018-11-13 15:13:02]	鼓 a->v
[2018-11-13 15:13:02]	彭 m->nr1
[2018-11-13 15:13:02]	鼓舞 a->v
[2018-11-13 15:13:02]	固定 a->v
[2018-11-13 15:13:02]	稳定 a->an
[2018-11-13 15:13:02]	传奇 a->n
[2018-11-13 15:13:02]	故意 b->d
[2018-11-13 15:13:02]	有意 d->vi
[2018-11-13 15:13:02]	成心 d->v
[2018-11-13 15:13:02]	顾 ng->v
[2018-11-13 15:13:02]	挂 q->v
[2018-11-13 15:13:02]	关切 a->v
[2018-11-13 15:13:02]	论断 n->vn
[2018-11-13 15:13:02]	臣 n->ng
[2018-11-13 15:13:02]	管理 v->vn
[2018-11-13 15:13:02]	管制 v->vn
[2018-11-13 15:13:02]	光明 a->n
[2018-11-13 15:13:02]	亮 a->vi
[2018-11-13 15:13:02]	归结 n->vi
[2018-11-13 15:13:02]	鬼 a->n
[2018-11-13 15:13:02]	邪 a->ag
[2018-11-13 15:13:02]	滚 ng->vi
[2018-11-13 15:13:02]	国庆 n->t
[2018-11-13 15:13:02]	干脆 a->d
[2018-11-13 15:13:02]	断然 b->d
[2018-11-13 15:13:02]	果然 c->d
[2018-11-13 15:13:02]	果真 c->d
[2018-11-13 15:13:02]	过期 vd->vi
[2018-11-13 15:13:02]	海口 n->ns
[2018-11-13 15:13:02]	琼 b->nr1
[2018-11-13 15:13:02]	叫 n->vi
[2018-11-13 15:13:02]	汉堡包 n->gms
[2018-11-13 15:13:02]	数码 b->n
[2018-11-13 15:13:02]	合资 b->vi
[2018-11-13 15:13:02]	集资 vd->vi
[2018-11-13 15:13:02]	合伙 vd->vi
[2018-11-13 15:13:02]	合股 vd->vi
[2018-11-13 15:13:02]	和 ag->cc
[2018-11-13 15:13:02]	集合 n->v
[2018-11-13 15:13:02]	与 cc->p
[2018-11-13 15:13:02]	同 cc->p
[2018-11-13 15:13:02]	并 cc->d
[2018-11-13 15:13:02]	狠 a->d
[2018-11-13 15:13:02]	狠心 a->an
[2018-11-13 15:13:02]	横 a->v
[2018-11-13 15:13:02]	哄 o->v
[2018-11-13 15:13:02]	后期 f->t
[2018-11-13 15:13:02]	胡 d->nr1
[2018-11-13 15:13:02]	湖 b->n
[2018-11-13 15:13:02]	迷惑 a->v
[2018-11-13 15:13:02]	依稀 a->d
[2018-11-13 15:13:02]	互相 b->d
[2018-11-13 15:13:02]	花 a->n
[2018-11-13 15:13:02]	花卷 n->gms
[2018-11-13 15:13:02]	滑冰 n->vn
[2018-11-13 15:13:02]	滑雪 vi->vn
[2018-11-13 15:13:02]	化验 n->v
[2018-11-13 15:13:02]	打扮 n->v
[2018-11-13 15:13:02]	还账 v->vi
[2018-11-13 15:13:02]	涣散 a->v
[2018-11-13 15:13:02]	怪诞 a->an
[2018-11-13 15:13:02]	黄色 b->n
[2018-11-13 15:13:02]	回头 d->vi
[2018-11-13 15:13:02]	会 n->v
[2018-11-13 15:13:02]	馄饨 n->gms
[2018-11-13 15:13:02]	活动 a->vn
[2018-11-13 15:13:02]	该死 vi->v
[2018-11-13 15:13:02]	活 a->n
[2018-11-13 15:13:02]	火车 n->gjtgj
[2018-11-13 15:13:02]	机械 a->n
[2018-11-13 15:13:02]	缉私 vi->vn
[2018-11-13 15:13:02]	狂热 a->an
[2018-11-13 15:13:02]	极端 a->n
[2018-11-13 15:13:02]	集邮 vi->vn
[2018-11-13 15:13:02]	集中 a->v
[2018-11-13 15:13:02]	挤 a->v
[2018-11-13 15:13:02]	运算 vi->vn
[2018-11-13 15:13:02]	记录 n->v
[2018-11-13 15:13:02]	记载 n->v
[2018-11-13 15:13:02]	纪念 n->v
[2018-11-13 15:13:02]	长项 n->nz
[2018-11-13 15:13:02]	加班 vd->vi
[2018-11-13 15:13:02]	夹 b->v
[2018-11-13 15:13:02]	家 k->n
[2018-11-13 15:13:02]	值 a->n
[2018-11-13 15:13:02]	尖端 b->n
[2018-11-13 15:13:02]	坚定 a->v
[2018-11-13 15:13:02]	监察 v->vn
[2018-11-13 15:13:02]	调查 n->v
[2018-11-13 15:13:02]	方便 a->v
[2018-11-13 15:13:02]	便利 a->an
[2018-11-13 15:13:02]	间接 a->b
[2018-11-13 15:13:02]	建设 n->vn
[2018-11-13 15:13:02]	健全 a->v
[2018-11-13 15:13:02]	讲究 a->v
[2018-11-13 15:13:02]	降价 vd->vi
[2018-11-13 15:13:02]	坦白 a->v
[2018-11-13 15:13:02]	灌 ng->v
[2018-11-13 15:13:02]	娇气 a->n
[2018-11-13 15:13:02]	骄傲 a->an
[2018-11-13 15:13:02]	饺子 n->gms
[2018-11-13 15:13:02]	教 ng->v
[2018-11-13 15:13:02]	教育 v->vn
[2018-11-13 15:13:02]	接力 n->vn
[2018-11-13 15:13:02]	结果 c->n
[2018-11-13 15:13:02]	结业 vd->vi
[2018-11-13 15:13:02]	解放 a->v
[2018-11-13 15:13:02]	解放战争 n->nz
[2018-11-13 15:13:02]	借 p->v
[2018-11-13 15:13:02]	租 ng->v
[2018-11-13 15:13:02]	借贷 n->v
[2018-11-13 15:13:02]	借条 n->nz
[2018-11-13 15:13:02]	金 b->ng
[2018-11-13 15:13:02]	尽力 d->vi
[2018-11-13 15:13:02]	全力 d->n
[2018-11-13 15:13:02]	尽心 a->v
[2018-11-13 15:13:02]	进步 a->vn
[2018-11-13 15:13:02]	临近 a->v
[2018-11-13 15:13:02]	经过 n->p
[2018-11-13 15:13:02]	经济 a->n
[2018-11-13 15:13:02]	经营 n->v
[2018-11-13 15:13:02]	精神 a->n
[2018-11-13 15:13:02]	感慨 a->v
[2018-11-13 15:13:02]	警惕 a->v
[2018-11-13 15:13:02]	敬业 a->vi
[2018-11-13 15:13:02]	就 c->d
[2018-11-13 15:13:02]	举 ag->v
[2018-11-13 15:13:02]	举重 n->vn
[2018-11-13 15:13:02]	行 a->vi
[2018-11-13 15:13:02]	锯 n->v
[2018-11-13 15:13:02]	卷 ng->v
[2018-11-13 15:13:02]	决定 n->v
[2018-11-13 15:13:02]	决赛 vi->vn
[2018-11-13 15:13:02]	决心 d->n
[2018-11-13 15:13:02]	开创 n->v
[2018-11-13 15:13:02]	开放 a->v
[2018-11-13 15:13:02]	开阔 a->v
[2018-11-13 15:13:02]	伊始 t->vi
[2018-11-13 15:13:02]	初叶 f->t
[2018-11-13 15:13:02]	初始 b->t
[2018-11-13 15:13:02]	初步 b->d
[2018-11-13 15:13:02]	看 u->v
[2018-11-13 15:13:02]	测验 v->vn
[2018-11-13 15:13:02]	考验 v->vn
[2018-11-13 15:13:02]	烤鸭 n->gms
[2018-11-13 15:13:02]	靠 ng->v
[2018-11-13 15:13:02]	科学 a->n
[2018-11-13 15:13:02]	可怜 a->v
[2018-11-13 15:13:02]	可惜 a->v
[2018-11-13 15:13:02]	可以 a->v
[2018-11-13 15:13:02]	能 d->v
[2018-11-13 15:13:02]	克 b->vg
[2018-11-13 15:13:02]	客观 a->n
[2018-11-13 15:13:02]	买家 n->nz
[2018-11-13 15:13:02]	肯定 a->v
[2018-11-13 15:13:02]	空 a->v
[2018-11-13 15:13:02]	口 f->n
[2018-11-13 15:13:02]	苦 a->an
[2018-11-13 15:13:02]	苦涩 a->an
[2018-11-13 15:13:02]	苦闷 a->an
[2018-11-13 15:13:02]	迷茫 a->an
[2018-11-13 15:13:02]	苦恼 a->an
[2018-11-13 15:13:02]	迷惘 a->an
[2018-11-13 15:13:02]	夸张 n->vi
[2018-11-13 15:13:02]	跨 ng->v
[2018-11-13 15:13:02]	越 b->d
[2018-11-13 15:13:02]	匡 nr1->vg
[2018-11-13 15:13:02]	捆 ng->v
[2018-11-13 15:13:02]	困惑 a->an
[2018-11-13 15:13:02]	疑惑 an->v
[2018-11-13 15:13:02]	困难 a->an
[2018-11-13 15:13:02]	拉 b->v
[2018-11-13 15:13:02]	腊八粥 n->gms
[2018-11-13 15:13:02]	来 f->vf
[2018-11-13 15:13:02]	天车 n->nz
[2018-11-13 15:13:02]	懈怠 a->an
[2018-11-13 15:13:02]	劳动 vi->vn
[2018-11-13 15:13:02]	坚韧 a->an
[2018-11-13 15:13:02]	铭刻 n->v
[2018-11-13 15:13:02]	铭记 n->v
[2018-11-13 15:13:02]	东家 n->nz
[2018-11-13 15:13:02]	了 ule->y
[2018-11-13 15:13:02]	累 a->v
[2018-11-13 15:13:02]	疲劳 a->an
[2018-11-13 15:13:02]	困倦 a->an
[2018-11-13 15:13:02]	倦怠 a->an
[2018-11-13 15:13:02]	礼貌 a->an
[2018-11-13 15:13:02]	李 ng->nr1
[2018-11-13 15:13:02]	理想 a->n
[2018-11-13 15:13:02]	理性 b->n
[2018-11-13 15:13:02]	连 d->n
[2018-11-13 15:13:02]	盟 n->ng
[2018-11-13 15:13:02]	联系 n->v
[2018-11-13 15:13:02]	练习 n->v
[2018-11-13 15:13:02]	辽 b->tg
[2018-11-13 15:13:02]	劣 a->ag
[2018-11-13 15:13:02]	林 n->ng
[2018-11-13 15:13:02]	小气 a->ad
[2018-11-13 15:13:02]	零售 v->vn
[2018-11-13 15:13:02]	另外 c->rz
[2018-11-13 15:13:02]	小产 v->vi
[2018-11-13 15:13:02]	流行 a->v
[2018-11-13 15:13:02]	柳 n->ng
[2018-11-13 15:13:02]	漏 ng->v
[2018-11-13 15:13:02]	滴 q->v
[2018-11-13 15:13:02]	露 ng->v
[2018-11-13 15:13:02]	旅游 vi->vn
[2018-11-13 15:13:02]	动感 b->n
[2018-11-13 15:13:02]	乱 a->d
[2018-11-13 15:13:02]	轮班 vd->vn
[2018-11-13 15:13:02]	转 ng->v
[2018-11-13 15:13:02]	麻 a->n
[2018-11-13 15:13:02]	麻烦 a->an
[2018-11-13 15:13:02]	烦恼 a->an
[2018-11-13 15:13:02]	马 b->n
[2018-11-13 15:13:02]	馒头 n->gms
[2018-11-13 15:13:02]	满 a->v
[2018-11-13 15:13:02]	满足 a->v
[2018-11-13 15:13:02]	忙 a->v
[2018-11-13 15:13:02]	蒙 b->vi
[2018-11-13 15:13:02]	毛 a->nr1
[2018-11-13 15:13:02]	矛盾 a->an
[2018-11-13 15:13:02]	冒险 vd->vi
[2018-11-13 15:13:02]	贸易 v->vn
[2018-11-13 15:13:02]	没有 d->v
[2018-11-13 15:13:02]	无 d->v
[2018-11-13 15:13:02]	美 a->b
[2018-11-13 15:13:02]	住院 vd->vi
[2018-11-13 15:13:02]	耳语 n->vi
[2018-11-13 15:13:02]	秘密 a->n
[2018-11-13 15:13:02]	机密 a->n
[2018-11-13 15:13:02]	免费 vd->vi
[2018-11-13 15:13:02]	勉强 a->v
[2018-11-13 15:13:02]	民主 a->an
[2018-11-13 15:13:02]	起名 vi->v
[2018-11-13 15:13:02]	模范 a->n
[2018-11-13 15:13:02]	模拟 b->v
[2018-11-13 15:13:02]	磨 n->v
[2018-11-13 15:13:02]	生分 a->ad
[2018-11-13 15:13:02]	墨 b->n
[2018-11-13 15:13:02]	母 b->ng
[2018-11-13 15:13:02]	木 a->ng
[2018-11-13 15:13:02]	捐款 n->vi
[2018-11-13 15:13:02]	拿 p->v
[2018-11-13 15:13:02]	上税 v->vi
[2018-11-13 15:13:02]	委屈 a->v
[2018-11-13 15:13:02]	悲痛 a->an
[2018-11-13 15:13:02]	内蒙古自治区 ns->nz
[2018-11-13 15:13:02]	倪 x->n
[2018-11-13 15:13:02]	拟人 n->nz
[2018-11-13 15:13:02]	年 n->qt
[2018-11-13 15:13:02]	年岁 n->nl
[2018-11-13 15:13:02]	年事 n->nl
[2018-11-13 15:13:02]	凝眸 vd->vi
[2018-11-13 15:13:02]	牛 ag->n
[2018-11-13 15:13:02]	努力 a->an
[2018-11-13 15:13:02]	暖 a->v
[2018-11-13 15:13:02]	温暖 a->an
[2018-11-13 15:13:02]	温热 a->an
[2018-11-13 15:13:02]	和暖 a->an
[2018-11-13 15:13:02]	偶尔 b->d
[2018-11-13 15:13:02]	扑 o->v
[2018-11-13 15:13:02]	攀 b->v
[2018-11-13 15:13:02]	拍 ng->v
[2018-11-13 15:13:02]	排 n->v
[2018-11-13 15:13:02]	排队 n->vi
[2018-11-13 15:13:02]	派出所 n->gms
[2018-11-13 15:13:02]	派遣 v->gms
[2018-11-13 15:13:02]	派出 v->gms
[2018-11-13 15:13:02]	判断 n->v
[2018-11-13 15:13:02]	抛 nr1->v
[2018-11-13 15:13:02]	配套 a->v
[2018-11-13 15:13:02]	烹饪 n->vi
[2018-11-13 15:13:02]	相知 n->v
[2018-11-13 15:13:02]	捧 q->v
[2018-11-13 15:13:02]	批发 v->vn
[2018-11-13 15:13:02]	偏 a->d
[2018-11-13 15:13:02]	单方面 b->n
[2018-11-13 15:13:02]	飘 a->v
[2018-11-13 15:13:02]	撇 q->v
[2018-11-13 15:13:02]	应邀 vd->vi
[2018-11-13 15:13:02]	平 a->v
[2018-11-13 15:13:02]	通常 b->d
[2018-11-13 15:13:02]	破 a->v
[2018-11-13 15:13:02]	铺 n->v
[2018-11-13 15:13:02]	普及 a->v
[2018-11-13 15:13:02]	遍地 vd->vi
[2018-11-13 15:13:02]	限期 n->vi
[2018-11-13 15:13:02]	奇怪 a->v
[2018-11-13 15:13:02]	祷告 v->vn
[2018-11-13 15:13:02]	辗转 vd->vi
[2018-11-13 15:13:02]	蜿蜒 v->z
[2018-11-13 15:13:02]	启示 v->vn
[2018-11-13 15:13:02]	矜持 a->an
[2018-11-13 15:13:02]	署名 n->vi
[2018-11-13 15:13:02]	签名 n->vi
[2018-11-13 15:13:02]	前天 n->t
[2018-11-13 15:13:02]	壮 a->v
[2018-11-13 15:13:02]	争 ng->v
[2018-11-13 15:13:02]	乔木 n->nr
[2018-11-13 15:13:02]	切 ag->v
[2018-11-13 15:13:02]	亲近 a->v
[2018-11-13 15:13:02]	明确 a->v
[2018-11-13 15:13:02]	纯洁 a->v
[2018-11-13 15:13:02]	清明 a->t
[2018-11-13 15:13:02]	晴 an->vi
[2018-11-13 15:13:02]	让 p->v
[2018-11-13 15:13:02]	祝 ng->v
[2018-11-13 15:13:02]	贺 ng->vg
[2018-11-13 15:13:02]	秋 ng->tg
[2018-11-13 15:13:02]	求 ng->v
[2018-11-13 15:13:02]	曲 ag->n
[2018-11-13 15:13:02]	出 q->vf
[2018-11-13 15:13:02]	泉 n->ng
[2018-11-13 15:13:02]	缺 n->v
[2018-11-13 15:13:02]	欠缺 a->vi
[2018-11-13 15:13:02]	火 a->n
[2018-11-13 15:13:02]	夏 ng->tg
[2018-11-13 15:13:02]	热情 a->an
[2018-11-13 15:13:02]	热气球 n->gjtgj
[2018-11-13 15:13:02]	热心 a->v
[2018-11-13 15:13:02]	热忱 a->an
[2018-11-13 15:13:02]	热诚 a->an
[2018-11-13 15:13:02]	委任 n->v
[2018-11-13 15:13:02]	依旧 d->z
[2018-11-13 15:13:02]	照旧 d->v
[2018-11-13 15:13:02]	肉 a->n
[2018-11-13 15:13:02]	肉 a->gms
[2018-11-13 15:13:02]	撒 n->v
[2018-11-13 15:13:02]	塞 b->v
[2018-11-13 15:13:02]	堵 a->v
[2018-11-13 15:13:02]	信步 vd->vi
[2018-11-13 15:13:02]	土 a->n
[2018-11-13 15:13:02]	上 b->f
[2018-11-13 15:13:02]	设计 n->v
[2018-11-13 15:13:02]	摄像 n->vi
[2018-11-13 15:13:02]	申请 n->v
[2018-11-13 15:13:02]	全身 b->n
[2018-11-13 15:13:02]	体 k->ng
[2018-11-13 15:13:02]	身段 n->nz
[2018-11-13 15:13:02]	深入 a->v
[2018-11-13 15:13:02]	深度 ad->n
[2018-11-13 15:13:02]	神气 a->n
[2018-11-13 15:13:02]	升 q->v
[2018-11-13 15:13:02]	增值 n->vi
[2018-11-13 15:13:02]	生 a->v
[2018-11-13 15:13:02]	生产 n->v
[2018-11-13 15:13:02]	出产 n->v
[2018-11-13 15:13:02]	生活 vi->vn
[2018-11-13 15:13:02]	胜利 ad->vi
[2018-11-13 15:13:02]	失落 a->v
[2018-11-13 15:13:02]	狮 n->ng
[2018-11-13 15:13:02]	滋润 a->v
[2018-11-13 15:13:02]	温润 a->an
[2018-11-13 15:13:02]	石 b->ng
[2018-11-13 15:13:02]	时刻 d->n
[2018-11-13 15:13:02]	实践 n->v
[2018-11-13 15:13:02]	实质 a->n
[2018-11-13 15:13:02]	示范 vi->vn
[2018-11-13 15:13:02]	凡间 s->n
[2018-11-13 15:13:02]	是 ng->vshi
[2018-11-13 15:13:02]	便是 v->vd
[2018-11-13 15:13:02]	是否 d->v
[2018-11-13 15:13:02]	释迦牟尼 n->nrf
[2018-11-13 15:13:02]	收条 n->nz
[2018-11-13 15:13:02]	手 k->n
[2018-11-13 15:13:02]	手工 d->n
[2018-11-13 15:13:02]	守法 vd->vi
[2018-11-13 15:13:02]	首创 nz->v
[2018-11-13 15:13:02]	首先 c->d
[2018-11-13 15:13:02]	初 d->f
[2018-11-13 15:13:02]	最初 b->d
[2018-11-13 15:13:02]	禁不起 v->vd
[2018-11-13 15:13:02]	本 d->rz
[2018-11-13 15:13:02]	册 ng->q
[2018-11-13 15:13:02]	书册 n->nl
[2018-11-13 15:13:02]	疏松 a->vn
[2018-11-13 15:13:02]	熟悉 a->v
[2018-11-13 15:13:02]	属实 a->v
[2018-11-13 15:13:02]	鼠 n->ng
[2018-11-13 15:13:02]	竖 n->v
[2018-11-13 15:13:02]	刷 o->v
[2018-11-13 15:13:02]	帅 ng->nr1
[2018-11-13 15:13:02]	水笔 n->nz
[2018-11-13 15:13:02]	说 ng->v
[2018-11-13 15:13:02]	讲 ng->v
[2018-11-13 15:13:02]	司 n->ng
[2018-11-13 15:13:02]	松 a->v
[2018-11-13 15:13:02]	松懈 a->v
[2018-11-13 15:13:02]	宋 nr1->tg
[2018-11-13 15:13:02]	孙 n->nr1
[2018-11-13 15:13:02]	孙子 n->nr
[2018-11-13 15:13:02]	锁 n->v
[2018-11-13 15:13:02]	塔 b->n
[2018-11-13 15:13:02]	贪吃 an->v
[2018-11-13 15:13:02]	贪心 a->v
[2018-11-13 15:13:02]	弹 ng->v
[2018-11-13 15:13:02]	烫 a->v
[2018-11-13 15:13:02]	特别 a->d
[2018-11-13 15:13:02]	希罕 a->v
[2018-11-13 15:13:02]	疼痛 a->an
[2018-11-13 15:13:02]	挑剔 a->v
[2018-11-13 15:13:02]	提成 n->vi
[2018-11-13 15:13:02]	提议 n->v
[2018-11-13 15:13:02]	田野 n->nr
[2018-11-13 15:13:02]	唐 b->tg
[2018-11-13 15:13:02]	甘甜 a->an
[2018-11-13 15:13:02]	担 ng->v
[2018-11-13 15:13:02]	调控 v->vn
[2018-11-13 15:13:02]	跳 q->vi
[2018-11-13 15:13:02]	跳水 vi->vn
[2018-11-13 15:13:02]	跳远 vi->vn
[2018-11-13 15:13:02]	听 q->v
[2018-11-13 15:13:02]	通信 vi->vn
[2018-11-13 15:13:02]	同时 c->n
[2018-11-13 15:13:02]	同期 d->f
[2018-11-13 15:13:02]	统一 a->v
[2018-11-13 15:13:02]	痛苦 a->an
[2018-11-13 15:13:02]	头 k->n
[2018-11-13 15:13:02]	投资 n->v
[2018-11-13 15:13:02]	投入 a->v
[2018-11-13 15:13:02]	突出 a->v
[2018-11-13 15:13:02]	团结 a->v
[2018-11-13 15:13:02]	托 ng->v
[2018-11-13 15:13:02]	歪 a->v
[2018-11-13 15:13:02]	倾斜 vd->vi
[2018-11-13 15:13:02]	斜 a->v
[2018-11-13 15:13:02]	弯 a->v
[2018-11-13 15:13:02]	完善 a->v
[2018-11-13 15:13:02]	玩 ng->v
[2018-11-13 15:13:02]	夜晚 n->t
[2018-11-13 15:13:02]	夜间 f->t
[2018-11-13 15:13:02]	万 d->m
[2018-11-13 15:13:02]	万一 c->d
[2018-11-13 15:13:02]	联网 vd->vi
[2018-11-13 15:13:02]	望 ng->v
[2018-11-13 15:13:02]	无益 a->vi
[2018-11-13 15:13:02]	危险 a->an
[2018-11-13 15:13:02]	威风 a->an
[2018-11-13 15:13:02]	霸气 an->n
[2018-11-13 15:13:02]	微 a->nz
[2018-11-13 15:13:02]	违法 vd->vi
[2018-11-13 15:13:02]	相反 d->vi
[2018-11-13 15:13:02]	浩瀚 a->z
[2018-11-13 15:13:02]	卫生 a->an
[2018-11-13 15:13:02]	位 ng->q
[2018-11-13 15:13:02]	喂 e->v
[2018-11-13 15:13:02]	问候 v->vn
[2018-11-13 15:13:02]	温和 a->nr
[2018-11-13 15:13:02]	刻薄 a->an
[2018-11-13 15:13:02]	文明 a->n
[2018-11-13 15:13:02]	闻 ng->v
[2018-11-13 15:13:02]	问 ng->v
[2018-11-13 15:13:02]	咨询 v->vn
[2018-11-13 15:13:02]	无轨电车 nl->gjtgj
[2018-11-13 15:13:02]	无限 a->vi
[2018-11-13 15:13:02]	无穷 d->z
[2018-11-13 15:13:02]	时价 n->nl
[2018-11-13 15:13:02]	东西 f->n
[2018-11-13 15:13:02]	误工 vi->vn
[2018-11-13 15:13:02]	西 b->f
[2018-11-13 15:13:02]	希望 n->v
[2018-11-13 15:13:02]	就义 vi->v
[2018-11-13 15:13:02]	舍身 d->v
[2018-11-13 15:13:02]	习 ng->vg
[2018-11-13 15:13:02]	系统 a->n
[2018-11-13 15:13:02]	地 n->nz
[2018-11-13 15:13:02]	先后 d->ad
[2018-11-13 15:13:02]	娇艳 a->an
[2018-11-13 15:13:02]	现代 n->t
[2018-11-13 15:13:02]	现实 a->n
[2018-11-13 15:13:02]	相当 d->vi
[2018-11-13 15:13:02]	等同 vd->vi
[2018-11-13 15:13:02]	同样 b->d
[2018-11-13 15:13:02]	香 a->n
[2018-11-13 15:13:02]	想像 v->vd
[2018-11-13 15:13:02]	向 dg->p
[2018-11-13 15:13:02]	朝 b->p
[2018-11-13 15:13:02]	象 n->ng
[2018-11-13 15:13:02]	像 d->v
[2018-11-13 15:13:02]	仿佛 d->v
[2018-11-13 15:13:02]	似 d->vg
[2018-11-13 15:13:02]	飘逸 a->v
[2018-11-13 15:13:02]	童 b->ng
[2018-11-13 15:13:02]	小寒 t->nz
[2018-11-13 15:13:02]	小满 t->nz
[2018-11-13 15:13:02]	小雪 n->nr
[2018-11-13 15:13:02]	艰辛 a->an
[2018-11-13 15:13:02]	辛酸 a->an
[2018-11-13 15:13:02]	新词 n->nl
[2018-11-13 15:13:02]	信 ag->n
[2018-11-13 15:13:02]	信用 a->n
[2018-11-13 15:13:02]	兴奋 a->v
[2018-11-13 15:13:02]	成 a->v
[2018-11-13 15:13:02]	形象 a->n
[2018-11-13 15:13:02]	醒 ng->v
[2018-11-13 15:13:02]	幸福 a->happ
[2018-11-13 15:13:02]	性 k->ng
[2018-11-13 15:13:02]	姓 n->v
[2018-11-13 15:13:02]	名 ag->q
[2018-11-13 15:13:02]	邪恶 a->an
[2018-11-13 15:13:02]	胸 n->ng
[2018-11-13 15:13:02]	公 ad->ng
[2018-11-13 15:13:02]	休假 n->vi
[2018-11-13 15:13:02]	虚伪 a->an
[2018-11-13 15:13:02]	徐 ag->nr1
[2018-11-13 15:13:02]	许 dg->m
[2018-11-13 15:13:02]	学龄 b->n
[2018-11-13 15:13:02]	压抑 a->v
[2018-11-13 15:13:02]	鸭 n->ng
[2018-11-13 15:13:02]	延长 ns->v
[2018-11-13 15:13:02]	延期 vd->vi
[2018-11-13 15:13:02]	缓期 vd->vi
[2018-11-13 15:13:02]	严正 a->nr
[2018-11-13 15:13:02]	高温 an->n
[2018-11-13 15:13:02]	火热 a->z
[2018-11-13 15:13:02]	研究 n->v
[2018-11-13 15:13:02]	演习 v->vn
[2018-11-13 15:13:02]	杨 ng->nr1
[2018-11-13 15:13:02]	阳性 b->n
[2018-11-13 15:13:02]	仰泳 vi->vn
[2018-11-13 15:13:02]	也 b->d
[2018-11-13 15:13:02]	进行 vn->vx
[2018-11-13 15:13:02]	布 b->n
[2018-11-13 15:13:02]	穿戴 n->v
[2018-11-13 15:13:02]	依靠 n->v
[2018-11-13 15:13:02]	移动 v->vn
[2018-11-13 15:13:02]	遗传 n->vn
[2018-11-13 15:13:02]	遗憾 a->sorr
[2018-11-13 15:13:02]	遗存 vi->vn
[2018-11-13 15:13:02]	往时 t->tg
[2018-11-13 15:13:02]	义务 d->n
[2018-11-13 15:13:02]	艺术 a->n
[2018-11-13 15:13:02]	意旨 n->nl
[2018-11-13 15:13:02]	因为 c->p
[2018-11-13 15:13:02]	由于 c->p
[2018-11-13 15:13:02]	银 b->ng
[2018-11-13 15:13:02]	引 ng->v
[2018-11-13 15:13:02]	隐蔽 a->v
[2018-11-13 15:13:02]	隐秘 a->n
[2018-11-13 15:13:02]	印染 v->vn
[2018-11-13 15:13:02]	印 b->v
[2018-11-13 15:13:02]	图章 n->nz
[2018-11-13 15:13:02]	应当 d->v
[2018-11-13 15:13:02]	俊杰 n->nr
[2018-11-13 15:13:02]	影响 n->v
[2018-11-13 15:13:02]	拥挤 a->vi
[2018-11-13 15:13:02]	勇于 d->v
[2018-11-13 15:13:02]	骁勇 a->an
[2018-11-13 15:13:02]	用 ng->p
[2018-11-13 15:13:02]	以 b->p
[2018-11-13 15:13:02]	优胜 a->vi
[2018-11-13 15:13:02]	优先 ad->v
[2018-11-13 15:13:02]	悠远 an->z
[2018-11-13 15:13:02]	油条 n->gms
[2018-11-13 15:13:02]	友善 a->nr
[2018-11-13 15:13:02]	又 c->d
[2018-11-13 15:13:02]	右 a->f
[2018-11-13 15:13:02]	于 ng->p
[2018-11-13 15:13:02]	初赛 n->vi
[2018-11-13 15:13:02]	预言 n->v
[2018-11-13 15:13:02]	冤枉 a->v
[2018-11-13 15:13:02]	原来 b->d
[2018-11-13 15:13:02]	原本 d->n
[2018-11-13 15:13:02]	原则 d->n
[2018-11-13 15:13:02]	圆 a->vg
[2018-11-13 15:13:02]	约会 n->vi
[2018-11-13 15:13:02]	局限 n->vi
[2018-11-13 15:13:02]	云 b->n
[2018-11-13 15:13:02]	正好 z->tg
[2018-11-13 15:13:02]	在 d->p
[2018-11-13 15:13:02]	当 ng->p
[2018-11-13 15:13:02]	暂时 b->d
[2018-11-13 15:13:02]	眼前 s->t
[2018-11-13 15:13:02]	负债 n->vi
[2018-11-13 15:13:02]	站 n->vi
[2018-11-13 15:13:02]	把握 n->v
[2018-11-13 15:13:02]	左右 f->m
[2018-11-13 15:13:02]	折价 vd->vi
[2018-11-13 15:13:02]	真 a->d
[2018-11-13 15:13:02]	实际 a->n
[2018-11-13 15:13:02]	真心 ad->n
[2018-11-13 15:13:02]	衷心 b->d
[2018-11-13 15:13:02]	振动 vi->vn
[2018-11-13 15:13:02]	颠簸 vd->vi
[2018-11-13 15:13:02]	振荡 vi->vn
[2018-11-13 15:13:02]	争议 n->vn
[2018-11-13 15:13:02]	整体 m->n
[2018-11-13 15:13:02]	正 a->d
[2018-11-13 15:13:02]	正面 a->n
[2018-11-13 15:13:02]	正理 n->nl
[2018-11-13 15:13:02]	证明 n->v
[2018-11-13 15:13:02]	对证 vn->n
[2018-11-13 15:13:02]	对照 p->v
[2018-11-13 15:13:02]	说明 n->v
[2018-11-13 15:13:02]	消费 n->vn
[2018-11-13 15:13:02]	明白 a->v
[2018-11-13 15:13:02]	了然 a->v
[2018-11-13 15:13:02]	知 ag->v
[2018-11-13 15:13:02]	直 a->d
[2018-11-13 15:13:02]	直线 d->n
[2018-11-13 15:13:02]	张 ng->q
[2018-11-13 15:13:02]	指挥 n->v
[2018-11-13 15:13:02]	指导 n->v
[2018-11-13 15:13:02]	中档 b->nl
[2018-11-13 15:13:02]	中国 ns->nz
[2018-11-13 15:13:02]	华夏 n->nz
[2018-11-13 15:13:02]	中央 f->n
[2018-11-13 15:13:02]	忠诚 a->v
[2018-11-13 15:13:02]	种 ng->v
[2018-11-13 15:13:02]	重 a->v
[2018-11-13 15:13:02]	关键 a->n
[2018-11-13 15:13:02]	重视 a->v
[2018-11-13 15:13:02]	周 ag->nr1
[2018-11-13 15:13:02]	昼夜 d->n
[2018-11-13 15:13:02]	皱 n->v
[2018-11-13 15:13:02]	朱 ag->nr1
[2018-11-13 15:13:02]	竹 n->ng
[2018-11-13 15:13:02]	主观 a->n
[2018-11-13 15:13:02]	主演 n->v
[2018-11-13 15:13:02]	助理 b->n
[2018-11-13 15:13:02]	大名鼎鼎 al->vl
[2018-11-13 15:13:02]	专门 b->d
[2018-11-13 15:13:02]	专注 a->vi
[2018-11-13 15:13:02]	埋头 vd->vi
[2018-11-13 15:13:02]	专业 a->n
[2018-11-13 15:13:02]	拐弯 n->vi
[2018-11-13 15:13:02]	华美 a->nz
[2018-11-13 15:13:02]	台 b->n
[2018-11-13 15:13:02]	我方 r->n
[2018-11-13 15:13:02]	自强 vd->vi
[2018-11-13 15:13:02]	自主 vd->vi
[2018-11-13 15:13:02]	自然 a->n
[2018-11-13 15:13:02]	自信 a->v
[2018-11-13 15:13:02]	自修 v->vl
[2018-11-13 15:13:02]	综合 a->vn
[2018-11-13 15:13:02]	总结 n->v
[2018-11-13 15:13:02]	纵横 n->v
[2018-11-13 15:13:02]	走私 b->v
[2018-11-13 15:13:02]	构成 n->v
[2018-11-13 15:13:02]	太 a->d
[2018-11-13 15:13:02]	到底 d->vi
[2018-11-13 15:13:02]	孝顺 a->v
[2018-11-13 15:13:02]	遵照 p->v
[2018-11-13 15:13:02]	作 ng->v
[2018-11-13 15:13:02]	零 a->m
[2018-11-13 15:13:02]	一 d->m
[2018-11-13 15:13:02]	九 b->m
[2018-11-13 15:13:02]	低价 ad->n
[2018-11-13 15:13:02]	火车站 n->gjtgj
[2018-11-13 15:13:02]	小时候 n->t
[2018-11-13 15:13:02]	综合性 b->n
[2018-11-13 15:13:02]	高价 d->n
[2018-11-13 15:13:02]	中考 n->v
[2018-11-13 15:13:02]	无效 a->vi
[2018-11-13 15:13:02]	爱人 n->nz
[2018-11-13 15:13:02]	把手 n->nz
[2018-11-13 15:13:02]	人为 b->d
[2018-11-13 15:13:02]	靠山 n->nz
[2018-11-13 15:13:02]	他人 rr->r
[2018-11-13 15:13:02]	不结盟 vi->vn
[2018-11-13 15:13:02]	不是 c->n
[2018-11-13 15:13:02]	不行 a->v
[2018-11-13 15:13:02]	不能 v->vi
[2018-11-13 15:13:02]	不会 v->vi
[2018-11-13 15:13:02]	车号 n->nz
[2018-11-13 15:13:02]	同党 n->nz
[2018-11-13 15:13:02]	上流 b->n
[2018-11-13 15:13:02]	出血 vi->v
[2018-11-13 15:13:02]	打的 v->vi
[2018-11-13 15:13:02]	除法 n->nz
[2018-11-13 15:13:02]	从中 d->n
[2018-11-13 15:13:02]	从宽 d->v
[2018-11-13 15:13:02]	从重 d->v
[2018-11-13 15:13:02]	搭建 v->vd
[2018-11-13 15:13:02]	各人 rr->r
[2018-11-13 15:13:02]	中选 vi->v
[2018-11-13 15:13:02]	各处 rzs->r
[2018-11-13 15:13:02]	四处 d->vi
[2018-11-13 15:13:02]	大路 n->nz
[2018-11-13 15:13:02]	拨打 v->vd
[2018-11-13 15:13:02]	大跌 v->vn
[2018-11-13 15:13:02]	会话 v->vn
[2018-11-13 15:13:02]	对应 vi->v
[2018-11-13 15:13:02]	有余 m->v
[2018-11-13 15:13:02]	要领 n->nz
[2018-11-13 15:13:02]	下学 v->vd
[2018-11-13 15:13:02]	分号 n->nz
[2018-11-13 15:13:02]	不合 v->n
[2018-11-13 15:13:02]	高等 b->a
[2018-11-13 15:13:02]	老大 a->n
[2018-11-13 15:13:02]	还给 v->vd
[2018-11-13 15:13:02]	对等 vi->vn
[2018-11-13 15:13:02]	有心 v->vd
[2018-11-13 15:13:02]	说法 n->nz
[2018-11-13 15:13:02]	真的 a->d
[2018-11-13 15:13:02]	大喊 v->vd
[2018-11-13 15:13:02]	后天 n->t
[2018-11-13 15:13:02]	回家 vi->v
[2018-11-13 15:13:02]	总会 d->n
[2018-11-13 15:13:02]	好多 m->a
[2018-11-13 15:13:02]	才能 n->v
[2018-11-13 15:13:02]	大奖 n->nz
[2018-11-13 15:13:02]	自大 a->an
[2018-11-13 15:13:02]	无礼 a->ad
[2018-11-13 15:13:02]	自得 an->a
[2018-11-13 15:13:02]	开关 n->v
[2018-11-13 15:13:02]	看不起 v->vn
[2018-11-13 15:13:02]	看得起 v->vn
[2018-11-13 15:13:02]	完了 vi->n
[2018-11-13 15:13:02]	理事 n->nz
[2018-11-13 15:13:02]	一口气 d->n
[2018-11-13 15:13:02]	本心 n->nl
[2018-11-13 15:13:02]	论说 vn->vl
[2018-11-13 15:13:02]	中意 a->n
[2018-11-13 15:13:02]	没用 a->v
[2018-11-13 15:13:02]	天天 d->q
[2018-11-13 15:13:02]	秒钟 n->q
[2018-11-13 15:13:02]	他俩 r->n
[2018-11-13 15:13:02]	年间 f->n
[2018-11-13 15:13:02]	江米 n->nz
[2018-11-13 15:13:02]	省钱 a->v
[2018-11-13 15:13:02]	早起 vi->v
[2018-11-13 15:13:02]	开车 vi->v
[2018-11-13 15:13:02]	千米 q->qv
[2018-11-13 15:13:02]	签定 v->vn
[2018-11-13 15:13:02]	好天 n->nz
[2018-11-13 15:13:02]	日食 n->nz
[2018-11-13 15:13:02]	火烧 n->v
[2018-11-13 15:13:02]	就是 c->n
[2018-11-13 15:13:02]	是不是 v->vd
[2018-11-13 15:13:02]	手指 n->nz
[2018-11-13 15:13:02]	国都 d->n
[2018-11-13 15:13:02]	得手 a->v
[2018-11-13 15:13:02]	大小 n->nz
[2018-11-13 15:13:02]	了得 a->ad
[2018-11-13 15:13:02]	脱钩 vi->v
[2018-11-13 15:13:02]	问号 n->nz
[2018-11-13 15:13:02]	西藏自治区 ns->nz
[2018-11-13 15:13:02]	小便 v->vi
[2018-11-13 15:13:02]	好在 d->v
[2018-11-13 15:13:02]	双眼 n->nz
[2018-11-13 15:13:02]	一角 n->v
[2018-11-13 15:13:02]	一元 b->nz
[2018-11-13 15:13:02]	引号 n->nz
[2018-11-13 15:13:02]	有用 a->n
[2018-11-13 15:13:02]	像片 n->nz
[2018-11-13 15:13:02]	争抢 v->vd
[2018-11-13 15:13:02]	小我 n->nz
[2018-11-13 15:13:02]	文字 n->nz
[2018-11-13 15:13:02]	不好 a->n
[2018-11-13 15:13:02]	下雨 vi->v
[2018-11-13 15:13:02]	多功能 b->n
[2018-11-13 15:13:02]	从未 d->n
[2018-11-13 15:13:02]	南北 f->n
[2018-11-13 15:13:02]	从不 d->n
[2018-11-13 15:13:02]	干什么 r->v
[2018-11-13 15:13:02]	不准 v->n
[2018-11-13 15:13:02]	开门 vd->n
[2018-11-13 15:13:02]	睡着 v->vd
[2018-11-13 15:13:02]	呼吸 v->vi
[2018-11-13 15:13:02]	长达 v->vl
[2018-11-13 15:13:02]	首次 m->n
[2018-11-13 15:13:02]	日间 t->nl
[2018-11-13 15:13:02]	辩护人 n->nz
[2018-11-13 15:13:02]	正在 d->n
[2018-11-13 15:13:02]	下流 a->s
[2018-11-13 15:13:02]	怎么办 ryv->n
[2018-11-13 15:13:02]	你好 vl->n
[2018-11-13 15:13:02]	正数 v->n
[2018-11-13 15:13:02]	三角 n->ns
[2018-11-13 15:13:02]	分区 n->v
[2018-11-13 15:13:02]	回车 vi->v
[2018-11-13 15:13:02]	选项 n->v
[2018-11-13 15:13:02]	打字 vi->vn
[2018-11-13 15:13:02]	百度 nz->mq
[2018-11-13 15:13:02]	同呼吸 vl->nl
