[2018-09-26 10:34:09]	下岗 vi->vn
[2018-09-26 10:34:09]	于 ng->p
[2018-09-26 10:34:09]	先锋 a->n
[2018-09-26 10:34:09]	内行 a->n
[2018-09-26 10:34:09]	冯 m->nr1
[2018-09-26 10:34:09]	切 ag->v
[2018-09-26 10:34:09]	亲身 b->d
[2018-09-26 10:34:09]	加班 vd->vi
[2018-09-26 10:34:09]	助理 b->n
[2018-09-26 10:34:09]	劳动 vi->vn
[2018-09-26 10:34:09]	口 f->n
[2018-09-26 10:34:09]	周 ag->nr1
[2018-09-26 10:34:09]	年老 a->vi
[2018-09-26 10:34:09]	外行 a->n
[2018-09-26 10:34:09]	大家 n->rr
[2018-09-26 10:34:09]	头 k->n
[2018-09-26 10:34:09]	名 ag->q
[2018-09-26 10:34:09]	家 k->n
[2018-09-26 10:34:09]	尺 ng->q
[2018-09-26 10:34:09]	尽力 d->vi
[2018-09-26 10:34:09]	全力 d->n
[2018-09-26 10:34:09]	工作 n->vn
[2018-09-26 10:34:09]	布 b->n
[2018-09-26 10:34:09]	带子 n->v
[2018-09-26 10:34:09]	张 ng->q
[2018-09-26 10:34:09]	彭 m->nr1
[2018-09-26 10:34:09]	徐 ag->nr1
[2018-09-26 10:34:09]	忙 a->v
[2018-09-26 10:34:09]	手 k->n
[2018-09-26 10:34:09]	休假 n->vi
[2018-09-26 10:34:09]	相知 n->v
[2018-09-26 10:34:09]	朱 ag->nr1
[2018-09-26 10:34:09]	权威 a->n
[2018-09-26 10:34:09]	李 ng->nr1
[2018-09-26 10:34:09]	条 ng->q
[2018-09-26 10:34:09]	模范 a->n
[2018-09-26 10:34:09]	沙龙 n->nrf
[2018-09-26 10:34:09]	毛 a->nr1
[2018-09-26 10:34:09]	油条 n->gms
[2018-09-26 10:34:09]	无赖 an->n
[2018-09-26 10:34:09]	刻薄 a->an
[2018-09-26 10:34:09]	烹饪 n->vi
[2018-09-26 10:34:09]	爱 b->v
[2018-09-26 10:34:09]	甘甜 a->an
[2018-09-26 10:34:09]	尽职 vd->vi
[2018-09-26 10:34:09]	累 a->v
[2018-09-26 10:34:09]	疲劳 a->an
[2018-09-26 10:34:09]	困倦 a->an
[2018-09-26 10:34:09]	倦怠 a->an
[2018-09-26 10:34:09]	胡 d->nr1
[2018-09-26 10:34:09]	胸 n->ng
[2018-09-26 10:34:09]	花卷 n->gms
[2018-09-26 10:34:09]	俊杰 n->nr
[2018-09-26 10:34:09]	穿戴 n->v
[2018-09-26 10:34:09]	许 dg->m
[2018-09-26 10:34:09]	全身 b->n
[2018-09-26 10:34:09]	体 k->ng
[2018-09-26 10:34:09]	艰辛 a->an
[2018-09-26 10:34:09]	辛酸 a->an
[2018-09-26 10:34:09]	郑 b->nr1
[2018-09-26 10:34:09]	锁 n->v
[2018-09-26 10:34:09]	饺子 n->gms
[2018-09-26 10:34:09]	馄饨 n->gms
[2018-09-26 10:34:09]	馒头 n->gms
[2018-09-26 10:34:09]	不安 a->an
[2018-09-26 10:34:09]	焦虑 a->an
[2018-09-26 10:34:09]	恐慌 a->an
[2018-09-26 10:34:09]	不幸 a->n
[2018-09-26 10:34:09]	不满 a->an
[2018-09-26 10:34:09]	专注 a->vi
[2018-09-26 10:34:09]	埋头 vd->vi
[2018-09-26 10:34:09]	专制 a->n
[2018-09-26 10:34:09]	主观 a->n
[2018-09-26 10:34:09]	传统 a->n
[2018-09-26 10:34:09]	信用 a->n
[2018-09-26 10:34:09]	关切 a->v
[2018-09-26 10:34:09]	兴奋 a->v
[2018-09-26 10:34:09]	冤枉 a->v
[2018-09-26 10:34:09]	冲动 a->an
[2018-09-26 10:34:09]	冲突 vi->vn
[2018-09-26 10:34:09]	决心 d->n
[2018-09-26 10:34:09]	判断 n->v
[2018-09-26 10:34:09]	做作 a->v
[2018-09-26 10:34:09]	刺 n->v
[2018-09-26 10:34:09]	骁勇 a->an
[2018-09-26 10:34:09]	捐款 n->vi
[2018-09-26 10:34:09]	包 n->v
[2018-09-26 10:34:09]	打扮 n->v
[2018-09-26 10:34:09]	宽容 a->v
[2018-09-26 10:34:09]	反应 n->vi
[2018-09-26 10:34:09]	发 ng->v
[2018-09-26 10:34:09]	叠 q->v
[2018-09-26 10:34:09]	可惜 a->v
[2018-09-26 10:34:09]	荣耀 a->an
[2018-09-26 10:34:09]	高深 a->nr
[2018-09-26 10:34:09]	喜悦 a->an
[2018-09-26 10:34:09]	回头 d->vi
[2018-09-26 10:34:09]	失意 a->vi
[2018-09-26 10:34:09]	失落 a->v
[2018-09-26 10:34:09]	委屈 a->v
[2018-09-26 10:34:09]	无奈 a->d
[2018-09-26 10:34:09]	娇气 a->n
[2018-09-26 10:34:09]	孤僻 a->an
[2018-09-26 10:34:09]	孤寂 a->an
[2018-09-26 10:34:09]	孤傲 a->an
[2018-09-26 10:34:09]	单独 b->d
[2018-09-26 10:34:09]	安慰 a->v
[2018-09-26 10:34:09]	实践 n->v
[2018-09-26 10:34:09]	喜好 an->v
[2018-09-26 10:34:09]	客观 a->n
[2018-09-26 10:34:09]	恐惧 a->an
[2018-09-26 10:34:09]	倾心 ad->vi
[2018-09-26 10:34:09]	希望 n->v
[2018-09-26 10:34:09]	带 n->v
[2018-09-26 10:34:09]	应邀 vd->vi
[2018-09-26 10:34:09]	归结 n->vi
[2018-09-26 10:34:09]	形象 a->n
[2018-09-26 10:34:09]	必然 b->n
[2018-09-26 10:34:09]	忧愁 a->an
[2018-09-26 10:34:09]	忧伤 a->an
[2018-09-26 10:34:09]	伤感 a->an
[2018-09-26 10:34:09]	感伤 a->an
[2018-09-26 10:34:09]	追悼 v->vn
[2018-09-26 10:34:09]	哀痛 a->an
[2018-09-26 10:34:09]	欢愉 a->an
[2018-09-26 10:34:09]	欢畅 a->an
[2018-09-26 10:34:09]	开心 a->happ
[2018-09-26 10:34:09]	迟疑 a->an
[2018-09-26 10:34:09]	恶意 d->n
[2018-09-26 10:34:09]	愧疚 a->an
[2018-09-26 10:34:09]	感动 a->v
[2018-09-26 10:34:09]	感慨 a->v
[2018-09-26 10:34:09]	后悔 a->v
[2018-09-26 10:34:09]	戴 nr1->v
[2018-09-26 10:34:09]	打 p->v
[2018-09-26 10:34:09]	抚恤 vi->vn
[2018-09-26 10:34:09]	空洞 a->n
[2018-09-26 10:34:09]	拨 q->v
[2018-09-26 10:34:09]	挂 q->v
[2018-09-26 10:34:09]	挡 n->v
[2018-09-26 10:34:09]	无限 a->vi
[2018-09-26 10:34:09]	无穷 d->z
[2018-09-26 10:34:09]	智慧 a->n
[2018-09-26 10:34:09]	智 ag->ng
[2018-09-26 10:34:09]	服务 n->v
[2018-09-26 10:34:09]	对照 p->v
[2018-09-26 10:34:09]	活动 a->vn
[2018-09-26 10:34:09]	渡 ng->v
[2018-09-26 10:34:09]	温和 a->nr
[2018-09-26 10:34:09]	滚 ng->vi
[2018-09-26 10:34:09]	满足 a->v
[2018-09-26 10:34:09]	狂热 a->an
[2018-09-26 10:34:09]	灌 ng->v
[2018-09-26 10:34:09]	热心 a->v
[2018-09-26 10:34:09]	热忱 a->an
[2018-09-26 10:34:09]	热诚 a->an
[2018-09-26 10:34:09]	单方面 b->n
[2018-09-26 10:34:09]	特别 a->d
[2018-09-26 10:34:09]	希罕 a->v
[2018-09-26 10:34:09]	理性 b->n
[2018-09-26 10:34:09]	理想 a->n
[2018-09-26 10:34:09]	理智 a->n
[2018-09-26 10:34:09]	生气 a->n
[2018-09-26 10:34:09]	生活 vi->vn
[2018-09-26 10:34:09]	愤恨 a->vn
[2018-09-26 10:34:09]	盖 d->v
[2018-09-26 10:34:09]	扣 ng->v
[2018-09-26 10:34:09]	相互 b->d
[2018-09-26 10:34:09]	相对 b->d
[2018-09-26 10:34:09]	矛盾 a->an
[2018-09-26 10:34:09]	明白 a->v
[2018-09-26 10:34:09]	了然 a->v
[2018-09-26 10:34:09]	知 ag->v
[2018-09-26 10:34:09]	研究 n->v
[2018-09-26 10:34:09]	迟滞 a->v
[2018-09-26 10:34:09]	礼貌 a->an
[2018-09-26 10:34:09]	神气 a->n
[2018-09-26 10:34:09]	端 ng->v
[2018-09-26 10:34:09]	精神 a->n
[2018-09-26 10:34:09]	约会 n->vi
[2018-09-26 10:34:09]	纪念 n->v
[2018-09-26 10:34:09]	绊 ng->v
[2018-09-26 10:34:09]	绝对 a->d
[2018-09-26 10:34:09]	统一 a->v
[2018-09-26 10:34:09]	综合 a->vn
[2018-09-26 10:34:09]	精通 a->v
[2018-09-26 10:34:09]	联系 n->v
[2018-09-26 10:34:09]	肯定 a->v
[2018-09-26 10:34:09]	背 a->v
[2018-09-26 10:34:09]	苦闷 a->an
[2018-09-26 10:34:09]	迷茫 a->an
[2018-09-26 10:34:09]	苦恼 a->an
[2018-09-26 10:34:09]	迷惘 a->an
[2018-09-26 10:34:09]	虚伪 a->an
[2018-09-26 10:34:09]	虚荣 a->an
[2018-09-26 10:34:09]	行动 vi->vn
[2018-09-26 10:34:09]	作为 n->v
[2018-09-26 10:34:09]	表现 n->v
[2018-09-26 10:34:09]	要 ag->v
[2018-09-26 10:34:09]	还要 d->v
[2018-09-26 10:34:09]	论断 n->vn
[2018-09-26 10:34:09]	警惕 a->v
[2018-09-26 10:34:09]	误工 vi->vn
[2018-09-26 10:34:09]	谢 nr1->v
[2018-09-26 10:34:09]	矜持 a->an
[2018-09-26 10:34:09]	迷惑 a->v
[2018-09-26 10:34:09]	道德 a->n
[2018-09-26 10:34:09]	遗憾 a->sorr
[2018-09-26 10:34:09]	重视 a->v
[2018-09-26 10:34:09]	间接 a->b
[2018-09-26 10:34:09]	刁钻 a->an
[2018-09-26 10:34:09]	顶 f->v
[2018-09-26 10:34:09]	飞 dg->vi
[2018-09-26 10:34:09]	飞跃 vi->vn
[2018-09-26 10:34:09]	骄傲 a->an
[2018-09-26 10:34:09]	坚定 a->v
[2018-09-26 10:34:09]	坚韧 a->an
[2018-09-26 10:34:09]	塞 b->v
[2018-09-26 10:34:09]	华美 a->nz
[2018-09-26 10:34:09]	中兴 ns->nz
[2018-09-26 10:34:09]	多 a->m
[2018-09-26 10:34:09]	够 a->v
[2018-09-26 10:34:09]	夹 b->v
[2018-09-26 10:34:09]	奇怪 a->v
[2018-09-26 10:34:09]	奔腾 nz->vi
[2018-09-26 10:34:09]	阻碍 n->v
[2018-09-26 10:34:09]	威风 a->an
[2018-09-26 10:34:09]	安全 a->an
[2018-09-26 10:34:09]	本分 a->n
[2018-09-26 10:34:09]	安定 a->an
[2018-09-26 10:34:09]	悠然 a->an
[2018-09-26 10:34:09]	宁静 a->an
[2018-09-26 10:34:09]	安宁 a->an
[2018-09-26 10:34:09]	安谧 a->an
[2018-09-26 10:34:09]	太平 a->ns
[2018-09-26 10:34:09]	实质 a->n
[2018-09-26 10:34:09]	实际 a->n
[2018-09-26 10:34:09]	密切 a->v
[2018-09-26 10:34:09]	富有 a->v
[2018-09-26 10:34:09]	富余 a->vn
[2018-09-26 10:34:09]	封闭 a->v
[2018-09-26 10:34:09]	孝顺 a->v
[2018-09-26 10:34:09]	尖端 b->n
[2018-09-26 10:34:09]	动荡 a->an
[2018-09-26 10:34:09]	局限 n->vi
[2018-09-26 10:34:09]	巡回 vd->vi
[2018-09-26 10:34:09]	巩固 a->v
[2018-09-26 10:34:09]	劣 a->ag
[2018-09-26 10:34:09]	迥异 a->z
[2018-09-26 10:34:09]	出入 n->v
[2018-09-26 10:34:09]	干 a->v
[2018-09-26 10:34:09]	干枯 a->vi
[2018-09-26 10:34:09]	干脆 a->d
[2018-09-26 10:34:09]	平 a->v
[2018-09-26 10:34:09]	幸福 a->happ
[2018-09-26 10:34:09]	延长 ns->v
[2018-09-26 10:34:09]	开 q->v
[2018-09-26 10:34:09]	开创 n->v
[2018-09-26 10:34:09]	伊始 t->vi
[2018-09-26 10:34:09]	初叶 f->t
[2018-09-26 10:34:09]	初始 b->t
[2018-09-26 10:34:09]	初步 b->d
[2018-09-26 10:34:09]	开放 a->v
[2018-09-26 10:34:09]	弯 a->v
[2018-09-26 10:34:09]	弹 ng->v
[2018-09-26 10:34:09]	化 k->v
[2018-09-26 10:34:09]	成 a->v
[2018-09-26 10:34:09]	影响 n->v
[2018-09-26 10:34:09]	急剧 b->d
[2018-09-26 10:34:09]	匆匆 d->z
[2018-09-26 10:34:09]	性 k->ng
[2018-09-26 10:34:09]	正值 p->v
[2018-09-26 10:34:09]	适宜 a->v
[2018-09-26 10:34:09]	悠远 an->z
[2018-09-26 10:34:09]	悬空 vd->vi
[2018-09-26 10:34:09]	悲哀 a->an
[2018-09-26 10:34:09]	例外 n->vi
[2018-09-26 10:34:09]	专门 b->d
[2018-09-26 10:34:09]	东乡族 ns->nz
[2018-09-26 10:34:09]	严正 a->nr
[2018-09-26 10:34:09]	中央 f->n
[2018-09-26 10:34:09]	举 ag->v
[2018-09-26 10:34:09]	义务 d->n
[2018-09-26 10:34:09]	乱 a->d
[2018-09-26 10:34:09]	争议 n->vn
[2018-09-26 10:34:09]	优先 ad->v
[2018-09-26 10:34:09]	优胜 a->vi
[2018-09-26 10:34:09]	优良 a->z
[2018-09-26 10:34:09]	浩瀚 a->z
[2018-09-26 10:34:09]	伪装 n->v
[2018-09-26 10:34:09]	依靠 n->v
[2018-09-26 10:34:09]	鼓舞 a->v
[2018-09-26 10:34:09]	保证 n->v
[2018-09-26 10:34:09]	远望 nz->v
[2018-09-26 10:34:09]	借 p->v
[2018-09-26 10:34:09]	偏 a->d
[2018-09-26 10:34:09]	健全 a->v
[2018-09-26 10:34:09]	光明 a->n
[2018-09-26 10:34:09]	光辉 a->n
[2018-09-26 10:34:09]	辉煌 a->an
[2018-09-26 10:34:09]	光彩 a->n
[2018-09-26 10:34:09]	公开 a->v
[2018-09-26 10:34:09]	关键 a->n
[2018-09-26 10:34:09]	冒险 vd->vi
[2018-09-26 10:34:09]	决定 n->v
[2018-09-26 10:34:09]	严寒 a->an
[2018-09-26 10:34:09]	严冬 n->t
[2018-09-26 10:34:09]	惆怅 a->an
[2018-09-26 10:34:09]	苍凉 a->an
[2018-09-26 10:34:09]	凝眸 vd->vi
[2018-09-26 10:34:09]	邪恶 a->an
[2018-09-26 10:34:09]	超群 nz->vi
[2018-09-26 10:34:09]	分离 vd->vi
[2018-09-26 10:34:09]	盘剥 v->vn
[2018-09-26 10:34:09]	努力 a->an
[2018-09-26 10:34:09]	勉强 a->v
[2018-09-26 10:34:09]	升 q->v
[2018-09-26 10:34:09]	无益 a->vi
[2018-09-26 10:34:09]	危险 a->an
[2018-09-26 10:34:09]	卷 ng->v
[2018-09-26 10:34:09]	原则 d->n
[2018-09-26 10:34:09]	重复 a->v
[2018-09-26 10:34:09]	来回 d->vi
[2018-09-26 10:34:09]	带头 vd->vi
[2018-09-26 10:34:09]	变化 v->vn
[2018-09-26 10:34:09]	可怜 a->v
[2018-09-26 10:34:09]	司 n->ng
[2018-09-26 10:34:09]	听 q->v
[2018-09-26 10:34:09]	启示 v->vn
[2018-09-26 10:34:09]	呼 b->v
[2018-09-26 10:34:09]	咽 ng->v
[2018-09-26 10:34:09]	哄 o->v
[2018-09-26 10:34:09]	相应 d->vi
[2018-09-26 10:34:09]	流泪 vd->vi
[2018-09-26 10:34:09]	喂 e->v
[2018-09-26 10:34:09]	闻 ng->v
[2018-09-26 10:34:09]	团结 a->v
[2018-09-26 10:34:09]	困惑 a->an
[2018-09-26 10:34:09]	疑惑 an->v
[2018-09-26 10:34:09]	困难 a->an
[2018-09-26 10:34:09]	懈怠 a->an
[2018-09-26 10:34:09]	总体 b->n
[2018-09-26 10:34:09]	全盘 b->n
[2018-09-26 10:34:09]	扑 o->v
[2018-09-26 10:34:09]	托 ng->v
[2018-09-26 10:34:09]	投入 a->v
[2018-09-26 10:34:09]	投机 a->v
[2018-09-26 10:34:09]	折 ng->vi
[2018-09-26 10:34:09]	抛 nr1->v
[2018-09-26 10:34:09]	拉 b->v
[2018-09-26 10:34:09]	拍 ng->v
[2018-09-26 10:34:09]	拥挤 a->vi
[2018-09-26 10:34:09]	拿 p->v
[2018-09-26 10:34:09]	指导 n->v
[2018-09-26 10:34:09]	挑剔 a->v
[2018-09-26 10:34:09]	挤 a->v
[2018-09-26 10:34:09]	坎坷 a->an
[2018-09-26 10:34:09]	挺 ag->vi
[2018-09-26 10:34:09]	捆 ng->v
[2018-09-26 10:34:09]	捧 q->v
[2018-09-26 10:34:09]	把握 n->v
[2018-09-26 10:34:09]	左右 f->m
[2018-09-26 10:34:09]	提议 n->v
[2018-09-26 10:34:09]	撇 q->v
[2018-09-26 10:34:09]	撒 n->v
[2018-09-26 10:34:09]	结果 c->n
[2018-09-26 10:34:09]	缓冲 vi->vn
[2018-09-26 10:34:09]	缓和 a->v
[2018-09-26 10:34:09]	松懈 a->v
[2018-09-26 10:34:09]	缺 n->v
[2018-09-26 10:34:09]	欠缺 a->vi
[2018-09-26 10:34:09]	美 a->b
[2018-09-26 10:34:09]	能 d->v
[2018-09-26 10:34:09]	可 c->v
[2018-09-26 10:34:09]	自强 vd->vi
[2018-09-26 10:34:09]	自主 vd->vi
[2018-09-26 10:34:09]	苦 a->an
[2018-09-26 10:34:09]	苦涩 a->an
[2018-09-26 10:34:09]	怪诞 a->an
[2018-09-26 10:34:09]	装 n->v
[2018-09-26 10:34:09]	规模 d->n
[2018-09-26 10:34:09]	规范 a->v
[2018-09-26 10:34:09]	解放 a->v
[2018-09-26 10:34:09]	证明 n->v
[2018-09-26 10:34:09]	说明 n->v
[2018-09-26 10:34:09]	说 ng->v
[2018-09-26 10:34:09]	讲 ng->v
[2018-09-26 10:34:09]	让 p->v
[2018-09-26 10:34:09]	贪心 a->v
[2018-09-26 10:34:09]	领先 vd->vi
[2018-09-26 10:34:09]	走向 n->v
[2018-09-26 10:34:09]	跑 ng->v
[2018-09-26 10:34:09]	跨 ng->v
[2018-09-26 10:34:09]	跳 q->vi
[2018-09-26 10:34:09]	转 ng->v
[2018-09-26 10:34:09]	柔韧 a->an
[2018-09-26 10:34:09]	辅助 v->vn
[2018-09-26 10:34:09]	进步 a->vn
[2018-09-26 10:34:09]	进行 vn->vx
[2018-09-26 10:34:09]	道教 n->nz
[2018-09-26 10:34:09]	酸 a->n
[2018-09-26 10:34:09]	醒 ng->v
[2018-09-26 10:34:09]	重 a->v
[2018-09-26 10:34:09]	铺 n->v
[2018-09-26 10:34:09]	错误 a->n
[2018-09-26 10:34:09]	集中 a->v
[2018-09-26 10:34:09]	集会 n->vi
[2018-09-26 10:34:09]	颠簸 vd->vi
[2018-09-26 10:34:09]	振荡 vi->vn
[2018-09-26 10:34:09]	霸气 an->n
[2018-09-26 10:34:09]	革命 a->vn
[2018-09-26 10:34:09]	飘 a->v
[2018-09-26 10:34:09]	饿 a->v
[2018-09-26 10:34:09]	香 a->n
[2018-09-26 10:34:09]	骑 ng->v
[2018-09-26 10:34:09]	娇艳 a->an
[2018-09-26 10:34:09]	麻烦 a->an
[2018-09-26 10:34:09]	烦恼 a->an
[2018-09-26 10:34:09]	黄色 b->n
[2018-09-26 10:34:09]	放肆 a->an
[2018-09-26 10:34:09]	纵情 d->v
[2018-09-26 10:34:09]	任意 b->d
[2018-09-26 10:34:09]	文明 a->n
[2018-09-26 10:34:09]	斗争 vi->vn
[2018-09-26 10:34:09]	方便 a->v
[2018-09-26 10:34:09]	便利 a->an
[2018-09-26 10:34:09]	平板 a->n
[2018-09-26 10:34:09]	昂扬 a->v
[2018-09-26 10:34:09]	明确 a->v
[2018-09-26 10:34:09]	是 ng->vshi
[2018-09-26 10:34:09]	好坏 a->n
[2018-09-26 10:34:09]	曲直 n->nr
[2018-09-26 10:34:09]	普及 a->v
[2018-09-26 10:34:09]	暖 a->v
[2018-09-26 10:34:09]	温热 a->an
[2018-09-26 10:34:09]	和暖 a->an
[2018-09-26 10:34:09]	曲 ag->n
[2018-09-26 10:34:09]	望 ng->v
[2018-09-26 10:34:09]	来 f->vf
[2018-09-26 10:34:09]	松 a->v
[2018-09-26 10:34:09]	极端 a->n
[2018-09-26 10:34:09]	构成 n->v
[2018-09-26 10:34:09]	断然 b->d
[2018-09-26 10:34:09]	妖娆 a->an
[2018-09-26 10:34:09]	正 a->d
[2018-09-26 10:34:09]	歪 a->v
[2018-09-26 10:34:09]	斜 a->v
[2018-09-26 10:34:09]	殖民 vi->vn
[2018-09-26 10:34:09]	民主 a->an
[2018-09-26 10:34:09]	没有 d->v
[2018-09-26 10:34:09]	无 d->v
[2018-09-26 10:34:09]	派别 n->gms
[2018-09-26 10:34:09]	派系 n->gms
[2018-09-26 10:34:09]	流行 a->v
[2018-09-26 10:34:09]	深度 ad->n
[2018-09-26 10:34:09]	混 a->v
[2018-09-26 10:34:09]	滋润 a->v
[2018-09-26 10:34:09]	温润 a->an
[2018-09-26 10:34:09]	满 a->v
[2018-09-26 10:34:09]	漏 ng->v
[2018-09-26 10:34:09]	飘逸 a->v
[2018-09-26 10:34:09]	灰 a->ag
[2018-09-26 10:34:09]	绚烂 a->an
[2018-09-26 10:34:09]	烂 a->v
[2018-09-26 10:34:09]	烫 a->v
[2018-09-26 10:34:09]	热情 a->an
[2018-09-26 10:34:09]	灭火 n->vi
[2018-09-26 10:34:09]	熟悉 a->v
[2018-09-26 10:34:09]	攀 b->v
[2018-09-26 10:34:09]	铭刻 n->v
[2018-09-26 10:34:09]	铭记 n->v
[2018-09-26 10:34:09]	独立 a->v
[2018-09-26 10:34:09]	自力 n->nr
[2018-09-26 10:34:09]	独裁 a->an
[2018-09-26 10:34:09]	狼狈 ad->an
[2018-09-26 10:34:09]	现代 n->t
[2018-09-26 10:34:09]	现实 a->n
[2018-09-26 10:34:09]	珍藏 n->v
[2018-09-26 10:34:09]	生 a->v
[2018-09-26 10:34:09]	用 ng->p
[2018-09-26 10:34:09]	申请 n->v
[2018-09-26 10:34:09]	痛苦 a->an
[2018-09-26 10:34:09]	悲痛 a->an
[2018-09-26 10:34:09]	皱 n->v
[2018-09-26 10:34:09]	直 a->d
[2018-09-26 10:34:09]	同样 b->d
[2018-09-26 10:34:09]	相当 d->vi
[2018-09-26 10:34:09]	看 u->v
[2018-09-26 10:34:09]	真 a->d
[2018-09-26 10:34:09]	真正 b->d
[2018-09-26 10:34:09]	夺目 a->v
[2018-09-26 10:34:09]	矫健 a->nr
[2018-09-26 10:34:09]	破 a->v
[2018-09-26 10:34:09]	磨 n->v
[2018-09-26 10:34:09]	示范 vi->vn
[2018-09-26 10:34:09]	神 a->n
[2018-09-26 10:34:09]	科学 a->n
[2018-09-26 10:34:09]	秘密 a->n
[2018-09-26 10:34:09]	机密 a->n
[2018-09-26 10:34:09]	稳定 a->an
[2018-09-26 10:34:09]	空 a->v
[2018-09-26 10:34:09]	突出 a->v
[2018-09-26 10:34:09]	端正 a->v
[2018-09-26 10:34:09]	署名 n->vi
[2018-09-26 10:34:09]	签名 n->vi
[2018-09-26 10:34:09]	管理 v->vn
[2018-09-26 10:34:09]	依稀 a->d
[2018-09-26 10:34:09]	系统 a->n
[2018-09-26 10:34:09]	繁荣 a->an
[2018-09-26 10:34:09]	纯洁 a->v
[2018-09-26 10:34:09]	清白 a->an
[2018-09-26 10:34:09]	定额 d->n
[2018-09-26 10:34:09]	抽样 vd->vi
[2018-09-26 10:34:09]	庭审 n->v
[2018-09-26 10:34:09]	测绘 v->vn
[2018-09-26 10:34:09]	澄清 nr->vi
[2018-09-26 10:34:09]	马达 n->nr
[2018-09-26 10:34:09]	超产 v->vn
[2018-09-26 10:34:09]	采矿 vi->vn
[2018-09-26 10:34:09]	一 d->m
[2018-09-26 10:34:09]	一路 d->mq
[2018-09-26 10:34:09]	上 b->f
[2018-09-26 10:34:09]	东西 f->n
[2018-09-26 10:34:09]	乘 p->v
[2018-09-26 10:34:09]	亮 a->vi
[2018-09-26 10:34:09]	明 a->ag
[2018-09-26 10:34:09]	会 n->v
[2018-09-26 10:34:09]	出 q->vf
[2018-09-26 10:34:09]	前方 f->s
[2018-09-26 10:34:09]	单 b->d
[2018-09-26 10:34:09]	又 c->d
[2018-09-26 10:34:09]	员 n->ng
[2018-09-26 10:34:09]	在 d->p
[2018-09-26 10:34:09]	太 a->d
[2018-09-26 10:34:09]	对 a->p
[2018-09-26 10:34:09]	就 c->d
[2018-09-26 10:34:09]	帮 q->v
[2018-09-26 10:34:09]	非常 b->d
[2018-09-26 10:34:09]	时 d->ng
[2018-09-26 10:34:09]	夜间 f->t
[2018-09-26 10:34:09]	本 d->rz
[2018-09-26 10:34:09]	没 d->v
[2018-09-26 10:34:09]	片 ng->q
[2018-09-26 10:34:09]	等 n->v
[2018-09-26 10:34:09]	自动 b->d
[2018-09-26 10:34:09]	袋 n->ng
[2018-09-26 10:34:09]	记 ng->v
[2018-09-26 10:34:09]	错 n->v
[2018-09-26 10:34:09]	问 ng->v
[2018-09-26 10:34:09]	几 b->m
[2018-09-26 10:34:09]	到 p->v
[2018-09-26 10:34:09]	动画 b->n
[2018-09-26 10:34:09]	叫 n->vi
[2018-09-26 10:34:09]	学 ng->v
[2018-09-26 10:34:09]	把 m->v
[2018-09-26 10:34:09]	接着 c->v
[2018-09-26 10:34:09]	着 n->vi
[2018-09-26 10:34:09]	试 ng->v
[2018-09-26 10:34:09]	谈 ng->v
[2018-09-26 10:34:09]	连 d->n
[2018-09-26 10:34:09]	遍 a->v
[2018-09-26 10:34:09]	专用 b->v
[2018-09-26 10:34:09]	买卖 n->v
[2018-09-26 10:34:09]	亏损 n->v
[2018-09-26 10:34:09]	亏空 n->v
[2018-09-26 10:34:09]	代理 n->v
[2018-09-26 10:34:09]	仲裁 vi->vn
[2018-09-26 10:34:09]	会心 a->n
[2018-09-26 10:34:09]	羞辱 an->v
[2018-09-26 10:34:09]	保管 n->v
[2018-09-26 10:34:09]	保险 a->n
[2018-09-26 10:34:09]	信 ag->n
[2018-09-26 10:34:09]	公共 b->gjtgj
[2018-09-26 10:34:09]	出租 n->v
[2018-09-26 10:34:09]	出租汽车 nl->gjtgj
[2018-09-26 10:34:09]	分 b->v
[2018-09-26 10:34:09]	诱惑 v->vn
[2018-09-26 10:34:09]	增值 n->vi
[2018-09-26 10:34:09]	协作 vd->vi
[2018-09-26 10:34:09]	协调 a->v
[2018-09-26 10:34:09]	印染 v->vn
[2018-09-26 10:34:09]	合营 v->vn
[2018-09-26 10:34:09]	合资 b->vi
[2018-09-26 10:34:09]	合伙 vd->vi
[2018-09-26 10:34:09]	合股 vd->vi
[2018-09-26 10:34:09]	咨询 v->vn
[2018-09-26 10:34:09]	监管 v->vn
[2018-09-26 10:34:09]	地铁 n->gjtgj
[2018-09-26 10:34:09]	坦白 a->v
[2018-09-26 10:34:09]	实惠 a->an
[2018-09-26 10:34:09]	负债 n->vi
[2018-09-26 10:34:09]	派出所 n->gms
[2018-09-26 10:34:09]	派遣 v->gms
[2018-09-26 10:34:09]	派出 v->gms
[2018-09-26 10:34:09]	流 ng->v
[2018-09-26 10:34:09]	也 b->d
[2018-09-26 10:34:09]	方才 d->nr
[2018-09-26 10:34:09]	加 b->v
[2018-09-26 10:34:09]	可以 a->v
[2018-09-26 10:34:09]	和 ag->cc
[2018-09-26 10:34:09]	同 cc->p
[2018-09-26 10:34:09]	与 cc->p
[2018-09-26 10:34:09]	并 cc->d
[2018-09-26 10:34:09]	学会 n->v
[2018-09-26 10:34:09]	是否 d->v
[2018-09-26 10:34:09]	若 c->v
[2018-09-26 10:34:09]	跟随 p->v
[2018-09-26 10:34:09]	跟班 vd->vi
[2018-09-26 10:34:09]	重点 a->n
[2018-09-26 10:34:09]	帆船 n->gjtgj
[2018-09-26 10:34:09]	建设 n->vn
[2018-09-26 10:34:09]	总务 b->n
[2018-09-26 10:34:09]	总结 n->v
[2018-09-26 10:34:09]	成交 n->v
[2018-09-26 10:34:09]	成批 b->d
[2018-09-26 10:34:09]	批发 v->vn
[2018-09-26 10:34:09]	投资 n->v
[2018-09-26 10:34:09]	招标 vd->vi
[2018-09-26 10:34:09]	提成 n->vi
[2018-09-26 10:34:09]	故意 b->d
[2018-09-26 10:34:09]	有意 d->vi
[2018-09-26 10:34:09]	机械 a->n
[2018-09-26 10:34:09]	标准 a->n
[2018-09-26 10:34:09]	规则 a->n
[2018-09-26 10:34:09]	规矩 a->n
[2018-09-26 10:34:09]	调度 n->v
[2018-09-26 10:34:09]	调控 v->vn
[2018-09-26 10:34:09]	贸易 v->vn
[2018-09-26 10:34:09]	走私 b->v
[2018-09-26 10:34:09]	运输 v->vn
[2018-09-26 10:34:09]	违法 vd->vi
[2018-09-26 10:34:09]	毒害 n->v
[2018-09-26 10:34:09]	大选 n->vi
[2018-09-26 10:34:09]	通用 a->nz
[2018-09-26 10:34:09]	通信 vi->vn
[2018-09-26 10:34:09]	共同 b->d
[2018-09-26 10:34:09]	配套 a->v
[2018-09-26 10:34:09]	锯 n->v
[2018-09-26 10:34:09]	零售 v->vn
[2018-09-26 10:34:09]	飞机 n->gjtgj
[2018-09-26 10:34:09]	混纺 b->v
[2018-09-26 10:34:09]	火车 n->gjtgj
[2018-09-26 10:34:09]	犯罪 vi->vn
[2018-09-26 10:34:09]	生产 n->v
[2018-09-26 10:34:09]	出产 n->v
[2018-09-26 10:34:09]	电车 n->gjtgj
[2018-09-26 10:34:09]	盈利 n->vi
[2018-09-26 10:34:09]	赢利 n->v
[2018-09-26 10:34:09]	赚钱 a->v
[2018-09-26 10:34:09]	监察 v->vn
[2018-09-26 10:34:09]	种 ng->v
[2018-09-26 10:34:09]	租 ng->v
[2018-09-26 10:34:09]	积累 n->v
[2018-09-26 10:34:09]	管制 v->vn
[2018-09-26 10:34:09]	经济 a->n
[2018-09-26 10:34:09]	经营 n->v
[2018-09-26 10:34:09]	缉私 vi->vn
[2018-09-26 10:34:09]	考验 v->vn
[2018-09-26 10:34:09]	肇事 vi->vn
[2018-09-26 10:34:09]	船 n->gjtgj
[2018-09-26 10:34:09]	船舶 n->gjtgj
[2018-09-26 10:34:09]	轮船 n->gjtgj
[2018-09-26 10:34:09]	补偿 v->vn
[2018-09-26 10:34:09]	狩猎 n->vi
[2018-09-26 10:34:09]	摄像 n->vi
[2018-09-26 10:34:09]	传奇 a->n
[2018-09-26 10:34:09]	教 ng->v
[2018-09-26 10:34:09]	教育 v->vn
[2018-09-26 10:34:09]	旅游 vi->vn
[2018-09-26 10:34:09]	杂交 vi->vn
[2018-09-26 10:34:09]	构 ng->vg
[2018-09-26 10:34:09]	专业 a->n
[2018-09-26 10:34:09]	启蒙 vi->vn
[2018-09-26 10:34:09]	囤 ng->v
[2018-09-26 10:34:09]	录音 n->vn
[2018-09-26 10:34:09]	洪流 n->nr
[2018-09-26 10:34:09]	牛 ag->n
[2018-09-26 10:34:09]	玩 ng->v
[2018-09-26 10:34:09]	田野 n->nr
[2018-09-26 10:34:09]	百合 n->nr
[2018-09-26 10:34:09]	答复 n->v
[2018-09-26 10:34:09]	练习 n->v
[2018-09-26 10:34:09]	结业 vd->vi
[2018-09-26 10:34:09]	考 ng->v
[2018-09-26 10:34:09]	测验 v->vn
[2018-09-26 10:34:09]	耙 n->v
[2018-09-26 10:34:09]	育种 vi->vn
[2018-09-26 10:34:09]	自然 a->n
[2018-09-26 10:34:09]	艺术 a->n
[2018-09-26 10:34:09]	耳语 n->vi
[2018-09-26 10:34:09]	锄 ng->v
[2018-09-26 10:34:09]	防汛 vi->vn
[2018-09-26 10:34:09]	集邮 vi->vn
[2018-09-26 10:34:09]	风光 a->n
[2018-09-26 10:34:09]	马 b->n
[2018-09-26 10:34:09]	鸭 n->ng
[2018-09-26 10:34:09]	麻 a->n
[2018-09-26 10:34:09]	鼓 a->v
[2018-09-26 10:34:09]	构想 n->vn
[2018-09-26 10:34:09]	一瞬间 m->t
[2018-09-26 10:34:09]	倏然 d->z
[2018-09-26 10:34:09]	一下子 d->mq
[2018-09-26 10:34:09]	转瞬 d->t
[2018-09-26 10:34:09]	丁 Mg->o
[2018-09-26 10:34:09]	万 d->m
[2018-09-26 10:34:09]	不久 d->m
[2018-09-26 10:34:09]	东 b->f
[2018-09-26 10:34:09]	个 ng->q
[2018-09-26 10:34:09]	举重 n->vn
[2018-09-26 10:34:09]	九 b->m
[2018-09-26 10:34:09]	根本 a->n
[2018-09-26 10:34:09]	一贯 b->d
[2018-09-26 10:34:09]	平素 a->d
[2018-09-26 10:34:09]	仰泳 vi->vn
[2018-09-26 10:34:09]	件 ng->q
[2018-09-26 10:34:09]	篇 ng->q
[2018-09-26 10:34:09]	口头 d->n
[2018-09-26 10:34:09]	西 b->f
[2018-09-26 10:34:09]	跳水 vi->vn
[2018-09-26 10:34:09]	跳远 vi->vn
[2018-09-26 10:34:09]	边缘 b->n
[2018-09-26 10:34:09]	边沿 f->p
[2018-09-26 10:34:09]	过期 vd->vi
[2018-09-26 10:34:09]	住院 vd->vi
[2018-09-26 10:34:09]	限期 n->vi
[2018-09-26 10:34:09]	集合 n->v
[2018-09-26 10:34:09]	零 a->m
[2018-09-26 10:34:09]	页 ng->q
[2018-09-26 10:34:09]	顷 dg->q
[2018-09-26 10:34:09]	初赛 n->vi
[2018-09-26 10:34:09]	麻痹 a->vi
[2018-09-26 10:34:09]	保健 b->n
[2018-09-26 10:34:09]	倍 d->q
[2018-09-26 10:34:09]	健康 a->an
[2018-09-26 10:34:09]	克 b->vg
[2018-09-26 10:34:09]	册 ng->q
[2018-09-26 10:34:09]	决赛 vi->vn
[2018-09-26 10:34:09]	遍地 vd->vi
[2018-09-26 10:34:09]	化验 n->v
[2018-09-26 10:34:09]	卫生 a->an
[2018-09-26 10:34:09]	原来 b->d
[2018-09-26 10:34:09]	原本 d->n
[2018-09-26 10:34:09]	发烧 b->vi
[2018-09-26 10:34:09]	右 a->f
[2018-09-26 10:34:09]	同时 c->n
[2018-09-26 10:34:09]	同期 d->f
[2018-09-26 10:34:09]	后期 f->t
[2018-09-26 10:34:09]	周长 n->nr
[2018-09-26 10:34:09]	国庆 n->t
[2018-09-26 10:34:09]	圆 a->vg
[2018-09-26 10:34:09]	墨 b->n
[2018-09-26 10:34:09]	新生 n->nr2
[2018-09-26 10:34:09]	夏 ng->tg
[2018-09-26 10:34:09]	定期 b->d
[2018-09-26 10:34:09]	年 n->qt
[2018-09-26 10:34:09]	延期 vd->vi
[2018-09-26 10:34:09]	缓期 vd->vi
[2018-09-26 10:34:09]	动感 b->n
[2018-09-26 10:34:09]	循环 vd->vn
[2018-09-26 10:34:09]	感冒 n->vi
[2018-09-26 10:34:09]	拼命 d->vi
[2018-09-26 10:34:09]	接力 n->vn
[2018-09-26 10:34:09]	常年 b->d
[2018-09-26 10:34:09]	终日 d->m
[2018-09-26 10:34:09]	时刻 d->n
[2018-09-26 10:34:09]	经常 b->d
[2018-09-26 10:34:09]	休克 vi->vn
[2018-09-26 10:34:09]	暂时 b->d
[2018-09-26 10:34:09]	眼前 s->t
[2018-09-26 10:34:09]	近来 d->t
[2018-09-26 10:34:09]	本能 d->n
[2018-09-26 10:34:09]	解 ng->v
[2018-09-26 10:34:09]	株 ng->q
[2018-09-26 10:34:09]	正面 a->n
[2018-09-26 10:34:09]	比 b->p
[2018-09-26 10:34:09]	永远 b->d
[2018-09-26 10:34:09]	恒久 a->z
[2018-09-26 10:34:09]	长期 b->d
[2018-09-26 10:34:09]	光 a->n
[2018-09-26 10:34:09]	对流 vi->vn
[2018-09-26 10:34:09]	平行 vd->vi
[2018-09-26 10:34:09]	死 a->v
[2018-09-26 10:34:09]	沉淀 n->vi
[2018-09-26 10:34:09]	火 a->n
[2018-09-26 10:34:09]	烧 n->vi
[2018-09-26 10:34:09]	相反 d->vi
[2018-09-26 10:34:09]	清明 a->t
[2018-09-26 10:34:09]	滑冰 n->vn
[2018-09-26 10:34:09]	甲 m->n
[2018-09-26 10:34:09]	直线 d->n
[2018-09-26 10:34:09]	秋 ng->tg
[2018-09-26 10:34:09]	联网 vd->vi
[2018-09-26 10:34:09]	裂变 n->vi
[2018-09-26 10:34:09]	象 n->ng
[2018-09-26 10:34:09]	辐射 n->v
[2018-09-26 10:34:09]	遗传 n->vn
[2018-09-26 10:34:09]	高压 b->n
[2018-09-26 10:34:09]	鼠 n->ng
[2018-09-26 10:34:09]	应当 d->v
[2018-09-26 10:34:09]	开阔 a->v
[2018-09-26 10:34:09]	当然 b->d
[2018-09-26 10:34:09]	晴 an->vi
[2018-09-26 10:34:09]	果然 c->d
[2018-09-26 10:34:09]	果真 c->d
[2018-09-26 10:34:09]	一定 b->d
[2018-09-26 10:34:09]	下游 f->n
[2018-09-26 10:34:09]	不然 a->c
[2018-09-26 10:34:09]	华夏 n->nz
[2018-09-26 10:34:09]	中游 f->n
[2018-09-26 10:34:09]	乔木 n->nr
[2018-09-26 10:34:09]	云 b->n
[2018-09-26 10:34:09]	依旧 d->z
[2018-09-26 10:34:09]	照旧 d->v
[2018-09-26 10:34:09]	从 d->p
[2018-09-26 10:34:09]	分布 vd->vi
[2018-09-26 10:34:09]	另外 c->rz
[2018-09-26 10:34:09]	叶 n->ng
[2018-09-26 10:34:09]	向 dg->p
[2018-09-26 10:34:09]	因为 c->p
[2018-09-26 10:34:09]	塘 b->ng
[2018-09-26 10:34:09]	大体 d->n
[2018-09-26 10:34:09]	大致 b->d
[2018-09-26 10:34:09]	仿佛 d->v
[2018-09-26 10:34:09]	近似 a->v
[2018-09-26 10:34:09]	宏观 a->n
[2018-09-26 10:34:09]	多次 ad->mq
[2018-09-26 10:34:09]	频仍 a->v
[2018-09-26 10:34:09]	辗转 vd->vi
[2018-09-26 10:34:09]	蜿蜒 v->z
[2018-09-26 10:34:09]	公 ad->ng
[2018-09-26 10:34:09]	露 ng->v
[2018-09-26 10:34:09]	首先 c->d
[2018-09-26 10:34:09]	最初 b->d
[2018-09-26 10:34:09]	和平 a->n
[2018-09-26 10:34:09]	排 n->v
[2018-09-26 10:34:09]	演习 v->vn
[2018-09-26 10:34:09]	舍身 d->v
[2018-09-26 10:34:09]	由于 c->p
[2018-09-26 10:34:09]	胜利 ad->vi
[2018-09-26 10:34:09]	边防 b->n
[2018-09-26 10:34:09]	隐蔽 a->v
[2018-09-26 10:34:09]	隐秘 a->n
[2018-09-26 10:34:09]	雷达 n->nr
[2018-09-26 10:34:09]	高度 d->n
[2018-09-26 10:34:09]	徐徐 d->nr
[2018-09-26 10:34:09]	湖 b->n
[2018-09-26 10:34:09]	高温 an->n
[2018-09-26 10:34:09]	火热 a->z
[2018-09-26 10:34:09]	甚至 c->d
[2018-09-26 10:34:09]	的 n->ude1
[2018-09-26 10:34:09]	神农架 n->ns
[2018-09-26 10:34:09]	到底 d->vi
[2018-09-26 10:34:09]	竹 n->ng
[2018-09-26 10:34:09]	经过 n->p
[2018-09-26 10:34:09]	花 a->n
[2018-09-26 10:34:09]	蕴含 n->v
[2018-09-26 10:34:09]	西双版纳 ns->nsf
[2018-09-26 10:34:09]	边陲 n->s
[2018-09-26 10:34:09]	金 b->ng
[2018-09-26 10:34:09]	银 b->ng
[2018-09-26 10:34:09]	锡 b->n
[2018-09-26 10:34:09]	长春 ns->nz
[2018-09-26 10:34:09]	中 b->f
[2018-09-26 10:34:09]	久 a->ng
[2018-09-26 10:34:09]	乌拉圭 ns->nsf
[2018-09-26 10:34:09]	了 ule->y
[2018-09-26 10:34:09]	以 b->p
[2018-09-26 10:34:09]	何 nr1->ry
[2018-09-26 10:34:09]	作 ng->v
[2018-09-26 10:34:09]	华盛顿 nrf->nsf
[2018-09-26 10:34:09]	可能 n->v
[2018-09-26 10:34:09]	孙 n->nr1
[2018-09-26 10:34:09]	孙子 n->nr
[2018-09-26 10:34:09]	孟加拉 n->nsf
[2018-09-26 10:34:09]	得 ude3->v
[2018-09-26 10:34:09]	愿 ng->v
[2018-09-26 10:34:09]	新加坡 ns->nsf
[2018-09-26 10:34:09]	杨 ng->nr1
[2018-09-26 10:34:09]	柬埔寨 ns->nsf
[2018-09-26 10:34:09]	如 c->v
[2018-09-26 10:34:09]	沈 b->nr1
[2018-09-26 10:34:09]	马马虎虎 al->z
[2018-09-26 10:34:09]	魏 nr1->tg
[2018-09-26 10:34:09]	互相 b->d
[2018-09-26 10:34:09]	交替 d->vi
[2018-09-26 10:34:09]	优惠 a->vn
[2018-09-26 10:34:09]	位 ng->q
[2018-09-26 10:34:09]	使劲 vd->vi
[2018-09-26 10:34:09]	保安 b->n
[2018-09-26 10:34:09]	倒 d->vi
[2018-09-26 10:34:09]	倾斜 vd->vi
[2018-09-26 10:34:09]	典型 a->n
[2018-09-26 10:34:09]	冰激凌 n->gms
[2018-09-26 10:34:09]	冲 p->v
[2018-09-26 10:34:09]	包子 n->gms
[2018-09-26 10:34:09]	反 b->vi
[2018-09-26 10:34:09]	施展 nr->v
[2018-09-26 10:34:09]	土 a->n
[2018-09-26 10:34:09]	堆 k->v
[2018-09-26 10:34:09]	孤立 a->v
[2018-09-26 10:34:09]	手工 d->n
[2018-09-26 10:34:09]	打字 vi->vn
[2018-09-26 10:34:09]	不好意思 a->vl
[2018-09-26 10:34:09]	担 ng->v
[2018-09-26 10:34:09]	拐弯 n->vi
[2018-09-26 10:34:09]	指挥 n->v
[2018-09-26 10:34:09]	摩擦 v->vn
[2018-09-26 10:34:09]	收 ng->v
[2018-09-26 10:34:09]	信步 vd->vi
[2018-09-26 10:34:09]	方 a->d
[2018-09-26 10:34:09]	多数 a->m
[2018-09-26 10:34:09]	根据 n->p
[2018-09-26 10:34:09]	据 ng->p
[2018-09-26 10:34:09]	泉 n->ng
[2018-09-26 10:34:09]	消费 n->vn
[2018-09-26 10:34:09]	深入 a->v
[2018-09-26 10:34:09]	滴 q->v
[2018-09-26 10:34:09]	爆米花 n->gms
[2018-09-26 10:34:09]	狮 n->ng
[2018-09-26 10:34:09]	留 ng->v
[2018-09-26 10:34:09]	船埠 n->gjtgj
[2018-09-26 10:34:09]	研 ng->v
[2018-09-26 10:34:09]	确定 a->v
[2018-09-26 10:34:09]	空缺 n->v
[2018-09-26 10:34:09]	聊 d->v
[2018-09-26 10:34:09]	睿智 a->an
[2018-09-26 10:34:09]	肉 a->n
[2018-09-26 10:34:09]	反面 b->n
[2018-09-26 10:34:09]	肥 a->n
[2018-09-26 10:34:09]	记录 n->v
[2018-09-26 10:34:09]	记载 n->v
[2018-09-26 10:34:09]	设计 n->v
[2018-09-26 10:34:09]	调查 n->v
[2018-09-26 10:34:09]	负责 a->v
[2018-09-26 10:34:09]	削价 vd->vi
[2018-09-26 10:34:09]	减价 vd->vi
[2018-09-26 10:34:09]	边 b->n
[2018-09-26 10:34:09]	逆向 a->d
[2018-09-26 10:34:09]	透亮 a->vi
[2018-09-26 10:34:09]	集资 vd->vi
[2018-09-26 10:34:09]	需要 n->v
[2018-09-26 10:34:09]	靠 ng->v
[2018-09-26 10:34:09]	分类 vd->vi
[2018-09-26 10:34:09]	列 n->v
[2018-09-26 10:34:09]	固定 a->v
[2018-09-26 10:34:09]	块 ng->q
[2018-09-26 10:34:09]	宽带 b->n
[2018-09-26 10:34:09]	标注 n->v
[2018-09-26 10:34:09]	模拟 b->v
[2018-09-26 10:34:09]	盗版 n->vn
[2018-09-26 10:34:09]	型 k->ng
[2018-09-26 10:34:09]	行 a->vi
[2018-09-26 10:34:09]	隔离 vd->vn
[2018-09-26 10:34:09]	集成 b->v
[2018-09-26 10:34:09]	三星 n->nt
[2018-09-26 10:34:09]	三维 mq->n
[2018-09-26 10:34:09]	位移 n->v
[2018-09-26 10:34:09]	前端 f->n
[2018-09-26 10:34:09]	同心 a->vi
[2018-09-26 10:34:09]	同步 b->vi
[2018-09-26 10:34:09]	实时 a->n
[2018-09-26 10:34:09]	容错 b->vn
[2018-09-26 10:34:09]	微调 n->v
[2018-09-26 10:34:09]	批量 d->m
[2018-09-26 10:34:09]	指向 n->v
[2018-09-26 10:34:09]	搜狐 n->gwz
[2018-09-26 10:34:09]	数码 b->n
[2018-09-26 10:34:09]	整体 m->n
[2018-09-26 10:34:09]	新建 b->v
[2018-09-26 10:34:09]	特效 b->n
[2018-09-26 10:34:09]	移动 v->vn
[2018-09-26 10:34:09]	认证 vi->vn
[2018-09-26 10:34:09]	请求 n->v
[2018-09-26 10:34:09]	迁徙 n->v
[2018-09-26 10:34:09]	运算 vi->vn
[2018-09-26 10:34:09]	配置 n->v
[2018-09-26 10:34:09]	随机 b->d
[2018-09-26 10:34:09]	定时 b->d
[2018-09-26 10:34:09]	定点 b->n
[2018-09-26 10:34:09]	段 n->q
[2018-09-26 10:34:09]	编译 n->v
[2018-09-26 10:34:09]	安 ag->v
[2018-09-26 10:34:09]	被 d->pbei
[2018-09-26 10:34:09]	瞬间 n->t
[2018-09-26 10:34:09]	微 a->nz
[2018-09-26 10:34:09]	竹编 b->n
[2018-09-26 10:34:09]	审美 vi->vn
[2018-09-26 10:34:09]	雕版 b->n
[2018-09-26 10:34:09]	凝重 a->z
[2018-09-26 10:34:09]	超 h->v
[2018-09-26 10:34:09]	代办 n->v
[2018-09-26 10:34:09]	具象 a->n
[2018-09-26 10:34:09]	剪贴 n->v
[2018-09-26 10:34:09]	面 f->n
[2018-09-26 10:34:09]	写实主义 n->nl
[2018-09-26 10:34:09]	湿润 a->v
[2018-09-26 10:34:09]	超现实主义 b->n
[2018-09-26 10:34:09]	越 b->d
[2018-09-26 10:34:09]	写实 b->vi
[2018-09-26 10:34:09]	诚心 a->n
[2018-09-26 10:34:09]	草编 b->n
[2018-09-26 10:34:09]	高贵 a->nr
[2018-09-26 10:34:09]	创作 n->v
[2018-09-26 10:34:09]	重叠 vd->vi
[2018-09-26 10:34:09]	昂首 vd->vi
[2018-09-26 10:34:09]	棒 a->ng
[2018-09-26 10:34:09]	粗心 a->an
[2018-09-26 10:34:09]	超支 n->v
[2018-09-26 10:34:09]	仓储 n->vn
[2018-09-26 10:34:09]	免费 vd->vi
[2018-09-26 10:34:09]	八宝粥 n->gms
[2018-09-26 10:34:09]	前天 n->t
[2018-09-26 10:34:09]	匡 nr1->vg
[2018-09-26 10:34:09]	发糕 n->gms
[2018-09-26 10:34:09]	呆 a->v
[2018-09-26 10:34:09]	夸张 n->vi
[2018-09-26 10:34:09]	打算 n->v
[2018-09-26 10:34:09]	断 d->v
[2018-09-26 10:34:09]	林 n->ng
[2018-09-26 10:34:09]	横 a->v
[2018-09-26 10:34:09]	求 ng->v
[2018-09-26 10:34:09]	热气球 n->gjtgj
[2018-09-26 10:34:09]	祷告 v->vn
[2018-09-26 10:34:09]	肉 a->gms
[2018-09-26 10:34:09]	腊八粥 n->gms
[2018-09-26 10:34:09]	腐败 a->an
[2018-09-26 10:34:09]	臭豆腐 n->gms
[2018-09-26 10:34:09]	轮班 vd->vn
[2018-09-26 10:34:09]	达标 vd->vi
[2018-09-26 10:34:09]	万一 c->d
[2018-09-26 10:34:09]	友善 a->nr
[2018-09-26 10:34:09]	完善 a->v
[2018-09-26 10:34:09]	更年期 n->t
[2018-09-26 10:34:09]	终生 b->m
[2018-09-26 10:34:09]	习 ng->vg
[2018-09-26 10:34:09]	倪 x->n
[2018-09-26 10:34:09]	偶尔 b->d
[2018-09-26 10:34:09]	像 d->v
[2018-09-26 10:34:09]	出口 n->vi
[2018-09-26 10:34:09]	压抑 a->v
[2018-09-26 10:34:09]	塔 b->n
[2018-09-26 10:34:09]	姓 n->v
[2018-09-26 10:34:09]	学龄 b->n
[2018-09-26 10:34:09]	守法 vd->vi
[2018-09-26 10:34:09]	属实 a->v
[2018-09-26 10:34:09]	帅 ng->nr1
[2018-09-26 10:34:09]	引 ng->v
[2018-09-26 10:34:09]	排队 n->vi
[2018-09-26 10:34:09]	无轨电车 nl->gjtgj
[2018-09-26 10:34:09]	木 a->ng
[2018-09-26 10:34:09]	柳 n->ng
[2018-09-26 10:34:09]	汉堡包 n->gms
[2018-09-26 10:34:09]	海口 n->ns
[2018-09-26 10:34:09]	涣散 a->v
[2018-09-26 10:34:09]	滑雪 vi->vn
[2018-09-26 10:34:09]	狠 a->d
[2018-09-26 10:34:09]	狠心 a->an
[2018-09-26 10:34:09]	疏松 a->vn
[2018-09-26 10:34:09]	疼痛 a->an
[2018-09-26 10:34:09]	石 b->ng
[2018-09-26 10:34:09]	竖 n->v
[2018-09-26 10:34:09]	讲究 a->v
[2018-09-26 10:34:09]	贪吃 an->v
[2018-09-26 10:34:09]	遗存 vi->vn
[2018-09-26 10:34:09]	释迦牟尼 n->nrf
[2018-09-26 10:34:09]	阳性 b->n
[2018-09-26 10:34:09]	降价 vd->vi
[2018-09-26 10:34:09]	首创 nz->v
[2018-09-26 10:34:09]	低价 ad->n
[2018-09-26 10:34:09]	火车站 n->gjtgj
[2018-09-26 10:34:09]	小时候 n->t
[2018-09-26 10:34:09]	综合性 b->n
[2018-09-26 10:34:09]	高价 d->n
[2018-09-26 10:34:09]	主演 n->v
[2018-09-26 10:34:09]	中考 n->v
[2018-09-26 10:34:09]	无效 a->vi
[2018-09-26 10:34:09]	他人 rr->r
[2018-09-26 10:34:09]	老大 a->n
[2018-09-26 10:34:09]	各人 rr->r
[2018-09-26 10:34:09]	早起 vi->v
[2018-09-26 10:34:09]	下流 a->s
[2018-09-26 10:34:09]	在内 f->v
[2018-09-26 10:34:09]	回家 vi->v
[2018-09-26 10:34:09]	才能 n->v
[2018-09-26 10:34:09]	中意 a->n
[2018-09-26 10:34:09]	能干 a->v
[2018-09-26 10:34:09]	自大 a->an
[2018-09-26 10:34:09]	自得 an->a
[2018-09-26 10:34:09]	有余 m->v
[2018-09-26 10:34:09]	上流 b->n
[2018-09-26 10:34:09]	马上 d->n
[2018-09-26 10:34:09]	无法 d->v
[2018-09-26 10:34:09]	没法 d->v
[2018-09-26 10:34:09]	对等 vi->vn
[2018-09-26 10:34:09]	越过 v->n
[2018-09-26 10:34:09]	一口气 d->n
[2018-09-26 10:34:09]	得手 a->v
[2018-09-26 10:34:09]	国都 d->n
[2018-09-26 10:34:09]	就是 c->n
[2018-09-26 10:34:09]	无情 a->n
[2018-09-26 10:34:09]	从宽 d->v
[2018-09-26 10:34:09]	中选 vi->v
[2018-09-26 10:34:09]	一起 d->s
[2018-09-26 10:34:09]	一道 d->n
[2018-09-26 10:34:09]	一块 d->s
[2018-09-26 10:34:09]	总会 d->n
[2018-09-26 10:34:09]	你好 vl->n
[2018-09-26 10:34:09]	而后 c->d
[2018-09-26 10:34:09]	省钱 a->v
[2018-09-26 10:34:09]	人为 b->d
[2018-09-26 10:34:09]	大路 n->nz
[2018-09-26 10:34:09]	一下 d->m
[2018-09-26 10:34:09]	各处 rzs->r
[2018-09-26 10:34:09]	年间 f->n
[2018-09-26 10:34:09]	对应 vi->v
[2018-09-26 10:34:09]	秒钟 n->q
[2018-09-26 10:34:09]	真的 a->d
[2018-09-26 10:34:09]	从中 d->n
[2018-09-26 10:34:09]	乘机 d->vn
[2018-09-26 10:34:09]	七零八落 al->nl
[2018-09-26 10:34:09]	三角 n->ns
[2018-09-26 10:34:09]	用力 a->n
[2018-09-26 10:34:09]	完了 vi->n
[2018-09-26 10:34:09]	下场 n->v
[2018-09-26 10:34:09]	谈天 vi->v
[2018-09-26 10:34:09]	不结盟 vi->vn
[2018-09-26 10:34:09]	不是 c->n
[2018-09-26 10:34:09]	出血 vi->v
[2018-09-26 10:34:09]	开关 n->v
[2018-09-26 10:34:09]	没用 a->v
[2018-09-26 10:34:09]	有用 a->n
[2018-09-26 10:34:09]	后天 n->t
[2018-09-26 10:34:09]	不好 a->n
[2018-09-26 10:34:09]	下雨 vi->v
[2018-09-26 10:34:09]	多功能 b->n
[2018-09-26 10:34:09]	从未 d->n
[2018-09-26 10:34:09]	南北 f->n
[2018-09-26 10:34:09]	从不 d->n
[2018-09-26 10:34:09]	干什么 r->v
[2018-09-26 10:34:09]	首次 m->n
[2018-09-26 10:38:45]	下岗 vi->vn
[2018-09-26 10:38:45]	于 ng->p
[2018-09-26 10:38:45]	先锋 a->n
[2018-09-26 10:38:45]	内行 a->n
[2018-09-26 10:38:45]	冯 m->nr1
[2018-09-26 10:38:45]	切 ag->v
[2018-09-26 10:38:45]	亲身 b->d
[2018-09-26 10:38:45]	加班 vd->vi
[2018-09-26 10:38:45]	助理 b->n
[2018-09-26 10:38:45]	劳动 vi->vn
[2018-09-26 10:38:45]	口 f->n
[2018-09-26 10:38:45]	周 ag->nr1
[2018-09-26 10:38:45]	年老 a->vi
[2018-09-26 10:38:45]	外行 a->n
[2018-09-26 10:38:45]	大家 n->rr
[2018-09-26 10:38:45]	头 k->n
[2018-09-26 10:38:45]	名 ag->q
[2018-09-26 10:38:45]	家 k->n
[2018-09-26 10:38:45]	尺 ng->q
[2018-09-26 10:38:45]	尽力 d->vi
[2018-09-26 10:38:45]	全力 d->n
[2018-09-26 10:38:45]	工作 n->vn
[2018-09-26 10:38:45]	布 b->n
[2018-09-26 10:38:45]	带子 n->v
[2018-09-26 10:38:45]	张 ng->q
[2018-09-26 10:38:45]	彭 m->nr1
[2018-09-26 10:38:45]	徐 ag->nr1
[2018-09-26 10:38:45]	忙 a->v
[2018-09-26 10:38:45]	手 k->n
[2018-09-26 10:38:45]	休假 n->vi
[2018-09-26 10:38:45]	相知 n->v
[2018-09-26 10:38:45]	朱 ag->nr1
[2018-09-26 10:38:45]	权威 a->n
[2018-09-26 10:38:45]	李 ng->nr1
[2018-09-26 10:38:45]	条 ng->q
[2018-09-26 10:38:45]	模范 a->n
[2018-09-26 10:38:45]	沙龙 n->nrf
[2018-09-26 10:38:45]	毛 a->nr1
[2018-09-26 10:38:45]	油条 n->gms
[2018-09-26 10:38:45]	无赖 an->n
[2018-09-26 10:38:45]	刻薄 a->an
[2018-09-26 10:38:45]	烹饪 n->vi
[2018-09-26 10:38:45]	爱 b->v
[2018-09-26 10:38:45]	甘甜 a->an
[2018-09-26 10:38:45]	尽职 vd->vi
[2018-09-26 10:38:45]	累 a->v
[2018-09-26 10:38:45]	疲劳 a->an
[2018-09-26 10:38:45]	困倦 a->an
[2018-09-26 10:38:45]	倦怠 a->an
[2018-09-26 10:38:45]	胡 d->nr1
[2018-09-26 10:38:45]	胸 n->ng
[2018-09-26 10:38:45]	花卷 n->gms
[2018-09-26 10:38:45]	俊杰 n->nr
[2018-09-26 10:38:45]	穿戴 n->v
[2018-09-26 10:38:45]	许 dg->m
[2018-09-26 10:38:45]	全身 b->n
[2018-09-26 10:38:45]	体 k->ng
[2018-09-26 10:38:45]	艰辛 a->an
[2018-09-26 10:38:45]	辛酸 a->an
[2018-09-26 10:38:45]	郑 b->nr1
[2018-09-26 10:38:45]	锁 n->v
[2018-09-26 10:38:45]	饺子 n->gms
[2018-09-26 10:38:45]	馄饨 n->gms
[2018-09-26 10:38:45]	馒头 n->gms
[2018-09-26 10:38:45]	不安 a->an
[2018-09-26 10:38:45]	焦虑 a->an
[2018-09-26 10:38:45]	恐慌 a->an
[2018-09-26 10:38:45]	不幸 a->n
[2018-09-26 10:38:45]	不满 a->an
[2018-09-26 10:38:45]	专注 a->vi
[2018-09-26 10:38:45]	埋头 vd->vi
[2018-09-26 10:38:45]	专制 a->n
[2018-09-26 10:38:45]	主观 a->n
[2018-09-26 10:38:45]	传统 a->n
[2018-09-26 10:38:45]	信用 a->n
[2018-09-26 10:38:45]	关切 a->v
[2018-09-26 10:38:45]	兴奋 a->v
[2018-09-26 10:38:45]	冤枉 a->v
[2018-09-26 10:38:45]	冲动 a->an
[2018-09-26 10:38:45]	冲突 vi->vn
[2018-09-26 10:38:45]	决心 d->n
[2018-09-26 10:38:45]	判断 n->v
[2018-09-26 10:38:45]	做作 a->v
[2018-09-26 10:38:45]	刺 n->v
[2018-09-26 10:38:45]	骁勇 a->an
[2018-09-26 10:38:45]	捐款 n->vi
[2018-09-26 10:38:45]	包 n->v
[2018-09-26 10:38:45]	打扮 n->v
[2018-09-26 10:38:45]	宽容 a->v
[2018-09-26 10:38:45]	反应 n->vi
[2018-09-26 10:38:45]	发 ng->v
[2018-09-26 10:38:45]	叠 q->v
[2018-09-26 10:38:45]	可惜 a->v
[2018-09-26 10:38:45]	荣耀 a->an
[2018-09-26 10:38:45]	高深 a->nr
[2018-09-26 10:38:45]	喜悦 a->an
[2018-09-26 10:38:45]	回头 d->vi
[2018-09-26 10:38:45]	失意 a->vi
[2018-09-26 10:38:45]	失落 a->v
[2018-09-26 10:38:45]	委屈 a->v
[2018-09-26 10:38:45]	无奈 a->d
[2018-09-26 10:38:45]	娇气 a->n
[2018-09-26 10:38:45]	孤僻 a->an
[2018-09-26 10:38:45]	孤寂 a->an
[2018-09-26 10:38:45]	孤傲 a->an
[2018-09-26 10:38:45]	单独 b->d
[2018-09-26 10:38:45]	安慰 a->v
[2018-09-26 10:38:45]	实践 n->v
[2018-09-26 10:38:45]	喜好 an->v
[2018-09-26 10:38:45]	客观 a->n
[2018-09-26 10:38:45]	恐惧 a->an
[2018-09-26 10:38:45]	倾心 ad->vi
[2018-09-26 10:38:45]	希望 n->v
[2018-09-26 10:38:45]	带 n->v
[2018-09-26 10:38:45]	应邀 vd->vi
[2018-09-26 10:38:45]	归结 n->vi
[2018-09-26 10:38:45]	形象 a->n
[2018-09-26 10:38:45]	必然 b->n
[2018-09-26 10:38:45]	忧愁 a->an
[2018-09-26 10:38:45]	忧伤 a->an
[2018-09-26 10:38:45]	伤感 a->an
[2018-09-26 10:38:45]	感伤 a->an
[2018-09-26 10:38:45]	追悼 v->vn
[2018-09-26 10:38:45]	哀痛 a->an
[2018-09-26 10:38:45]	欢愉 a->an
[2018-09-26 10:38:45]	欢畅 a->an
[2018-09-26 10:38:45]	开心 a->happ
[2018-09-26 10:38:45]	迟疑 a->an
[2018-09-26 10:38:45]	恶意 d->n
[2018-09-26 10:38:45]	愧疚 a->an
[2018-09-26 10:38:45]	感动 a->v
[2018-09-26 10:38:45]	感慨 a->v
[2018-09-26 10:38:45]	后悔 a->v
[2018-09-26 10:38:45]	戴 nr1->v
[2018-09-26 10:38:45]	打 p->v
[2018-09-26 10:38:45]	抚恤 vi->vn
[2018-09-26 10:38:45]	空洞 a->n
[2018-09-26 10:38:45]	拨 q->v
[2018-09-26 10:38:45]	挂 q->v
[2018-09-26 10:38:45]	挡 n->v
[2018-09-26 10:38:45]	无限 a->vi
[2018-09-26 10:38:45]	无穷 d->z
[2018-09-26 10:38:45]	智慧 a->n
[2018-09-26 10:38:45]	智 ag->ng
[2018-09-26 10:38:45]	服务 n->v
[2018-09-26 10:38:45]	对照 p->v
[2018-09-26 10:38:45]	活动 a->vn
[2018-09-26 10:38:45]	渡 ng->v
[2018-09-26 10:38:45]	温和 a->nr
[2018-09-26 10:38:45]	滚 ng->vi
[2018-09-26 10:38:45]	满足 a->v
[2018-09-26 10:38:45]	狂热 a->an
[2018-09-26 10:38:45]	灌 ng->v
[2018-09-26 10:38:45]	热心 a->v
[2018-09-26 10:38:45]	热忱 a->an
[2018-09-26 10:38:45]	热诚 a->an
[2018-09-26 10:38:45]	单方面 b->n
[2018-09-26 10:38:45]	特别 a->d
[2018-09-26 10:38:45]	希罕 a->v
[2018-09-26 10:38:45]	理性 b->n
[2018-09-26 10:38:45]	理想 a->n
[2018-09-26 10:38:45]	理智 a->n
[2018-09-26 10:38:45]	生气 a->n
[2018-09-26 10:38:45]	生活 vi->vn
[2018-09-26 10:38:45]	愤恨 a->vn
[2018-09-26 10:38:45]	盖 d->v
[2018-09-26 10:38:45]	扣 ng->v
[2018-09-26 10:38:45]	相互 b->d
[2018-09-26 10:38:45]	相对 b->d
[2018-09-26 10:38:45]	矛盾 a->an
[2018-09-26 10:38:45]	明白 a->v
[2018-09-26 10:38:45]	了然 a->v
[2018-09-26 10:38:45]	知 ag->v
[2018-09-26 10:38:45]	研究 n->v
[2018-09-26 10:38:45]	迟滞 a->v
[2018-09-26 10:38:45]	礼貌 a->an
[2018-09-26 10:38:45]	神气 a->n
[2018-09-26 10:38:45]	端 ng->v
[2018-09-26 10:38:45]	精神 a->n
[2018-09-26 10:38:45]	约会 n->vi
[2018-09-26 10:38:45]	纪念 n->v
[2018-09-26 10:38:45]	绊 ng->v
[2018-09-26 10:38:45]	绝对 a->d
[2018-09-26 10:38:45]	统一 a->v
[2018-09-26 10:38:45]	综合 a->vn
[2018-09-26 10:38:45]	精通 a->v
[2018-09-26 10:38:45]	联系 n->v
[2018-09-26 10:38:45]	肯定 a->v
[2018-09-26 10:38:45]	背 a->v
[2018-09-26 10:38:45]	苦闷 a->an
[2018-09-26 10:38:45]	迷茫 a->an
[2018-09-26 10:38:45]	苦恼 a->an
[2018-09-26 10:38:45]	迷惘 a->an
[2018-09-26 10:38:45]	虚伪 a->an
[2018-09-26 10:38:45]	虚荣 a->an
[2018-09-26 10:38:45]	行动 vi->vn
[2018-09-26 10:38:45]	作为 n->v
[2018-09-26 10:38:45]	表现 n->v
[2018-09-26 10:38:45]	要 ag->v
[2018-09-26 10:38:45]	还要 d->v
[2018-09-26 10:38:45]	论断 n->vn
[2018-09-26 10:38:45]	警惕 a->v
[2018-09-26 10:38:45]	误工 vi->vn
[2018-09-26 10:38:45]	谢 nr1->v
[2018-09-26 10:38:45]	矜持 a->an
[2018-09-26 10:38:45]	迷惑 a->v
[2018-09-26 10:38:45]	道德 a->n
[2018-09-26 10:38:45]	遗憾 a->sorr
[2018-09-26 10:38:45]	重视 a->v
[2018-09-26 10:38:45]	间接 a->b
[2018-09-26 10:38:45]	刁钻 a->an
[2018-09-26 10:38:45]	顶 f->v
[2018-09-26 10:38:45]	飞 dg->vi
[2018-09-26 10:38:45]	飞跃 vi->vn
[2018-09-26 10:38:45]	骄傲 a->an
[2018-09-26 10:38:45]	坚定 a->v
[2018-09-26 10:38:45]	坚韧 a->an
[2018-09-26 10:38:45]	塞 b->v
[2018-09-26 10:38:45]	华美 a->nz
[2018-09-26 10:38:45]	中兴 ns->nz
[2018-09-26 10:38:45]	多 a->m
[2018-09-26 10:38:45]	够 a->v
[2018-09-26 10:38:45]	夹 b->v
[2018-09-26 10:38:45]	奇怪 a->v
[2018-09-26 10:38:45]	奔腾 nz->vi
[2018-09-26 10:38:45]	阻碍 n->v
[2018-09-26 10:38:45]	威风 a->an
[2018-09-26 10:38:45]	安全 a->an
[2018-09-26 10:38:45]	本分 a->n
[2018-09-26 10:38:45]	安定 a->an
[2018-09-26 10:38:45]	悠然 a->an
[2018-09-26 10:38:45]	宁静 a->an
[2018-09-26 10:38:45]	安宁 a->an
[2018-09-26 10:38:45]	安谧 a->an
[2018-09-26 10:38:45]	太平 a->ns
[2018-09-26 10:38:45]	实质 a->n
[2018-09-26 10:38:45]	实际 a->n
[2018-09-26 10:38:45]	密切 a->v
[2018-09-26 10:38:45]	富有 a->v
[2018-09-26 10:38:45]	富余 a->vn
[2018-09-26 10:38:45]	封闭 a->v
[2018-09-26 10:38:45]	孝顺 a->v
[2018-09-26 10:38:45]	尖端 b->n
[2018-09-26 10:38:45]	动荡 a->an
[2018-09-26 10:38:45]	局限 n->vi
[2018-09-26 10:38:45]	巡回 vd->vi
[2018-09-26 10:38:45]	巩固 a->v
[2018-09-26 10:38:45]	劣 a->ag
[2018-09-26 10:38:45]	迥异 a->z
[2018-09-26 10:38:45]	出入 n->v
[2018-09-26 10:38:45]	干 a->v
[2018-09-26 10:38:45]	干枯 a->vi
[2018-09-26 10:38:45]	干脆 a->d
[2018-09-26 10:38:45]	平 a->v
[2018-09-26 10:38:45]	幸福 a->happ
[2018-09-26 10:38:45]	延长 ns->v
[2018-09-26 10:38:45]	开 q->v
[2018-09-26 10:38:45]	开创 n->v
[2018-09-26 10:38:45]	伊始 t->vi
[2018-09-26 10:38:45]	初叶 f->t
[2018-09-26 10:38:45]	初始 b->t
[2018-09-26 10:38:45]	初步 b->d
[2018-09-26 10:38:45]	开放 a->v
[2018-09-26 10:38:45]	弯 a->v
[2018-09-26 10:38:45]	弹 ng->v
[2018-09-26 10:38:45]	化 k->v
[2018-09-26 10:38:45]	成 a->v
[2018-09-26 10:38:45]	影响 n->v
[2018-09-26 10:38:45]	急剧 b->d
[2018-09-26 10:38:45]	匆匆 d->z
[2018-09-26 10:38:45]	性 k->ng
[2018-09-26 10:38:45]	正值 p->v
[2018-09-26 10:38:45]	适宜 a->v
[2018-09-26 10:38:45]	悠远 an->z
[2018-09-26 10:38:45]	悬空 vd->vi
[2018-09-26 10:38:45]	悲哀 a->an
[2018-09-26 10:38:45]	例外 n->vi
[2018-09-26 10:38:45]	专门 b->d
[2018-09-26 10:38:45]	东乡族 ns->nz
[2018-09-26 10:38:45]	严正 a->nr
[2018-09-26 10:38:45]	中央 f->n
[2018-09-26 10:38:45]	举 ag->v
[2018-09-26 10:38:45]	义务 d->n
[2018-09-26 10:38:45]	乱 a->d
[2018-09-26 10:38:45]	争议 n->vn
[2018-09-26 10:38:45]	优先 ad->v
[2018-09-26 10:38:45]	优胜 a->vi
[2018-09-26 10:38:45]	优良 a->z
[2018-09-26 10:38:45]	浩瀚 a->z
[2018-09-26 10:38:45]	伪装 n->v
[2018-09-26 10:38:45]	依靠 n->v
[2018-09-26 10:38:45]	鼓舞 a->v
[2018-09-26 10:38:45]	保证 n->v
[2018-09-26 10:38:45]	远望 nz->v
[2018-09-26 10:38:45]	借 p->v
[2018-09-26 10:38:45]	偏 a->d
[2018-09-26 10:38:45]	健全 a->v
[2018-09-26 10:38:45]	光明 a->n
[2018-09-26 10:38:45]	光辉 a->n
[2018-09-26 10:38:45]	辉煌 a->an
[2018-09-26 10:38:45]	光彩 a->n
[2018-09-26 10:38:45]	公开 a->v
[2018-09-26 10:38:45]	关键 a->n
[2018-09-26 10:38:45]	冒险 vd->vi
[2018-09-26 10:38:45]	决定 n->v
[2018-09-26 10:38:45]	严寒 a->an
[2018-09-26 10:38:45]	严冬 n->t
[2018-09-26 10:38:45]	惆怅 a->an
[2018-09-26 10:38:45]	苍凉 a->an
[2018-09-26 10:38:45]	凝眸 vd->vi
[2018-09-26 10:38:45]	邪恶 a->an
[2018-09-26 10:38:45]	超群 nz->vi
[2018-09-26 10:38:45]	分离 vd->vi
[2018-09-26 10:38:45]	盘剥 v->vn
[2018-09-26 10:38:45]	努力 a->an
[2018-09-26 10:38:45]	勉强 a->v
[2018-09-26 10:38:45]	升 q->v
[2018-09-26 10:38:45]	无益 a->vi
[2018-09-26 10:38:45]	危险 a->an
[2018-09-26 10:38:45]	卷 ng->v
[2018-09-26 10:38:45]	原则 d->n
[2018-09-26 10:38:45]	重复 a->v
[2018-09-26 10:38:45]	来回 d->vi
[2018-09-26 10:38:45]	带头 vd->vi
[2018-09-26 10:38:45]	变化 v->vn
[2018-09-26 10:38:45]	可怜 a->v
[2018-09-26 10:38:45]	司 n->ng
[2018-09-26 10:38:45]	听 q->v
[2018-09-26 10:38:45]	启示 v->vn
[2018-09-26 10:38:45]	呼 b->v
[2018-09-26 10:38:45]	咽 ng->v
[2018-09-26 10:38:45]	哄 o->v
[2018-09-26 10:38:45]	相应 d->vi
[2018-09-26 10:38:45]	流泪 vd->vi
[2018-09-26 10:38:45]	喂 e->v
[2018-09-26 10:38:45]	闻 ng->v
[2018-09-26 10:38:45]	团结 a->v
[2018-09-26 10:38:45]	困惑 a->an
[2018-09-26 10:38:45]	疑惑 an->v
[2018-09-26 10:38:45]	困难 a->an
[2018-09-26 10:38:45]	懈怠 a->an
[2018-09-26 10:38:45]	总体 b->n
[2018-09-26 10:38:45]	全盘 b->n
[2018-09-26 10:38:45]	扑 o->v
[2018-09-26 10:38:45]	托 ng->v
[2018-09-26 10:38:45]	投入 a->v
[2018-09-26 10:38:45]	投机 a->v
[2018-09-26 10:38:45]	折 ng->vi
[2018-09-26 10:38:45]	抛 nr1->v
[2018-09-26 10:38:45]	拉 b->v
[2018-09-26 10:38:45]	拍 ng->v
[2018-09-26 10:38:45]	拥挤 a->vi
[2018-09-26 10:38:45]	拿 p->v
[2018-09-26 10:38:45]	指导 n->v
[2018-09-26 10:38:45]	挑剔 a->v
[2018-09-26 10:38:45]	挤 a->v
[2018-09-26 10:38:45]	坎坷 a->an
[2018-09-26 10:38:45]	挺 ag->vi
[2018-09-26 10:38:45]	捆 ng->v
[2018-09-26 10:38:45]	捧 q->v
[2018-09-26 10:38:45]	把握 n->v
[2018-09-26 10:38:45]	左右 f->m
[2018-09-26 10:38:45]	提议 n->v
[2018-09-26 10:38:45]	撇 q->v
[2018-09-26 10:38:45]	撒 n->v
[2018-09-26 10:38:45]	结果 c->n
[2018-09-26 10:38:45]	缓冲 vi->vn
[2018-09-26 10:38:45]	缓和 a->v
[2018-09-26 10:38:45]	松懈 a->v
[2018-09-26 10:38:45]	缺 n->v
[2018-09-26 10:38:45]	欠缺 a->vi
[2018-09-26 10:38:45]	美 a->b
[2018-09-26 10:38:45]	能 d->v
[2018-09-26 10:38:45]	可 c->v
[2018-09-26 10:38:45]	自强 vd->vi
[2018-09-26 10:38:45]	自主 vd->vi
[2018-09-26 10:38:45]	苦 a->an
[2018-09-26 10:38:45]	苦涩 a->an
[2018-09-26 10:38:45]	怪诞 a->an
[2018-09-26 10:38:45]	装 n->v
[2018-09-26 10:38:45]	规模 d->n
[2018-09-26 10:38:45]	规范 a->v
[2018-09-26 10:38:45]	解放 a->v
[2018-09-26 10:38:45]	证明 n->v
[2018-09-26 10:38:45]	说明 n->v
[2018-09-26 10:38:45]	说 ng->v
[2018-09-26 10:38:45]	讲 ng->v
[2018-09-26 10:38:45]	让 p->v
[2018-09-26 10:38:45]	贪心 a->v
[2018-09-26 10:38:45]	领先 vd->vi
[2018-09-26 10:38:45]	走向 n->v
[2018-09-26 10:38:45]	跑 ng->v
[2018-09-26 10:38:45]	跨 ng->v
[2018-09-26 10:38:45]	跳 q->vi
[2018-09-26 10:38:45]	转 ng->v
[2018-09-26 10:38:45]	柔韧 a->an
[2018-09-26 10:38:45]	辅助 v->vn
[2018-09-26 10:38:45]	进步 a->vn
[2018-09-26 10:38:45]	进行 vn->vx
[2018-09-26 10:38:45]	道教 n->nz
[2018-09-26 10:38:45]	酸 a->n
[2018-09-26 10:38:45]	醒 ng->v
[2018-09-26 10:38:45]	重 a->v
[2018-09-26 10:38:45]	铺 n->v
[2018-09-26 10:38:45]	错误 a->n
[2018-09-26 10:38:45]	集中 a->v
[2018-09-26 10:38:45]	集会 n->vi
[2018-09-26 10:38:45]	颠簸 vd->vi
[2018-09-26 10:38:45]	振荡 vi->vn
[2018-09-26 10:38:45]	霸气 an->n
[2018-09-26 10:38:45]	革命 a->vn
[2018-09-26 10:38:45]	飘 a->v
[2018-09-26 10:38:45]	饿 a->v
[2018-09-26 10:38:45]	香 a->n
[2018-09-26 10:38:45]	骑 ng->v
[2018-09-26 10:38:45]	娇艳 a->an
[2018-09-26 10:38:45]	麻烦 a->an
[2018-09-26 10:38:45]	烦恼 a->an
[2018-09-26 10:38:45]	黄色 b->n
[2018-09-26 10:38:45]	放肆 a->an
[2018-09-26 10:38:45]	纵情 d->v
[2018-09-26 10:38:45]	任意 b->d
[2018-09-26 10:38:45]	文明 a->n
[2018-09-26 10:38:45]	斗争 vi->vn
[2018-09-26 10:38:45]	方便 a->v
[2018-09-26 10:38:45]	便利 a->an
[2018-09-26 10:38:45]	平板 a->n
[2018-09-26 10:38:45]	昂扬 a->v
[2018-09-26 10:38:45]	明确 a->v
[2018-09-26 10:38:45]	是 ng->vshi
[2018-09-26 10:38:45]	好坏 a->n
[2018-09-26 10:38:45]	曲直 n->nr
[2018-09-26 10:38:45]	普及 a->v
[2018-09-26 10:38:45]	暖 a->v
[2018-09-26 10:38:45]	温热 a->an
[2018-09-26 10:38:45]	和暖 a->an
[2018-09-26 10:38:45]	曲 ag->n
[2018-09-26 10:38:45]	望 ng->v
[2018-09-26 10:38:45]	来 f->vf
[2018-09-26 10:38:45]	松 a->v
[2018-09-26 10:38:45]	极端 a->n
[2018-09-26 10:38:45]	构成 n->v
[2018-09-26 10:38:45]	断然 b->d
[2018-09-26 10:38:45]	妖娆 a->an
[2018-09-26 10:38:45]	正 a->d
[2018-09-26 10:38:45]	歪 a->v
[2018-09-26 10:38:45]	斜 a->v
[2018-09-26 10:38:45]	殖民 vi->vn
[2018-09-26 10:38:45]	民主 a->an
[2018-09-26 10:38:45]	没有 d->v
[2018-09-26 10:38:45]	无 d->v
[2018-09-26 10:38:45]	派别 n->gms
[2018-09-26 10:38:45]	派系 n->gms
[2018-09-26 10:38:45]	流行 a->v
[2018-09-26 10:38:45]	深度 ad->n
[2018-09-26 10:38:45]	混 a->v
[2018-09-26 10:38:45]	滋润 a->v
[2018-09-26 10:38:45]	温润 a->an
[2018-09-26 10:38:45]	满 a->v
[2018-09-26 10:38:45]	漏 ng->v
[2018-09-26 10:38:45]	飘逸 a->v
[2018-09-26 10:38:45]	灰 a->ag
[2018-09-26 10:38:45]	绚烂 a->an
[2018-09-26 10:38:45]	烂 a->v
[2018-09-26 10:38:45]	烫 a->v
[2018-09-26 10:38:45]	热情 a->an
[2018-09-26 10:38:45]	灭火 n->vi
[2018-09-26 10:38:45]	熟悉 a->v
[2018-09-26 10:38:45]	攀 b->v
[2018-09-26 10:38:45]	铭刻 n->v
[2018-09-26 10:38:45]	铭记 n->v
[2018-09-26 10:38:45]	独立 a->v
[2018-09-26 10:38:45]	自力 n->nr
[2018-09-26 10:38:45]	独裁 a->an
[2018-09-26 10:38:45]	狼狈 ad->an
[2018-09-26 10:38:45]	现代 n->t
[2018-09-26 10:38:45]	现实 a->n
[2018-09-26 10:38:45]	珍藏 n->v
[2018-09-26 10:38:45]	生 a->v
[2018-09-26 10:38:45]	用 ng->p
[2018-09-26 10:38:45]	申请 n->v
[2018-09-26 10:38:45]	痛苦 a->an
[2018-09-26 10:38:45]	悲痛 a->an
[2018-09-26 10:38:45]	皱 n->v
[2018-09-26 10:38:45]	直 a->d
[2018-09-26 10:38:45]	同样 b->d
[2018-09-26 10:38:45]	相当 d->vi
[2018-09-26 10:38:45]	看 u->v
[2018-09-26 10:38:45]	真 a->d
[2018-09-26 10:38:45]	真正 b->d
[2018-09-26 10:38:45]	夺目 a->v
[2018-09-26 10:38:45]	矫健 a->nr
[2018-09-26 10:38:45]	破 a->v
[2018-09-26 10:38:45]	磨 n->v
[2018-09-26 10:38:45]	示范 vi->vn
[2018-09-26 10:38:45]	神 a->n
[2018-09-26 10:38:45]	科学 a->n
[2018-09-26 10:38:45]	秘密 a->n
[2018-09-26 10:38:45]	机密 a->n
[2018-09-26 10:38:45]	稳定 a->an
[2018-09-26 10:38:45]	空 a->v
[2018-09-26 10:38:45]	突出 a->v
[2018-09-26 10:38:45]	端正 a->v
[2018-09-26 10:38:45]	署名 n->vi
[2018-09-26 10:38:45]	签名 n->vi
[2018-09-26 10:38:45]	管理 v->vn
[2018-09-26 10:38:45]	依稀 a->d
[2018-09-26 10:38:45]	系统 a->n
[2018-09-26 10:38:45]	繁荣 a->an
[2018-09-26 10:38:45]	纯洁 a->v
[2018-09-26 10:38:45]	清白 a->an
[2018-09-26 10:38:45]	定额 d->n
[2018-09-26 10:38:45]	抽样 vd->vi
[2018-09-26 10:38:45]	庭审 n->v
[2018-09-26 10:38:45]	测绘 v->vn
[2018-09-26 10:38:45]	澄清 nr->vi
[2018-09-26 10:38:45]	马达 n->nr
[2018-09-26 10:38:45]	超产 v->vn
[2018-09-26 10:38:45]	采矿 vi->vn
[2018-09-26 10:38:45]	一 d->m
[2018-09-26 10:38:45]	一路 d->mq
[2018-09-26 10:38:45]	上 b->f
[2018-09-26 10:38:45]	东西 f->n
[2018-09-26 10:38:45]	乘 p->v
[2018-09-26 10:38:45]	亮 a->vi
[2018-09-26 10:38:45]	明 a->ag
[2018-09-26 10:38:45]	会 n->v
[2018-09-26 10:38:45]	出 q->vf
[2018-09-26 10:38:45]	前方 f->s
[2018-09-26 10:38:45]	单 b->d
[2018-09-26 10:38:45]	又 c->d
[2018-09-26 10:38:45]	员 n->ng
[2018-09-26 10:38:45]	在 d->p
[2018-09-26 10:38:45]	太 a->d
[2018-09-26 10:38:45]	对 a->p
[2018-09-26 10:38:45]	就 c->d
[2018-09-26 10:38:45]	帮 q->v
[2018-09-26 10:38:45]	非常 b->d
[2018-09-26 10:38:45]	时 d->ng
[2018-09-26 10:38:45]	夜间 f->t
[2018-09-26 10:38:45]	本 d->rz
[2018-09-26 10:38:45]	没 d->v
[2018-09-26 10:38:45]	片 ng->q
[2018-09-26 10:38:45]	等 n->v
[2018-09-26 10:38:45]	自动 b->d
[2018-09-26 10:38:45]	袋 n->ng
[2018-09-26 10:38:45]	记 ng->v
[2018-09-26 10:38:45]	错 n->v
[2018-09-26 10:38:45]	问 ng->v
[2018-09-26 10:38:45]	几 b->m
[2018-09-26 10:38:45]	到 p->v
[2018-09-26 10:38:45]	动画 b->n
[2018-09-26 10:38:45]	叫 n->vi
[2018-09-26 10:38:45]	学 ng->v
[2018-09-26 10:38:45]	把 m->v
[2018-09-26 10:38:45]	接着 c->v
[2018-09-26 10:38:45]	着 n->vi
[2018-09-26 10:38:45]	试 ng->v
[2018-09-26 10:38:45]	谈 ng->v
[2018-09-26 10:38:45]	连 d->n
[2018-09-26 10:38:45]	遍 a->v
[2018-09-26 10:38:45]	专用 b->v
[2018-09-26 10:38:45]	买卖 n->v
[2018-09-26 10:38:45]	亏损 n->v
[2018-09-26 10:38:45]	亏空 n->v
[2018-09-26 10:38:45]	代理 n->v
[2018-09-26 10:38:45]	仲裁 vi->vn
[2018-09-26 10:38:45]	会心 a->n
[2018-09-26 10:38:45]	羞辱 an->v
[2018-09-26 10:38:45]	保管 n->v
[2018-09-26 10:38:45]	保险 a->n
[2018-09-26 10:38:45]	信 ag->n
[2018-09-26 10:38:45]	公共 b->gjtgj
[2018-09-26 10:38:45]	出租 n->v
[2018-09-26 10:38:45]	出租汽车 nl->gjtgj
[2018-09-26 10:38:45]	分 b->v
[2018-09-26 10:38:45]	诱惑 v->vn
[2018-09-26 10:38:45]	增值 n->vi
[2018-09-26 10:38:45]	协作 vd->vi
[2018-09-26 10:38:45]	协调 a->v
[2018-09-26 10:38:45]	印染 v->vn
[2018-09-26 10:38:45]	合营 v->vn
[2018-09-26 10:38:45]	合资 b->vi
[2018-09-26 10:38:45]	合伙 vd->vi
[2018-09-26 10:38:45]	合股 vd->vi
[2018-09-26 10:38:45]	咨询 v->vn
[2018-09-26 10:38:45]	监管 v->vn
[2018-09-26 10:38:45]	地铁 n->gjtgj
[2018-09-26 10:38:45]	坦白 a->v
[2018-09-26 10:38:45]	实惠 a->an
[2018-09-26 10:38:45]	负债 n->vi
[2018-09-26 10:38:45]	派出所 n->gms
[2018-09-26 10:38:45]	派遣 v->gms
[2018-09-26 10:38:45]	派出 v->gms
[2018-09-26 10:38:45]	流 ng->v
[2018-09-26 10:38:45]	也 b->d
[2018-09-26 10:38:45]	方才 d->nr
[2018-09-26 10:38:45]	加 b->v
[2018-09-26 10:38:45]	可以 a->v
[2018-09-26 10:38:45]	和 ag->cc
[2018-09-26 10:38:45]	同 cc->p
[2018-09-26 10:38:45]	与 cc->p
[2018-09-26 10:38:45]	并 cc->d
[2018-09-26 10:38:45]	学会 n->v
[2018-09-26 10:38:45]	是否 d->v
[2018-09-26 10:38:45]	若 c->v
[2018-09-26 10:38:45]	跟随 p->v
[2018-09-26 10:38:45]	跟班 vd->vi
[2018-09-26 10:38:45]	重点 a->n
[2018-09-26 10:38:45]	帆船 n->gjtgj
[2018-09-26 10:38:45]	建设 n->vn
[2018-09-26 10:38:45]	总务 b->n
[2018-09-26 10:38:45]	总结 n->v
[2018-09-26 10:38:45]	成交 n->v
[2018-09-26 10:38:45]	成批 b->d
[2018-09-26 10:38:45]	批发 v->vn
[2018-09-26 10:38:45]	投资 n->v
[2018-09-26 10:38:45]	招标 vd->vi
[2018-09-26 10:38:45]	提成 n->vi
[2018-09-26 10:38:45]	故意 b->d
[2018-09-26 10:38:45]	有意 d->vi
[2018-09-26 10:38:45]	机械 a->n
[2018-09-26 10:38:45]	标准 a->n
[2018-09-26 10:38:45]	规则 a->n
[2018-09-26 10:38:45]	规矩 a->n
[2018-09-26 10:38:45]	调度 n->v
[2018-09-26 10:38:45]	调控 v->vn
[2018-09-26 10:38:45]	贸易 v->vn
[2018-09-26 10:38:45]	走私 b->v
[2018-09-26 10:38:45]	运输 v->vn
[2018-09-26 10:38:45]	违法 vd->vi
[2018-09-26 10:38:45]	毒害 n->v
[2018-09-26 10:38:45]	大选 n->vi
[2018-09-26 10:38:45]	通用 a->nz
[2018-09-26 10:38:45]	通信 vi->vn
[2018-09-26 10:38:45]	共同 b->d
[2018-09-26 10:38:45]	配套 a->v
[2018-09-26 10:38:45]	锯 n->v
[2018-09-26 10:38:45]	零售 v->vn
[2018-09-26 10:38:45]	飞机 n->gjtgj
[2018-09-26 10:38:45]	混纺 b->v
[2018-09-26 10:38:45]	火车 n->gjtgj
[2018-09-26 10:38:45]	犯罪 vi->vn
[2018-09-26 10:38:45]	生产 n->v
[2018-09-26 10:38:45]	出产 n->v
[2018-09-26 10:38:45]	电车 n->gjtgj
[2018-09-26 10:38:45]	盈利 n->vi
[2018-09-26 10:38:45]	赢利 n->v
[2018-09-26 10:38:45]	赚钱 a->v
[2018-09-26 10:38:45]	监察 v->vn
[2018-09-26 10:38:45]	种 ng->v
[2018-09-26 10:38:45]	租 ng->v
[2018-09-26 10:38:45]	积累 n->v
[2018-09-26 10:38:45]	管制 v->vn
[2018-09-26 10:38:45]	经济 a->n
[2018-09-26 10:38:45]	经营 n->v
[2018-09-26 10:38:45]	缉私 vi->vn
[2018-09-26 10:38:45]	考验 v->vn
[2018-09-26 10:38:45]	肇事 vi->vn
[2018-09-26 10:38:45]	船 n->gjtgj
[2018-09-26 10:38:45]	船舶 n->gjtgj
[2018-09-26 10:38:45]	轮船 n->gjtgj
[2018-09-26 10:38:45]	补偿 v->vn
[2018-09-26 10:38:45]	狩猎 n->vi
[2018-09-26 10:38:45]	摄像 n->vi
[2018-09-26 10:38:45]	传奇 a->n
[2018-09-26 10:38:45]	教 ng->v
[2018-09-26 10:38:45]	教育 v->vn
[2018-09-26 10:38:45]	旅游 vi->vn
[2018-09-26 10:38:45]	杂交 vi->vn
[2018-09-26 10:38:45]	构 ng->vg
[2018-09-26 10:38:45]	专业 a->n
[2018-09-26 10:38:45]	启蒙 vi->vn
[2018-09-26 10:38:45]	囤 ng->v
[2018-09-26 10:38:45]	录音 n->vn
[2018-09-26 10:38:45]	洪流 n->nr
[2018-09-26 10:38:45]	牛 ag->n
[2018-09-26 10:38:45]	玩 ng->v
[2018-09-26 10:38:45]	田野 n->nr
[2018-09-26 10:38:45]	百合 n->nr
[2018-09-26 10:38:45]	答复 n->v
[2018-09-26 10:38:45]	练习 n->v
[2018-09-26 10:38:45]	结业 vd->vi
[2018-09-26 10:38:45]	考 ng->v
[2018-09-26 10:38:45]	测验 v->vn
[2018-09-26 10:38:45]	耙 n->v
[2018-09-26 10:38:45]	育种 vi->vn
[2018-09-26 10:38:45]	自然 a->n
[2018-09-26 10:38:45]	艺术 a->n
[2018-09-26 10:38:45]	耳语 n->vi
[2018-09-26 10:38:45]	锄 ng->v
[2018-09-26 10:38:45]	防汛 vi->vn
[2018-09-26 10:38:45]	集邮 vi->vn
[2018-09-26 10:38:45]	风光 a->n
[2018-09-26 10:38:45]	马 b->n
[2018-09-26 10:38:45]	鸭 n->ng
[2018-09-26 10:38:45]	麻 a->n
[2018-09-26 10:38:45]	鼓 a->v
[2018-09-26 10:38:45]	构想 n->vn
[2018-09-26 10:38:45]	一瞬间 m->t
[2018-09-26 10:38:45]	倏然 d->z
[2018-09-26 10:38:45]	一下子 d->mq
[2018-09-26 10:38:45]	转瞬 d->t
[2018-09-26 10:38:45]	丁 Mg->o
[2018-09-26 10:38:45]	万 d->m
[2018-09-26 10:38:45]	不久 d->m
[2018-09-26 10:38:45]	东 b->f
[2018-09-26 10:38:45]	个 ng->q
[2018-09-26 10:38:45]	举重 n->vn
[2018-09-26 10:38:45]	九 b->m
[2018-09-26 10:38:45]	根本 a->n
[2018-09-26 10:38:45]	一贯 b->d
[2018-09-26 10:38:45]	平素 a->d
[2018-09-26 10:38:45]	仰泳 vi->vn
[2018-09-26 10:38:45]	件 ng->q
[2018-09-26 10:38:45]	篇 ng->q
[2018-09-26 10:38:45]	口头 d->n
[2018-09-26 10:38:45]	西 b->f
[2018-09-26 10:38:45]	跳水 vi->vn
[2018-09-26 10:38:45]	跳远 vi->vn
[2018-09-26 10:38:45]	边缘 b->n
[2018-09-26 10:38:45]	边沿 f->p
[2018-09-26 10:38:45]	过期 vd->vi
[2018-09-26 10:38:45]	住院 vd->vi
[2018-09-26 10:38:45]	限期 n->vi
[2018-09-26 10:38:45]	集合 n->v
[2018-09-26 10:38:45]	零 a->m
[2018-09-26 10:38:45]	页 ng->q
[2018-09-26 10:38:45]	顷 dg->q
[2018-09-26 10:38:45]	初赛 n->vi
[2018-09-26 10:38:45]	麻痹 a->vi
[2018-09-26 10:38:45]	保健 b->n
[2018-09-26 10:38:45]	倍 d->q
[2018-09-26 10:38:45]	健康 a->an
[2018-09-26 10:38:45]	克 b->vg
[2018-09-26 10:38:45]	册 ng->q
[2018-09-26 10:38:45]	决赛 vi->vn
[2018-09-26 10:38:45]	遍地 vd->vi
[2018-09-26 10:38:45]	化验 n->v
[2018-09-26 10:38:45]	卫生 a->an
[2018-09-26 10:38:45]	原来 b->d
[2018-09-26 10:38:45]	原本 d->n
[2018-09-26 10:38:45]	发烧 b->vi
[2018-09-26 10:38:45]	右 a->f
[2018-09-26 10:38:45]	同时 c->n
[2018-09-26 10:38:45]	同期 d->f
[2018-09-26 10:38:45]	后期 f->t
[2018-09-26 10:38:45]	周长 n->nr
[2018-09-26 10:38:45]	国庆 n->t
[2018-09-26 10:38:45]	圆 a->vg
[2018-09-26 10:38:45]	墨 b->n
[2018-09-26 10:38:45]	新生 n->nr2
[2018-09-26 10:38:45]	夏 ng->tg
[2018-09-26 10:38:45]	定期 b->d
[2018-09-26 10:38:45]	年 n->qt
[2018-09-26 10:38:45]	延期 vd->vi
[2018-09-26 10:38:45]	缓期 vd->vi
[2018-09-26 10:38:45]	动感 b->n
[2018-09-26 10:38:45]	循环 vd->vn
[2018-09-26 10:38:45]	感冒 n->vi
[2018-09-26 10:38:45]	拼命 d->vi
[2018-09-26 10:38:45]	接力 n->vn
[2018-09-26 10:38:45]	常年 b->d
[2018-09-26 10:38:45]	终日 d->m
[2018-09-26 10:38:45]	时刻 d->n
[2018-09-26 10:38:45]	经常 b->d
[2018-09-26 10:38:45]	休克 vi->vn
[2018-09-26 10:38:45]	暂时 b->d
[2018-09-26 10:38:45]	眼前 s->t
[2018-09-26 10:38:45]	近来 d->t
[2018-09-26 10:38:45]	本能 d->n
[2018-09-26 10:38:45]	解 ng->v
[2018-09-26 10:38:45]	株 ng->q
[2018-09-26 10:38:45]	正面 a->n
[2018-09-26 10:38:45]	比 b->p
[2018-09-26 10:38:45]	永远 b->d
[2018-09-26 10:38:45]	恒久 a->z
[2018-09-26 10:38:45]	长期 b->d
[2018-09-26 10:38:45]	光 a->n
[2018-09-26 10:38:45]	对流 vi->vn
[2018-09-26 10:38:45]	平行 vd->vi
[2018-09-26 10:38:45]	死 a->v
[2018-09-26 10:38:45]	沉淀 n->vi
[2018-09-26 10:38:45]	火 a->n
[2018-09-26 10:38:45]	烧 n->vi
[2018-09-26 10:38:45]	相反 d->vi
[2018-09-26 10:38:45]	清明 a->t
[2018-09-26 10:38:45]	滑冰 n->vn
[2018-09-26 10:38:45]	甲 m->n
[2018-09-26 10:38:45]	直线 d->n
[2018-09-26 10:38:45]	秋 ng->tg
[2018-09-26 10:38:45]	联网 vd->vi
[2018-09-26 10:38:45]	裂变 n->vi
[2018-09-26 10:38:45]	象 n->ng
[2018-09-26 10:38:45]	辐射 n->v
[2018-09-26 10:38:45]	遗传 n->vn
[2018-09-26 10:38:45]	高压 b->n
[2018-09-26 10:38:45]	鼠 n->ng
[2018-09-26 10:38:45]	应当 d->v
[2018-09-26 10:38:45]	开阔 a->v
[2018-09-26 10:38:45]	当然 b->d
[2018-09-26 10:38:45]	晴 an->vi
[2018-09-26 10:38:45]	果然 c->d
[2018-09-26 10:38:45]	果真 c->d
[2018-09-26 10:38:45]	一定 b->d
[2018-09-26 10:38:45]	下游 f->n
[2018-09-26 10:38:45]	不然 a->c
[2018-09-26 10:38:45]	华夏 n->nz
[2018-09-26 10:38:45]	中游 f->n
[2018-09-26 10:38:45]	乔木 n->nr
[2018-09-26 10:38:45]	云 b->n
[2018-09-26 10:38:45]	依旧 d->z
[2018-09-26 10:38:45]	照旧 d->v
[2018-09-26 10:38:45]	从 d->p
[2018-09-26 10:38:45]	分布 vd->vi
[2018-09-26 10:38:45]	另外 c->rz
[2018-09-26 10:38:45]	叶 n->ng
[2018-09-26 10:38:45]	向 dg->p
[2018-09-26 10:38:45]	因为 c->p
[2018-09-26 10:38:45]	塘 b->ng
[2018-09-26 10:38:45]	大体 d->n
[2018-09-26 10:38:45]	大致 b->d
[2018-09-26 10:38:45]	仿佛 d->v
[2018-09-26 10:38:45]	近似 a->v
[2018-09-26 10:38:45]	宏观 a->n
[2018-09-26 10:38:45]	多次 ad->mq
[2018-09-26 10:38:45]	频仍 a->v
[2018-09-26 10:38:45]	辗转 vd->vi
[2018-09-26 10:38:45]	蜿蜒 v->z
[2018-09-26 10:38:45]	公 ad->ng
[2018-09-26 10:38:45]	露 ng->v
[2018-09-26 10:38:45]	首先 c->d
[2018-09-26 10:38:45]	最初 b->d
[2018-09-26 10:38:45]	和平 a->n
[2018-09-26 10:38:45]	排 n->v
[2018-09-26 10:38:45]	演习 v->vn
[2018-09-26 10:38:45]	舍身 d->v
[2018-09-26 10:38:45]	由于 c->p
[2018-09-26 10:38:45]	胜利 ad->vi
[2018-09-26 10:38:45]	边防 b->n
[2018-09-26 10:38:45]	隐蔽 a->v
[2018-09-26 10:38:45]	隐秘 a->n
[2018-09-26 10:38:45]	雷达 n->nr
[2018-09-26 10:38:45]	高度 d->n
[2018-09-26 10:38:45]	徐徐 d->nr
[2018-09-26 10:38:45]	湖 b->n
[2018-09-26 10:38:45]	高温 an->n
[2018-09-26 10:38:45]	火热 a->z
[2018-09-26 10:38:45]	甚至 c->d
[2018-09-26 10:38:45]	的 n->ude1
[2018-09-26 10:38:45]	神农架 n->ns
[2018-09-26 10:38:45]	到底 d->vi
[2018-09-26 10:38:45]	竹 n->ng
[2018-09-26 10:38:45]	经过 n->p
[2018-09-26 10:38:45]	花 a->n
[2018-09-26 10:38:45]	蕴含 n->v
[2018-09-26 10:38:45]	西双版纳 ns->nsf
[2018-09-26 10:38:45]	边陲 n->s
[2018-09-26 10:38:45]	金 b->ng
[2018-09-26 10:38:45]	银 b->ng
[2018-09-26 10:38:45]	锡 b->n
[2018-09-26 10:38:45]	长春 ns->nz
[2018-09-26 10:38:45]	中 b->f
[2018-09-26 10:38:45]	久 a->ng
[2018-09-26 10:38:45]	乌拉圭 ns->nsf
[2018-09-26 10:38:45]	了 ule->y
[2018-09-26 10:38:45]	以 b->p
[2018-09-26 10:38:45]	何 nr1->ry
[2018-09-26 10:38:45]	作 ng->v
[2018-09-26 10:38:45]	华盛顿 nrf->nsf
[2018-09-26 10:38:45]	可能 n->v
[2018-09-26 10:38:45]	孙 n->nr1
[2018-09-26 10:38:45]	孙子 n->nr
[2018-09-26 10:38:45]	孟加拉 n->nsf
[2018-09-26 10:38:45]	得 ude3->v
[2018-09-26 10:38:45]	愿 ng->v
[2018-09-26 10:38:45]	新加坡 ns->nsf
[2018-09-26 10:38:45]	杨 ng->nr1
[2018-09-26 10:38:45]	柬埔寨 ns->nsf
[2018-09-26 10:38:45]	如 c->v
[2018-09-26 10:38:45]	沈 b->nr1
[2018-09-26 10:38:45]	马马虎虎 al->z
[2018-09-26 10:38:45]	魏 nr1->tg
[2018-09-26 10:38:45]	互相 b->d
[2018-09-26 10:38:45]	交替 d->vi
[2018-09-26 10:38:45]	优惠 a->vn
[2018-09-26 10:38:45]	位 ng->q
[2018-09-26 10:38:45]	使劲 vd->vi
[2018-09-26 10:38:45]	保安 b->n
[2018-09-26 10:38:45]	倒 d->vi
[2018-09-26 10:38:45]	倾斜 vd->vi
[2018-09-26 10:38:45]	典型 a->n
[2018-09-26 10:38:45]	冰激凌 n->gms
[2018-09-26 10:38:45]	冲 p->v
[2018-09-26 10:38:45]	包子 n->gms
[2018-09-26 10:38:45]	反 b->vi
[2018-09-26 10:38:45]	施展 nr->v
[2018-09-26 10:38:45]	土 a->n
[2018-09-26 10:38:45]	堆 k->v
[2018-09-26 10:38:45]	孤立 a->v
[2018-09-26 10:38:45]	手工 d->n
[2018-09-26 10:38:45]	打字 vi->vn
[2018-09-26 10:38:45]	不好意思 a->vl
[2018-09-26 10:38:45]	担 ng->v
[2018-09-26 10:38:45]	拐弯 n->vi
[2018-09-26 10:38:45]	指挥 n->v
[2018-09-26 10:38:45]	摩擦 v->vn
[2018-09-26 10:38:45]	收 ng->v
[2018-09-26 10:38:45]	信步 vd->vi
[2018-09-26 10:38:45]	方 a->d
[2018-09-26 10:38:45]	多数 a->m
[2018-09-26 10:38:45]	根据 n->p
[2018-09-26 10:38:45]	据 ng->p
[2018-09-26 10:38:45]	泉 n->ng
[2018-09-26 10:38:45]	消费 n->vn
[2018-09-26 10:38:45]	深入 a->v
[2018-09-26 10:38:45]	滴 q->v
[2018-09-26 10:38:45]	爆米花 n->gms
[2018-09-26 10:38:45]	狮 n->ng
[2018-09-26 10:38:45]	留 ng->v
[2018-09-26 10:38:45]	船埠 n->gjtgj
[2018-09-26 10:38:45]	研 ng->v
[2018-09-26 10:38:45]	确定 a->v
[2018-09-26 10:38:45]	空缺 n->v
[2018-09-26 10:38:45]	聊 d->v
[2018-09-26 10:38:45]	睿智 a->an
[2018-09-26 10:38:45]	肉 a->n
[2018-09-26 10:38:45]	反面 b->n
[2018-09-26 10:38:45]	肥 a->n
[2018-09-26 10:38:45]	记录 n->v
[2018-09-26 10:38:45]	记载 n->v
[2018-09-26 10:38:45]	设计 n->v
[2018-09-26 10:38:45]	调查 n->v
[2018-09-26 10:38:45]	负责 a->v
[2018-09-26 10:38:45]	削价 vd->vi
[2018-09-26 10:38:45]	减价 vd->vi
[2018-09-26 10:38:45]	边 b->n
[2018-09-26 10:38:45]	逆向 a->d
[2018-09-26 10:38:45]	透亮 a->vi
[2018-09-26 10:38:45]	集资 vd->vi
[2018-09-26 10:38:45]	需要 n->v
[2018-09-26 10:38:45]	靠 ng->v
[2018-09-26 10:38:45]	分类 vd->vi
[2018-09-26 10:38:45]	列 n->v
[2018-09-26 10:38:45]	固定 a->v
[2018-09-26 10:38:45]	块 ng->q
[2018-09-26 10:38:45]	宽带 b->n
[2018-09-26 10:38:45]	标注 n->v
[2018-09-26 10:38:45]	模拟 b->v
[2018-09-26 10:38:45]	盗版 n->vn
[2018-09-26 10:38:45]	型 k->ng
[2018-09-26 10:38:45]	行 a->vi
[2018-09-26 10:38:45]	隔离 vd->vn
[2018-09-26 10:38:45]	集成 b->v
[2018-09-26 10:38:45]	三星 n->nt
[2018-09-26 10:38:45]	三维 mq->n
[2018-09-26 10:38:45]	位移 n->v
[2018-09-26 10:38:45]	前端 f->n
[2018-09-26 10:38:45]	同心 a->vi
[2018-09-26 10:38:45]	同步 b->vi
[2018-09-26 10:38:45]	实时 a->n
[2018-09-26 10:38:45]	容错 b->vn
[2018-09-26 10:38:45]	微调 n->v
[2018-09-26 10:38:45]	批量 d->m
[2018-09-26 10:38:45]	指向 n->v
[2018-09-26 10:38:45]	搜狐 n->gwz
[2018-09-26 10:38:45]	数码 b->n
[2018-09-26 10:38:45]	整体 m->n
[2018-09-26 10:38:45]	新建 b->v
[2018-09-26 10:38:45]	特效 b->n
[2018-09-26 10:38:45]	移动 v->vn
[2018-09-26 10:38:45]	认证 vi->vn
[2018-09-26 10:38:45]	请求 n->v
[2018-09-26 10:38:45]	迁徙 n->v
[2018-09-26 10:38:45]	运算 vi->vn
[2018-09-26 10:38:45]	配置 n->v
[2018-09-26 10:38:45]	随机 b->d
[2018-09-26 10:38:45]	定时 b->d
[2018-09-26 10:38:45]	定点 b->n
[2018-09-26 10:38:45]	段 n->q
[2018-09-26 10:38:45]	编译 n->v
[2018-09-26 10:38:45]	安 ag->v
[2018-09-26 10:38:45]	被 d->pbei
[2018-09-26 10:38:45]	瞬间 n->t
[2018-09-26 10:38:45]	微 a->nz
[2018-09-26 10:38:45]	竹编 b->n
[2018-09-26 10:38:45]	审美 vi->vn
[2018-09-26 10:38:45]	雕版 b->n
[2018-09-26 10:38:45]	凝重 a->z
[2018-09-26 10:38:45]	超 h->v
[2018-09-26 10:38:45]	代办 n->v
[2018-09-26 10:38:45]	具象 a->n
[2018-09-26 10:38:45]	剪贴 n->v
[2018-09-26 10:38:45]	面 f->n
[2018-09-26 10:38:45]	写实主义 n->nl
[2018-09-26 10:38:45]	湿润 a->v
[2018-09-26 10:38:45]	超现实主义 b->n
[2018-09-26 10:38:45]	越 b->d
[2018-09-26 10:38:45]	写实 b->vi
[2018-09-26 10:38:45]	诚心 a->n
[2018-09-26 10:38:45]	草编 b->n
[2018-09-26 10:38:46]	高贵 a->nr
[2018-09-26 10:38:46]	创作 n->v
[2018-09-26 10:38:46]	重叠 vd->vi
[2018-09-26 10:38:46]	昂首 vd->vi
[2018-09-26 10:38:46]	棒 a->ng
[2018-09-26 10:38:46]	粗心 a->an
[2018-09-26 10:38:46]	超支 n->v
[2018-09-26 10:38:46]	仓储 n->vn
[2018-09-26 10:38:46]	免费 vd->vi
[2018-09-26 10:38:46]	八宝粥 n->gms
[2018-09-26 10:38:46]	前天 n->t
[2018-09-26 10:38:46]	匡 nr1->vg
[2018-09-26 10:38:46]	发糕 n->gms
[2018-09-26 10:38:46]	呆 a->v
[2018-09-26 10:38:46]	夸张 n->vi
[2018-09-26 10:38:46]	打算 n->v
[2018-09-26 10:38:46]	断 d->v
[2018-09-26 10:38:46]	林 n->ng
[2018-09-26 10:38:46]	横 a->v
[2018-09-26 10:38:46]	求 ng->v
[2018-09-26 10:38:46]	热气球 n->gjtgj
[2018-09-26 10:38:46]	祷告 v->vn
[2018-09-26 10:38:46]	肉 a->gms
[2018-09-26 10:38:46]	腊八粥 n->gms
[2018-09-26 10:38:46]	腐败 a->an
[2018-09-26 10:38:46]	臭豆腐 n->gms
[2018-09-26 10:38:46]	轮班 vd->vn
[2018-09-26 10:38:46]	达标 vd->vi
[2018-09-26 10:38:46]	万一 c->d
[2018-09-26 10:38:46]	友善 a->nr
[2018-09-26 10:38:46]	完善 a->v
[2018-09-26 10:38:46]	更年期 n->t
[2018-09-26 10:38:46]	终生 b->m
[2018-09-26 10:38:46]	习 ng->vg
[2018-09-26 10:38:46]	倪 x->n
[2018-09-26 10:38:46]	偶尔 b->d
[2018-09-26 10:38:46]	像 d->v
[2018-09-26 10:38:46]	出口 n->vi
[2018-09-26 10:38:46]	压抑 a->v
[2018-09-26 10:38:46]	塔 b->n
[2018-09-26 10:38:46]	姓 n->v
[2018-09-26 10:38:46]	学龄 b->n
[2018-09-26 10:38:46]	守法 vd->vi
[2018-09-26 10:38:46]	属实 a->v
[2018-09-26 10:38:46]	帅 ng->nr1
[2018-09-26 10:38:46]	引 ng->v
[2018-09-26 10:38:46]	排队 n->vi
[2018-09-26 10:38:46]	无轨电车 nl->gjtgj
[2018-09-26 10:38:46]	木 a->ng
[2018-09-26 10:38:46]	柳 n->ng
[2018-09-26 10:38:46]	汉堡包 n->gms
[2018-09-26 10:38:46]	海口 n->ns
[2018-09-26 10:38:46]	涣散 a->v
[2018-09-26 10:38:46]	滑雪 vi->vn
[2018-09-26 10:38:46]	狠 a->d
[2018-09-26 10:38:46]	狠心 a->an
[2018-09-26 10:38:46]	疏松 a->vn
[2018-09-26 10:38:46]	疼痛 a->an
[2018-09-26 10:38:46]	石 b->ng
[2018-09-26 10:38:46]	竖 n->v
[2018-09-26 10:38:46]	讲究 a->v
[2018-09-26 10:38:46]	贪吃 an->v
[2018-09-26 10:38:46]	遗存 vi->vn
[2018-09-26 10:38:46]	释迦牟尼 n->nrf
[2018-09-26 10:38:46]	阳性 b->n
[2018-09-26 10:38:46]	降价 vd->vi
[2018-09-26 10:38:46]	首创 nz->v
[2018-09-26 10:38:46]	低价 ad->n
[2018-09-26 10:38:46]	火车站 n->gjtgj
[2018-09-26 10:38:46]	小时候 n->t
[2018-09-26 10:38:46]	综合性 b->n
[2018-09-26 10:38:46]	高价 d->n
[2018-09-26 10:38:46]	主演 n->v
[2018-09-26 10:38:46]	中考 n->v
[2018-09-26 10:38:46]	无效 a->vi
[2018-09-26 10:38:46]	他人 rr->r
[2018-09-26 10:38:46]	老大 a->n
[2018-09-26 10:38:46]	各人 rr->r
[2018-09-26 10:38:46]	早起 vi->v
[2018-09-26 10:38:46]	下流 a->s
[2018-09-26 10:38:46]	在内 f->v
[2018-09-26 10:38:46]	回家 vi->v
[2018-09-26 10:38:46]	才能 n->v
[2018-09-26 10:38:46]	中意 a->n
[2018-09-26 10:38:46]	能干 a->v
[2018-09-26 10:38:46]	自大 a->an
[2018-09-26 10:38:46]	自得 an->a
[2018-09-26 10:38:46]	有余 m->v
[2018-09-26 10:38:46]	上流 b->n
[2018-09-26 10:38:46]	马上 d->n
[2018-09-26 10:38:46]	无法 d->v
[2018-09-26 10:38:46]	没法 d->v
[2018-09-26 10:38:46]	对等 vi->vn
[2018-09-26 10:38:46]	越过 v->n
[2018-09-26 10:38:46]	一口气 d->n
[2018-09-26 10:38:46]	得手 a->v
[2018-09-26 10:38:46]	国都 d->n
[2018-09-26 10:38:46]	就是 c->n
[2018-09-26 10:38:46]	无情 a->n
[2018-09-26 10:38:46]	从宽 d->v
[2018-09-26 10:38:46]	中选 vi->v
[2018-09-26 10:38:46]	一起 d->s
[2018-09-26 10:38:46]	一道 d->n
[2018-09-26 10:38:46]	一块 d->s
[2018-09-26 10:38:46]	总会 d->n
[2018-09-26 10:38:46]	你好 vl->n
[2018-09-26 10:38:46]	而后 c->d
[2018-09-26 10:38:46]	省钱 a->v
[2018-09-26 10:38:46]	人为 b->d
[2018-09-26 10:38:46]	大路 n->nz
[2018-09-26 10:38:46]	一下 d->m
[2018-09-26 10:38:46]	各处 rzs->r
[2018-09-26 10:38:46]	年间 f->n
[2018-09-26 10:38:46]	对应 vi->v
[2018-09-26 10:38:46]	秒钟 n->q
[2018-09-26 10:38:46]	真的 a->d
[2018-09-26 10:38:46]	从中 d->n
[2018-09-26 10:38:46]	乘机 d->vn
[2018-09-26 10:38:46]	七零八落 al->nl
[2018-09-26 10:38:46]	三角 n->ns
[2018-09-26 10:38:46]	用力 a->n
[2018-09-26 10:38:46]	完了 vi->n
[2018-09-26 10:38:46]	下场 n->v
[2018-09-26 10:38:46]	谈天 vi->v
[2018-09-26 10:38:46]	不结盟 vi->vn
[2018-09-26 10:38:46]	不是 c->n
[2018-09-26 10:38:46]	出血 vi->v
[2018-09-26 10:38:46]	开关 n->v
[2018-09-26 10:38:46]	没用 a->v
[2018-09-26 10:38:46]	有用 a->n
[2018-09-26 10:38:46]	后天 n->t
[2018-09-26 10:38:46]	不好 a->n
[2018-09-26 10:38:46]	下雨 vi->v
[2018-09-26 10:38:46]	多功能 b->n
[2018-09-26 10:38:46]	从未 d->n
[2018-09-26 10:38:46]	南北 f->n
[2018-09-26 10:38:46]	从不 d->n
[2018-09-26 10:38:46]	干什么 r->v
[2018-09-26 10:38:46]	首次 m->n
