[2018-11-05 08:50:15]	爱 b->v
[2018-11-05 08:50:15]	安 ag->v
[2018-11-05 08:50:15]	安定 a->an
[2018-11-05 08:50:15]	本分 a->n
[2018-11-05 08:50:15]	宁静 a->an
[2018-11-05 08:50:15]	安宁 a->an
[2018-11-05 08:50:15]	安谧 a->an
[2018-11-05 08:50:15]	和缓 a->ad
[2018-11-05 08:50:15]	太平 a->ns
[2018-11-05 08:50:15]	安全 a->an
[2018-11-05 08:50:15]	安慰 a->v
[2018-11-05 08:50:15]	按时 d->ad
[2018-11-05 08:50:15]	昂首 vd->vi
[2018-11-05 08:50:15]	昂扬 a->v
[2018-11-05 08:50:15]	后悔 a->v
[2018-11-05 08:50:15]	八宝粥 n->gms
[2018-11-05 08:50:15]	把 m->v
[2018-11-05 08:50:15]	百合 n->nr
[2018-11-05 08:50:15]	绊 ng->v
[2018-11-05 08:50:15]	棒 a->ng
[2018-11-05 08:50:15]	包 n->v
[2018-11-05 08:50:15]	折 ng->vi
[2018-11-05 08:50:15]	叠 q->v
[2018-11-05 08:50:15]	包子 n->gms
[2018-11-05 08:50:15]	保安 b->n
[2018-11-05 08:50:15]	保障 n->v
[2018-11-05 08:50:15]	保健 b->n
[2018-11-05 08:50:15]	封闭 a->v
[2018-11-05 08:50:15]	保险 a->n
[2018-11-05 08:50:15]	保证 n->v
[2018-11-05 08:50:15]	不好意思 a->vl
[2018-11-05 08:50:15]	背 a->v
[2018-11-05 08:50:15]	被 d->pbei
[2018-11-05 08:50:15]	必然 b->n
[2018-11-05 08:50:15]	一定 b->d
[2018-11-05 08:50:15]	边 b->n
[2018-11-05 08:50:15]	边缘 b->n
[2018-11-05 08:50:15]	边防 b->n
[2018-11-05 08:50:15]	边陲 n->s
[2018-11-05 08:50:15]	变化 v->vn
[2018-11-05 08:50:15]	标准 a->n
[2018-11-05 08:50:15]	规范 a->v
[2018-11-05 08:50:15]	飞跃 vi->vn
[2018-11-05 08:50:15]	口头 d->n
[2018-11-05 08:50:15]	表现 n->v
[2018-11-05 08:50:15]	别名 n->nz
[2018-11-05 08:50:15]	做作 a->v
[2018-11-05 08:50:15]	拨 q->v
[2018-11-05 08:50:15]	奔腾 nz->vi
[2018-11-05 08:50:15]	盘剥 v->vn
[2018-11-05 08:50:15]	补偿 v->vn
[2018-11-05 08:50:15]	甭 d->v
[2018-11-05 08:50:15]	不安 a->an
[2018-11-05 08:50:15]	焦虑 a->an
[2018-11-05 08:50:15]	恐慌 a->an
[2018-11-05 08:50:15]	不满 a->an
[2018-11-05 08:50:15]	例外 n->vi
[2018-11-05 08:50:15]	不幸 a->n
[2018-11-05 08:50:15]	部分 m->n
[2018-11-05 08:50:15]	华 ag->b
[2018-11-05 08:50:15]	愧疚 a->an
[2018-11-05 08:50:15]	辉煌 a->an
[2018-11-05 08:50:15]	绚烂 a->an
[2018-11-05 08:50:15]	仓储 n->vn
[2018-11-05 08:50:15]	费心 a->v
[2018-11-05 08:50:15]	迥异 a->z
[2018-11-05 08:50:15]	叶 n->ng
[2018-11-05 08:50:15]	拆解 v->vn
[2018-11-05 08:50:15]	知了 n->nz
[2018-11-05 08:50:15]	长春 ns->nz
[2018-11-05 08:50:15]	经常 b->d
[2018-11-05 08:50:15]	超 h->v
[2018-11-05 08:50:15]	超产 v->vn
[2018-11-05 08:50:15]	超支 n->v
[2018-11-05 08:50:15]	车次 n->nz
[2018-11-05 08:50:15]	沉淀 n->vi
[2018-11-05 08:50:15]	尽职 vd->vi
[2018-11-05 08:50:15]	诚心 a->n
[2018-11-05 08:50:15]	党羽 n->nz
[2018-11-05 08:50:15]	冲突 vi->vn
[2018-11-05 08:50:15]	倾心 ad->vi
[2018-11-05 08:50:15]	喜好 an->v
[2018-11-05 08:50:15]	空洞 a->n
[2018-11-05 08:50:15]	抽样 vd->vi
[2018-11-05 08:50:15]	臭豆腐 n->gms
[2018-11-05 08:50:15]	出口 n->vi
[2018-11-05 08:50:15]	肇事 vi->vn
[2018-11-05 08:50:15]	出租 n->v
[2018-11-05 08:50:15]	先期 b->d
[2018-11-05 08:50:15]	除外 vi->v
[2018-11-05 08:50:15]	装 n->v
[2018-11-05 08:50:15]	传统 a->n
[2018-11-05 08:50:15]	船 n->gjtgj
[2018-11-05 08:50:15]	轮船 n->gjtgj
[2018-11-05 08:50:15]	船舶 n->gjtgj
[2018-11-05 08:50:15]	春分 t->n
[2018-11-05 08:50:15]	刺 n->v
[2018-11-05 08:50:15]	睿智 a->an
[2018-11-05 08:50:15]	智慧 a->n
[2018-11-05 08:50:15]	从 d->p
[2018-11-05 08:50:15]	自 d->p
[2018-11-05 08:50:15]	粗心 a->an
[2018-11-05 08:50:15]	大意 a->n
[2018-11-05 08:50:15]	酸 a->n
[2018-11-05 08:50:15]	摩擦 v->vn
[2018-11-05 08:50:15]	坎坷 a->an
[2018-11-05 08:50:15]	错误 a->n
[2018-11-05 08:50:15]	达标 vd->vi
[2018-11-05 08:50:15]	答复 n->v
[2018-11-05 08:50:15]	打 p->v
[2018-11-05 08:50:15]	狩猎 n->vi
[2018-11-05 08:50:15]	打算 n->v
[2018-11-05 08:50:15]	大寒 t->nz
[2018-11-05 08:50:15]	大家 n->rr
[2018-11-05 08:50:15]	大料 n->nz
[2018-11-05 08:50:15]	大致 b->d
[2018-11-05 08:50:15]	呆 a->v
[2018-11-05 08:50:15]	代办 n->v
[2018-11-05 08:50:15]	代理 n->v
[2018-11-05 08:50:15]	带 n->v
[2018-11-05 08:50:15]	带子 n->v
[2018-11-05 08:50:15]	条 ng->q
[2018-11-05 08:50:15]	戴 nr1->v
[2018-11-05 08:50:15]	单 b->d
[2018-11-05 08:50:15]	单独 b->d
[2018-11-05 08:50:15]	当面 d->n
[2018-11-05 08:50:15]	那天 r->t
[2018-11-05 08:50:15]	挡 n->v
[2018-11-05 08:50:15]	的 n->ude1
[2018-11-05 08:50:15]	得 ude3->v
[2018-11-05 08:50:15]	到 p->v
[2018-11-05 08:50:15]	倒 d->vi
[2018-11-05 08:50:15]	偷 d->v
[2018-11-05 08:50:15]	道德 a->n
[2018-11-05 08:50:15]	道教 n->nz
[2018-11-05 08:50:15]	上岸 vi->v
[2018-11-05 08:50:15]	等 n->v
[2018-11-05 08:50:15]	地铁 n->gjtgj
[2018-11-05 08:50:15]	光 a->n
[2018-11-05 08:50:15]	光辉 a->n
[2018-11-05 08:50:15]	顶 f->v
[2018-11-05 08:50:15]	定额 d->n
[2018-11-05 08:50:15]	定期 b->d
[2018-11-05 08:50:15]	东 b->f
[2018-11-05 08:50:15]	东乡族 ns->nz
[2018-11-05 08:50:15]	全部 m->ad
[2018-11-05 08:50:15]	斗争 vi->vn
[2018-11-05 08:50:15]	独立 a->v
[2018-11-05 08:50:15]	自力 n->nr
[2018-11-05 08:50:15]	渡 ng->v
[2018-11-05 08:50:15]	端 ng->v
[2018-11-05 08:50:15]	端正 a->v
[2018-11-05 08:50:15]	断 d->v
[2018-11-05 08:50:15]	对仗 n->nz
[2018-11-05 08:50:15]	多 a->m
[2018-11-05 08:50:15]	饿 a->v
[2018-11-05 08:50:15]	发 ng->v
[2018-11-05 08:50:15]	带头 vd->vi
[2018-11-05 08:50:15]	发糕 n->gms
[2018-11-05 08:50:15]	施展 nr->v
[2018-11-05 08:50:15]	发烧 b->vi
[2018-11-05 08:50:15]	无力 a->vi
[2018-11-05 08:50:15]	法 b->n
[2018-11-05 08:50:15]	庭审 n->v
[2018-11-05 08:50:15]	帆船 n->gjtgj
[2018-11-05 08:50:15]	繁荣 a->an
[2018-11-05 08:50:15]	重复 a->v
[2018-11-05 08:50:15]	来回 d->vi
[2018-11-05 08:50:15]	反面 b->n
[2018-11-05 08:50:15]	反应 n->vi
[2018-11-05 08:50:15]	犯罪 vi->vn
[2018-11-05 08:50:15]	范 ng->nr1
[2018-11-05 08:50:15]	方 a->d
[2018-11-05 08:50:15]	方便面 n->gms
[2018-11-05 08:50:15]	防汛 vi->vn
[2018-11-05 08:50:15]	飞机 n->gjtgj
[2018-11-05 08:50:15]	肥 a->n
[2018-11-05 08:50:15]	分布 vd->vi
[2018-11-05 08:50:15]	分离 vd->vi
[2018-11-05 08:50:15]	分米 q->qt
[2018-11-05 08:50:15]	生气 a->n
[2018-11-05 08:50:15]	风光 a->n
[2018-11-05 08:50:15]	封 ng->v
[2018-11-05 08:50:15]	冯 m->nr1
[2018-11-05 08:50:15]	抚恤 vi->vn
[2018-11-05 08:50:15]	远望 nz->v
[2018-11-05 08:50:15]	腐败 a->an
[2018-11-05 08:50:15]	负责 a->v
[2018-11-05 08:50:15]	中兴 ns->nz
[2018-11-05 08:50:15]	副词 n->nz
[2018-11-05 08:50:15]	付 q->v
[2018-11-05 08:50:15]	次要 b->bl
[2018-11-05 08:50:15]	富 a->vg
[2018-11-05 08:50:15]	富有 a->v
[2018-11-05 08:50:15]	富余 a->vn
[2018-11-05 08:50:15]	盖 d->v
[2018-11-05 08:50:15]	扣 ng->v
[2018-11-05 08:50:15]	干 a->v
[2018-11-05 08:50:15]	甘 ad->ag
[2018-11-05 08:50:15]	感动 a->v
[2018-11-05 08:50:15]	感冒 n->vi
[2018-11-05 08:50:15]	不久 d->m
[2018-11-05 08:50:15]	方才 d->nr
[2018-11-05 08:50:15]	高贵 a->nr
[2018-11-05 08:50:15]	年老 a->vi
[2018-11-05 08:50:15]	革命 a->vn
[2018-11-05 08:50:15]	解 ng->v
[2018-11-05 08:50:15]	根据 n->p
[2018-11-05 08:50:15]	据 ng->p
[2018-11-05 08:50:15]	跟随 p->v
[2018-11-05 08:50:15]	随着 d->p
[2018-11-05 08:50:15]	更年期 n->t
[2018-11-05 08:50:15]	工作 n->vn
[2018-11-05 08:50:15]	公开 a->v
[2018-11-05 08:50:15]	巩固 a->v
[2018-11-05 08:50:15]	共产党 n->nz
[2018-11-05 08:50:15]	奉献 n->v
[2018-11-05 08:50:15]	够 a->v
[2018-11-05 08:50:15]	孤立 a->v
[2018-11-05 08:50:15]	孤僻 a->an
[2018-11-05 08:50:15]	鼓 a->v
[2018-11-05 08:50:15]	彭 m->nr1
[2018-11-05 08:50:15]	鼓舞 a->v
[2018-11-05 08:50:15]	固定 a->v
[2018-11-05 08:50:15]	稳定 a->an
[2018-11-05 08:50:15]	传奇 a->n
[2018-11-05 08:50:15]	故意 b->d
[2018-11-05 08:50:15]	有意 d->vi
[2018-11-05 08:50:15]	成心 d->v
[2018-11-05 08:50:15]	顾 ng->v
[2018-11-05 08:50:15]	挂 q->v
[2018-11-05 08:50:15]	关切 a->v
[2018-11-05 08:50:15]	论断 n->vn
[2018-11-05 08:50:15]	臣 n->ng
[2018-11-05 08:50:15]	管理 v->vn
[2018-11-05 08:50:15]	管制 v->vn
[2018-11-05 08:50:15]	光明 a->n
[2018-11-05 08:50:15]	亮 a->vi
[2018-11-05 08:50:15]	归结 n->vi
[2018-11-05 08:50:15]	鬼 a->n
[2018-11-05 08:50:15]	邪 a->ag
[2018-11-05 08:50:15]	滚 ng->vi
[2018-11-05 08:50:15]	国庆 n->t
[2018-11-05 08:50:15]	干脆 a->d
[2018-11-05 08:50:15]	断然 b->d
[2018-11-05 08:50:15]	果然 c->d
[2018-11-05 08:50:15]	果真 c->d
[2018-11-05 08:50:15]	过期 vd->vi
[2018-11-05 08:50:15]	海口 n->ns
[2018-11-05 08:50:15]	琼 b->nr1
[2018-11-05 08:50:15]	叫 n->vi
[2018-11-05 08:50:15]	汉堡包 n->gms
[2018-11-05 08:50:15]	数码 b->n
[2018-11-05 08:50:15]	合资 b->vi
[2018-11-05 08:50:15]	集资 vd->vi
[2018-11-05 08:50:15]	合伙 vd->vi
[2018-11-05 08:50:15]	合股 vd->vi
[2018-11-05 08:50:15]	和 ag->cc
[2018-11-05 08:50:15]	集合 n->v
[2018-11-05 08:50:15]	与 cc->p
[2018-11-05 08:50:15]	同 cc->p
[2018-11-05 08:50:15]	并 cc->d
[2018-11-05 08:50:15]	狠 a->d
[2018-11-05 08:50:15]	狠心 a->an
[2018-11-05 08:50:15]	横 a->v
[2018-11-05 08:50:15]	哄 o->v
[2018-11-05 08:50:15]	后期 f->t
[2018-11-05 08:50:15]	胡 d->nr1
[2018-11-05 08:50:15]	湖 b->n
[2018-11-05 08:50:15]	迷惑 a->v
[2018-11-05 08:50:15]	依稀 a->d
[2018-11-05 08:50:15]	互相 b->d
[2018-11-05 08:50:15]	花 a->n
[2018-11-05 08:50:15]	花卷 n->gms
[2018-11-05 08:50:15]	滑冰 n->vn
[2018-11-05 08:50:15]	滑雪 vi->vn
[2018-11-05 08:50:15]	化验 n->v
[2018-11-05 08:50:15]	打扮 n->v
[2018-11-05 08:50:15]	还账 v->vi
[2018-11-05 08:50:15]	涣散 a->v
[2018-11-05 08:50:15]	怪诞 a->an
[2018-11-05 08:50:15]	黄色 b->n
[2018-11-05 08:50:15]	回头 d->vi
[2018-11-05 08:50:15]	会 n->v
[2018-11-05 08:50:15]	馄饨 n->gms
[2018-11-05 08:50:15]	活动 a->vn
[2018-11-05 08:50:15]	该死 vi->v
[2018-11-05 08:50:15]	活 a->n
[2018-11-05 08:50:15]	火车 n->gjtgj
[2018-11-05 08:50:15]	机械 a->n
[2018-11-05 08:50:15]	缉私 vi->vn
[2018-11-05 08:50:15]	狂热 a->an
[2018-11-05 08:50:15]	极端 a->n
[2018-11-05 08:50:15]	集邮 vi->vn
[2018-11-05 08:50:15]	集中 a->v
[2018-11-05 08:50:15]	挤 a->v
[2018-11-05 08:50:15]	运算 vi->vn
[2018-11-05 08:50:15]	记录 n->v
[2018-11-05 08:50:15]	记载 n->v
[2018-11-05 08:50:15]	纪念 n->v
[2018-11-05 08:50:15]	长项 n->nz
[2018-11-05 08:50:15]	加班 vd->vi
[2018-11-05 08:50:15]	夹 b->v
[2018-11-05 08:50:15]	家 k->n
[2018-11-05 08:50:15]	值 a->n
[2018-11-05 08:50:15]	尖端 b->n
[2018-11-05 08:50:15]	坚定 a->v
[2018-11-05 08:50:15]	监察 v->vn
[2018-11-05 08:50:15]	调查 n->v
[2018-11-05 08:50:15]	方便 a->v
[2018-11-05 08:50:15]	便利 a->an
[2018-11-05 08:50:15]	间接 a->b
[2018-11-05 08:50:15]	建设 n->vn
[2018-11-05 08:50:15]	健全 a->v
[2018-11-05 08:50:15]	讲究 a->v
[2018-11-05 08:50:15]	降价 vd->vi
[2018-11-05 08:50:15]	坦白 a->v
[2018-11-05 08:50:15]	灌 ng->v
[2018-11-05 08:50:15]	娇气 a->n
[2018-11-05 08:50:15]	骄傲 a->an
[2018-11-05 08:50:15]	饺子 n->gms
[2018-11-05 08:50:15]	教 ng->v
[2018-11-05 08:50:15]	教育 v->vn
[2018-11-05 08:50:15]	接力 n->vn
[2018-11-05 08:50:15]	结果 c->n
[2018-11-05 08:50:15]	结业 vd->vi
[2018-11-05 08:50:15]	解放 a->v
[2018-11-05 08:50:15]	解放战争 n->nz
[2018-11-05 08:50:15]	借 p->v
[2018-11-05 08:50:15]	租 ng->v
[2018-11-05 08:50:15]	借贷 n->v
[2018-11-05 08:50:15]	借条 n->nz
[2018-11-05 08:50:15]	金 b->ng
[2018-11-05 08:50:15]	尽力 d->vi
[2018-11-05 08:50:15]	全力 d->n
[2018-11-05 08:50:15]	尽心 a->v
[2018-11-05 08:50:15]	进步 a->vn
[2018-11-05 08:50:15]	临近 a->v
[2018-11-05 08:50:15]	经过 n->p
[2018-11-05 08:50:15]	经济 a->n
[2018-11-05 08:50:15]	经营 n->v
[2018-11-05 08:50:15]	精神 a->n
[2018-11-05 08:50:15]	感慨 a->v
[2018-11-05 08:50:15]	警惕 a->v
[2018-11-05 08:50:15]	敬业 a->vi
[2018-11-05 08:50:15]	就 c->d
[2018-11-05 08:50:15]	举 ag->v
[2018-11-05 08:50:15]	举重 n->vn
[2018-11-05 08:50:15]	行 a->vi
[2018-11-05 08:50:15]	锯 n->v
[2018-11-05 08:50:15]	卷 ng->v
[2018-11-05 08:50:15]	决定 n->v
[2018-11-05 08:50:15]	决赛 vi->vn
[2018-11-05 08:50:15]	决心 d->n
[2018-11-05 08:50:15]	开创 n->v
[2018-11-05 08:50:15]	开放 a->v
[2018-11-05 08:50:15]	开阔 a->v
[2018-11-05 08:50:15]	伊始 t->vi
[2018-11-05 08:50:15]	初叶 f->t
[2018-11-05 08:50:15]	初始 b->t
[2018-11-05 08:50:15]	初步 b->d
[2018-11-05 08:50:15]	看 u->v
[2018-11-05 08:50:15]	测验 v->vn
[2018-11-05 08:50:15]	考验 v->vn
[2018-11-05 08:50:15]	烤鸭 n->gms
[2018-11-05 08:50:15]	靠 ng->v
[2018-11-05 08:50:15]	科学 a->n
[2018-11-05 08:50:15]	可怜 a->v
[2018-11-05 08:50:15]	可惜 a->v
[2018-11-05 08:50:15]	可以 a->v
[2018-11-05 08:50:15]	能 d->v
[2018-11-05 08:50:15]	克 b->vg
[2018-11-05 08:50:15]	客观 a->n
[2018-11-05 08:50:15]	买家 n->nz
[2018-11-05 08:50:15]	肯定 a->v
[2018-11-05 08:50:15]	空 a->v
[2018-11-05 08:50:15]	口 f->n
[2018-11-05 08:50:15]	苦 a->an
[2018-11-05 08:50:15]	苦涩 a->an
[2018-11-05 08:50:15]	苦闷 a->an
[2018-11-05 08:50:15]	迷茫 a->an
[2018-11-05 08:50:15]	苦恼 a->an
[2018-11-05 08:50:15]	迷惘 a->an
[2018-11-05 08:50:15]	夸张 n->vi
[2018-11-05 08:50:15]	跨 ng->v
[2018-11-05 08:50:15]	越 b->d
[2018-11-05 08:50:15]	匡 nr1->vg
[2018-11-05 08:50:15]	捆 ng->v
[2018-11-05 08:50:15]	困惑 a->an
[2018-11-05 08:50:15]	疑惑 an->v
[2018-11-05 08:50:15]	困难 a->an
[2018-11-05 08:50:15]	拉 b->v
[2018-11-05 08:50:15]	腊八粥 n->gms
[2018-11-05 08:50:15]	来 f->vf
[2018-11-05 08:50:15]	天车 n->nz
[2018-11-05 08:50:15]	懈怠 a->an
[2018-11-05 08:50:15]	劳动 vi->vn
[2018-11-05 08:50:15]	坚韧 a->an
[2018-11-05 08:50:15]	铭刻 n->v
[2018-11-05 08:50:15]	铭记 n->v
[2018-11-05 08:50:15]	东家 n->nz
[2018-11-05 08:50:15]	了 ule->y
[2018-11-05 08:50:15]	累 a->v
[2018-11-05 08:50:15]	疲劳 a->an
[2018-11-05 08:50:15]	困倦 a->an
[2018-11-05 08:50:15]	倦怠 a->an
[2018-11-05 08:50:15]	礼貌 a->an
[2018-11-05 08:50:15]	李 ng->nr1
[2018-11-05 08:50:15]	理想 a->n
[2018-11-05 08:50:15]	理性 b->n
[2018-11-05 08:50:15]	连 d->n
[2018-11-05 08:50:15]	盟 n->ng
[2018-11-05 08:50:15]	联系 n->v
[2018-11-05 08:50:15]	练习 n->v
[2018-11-05 08:50:15]	辽 b->tg
[2018-11-05 08:50:15]	劣 a->ag
[2018-11-05 08:50:15]	林 n->ng
[2018-11-05 08:50:15]	小气 a->ad
[2018-11-05 08:50:15]	零售 v->vn
[2018-11-05 08:50:15]	另外 c->rz
[2018-11-05 08:50:15]	小产 v->vi
[2018-11-05 08:50:15]	流行 a->v
[2018-11-05 08:50:15]	柳 n->ng
[2018-11-05 08:50:15]	漏 ng->v
[2018-11-05 08:50:15]	滴 q->v
[2018-11-05 08:50:15]	露 ng->v
[2018-11-05 08:50:15]	旅游 vi->vn
[2018-11-05 08:50:15]	动感 b->n
[2018-11-05 08:50:15]	乱 a->d
[2018-11-05 08:50:15]	轮班 vd->vn
[2018-11-05 08:50:15]	转 ng->v
[2018-11-05 08:50:15]	麻 a->n
[2018-11-05 08:50:15]	麻烦 a->an
[2018-11-05 08:50:15]	烦恼 a->an
[2018-11-05 08:50:15]	马 b->n
[2018-11-05 08:50:15]	馒头 n->gms
[2018-11-05 08:50:15]	满 a->v
[2018-11-05 08:50:15]	满足 a->v
[2018-11-05 08:50:15]	忙 a->v
[2018-11-05 08:50:15]	蒙 b->vi
[2018-11-05 08:50:15]	毛 a->nr1
[2018-11-05 08:50:15]	矛盾 a->an
[2018-11-05 08:50:15]	冒险 vd->vi
[2018-11-05 08:50:15]	贸易 v->vn
[2018-11-05 08:50:15]	没有 d->v
[2018-11-05 08:50:15]	无 d->v
[2018-11-05 08:50:15]	美 a->b
[2018-11-05 08:50:15]	住院 vd->vi
[2018-11-05 08:50:15]	耳语 n->vi
[2018-11-05 08:50:15]	秘密 a->n
[2018-11-05 08:50:15]	机密 a->n
[2018-11-05 08:50:15]	免费 vd->vi
[2018-11-05 08:50:15]	勉强 a->v
[2018-11-05 08:50:15]	民主 a->an
[2018-11-05 08:50:15]	起名 vi->v
[2018-11-05 08:50:15]	模范 a->n
[2018-11-05 08:50:15]	模拟 b->v
[2018-11-05 08:50:15]	磨 n->v
[2018-11-05 08:50:15]	生分 a->ad
[2018-11-05 08:50:15]	墨 b->n
[2018-11-05 08:50:15]	母 b->ng
[2018-11-05 08:50:15]	木 a->ng
[2018-11-05 08:50:15]	捐款 n->vi
[2018-11-05 08:50:15]	拿 p->v
[2018-11-05 08:50:15]	上税 v->vi
[2018-11-05 08:50:15]	委屈 a->v
[2018-11-05 08:50:15]	悲痛 a->an
[2018-11-05 08:50:15]	内蒙古自治区 ns->nz
[2018-11-05 08:50:15]	倪 x->n
[2018-11-05 08:50:15]	拟人 n->nz
[2018-11-05 08:50:15]	年 n->qt
[2018-11-05 08:50:15]	年岁 n->nl
[2018-11-05 08:50:15]	年事 n->nl
[2018-11-05 08:50:15]	凝眸 vd->vi
[2018-11-05 08:50:15]	牛 ag->n
[2018-11-05 08:50:15]	努力 a->an
[2018-11-05 08:50:15]	暖 a->v
[2018-11-05 08:50:15]	温暖 a->an
[2018-11-05 08:50:15]	温热 a->an
[2018-11-05 08:50:15]	和暖 a->an
[2018-11-05 08:50:15]	偶尔 b->d
[2018-11-05 08:50:15]	扑 o->v
[2018-11-05 08:50:15]	攀 b->v
[2018-11-05 08:50:15]	拍 ng->v
[2018-11-05 08:50:15]	排 n->v
[2018-11-05 08:50:15]	排队 n->vi
[2018-11-05 08:50:15]	派出所 n->gms
[2018-11-05 08:50:15]	派遣 v->gms
[2018-11-05 08:50:15]	派出 v->gms
[2018-11-05 08:50:15]	判断 n->v
[2018-11-05 08:50:15]	抛 nr1->v
[2018-11-05 08:50:15]	配套 a->v
[2018-11-05 08:50:15]	烹饪 n->vi
[2018-11-05 08:50:15]	相知 n->v
[2018-11-05 08:50:15]	捧 q->v
[2018-11-05 08:50:15]	批发 v->vn
[2018-11-05 08:50:15]	偏 a->d
[2018-11-05 08:50:15]	单方面 b->n
[2018-11-05 08:50:15]	飘 a->v
[2018-11-05 08:50:15]	撇 q->v
[2018-11-05 08:50:15]	应邀 vd->vi
[2018-11-05 08:50:15]	平 a->v
[2018-11-05 08:50:15]	通常 b->d
[2018-11-05 08:50:15]	破 a->v
[2018-11-05 08:50:15]	铺 n->v
[2018-11-05 08:50:15]	普及 a->v
[2018-11-05 08:50:15]	遍地 vd->vi
[2018-11-05 08:50:15]	限期 n->vi
[2018-11-05 08:50:15]	奇怪 a->v
[2018-11-05 08:50:15]	祷告 v->vn
[2018-11-05 08:50:15]	辗转 vd->vi
[2018-11-05 08:50:15]	蜿蜒 v->z
[2018-11-05 08:50:15]	启示 v->vn
[2018-11-05 08:50:15]	矜持 a->an
[2018-11-05 08:50:15]	署名 n->vi
[2018-11-05 08:50:15]	签名 n->vi
[2018-11-05 08:50:15]	前天 n->t
[2018-11-05 08:50:15]	壮 a->v
[2018-11-05 08:50:15]	争 ng->v
[2018-11-05 08:50:15]	乔木 n->nr
[2018-11-05 08:50:15]	切 ag->v
[2018-11-05 08:50:15]	亲近 a->v
[2018-11-05 08:50:15]	明确 a->v
[2018-11-05 08:50:15]	纯洁 a->v
[2018-11-05 08:50:15]	清明 a->t
[2018-11-05 08:50:15]	晴 an->vi
[2018-11-05 08:50:15]	让 p->v
[2018-11-05 08:50:15]	祝 ng->v
[2018-11-05 08:50:15]	贺 ng->vg
[2018-11-05 08:50:15]	秋 ng->tg
[2018-11-05 08:50:15]	求 ng->v
[2018-11-05 08:50:15]	曲 ag->n
[2018-11-05 08:50:15]	出 q->vf
[2018-11-05 08:50:15]	泉 n->ng
[2018-11-05 08:50:15]	缺 n->v
[2018-11-05 08:50:15]	欠缺 a->vi
[2018-11-05 08:50:15]	火 a->n
[2018-11-05 08:50:15]	夏 ng->tg
[2018-11-05 08:50:15]	热情 a->an
[2018-11-05 08:50:15]	热气球 n->gjtgj
[2018-11-05 08:50:15]	热心 a->v
[2018-11-05 08:50:15]	热忱 a->an
[2018-11-05 08:50:15]	热诚 a->an
[2018-11-05 08:50:15]	委任 n->v
[2018-11-05 08:50:15]	依旧 d->z
[2018-11-05 08:50:15]	照旧 d->v
[2018-11-05 08:50:15]	肉 a->n
[2018-11-05 08:50:15]	肉 a->gms
[2018-11-05 08:50:15]	撒 n->v
[2018-11-05 08:50:15]	塞 b->v
[2018-11-05 08:50:15]	堵 a->v
[2018-11-05 08:50:15]	信步 vd->vi
[2018-11-05 08:50:15]	土 a->n
[2018-11-05 08:50:15]	上 b->f
[2018-11-05 08:50:15]	设计 n->v
[2018-11-05 08:50:15]	摄像 n->vi
[2018-11-05 08:50:15]	申请 n->v
[2018-11-05 08:50:15]	全身 b->n
[2018-11-05 08:50:15]	体 k->ng
[2018-11-05 08:50:15]	身段 n->nz
[2018-11-05 08:50:15]	深入 a->v
[2018-11-05 08:50:15]	深度 ad->n
[2018-11-05 08:50:15]	神气 a->n
[2018-11-05 08:50:15]	升 q->v
[2018-11-05 08:50:15]	增值 n->vi
[2018-11-05 08:50:15]	生 a->v
[2018-11-05 08:50:15]	生产 n->v
[2018-11-05 08:50:15]	出产 n->v
[2018-11-05 08:50:15]	生活 vi->vn
[2018-11-05 08:50:15]	胜利 ad->vi
[2018-11-05 08:50:15]	失落 a->v
[2018-11-05 08:50:15]	狮 n->ng
[2018-11-05 08:50:15]	滋润 a->v
[2018-11-05 08:50:15]	温润 a->an
[2018-11-05 08:50:15]	石 b->ng
[2018-11-05 08:50:15]	时刻 d->n
[2018-11-05 08:50:15]	实践 n->v
[2018-11-05 08:50:15]	实质 a->n
[2018-11-05 08:50:15]	示范 vi->vn
[2018-11-05 08:50:15]	凡间 s->n
[2018-11-05 08:50:15]	是 ng->vshi
[2018-11-05 08:50:15]	便是 v->vd
[2018-11-05 08:50:15]	是否 d->v
[2018-11-05 08:50:15]	释迦牟尼 n->nrf
[2018-11-05 08:50:15]	收条 n->nz
[2018-11-05 08:50:15]	手 k->n
[2018-11-05 08:50:15]	手工 d->n
[2018-11-05 08:50:15]	守法 vd->vi
[2018-11-05 08:50:15]	首创 nz->v
[2018-11-05 08:50:15]	首先 c->d
[2018-11-05 08:50:15]	初 d->f
[2018-11-05 08:50:15]	最初 b->d
[2018-11-05 08:50:15]	禁不起 v->vd
[2018-11-05 08:50:15]	本 d->rz
[2018-11-05 08:50:15]	册 ng->q
[2018-11-05 08:50:15]	书册 n->nl
[2018-11-05 08:50:15]	疏松 a->vn
[2018-11-05 08:50:15]	熟悉 a->v
[2018-11-05 08:50:15]	属实 a->v
[2018-11-05 08:50:15]	鼠 n->ng
[2018-11-05 08:50:15]	竖 n->v
[2018-11-05 08:50:15]	刷 o->v
[2018-11-05 08:50:15]	帅 ng->nr1
[2018-11-05 08:50:15]	水笔 n->nz
[2018-11-05 08:50:15]	说 ng->v
[2018-11-05 08:50:15]	讲 ng->v
[2018-11-05 08:50:15]	司 n->ng
[2018-11-05 08:50:15]	松 a->v
[2018-11-05 08:50:15]	松懈 a->v
[2018-11-05 08:50:15]	宋 nr1->tg
[2018-11-05 08:50:15]	孙 n->nr1
[2018-11-05 08:50:15]	孙子 n->nr
[2018-11-05 08:50:15]	锁 n->v
[2018-11-05 08:50:15]	塔 b->n
[2018-11-05 08:50:15]	贪吃 an->v
[2018-11-05 08:50:15]	贪心 a->v
[2018-11-05 08:50:15]	弹 ng->v
[2018-11-05 08:50:15]	烫 a->v
[2018-11-05 08:50:15]	特别 a->d
[2018-11-05 08:50:15]	希罕 a->v
[2018-11-05 08:50:15]	疼痛 a->an
[2018-11-05 08:50:15]	挑剔 a->v
[2018-11-05 08:50:15]	提成 n->vi
[2018-11-05 08:50:15]	提议 n->v
[2018-11-05 08:50:15]	田野 n->nr
[2018-11-05 08:50:15]	唐 b->tg
[2018-11-05 08:50:15]	甘甜 a->an
[2018-11-05 08:50:15]	担 ng->v
[2018-11-05 08:50:15]	调控 v->vn
[2018-11-05 08:50:15]	跳 q->vi
[2018-11-05 08:50:15]	跳水 vi->vn
[2018-11-05 08:50:15]	跳远 vi->vn
[2018-11-05 08:50:15]	听 q->v
[2018-11-05 08:50:15]	通信 vi->vn
[2018-11-05 08:50:15]	同时 c->n
[2018-11-05 08:50:15]	同期 d->f
[2018-11-05 08:50:15]	统一 a->v
[2018-11-05 08:50:15]	痛苦 a->an
[2018-11-05 08:50:15]	头 k->n
[2018-11-05 08:50:15]	投资 n->v
[2018-11-05 08:50:15]	投入 a->v
[2018-11-05 08:50:15]	突出 a->v
[2018-11-05 08:50:15]	团结 a->v
[2018-11-05 08:50:15]	托 ng->v
[2018-11-05 08:50:15]	歪 a->v
[2018-11-05 08:50:15]	倾斜 vd->vi
[2018-11-05 08:50:15]	斜 a->v
[2018-11-05 08:50:15]	弯 a->v
[2018-11-05 08:50:15]	完善 a->v
[2018-11-05 08:50:15]	玩 ng->v
[2018-11-05 08:50:15]	夜晚 n->t
[2018-11-05 08:50:15]	夜间 f->t
[2018-11-05 08:50:15]	万 d->m
[2018-11-05 08:50:15]	万一 c->d
[2018-11-05 08:50:15]	联网 vd->vi
[2018-11-05 08:50:15]	望 ng->v
[2018-11-05 08:50:15]	无益 a->vi
[2018-11-05 08:50:15]	危险 a->an
[2018-11-05 08:50:15]	威风 a->an
[2018-11-05 08:50:15]	霸气 an->n
[2018-11-05 08:50:15]	微 a->nz
[2018-11-05 08:50:15]	违法 vd->vi
[2018-11-05 08:50:15]	相反 d->vi
[2018-11-05 08:50:15]	浩瀚 a->z
[2018-11-05 08:50:15]	卫生 a->an
[2018-11-05 08:50:15]	位 ng->q
[2018-11-05 08:50:15]	喂 e->v
[2018-11-05 08:50:15]	问候 v->vn
[2018-11-05 08:50:15]	温和 a->nr
[2018-11-05 08:50:15]	刻薄 a->an
[2018-11-05 08:50:15]	文明 a->n
[2018-11-05 08:50:15]	闻 ng->v
[2018-11-05 08:50:15]	问 ng->v
[2018-11-05 08:50:15]	咨询 v->vn
[2018-11-05 08:50:15]	无轨电车 nl->gjtgj
[2018-11-05 08:50:15]	无限 a->vi
[2018-11-05 08:50:15]	无穷 d->z
[2018-11-05 08:50:15]	时价 n->nl
[2018-11-05 08:50:15]	东西 f->n
[2018-11-05 08:50:15]	误工 vi->vn
[2018-11-05 08:50:15]	西 b->f
[2018-11-05 08:50:15]	希望 n->v
[2018-11-05 08:50:15]	就义 vi->v
[2018-11-05 08:50:15]	舍身 d->v
[2018-11-05 08:50:15]	习 ng->vg
[2018-11-05 08:50:15]	系统 a->n
[2018-11-05 08:50:15]	地 n->nz
[2018-11-05 08:50:15]	先后 d->ad
[2018-11-05 08:50:15]	娇艳 a->an
[2018-11-05 08:50:15]	现代 n->t
[2018-11-05 08:50:15]	现实 a->n
[2018-11-05 08:50:15]	相当 d->vi
[2018-11-05 08:50:15]	等同 vd->vi
[2018-11-05 08:50:15]	同样 b->d
[2018-11-05 08:50:15]	香 a->n
[2018-11-05 08:50:15]	想像 v->vd
[2018-11-05 08:50:15]	向 dg->p
[2018-11-05 08:50:15]	朝 b->p
[2018-11-05 08:50:15]	象 n->ng
[2018-11-05 08:50:15]	像 d->v
[2018-11-05 08:50:15]	仿佛 d->v
[2018-11-05 08:50:15]	似 d->vg
[2018-11-05 08:50:15]	飘逸 a->v
[2018-11-05 08:50:15]	童 b->ng
[2018-11-05 08:50:15]	小寒 t->nz
[2018-11-05 08:50:15]	小满 t->nz
[2018-11-05 08:50:15]	小雪 n->nr
[2018-11-05 08:50:15]	艰辛 a->an
[2018-11-05 08:50:15]	辛酸 a->an
[2018-11-05 08:50:15]	新词 n->nl
[2018-11-05 08:50:15]	信 ag->n
[2018-11-05 08:50:15]	信用 a->n
[2018-11-05 08:50:15]	兴奋 a->v
[2018-11-05 08:50:15]	成 a->v
[2018-11-05 08:50:15]	形象 a->n
[2018-11-05 08:50:15]	醒 ng->v
[2018-11-05 08:50:15]	幸福 a->happ
[2018-11-05 08:50:15]	性 k->ng
[2018-11-05 08:50:15]	姓 n->v
[2018-11-05 08:50:15]	名 ag->q
[2018-11-05 08:50:15]	邪恶 a->an
[2018-11-05 08:50:15]	胸 n->ng
[2018-11-05 08:50:15]	公 ad->ng
[2018-11-05 08:50:15]	休假 n->vi
[2018-11-05 08:50:15]	虚伪 a->an
[2018-11-05 08:50:15]	徐 ag->nr1
[2018-11-05 08:50:15]	许 dg->m
[2018-11-05 08:50:15]	学龄 b->n
[2018-11-05 08:50:15]	压抑 a->v
[2018-11-05 08:50:15]	鸭 n->ng
[2018-11-05 08:50:15]	延长 ns->v
[2018-11-05 08:50:15]	延期 vd->vi
[2018-11-05 08:50:15]	缓期 vd->vi
[2018-11-05 08:50:15]	严正 a->nr
[2018-11-05 08:50:15]	高温 an->n
[2018-11-05 08:50:15]	火热 a->z
[2018-11-05 08:50:15]	研究 n->v
[2018-11-05 08:50:15]	演习 v->vn
[2018-11-05 08:50:15]	杨 ng->nr1
[2018-11-05 08:50:15]	阳性 b->n
[2018-11-05 08:50:15]	仰泳 vi->vn
[2018-11-05 08:50:15]	也 b->d
[2018-11-05 08:50:15]	进行 vn->vx
[2018-11-05 08:50:15]	布 b->n
[2018-11-05 08:50:15]	穿戴 n->v
[2018-11-05 08:50:15]	依靠 n->v
[2018-11-05 08:50:15]	移动 v->vn
[2018-11-05 08:50:15]	遗传 n->vn
[2018-11-05 08:50:15]	遗憾 a->sorr
[2018-11-05 08:50:15]	遗存 vi->vn
[2018-11-05 08:50:15]	往时 t->tg
[2018-11-05 08:50:15]	义务 d->n
[2018-11-05 08:50:15]	艺术 a->n
[2018-11-05 08:50:15]	意旨 n->nl
[2018-11-05 08:50:15]	因为 c->p
[2018-11-05 08:50:15]	由于 c->p
[2018-11-05 08:50:15]	银 b->ng
[2018-11-05 08:50:15]	引 ng->v
[2018-11-05 08:50:15]	隐蔽 a->v
[2018-11-05 08:50:15]	隐秘 a->n
[2018-11-05 08:50:15]	印染 v->vn
[2018-11-05 08:50:15]	印 b->v
[2018-11-05 08:50:15]	图章 n->nz
[2018-11-05 08:50:15]	应当 d->v
[2018-11-05 08:50:15]	俊杰 n->nr
[2018-11-05 08:50:15]	影响 n->v
[2018-11-05 08:50:15]	拥挤 a->vi
[2018-11-05 08:50:15]	勇于 d->v
[2018-11-05 08:50:15]	骁勇 a->an
[2018-11-05 08:50:15]	用 ng->p
[2018-11-05 08:50:15]	以 b->p
[2018-11-05 08:50:15]	优胜 a->vi
[2018-11-05 08:50:15]	优先 ad->v
[2018-11-05 08:50:15]	悠远 an->z
[2018-11-05 08:50:15]	油条 n->gms
[2018-11-05 08:50:15]	友善 a->nr
[2018-11-05 08:50:15]	又 c->d
[2018-11-05 08:50:15]	右 a->f
[2018-11-05 08:50:15]	于 ng->p
[2018-11-05 08:50:15]	初赛 n->vi
[2018-11-05 08:50:15]	预言 n->v
[2018-11-05 08:50:15]	冤枉 a->v
[2018-11-05 08:50:15]	原来 b->d
[2018-11-05 08:50:15]	原本 d->n
[2018-11-05 08:50:15]	原则 d->n
[2018-11-05 08:50:15]	圆 a->vg
[2018-11-05 08:50:15]	约会 n->vi
[2018-11-05 08:50:15]	局限 n->vi
[2018-11-05 08:50:15]	云 b->n
[2018-11-05 08:50:15]	正好 z->tg
[2018-11-05 08:50:15]	在 d->p
[2018-11-05 08:50:15]	当 ng->p
[2018-11-05 08:50:15]	暂时 b->d
[2018-11-05 08:50:15]	眼前 s->t
[2018-11-05 08:50:15]	负债 n->vi
[2018-11-05 08:50:15]	站 n->vi
[2018-11-05 08:50:15]	把握 n->v
[2018-11-05 08:50:15]	左右 f->m
[2018-11-05 08:50:15]	折价 vd->vi
[2018-11-05 08:50:15]	真 a->d
[2018-11-05 08:50:15]	实际 a->n
[2018-11-05 08:50:15]	真心 ad->n
[2018-11-05 08:50:15]	衷心 b->d
[2018-11-05 08:50:15]	振动 vi->vn
[2018-11-05 08:50:15]	颠簸 vd->vi
[2018-11-05 08:50:15]	振荡 vi->vn
[2018-11-05 08:50:15]	争议 n->vn
[2018-11-05 08:50:15]	整体 m->n
[2018-11-05 08:50:15]	正 a->d
[2018-11-05 08:50:15]	正面 a->n
[2018-11-05 08:50:15]	正理 n->nl
[2018-11-05 08:50:15]	证明 n->v
[2018-11-05 08:50:15]	对证 vn->n
[2018-11-05 08:50:15]	对照 p->v
[2018-11-05 08:50:15]	说明 n->v
[2018-11-05 08:50:15]	消费 n->vn
[2018-11-05 08:50:15]	明白 a->v
[2018-11-05 08:50:15]	了然 a->v
[2018-11-05 08:50:15]	知 ag->v
[2018-11-05 08:50:15]	直 a->d
[2018-11-05 08:50:15]	直线 d->n
[2018-11-05 08:50:15]	张 ng->q
[2018-11-05 08:50:15]	指挥 n->v
[2018-11-05 08:50:15]	指导 n->v
[2018-11-05 08:50:15]	中档 b->nl
[2018-11-05 08:50:15]	中国 ns->nz
[2018-11-05 08:50:15]	华夏 n->nz
[2018-11-05 08:50:15]	中央 f->n
[2018-11-05 08:50:15]	忠诚 a->v
[2018-11-05 08:50:15]	种 ng->v
[2018-11-05 08:50:15]	重 a->v
[2018-11-05 08:50:15]	关键 a->n
[2018-11-05 08:50:15]	重视 a->v
[2018-11-05 08:50:15]	周 ag->nr1
[2018-11-05 08:50:15]	昼夜 d->n
[2018-11-05 08:50:15]	皱 n->v
[2018-11-05 08:50:15]	朱 ag->nr1
[2018-11-05 08:50:15]	竹 n->ng
[2018-11-05 08:50:15]	主观 a->n
[2018-11-05 08:50:15]	主演 n->v
[2018-11-05 08:50:15]	助理 b->n
[2018-11-05 08:50:15]	大名鼎鼎 al->vl
[2018-11-05 08:50:15]	专门 b->d
[2018-11-05 08:50:15]	专注 a->vi
[2018-11-05 08:50:15]	埋头 vd->vi
[2018-11-05 08:50:15]	专业 a->n
[2018-11-05 08:50:15]	拐弯 n->vi
[2018-11-05 08:50:15]	华美 a->nz
[2018-11-05 08:50:15]	台 b->n
[2018-11-05 08:50:15]	我方 r->n
[2018-11-05 08:50:15]	自强 vd->vi
[2018-11-05 08:50:15]	自主 vd->vi
[2018-11-05 08:50:15]	自然 a->n
[2018-11-05 08:50:15]	自信 a->v
[2018-11-05 08:50:15]	自修 v->vl
[2018-11-05 08:50:15]	综合 a->vn
[2018-11-05 08:50:15]	总结 n->v
[2018-11-05 08:50:15]	纵横 n->v
[2018-11-05 08:50:15]	走私 b->v
[2018-11-05 08:50:15]	构成 n->v
[2018-11-05 08:50:15]	太 a->d
[2018-11-05 08:50:15]	到底 d->vi
[2018-11-05 08:50:15]	孝顺 a->v
[2018-11-05 08:50:15]	遵照 p->v
[2018-11-05 08:50:15]	作 ng->v
[2018-11-05 08:50:15]	零 a->m
[2018-11-05 08:50:15]	一 d->m
[2018-11-05 08:50:15]	九 b->m
[2018-11-05 08:50:15]	低价 ad->n
[2018-11-05 08:50:15]	火车站 n->gjtgj
[2018-11-05 08:50:15]	小时候 n->t
[2018-11-05 08:50:15]	综合性 b->n
[2018-11-05 08:50:15]	高价 d->n
[2018-11-05 08:50:15]	中考 n->v
[2018-11-05 08:50:15]	无效 a->vi
[2018-11-05 08:50:15]	爱人 n->nz
[2018-11-05 08:50:15]	把手 n->nz
[2018-11-05 08:50:15]	人为 b->d
[2018-11-05 08:50:15]	靠山 n->nz
[2018-11-05 08:50:15]	他人 rr->r
[2018-11-05 08:50:15]	不结盟 vi->vn
[2018-11-05 08:50:15]	不是 c->n
[2018-11-05 08:50:15]	不行 a->v
[2018-11-05 08:50:15]	不能 v->vi
[2018-11-05 08:50:15]	不会 v->vi
[2018-11-05 08:50:15]	车号 n->nz
[2018-11-05 08:50:15]	同党 n->nz
[2018-11-05 08:50:15]	上流 b->n
[2018-11-05 08:50:15]	出血 vi->v
[2018-11-05 08:50:15]	打的 v->vi
[2018-11-05 08:50:15]	除法 n->nz
[2018-11-05 08:50:15]	从中 d->n
[2018-11-05 08:50:15]	从宽 d->v
[2018-11-05 08:50:15]	从重 d->v
[2018-11-05 08:50:15]	搭建 v->vd
[2018-11-05 08:50:15]	各人 rr->r
[2018-11-05 08:50:15]	中选 vi->v
[2018-11-05 08:50:15]	各处 rzs->r
[2018-11-05 08:50:15]	四处 d->vi
[2018-11-05 08:50:15]	大路 n->nz
[2018-11-05 08:50:15]	拨打 v->vd
[2018-11-05 08:50:15]	大跌 v->vn
[2018-11-05 08:50:15]	会话 v->vn
[2018-11-05 08:50:15]	对应 vi->v
[2018-11-05 08:50:15]	有余 m->v
[2018-11-05 08:50:15]	要领 n->nz
[2018-11-05 08:50:15]	下学 v->vd
[2018-11-05 08:50:15]	分号 n->nz
[2018-11-05 08:50:15]	不合 v->n
[2018-11-05 08:50:15]	高等 b->a
[2018-11-05 08:50:15]	老大 a->n
[2018-11-05 08:50:15]	还给 v->vd
[2018-11-05 08:50:15]	对等 vi->vn
[2018-11-05 08:50:15]	有心 v->vd
[2018-11-05 08:50:15]	说法 n->nz
[2018-11-05 08:50:15]	真的 a->d
[2018-11-05 08:50:15]	大喊 v->vd
[2018-11-05 08:50:15]	后天 n->t
[2018-11-05 08:50:15]	回家 vi->v
[2018-11-05 08:50:15]	总会 d->n
[2018-11-05 08:50:15]	好多 m->a
[2018-11-05 08:50:15]	才能 n->v
[2018-11-05 08:50:15]	大奖 n->nz
[2018-11-05 08:50:15]	自大 a->an
[2018-11-05 08:50:15]	无礼 a->ad
[2018-11-05 08:50:15]	自得 an->a
[2018-11-05 08:50:15]	开关 n->v
[2018-11-05 08:50:15]	看不起 v->vn
[2018-11-05 08:50:15]	看得起 v->vn
[2018-11-05 08:50:15]	完了 vi->n
[2018-11-05 08:50:15]	理事 n->nz
[2018-11-05 08:50:15]	一口气 d->n
[2018-11-05 08:50:15]	本心 n->nl
[2018-11-05 08:50:15]	论说 vn->vl
[2018-11-05 08:50:15]	中意 a->n
[2018-11-05 08:50:15]	没用 a->v
[2018-11-05 08:50:15]	天天 d->q
[2018-11-05 08:50:15]	秒钟 n->q
[2018-11-05 08:50:15]	他俩 r->n
[2018-11-05 08:50:15]	年间 f->n
[2018-11-05 08:50:15]	江米 n->nz
[2018-11-05 08:50:15]	省钱 a->v
[2018-11-05 08:50:15]	早起 vi->v
[2018-11-05 08:50:15]	开车 vi->v
[2018-11-05 08:50:15]	千米 q->qv
[2018-11-05 08:50:15]	签定 v->vn
[2018-11-05 08:50:15]	好天 n->nz
[2018-11-05 08:50:15]	日食 n->nz
[2018-11-05 08:50:15]	火烧 n->v
[2018-11-05 08:50:15]	就是 c->n
[2018-11-05 08:50:15]	是不是 v->vd
[2018-11-05 08:50:15]	手指 n->nz
[2018-11-05 08:50:15]	国都 d->n
[2018-11-05 08:50:15]	得手 a->v
[2018-11-05 08:50:15]	大小 n->nz
[2018-11-05 08:50:15]	了得 a->ad
[2018-11-05 08:50:15]	脱钩 vi->v
[2018-11-05 08:50:15]	问号 n->nz
[2018-11-05 08:50:15]	西藏自治区 ns->nz
[2018-11-05 08:50:15]	小便 v->vi
[2018-11-05 08:50:15]	好在 d->v
[2018-11-05 08:50:15]	双眼 n->nz
[2018-11-05 08:50:15]	一角 n->v
[2018-11-05 08:50:15]	一元 b->nz
[2018-11-05 08:50:15]	引号 n->nz
[2018-11-05 08:50:15]	有用 a->n
[2018-11-05 08:50:15]	像片 n->nz
[2018-11-05 08:50:15]	争抢 v->vd
[2018-11-05 08:50:15]	小我 n->nz
[2018-11-05 08:50:15]	文字 n->nz
[2018-11-05 08:50:15]	不好 a->n
[2018-11-05 08:50:15]	下雨 vi->v
[2018-11-05 08:50:15]	多功能 b->n
[2018-11-05 08:50:15]	从未 d->n
[2018-11-05 08:50:15]	南北 f->n
[2018-11-05 08:50:15]	从不 d->n
[2018-11-05 08:50:15]	干什么 r->v
[2018-11-05 08:50:15]	不准 v->n
[2018-11-05 08:50:15]	开门 vd->n
[2018-11-05 08:50:15]	睡着 v->vd
[2018-11-05 08:50:15]	呼吸 v->vi
[2018-11-05 08:50:15]	第 m->vshi
[2018-11-05 08:50:15]	第 m->vyou
[2018-11-05 08:50:15]	第 m->vf
[2018-11-05 08:50:15]	第 m->vx
[2018-11-05 08:50:15]	第 m->vi
[2018-11-05 08:50:15]	第 m->vl
[2018-11-05 08:50:15]	第 m->vg
[2018-11-05 08:50:15]	第 m->ad
[2018-11-05 08:50:15]	第 m->an
[2018-11-05 08:50:15]	第 m->ag
[2018-11-05 08:50:15]	第 m->al
[2018-11-05 08:50:15]	第 m->bl
[2018-11-05 08:50:15]	第 m->nz
[2018-11-05 08:50:15]	长达 v->vl
[2018-11-05 08:50:15]	首次 m->n
[2018-11-05 08:50:15]	日间 t->nl
[2018-11-05 08:50:48]	爱 b->v
[2018-11-05 08:50:48]	安 ag->v
[2018-11-05 08:50:48]	安定 a->an
[2018-11-05 08:50:48]	本分 a->n
[2018-11-05 08:50:48]	宁静 a->an
[2018-11-05 08:50:48]	安宁 a->an
[2018-11-05 08:50:48]	安谧 a->an
[2018-11-05 08:50:48]	和缓 a->ad
[2018-11-05 08:50:48]	太平 a->ns
[2018-11-05 08:50:48]	安全 a->an
[2018-11-05 08:50:48]	安慰 a->v
[2018-11-05 08:50:48]	按时 d->ad
[2018-11-05 08:50:48]	昂首 vd->vi
[2018-11-05 08:50:48]	昂扬 a->v
[2018-11-05 08:50:48]	后悔 a->v
[2018-11-05 08:50:48]	八宝粥 n->gms
[2018-11-05 08:50:48]	把 m->v
[2018-11-05 08:50:48]	百合 n->nr
[2018-11-05 08:50:48]	绊 ng->v
[2018-11-05 08:50:48]	棒 a->ng
[2018-11-05 08:50:48]	包 n->v
[2018-11-05 08:50:48]	折 ng->vi
[2018-11-05 08:50:48]	叠 q->v
[2018-11-05 08:50:48]	包子 n->gms
[2018-11-05 08:50:48]	保安 b->n
[2018-11-05 08:50:48]	保障 n->v
[2018-11-05 08:50:48]	保健 b->n
[2018-11-05 08:50:48]	封闭 a->v
[2018-11-05 08:50:48]	保险 a->n
[2018-11-05 08:50:48]	保证 n->v
[2018-11-05 08:50:48]	不好意思 a->vl
[2018-11-05 08:50:48]	背 a->v
[2018-11-05 08:50:48]	被 d->pbei
[2018-11-05 08:50:48]	必然 b->n
[2018-11-05 08:50:48]	一定 b->d
[2018-11-05 08:50:48]	边 b->n
[2018-11-05 08:50:48]	边缘 b->n
[2018-11-05 08:50:48]	边防 b->n
[2018-11-05 08:50:48]	边陲 n->s
[2018-11-05 08:50:48]	变化 v->vn
[2018-11-05 08:50:48]	标准 a->n
[2018-11-05 08:50:48]	规范 a->v
[2018-11-05 08:50:48]	飞跃 vi->vn
[2018-11-05 08:50:48]	口头 d->n
[2018-11-05 08:50:48]	表现 n->v
[2018-11-05 08:50:48]	别名 n->nz
[2018-11-05 08:50:48]	做作 a->v
[2018-11-05 08:50:48]	拨 q->v
[2018-11-05 08:50:48]	奔腾 nz->vi
[2018-11-05 08:50:48]	盘剥 v->vn
[2018-11-05 08:50:48]	补偿 v->vn
[2018-11-05 08:50:48]	甭 d->v
[2018-11-05 08:50:48]	不安 a->an
[2018-11-05 08:50:48]	焦虑 a->an
[2018-11-05 08:50:48]	恐慌 a->an
[2018-11-05 08:50:48]	不满 a->an
[2018-11-05 08:50:48]	例外 n->vi
[2018-11-05 08:50:48]	不幸 a->n
[2018-11-05 08:50:48]	部分 m->n
[2018-11-05 08:50:48]	华 ag->b
[2018-11-05 08:50:48]	愧疚 a->an
[2018-11-05 08:50:48]	辉煌 a->an
[2018-11-05 08:50:48]	绚烂 a->an
[2018-11-05 08:50:48]	仓储 n->vn
[2018-11-05 08:50:48]	费心 a->v
[2018-11-05 08:50:48]	迥异 a->z
[2018-11-05 08:50:48]	叶 n->ng
[2018-11-05 08:50:48]	拆解 v->vn
[2018-11-05 08:50:48]	知了 n->nz
[2018-11-05 08:50:48]	长春 ns->nz
[2018-11-05 08:50:48]	经常 b->d
[2018-11-05 08:50:48]	超 h->v
[2018-11-05 08:50:48]	超产 v->vn
[2018-11-05 08:50:48]	超支 n->v
[2018-11-05 08:50:48]	车次 n->nz
[2018-11-05 08:50:48]	沉淀 n->vi
[2018-11-05 08:50:48]	尽职 vd->vi
[2018-11-05 08:50:48]	诚心 a->n
[2018-11-05 08:50:48]	党羽 n->nz
[2018-11-05 08:50:48]	冲突 vi->vn
[2018-11-05 08:50:48]	倾心 ad->vi
[2018-11-05 08:50:48]	喜好 an->v
[2018-11-05 08:50:48]	空洞 a->n
[2018-11-05 08:50:48]	抽样 vd->vi
[2018-11-05 08:50:48]	臭豆腐 n->gms
[2018-11-05 08:50:48]	出口 n->vi
[2018-11-05 08:50:48]	肇事 vi->vn
[2018-11-05 08:50:48]	出租 n->v
[2018-11-05 08:50:48]	先期 b->d
[2018-11-05 08:50:48]	除外 vi->v
[2018-11-05 08:50:48]	装 n->v
[2018-11-05 08:50:48]	传统 a->n
[2018-11-05 08:50:48]	船 n->gjtgj
[2018-11-05 08:50:48]	轮船 n->gjtgj
[2018-11-05 08:50:48]	船舶 n->gjtgj
[2018-11-05 08:50:48]	春分 t->n
[2018-11-05 08:50:48]	刺 n->v
[2018-11-05 08:50:48]	睿智 a->an
[2018-11-05 08:50:48]	智慧 a->n
[2018-11-05 08:50:48]	从 d->p
[2018-11-05 08:50:48]	自 d->p
[2018-11-05 08:50:48]	粗心 a->an
[2018-11-05 08:50:48]	大意 a->n
[2018-11-05 08:50:48]	酸 a->n
[2018-11-05 08:50:48]	摩擦 v->vn
[2018-11-05 08:50:48]	坎坷 a->an
[2018-11-05 08:50:48]	错误 a->n
[2018-11-05 08:50:48]	达标 vd->vi
[2018-11-05 08:50:48]	答复 n->v
[2018-11-05 08:50:48]	打 p->v
[2018-11-05 08:50:48]	狩猎 n->vi
[2018-11-05 08:50:48]	打算 n->v
[2018-11-05 08:50:48]	大寒 t->nz
[2018-11-05 08:50:48]	大家 n->rr
[2018-11-05 08:50:48]	大料 n->nz
[2018-11-05 08:50:48]	大致 b->d
[2018-11-05 08:50:48]	呆 a->v
[2018-11-05 08:50:48]	代办 n->v
[2018-11-05 08:50:48]	代理 n->v
[2018-11-05 08:50:48]	带 n->v
[2018-11-05 08:50:48]	带子 n->v
[2018-11-05 08:50:48]	条 ng->q
[2018-11-05 08:50:48]	戴 nr1->v
[2018-11-05 08:50:48]	单 b->d
[2018-11-05 08:50:48]	单独 b->d
[2018-11-05 08:50:48]	当面 d->n
[2018-11-05 08:50:48]	那天 r->t
[2018-11-05 08:50:48]	挡 n->v
[2018-11-05 08:50:48]	的 n->ude1
[2018-11-05 08:50:48]	得 ude3->v
[2018-11-05 08:50:48]	到 p->v
[2018-11-05 08:50:48]	倒 d->vi
[2018-11-05 08:50:48]	偷 d->v
[2018-11-05 08:50:48]	道德 a->n
[2018-11-05 08:50:48]	道教 n->nz
[2018-11-05 08:50:48]	上岸 vi->v
[2018-11-05 08:50:48]	等 n->v
[2018-11-05 08:50:48]	地铁 n->gjtgj
[2018-11-05 08:50:48]	光 a->n
[2018-11-05 08:50:48]	光辉 a->n
[2018-11-05 08:50:48]	顶 f->v
[2018-11-05 08:50:48]	定额 d->n
[2018-11-05 08:50:48]	定期 b->d
[2018-11-05 08:50:48]	东 b->f
[2018-11-05 08:50:48]	东乡族 ns->nz
[2018-11-05 08:50:48]	全部 m->ad
[2018-11-05 08:50:48]	斗争 vi->vn
[2018-11-05 08:50:48]	独立 a->v
[2018-11-05 08:50:48]	自力 n->nr
[2018-11-05 08:50:48]	渡 ng->v
[2018-11-05 08:50:48]	端 ng->v
[2018-11-05 08:50:48]	端正 a->v
[2018-11-05 08:50:48]	断 d->v
[2018-11-05 08:50:48]	对仗 n->nz
[2018-11-05 08:50:48]	多 a->m
[2018-11-05 08:50:48]	饿 a->v
[2018-11-05 08:50:48]	发 ng->v
[2018-11-05 08:50:48]	带头 vd->vi
[2018-11-05 08:50:48]	发糕 n->gms
[2018-11-05 08:50:48]	施展 nr->v
[2018-11-05 08:50:48]	发烧 b->vi
[2018-11-05 08:50:48]	无力 a->vi
[2018-11-05 08:50:48]	法 b->n
[2018-11-05 08:50:48]	庭审 n->v
[2018-11-05 08:50:48]	帆船 n->gjtgj
[2018-11-05 08:50:48]	繁荣 a->an
[2018-11-05 08:50:48]	重复 a->v
[2018-11-05 08:50:48]	来回 d->vi
[2018-11-05 08:50:48]	反面 b->n
[2018-11-05 08:50:48]	反应 n->vi
[2018-11-05 08:50:48]	犯罪 vi->vn
[2018-11-05 08:50:48]	范 ng->nr1
[2018-11-05 08:50:48]	方 a->d
[2018-11-05 08:50:48]	方便面 n->gms
[2018-11-05 08:50:48]	防汛 vi->vn
[2018-11-05 08:50:48]	飞机 n->gjtgj
[2018-11-05 08:50:48]	肥 a->n
[2018-11-05 08:50:48]	分布 vd->vi
[2018-11-05 08:50:48]	分离 vd->vi
[2018-11-05 08:50:48]	分米 q->qt
[2018-11-05 08:50:48]	生气 a->n
[2018-11-05 08:50:48]	风光 a->n
[2018-11-05 08:50:48]	封 ng->v
[2018-11-05 08:50:48]	冯 m->nr1
[2018-11-05 08:50:48]	抚恤 vi->vn
[2018-11-05 08:50:48]	远望 nz->v
[2018-11-05 08:50:48]	腐败 a->an
[2018-11-05 08:50:48]	负责 a->v
[2018-11-05 08:50:48]	中兴 ns->nz
[2018-11-05 08:50:48]	副词 n->nz
[2018-11-05 08:50:48]	付 q->v
[2018-11-05 08:50:48]	次要 b->bl
[2018-11-05 08:50:48]	富 a->vg
[2018-11-05 08:50:48]	富有 a->v
[2018-11-05 08:50:48]	富余 a->vn
[2018-11-05 08:50:48]	盖 d->v
[2018-11-05 08:50:48]	扣 ng->v
[2018-11-05 08:50:48]	干 a->v
[2018-11-05 08:50:48]	甘 ad->ag
[2018-11-05 08:50:48]	感动 a->v
[2018-11-05 08:50:48]	感冒 n->vi
[2018-11-05 08:50:48]	不久 d->m
[2018-11-05 08:50:48]	方才 d->nr
[2018-11-05 08:50:48]	高贵 a->nr
[2018-11-05 08:50:48]	年老 a->vi
[2018-11-05 08:50:48]	革命 a->vn
[2018-11-05 08:50:48]	解 ng->v
[2018-11-05 08:50:48]	根据 n->p
[2018-11-05 08:50:48]	据 ng->p
[2018-11-05 08:50:48]	跟随 p->v
[2018-11-05 08:50:48]	随着 d->p
[2018-11-05 08:50:48]	更年期 n->t
[2018-11-05 08:50:48]	工作 n->vn
[2018-11-05 08:50:48]	公开 a->v
[2018-11-05 08:50:48]	巩固 a->v
[2018-11-05 08:50:48]	共产党 n->nz
[2018-11-05 08:50:48]	奉献 n->v
[2018-11-05 08:50:48]	够 a->v
[2018-11-05 08:50:48]	孤立 a->v
[2018-11-05 08:50:48]	孤僻 a->an
[2018-11-05 08:50:48]	鼓 a->v
[2018-11-05 08:50:48]	彭 m->nr1
[2018-11-05 08:50:48]	鼓舞 a->v
[2018-11-05 08:50:48]	固定 a->v
[2018-11-05 08:50:48]	稳定 a->an
[2018-11-05 08:50:48]	传奇 a->n
[2018-11-05 08:50:48]	故意 b->d
[2018-11-05 08:50:48]	有意 d->vi
[2018-11-05 08:50:48]	成心 d->v
[2018-11-05 08:50:48]	顾 ng->v
[2018-11-05 08:50:48]	挂 q->v
[2018-11-05 08:50:48]	关切 a->v
[2018-11-05 08:50:48]	论断 n->vn
[2018-11-05 08:50:48]	臣 n->ng
[2018-11-05 08:50:48]	管理 v->vn
[2018-11-05 08:50:48]	管制 v->vn
[2018-11-05 08:50:48]	光明 a->n
[2018-11-05 08:50:48]	亮 a->vi
[2018-11-05 08:50:48]	归结 n->vi
[2018-11-05 08:50:48]	鬼 a->n
[2018-11-05 08:50:48]	邪 a->ag
[2018-11-05 08:50:48]	滚 ng->vi
[2018-11-05 08:50:48]	国庆 n->t
[2018-11-05 08:50:48]	干脆 a->d
[2018-11-05 08:50:48]	断然 b->d
[2018-11-05 08:50:48]	果然 c->d
[2018-11-05 08:50:48]	果真 c->d
[2018-11-05 08:50:48]	过期 vd->vi
[2018-11-05 08:50:48]	海口 n->ns
[2018-11-05 08:50:48]	琼 b->nr1
[2018-11-05 08:50:48]	叫 n->vi
[2018-11-05 08:50:48]	汉堡包 n->gms
[2018-11-05 08:50:48]	数码 b->n
[2018-11-05 08:50:48]	合资 b->vi
[2018-11-05 08:50:48]	集资 vd->vi
[2018-11-05 08:50:48]	合伙 vd->vi
[2018-11-05 08:50:48]	合股 vd->vi
[2018-11-05 08:50:48]	和 ag->cc
[2018-11-05 08:50:48]	集合 n->v
[2018-11-05 08:50:48]	与 cc->p
[2018-11-05 08:50:48]	同 cc->p
[2018-11-05 08:50:48]	并 cc->d
[2018-11-05 08:50:48]	狠 a->d
[2018-11-05 08:50:48]	狠心 a->an
[2018-11-05 08:50:48]	横 a->v
[2018-11-05 08:50:48]	哄 o->v
[2018-11-05 08:50:48]	后期 f->t
[2018-11-05 08:50:48]	胡 d->nr1
[2018-11-05 08:50:48]	湖 b->n
[2018-11-05 08:50:48]	迷惑 a->v
[2018-11-05 08:50:48]	依稀 a->d
[2018-11-05 08:50:48]	互相 b->d
[2018-11-05 08:50:48]	花 a->n
[2018-11-05 08:50:48]	花卷 n->gms
[2018-11-05 08:50:48]	滑冰 n->vn
[2018-11-05 08:50:48]	滑雪 vi->vn
[2018-11-05 08:50:48]	化验 n->v
[2018-11-05 08:50:48]	打扮 n->v
[2018-11-05 08:50:48]	还账 v->vi
[2018-11-05 08:50:48]	涣散 a->v
[2018-11-05 08:50:48]	怪诞 a->an
[2018-11-05 08:50:48]	黄色 b->n
[2018-11-05 08:50:48]	回头 d->vi
[2018-11-05 08:50:48]	会 n->v
[2018-11-05 08:50:48]	馄饨 n->gms
[2018-11-05 08:50:48]	活动 a->vn
[2018-11-05 08:50:48]	该死 vi->v
[2018-11-05 08:50:48]	活 a->n
[2018-11-05 08:50:48]	火车 n->gjtgj
[2018-11-05 08:50:48]	机械 a->n
[2018-11-05 08:50:48]	缉私 vi->vn
[2018-11-05 08:50:48]	狂热 a->an
[2018-11-05 08:50:48]	极端 a->n
[2018-11-05 08:50:48]	集邮 vi->vn
[2018-11-05 08:50:48]	集中 a->v
[2018-11-05 08:50:48]	挤 a->v
[2018-11-05 08:50:48]	运算 vi->vn
[2018-11-05 08:50:48]	记录 n->v
[2018-11-05 08:50:48]	记载 n->v
[2018-11-05 08:50:48]	纪念 n->v
[2018-11-05 08:50:48]	长项 n->nz
[2018-11-05 08:50:48]	加班 vd->vi
[2018-11-05 08:50:48]	夹 b->v
[2018-11-05 08:50:48]	家 k->n
[2018-11-05 08:50:48]	值 a->n
[2018-11-05 08:50:48]	尖端 b->n
[2018-11-05 08:50:48]	坚定 a->v
[2018-11-05 08:50:48]	监察 v->vn
[2018-11-05 08:50:48]	调查 n->v
[2018-11-05 08:50:48]	方便 a->v
[2018-11-05 08:50:48]	便利 a->an
[2018-11-05 08:50:48]	间接 a->b
[2018-11-05 08:50:48]	建设 n->vn
[2018-11-05 08:50:48]	健全 a->v
[2018-11-05 08:50:48]	讲究 a->v
[2018-11-05 08:50:48]	降价 vd->vi
[2018-11-05 08:50:48]	坦白 a->v
[2018-11-05 08:50:48]	灌 ng->v
[2018-11-05 08:50:48]	娇气 a->n
[2018-11-05 08:50:48]	骄傲 a->an
[2018-11-05 08:50:48]	饺子 n->gms
[2018-11-05 08:50:48]	教 ng->v
[2018-11-05 08:50:48]	教育 v->vn
[2018-11-05 08:50:48]	接力 n->vn
[2018-11-05 08:50:48]	结果 c->n
[2018-11-05 08:50:48]	结业 vd->vi
[2018-11-05 08:50:48]	解放 a->v
[2018-11-05 08:50:48]	解放战争 n->nz
[2018-11-05 08:50:48]	借 p->v
[2018-11-05 08:50:48]	租 ng->v
[2018-11-05 08:50:48]	借贷 n->v
[2018-11-05 08:50:48]	借条 n->nz
[2018-11-05 08:50:48]	金 b->ng
[2018-11-05 08:50:48]	尽力 d->vi
[2018-11-05 08:50:48]	全力 d->n
[2018-11-05 08:50:48]	尽心 a->v
[2018-11-05 08:50:48]	进步 a->vn
[2018-11-05 08:50:48]	临近 a->v
[2018-11-05 08:50:48]	经过 n->p
[2018-11-05 08:50:48]	经济 a->n
[2018-11-05 08:50:48]	经营 n->v
[2018-11-05 08:50:48]	精神 a->n
[2018-11-05 08:50:48]	感慨 a->v
[2018-11-05 08:50:48]	警惕 a->v
[2018-11-05 08:50:48]	敬业 a->vi
[2018-11-05 08:50:48]	就 c->d
[2018-11-05 08:50:48]	举 ag->v
[2018-11-05 08:50:48]	举重 n->vn
[2018-11-05 08:50:48]	行 a->vi
[2018-11-05 08:50:48]	锯 n->v
[2018-11-05 08:50:48]	卷 ng->v
[2018-11-05 08:50:48]	决定 n->v
[2018-11-05 08:50:48]	决赛 vi->vn
[2018-11-05 08:50:48]	决心 d->n
[2018-11-05 08:50:48]	开创 n->v
[2018-11-05 08:50:48]	开放 a->v
[2018-11-05 08:50:48]	开阔 a->v
[2018-11-05 08:50:48]	伊始 t->vi
[2018-11-05 08:50:48]	初叶 f->t
[2018-11-05 08:50:48]	初始 b->t
[2018-11-05 08:50:48]	初步 b->d
[2018-11-05 08:50:48]	看 u->v
[2018-11-05 08:50:48]	测验 v->vn
[2018-11-05 08:50:48]	考验 v->vn
[2018-11-05 08:50:48]	烤鸭 n->gms
[2018-11-05 08:50:48]	靠 ng->v
[2018-11-05 08:50:48]	科学 a->n
[2018-11-05 08:50:48]	可怜 a->v
[2018-11-05 08:50:48]	可惜 a->v
[2018-11-05 08:50:48]	可以 a->v
[2018-11-05 08:50:48]	能 d->v
[2018-11-05 08:50:48]	克 b->vg
[2018-11-05 08:50:48]	客观 a->n
[2018-11-05 08:50:48]	买家 n->nz
[2018-11-05 08:50:48]	肯定 a->v
[2018-11-05 08:50:48]	空 a->v
[2018-11-05 08:50:48]	口 f->n
[2018-11-05 08:50:48]	苦 a->an
[2018-11-05 08:50:48]	苦涩 a->an
[2018-11-05 08:50:48]	苦闷 a->an
[2018-11-05 08:50:48]	迷茫 a->an
[2018-11-05 08:50:48]	苦恼 a->an
[2018-11-05 08:50:48]	迷惘 a->an
[2018-11-05 08:50:48]	夸张 n->vi
[2018-11-05 08:50:48]	跨 ng->v
[2018-11-05 08:50:48]	越 b->d
[2018-11-05 08:50:48]	匡 nr1->vg
[2018-11-05 08:50:48]	捆 ng->v
[2018-11-05 08:50:48]	困惑 a->an
[2018-11-05 08:50:48]	疑惑 an->v
[2018-11-05 08:50:48]	困难 a->an
[2018-11-05 08:50:48]	拉 b->v
[2018-11-05 08:50:48]	腊八粥 n->gms
[2018-11-05 08:50:48]	来 f->vf
[2018-11-05 08:50:48]	天车 n->nz
[2018-11-05 08:50:48]	懈怠 a->an
[2018-11-05 08:50:48]	劳动 vi->vn
[2018-11-05 08:50:48]	坚韧 a->an
[2018-11-05 08:50:48]	铭刻 n->v
[2018-11-05 08:50:48]	铭记 n->v
[2018-11-05 08:50:48]	东家 n->nz
[2018-11-05 08:50:48]	了 ule->y
[2018-11-05 08:50:48]	累 a->v
[2018-11-05 08:50:48]	疲劳 a->an
[2018-11-05 08:50:48]	困倦 a->an
[2018-11-05 08:50:48]	倦怠 a->an
[2018-11-05 08:50:48]	礼貌 a->an
[2018-11-05 08:50:48]	李 ng->nr1
[2018-11-05 08:50:48]	理想 a->n
[2018-11-05 08:50:48]	理性 b->n
[2018-11-05 08:50:48]	连 d->n
[2018-11-05 08:50:48]	盟 n->ng
[2018-11-05 08:50:48]	联系 n->v
[2018-11-05 08:50:48]	练习 n->v
[2018-11-05 08:50:48]	辽 b->tg
[2018-11-05 08:50:48]	劣 a->ag
[2018-11-05 08:50:48]	林 n->ng
[2018-11-05 08:50:48]	小气 a->ad
[2018-11-05 08:50:48]	零售 v->vn
[2018-11-05 08:50:48]	另外 c->rz
[2018-11-05 08:50:48]	小产 v->vi
[2018-11-05 08:50:48]	流行 a->v
[2018-11-05 08:50:48]	柳 n->ng
[2018-11-05 08:50:48]	漏 ng->v
[2018-11-05 08:50:48]	滴 q->v
[2018-11-05 08:50:48]	露 ng->v
[2018-11-05 08:50:48]	旅游 vi->vn
[2018-11-05 08:50:48]	动感 b->n
[2018-11-05 08:50:48]	乱 a->d
[2018-11-05 08:50:48]	轮班 vd->vn
[2018-11-05 08:50:48]	转 ng->v
[2018-11-05 08:50:48]	麻 a->n
[2018-11-05 08:50:48]	麻烦 a->an
[2018-11-05 08:50:48]	烦恼 a->an
[2018-11-05 08:50:48]	马 b->n
[2018-11-05 08:50:48]	馒头 n->gms
[2018-11-05 08:50:48]	满 a->v
[2018-11-05 08:50:48]	满足 a->v
[2018-11-05 08:50:48]	忙 a->v
[2018-11-05 08:50:48]	蒙 b->vi
[2018-11-05 08:50:48]	毛 a->nr1
[2018-11-05 08:50:48]	矛盾 a->an
[2018-11-05 08:50:48]	冒险 vd->vi
[2018-11-05 08:50:48]	贸易 v->vn
[2018-11-05 08:50:48]	没有 d->v
[2018-11-05 08:50:48]	无 d->v
[2018-11-05 08:50:48]	美 a->b
[2018-11-05 08:50:48]	住院 vd->vi
[2018-11-05 08:50:48]	耳语 n->vi
[2018-11-05 08:50:48]	秘密 a->n
[2018-11-05 08:50:48]	机密 a->n
[2018-11-05 08:50:48]	免费 vd->vi
[2018-11-05 08:50:48]	勉强 a->v
[2018-11-05 08:50:48]	民主 a->an
[2018-11-05 08:50:48]	起名 vi->v
[2018-11-05 08:50:48]	模范 a->n
[2018-11-05 08:50:48]	模拟 b->v
[2018-11-05 08:50:48]	磨 n->v
[2018-11-05 08:50:48]	生分 a->ad
[2018-11-05 08:50:48]	墨 b->n
[2018-11-05 08:50:48]	母 b->ng
[2018-11-05 08:50:48]	木 a->ng
[2018-11-05 08:50:48]	捐款 n->vi
[2018-11-05 08:50:48]	拿 p->v
[2018-11-05 08:50:48]	上税 v->vi
[2018-11-05 08:50:48]	委屈 a->v
[2018-11-05 08:50:48]	悲痛 a->an
[2018-11-05 08:50:48]	内蒙古自治区 ns->nz
[2018-11-05 08:50:48]	倪 x->n
[2018-11-05 08:50:48]	拟人 n->nz
[2018-11-05 08:50:48]	年 n->qt
[2018-11-05 08:50:48]	年岁 n->nl
[2018-11-05 08:50:48]	年事 n->nl
[2018-11-05 08:50:48]	凝眸 vd->vi
[2018-11-05 08:50:48]	牛 ag->n
[2018-11-05 08:50:48]	努力 a->an
[2018-11-05 08:50:48]	暖 a->v
[2018-11-05 08:50:48]	温暖 a->an
[2018-11-05 08:50:48]	温热 a->an
[2018-11-05 08:50:48]	和暖 a->an
[2018-11-05 08:50:48]	偶尔 b->d
[2018-11-05 08:50:48]	扑 o->v
[2018-11-05 08:50:48]	攀 b->v
[2018-11-05 08:50:48]	拍 ng->v
[2018-11-05 08:50:48]	排 n->v
[2018-11-05 08:50:48]	排队 n->vi
[2018-11-05 08:50:48]	派出所 n->gms
[2018-11-05 08:50:48]	派遣 v->gms
[2018-11-05 08:50:48]	派出 v->gms
[2018-11-05 08:50:48]	判断 n->v
[2018-11-05 08:50:48]	抛 nr1->v
[2018-11-05 08:50:48]	配套 a->v
[2018-11-05 08:50:48]	烹饪 n->vi
[2018-11-05 08:50:48]	相知 n->v
[2018-11-05 08:50:48]	捧 q->v
[2018-11-05 08:50:48]	批发 v->vn
[2018-11-05 08:50:48]	偏 a->d
[2018-11-05 08:50:48]	单方面 b->n
[2018-11-05 08:50:48]	飘 a->v
[2018-11-05 08:50:48]	撇 q->v
[2018-11-05 08:50:48]	应邀 vd->vi
[2018-11-05 08:50:48]	平 a->v
[2018-11-05 08:50:48]	通常 b->d
[2018-11-05 08:50:48]	破 a->v
[2018-11-05 08:50:48]	铺 n->v
[2018-11-05 08:50:48]	普及 a->v
[2018-11-05 08:50:48]	遍地 vd->vi
[2018-11-05 08:50:48]	限期 n->vi
[2018-11-05 08:50:48]	奇怪 a->v
[2018-11-05 08:50:48]	祷告 v->vn
[2018-11-05 08:50:48]	辗转 vd->vi
[2018-11-05 08:50:48]	蜿蜒 v->z
[2018-11-05 08:50:48]	启示 v->vn
[2018-11-05 08:50:48]	矜持 a->an
[2018-11-05 08:50:48]	署名 n->vi
[2018-11-05 08:50:48]	签名 n->vi
[2018-11-05 08:50:48]	前天 n->t
[2018-11-05 08:50:48]	壮 a->v
[2018-11-05 08:50:48]	争 ng->v
[2018-11-05 08:50:48]	乔木 n->nr
[2018-11-05 08:50:48]	切 ag->v
[2018-11-05 08:50:48]	亲近 a->v
[2018-11-05 08:50:48]	明确 a->v
[2018-11-05 08:50:48]	纯洁 a->v
[2018-11-05 08:50:48]	清明 a->t
[2018-11-05 08:50:48]	晴 an->vi
[2018-11-05 08:50:48]	让 p->v
[2018-11-05 08:50:48]	祝 ng->v
[2018-11-05 08:50:48]	贺 ng->vg
[2018-11-05 08:50:48]	秋 ng->tg
[2018-11-05 08:50:48]	求 ng->v
[2018-11-05 08:50:48]	曲 ag->n
[2018-11-05 08:50:48]	出 q->vf
[2018-11-05 08:50:48]	泉 n->ng
[2018-11-05 08:50:48]	缺 n->v
[2018-11-05 08:50:48]	欠缺 a->vi
[2018-11-05 08:50:48]	火 a->n
[2018-11-05 08:50:48]	夏 ng->tg
[2018-11-05 08:50:48]	热情 a->an
[2018-11-05 08:50:48]	热气球 n->gjtgj
[2018-11-05 08:50:48]	热心 a->v
[2018-11-05 08:50:48]	热忱 a->an
[2018-11-05 08:50:48]	热诚 a->an
[2018-11-05 08:50:48]	委任 n->v
[2018-11-05 08:50:48]	依旧 d->z
[2018-11-05 08:50:48]	照旧 d->v
[2018-11-05 08:50:48]	肉 a->n
[2018-11-05 08:50:48]	肉 a->gms
[2018-11-05 08:50:48]	撒 n->v
[2018-11-05 08:50:48]	塞 b->v
[2018-11-05 08:50:48]	堵 a->v
[2018-11-05 08:50:48]	信步 vd->vi
[2018-11-05 08:50:48]	土 a->n
[2018-11-05 08:50:48]	上 b->f
[2018-11-05 08:50:48]	设计 n->v
[2018-11-05 08:50:48]	摄像 n->vi
[2018-11-05 08:50:48]	申请 n->v
[2018-11-05 08:50:48]	全身 b->n
[2018-11-05 08:50:48]	体 k->ng
[2018-11-05 08:50:48]	身段 n->nz
[2018-11-05 08:50:48]	深入 a->v
[2018-11-05 08:50:48]	深度 ad->n
[2018-11-05 08:50:48]	神气 a->n
[2018-11-05 08:50:48]	升 q->v
[2018-11-05 08:50:48]	增值 n->vi
[2018-11-05 08:50:48]	生 a->v
[2018-11-05 08:50:48]	生产 n->v
[2018-11-05 08:50:48]	出产 n->v
[2018-11-05 08:50:48]	生活 vi->vn
[2018-11-05 08:50:48]	胜利 ad->vi
[2018-11-05 08:50:48]	失落 a->v
[2018-11-05 08:50:48]	狮 n->ng
[2018-11-05 08:50:48]	滋润 a->v
[2018-11-05 08:50:48]	温润 a->an
[2018-11-05 08:50:48]	石 b->ng
[2018-11-05 08:50:48]	时刻 d->n
[2018-11-05 08:50:48]	实践 n->v
[2018-11-05 08:50:48]	实质 a->n
[2018-11-05 08:50:48]	示范 vi->vn
[2018-11-05 08:50:48]	凡间 s->n
[2018-11-05 08:50:48]	是 ng->vshi
[2018-11-05 08:50:48]	便是 v->vd
[2018-11-05 08:50:48]	是否 d->v
[2018-11-05 08:50:48]	释迦牟尼 n->nrf
[2018-11-05 08:50:48]	收条 n->nz
[2018-11-05 08:50:48]	手 k->n
[2018-11-05 08:50:48]	手工 d->n
[2018-11-05 08:50:48]	守法 vd->vi
[2018-11-05 08:50:48]	首创 nz->v
[2018-11-05 08:50:48]	首先 c->d
[2018-11-05 08:50:48]	初 d->f
[2018-11-05 08:50:48]	最初 b->d
[2018-11-05 08:50:48]	禁不起 v->vd
[2018-11-05 08:50:48]	本 d->rz
[2018-11-05 08:50:48]	册 ng->q
[2018-11-05 08:50:48]	书册 n->nl
[2018-11-05 08:50:48]	疏松 a->vn
[2018-11-05 08:50:48]	熟悉 a->v
[2018-11-05 08:50:48]	属实 a->v
[2018-11-05 08:50:48]	鼠 n->ng
[2018-11-05 08:50:48]	竖 n->v
[2018-11-05 08:50:48]	刷 o->v
[2018-11-05 08:50:48]	帅 ng->nr1
[2018-11-05 08:50:48]	水笔 n->nz
[2018-11-05 08:50:48]	说 ng->v
[2018-11-05 08:50:48]	讲 ng->v
[2018-11-05 08:50:48]	司 n->ng
[2018-11-05 08:50:48]	松 a->v
[2018-11-05 08:50:48]	松懈 a->v
[2018-11-05 08:50:48]	宋 nr1->tg
[2018-11-05 08:50:48]	孙 n->nr1
[2018-11-05 08:50:48]	孙子 n->nr
[2018-11-05 08:50:48]	锁 n->v
[2018-11-05 08:50:48]	塔 b->n
[2018-11-05 08:50:48]	贪吃 an->v
[2018-11-05 08:50:48]	贪心 a->v
[2018-11-05 08:50:48]	弹 ng->v
[2018-11-05 08:50:48]	烫 a->v
[2018-11-05 08:50:48]	特别 a->d
[2018-11-05 08:50:48]	希罕 a->v
[2018-11-05 08:50:48]	疼痛 a->an
[2018-11-05 08:50:48]	挑剔 a->v
[2018-11-05 08:50:48]	提成 n->vi
[2018-11-05 08:50:48]	提议 n->v
[2018-11-05 08:50:48]	田野 n->nr
[2018-11-05 08:50:48]	唐 b->tg
[2018-11-05 08:50:48]	甘甜 a->an
[2018-11-05 08:50:48]	担 ng->v
[2018-11-05 08:50:48]	调控 v->vn
[2018-11-05 08:50:48]	跳 q->vi
[2018-11-05 08:50:48]	跳水 vi->vn
[2018-11-05 08:50:48]	跳远 vi->vn
[2018-11-05 08:50:48]	听 q->v
[2018-11-05 08:50:48]	通信 vi->vn
[2018-11-05 08:50:48]	同时 c->n
[2018-11-05 08:50:48]	同期 d->f
[2018-11-05 08:50:48]	统一 a->v
[2018-11-05 08:50:48]	痛苦 a->an
[2018-11-05 08:50:48]	头 k->n
[2018-11-05 08:50:48]	投资 n->v
[2018-11-05 08:50:48]	投入 a->v
[2018-11-05 08:50:48]	突出 a->v
[2018-11-05 08:50:48]	团结 a->v
[2018-11-05 08:50:48]	托 ng->v
[2018-11-05 08:50:48]	歪 a->v
[2018-11-05 08:50:48]	倾斜 vd->vi
[2018-11-05 08:50:48]	斜 a->v
[2018-11-05 08:50:48]	弯 a->v
[2018-11-05 08:50:48]	完善 a->v
[2018-11-05 08:50:48]	玩 ng->v
[2018-11-05 08:50:48]	夜晚 n->t
[2018-11-05 08:50:48]	夜间 f->t
[2018-11-05 08:50:48]	万 d->m
[2018-11-05 08:50:48]	万一 c->d
[2018-11-05 08:50:48]	联网 vd->vi
[2018-11-05 08:50:48]	望 ng->v
[2018-11-05 08:50:48]	无益 a->vi
[2018-11-05 08:50:48]	危险 a->an
[2018-11-05 08:50:48]	威风 a->an
[2018-11-05 08:50:48]	霸气 an->n
[2018-11-05 08:50:48]	微 a->nz
[2018-11-05 08:50:48]	违法 vd->vi
[2018-11-05 08:50:48]	相反 d->vi
[2018-11-05 08:50:48]	浩瀚 a->z
[2018-11-05 08:50:48]	卫生 a->an
[2018-11-05 08:50:48]	位 ng->q
[2018-11-05 08:50:48]	喂 e->v
[2018-11-05 08:50:48]	问候 v->vn
[2018-11-05 08:50:48]	温和 a->nr
[2018-11-05 08:50:48]	刻薄 a->an
[2018-11-05 08:50:48]	文明 a->n
[2018-11-05 08:50:48]	闻 ng->v
[2018-11-05 08:50:48]	问 ng->v
[2018-11-05 08:50:48]	咨询 v->vn
[2018-11-05 08:50:48]	无轨电车 nl->gjtgj
[2018-11-05 08:50:48]	无限 a->vi
[2018-11-05 08:50:48]	无穷 d->z
[2018-11-05 08:50:48]	时价 n->nl
[2018-11-05 08:50:48]	东西 f->n
[2018-11-05 08:50:48]	误工 vi->vn
[2018-11-05 08:50:48]	西 b->f
[2018-11-05 08:50:48]	希望 n->v
[2018-11-05 08:50:48]	就义 vi->v
[2018-11-05 08:50:48]	舍身 d->v
[2018-11-05 08:50:48]	习 ng->vg
[2018-11-05 08:50:48]	系统 a->n
[2018-11-05 08:50:48]	地 n->nz
[2018-11-05 08:50:48]	先后 d->ad
[2018-11-05 08:50:48]	娇艳 a->an
[2018-11-05 08:50:48]	现代 n->t
[2018-11-05 08:50:48]	现实 a->n
[2018-11-05 08:50:48]	相当 d->vi
[2018-11-05 08:50:48]	等同 vd->vi
[2018-11-05 08:50:48]	同样 b->d
[2018-11-05 08:50:48]	香 a->n
[2018-11-05 08:50:48]	想像 v->vd
[2018-11-05 08:50:48]	向 dg->p
[2018-11-05 08:50:48]	朝 b->p
[2018-11-05 08:50:48]	象 n->ng
[2018-11-05 08:50:48]	像 d->v
[2018-11-05 08:50:48]	仿佛 d->v
[2018-11-05 08:50:48]	似 d->vg
[2018-11-05 08:50:48]	飘逸 a->v
[2018-11-05 08:50:48]	童 b->ng
[2018-11-05 08:50:48]	小寒 t->nz
[2018-11-05 08:50:48]	小满 t->nz
[2018-11-05 08:50:48]	小雪 n->nr
[2018-11-05 08:50:48]	艰辛 a->an
[2018-11-05 08:50:48]	辛酸 a->an
[2018-11-05 08:50:48]	新词 n->nl
[2018-11-05 08:50:48]	信 ag->n
[2018-11-05 08:50:48]	信用 a->n
[2018-11-05 08:50:48]	兴奋 a->v
[2018-11-05 08:50:48]	成 a->v
[2018-11-05 08:50:48]	形象 a->n
[2018-11-05 08:50:48]	醒 ng->v
[2018-11-05 08:50:48]	幸福 a->happ
[2018-11-05 08:50:48]	性 k->ng
[2018-11-05 08:50:48]	姓 n->v
[2018-11-05 08:50:48]	名 ag->q
[2018-11-05 08:50:48]	邪恶 a->an
[2018-11-05 08:50:48]	胸 n->ng
[2018-11-05 08:50:48]	公 ad->ng
[2018-11-05 08:50:48]	休假 n->vi
[2018-11-05 08:50:48]	虚伪 a->an
[2018-11-05 08:50:48]	徐 ag->nr1
[2018-11-05 08:50:48]	许 dg->m
[2018-11-05 08:50:48]	学龄 b->n
[2018-11-05 08:50:48]	压抑 a->v
[2018-11-05 08:50:48]	鸭 n->ng
[2018-11-05 08:50:48]	延长 ns->v
[2018-11-05 08:50:48]	延期 vd->vi
[2018-11-05 08:50:48]	缓期 vd->vi
[2018-11-05 08:50:48]	严正 a->nr
[2018-11-05 08:50:48]	高温 an->n
[2018-11-05 08:50:48]	火热 a->z
[2018-11-05 08:50:48]	研究 n->v
[2018-11-05 08:50:48]	演习 v->vn
[2018-11-05 08:50:48]	杨 ng->nr1
[2018-11-05 08:50:48]	阳性 b->n
[2018-11-05 08:50:48]	仰泳 vi->vn
[2018-11-05 08:50:48]	也 b->d
[2018-11-05 08:50:48]	进行 vn->vx
[2018-11-05 08:50:48]	布 b->n
[2018-11-05 08:50:48]	穿戴 n->v
[2018-11-05 08:50:48]	依靠 n->v
[2018-11-05 08:50:48]	移动 v->vn
[2018-11-05 08:50:48]	遗传 n->vn
[2018-11-05 08:50:48]	遗憾 a->sorr
[2018-11-05 08:50:48]	遗存 vi->vn
[2018-11-05 08:50:48]	往时 t->tg
[2018-11-05 08:50:48]	义务 d->n
[2018-11-05 08:50:48]	艺术 a->n
[2018-11-05 08:50:48]	意旨 n->nl
[2018-11-05 08:50:48]	因为 c->p
[2018-11-05 08:50:48]	由于 c->p
[2018-11-05 08:50:48]	银 b->ng
[2018-11-05 08:50:48]	引 ng->v
[2018-11-05 08:50:48]	隐蔽 a->v
[2018-11-05 08:50:48]	隐秘 a->n
[2018-11-05 08:50:48]	印染 v->vn
[2018-11-05 08:50:48]	印 b->v
[2018-11-05 08:50:48]	图章 n->nz
[2018-11-05 08:50:48]	应当 d->v
[2018-11-05 08:50:48]	俊杰 n->nr
[2018-11-05 08:50:48]	影响 n->v
[2018-11-05 08:50:48]	拥挤 a->vi
[2018-11-05 08:50:48]	勇于 d->v
[2018-11-05 08:50:48]	骁勇 a->an
[2018-11-05 08:50:48]	用 ng->p
[2018-11-05 08:50:48]	以 b->p
[2018-11-05 08:50:48]	优胜 a->vi
[2018-11-05 08:50:48]	优先 ad->v
[2018-11-05 08:50:48]	悠远 an->z
[2018-11-05 08:50:48]	油条 n->gms
[2018-11-05 08:50:48]	友善 a->nr
[2018-11-05 08:50:48]	又 c->d
[2018-11-05 08:50:48]	右 a->f
[2018-11-05 08:50:48]	于 ng->p
[2018-11-05 08:50:48]	初赛 n->vi
[2018-11-05 08:50:48]	预言 n->v
[2018-11-05 08:50:48]	冤枉 a->v
[2018-11-05 08:50:48]	原来 b->d
[2018-11-05 08:50:48]	原本 d->n
[2018-11-05 08:50:48]	原则 d->n
[2018-11-05 08:50:48]	圆 a->vg
[2018-11-05 08:50:48]	约会 n->vi
[2018-11-05 08:50:48]	局限 n->vi
[2018-11-05 08:50:48]	云 b->n
[2018-11-05 08:50:48]	正好 z->tg
[2018-11-05 08:50:48]	在 d->p
[2018-11-05 08:50:48]	当 ng->p
[2018-11-05 08:50:48]	暂时 b->d
[2018-11-05 08:50:48]	眼前 s->t
[2018-11-05 08:50:48]	负债 n->vi
[2018-11-05 08:50:48]	站 n->vi
[2018-11-05 08:50:48]	把握 n->v
[2018-11-05 08:50:48]	左右 f->m
[2018-11-05 08:50:48]	折价 vd->vi
[2018-11-05 08:50:48]	真 a->d
[2018-11-05 08:50:48]	实际 a->n
[2018-11-05 08:50:48]	真心 ad->n
[2018-11-05 08:50:48]	衷心 b->d
[2018-11-05 08:50:48]	振动 vi->vn
[2018-11-05 08:50:48]	颠簸 vd->vi
[2018-11-05 08:50:48]	振荡 vi->vn
[2018-11-05 08:50:48]	争议 n->vn
[2018-11-05 08:50:48]	整体 m->n
[2018-11-05 08:50:48]	正 a->d
[2018-11-05 08:50:48]	正面 a->n
[2018-11-05 08:50:48]	正理 n->nl
[2018-11-05 08:50:48]	证明 n->v
[2018-11-05 08:50:48]	对证 vn->n
[2018-11-05 08:50:48]	对照 p->v
[2018-11-05 08:50:48]	说明 n->v
[2018-11-05 08:50:48]	消费 n->vn
[2018-11-05 08:50:48]	明白 a->v
[2018-11-05 08:50:48]	了然 a->v
[2018-11-05 08:50:48]	知 ag->v
[2018-11-05 08:50:48]	直 a->d
[2018-11-05 08:50:48]	直线 d->n
[2018-11-05 08:50:48]	张 ng->q
[2018-11-05 08:50:48]	指挥 n->v
[2018-11-05 08:50:48]	指导 n->v
[2018-11-05 08:50:48]	中档 b->nl
[2018-11-05 08:50:48]	中国 ns->nz
[2018-11-05 08:50:48]	华夏 n->nz
[2018-11-05 08:50:48]	中央 f->n
[2018-11-05 08:50:48]	忠诚 a->v
[2018-11-05 08:50:48]	种 ng->v
[2018-11-05 08:50:48]	重 a->v
[2018-11-05 08:50:48]	关键 a->n
[2018-11-05 08:50:48]	重视 a->v
[2018-11-05 08:50:48]	周 ag->nr1
[2018-11-05 08:50:48]	昼夜 d->n
[2018-11-05 08:50:48]	皱 n->v
[2018-11-05 08:50:48]	朱 ag->nr1
[2018-11-05 08:50:48]	竹 n->ng
[2018-11-05 08:50:48]	主观 a->n
[2018-11-05 08:50:48]	主演 n->v
[2018-11-05 08:50:48]	助理 b->n
[2018-11-05 08:50:48]	大名鼎鼎 al->vl
[2018-11-05 08:50:48]	专门 b->d
[2018-11-05 08:50:48]	专注 a->vi
[2018-11-05 08:50:48]	埋头 vd->vi
[2018-11-05 08:50:48]	专业 a->n
[2018-11-05 08:50:48]	拐弯 n->vi
[2018-11-05 08:50:48]	华美 a->nz
[2018-11-05 08:50:48]	台 b->n
[2018-11-05 08:50:48]	我方 r->n
[2018-11-05 08:50:48]	自强 vd->vi
[2018-11-05 08:50:48]	自主 vd->vi
[2018-11-05 08:50:48]	自然 a->n
[2018-11-05 08:50:48]	自信 a->v
[2018-11-05 08:50:48]	自修 v->vl
[2018-11-05 08:50:48]	综合 a->vn
[2018-11-05 08:50:48]	总结 n->v
[2018-11-05 08:50:48]	纵横 n->v
[2018-11-05 08:50:48]	走私 b->v
[2018-11-05 08:50:48]	构成 n->v
[2018-11-05 08:50:48]	太 a->d
[2018-11-05 08:50:48]	到底 d->vi
[2018-11-05 08:50:48]	孝顺 a->v
[2018-11-05 08:50:48]	遵照 p->v
[2018-11-05 08:50:48]	作 ng->v
[2018-11-05 08:50:48]	零 a->m
[2018-11-05 08:50:48]	一 d->m
[2018-11-05 08:50:48]	九 b->m
[2018-11-05 08:50:48]	低价 ad->n
[2018-11-05 08:50:48]	火车站 n->gjtgj
[2018-11-05 08:50:48]	小时候 n->t
[2018-11-05 08:50:48]	综合性 b->n
[2018-11-05 08:50:48]	高价 d->n
[2018-11-05 08:50:48]	中考 n->v
[2018-11-05 08:50:48]	无效 a->vi
[2018-11-05 08:50:48]	爱人 n->nz
[2018-11-05 08:50:48]	把手 n->nz
[2018-11-05 08:50:48]	人为 b->d
[2018-11-05 08:50:48]	靠山 n->nz
[2018-11-05 08:50:48]	他人 rr->r
[2018-11-05 08:50:48]	不结盟 vi->vn
[2018-11-05 08:50:48]	不是 c->n
[2018-11-05 08:50:48]	不行 a->v
[2018-11-05 08:50:48]	不能 v->vi
[2018-11-05 08:50:48]	不会 v->vi
[2018-11-05 08:50:48]	车号 n->nz
[2018-11-05 08:50:48]	同党 n->nz
[2018-11-05 08:50:48]	上流 b->n
[2018-11-05 08:50:48]	出血 vi->v
[2018-11-05 08:50:48]	打的 v->vi
[2018-11-05 08:50:48]	除法 n->nz
[2018-11-05 08:50:48]	从中 d->n
[2018-11-05 08:50:48]	从宽 d->v
[2018-11-05 08:50:48]	从重 d->v
[2018-11-05 08:50:48]	搭建 v->vd
[2018-11-05 08:50:48]	各人 rr->r
[2018-11-05 08:50:48]	中选 vi->v
[2018-11-05 08:50:48]	各处 rzs->r
[2018-11-05 08:50:48]	四处 d->vi
[2018-11-05 08:50:48]	大路 n->nz
[2018-11-05 08:50:48]	拨打 v->vd
[2018-11-05 08:50:48]	大跌 v->vn
[2018-11-05 08:50:48]	会话 v->vn
[2018-11-05 08:50:48]	对应 vi->v
[2018-11-05 08:50:48]	有余 m->v
[2018-11-05 08:50:48]	要领 n->nz
[2018-11-05 08:50:48]	下学 v->vd
[2018-11-05 08:50:48]	分号 n->nz
[2018-11-05 08:50:48]	不合 v->n
[2018-11-05 08:50:48]	高等 b->a
[2018-11-05 08:50:48]	老大 a->n
[2018-11-05 08:50:48]	还给 v->vd
[2018-11-05 08:50:48]	对等 vi->vn
[2018-11-05 08:50:48]	有心 v->vd
[2018-11-05 08:50:48]	说法 n->nz
[2018-11-05 08:50:48]	真的 a->d
[2018-11-05 08:50:48]	大喊 v->vd
[2018-11-05 08:50:48]	后天 n->t
[2018-11-05 08:50:48]	回家 vi->v
[2018-11-05 08:50:48]	总会 d->n
[2018-11-05 08:50:48]	好多 m->a
[2018-11-05 08:50:48]	才能 n->v
[2018-11-05 08:50:48]	大奖 n->nz
[2018-11-05 08:50:48]	自大 a->an
[2018-11-05 08:50:48]	无礼 a->ad
[2018-11-05 08:50:48]	自得 an->a
[2018-11-05 08:50:48]	开关 n->v
[2018-11-05 08:50:48]	看不起 v->vn
[2018-11-05 08:50:48]	看得起 v->vn
[2018-11-05 08:50:48]	完了 vi->n
[2018-11-05 08:50:48]	理事 n->nz
[2018-11-05 08:50:48]	一口气 d->n
[2018-11-05 08:50:48]	本心 n->nl
[2018-11-05 08:50:48]	论说 vn->vl
[2018-11-05 08:50:48]	中意 a->n
[2018-11-05 08:50:48]	没用 a->v
[2018-11-05 08:50:48]	天天 d->q
[2018-11-05 08:50:48]	秒钟 n->q
[2018-11-05 08:50:48]	他俩 r->n
[2018-11-05 08:50:48]	年间 f->n
[2018-11-05 08:50:48]	江米 n->nz
[2018-11-05 08:50:48]	省钱 a->v
[2018-11-05 08:50:48]	早起 vi->v
[2018-11-05 08:50:48]	开车 vi->v
[2018-11-05 08:50:48]	千米 q->qv
[2018-11-05 08:50:48]	签定 v->vn
[2018-11-05 08:50:48]	好天 n->nz
[2018-11-05 08:50:48]	日食 n->nz
[2018-11-05 08:50:48]	火烧 n->v
[2018-11-05 08:50:48]	就是 c->n
[2018-11-05 08:50:48]	是不是 v->vd
[2018-11-05 08:50:48]	手指 n->nz
[2018-11-05 08:50:48]	国都 d->n
[2018-11-05 08:50:48]	得手 a->v
[2018-11-05 08:50:48]	大小 n->nz
[2018-11-05 08:50:48]	了得 a->ad
[2018-11-05 08:50:48]	脱钩 vi->v
[2018-11-05 08:50:48]	问号 n->nz
[2018-11-05 08:50:48]	西藏自治区 ns->nz
[2018-11-05 08:50:48]	小便 v->vi
[2018-11-05 08:50:48]	好在 d->v
[2018-11-05 08:50:48]	双眼 n->nz
[2018-11-05 08:50:48]	一角 n->v
[2018-11-05 08:50:48]	一元 b->nz
[2018-11-05 08:50:48]	引号 n->nz
[2018-11-05 08:50:48]	有用 a->n
[2018-11-05 08:50:48]	像片 n->nz
[2018-11-05 08:50:48]	争抢 v->vd
[2018-11-05 08:50:48]	小我 n->nz
[2018-11-05 08:50:48]	文字 n->nz
[2018-11-05 08:50:48]	不好 a->n
[2018-11-05 08:50:48]	下雨 vi->v
[2018-11-05 08:50:48]	多功能 b->n
[2018-11-05 08:50:48]	从未 d->n
[2018-11-05 08:50:48]	南北 f->n
[2018-11-05 08:50:48]	从不 d->n
[2018-11-05 08:50:48]	干什么 r->v
[2018-11-05 08:50:48]	不准 v->n
[2018-11-05 08:50:48]	开门 vd->n
[2018-11-05 08:50:48]	睡着 v->vd
[2018-11-05 08:50:48]	呼吸 v->vi
[2018-11-05 08:50:48]	第 m->vshi
[2018-11-05 08:50:48]	第 m->vyou
[2018-11-05 08:50:48]	第 m->vf
[2018-11-05 08:50:48]	第 m->vx
[2018-11-05 08:50:48]	第 m->vi
[2018-11-05 08:50:48]	第 m->vl
[2018-11-05 08:50:48]	第 m->vg
[2018-11-05 08:50:48]	第 m->ad
[2018-11-05 08:50:48]	第 m->an
[2018-11-05 08:50:48]	第 m->ag
[2018-11-05 08:50:48]	第 m->al
[2018-11-05 08:50:48]	第 m->bl
[2018-11-05 08:50:48]	第 m->nz
[2018-11-05 08:50:48]	长达 v->vl
[2018-11-05 08:50:48]	首次 m->n
[2018-11-05 08:50:48]	日间 t->nl
[2018-11-05 08:50:52]	爱 b->v
[2018-11-05 08:50:52]	安 ag->v
[2018-11-05 08:50:52]	安定 a->an
[2018-11-05 08:50:52]	本分 a->n
[2018-11-05 08:50:52]	宁静 a->an
[2018-11-05 08:50:52]	安宁 a->an
[2018-11-05 08:50:52]	安谧 a->an
[2018-11-05 08:50:52]	和缓 a->ad
[2018-11-05 08:50:52]	太平 a->ns
[2018-11-05 08:50:52]	安全 a->an
[2018-11-05 08:50:52]	安慰 a->v
[2018-11-05 08:50:52]	按时 d->ad
[2018-11-05 08:50:52]	昂首 vd->vi
[2018-11-05 08:50:52]	昂扬 a->v
[2018-11-05 08:50:52]	后悔 a->v
[2018-11-05 08:50:52]	八宝粥 n->gms
[2018-11-05 08:50:52]	把 m->v
[2018-11-05 08:50:52]	百合 n->nr
[2018-11-05 08:50:52]	绊 ng->v
[2018-11-05 08:50:52]	棒 a->ng
[2018-11-05 08:50:52]	包 n->v
[2018-11-05 08:50:52]	折 ng->vi
[2018-11-05 08:50:52]	叠 q->v
[2018-11-05 08:50:52]	包子 n->gms
[2018-11-05 08:50:52]	保安 b->n
[2018-11-05 08:50:52]	保障 n->v
[2018-11-05 08:50:52]	保健 b->n
[2018-11-05 08:50:52]	封闭 a->v
[2018-11-05 08:50:52]	保险 a->n
[2018-11-05 08:50:52]	保证 n->v
[2018-11-05 08:50:52]	不好意思 a->vl
[2018-11-05 08:50:52]	背 a->v
[2018-11-05 08:50:52]	被 d->pbei
[2018-11-05 08:50:52]	必然 b->n
[2018-11-05 08:50:52]	一定 b->d
[2018-11-05 08:50:52]	边 b->n
[2018-11-05 08:50:52]	边缘 b->n
[2018-11-05 08:50:52]	边防 b->n
[2018-11-05 08:50:52]	边陲 n->s
[2018-11-05 08:50:52]	变化 v->vn
[2018-11-05 08:50:52]	标准 a->n
[2018-11-05 08:50:52]	规范 a->v
[2018-11-05 08:50:52]	飞跃 vi->vn
[2018-11-05 08:50:52]	口头 d->n
[2018-11-05 08:50:52]	表现 n->v
[2018-11-05 08:50:52]	别名 n->nz
[2018-11-05 08:50:52]	做作 a->v
[2018-11-05 08:50:52]	拨 q->v
[2018-11-05 08:50:52]	奔腾 nz->vi
[2018-11-05 08:50:52]	盘剥 v->vn
[2018-11-05 08:50:52]	补偿 v->vn
[2018-11-05 08:50:52]	甭 d->v
[2018-11-05 08:50:52]	不安 a->an
[2018-11-05 08:50:52]	焦虑 a->an
[2018-11-05 08:50:52]	恐慌 a->an
[2018-11-05 08:50:52]	不满 a->an
[2018-11-05 08:50:52]	例外 n->vi
[2018-11-05 08:50:52]	不幸 a->n
[2018-11-05 08:50:52]	部分 m->n
[2018-11-05 08:50:52]	华 ag->b
[2018-11-05 08:50:52]	愧疚 a->an
[2018-11-05 08:50:52]	辉煌 a->an
[2018-11-05 08:50:52]	绚烂 a->an
[2018-11-05 08:50:52]	仓储 n->vn
[2018-11-05 08:50:52]	费心 a->v
[2018-11-05 08:50:52]	迥异 a->z
[2018-11-05 08:50:52]	叶 n->ng
[2018-11-05 08:50:52]	拆解 v->vn
[2018-11-05 08:50:52]	知了 n->nz
[2018-11-05 08:50:52]	长春 ns->nz
[2018-11-05 08:50:52]	经常 b->d
[2018-11-05 08:50:52]	超 h->v
[2018-11-05 08:50:52]	超产 v->vn
[2018-11-05 08:50:52]	超支 n->v
[2018-11-05 08:50:52]	车次 n->nz
[2018-11-05 08:50:52]	沉淀 n->vi
[2018-11-05 08:50:52]	尽职 vd->vi
[2018-11-05 08:50:52]	诚心 a->n
[2018-11-05 08:50:52]	党羽 n->nz
[2018-11-05 08:50:52]	冲突 vi->vn
[2018-11-05 08:50:52]	倾心 ad->vi
[2018-11-05 08:50:52]	喜好 an->v
[2018-11-05 08:50:52]	空洞 a->n
[2018-11-05 08:50:52]	抽样 vd->vi
[2018-11-05 08:50:52]	臭豆腐 n->gms
[2018-11-05 08:50:52]	出口 n->vi
[2018-11-05 08:50:52]	肇事 vi->vn
[2018-11-05 08:50:52]	出租 n->v
[2018-11-05 08:50:52]	先期 b->d
[2018-11-05 08:50:52]	除外 vi->v
[2018-11-05 08:50:52]	装 n->v
[2018-11-05 08:50:52]	传统 a->n
[2018-11-05 08:50:52]	船 n->gjtgj
[2018-11-05 08:50:52]	轮船 n->gjtgj
[2018-11-05 08:50:52]	船舶 n->gjtgj
[2018-11-05 08:50:52]	春分 t->n
[2018-11-05 08:50:52]	刺 n->v
[2018-11-05 08:50:52]	睿智 a->an
[2018-11-05 08:50:52]	智慧 a->n
[2018-11-05 08:50:52]	从 d->p
[2018-11-05 08:50:52]	自 d->p
[2018-11-05 08:50:52]	粗心 a->an
[2018-11-05 08:50:52]	大意 a->n
[2018-11-05 08:50:52]	酸 a->n
[2018-11-05 08:50:52]	摩擦 v->vn
[2018-11-05 08:50:52]	坎坷 a->an
[2018-11-05 08:50:52]	错误 a->n
[2018-11-05 08:50:52]	达标 vd->vi
[2018-11-05 08:50:52]	答复 n->v
[2018-11-05 08:50:52]	打 p->v
[2018-11-05 08:50:52]	狩猎 n->vi
[2018-11-05 08:50:52]	打算 n->v
[2018-11-05 08:50:52]	大寒 t->nz
[2018-11-05 08:50:52]	大家 n->rr
[2018-11-05 08:50:52]	大料 n->nz
[2018-11-05 08:50:52]	大致 b->d
[2018-11-05 08:50:52]	呆 a->v
[2018-11-05 08:50:52]	代办 n->v
[2018-11-05 08:50:52]	代理 n->v
[2018-11-05 08:50:52]	带 n->v
[2018-11-05 08:50:52]	带子 n->v
[2018-11-05 08:50:52]	条 ng->q
[2018-11-05 08:50:52]	戴 nr1->v
[2018-11-05 08:50:52]	单 b->d
[2018-11-05 08:50:52]	单独 b->d
[2018-11-05 08:50:52]	当面 d->n
[2018-11-05 08:50:52]	那天 r->t
[2018-11-05 08:50:52]	挡 n->v
[2018-11-05 08:50:52]	的 n->ude1
[2018-11-05 08:50:52]	得 ude3->v
[2018-11-05 08:50:52]	到 p->v
[2018-11-05 08:50:52]	倒 d->vi
[2018-11-05 08:50:52]	偷 d->v
[2018-11-05 08:50:52]	道德 a->n
[2018-11-05 08:50:52]	道教 n->nz
[2018-11-05 08:50:52]	上岸 vi->v
[2018-11-05 08:50:52]	等 n->v
[2018-11-05 08:50:52]	地铁 n->gjtgj
[2018-11-05 08:50:52]	光 a->n
[2018-11-05 08:50:52]	光辉 a->n
[2018-11-05 08:50:52]	顶 f->v
[2018-11-05 08:50:52]	定额 d->n
[2018-11-05 08:50:52]	定期 b->d
[2018-11-05 08:50:52]	东 b->f
[2018-11-05 08:50:52]	东乡族 ns->nz
[2018-11-05 08:50:52]	全部 m->ad
[2018-11-05 08:50:52]	斗争 vi->vn
[2018-11-05 08:50:52]	独立 a->v
[2018-11-05 08:50:52]	自力 n->nr
[2018-11-05 08:50:52]	渡 ng->v
[2018-11-05 08:50:52]	端 ng->v
[2018-11-05 08:50:52]	端正 a->v
[2018-11-05 08:50:52]	断 d->v
[2018-11-05 08:50:52]	对仗 n->nz
[2018-11-05 08:50:52]	多 a->m
[2018-11-05 08:50:52]	饿 a->v
[2018-11-05 08:50:52]	发 ng->v
[2018-11-05 08:50:52]	带头 vd->vi
[2018-11-05 08:50:52]	发糕 n->gms
[2018-11-05 08:50:52]	施展 nr->v
[2018-11-05 08:50:52]	发烧 b->vi
[2018-11-05 08:50:52]	无力 a->vi
[2018-11-05 08:50:52]	法 b->n
[2018-11-05 08:50:52]	庭审 n->v
[2018-11-05 08:50:52]	帆船 n->gjtgj
[2018-11-05 08:50:52]	繁荣 a->an
[2018-11-05 08:50:52]	重复 a->v
[2018-11-05 08:50:52]	来回 d->vi
[2018-11-05 08:50:52]	反面 b->n
[2018-11-05 08:50:52]	反应 n->vi
[2018-11-05 08:50:52]	犯罪 vi->vn
[2018-11-05 08:50:52]	范 ng->nr1
[2018-11-05 08:50:52]	方 a->d
[2018-11-05 08:50:52]	方便面 n->gms
[2018-11-05 08:50:52]	防汛 vi->vn
[2018-11-05 08:50:52]	飞机 n->gjtgj
[2018-11-05 08:50:52]	肥 a->n
[2018-11-05 08:50:52]	分布 vd->vi
[2018-11-05 08:50:52]	分离 vd->vi
[2018-11-05 08:50:52]	分米 q->qt
[2018-11-05 08:50:52]	生气 a->n
[2018-11-05 08:50:52]	风光 a->n
[2018-11-05 08:50:52]	封 ng->v
[2018-11-05 08:50:52]	冯 m->nr1
[2018-11-05 08:50:52]	抚恤 vi->vn
[2018-11-05 08:50:52]	远望 nz->v
[2018-11-05 08:50:52]	腐败 a->an
[2018-11-05 08:50:52]	负责 a->v
[2018-11-05 08:50:52]	中兴 ns->nz
[2018-11-05 08:50:52]	副词 n->nz
[2018-11-05 08:50:52]	付 q->v
[2018-11-05 08:50:52]	次要 b->bl
[2018-11-05 08:50:52]	富 a->vg
[2018-11-05 08:50:52]	富有 a->v
[2018-11-05 08:50:52]	富余 a->vn
[2018-11-05 08:50:52]	盖 d->v
[2018-11-05 08:50:52]	扣 ng->v
[2018-11-05 08:50:52]	干 a->v
[2018-11-05 08:50:52]	甘 ad->ag
[2018-11-05 08:50:52]	感动 a->v
[2018-11-05 08:50:52]	感冒 n->vi
[2018-11-05 08:50:52]	不久 d->m
[2018-11-05 08:50:52]	方才 d->nr
[2018-11-05 08:50:52]	高贵 a->nr
[2018-11-05 08:50:52]	年老 a->vi
[2018-11-05 08:50:52]	革命 a->vn
[2018-11-05 08:50:52]	解 ng->v
[2018-11-05 08:50:52]	根据 n->p
[2018-11-05 08:50:52]	据 ng->p
[2018-11-05 08:50:52]	跟随 p->v
[2018-11-05 08:50:52]	随着 d->p
[2018-11-05 08:50:52]	更年期 n->t
[2018-11-05 08:50:52]	工作 n->vn
[2018-11-05 08:50:52]	公开 a->v
[2018-11-05 08:50:52]	巩固 a->v
[2018-11-05 08:50:52]	共产党 n->nz
[2018-11-05 08:50:52]	奉献 n->v
[2018-11-05 08:50:52]	够 a->v
[2018-11-05 08:50:52]	孤立 a->v
[2018-11-05 08:50:52]	孤僻 a->an
[2018-11-05 08:50:52]	鼓 a->v
[2018-11-05 08:50:52]	彭 m->nr1
[2018-11-05 08:50:52]	鼓舞 a->v
[2018-11-05 08:50:52]	固定 a->v
[2018-11-05 08:50:52]	稳定 a->an
[2018-11-05 08:50:52]	传奇 a->n
[2018-11-05 08:50:52]	故意 b->d
[2018-11-05 08:50:52]	有意 d->vi
[2018-11-05 08:50:52]	成心 d->v
[2018-11-05 08:50:52]	顾 ng->v
[2018-11-05 08:50:52]	挂 q->v
[2018-11-05 08:50:52]	关切 a->v
[2018-11-05 08:50:52]	论断 n->vn
[2018-11-05 08:50:52]	臣 n->ng
[2018-11-05 08:50:52]	管理 v->vn
[2018-11-05 08:50:52]	管制 v->vn
[2018-11-05 08:50:52]	光明 a->n
[2018-11-05 08:50:52]	亮 a->vi
[2018-11-05 08:50:52]	归结 n->vi
[2018-11-05 08:50:52]	鬼 a->n
[2018-11-05 08:50:52]	邪 a->ag
[2018-11-05 08:50:52]	滚 ng->vi
[2018-11-05 08:50:52]	国庆 n->t
[2018-11-05 08:50:52]	干脆 a->d
[2018-11-05 08:50:52]	断然 b->d
[2018-11-05 08:50:52]	果然 c->d
[2018-11-05 08:50:52]	果真 c->d
[2018-11-05 08:50:52]	过期 vd->vi
[2018-11-05 08:50:52]	海口 n->ns
[2018-11-05 08:50:52]	琼 b->nr1
[2018-11-05 08:50:52]	叫 n->vi
[2018-11-05 08:50:52]	汉堡包 n->gms
[2018-11-05 08:50:52]	数码 b->n
[2018-11-05 08:50:52]	合资 b->vi
[2018-11-05 08:50:52]	集资 vd->vi
[2018-11-05 08:50:52]	合伙 vd->vi
[2018-11-05 08:50:52]	合股 vd->vi
[2018-11-05 08:50:52]	和 ag->cc
[2018-11-05 08:50:52]	集合 n->v
[2018-11-05 08:50:52]	与 cc->p
[2018-11-05 08:50:52]	同 cc->p
[2018-11-05 08:50:52]	并 cc->d
[2018-11-05 08:50:52]	狠 a->d
[2018-11-05 08:50:52]	狠心 a->an
[2018-11-05 08:50:52]	横 a->v
[2018-11-05 08:50:52]	哄 o->v
[2018-11-05 08:50:52]	后期 f->t
[2018-11-05 08:50:52]	胡 d->nr1
[2018-11-05 08:50:52]	湖 b->n
[2018-11-05 08:50:52]	迷惑 a->v
[2018-11-05 08:50:52]	依稀 a->d
[2018-11-05 08:50:52]	互相 b->d
[2018-11-05 08:50:52]	花 a->n
[2018-11-05 08:50:52]	花卷 n->gms
[2018-11-05 08:50:52]	滑冰 n->vn
[2018-11-05 08:50:52]	滑雪 vi->vn
[2018-11-05 08:50:52]	化验 n->v
[2018-11-05 08:50:52]	打扮 n->v
[2018-11-05 08:50:52]	还账 v->vi
[2018-11-05 08:50:52]	涣散 a->v
[2018-11-05 08:50:52]	怪诞 a->an
[2018-11-05 08:50:52]	黄色 b->n
[2018-11-05 08:50:52]	回头 d->vi
[2018-11-05 08:50:52]	会 n->v
[2018-11-05 08:50:52]	馄饨 n->gms
[2018-11-05 08:50:52]	活动 a->vn
[2018-11-05 08:50:52]	该死 vi->v
[2018-11-05 08:50:52]	活 a->n
[2018-11-05 08:50:52]	火车 n->gjtgj
[2018-11-05 08:50:52]	机械 a->n
[2018-11-05 08:50:52]	缉私 vi->vn
[2018-11-05 08:50:52]	狂热 a->an
[2018-11-05 08:50:52]	极端 a->n
[2018-11-05 08:50:52]	集邮 vi->vn
[2018-11-05 08:50:52]	集中 a->v
[2018-11-05 08:50:52]	挤 a->v
[2018-11-05 08:50:52]	运算 vi->vn
[2018-11-05 08:50:52]	记录 n->v
[2018-11-05 08:50:52]	记载 n->v
[2018-11-05 08:50:52]	纪念 n->v
[2018-11-05 08:50:52]	长项 n->nz
[2018-11-05 08:50:52]	加班 vd->vi
[2018-11-05 08:50:52]	夹 b->v
[2018-11-05 08:50:52]	家 k->n
[2018-11-05 08:50:52]	值 a->n
[2018-11-05 08:50:52]	尖端 b->n
[2018-11-05 08:50:52]	坚定 a->v
[2018-11-05 08:50:52]	监察 v->vn
[2018-11-05 08:50:52]	调查 n->v
[2018-11-05 08:50:52]	方便 a->v
[2018-11-05 08:50:52]	便利 a->an
[2018-11-05 08:50:52]	间接 a->b
[2018-11-05 08:50:52]	建设 n->vn
[2018-11-05 08:50:52]	健全 a->v
[2018-11-05 08:50:52]	讲究 a->v
[2018-11-05 08:50:52]	降价 vd->vi
[2018-11-05 08:50:52]	坦白 a->v
[2018-11-05 08:50:52]	灌 ng->v
[2018-11-05 08:50:52]	娇气 a->n
[2018-11-05 08:50:52]	骄傲 a->an
[2018-11-05 08:50:52]	饺子 n->gms
[2018-11-05 08:50:52]	教 ng->v
[2018-11-05 08:50:52]	教育 v->vn
[2018-11-05 08:50:52]	接力 n->vn
[2018-11-05 08:50:52]	结果 c->n
[2018-11-05 08:50:52]	结业 vd->vi
[2018-11-05 08:50:52]	解放 a->v
[2018-11-05 08:50:52]	解放战争 n->nz
[2018-11-05 08:50:52]	借 p->v
[2018-11-05 08:50:52]	租 ng->v
[2018-11-05 08:50:52]	借贷 n->v
[2018-11-05 08:50:52]	借条 n->nz
[2018-11-05 08:50:52]	金 b->ng
[2018-11-05 08:50:52]	尽力 d->vi
[2018-11-05 08:50:52]	全力 d->n
[2018-11-05 08:50:52]	尽心 a->v
[2018-11-05 08:50:52]	进步 a->vn
[2018-11-05 08:50:52]	临近 a->v
[2018-11-05 08:50:52]	经过 n->p
[2018-11-05 08:50:52]	经济 a->n
[2018-11-05 08:50:52]	经营 n->v
[2018-11-05 08:50:52]	精神 a->n
[2018-11-05 08:50:52]	感慨 a->v
[2018-11-05 08:50:52]	警惕 a->v
[2018-11-05 08:50:52]	敬业 a->vi
[2018-11-05 08:50:52]	就 c->d
[2018-11-05 08:50:52]	举 ag->v
[2018-11-05 08:50:52]	举重 n->vn
[2018-11-05 08:50:52]	行 a->vi
[2018-11-05 08:50:52]	锯 n->v
[2018-11-05 08:50:52]	卷 ng->v
[2018-11-05 08:50:52]	决定 n->v
[2018-11-05 08:50:52]	决赛 vi->vn
[2018-11-05 08:50:52]	决心 d->n
[2018-11-05 08:50:52]	开创 n->v
[2018-11-05 08:50:52]	开放 a->v
[2018-11-05 08:50:52]	开阔 a->v
[2018-11-05 08:50:52]	伊始 t->vi
[2018-11-05 08:50:52]	初叶 f->t
[2018-11-05 08:50:52]	初始 b->t
[2018-11-05 08:50:52]	初步 b->d
[2018-11-05 08:50:52]	看 u->v
[2018-11-05 08:50:52]	测验 v->vn
[2018-11-05 08:50:52]	考验 v->vn
[2018-11-05 08:50:52]	烤鸭 n->gms
[2018-11-05 08:50:52]	靠 ng->v
[2018-11-05 08:50:52]	科学 a->n
[2018-11-05 08:50:52]	可怜 a->v
[2018-11-05 08:50:52]	可惜 a->v
[2018-11-05 08:50:52]	可以 a->v
[2018-11-05 08:50:52]	能 d->v
[2018-11-05 08:50:52]	克 b->vg
[2018-11-05 08:50:52]	客观 a->n
[2018-11-05 08:50:52]	买家 n->nz
[2018-11-05 08:50:52]	肯定 a->v
[2018-11-05 08:50:52]	空 a->v
[2018-11-05 08:50:52]	口 f->n
[2018-11-05 08:50:52]	苦 a->an
[2018-11-05 08:50:52]	苦涩 a->an
[2018-11-05 08:50:52]	苦闷 a->an
[2018-11-05 08:50:52]	迷茫 a->an
[2018-11-05 08:50:52]	苦恼 a->an
[2018-11-05 08:50:52]	迷惘 a->an
[2018-11-05 08:50:52]	夸张 n->vi
[2018-11-05 08:50:52]	跨 ng->v
[2018-11-05 08:50:52]	越 b->d
[2018-11-05 08:50:52]	匡 nr1->vg
[2018-11-05 08:50:52]	捆 ng->v
[2018-11-05 08:50:52]	困惑 a->an
[2018-11-05 08:50:52]	疑惑 an->v
[2018-11-05 08:50:52]	困难 a->an
[2018-11-05 08:50:52]	拉 b->v
[2018-11-05 08:50:52]	腊八粥 n->gms
[2018-11-05 08:50:52]	来 f->vf
[2018-11-05 08:50:52]	天车 n->nz
[2018-11-05 08:50:52]	懈怠 a->an
[2018-11-05 08:50:52]	劳动 vi->vn
[2018-11-05 08:50:52]	坚韧 a->an
[2018-11-05 08:50:52]	铭刻 n->v
[2018-11-05 08:50:52]	铭记 n->v
[2018-11-05 08:50:52]	东家 n->nz
[2018-11-05 08:50:52]	了 ule->y
[2018-11-05 08:50:52]	累 a->v
[2018-11-05 08:50:52]	疲劳 a->an
[2018-11-05 08:50:52]	困倦 a->an
[2018-11-05 08:50:52]	倦怠 a->an
[2018-11-05 08:50:52]	礼貌 a->an
[2018-11-05 08:50:52]	李 ng->nr1
[2018-11-05 08:50:52]	理想 a->n
[2018-11-05 08:50:52]	理性 b->n
[2018-11-05 08:50:52]	连 d->n
[2018-11-05 08:50:52]	盟 n->ng
[2018-11-05 08:50:52]	联系 n->v
[2018-11-05 08:50:52]	练习 n->v
[2018-11-05 08:50:52]	辽 b->tg
[2018-11-05 08:50:52]	劣 a->ag
[2018-11-05 08:50:52]	林 n->ng
[2018-11-05 08:50:52]	小气 a->ad
[2018-11-05 08:50:52]	零售 v->vn
[2018-11-05 08:50:52]	另外 c->rz
[2018-11-05 08:50:52]	小产 v->vi
[2018-11-05 08:50:52]	流行 a->v
[2018-11-05 08:50:52]	柳 n->ng
[2018-11-05 08:50:52]	漏 ng->v
[2018-11-05 08:50:52]	滴 q->v
[2018-11-05 08:50:52]	露 ng->v
[2018-11-05 08:50:52]	旅游 vi->vn
[2018-11-05 08:50:52]	动感 b->n
[2018-11-05 08:50:52]	乱 a->d
[2018-11-05 08:50:52]	轮班 vd->vn
[2018-11-05 08:50:52]	转 ng->v
[2018-11-05 08:50:52]	麻 a->n
[2018-11-05 08:50:52]	麻烦 a->an
[2018-11-05 08:50:52]	烦恼 a->an
[2018-11-05 08:50:52]	马 b->n
[2018-11-05 08:50:52]	馒头 n->gms
[2018-11-05 08:50:52]	满 a->v
[2018-11-05 08:50:52]	满足 a->v
[2018-11-05 08:50:52]	忙 a->v
[2018-11-05 08:50:52]	蒙 b->vi
[2018-11-05 08:50:52]	毛 a->nr1
[2018-11-05 08:50:52]	矛盾 a->an
[2018-11-05 08:50:52]	冒险 vd->vi
[2018-11-05 08:50:52]	贸易 v->vn
[2018-11-05 08:50:52]	没有 d->v
[2018-11-05 08:50:52]	无 d->v
[2018-11-05 08:50:52]	美 a->b
[2018-11-05 08:50:52]	住院 vd->vi
[2018-11-05 08:50:52]	耳语 n->vi
[2018-11-05 08:50:52]	秘密 a->n
[2018-11-05 08:50:52]	机密 a->n
[2018-11-05 08:50:52]	免费 vd->vi
[2018-11-05 08:50:52]	勉强 a->v
[2018-11-05 08:50:52]	民主 a->an
[2018-11-05 08:50:52]	起名 vi->v
[2018-11-05 08:50:52]	模范 a->n
[2018-11-05 08:50:52]	模拟 b->v
[2018-11-05 08:50:52]	磨 n->v
[2018-11-05 08:50:52]	生分 a->ad
[2018-11-05 08:50:52]	墨 b->n
[2018-11-05 08:50:52]	母 b->ng
[2018-11-05 08:50:52]	木 a->ng
[2018-11-05 08:50:52]	捐款 n->vi
[2018-11-05 08:50:52]	拿 p->v
[2018-11-05 08:50:52]	上税 v->vi
[2018-11-05 08:50:52]	委屈 a->v
[2018-11-05 08:50:52]	悲痛 a->an
[2018-11-05 08:50:52]	内蒙古自治区 ns->nz
[2018-11-05 08:50:52]	倪 x->n
[2018-11-05 08:50:52]	拟人 n->nz
[2018-11-05 08:50:52]	年 n->qt
[2018-11-05 08:50:52]	年岁 n->nl
[2018-11-05 08:50:52]	年事 n->nl
[2018-11-05 08:50:52]	凝眸 vd->vi
[2018-11-05 08:50:52]	牛 ag->n
[2018-11-05 08:50:52]	努力 a->an
[2018-11-05 08:50:52]	暖 a->v
[2018-11-05 08:50:52]	温暖 a->an
[2018-11-05 08:50:52]	温热 a->an
[2018-11-05 08:50:52]	和暖 a->an
[2018-11-05 08:50:52]	偶尔 b->d
[2018-11-05 08:50:52]	扑 o->v
[2018-11-05 08:50:52]	攀 b->v
[2018-11-05 08:50:52]	拍 ng->v
[2018-11-05 08:50:52]	排 n->v
[2018-11-05 08:50:52]	排队 n->vi
[2018-11-05 08:50:52]	派出所 n->gms
[2018-11-05 08:50:52]	派遣 v->gms
[2018-11-05 08:50:52]	派出 v->gms
[2018-11-05 08:50:52]	判断 n->v
[2018-11-05 08:50:52]	抛 nr1->v
[2018-11-05 08:50:52]	配套 a->v
[2018-11-05 08:50:52]	烹饪 n->vi
[2018-11-05 08:50:52]	相知 n->v
[2018-11-05 08:50:52]	捧 q->v
[2018-11-05 08:50:52]	批发 v->vn
[2018-11-05 08:50:52]	偏 a->d
[2018-11-05 08:50:52]	单方面 b->n
[2018-11-05 08:50:52]	飘 a->v
[2018-11-05 08:50:52]	撇 q->v
[2018-11-05 08:50:52]	应邀 vd->vi
[2018-11-05 08:50:52]	平 a->v
[2018-11-05 08:50:52]	通常 b->d
[2018-11-05 08:50:52]	破 a->v
[2018-11-05 08:50:52]	铺 n->v
[2018-11-05 08:50:52]	普及 a->v
[2018-11-05 08:50:52]	遍地 vd->vi
[2018-11-05 08:50:52]	限期 n->vi
[2018-11-05 08:50:52]	奇怪 a->v
[2018-11-05 08:50:52]	祷告 v->vn
[2018-11-05 08:50:52]	辗转 vd->vi
[2018-11-05 08:50:52]	蜿蜒 v->z
[2018-11-05 08:50:52]	启示 v->vn
[2018-11-05 08:50:52]	矜持 a->an
[2018-11-05 08:50:52]	署名 n->vi
[2018-11-05 08:50:52]	签名 n->vi
[2018-11-05 08:50:52]	前天 n->t
[2018-11-05 08:50:52]	壮 a->v
[2018-11-05 08:50:52]	争 ng->v
[2018-11-05 08:50:52]	乔木 n->nr
[2018-11-05 08:50:52]	切 ag->v
[2018-11-05 08:50:52]	亲近 a->v
[2018-11-05 08:50:52]	明确 a->v
[2018-11-05 08:50:52]	纯洁 a->v
[2018-11-05 08:50:52]	清明 a->t
[2018-11-05 08:50:52]	晴 an->vi
[2018-11-05 08:50:52]	让 p->v
[2018-11-05 08:50:52]	祝 ng->v
[2018-11-05 08:50:52]	贺 ng->vg
[2018-11-05 08:50:52]	秋 ng->tg
[2018-11-05 08:50:52]	求 ng->v
[2018-11-05 08:50:52]	曲 ag->n
[2018-11-05 08:50:52]	出 q->vf
[2018-11-05 08:50:52]	泉 n->ng
[2018-11-05 08:50:52]	缺 n->v
[2018-11-05 08:50:52]	欠缺 a->vi
[2018-11-05 08:50:52]	火 a->n
[2018-11-05 08:50:52]	夏 ng->tg
[2018-11-05 08:50:52]	热情 a->an
[2018-11-05 08:50:52]	热气球 n->gjtgj
[2018-11-05 08:50:52]	热心 a->v
[2018-11-05 08:50:52]	热忱 a->an
[2018-11-05 08:50:52]	热诚 a->an
[2018-11-05 08:50:52]	委任 n->v
[2018-11-05 08:50:52]	依旧 d->z
[2018-11-05 08:50:52]	照旧 d->v
[2018-11-05 08:50:52]	肉 a->n
[2018-11-05 08:50:52]	肉 a->gms
[2018-11-05 08:50:52]	撒 n->v
[2018-11-05 08:50:52]	塞 b->v
[2018-11-05 08:50:52]	堵 a->v
[2018-11-05 08:50:52]	信步 vd->vi
[2018-11-05 08:50:52]	土 a->n
[2018-11-05 08:50:52]	上 b->f
[2018-11-05 08:50:52]	设计 n->v
[2018-11-05 08:50:52]	摄像 n->vi
[2018-11-05 08:50:52]	申请 n->v
[2018-11-05 08:50:52]	全身 b->n
[2018-11-05 08:50:52]	体 k->ng
[2018-11-05 08:50:52]	身段 n->nz
[2018-11-05 08:50:52]	深入 a->v
[2018-11-05 08:50:52]	深度 ad->n
[2018-11-05 08:50:52]	神气 a->n
[2018-11-05 08:50:52]	升 q->v
[2018-11-05 08:50:52]	增值 n->vi
[2018-11-05 08:50:52]	生 a->v
[2018-11-05 08:50:52]	生产 n->v
[2018-11-05 08:50:52]	出产 n->v
[2018-11-05 08:50:52]	生活 vi->vn
[2018-11-05 08:50:52]	胜利 ad->vi
[2018-11-05 08:50:52]	失落 a->v
[2018-11-05 08:50:52]	狮 n->ng
[2018-11-05 08:50:52]	滋润 a->v
[2018-11-05 08:50:52]	温润 a->an
[2018-11-05 08:50:52]	石 b->ng
[2018-11-05 08:50:52]	时刻 d->n
[2018-11-05 08:50:52]	实践 n->v
[2018-11-05 08:50:52]	实质 a->n
[2018-11-05 08:50:52]	示范 vi->vn
[2018-11-05 08:50:52]	凡间 s->n
[2018-11-05 08:50:52]	是 ng->vshi
[2018-11-05 08:50:52]	便是 v->vd
[2018-11-05 08:50:52]	是否 d->v
[2018-11-05 08:50:52]	释迦牟尼 n->nrf
[2018-11-05 08:50:52]	收条 n->nz
[2018-11-05 08:50:52]	手 k->n
[2018-11-05 08:50:52]	手工 d->n
[2018-11-05 08:50:52]	守法 vd->vi
[2018-11-05 08:50:52]	首创 nz->v
[2018-11-05 08:50:52]	首先 c->d
[2018-11-05 08:50:52]	初 d->f
[2018-11-05 08:50:52]	最初 b->d
[2018-11-05 08:50:52]	禁不起 v->vd
[2018-11-05 08:50:52]	本 d->rz
[2018-11-05 08:50:52]	册 ng->q
[2018-11-05 08:50:52]	书册 n->nl
[2018-11-05 08:50:52]	疏松 a->vn
[2018-11-05 08:50:52]	熟悉 a->v
[2018-11-05 08:50:52]	属实 a->v
[2018-11-05 08:50:52]	鼠 n->ng
[2018-11-05 08:50:52]	竖 n->v
[2018-11-05 08:50:52]	刷 o->v
[2018-11-05 08:50:52]	帅 ng->nr1
[2018-11-05 08:50:52]	水笔 n->nz
[2018-11-05 08:50:52]	说 ng->v
[2018-11-05 08:50:52]	讲 ng->v
[2018-11-05 08:50:52]	司 n->ng
[2018-11-05 08:50:52]	松 a->v
[2018-11-05 08:50:52]	松懈 a->v
[2018-11-05 08:50:52]	宋 nr1->tg
[2018-11-05 08:50:52]	孙 n->nr1
[2018-11-05 08:50:52]	孙子 n->nr
[2018-11-05 08:50:52]	锁 n->v
[2018-11-05 08:50:52]	塔 b->n
[2018-11-05 08:50:52]	贪吃 an->v
[2018-11-05 08:50:52]	贪心 a->v
[2018-11-05 08:50:52]	弹 ng->v
[2018-11-05 08:50:52]	烫 a->v
[2018-11-05 08:50:52]	特别 a->d
[2018-11-05 08:50:52]	希罕 a->v
[2018-11-05 08:50:52]	疼痛 a->an
[2018-11-05 08:50:52]	挑剔 a->v
[2018-11-05 08:50:52]	提成 n->vi
[2018-11-05 08:50:52]	提议 n->v
[2018-11-05 08:50:52]	田野 n->nr
[2018-11-05 08:50:52]	唐 b->tg
[2018-11-05 08:50:52]	甘甜 a->an
[2018-11-05 08:50:52]	担 ng->v
[2018-11-05 08:50:52]	调控 v->vn
[2018-11-05 08:50:52]	跳 q->vi
[2018-11-05 08:50:52]	跳水 vi->vn
[2018-11-05 08:50:52]	跳远 vi->vn
[2018-11-05 08:50:52]	听 q->v
[2018-11-05 08:50:52]	通信 vi->vn
[2018-11-05 08:50:52]	同时 c->n
[2018-11-05 08:50:52]	同期 d->f
[2018-11-05 08:50:52]	统一 a->v
[2018-11-05 08:50:52]	痛苦 a->an
[2018-11-05 08:50:52]	头 k->n
[2018-11-05 08:50:52]	投资 n->v
[2018-11-05 08:50:52]	投入 a->v
[2018-11-05 08:50:52]	突出 a->v
[2018-11-05 08:50:52]	团结 a->v
[2018-11-05 08:50:52]	托 ng->v
[2018-11-05 08:50:52]	歪 a->v
[2018-11-05 08:50:52]	倾斜 vd->vi
[2018-11-05 08:50:52]	斜 a->v
[2018-11-05 08:50:52]	弯 a->v
[2018-11-05 08:50:52]	完善 a->v
[2018-11-05 08:50:52]	玩 ng->v
[2018-11-05 08:50:52]	夜晚 n->t
[2018-11-05 08:50:52]	夜间 f->t
[2018-11-05 08:50:52]	万 d->m
[2018-11-05 08:50:52]	万一 c->d
[2018-11-05 08:50:52]	联网 vd->vi
[2018-11-05 08:50:52]	望 ng->v
[2018-11-05 08:50:52]	无益 a->vi
[2018-11-05 08:50:52]	危险 a->an
[2018-11-05 08:50:52]	威风 a->an
[2018-11-05 08:50:52]	霸气 an->n
[2018-11-05 08:50:52]	微 a->nz
[2018-11-05 08:50:52]	违法 vd->vi
[2018-11-05 08:50:52]	相反 d->vi
[2018-11-05 08:50:52]	浩瀚 a->z
[2018-11-05 08:50:52]	卫生 a->an
[2018-11-05 08:50:52]	位 ng->q
[2018-11-05 08:50:52]	喂 e->v
[2018-11-05 08:50:52]	问候 v->vn
[2018-11-05 08:50:52]	温和 a->nr
[2018-11-05 08:50:52]	刻薄 a->an
[2018-11-05 08:50:52]	文明 a->n
[2018-11-05 08:50:52]	闻 ng->v
[2018-11-05 08:50:52]	问 ng->v
[2018-11-05 08:50:52]	咨询 v->vn
[2018-11-05 08:50:52]	无轨电车 nl->gjtgj
[2018-11-05 08:50:52]	无限 a->vi
[2018-11-05 08:50:52]	无穷 d->z
[2018-11-05 08:50:52]	时价 n->nl
[2018-11-05 08:50:52]	东西 f->n
[2018-11-05 08:50:52]	误工 vi->vn
[2018-11-05 08:50:52]	西 b->f
[2018-11-05 08:50:52]	希望 n->v
[2018-11-05 08:50:52]	就义 vi->v
[2018-11-05 08:50:52]	舍身 d->v
[2018-11-05 08:50:52]	习 ng->vg
[2018-11-05 08:50:52]	系统 a->n
[2018-11-05 08:50:52]	地 n->nz
[2018-11-05 08:50:52]	先后 d->ad
[2018-11-05 08:50:52]	娇艳 a->an
[2018-11-05 08:50:52]	现代 n->t
[2018-11-05 08:50:52]	现实 a->n
[2018-11-05 08:50:52]	相当 d->vi
[2018-11-05 08:50:52]	等同 vd->vi
[2018-11-05 08:50:52]	同样 b->d
[2018-11-05 08:50:52]	香 a->n
[2018-11-05 08:50:52]	想像 v->vd
[2018-11-05 08:50:52]	向 dg->p
[2018-11-05 08:50:52]	朝 b->p
[2018-11-05 08:50:52]	象 n->ng
[2018-11-05 08:50:52]	像 d->v
[2018-11-05 08:50:52]	仿佛 d->v
[2018-11-05 08:50:52]	似 d->vg
[2018-11-05 08:50:52]	飘逸 a->v
[2018-11-05 08:50:52]	童 b->ng
[2018-11-05 08:50:52]	小寒 t->nz
[2018-11-05 08:50:52]	小满 t->nz
[2018-11-05 08:50:52]	小雪 n->nr
[2018-11-05 08:50:52]	艰辛 a->an
[2018-11-05 08:50:52]	辛酸 a->an
[2018-11-05 08:50:52]	新词 n->nl
[2018-11-05 08:50:52]	信 ag->n
[2018-11-05 08:50:52]	信用 a->n
[2018-11-05 08:50:52]	兴奋 a->v
[2018-11-05 08:50:52]	成 a->v
[2018-11-05 08:50:52]	形象 a->n
[2018-11-05 08:50:52]	醒 ng->v
[2018-11-05 08:50:52]	幸福 a->happ
[2018-11-05 08:50:52]	性 k->ng
[2018-11-05 08:50:52]	姓 n->v
[2018-11-05 08:50:52]	名 ag->q
[2018-11-05 08:50:52]	邪恶 a->an
[2018-11-05 08:50:52]	胸 n->ng
[2018-11-05 08:50:52]	公 ad->ng
[2018-11-05 08:50:52]	休假 n->vi
[2018-11-05 08:50:52]	虚伪 a->an
[2018-11-05 08:50:52]	徐 ag->nr1
[2018-11-05 08:50:52]	许 dg->m
[2018-11-05 08:50:52]	学龄 b->n
[2018-11-05 08:50:52]	压抑 a->v
[2018-11-05 08:50:52]	鸭 n->ng
[2018-11-05 08:50:52]	延长 ns->v
[2018-11-05 08:50:52]	延期 vd->vi
[2018-11-05 08:50:52]	缓期 vd->vi
[2018-11-05 08:50:52]	严正 a->nr
[2018-11-05 08:50:52]	高温 an->n
[2018-11-05 08:50:52]	火热 a->z
[2018-11-05 08:50:52]	研究 n->v
[2018-11-05 08:50:52]	演习 v->vn
[2018-11-05 08:50:52]	杨 ng->nr1
[2018-11-05 08:50:52]	阳性 b->n
[2018-11-05 08:50:52]	仰泳 vi->vn
[2018-11-05 08:50:52]	也 b->d
[2018-11-05 08:50:52]	进行 vn->vx
[2018-11-05 08:50:52]	布 b->n
[2018-11-05 08:50:52]	穿戴 n->v
[2018-11-05 08:50:52]	依靠 n->v
[2018-11-05 08:50:52]	移动 v->vn
[2018-11-05 08:50:52]	遗传 n->vn
[2018-11-05 08:50:52]	遗憾 a->sorr
[2018-11-05 08:50:52]	遗存 vi->vn
[2018-11-05 08:50:52]	往时 t->tg
[2018-11-05 08:50:52]	义务 d->n
[2018-11-05 08:50:52]	艺术 a->n
[2018-11-05 08:50:52]	意旨 n->nl
[2018-11-05 08:50:52]	因为 c->p
[2018-11-05 08:50:52]	由于 c->p
[2018-11-05 08:50:52]	银 b->ng
[2018-11-05 08:50:52]	引 ng->v
[2018-11-05 08:50:52]	隐蔽 a->v
[2018-11-05 08:50:52]	隐秘 a->n
[2018-11-05 08:50:52]	印染 v->vn
[2018-11-05 08:50:52]	印 b->v
[2018-11-05 08:50:52]	图章 n->nz
[2018-11-05 08:50:52]	应当 d->v
[2018-11-05 08:50:52]	俊杰 n->nr
[2018-11-05 08:50:52]	影响 n->v
[2018-11-05 08:50:52]	拥挤 a->vi
[2018-11-05 08:50:52]	勇于 d->v
[2018-11-05 08:50:52]	骁勇 a->an
[2018-11-05 08:50:52]	用 ng->p
[2018-11-05 08:50:52]	以 b->p
[2018-11-05 08:50:52]	优胜 a->vi
[2018-11-05 08:50:52]	优先 ad->v
[2018-11-05 08:50:52]	悠远 an->z
[2018-11-05 08:50:52]	油条 n->gms
[2018-11-05 08:50:52]	友善 a->nr
[2018-11-05 08:50:52]	又 c->d
[2018-11-05 08:50:52]	右 a->f
[2018-11-05 08:50:52]	于 ng->p
[2018-11-05 08:50:52]	初赛 n->vi
[2018-11-05 08:50:52]	预言 n->v
[2018-11-05 08:50:52]	冤枉 a->v
[2018-11-05 08:50:52]	原来 b->d
[2018-11-05 08:50:52]	原本 d->n
[2018-11-05 08:50:52]	原则 d->n
[2018-11-05 08:50:52]	圆 a->vg
[2018-11-05 08:50:52]	约会 n->vi
[2018-11-05 08:50:52]	局限 n->vi
[2018-11-05 08:50:52]	云 b->n
[2018-11-05 08:50:52]	正好 z->tg
[2018-11-05 08:50:52]	在 d->p
[2018-11-05 08:50:52]	当 ng->p
[2018-11-05 08:50:52]	暂时 b->d
[2018-11-05 08:50:52]	眼前 s->t
[2018-11-05 08:50:52]	负债 n->vi
[2018-11-05 08:50:52]	站 n->vi
[2018-11-05 08:50:52]	把握 n->v
[2018-11-05 08:50:52]	左右 f->m
[2018-11-05 08:50:52]	折价 vd->vi
[2018-11-05 08:50:52]	真 a->d
[2018-11-05 08:50:52]	实际 a->n
[2018-11-05 08:50:52]	真心 ad->n
[2018-11-05 08:50:52]	衷心 b->d
[2018-11-05 08:50:52]	振动 vi->vn
[2018-11-05 08:50:52]	颠簸 vd->vi
[2018-11-05 08:50:52]	振荡 vi->vn
[2018-11-05 08:50:52]	争议 n->vn
[2018-11-05 08:50:52]	整体 m->n
[2018-11-05 08:50:52]	正 a->d
[2018-11-05 08:50:52]	正面 a->n
[2018-11-05 08:50:52]	正理 n->nl
[2018-11-05 08:50:52]	证明 n->v
[2018-11-05 08:50:52]	对证 vn->n
[2018-11-05 08:50:52]	对照 p->v
[2018-11-05 08:50:52]	说明 n->v
[2018-11-05 08:50:52]	消费 n->vn
[2018-11-05 08:50:52]	明白 a->v
[2018-11-05 08:50:52]	了然 a->v
[2018-11-05 08:50:52]	知 ag->v
[2018-11-05 08:50:52]	直 a->d
[2018-11-05 08:50:52]	直线 d->n
[2018-11-05 08:50:52]	张 ng->q
[2018-11-05 08:50:52]	指挥 n->v
[2018-11-05 08:50:52]	指导 n->v
[2018-11-05 08:50:52]	中档 b->nl
[2018-11-05 08:50:52]	中国 ns->nz
[2018-11-05 08:50:52]	华夏 n->nz
[2018-11-05 08:50:52]	中央 f->n
[2018-11-05 08:50:52]	忠诚 a->v
[2018-11-05 08:50:52]	种 ng->v
[2018-11-05 08:50:52]	重 a->v
[2018-11-05 08:50:52]	关键 a->n
[2018-11-05 08:50:52]	重视 a->v
[2018-11-05 08:50:52]	周 ag->nr1
[2018-11-05 08:50:52]	昼夜 d->n
[2018-11-05 08:50:52]	皱 n->v
[2018-11-05 08:50:52]	朱 ag->nr1
[2018-11-05 08:50:52]	竹 n->ng
[2018-11-05 08:50:52]	主观 a->n
[2018-11-05 08:50:52]	主演 n->v
[2018-11-05 08:50:52]	助理 b->n
[2018-11-05 08:50:52]	大名鼎鼎 al->vl
[2018-11-05 08:50:52]	专门 b->d
[2018-11-05 08:50:52]	专注 a->vi
[2018-11-05 08:50:52]	埋头 vd->vi
[2018-11-05 08:50:52]	专业 a->n
[2018-11-05 08:50:52]	拐弯 n->vi
[2018-11-05 08:50:52]	华美 a->nz
[2018-11-05 08:50:52]	台 b->n
[2018-11-05 08:50:52]	我方 r->n
[2018-11-05 08:50:52]	自强 vd->vi
[2018-11-05 08:50:52]	自主 vd->vi
[2018-11-05 08:50:52]	自然 a->n
[2018-11-05 08:50:52]	自信 a->v
[2018-11-05 08:50:52]	自修 v->vl
[2018-11-05 08:50:52]	综合 a->vn
[2018-11-05 08:50:52]	总结 n->v
[2018-11-05 08:50:52]	纵横 n->v
[2018-11-05 08:50:52]	走私 b->v
[2018-11-05 08:50:52]	构成 n->v
[2018-11-05 08:50:52]	太 a->d
[2018-11-05 08:50:52]	到底 d->vi
[2018-11-05 08:50:52]	孝顺 a->v
[2018-11-05 08:50:52]	遵照 p->v
[2018-11-05 08:50:52]	作 ng->v
[2018-11-05 08:50:52]	零 a->m
[2018-11-05 08:50:52]	一 d->m
[2018-11-05 08:50:52]	九 b->m
[2018-11-05 08:50:52]	低价 ad->n
[2018-11-05 08:50:52]	火车站 n->gjtgj
[2018-11-05 08:50:52]	小时候 n->t
[2018-11-05 08:50:52]	综合性 b->n
[2018-11-05 08:50:52]	高价 d->n
[2018-11-05 08:50:52]	中考 n->v
[2018-11-05 08:50:52]	无效 a->vi
[2018-11-05 08:50:52]	爱人 n->nz
[2018-11-05 08:50:52]	把手 n->nz
[2018-11-05 08:50:52]	人为 b->d
[2018-11-05 08:50:52]	靠山 n->nz
[2018-11-05 08:50:52]	他人 rr->r
[2018-11-05 08:50:52]	不结盟 vi->vn
[2018-11-05 08:50:52]	不是 c->n
[2018-11-05 08:50:52]	不行 a->v
[2018-11-05 08:50:52]	不能 v->vi
[2018-11-05 08:50:52]	不会 v->vi
[2018-11-05 08:50:52]	车号 n->nz
[2018-11-05 08:50:52]	同党 n->nz
[2018-11-05 08:50:52]	上流 b->n
[2018-11-05 08:50:52]	出血 vi->v
[2018-11-05 08:50:52]	打的 v->vi
[2018-11-05 08:50:52]	除法 n->nz
[2018-11-05 08:50:52]	从中 d->n
[2018-11-05 08:50:52]	从宽 d->v
[2018-11-05 08:50:52]	从重 d->v
[2018-11-05 08:50:52]	搭建 v->vd
[2018-11-05 08:50:52]	各人 rr->r
[2018-11-05 08:50:52]	中选 vi->v
[2018-11-05 08:50:52]	各处 rzs->r
[2018-11-05 08:50:52]	四处 d->vi
[2018-11-05 08:50:52]	大路 n->nz
[2018-11-05 08:50:52]	拨打 v->vd
[2018-11-05 08:50:52]	大跌 v->vn
[2018-11-05 08:50:52]	会话 v->vn
[2018-11-05 08:50:52]	对应 vi->v
[2018-11-05 08:50:52]	有余 m->v
[2018-11-05 08:50:52]	要领 n->nz
[2018-11-05 08:50:52]	下学 v->vd
[2018-11-05 08:50:52]	分号 n->nz
[2018-11-05 08:50:52]	不合 v->n
[2018-11-05 08:50:52]	高等 b->a
[2018-11-05 08:50:52]	老大 a->n
[2018-11-05 08:50:52]	还给 v->vd
[2018-11-05 08:50:52]	对等 vi->vn
[2018-11-05 08:50:52]	有心 v->vd
[2018-11-05 08:50:52]	说法 n->nz
[2018-11-05 08:50:52]	真的 a->d
[2018-11-05 08:50:52]	大喊 v->vd
[2018-11-05 08:50:52]	后天 n->t
[2018-11-05 08:50:52]	回家 vi->v
[2018-11-05 08:50:52]	总会 d->n
[2018-11-05 08:50:52]	好多 m->a
[2018-11-05 08:50:52]	才能 n->v
[2018-11-05 08:50:52]	大奖 n->nz
[2018-11-05 08:50:52]	自大 a->an
[2018-11-05 08:50:52]	无礼 a->ad
[2018-11-05 08:50:52]	自得 an->a
[2018-11-05 08:50:52]	开关 n->v
[2018-11-05 08:50:52]	看不起 v->vn
[2018-11-05 08:50:52]	看得起 v->vn
[2018-11-05 08:50:52]	完了 vi->n
[2018-11-05 08:50:52]	理事 n->nz
[2018-11-05 08:50:52]	一口气 d->n
[2018-11-05 08:50:52]	本心 n->nl
[2018-11-05 08:50:52]	论说 vn->vl
[2018-11-05 08:50:52]	中意 a->n
[2018-11-05 08:50:52]	没用 a->v
[2018-11-05 08:50:52]	天天 d->q
[2018-11-05 08:50:52]	秒钟 n->q
[2018-11-05 08:50:52]	他俩 r->n
[2018-11-05 08:50:52]	年间 f->n
[2018-11-05 08:50:52]	江米 n->nz
[2018-11-05 08:50:52]	省钱 a->v
[2018-11-05 08:50:52]	早起 vi->v
[2018-11-05 08:50:52]	开车 vi->v
[2018-11-05 08:50:52]	千米 q->qv
[2018-11-05 08:50:52]	签定 v->vn
[2018-11-05 08:50:52]	好天 n->nz
[2018-11-05 08:50:52]	日食 n->nz
[2018-11-05 08:50:52]	火烧 n->v
[2018-11-05 08:50:52]	就是 c->n
[2018-11-05 08:50:52]	是不是 v->vd
[2018-11-05 08:50:52]	手指 n->nz
[2018-11-05 08:50:52]	国都 d->n
[2018-11-05 08:50:52]	得手 a->v
[2018-11-05 08:50:52]	大小 n->nz
[2018-11-05 08:50:52]	了得 a->ad
[2018-11-05 08:50:52]	脱钩 vi->v
[2018-11-05 08:50:52]	问号 n->nz
[2018-11-05 08:50:52]	西藏自治区 ns->nz
[2018-11-05 08:50:52]	小便 v->vi
[2018-11-05 08:50:52]	好在 d->v
[2018-11-05 08:50:52]	双眼 n->nz
[2018-11-05 08:50:52]	一角 n->v
[2018-11-05 08:50:52]	一元 b->nz
[2018-11-05 08:50:52]	引号 n->nz
[2018-11-05 08:50:52]	有用 a->n
[2018-11-05 08:50:52]	像片 n->nz
[2018-11-05 08:50:52]	争抢 v->vd
[2018-11-05 08:50:52]	小我 n->nz
[2018-11-05 08:50:52]	文字 n->nz
[2018-11-05 08:50:52]	不好 a->n
[2018-11-05 08:50:52]	下雨 vi->v
[2018-11-05 08:50:52]	多功能 b->n
[2018-11-05 08:50:52]	从未 d->n
[2018-11-05 08:50:52]	南北 f->n
[2018-11-05 08:50:52]	从不 d->n
[2018-11-05 08:50:52]	干什么 r->v
[2018-11-05 08:50:52]	不准 v->n
[2018-11-05 08:50:52]	开门 vd->n
[2018-11-05 08:50:52]	睡着 v->vd
[2018-11-05 08:50:52]	呼吸 v->vi
[2018-11-05 08:50:52]	第 m->vshi
[2018-11-05 08:50:52]	第 m->vyou
[2018-11-05 08:50:52]	第 m->vf
[2018-11-05 08:50:52]	第 m->vx
[2018-11-05 08:50:52]	第 m->vi
[2018-11-05 08:50:52]	第 m->vl
[2018-11-05 08:50:52]	第 m->vg
[2018-11-05 08:50:52]	第 m->ad
[2018-11-05 08:50:52]	第 m->an
[2018-11-05 08:50:52]	第 m->ag
[2018-11-05 08:50:52]	第 m->al
[2018-11-05 08:50:52]	第 m->bl
[2018-11-05 08:50:52]	第 m->nz
[2018-11-05 08:50:52]	长达 v->vl
[2018-11-05 08:50:52]	首次 m->n
[2018-11-05 08:50:52]	日间 t->nl
