[2018-11-01 08:40:58]	爱 b->v
[2018-11-01 08:40:58]	安 ag->v
[2018-11-01 08:40:58]	安定 a->an
[2018-11-01 08:40:58]	本分 a->n
[2018-11-01 08:40:58]	宁静 a->an
[2018-11-01 08:40:58]	安宁 a->an
[2018-11-01 08:40:58]	安谧 a->an
[2018-11-01 08:40:58]	和缓 a->ad
[2018-11-01 08:40:58]	太平 a->ns
[2018-11-01 08:40:58]	安全 a->an
[2018-11-01 08:40:58]	安慰 a->v
[2018-11-01 08:40:58]	按时 d->ad
[2018-11-01 08:40:58]	昂首 vd->vi
[2018-11-01 08:40:58]	昂扬 a->v
[2018-11-01 08:40:58]	后悔 a->v
[2018-11-01 08:40:58]	八宝粥 n->gms
[2018-11-01 08:40:58]	把 m->v
[2018-11-01 08:40:58]	百合 n->nr
[2018-11-01 08:40:58]	绊 ng->v
[2018-11-01 08:40:58]	棒 a->ng
[2018-11-01 08:40:58]	包 n->v
[2018-11-01 08:40:58]	折 ng->vi
[2018-11-01 08:40:58]	叠 q->v
[2018-11-01 08:40:58]	包子 n->gms
[2018-11-01 08:40:58]	保安 b->n
[2018-11-01 08:40:58]	保障 n->v
[2018-11-01 08:40:58]	保健 b->n
[2018-11-01 08:40:58]	封闭 a->v
[2018-11-01 08:40:58]	保险 a->n
[2018-11-01 08:40:58]	保证 n->v
[2018-11-01 08:40:58]	不好意思 a->vl
[2018-11-01 08:40:58]	背 a->v
[2018-11-01 08:40:58]	被 d->pbei
[2018-11-01 08:40:58]	必然 b->n
[2018-11-01 08:40:58]	一定 b->d
[2018-11-01 08:40:58]	边 b->n
[2018-11-01 08:40:58]	边缘 b->n
[2018-11-01 08:40:58]	边防 b->n
[2018-11-01 08:40:58]	边陲 n->s
[2018-11-01 08:40:58]	变化 v->vn
[2018-11-01 08:40:58]	标准 a->n
[2018-11-01 08:40:58]	规范 a->v
[2018-11-01 08:40:58]	飞跃 vi->vn
[2018-11-01 08:40:58]	口头 d->n
[2018-11-01 08:40:58]	表现 n->v
[2018-11-01 08:40:58]	别名 n->nz
[2018-11-01 08:40:58]	做作 a->v
[2018-11-01 08:40:58]	拨 q->v
[2018-11-01 08:40:58]	奔腾 nz->vi
[2018-11-01 08:40:58]	盘剥 v->vn
[2018-11-01 08:40:58]	补偿 v->vn
[2018-11-01 08:40:58]	甭 d->v
[2018-11-01 08:40:58]	不安 a->an
[2018-11-01 08:40:58]	焦虑 a->an
[2018-11-01 08:40:58]	恐慌 a->an
[2018-11-01 08:40:58]	不满 a->an
[2018-11-01 08:40:58]	例外 n->vi
[2018-11-01 08:40:58]	不幸 a->n
[2018-11-01 08:40:58]	部分 m->n
[2018-11-01 08:40:58]	华 ag->b
[2018-11-01 08:40:58]	愧疚 a->an
[2018-11-01 08:40:58]	辉煌 a->an
[2018-11-01 08:40:58]	绚烂 a->an
[2018-11-01 08:40:58]	仓储 n->vn
[2018-11-01 08:40:58]	费心 a->v
[2018-11-01 08:40:58]	迥异 a->z
[2018-11-01 08:40:58]	叶 n->ng
[2018-11-01 08:40:58]	拆解 v->vn
[2018-11-01 08:40:58]	知了 n->nz
[2018-11-01 08:40:58]	长春 ns->nz
[2018-11-01 08:40:58]	经常 b->d
[2018-11-01 08:40:58]	超 h->v
[2018-11-01 08:40:58]	超产 v->vn
[2018-11-01 08:40:58]	超支 n->v
[2018-11-01 08:40:58]	车次 n->nz
[2018-11-01 08:40:58]	沉淀 n->vi
[2018-11-01 08:40:58]	尽职 vd->vi
[2018-11-01 08:40:58]	诚心 a->n
[2018-11-01 08:40:58]	党羽 n->nz
[2018-11-01 08:40:58]	冲突 vi->vn
[2018-11-01 08:40:58]	倾心 ad->vi
[2018-11-01 08:40:58]	喜好 an->v
[2018-11-01 08:40:58]	空洞 a->n
[2018-11-01 08:40:58]	抽样 vd->vi
[2018-11-01 08:40:58]	臭豆腐 n->gms
[2018-11-01 08:40:58]	出口 n->vi
[2018-11-01 08:40:58]	肇事 vi->vn
[2018-11-01 08:40:58]	出租 n->v
[2018-11-01 08:40:58]	先期 b->d
[2018-11-01 08:40:58]	除外 vi->v
[2018-11-01 08:40:58]	装 n->v
[2018-11-01 08:40:58]	传统 a->n
[2018-11-01 08:40:58]	船 n->gjtgj
[2018-11-01 08:40:58]	轮船 n->gjtgj
[2018-11-01 08:40:58]	船舶 n->gjtgj
[2018-11-01 08:40:58]	春分 t->n
[2018-11-01 08:40:58]	刺 n->v
[2018-11-01 08:40:58]	睿智 a->an
[2018-11-01 08:40:58]	智慧 a->n
[2018-11-01 08:40:58]	从 d->p
[2018-11-01 08:40:58]	自 d->p
[2018-11-01 08:40:58]	粗心 a->an
[2018-11-01 08:40:58]	大意 a->n
[2018-11-01 08:40:58]	酸 a->n
[2018-11-01 08:40:58]	摩擦 v->vn
[2018-11-01 08:40:58]	坎坷 a->an
[2018-11-01 08:40:58]	错误 a->n
[2018-11-01 08:40:58]	达标 vd->vi
[2018-11-01 08:40:58]	答复 n->v
[2018-11-01 08:40:58]	打 p->v
[2018-11-01 08:40:58]	狩猎 n->vi
[2018-11-01 08:40:58]	打算 n->v
[2018-11-01 08:40:58]	大寒 t->nz
[2018-11-01 08:40:58]	大家 n->rr
[2018-11-01 08:40:58]	大料 n->nz
[2018-11-01 08:40:58]	大致 b->d
[2018-11-01 08:40:58]	呆 a->v
[2018-11-01 08:40:58]	代办 n->v
[2018-11-01 08:40:58]	代理 n->v
[2018-11-01 08:40:58]	带 n->v
[2018-11-01 08:40:58]	带子 n->v
[2018-11-01 08:40:58]	条 ng->q
[2018-11-01 08:40:58]	戴 nr1->v
[2018-11-01 08:40:58]	单 b->d
[2018-11-01 08:40:58]	单独 b->d
[2018-11-01 08:40:58]	当面 d->n
[2018-11-01 08:40:58]	那天 r->t
[2018-11-01 08:40:58]	挡 n->v
[2018-11-01 08:40:58]	的 n->ude1
[2018-11-01 08:40:58]	得 ude3->v
[2018-11-01 08:40:58]	到 p->v
[2018-11-01 08:40:58]	倒 d->vi
[2018-11-01 08:40:58]	偷 d->v
[2018-11-01 08:40:58]	道德 a->n
[2018-11-01 08:40:58]	道教 n->nz
[2018-11-01 08:40:58]	上岸 vi->v
[2018-11-01 08:40:58]	等 n->v
[2018-11-01 08:40:58]	地铁 n->gjtgj
[2018-11-01 08:40:58]	光 a->n
[2018-11-01 08:40:58]	光辉 a->n
[2018-11-01 08:40:58]	顶 f->v
[2018-11-01 08:40:58]	定额 d->n
[2018-11-01 08:40:58]	定期 b->d
[2018-11-01 08:40:58]	东 b->f
[2018-11-01 08:40:58]	东乡族 ns->nz
[2018-11-01 08:40:58]	全部 m->ad
[2018-11-01 08:40:58]	斗争 vi->vn
[2018-11-01 08:40:58]	独立 a->v
[2018-11-01 08:40:58]	自力 n->nr
[2018-11-01 08:40:58]	渡 ng->v
[2018-11-01 08:40:58]	端 ng->v
[2018-11-01 08:40:58]	端正 a->v
[2018-11-01 08:40:58]	断 d->v
[2018-11-01 08:40:58]	对仗 n->nz
[2018-11-01 08:40:58]	多 a->m
[2018-11-01 08:40:58]	饿 a->v
[2018-11-01 08:40:58]	发 ng->v
[2018-11-01 08:40:58]	带头 vd->vi
[2018-11-01 08:40:58]	发糕 n->gms
[2018-11-01 08:40:58]	施展 nr->v
[2018-11-01 08:40:58]	发烧 b->vi
[2018-11-01 08:40:58]	无力 a->vi
[2018-11-01 08:40:58]	法 b->n
[2018-11-01 08:40:58]	庭审 n->v
[2018-11-01 08:40:58]	帆船 n->gjtgj
[2018-11-01 08:40:58]	繁荣 a->an
[2018-11-01 08:40:58]	重复 a->v
[2018-11-01 08:40:58]	来回 d->vi
[2018-11-01 08:40:58]	反面 b->n
[2018-11-01 08:40:58]	反应 n->vi
[2018-11-01 08:40:58]	犯罪 vi->vn
[2018-11-01 08:40:58]	范 ng->nr1
[2018-11-01 08:40:58]	方 a->d
[2018-11-01 08:40:58]	方便面 n->gms
[2018-11-01 08:40:58]	防汛 vi->vn
[2018-11-01 08:40:58]	飞机 n->gjtgj
[2018-11-01 08:40:58]	肥 a->n
[2018-11-01 08:40:58]	分布 vd->vi
[2018-11-01 08:40:58]	分离 vd->vi
[2018-11-01 08:40:58]	分米 q->qt
[2018-11-01 08:40:58]	生气 a->n
[2018-11-01 08:40:58]	风光 a->n
[2018-11-01 08:40:58]	封 ng->v
[2018-11-01 08:40:58]	冯 m->nr1
[2018-11-01 08:40:58]	抚恤 vi->vn
[2018-11-01 08:40:58]	远望 nz->v
[2018-11-01 08:40:58]	腐败 a->an
[2018-11-01 08:40:58]	负责 a->v
[2018-11-01 08:40:58]	中兴 ns->nz
[2018-11-01 08:40:58]	副词 n->nz
[2018-11-01 08:40:58]	付 q->v
[2018-11-01 08:40:58]	次要 b->bl
[2018-11-01 08:40:58]	富 a->vg
[2018-11-01 08:40:58]	富有 a->v
[2018-11-01 08:40:58]	富余 a->vn
[2018-11-01 08:40:58]	盖 d->v
[2018-11-01 08:40:58]	扣 ng->v
[2018-11-01 08:40:58]	干 a->v
[2018-11-01 08:40:58]	甘 ad->ag
[2018-11-01 08:40:58]	感动 a->v
[2018-11-01 08:40:58]	感冒 n->vi
[2018-11-01 08:40:58]	不久 d->m
[2018-11-01 08:40:58]	方才 d->nr
[2018-11-01 08:40:58]	高贵 a->nr
[2018-11-01 08:40:58]	年老 a->vi
[2018-11-01 08:40:58]	革命 a->vn
[2018-11-01 08:40:58]	解 ng->v
[2018-11-01 08:40:58]	根据 n->p
[2018-11-01 08:40:58]	据 ng->p
[2018-11-01 08:40:58]	跟随 p->v
[2018-11-01 08:40:58]	随着 d->p
[2018-11-01 08:40:58]	更年期 n->t
[2018-11-01 08:40:58]	工作 n->vn
[2018-11-01 08:40:58]	公开 a->v
[2018-11-01 08:40:58]	巩固 a->v
[2018-11-01 08:40:58]	共产党 n->nz
[2018-11-01 08:40:58]	奉献 n->v
[2018-11-01 08:40:58]	够 a->v
[2018-11-01 08:40:58]	孤立 a->v
[2018-11-01 08:40:58]	孤僻 a->an
[2018-11-01 08:40:58]	鼓 a->v
[2018-11-01 08:40:58]	彭 m->nr1
[2018-11-01 08:40:58]	鼓舞 a->v
[2018-11-01 08:40:58]	固定 a->v
[2018-11-01 08:40:58]	稳定 a->an
[2018-11-01 08:40:58]	传奇 a->n
[2018-11-01 08:40:58]	故意 b->d
[2018-11-01 08:40:58]	有意 d->vi
[2018-11-01 08:40:58]	成心 d->v
[2018-11-01 08:40:58]	顾 ng->v
[2018-11-01 08:40:58]	挂 q->v
[2018-11-01 08:40:58]	关切 a->v
[2018-11-01 08:40:58]	论断 n->vn
[2018-11-01 08:40:58]	臣 n->ng
[2018-11-01 08:40:58]	管理 v->vn
[2018-11-01 08:40:58]	管制 v->vn
[2018-11-01 08:40:58]	光明 a->n
[2018-11-01 08:40:58]	亮 a->vi
[2018-11-01 08:40:58]	归结 n->vi
[2018-11-01 08:40:58]	鬼 a->n
[2018-11-01 08:40:58]	邪 a->ag
[2018-11-01 08:40:58]	滚 ng->vi
[2018-11-01 08:40:58]	国庆 n->t
[2018-11-01 08:40:58]	干脆 a->d
[2018-11-01 08:40:58]	断然 b->d
[2018-11-01 08:40:58]	果然 c->d
[2018-11-01 08:40:58]	果真 c->d
[2018-11-01 08:40:58]	过期 vd->vi
[2018-11-01 08:40:58]	海口 n->ns
[2018-11-01 08:40:58]	琼 b->nr1
[2018-11-01 08:40:58]	叫 n->vi
[2018-11-01 08:40:58]	汉堡包 n->gms
[2018-11-01 08:40:58]	数码 b->n
[2018-11-01 08:40:58]	合资 b->vi
[2018-11-01 08:40:58]	集资 vd->vi
[2018-11-01 08:40:58]	合伙 vd->vi
[2018-11-01 08:40:58]	合股 vd->vi
[2018-11-01 08:40:58]	和 ag->cc
[2018-11-01 08:40:58]	集合 n->v
[2018-11-01 08:40:58]	与 cc->p
[2018-11-01 08:40:58]	同 cc->p
[2018-11-01 08:40:58]	并 cc->d
[2018-11-01 08:40:58]	狠 a->d
[2018-11-01 08:40:58]	狠心 a->an
[2018-11-01 08:40:58]	横 a->v
[2018-11-01 08:40:58]	哄 o->v
[2018-11-01 08:40:58]	后期 f->t
[2018-11-01 08:40:58]	胡 d->nr1
[2018-11-01 08:40:58]	湖 b->n
[2018-11-01 08:40:58]	迷惑 a->v
[2018-11-01 08:40:58]	依稀 a->d
[2018-11-01 08:40:58]	互相 b->d
[2018-11-01 08:40:58]	花 a->n
[2018-11-01 08:40:58]	花卷 n->gms
[2018-11-01 08:40:58]	滑冰 n->vn
[2018-11-01 08:40:58]	滑雪 vi->vn
[2018-11-01 08:40:58]	化验 n->v
[2018-11-01 08:40:58]	打扮 n->v
[2018-11-01 08:40:58]	还账 v->vi
[2018-11-01 08:40:58]	涣散 a->v
[2018-11-01 08:40:58]	怪诞 a->an
[2018-11-01 08:40:58]	黄色 b->n
[2018-11-01 08:40:58]	回头 d->vi
[2018-11-01 08:40:58]	会 n->v
[2018-11-01 08:40:58]	馄饨 n->gms
[2018-11-01 08:40:58]	活动 a->vn
[2018-11-01 08:40:58]	该死 vi->v
[2018-11-01 08:40:58]	活 a->n
[2018-11-01 08:40:58]	火车 n->gjtgj
[2018-11-01 08:40:58]	机械 a->n
[2018-11-01 08:40:58]	缉私 vi->vn
[2018-11-01 08:40:58]	狂热 a->an
[2018-11-01 08:40:58]	极端 a->n
[2018-11-01 08:40:58]	集邮 vi->vn
[2018-11-01 08:40:58]	集中 a->v
[2018-11-01 08:40:58]	挤 a->v
[2018-11-01 08:40:58]	运算 vi->vn
[2018-11-01 08:40:58]	记录 n->v
[2018-11-01 08:40:58]	记载 n->v
[2018-11-01 08:40:58]	纪念 n->v
[2018-11-01 08:40:58]	长项 n->nz
[2018-11-01 08:40:58]	加班 vd->vi
[2018-11-01 08:40:58]	夹 b->v
[2018-11-01 08:40:58]	家 k->n
[2018-11-01 08:40:58]	值 a->n
[2018-11-01 08:40:58]	尖端 b->n
[2018-11-01 08:40:58]	坚定 a->v
[2018-11-01 08:40:58]	监察 v->vn
[2018-11-01 08:40:58]	调查 n->v
[2018-11-01 08:40:58]	方便 a->v
[2018-11-01 08:40:58]	便利 a->an
[2018-11-01 08:40:58]	间接 a->b
[2018-11-01 08:40:58]	建设 n->vn
[2018-11-01 08:40:58]	健全 a->v
[2018-11-01 08:40:58]	讲究 a->v
[2018-11-01 08:40:58]	降价 vd->vi
[2018-11-01 08:40:58]	坦白 a->v
[2018-11-01 08:40:58]	灌 ng->v
[2018-11-01 08:40:58]	娇气 a->n
[2018-11-01 08:40:58]	骄傲 a->an
[2018-11-01 08:40:58]	饺子 n->gms
[2018-11-01 08:40:58]	教 ng->v
[2018-11-01 08:40:58]	教育 v->vn
[2018-11-01 08:40:58]	接力 n->vn
[2018-11-01 08:40:58]	结果 c->n
[2018-11-01 08:40:58]	结业 vd->vi
[2018-11-01 08:40:58]	解放 a->v
[2018-11-01 08:40:58]	解放战争 n->nz
[2018-11-01 08:40:58]	借 p->v
[2018-11-01 08:40:58]	租 ng->v
[2018-11-01 08:40:58]	借贷 n->v
[2018-11-01 08:40:58]	借条 n->nz
[2018-11-01 08:40:58]	金 b->ng
[2018-11-01 08:40:58]	尽力 d->vi
[2018-11-01 08:40:58]	全力 d->n
[2018-11-01 08:40:58]	尽心 a->v
[2018-11-01 08:40:58]	进步 a->vn
[2018-11-01 08:40:58]	临近 a->v
[2018-11-01 08:40:58]	经过 n->p
[2018-11-01 08:40:58]	经济 a->n
[2018-11-01 08:40:58]	经营 n->v
[2018-11-01 08:40:58]	精神 a->n
[2018-11-01 08:40:58]	感慨 a->v
[2018-11-01 08:40:58]	警惕 a->v
[2018-11-01 08:40:58]	敬业 a->vi
[2018-11-01 08:40:58]	就 c->d
[2018-11-01 08:40:58]	举 ag->v
[2018-11-01 08:40:58]	举重 n->vn
[2018-11-01 08:40:58]	行 a->vi
[2018-11-01 08:40:58]	锯 n->v
[2018-11-01 08:40:58]	卷 ng->v
[2018-11-01 08:40:58]	决定 n->v
[2018-11-01 08:40:58]	决赛 vi->vn
[2018-11-01 08:40:58]	决心 d->n
[2018-11-01 08:40:58]	开创 n->v
[2018-11-01 08:40:58]	开放 a->v
[2018-11-01 08:40:58]	开阔 a->v
[2018-11-01 08:40:58]	伊始 t->vi
[2018-11-01 08:40:58]	初叶 f->t
[2018-11-01 08:40:58]	初始 b->t
[2018-11-01 08:40:58]	初步 b->d
[2018-11-01 08:40:58]	看 u->v
[2018-11-01 08:40:58]	测验 v->vn
[2018-11-01 08:40:58]	考验 v->vn
[2018-11-01 08:40:58]	烤鸭 n->gms
[2018-11-01 08:40:58]	靠 ng->v
[2018-11-01 08:40:58]	科学 a->n
[2018-11-01 08:40:58]	可怜 a->v
[2018-11-01 08:40:58]	可惜 a->v
[2018-11-01 08:40:58]	可以 a->v
[2018-11-01 08:40:58]	能 d->v
[2018-11-01 08:40:58]	克 b->vg
[2018-11-01 08:40:58]	客观 a->n
[2018-11-01 08:40:58]	买家 n->nz
[2018-11-01 08:40:58]	肯定 a->v
[2018-11-01 08:40:58]	空 a->v
[2018-11-01 08:40:58]	口 f->n
[2018-11-01 08:40:58]	苦 a->an
[2018-11-01 08:40:58]	苦涩 a->an
[2018-11-01 08:40:58]	苦闷 a->an
[2018-11-01 08:40:58]	迷茫 a->an
[2018-11-01 08:40:58]	苦恼 a->an
[2018-11-01 08:40:58]	迷惘 a->an
[2018-11-01 08:40:58]	夸张 n->vi
[2018-11-01 08:40:58]	跨 ng->v
[2018-11-01 08:40:58]	越 b->d
[2018-11-01 08:40:58]	匡 nr1->vg
[2018-11-01 08:40:58]	捆 ng->v
[2018-11-01 08:40:58]	困惑 a->an
[2018-11-01 08:40:58]	疑惑 an->v
[2018-11-01 08:40:58]	困难 a->an
[2018-11-01 08:40:58]	拉 b->v
[2018-11-01 08:40:58]	腊八粥 n->gms
[2018-11-01 08:40:58]	来 f->vf
[2018-11-01 08:40:58]	天车 n->nz
[2018-11-01 08:40:58]	懈怠 a->an
[2018-11-01 08:40:58]	劳动 vi->vn
[2018-11-01 08:40:58]	坚韧 a->an
[2018-11-01 08:40:58]	铭刻 n->v
[2018-11-01 08:40:58]	铭记 n->v
[2018-11-01 08:40:58]	东家 n->nz
[2018-11-01 08:40:58]	了 ule->y
[2018-11-01 08:40:58]	累 a->v
[2018-11-01 08:40:58]	疲劳 a->an
[2018-11-01 08:40:58]	困倦 a->an
[2018-11-01 08:40:58]	倦怠 a->an
[2018-11-01 08:40:58]	礼貌 a->an
[2018-11-01 08:40:58]	李 ng->nr1
[2018-11-01 08:40:58]	理想 a->n
[2018-11-01 08:40:58]	理性 b->n
[2018-11-01 08:40:58]	连 d->n
[2018-11-01 08:40:58]	盟 n->ng
[2018-11-01 08:40:58]	联系 n->v
[2018-11-01 08:40:58]	练习 n->v
[2018-11-01 08:40:58]	辽 b->tg
[2018-11-01 08:40:58]	劣 a->ag
[2018-11-01 08:40:58]	林 n->ng
[2018-11-01 08:40:58]	小气 a->ad
[2018-11-01 08:40:58]	零售 v->vn
[2018-11-01 08:40:58]	另外 c->rz
[2018-11-01 08:40:58]	小产 v->vi
[2018-11-01 08:40:58]	流行 a->v
[2018-11-01 08:40:58]	柳 n->ng
[2018-11-01 08:40:58]	漏 ng->v
[2018-11-01 08:40:58]	滴 q->v
[2018-11-01 08:40:58]	露 ng->v
[2018-11-01 08:40:58]	旅游 vi->vn
[2018-11-01 08:40:58]	动感 b->n
[2018-11-01 08:40:58]	乱 a->d
[2018-11-01 08:40:58]	轮班 vd->vn
[2018-11-01 08:40:58]	转 ng->v
[2018-11-01 08:40:58]	麻 a->n
[2018-11-01 08:40:58]	麻烦 a->an
[2018-11-01 08:40:58]	烦恼 a->an
[2018-11-01 08:40:58]	马 b->n
[2018-11-01 08:40:58]	馒头 n->gms
[2018-11-01 08:40:58]	满 a->v
[2018-11-01 08:40:58]	满足 a->v
[2018-11-01 08:40:58]	忙 a->v
[2018-11-01 08:40:58]	蒙 b->vi
[2018-11-01 08:40:58]	毛 a->nr1
[2018-11-01 08:40:58]	矛盾 a->an
[2018-11-01 08:40:58]	冒险 vd->vi
[2018-11-01 08:40:58]	贸易 v->vn
[2018-11-01 08:40:58]	没有 d->v
[2018-11-01 08:40:58]	无 d->v
[2018-11-01 08:40:58]	美 a->b
[2018-11-01 08:40:58]	住院 vd->vi
[2018-11-01 08:40:58]	耳语 n->vi
[2018-11-01 08:40:58]	秘密 a->n
[2018-11-01 08:40:58]	机密 a->n
[2018-11-01 08:40:58]	免费 vd->vi
[2018-11-01 08:40:58]	勉强 a->v
[2018-11-01 08:40:58]	民主 a->an
[2018-11-01 08:40:58]	起名 vi->v
[2018-11-01 08:40:58]	模范 a->n
[2018-11-01 08:40:58]	模拟 b->v
[2018-11-01 08:40:58]	磨 n->v
[2018-11-01 08:40:58]	生分 a->ad
[2018-11-01 08:40:58]	墨 b->n
[2018-11-01 08:40:58]	母 b->ng
[2018-11-01 08:40:58]	木 a->ng
[2018-11-01 08:40:58]	捐款 n->vi
[2018-11-01 08:40:58]	拿 p->v
[2018-11-01 08:40:58]	上税 v->vi
[2018-11-01 08:40:58]	委屈 a->v
[2018-11-01 08:40:58]	悲痛 a->an
[2018-11-01 08:40:58]	内蒙古自治区 ns->nz
[2018-11-01 08:40:58]	倪 x->n
[2018-11-01 08:40:58]	拟人 n->nz
[2018-11-01 08:40:58]	年 n->qt
[2018-11-01 08:40:58]	年岁 n->nl
[2018-11-01 08:40:58]	年事 n->nl
[2018-11-01 08:40:58]	凝眸 vd->vi
[2018-11-01 08:40:58]	牛 ag->n
[2018-11-01 08:40:58]	努力 a->an
[2018-11-01 08:40:58]	暖 a->v
[2018-11-01 08:40:58]	温暖 a->an
[2018-11-01 08:40:58]	温热 a->an
[2018-11-01 08:40:58]	和暖 a->an
[2018-11-01 08:40:58]	偶尔 b->d
[2018-11-01 08:40:58]	扑 o->v
[2018-11-01 08:40:58]	攀 b->v
[2018-11-01 08:40:58]	拍 ng->v
[2018-11-01 08:40:58]	排 n->v
[2018-11-01 08:40:58]	排队 n->vi
[2018-11-01 08:40:58]	派出所 n->gms
[2018-11-01 08:40:58]	派遣 v->gms
[2018-11-01 08:40:58]	派出 v->gms
[2018-11-01 08:40:58]	判断 n->v
[2018-11-01 08:40:58]	抛 nr1->v
[2018-11-01 08:40:58]	配套 a->v
[2018-11-01 08:40:58]	烹饪 n->vi
[2018-11-01 08:40:58]	相知 n->v
[2018-11-01 08:40:58]	捧 q->v
[2018-11-01 08:40:58]	批发 v->vn
[2018-11-01 08:40:58]	偏 a->d
[2018-11-01 08:40:58]	单方面 b->n
[2018-11-01 08:40:58]	飘 a->v
[2018-11-01 08:40:58]	撇 q->v
[2018-11-01 08:40:58]	应邀 vd->vi
[2018-11-01 08:40:58]	平 a->v
[2018-11-01 08:40:58]	通常 b->d
[2018-11-01 08:40:58]	破 a->v
[2018-11-01 08:40:58]	铺 n->v
[2018-11-01 08:40:58]	普及 a->v
[2018-11-01 08:40:58]	遍地 vd->vi
[2018-11-01 08:40:58]	限期 n->vi
[2018-11-01 08:40:58]	奇怪 a->v
[2018-11-01 08:40:58]	祷告 v->vn
[2018-11-01 08:40:58]	辗转 vd->vi
[2018-11-01 08:40:58]	蜿蜒 v->z
[2018-11-01 08:40:58]	启示 v->vn
[2018-11-01 08:40:58]	矜持 a->an
[2018-11-01 08:40:58]	署名 n->vi
[2018-11-01 08:40:58]	签名 n->vi
[2018-11-01 08:40:58]	前天 n->t
[2018-11-01 08:40:58]	壮 a->v
[2018-11-01 08:40:58]	争 ng->v
[2018-11-01 08:40:58]	乔木 n->nr
[2018-11-01 08:40:58]	切 ag->v
[2018-11-01 08:40:58]	亲近 a->v
[2018-11-01 08:40:58]	明确 a->v
[2018-11-01 08:40:58]	纯洁 a->v
[2018-11-01 08:40:58]	清明 a->t
[2018-11-01 08:40:58]	晴 an->vi
[2018-11-01 08:40:58]	让 p->v
[2018-11-01 08:40:58]	祝 ng->v
[2018-11-01 08:40:58]	贺 ng->vg
[2018-11-01 08:40:58]	秋 ng->tg
[2018-11-01 08:40:58]	求 ng->v
[2018-11-01 08:40:58]	曲 ag->n
[2018-11-01 08:40:58]	出 q->vf
[2018-11-01 08:40:58]	泉 n->ng
[2018-11-01 08:40:58]	缺 n->v
[2018-11-01 08:40:58]	欠缺 a->vi
[2018-11-01 08:40:58]	火 a->n
[2018-11-01 08:40:58]	夏 ng->tg
[2018-11-01 08:40:58]	热情 a->an
[2018-11-01 08:40:58]	热气球 n->gjtgj
[2018-11-01 08:40:58]	热心 a->v
[2018-11-01 08:40:58]	热忱 a->an
[2018-11-01 08:40:58]	热诚 a->an
[2018-11-01 08:40:58]	委任 n->v
[2018-11-01 08:40:58]	依旧 d->z
[2018-11-01 08:40:58]	照旧 d->v
[2018-11-01 08:40:58]	肉 a->n
[2018-11-01 08:40:58]	肉 a->gms
[2018-11-01 08:40:58]	撒 n->v
[2018-11-01 08:40:58]	塞 b->v
[2018-11-01 08:40:58]	堵 a->v
[2018-11-01 08:40:58]	信步 vd->vi
[2018-11-01 08:40:58]	土 a->n
[2018-11-01 08:40:58]	上 b->f
[2018-11-01 08:40:58]	设计 n->v
[2018-11-01 08:40:58]	摄像 n->vi
[2018-11-01 08:40:58]	申请 n->v
[2018-11-01 08:40:58]	全身 b->n
[2018-11-01 08:40:58]	体 k->ng
[2018-11-01 08:40:58]	身段 n->nz
[2018-11-01 08:40:58]	深入 a->v
[2018-11-01 08:40:58]	深度 ad->n
[2018-11-01 08:40:58]	神气 a->n
[2018-11-01 08:40:58]	升 q->v
[2018-11-01 08:40:58]	增值 n->vi
[2018-11-01 08:40:58]	生 a->v
[2018-11-01 08:40:58]	生产 n->v
[2018-11-01 08:40:58]	出产 n->v
[2018-11-01 08:40:58]	生活 vi->vn
[2018-11-01 08:40:58]	胜利 ad->vi
[2018-11-01 08:40:58]	失落 a->v
[2018-11-01 08:40:58]	狮 n->ng
[2018-11-01 08:40:58]	滋润 a->v
[2018-11-01 08:40:58]	温润 a->an
[2018-11-01 08:40:58]	石 b->ng
[2018-11-01 08:40:58]	时刻 d->n
[2018-11-01 08:40:58]	实践 n->v
[2018-11-01 08:40:58]	实质 a->n
[2018-11-01 08:40:58]	示范 vi->vn
[2018-11-01 08:40:58]	凡间 s->n
[2018-11-01 08:40:58]	是 ng->vshi
[2018-11-01 08:40:58]	便是 v->vd
[2018-11-01 08:40:58]	是否 d->v
[2018-11-01 08:40:58]	释迦牟尼 n->nrf
[2018-11-01 08:40:58]	收条 n->nz
[2018-11-01 08:40:58]	手 k->n
[2018-11-01 08:40:58]	手工 d->n
[2018-11-01 08:40:58]	守法 vd->vi
[2018-11-01 08:40:58]	首创 nz->v
[2018-11-01 08:40:58]	首先 c->d
[2018-11-01 08:40:58]	初 d->f
[2018-11-01 08:40:58]	最初 b->d
[2018-11-01 08:40:58]	禁不起 v->vd
[2018-11-01 08:40:58]	本 d->rz
[2018-11-01 08:40:58]	册 ng->q
[2018-11-01 08:40:58]	书册 n->nl
[2018-11-01 08:40:58]	疏松 a->vn
[2018-11-01 08:40:58]	熟悉 a->v
[2018-11-01 08:40:58]	属实 a->v
[2018-11-01 08:40:58]	鼠 n->ng
[2018-11-01 08:40:58]	竖 n->v
[2018-11-01 08:40:58]	刷 o->v
[2018-11-01 08:40:58]	帅 ng->nr1
[2018-11-01 08:40:58]	水笔 n->nz
[2018-11-01 08:40:58]	说 ng->v
[2018-11-01 08:40:58]	讲 ng->v
[2018-11-01 08:40:58]	司 n->ng
[2018-11-01 08:40:58]	松 a->v
[2018-11-01 08:40:58]	松懈 a->v
[2018-11-01 08:40:58]	宋 nr1->tg
[2018-11-01 08:40:58]	孙 n->nr1
[2018-11-01 08:40:58]	孙子 n->nr
[2018-11-01 08:40:58]	锁 n->v
[2018-11-01 08:40:58]	塔 b->n
[2018-11-01 08:40:58]	贪吃 an->v
[2018-11-01 08:40:58]	贪心 a->v
[2018-11-01 08:40:58]	弹 ng->v
[2018-11-01 08:40:58]	烫 a->v
[2018-11-01 08:40:58]	特别 a->d
[2018-11-01 08:40:58]	希罕 a->v
[2018-11-01 08:40:58]	疼痛 a->an
[2018-11-01 08:40:58]	挑剔 a->v
[2018-11-01 08:40:58]	提成 n->vi
[2018-11-01 08:40:58]	提议 n->v
[2018-11-01 08:40:58]	田野 n->nr
[2018-11-01 08:40:58]	唐 b->tg
[2018-11-01 08:40:58]	甘甜 a->an
[2018-11-01 08:40:58]	担 ng->v
[2018-11-01 08:40:58]	调控 v->vn
[2018-11-01 08:40:58]	跳 q->vi
[2018-11-01 08:40:58]	跳水 vi->vn
[2018-11-01 08:40:58]	跳远 vi->vn
[2018-11-01 08:40:58]	听 q->v
[2018-11-01 08:40:58]	通信 vi->vn
[2018-11-01 08:40:58]	同时 c->n
[2018-11-01 08:40:58]	同期 d->f
[2018-11-01 08:40:58]	统一 a->v
[2018-11-01 08:40:58]	痛苦 a->an
[2018-11-01 08:40:58]	头 k->n
[2018-11-01 08:40:58]	投资 n->v
[2018-11-01 08:40:58]	投入 a->v
[2018-11-01 08:40:58]	突出 a->v
[2018-11-01 08:40:58]	团结 a->v
[2018-11-01 08:40:58]	托 ng->v
[2018-11-01 08:40:58]	歪 a->v
[2018-11-01 08:40:58]	倾斜 vd->vi
[2018-11-01 08:40:58]	斜 a->v
[2018-11-01 08:40:58]	弯 a->v
[2018-11-01 08:40:58]	完善 a->v
[2018-11-01 08:40:58]	玩 ng->v
[2018-11-01 08:40:58]	夜晚 n->t
[2018-11-01 08:40:58]	夜间 f->t
[2018-11-01 08:40:58]	万 d->m
[2018-11-01 08:40:58]	万一 c->d
[2018-11-01 08:40:58]	联网 vd->vi
[2018-11-01 08:40:58]	望 ng->v
[2018-11-01 08:40:58]	无益 a->vi
[2018-11-01 08:40:58]	危险 a->an
[2018-11-01 08:40:58]	威风 a->an
[2018-11-01 08:40:58]	霸气 an->n
[2018-11-01 08:40:58]	微 a->nz
[2018-11-01 08:40:58]	违法 vd->vi
[2018-11-01 08:40:58]	相反 d->vi
[2018-11-01 08:40:58]	浩瀚 a->z
[2018-11-01 08:40:58]	卫生 a->an
[2018-11-01 08:40:58]	位 ng->q
[2018-11-01 08:40:58]	喂 e->v
[2018-11-01 08:40:58]	问候 v->vn
[2018-11-01 08:40:58]	温和 a->nr
[2018-11-01 08:40:58]	刻薄 a->an
[2018-11-01 08:40:58]	文明 a->n
[2018-11-01 08:40:58]	闻 ng->v
[2018-11-01 08:40:58]	问 ng->v
[2018-11-01 08:40:58]	咨询 v->vn
[2018-11-01 08:40:58]	无轨电车 nl->gjtgj
[2018-11-01 08:40:58]	无限 a->vi
[2018-11-01 08:40:58]	无穷 d->z
[2018-11-01 08:40:58]	时价 n->nl
[2018-11-01 08:40:58]	东西 f->n
[2018-11-01 08:40:58]	误工 vi->vn
[2018-11-01 08:40:58]	西 b->f
[2018-11-01 08:40:58]	希望 n->v
[2018-11-01 08:40:58]	就义 vi->v
[2018-11-01 08:40:58]	舍身 d->v
[2018-11-01 08:40:58]	习 ng->vg
[2018-11-01 08:40:58]	系统 a->n
[2018-11-01 08:40:58]	先后 d->ad
[2018-11-01 08:40:58]	娇艳 a->an
[2018-11-01 08:40:58]	现代 n->t
[2018-11-01 08:40:58]	现实 a->n
[2018-11-01 08:40:58]	相当 d->vi
[2018-11-01 08:40:58]	等同 vd->vi
[2018-11-01 08:40:58]	同样 b->d
[2018-11-01 08:40:58]	香 a->n
[2018-11-01 08:40:58]	想像 v->vd
[2018-11-01 08:40:58]	向 dg->p
[2018-11-01 08:40:58]	朝 b->p
[2018-11-01 08:40:58]	象 n->ng
[2018-11-01 08:40:58]	像 d->v
[2018-11-01 08:40:58]	仿佛 d->v
[2018-11-01 08:40:58]	似 d->vg
[2018-11-01 08:40:58]	飘逸 a->v
[2018-11-01 08:40:58]	童 b->ng
[2018-11-01 08:40:58]	小寒 t->nz
[2018-11-01 08:40:58]	小满 t->nz
[2018-11-01 08:40:58]	小雪 n->nr
[2018-11-01 08:40:58]	艰辛 a->an
[2018-11-01 08:40:58]	辛酸 a->an
[2018-11-01 08:40:58]	新词 n->nl
[2018-11-01 08:40:58]	信 ag->n
[2018-11-01 08:40:58]	信用 a->n
[2018-11-01 08:40:58]	兴奋 a->v
[2018-11-01 08:40:58]	成 a->v
[2018-11-01 08:40:58]	形象 a->n
[2018-11-01 08:40:58]	醒 ng->v
[2018-11-01 08:40:58]	幸福 a->happ
[2018-11-01 08:40:58]	性 k->ng
[2018-11-01 08:40:58]	姓 n->v
[2018-11-01 08:40:58]	名 ag->q
[2018-11-01 08:40:58]	邪恶 a->an
[2018-11-01 08:40:58]	胸 n->ng
[2018-11-01 08:40:58]	公 ad->ng
[2018-11-01 08:40:58]	休假 n->vi
[2018-11-01 08:40:58]	虚伪 a->an
[2018-11-01 08:40:58]	徐 ag->nr1
[2018-11-01 08:40:58]	许 dg->m
[2018-11-01 08:40:58]	学龄 b->n
[2018-11-01 08:40:58]	压抑 a->v
[2018-11-01 08:40:58]	鸭 n->ng
[2018-11-01 08:40:58]	延长 ns->v
[2018-11-01 08:40:58]	延期 vd->vi
[2018-11-01 08:40:58]	缓期 vd->vi
[2018-11-01 08:40:58]	严正 a->nr
[2018-11-01 08:40:58]	高温 an->n
[2018-11-01 08:40:58]	火热 a->z
[2018-11-01 08:40:58]	研究 n->v
[2018-11-01 08:40:58]	演习 v->vn
[2018-11-01 08:40:58]	杨 ng->nr1
[2018-11-01 08:40:58]	阳性 b->n
[2018-11-01 08:40:58]	仰泳 vi->vn
[2018-11-01 08:40:58]	也 b->d
[2018-11-01 08:40:58]	进行 vn->vx
[2018-11-01 08:40:58]	布 b->n
[2018-11-01 08:40:58]	穿戴 n->v
[2018-11-01 08:40:58]	依靠 n->v
[2018-11-01 08:40:58]	移动 v->vn
[2018-11-01 08:40:58]	遗传 n->vn
[2018-11-01 08:40:58]	遗憾 a->sorr
[2018-11-01 08:40:58]	遗存 vi->vn
[2018-11-01 08:40:58]	往时 t->tg
[2018-11-01 08:40:58]	义务 d->n
[2018-11-01 08:40:58]	艺术 a->n
[2018-11-01 08:40:58]	意旨 n->nl
[2018-11-01 08:40:58]	因为 c->p
[2018-11-01 08:40:58]	由于 c->p
[2018-11-01 08:40:58]	银 b->ng
[2018-11-01 08:40:58]	引 ng->v
[2018-11-01 08:40:58]	隐蔽 a->v
[2018-11-01 08:40:58]	隐秘 a->n
[2018-11-01 08:40:58]	印染 v->vn
[2018-11-01 08:40:58]	印 b->v
[2018-11-01 08:40:58]	图章 n->nz
[2018-11-01 08:40:58]	应当 d->v
[2018-11-01 08:40:58]	俊杰 n->nr
[2018-11-01 08:40:58]	影响 n->v
[2018-11-01 08:40:58]	拥挤 a->vi
[2018-11-01 08:40:58]	勇于 d->v
[2018-11-01 08:40:58]	骁勇 a->an
[2018-11-01 08:40:58]	用 ng->p
[2018-11-01 08:40:58]	以 b->p
[2018-11-01 08:40:58]	优胜 a->vi
[2018-11-01 08:40:58]	优先 ad->v
[2018-11-01 08:40:58]	悠远 an->z
[2018-11-01 08:40:58]	油条 n->gms
[2018-11-01 08:40:58]	友善 a->nr
[2018-11-01 08:40:58]	又 c->d
[2018-11-01 08:40:58]	右 a->f
[2018-11-01 08:40:58]	于 ng->p
[2018-11-01 08:40:58]	初赛 n->vi
[2018-11-01 08:40:58]	预言 n->v
[2018-11-01 08:40:58]	冤枉 a->v
[2018-11-01 08:40:58]	原来 b->d
[2018-11-01 08:40:58]	原本 d->n
[2018-11-01 08:40:58]	原则 d->n
[2018-11-01 08:40:58]	圆 a->vg
[2018-11-01 08:40:58]	约会 n->vi
[2018-11-01 08:40:58]	局限 n->vi
[2018-11-01 08:40:58]	云 b->n
[2018-11-01 08:40:58]	正好 z->tg
[2018-11-01 08:40:58]	在 d->p
[2018-11-01 08:40:58]	当 ng->p
[2018-11-01 08:40:58]	暂时 b->d
[2018-11-01 08:40:58]	眼前 s->t
[2018-11-01 08:40:58]	负债 n->vi
[2018-11-01 08:40:58]	站 n->vi
[2018-11-01 08:40:58]	把握 n->v
[2018-11-01 08:40:58]	左右 f->m
[2018-11-01 08:40:58]	折价 vd->vi
[2018-11-01 08:40:58]	真 a->d
[2018-11-01 08:40:58]	实际 a->n
[2018-11-01 08:40:58]	真心 ad->n
[2018-11-01 08:40:58]	衷心 b->d
[2018-11-01 08:40:58]	振动 vi->vn
[2018-11-01 08:40:58]	颠簸 vd->vi
[2018-11-01 08:40:58]	振荡 vi->vn
[2018-11-01 08:40:58]	争议 n->vn
[2018-11-01 08:40:58]	整体 m->n
[2018-11-01 08:40:58]	正 a->d
[2018-11-01 08:40:58]	正面 a->n
[2018-11-01 08:40:58]	正理 n->nl
[2018-11-01 08:40:58]	证明 n->v
[2018-11-01 08:40:58]	对证 vn->n
[2018-11-01 08:40:58]	对照 p->v
[2018-11-01 08:40:58]	说明 n->v
[2018-11-01 08:40:58]	消费 n->vn
[2018-11-01 08:40:58]	明白 a->v
[2018-11-01 08:40:58]	了然 a->v
[2018-11-01 08:40:58]	知 ag->v
[2018-11-01 08:40:58]	直 a->d
[2018-11-01 08:40:58]	直线 d->n
[2018-11-01 08:40:58]	张 ng->q
[2018-11-01 08:40:58]	指挥 n->v
[2018-11-01 08:40:58]	指导 n->v
[2018-11-01 08:40:58]	中档 b->nl
[2018-11-01 08:40:58]	中国 ns->nz
[2018-11-01 08:40:58]	华夏 n->nz
[2018-11-01 08:40:58]	中央 f->n
[2018-11-01 08:40:58]	忠诚 a->v
[2018-11-01 08:40:58]	种 ng->v
[2018-11-01 08:40:58]	重 a->v
[2018-11-01 08:40:58]	关键 a->n
[2018-11-01 08:40:58]	重视 a->v
[2018-11-01 08:40:58]	周 ag->nr1
[2018-11-01 08:40:58]	昼夜 d->n
[2018-11-01 08:40:58]	皱 n->v
[2018-11-01 08:40:58]	朱 ag->nr1
[2018-11-01 08:40:58]	竹 n->ng
[2018-11-01 08:40:58]	主观 a->n
[2018-11-01 08:40:58]	主演 n->v
[2018-11-01 08:40:58]	助理 b->n
[2018-11-01 08:40:58]	大名鼎鼎 al->vl
[2018-11-01 08:40:58]	专门 b->d
[2018-11-01 08:40:58]	专注 a->vi
[2018-11-01 08:40:58]	埋头 vd->vi
[2018-11-01 08:40:58]	专业 a->n
[2018-11-01 08:40:58]	拐弯 n->vi
[2018-11-01 08:40:58]	华美 a->nz
[2018-11-01 08:40:58]	台 b->n
[2018-11-01 08:40:58]	我方 r->n
[2018-11-01 08:40:58]	自强 vd->vi
[2018-11-01 08:40:58]	自主 vd->vi
[2018-11-01 08:40:58]	自然 a->n
[2018-11-01 08:40:58]	自信 a->v
[2018-11-01 08:40:58]	自修 v->vl
[2018-11-01 08:40:58]	综合 a->vn
[2018-11-01 08:40:58]	总结 n->v
[2018-11-01 08:40:58]	纵横 n->v
[2018-11-01 08:40:58]	走私 b->v
[2018-11-01 08:40:58]	构成 n->v
[2018-11-01 08:40:58]	太 a->d
[2018-11-01 08:40:58]	到底 d->vi
[2018-11-01 08:40:58]	孝顺 a->v
[2018-11-01 08:40:58]	遵照 p->v
[2018-11-01 08:40:58]	作 ng->v
[2018-11-01 08:40:58]	零 a->m
[2018-11-01 08:40:58]	一 d->m
[2018-11-01 08:40:58]	九 b->m
[2018-11-01 08:40:58]	低价 ad->n
[2018-11-01 08:40:58]	火车站 n->gjtgj
[2018-11-01 08:40:58]	小时候 n->t
[2018-11-01 08:40:58]	综合性 b->n
[2018-11-01 08:40:58]	高价 d->n
[2018-11-01 08:40:58]	中考 n->v
[2018-11-01 08:40:58]	无效 a->vi
[2018-11-01 08:40:58]	爱人 n->nz
[2018-11-01 08:40:58]	把手 n->nz
[2018-11-01 08:40:58]	人为 b->d
[2018-11-01 08:40:58]	靠山 n->nz
[2018-11-01 08:40:58]	他人 rr->r
[2018-11-01 08:40:58]	不结盟 vi->vn
[2018-11-01 08:40:58]	不是 c->n
[2018-11-01 08:40:58]	不行 a->v
[2018-11-01 08:40:58]	不能 v->vi
[2018-11-01 08:40:58]	不会 v->vi
[2018-11-01 08:40:58]	车号 n->nz
[2018-11-01 08:40:58]	同党 n->nz
[2018-11-01 08:40:58]	上流 b->n
[2018-11-01 08:40:58]	出血 vi->v
[2018-11-01 08:40:58]	打的 v->vi
[2018-11-01 08:40:58]	除法 n->nz
[2018-11-01 08:40:58]	从中 d->n
[2018-11-01 08:40:58]	从宽 d->v
[2018-11-01 08:40:58]	从重 d->v
[2018-11-01 08:40:58]	搭建 v->vd
[2018-11-01 08:40:58]	各人 rr->r
[2018-11-01 08:40:58]	中选 vi->v
[2018-11-01 08:40:58]	各处 rzs->r
[2018-11-01 08:40:58]	四处 d->vi
[2018-11-01 08:40:58]	大路 n->nz
[2018-11-01 08:40:58]	拨打 v->vd
[2018-11-01 08:40:58]	大跌 v->vn
[2018-11-01 08:40:58]	会话 v->vn
[2018-11-01 08:40:58]	对应 vi->v
[2018-11-01 08:40:58]	有余 m->v
[2018-11-01 08:40:58]	要领 n->nz
[2018-11-01 08:40:58]	下学 v->vd
[2018-11-01 08:40:58]	分号 n->nz
[2018-11-01 08:40:58]	不合 v->n
[2018-11-01 08:40:58]	高等 b->a
[2018-11-01 08:40:58]	老大 a->n
[2018-11-01 08:40:58]	还给 v->vd
[2018-11-01 08:40:58]	对等 vi->vn
[2018-11-01 08:40:58]	有心 v->vd
[2018-11-01 08:40:58]	说法 n->nz
[2018-11-01 08:40:58]	真的 a->d
[2018-11-01 08:40:58]	大喊 v->vd
[2018-11-01 08:40:58]	后天 n->t
[2018-11-01 08:40:58]	回家 vi->v
[2018-11-01 08:40:58]	总会 d->n
[2018-11-01 08:40:58]	好多 m->a
[2018-11-01 08:40:58]	才能 n->v
[2018-11-01 08:40:58]	大奖 n->nz
[2018-11-01 08:40:58]	自大 a->an
[2018-11-01 08:40:58]	无礼 a->ad
[2018-11-01 08:40:58]	自得 an->a
[2018-11-01 08:40:58]	开关 n->v
[2018-11-01 08:40:58]	看不起 v->vn
[2018-11-01 08:40:58]	看得起 v->vn
[2018-11-01 08:40:58]	完了 vi->n
[2018-11-01 08:40:58]	理事 n->nz
[2018-11-01 08:40:58]	一口气 d->n
[2018-11-01 08:40:58]	本心 n->nl
[2018-11-01 08:40:58]	论说 vn->vl
[2018-11-01 08:40:58]	中意 a->n
[2018-11-01 08:40:58]	没用 a->v
[2018-11-01 08:40:58]	天天 d->q
[2018-11-01 08:40:58]	秒钟 n->q
[2018-11-01 08:40:58]	他俩 r->n
[2018-11-01 08:40:58]	年间 f->n
[2018-11-01 08:40:58]	江米 n->nz
[2018-11-01 08:40:58]	省钱 a->v
[2018-11-01 08:40:58]	早起 vi->v
[2018-11-01 08:40:58]	开车 vi->v
[2018-11-01 08:40:58]	千米 q->qv
[2018-11-01 08:40:58]	签定 v->vn
[2018-11-01 08:40:58]	好天 n->nz
[2018-11-01 08:40:58]	日食 n->nz
[2018-11-01 08:40:58]	火烧 n->v
[2018-11-01 08:40:58]	就是 c->n
[2018-11-01 08:40:58]	是不是 v->vd
[2018-11-01 08:40:58]	手指 n->nz
[2018-11-01 08:40:58]	国都 d->n
[2018-11-01 08:40:58]	得手 a->v
[2018-11-01 08:40:58]	大小 n->nz
[2018-11-01 08:40:58]	了得 a->ad
[2018-11-01 08:40:58]	脱钩 vi->v
[2018-11-01 08:40:58]	问号 n->nz
[2018-11-01 08:40:58]	西藏自治区 ns->nz
[2018-11-01 08:40:58]	小便 v->vi
[2018-11-01 08:40:58]	好在 d->v
[2018-11-01 08:40:58]	双眼 n->nz
[2018-11-01 08:40:58]	一角 n->v
[2018-11-01 08:40:58]	一元 b->nz
[2018-11-01 08:40:58]	引号 n->nz
[2018-11-01 08:40:58]	有用 a->n
[2018-11-01 08:40:58]	像片 n->nz
[2018-11-01 08:40:58]	争抢 v->vd
[2018-11-01 08:40:58]	小我 n->nz
[2018-11-01 08:40:58]	文字 n->nz
[2018-11-01 08:40:58]	不好 a->n
[2018-11-01 08:40:58]	下雨 vi->v
[2018-11-01 08:40:58]	多功能 b->n
[2018-11-01 08:40:58]	从未 d->n
[2018-11-01 08:40:58]	南北 f->n
[2018-11-01 08:40:58]	从不 d->n
[2018-11-01 08:40:58]	干什么 r->v
[2018-11-01 08:40:58]	不准 v->n
[2018-11-01 08:40:58]	开门 vd->n
[2018-11-01 08:40:58]	睡着 v->vd
[2018-11-01 08:40:58]	呼吸 v->vi
[2018-11-01 08:40:58]	第 m->vshi
[2018-11-01 08:40:58]	第 m->vyou
[2018-11-01 08:40:58]	第 m->vf
[2018-11-01 08:40:58]	第 m->vx
[2018-11-01 08:40:58]	第 m->vi
[2018-11-01 08:40:58]	第 m->vl
[2018-11-01 08:40:58]	第 m->vg
[2018-11-01 08:40:58]	第 m->ad
[2018-11-01 08:40:58]	第 m->an
[2018-11-01 08:40:58]	第 m->ag
[2018-11-01 08:40:58]	第 m->al
[2018-11-01 08:40:58]	第 m->bl
[2018-11-01 08:40:58]	第 m->nz
