[2018-11-23 10:58:41]	爱 b->v
[2018-11-23 10:58:41]	安 ag->v
[2018-11-23 10:58:41]	安定 a->an
[2018-11-23 10:58:41]	本分 a->n
[2018-11-23 10:58:41]	宁静 a->an
[2018-11-23 10:58:41]	安宁 a->an
[2018-11-23 10:58:41]	安谧 a->an
[2018-11-23 10:58:41]	和缓 a->ad
[2018-11-23 10:58:41]	太平 a->ns
[2018-11-23 10:58:41]	安全 a->an
[2018-11-23 10:58:41]	安慰 a->v
[2018-11-23 10:58:41]	按时 d->ad
[2018-11-23 10:58:41]	昂首 vd->vi
[2018-11-23 10:58:41]	昂扬 a->v
[2018-11-23 10:58:41]	后悔 a->v
[2018-11-23 10:58:41]	八宝粥 n->gms
[2018-11-23 10:58:41]	把 m->v
[2018-11-23 10:58:41]	百合 n->nr
[2018-11-23 10:58:41]	绊 ng->v
[2018-11-23 10:58:41]	棒 a->ng
[2018-11-23 10:58:41]	包 n->v
[2018-11-23 10:58:41]	折 ng->vi
[2018-11-23 10:58:41]	叠 q->v
[2018-11-23 10:58:41]	包子 n->gms
[2018-11-23 10:58:41]	保安 b->n
[2018-11-23 10:58:41]	保障 n->v
[2018-11-23 10:58:41]	保健 b->n
[2018-11-23 10:58:41]	封闭 a->v
[2018-11-23 10:58:41]	保险 a->n
[2018-11-23 10:58:41]	保证 n->v
[2018-11-23 10:58:41]	不好意思 a->vl
[2018-11-23 10:58:41]	背 a->v
[2018-11-23 10:58:41]	被 d->pbei
[2018-11-23 10:58:41]	必然 b->n
[2018-11-23 10:58:41]	一定 b->d
[2018-11-23 10:58:41]	边 b->n
[2018-11-23 10:58:41]	边缘 b->n
[2018-11-23 10:58:41]	边防 b->n
[2018-11-23 10:58:41]	边陲 n->s
[2018-11-23 10:58:41]	变化 v->vn
[2018-11-23 10:58:41]	标准 a->n
[2018-11-23 10:58:41]	规范 a->v
[2018-11-23 10:58:41]	飞跃 vi->vn
[2018-11-23 10:58:41]	口头 d->n
[2018-11-23 10:58:41]	表现 n->v
[2018-11-23 10:58:41]	别名 n->nz
[2018-11-23 10:58:41]	做作 a->v
[2018-11-23 10:58:41]	拨 q->v
[2018-11-23 10:58:41]	奔腾 nz->vi
[2018-11-23 10:58:41]	盘剥 v->vn
[2018-11-23 10:58:41]	补偿 v->vn
[2018-11-23 10:58:41]	甭 d->v
[2018-11-23 10:58:41]	不安 a->an
[2018-11-23 10:58:41]	焦虑 a->an
[2018-11-23 10:58:41]	恐慌 a->an
[2018-11-23 10:58:41]	不满 a->an
[2018-11-23 10:58:41]	例外 n->vi
[2018-11-23 10:58:41]	不幸 a->n
[2018-11-23 10:58:41]	部分 m->n
[2018-11-23 10:58:41]	华 ag->b
[2018-11-23 10:58:41]	愧疚 a->an
[2018-11-23 10:58:41]	辉煌 a->an
[2018-11-23 10:58:41]	绚烂 a->an
[2018-11-23 10:58:41]	仓储 n->vn
[2018-11-23 10:58:41]	费心 a->v
[2018-11-23 10:58:41]	迥异 a->z
[2018-11-23 10:58:41]	叶 n->ng
[2018-11-23 10:58:41]	拆解 v->vn
[2018-11-23 10:58:41]	知了 n->nz
[2018-11-23 10:58:41]	长春 ns->nz
[2018-11-23 10:58:41]	经常 b->d
[2018-11-23 10:58:41]	超 h->v
[2018-11-23 10:58:41]	超产 v->vn
[2018-11-23 10:58:41]	超支 n->v
[2018-11-23 10:58:41]	车次 n->nz
[2018-11-23 10:58:41]	沉淀 n->vi
[2018-11-23 10:58:41]	尽职 vd->vi
[2018-11-23 10:58:41]	诚心 a->n
[2018-11-23 10:58:41]	党羽 n->nz
[2018-11-23 10:58:41]	冲突 vi->vn
[2018-11-23 10:58:41]	倾心 ad->vi
[2018-11-23 10:58:41]	喜好 an->v
[2018-11-23 10:58:41]	空洞 a->n
[2018-11-23 10:58:41]	抽样 vd->vi
[2018-11-23 10:58:41]	臭豆腐 n->gms
[2018-11-23 10:58:41]	出口 n->vi
[2018-11-23 10:58:41]	肇事 vi->vn
[2018-11-23 10:58:41]	出租 n->v
[2018-11-23 10:58:41]	先期 b->d
[2018-11-23 10:58:41]	除外 vi->v
[2018-11-23 10:58:41]	装 n->v
[2018-11-23 10:58:41]	传统 a->n
[2018-11-23 10:58:41]	船 n->gjtgj
[2018-11-23 10:58:41]	轮船 n->gjtgj
[2018-11-23 10:58:41]	船舶 n->gjtgj
[2018-11-23 10:58:41]	春分 t->n
[2018-11-23 10:58:41]	刺 n->v
[2018-11-23 10:58:41]	睿智 a->an
[2018-11-23 10:58:41]	智慧 a->n
[2018-11-23 10:58:41]	从 d->p
[2018-11-23 10:58:41]	自 d->p
[2018-11-23 10:58:41]	粗心 a->an
[2018-11-23 10:58:41]	大意 a->n
[2018-11-23 10:58:41]	酸 a->n
[2018-11-23 10:58:41]	摩擦 v->vn
[2018-11-23 10:58:41]	坎坷 a->an
[2018-11-23 10:58:41]	错误 a->n
[2018-11-23 10:58:41]	达标 vd->vi
[2018-11-23 10:58:41]	答复 n->v
[2018-11-23 10:58:41]	打 p->v
[2018-11-23 10:58:41]	狩猎 n->vi
[2018-11-23 10:58:41]	打算 n->v
[2018-11-23 10:58:41]	大寒 t->nz
[2018-11-23 10:58:41]	大家 n->rr
[2018-11-23 10:58:41]	大料 n->nz
[2018-11-23 10:58:41]	大致 b->d
[2018-11-23 10:58:41]	呆 a->v
[2018-11-23 10:58:41]	代办 n->v
[2018-11-23 10:58:41]	代理 n->v
[2018-11-23 10:58:41]	带 n->v
[2018-11-23 10:58:41]	带子 n->v
[2018-11-23 10:58:41]	条 ng->q
[2018-11-23 10:58:41]	戴 nr1->v
[2018-11-23 10:58:41]	单 b->d
[2018-11-23 10:58:41]	单独 b->d
[2018-11-23 10:58:41]	当面 d->n
[2018-11-23 10:58:41]	那天 r->t
[2018-11-23 10:58:41]	挡 n->v
[2018-11-23 10:58:41]	的 n->ude1
[2018-11-23 10:58:41]	得 ude3->v
[2018-11-23 10:58:41]	到 p->v
[2018-11-23 10:58:41]	倒 d->vi
[2018-11-23 10:58:41]	偷 d->v
[2018-11-23 10:58:41]	道德 a->n
[2018-11-23 10:58:41]	道教 n->nz
[2018-11-23 10:58:41]	上岸 vi->v
[2018-11-23 10:58:41]	等 n->v
[2018-11-23 10:58:41]	地铁 n->gjtgj
[2018-11-23 10:58:41]	光 a->n
[2018-11-23 10:58:41]	光辉 a->n
[2018-11-23 10:58:41]	顶 f->v
[2018-11-23 10:58:41]	定额 d->n
[2018-11-23 10:58:41]	定期 b->d
[2018-11-23 10:58:41]	东 b->f
[2018-11-23 10:58:41]	东乡族 ns->nz
[2018-11-23 10:58:41]	全部 m->ad
[2018-11-23 10:58:41]	斗争 vi->vn
[2018-11-23 10:58:41]	独立 a->v
[2018-11-23 10:58:41]	自力 n->nr
[2018-11-23 10:58:41]	渡 ng->v
[2018-11-23 10:58:41]	端 ng->v
[2018-11-23 10:58:41]	端正 a->v
[2018-11-23 10:58:41]	断 d->v
[2018-11-23 10:58:41]	对仗 n->nz
[2018-11-23 10:58:41]	多 a->m
[2018-11-23 10:58:41]	饿 a->v
[2018-11-23 10:58:41]	发 ng->v
[2018-11-23 10:58:41]	带头 vd->vi
[2018-11-23 10:58:41]	发糕 n->gms
[2018-11-23 10:58:41]	施展 nr->v
[2018-11-23 10:58:41]	发烧 b->vi
[2018-11-23 10:58:41]	无力 a->vi
[2018-11-23 10:58:41]	法 b->n
[2018-11-23 10:58:41]	庭审 n->v
[2018-11-23 10:58:41]	帆船 n->gjtgj
[2018-11-23 10:58:41]	繁荣 a->an
[2018-11-23 10:58:41]	重复 a->v
[2018-11-23 10:58:41]	来回 d->vi
[2018-11-23 10:58:41]	反面 b->n
[2018-11-23 10:58:41]	反应 n->vi
[2018-11-23 10:58:41]	犯罪 vi->vn
[2018-11-23 10:58:41]	范 ng->nr1
[2018-11-23 10:58:41]	方 a->d
[2018-11-23 10:58:41]	方便面 n->gms
[2018-11-23 10:58:41]	防汛 vi->vn
[2018-11-23 10:58:41]	飞机 n->gjtgj
[2018-11-23 10:58:41]	肥 a->n
[2018-11-23 10:58:41]	分布 vd->vi
[2018-11-23 10:58:41]	分离 vd->vi
[2018-11-23 10:58:41]	分米 q->qt
[2018-11-23 10:58:41]	生气 a->n
[2018-11-23 10:58:41]	风光 a->n
[2018-11-23 10:58:41]	封 ng->v
[2018-11-23 10:58:41]	冯 m->nr1
[2018-11-23 10:58:41]	抚恤 vi->vn
[2018-11-23 10:58:41]	远望 nz->v
[2018-11-23 10:58:41]	腐败 a->an
[2018-11-23 10:58:41]	负责 a->v
[2018-11-23 10:58:41]	中兴 ns->nz
[2018-11-23 10:58:41]	副词 n->nz
[2018-11-23 10:58:41]	付 q->v
[2018-11-23 10:58:41]	次要 b->bl
[2018-11-23 10:58:41]	富 a->vg
[2018-11-23 10:58:41]	富有 a->v
[2018-11-23 10:58:41]	富余 a->vn
[2018-11-23 10:58:41]	盖 d->v
[2018-11-23 10:58:41]	扣 ng->v
[2018-11-23 10:58:41]	干 a->v
[2018-11-23 10:58:41]	甘 ad->ag
[2018-11-23 10:58:41]	感动 a->v
[2018-11-23 10:58:41]	感冒 n->vi
[2018-11-23 10:58:41]	不久 d->m
[2018-11-23 10:58:41]	方才 d->nr
[2018-11-23 10:58:41]	高贵 a->nr
[2018-11-23 10:58:41]	年老 a->vi
[2018-11-23 10:58:41]	革命 a->vn
[2018-11-23 10:58:41]	解 ng->v
[2018-11-23 10:58:41]	根据 n->p
[2018-11-23 10:58:41]	据 ng->p
[2018-11-23 10:58:41]	跟随 p->v
[2018-11-23 10:58:41]	随着 d->p
[2018-11-23 10:58:41]	更年期 n->t
[2018-11-23 10:58:41]	工作 n->vn
[2018-11-23 10:58:41]	公开 a->v
[2018-11-23 10:58:41]	巩固 a->v
[2018-11-23 10:58:41]	共产党 n->nz
[2018-11-23 10:58:41]	奉献 n->v
[2018-11-23 10:58:41]	够 a->v
[2018-11-23 10:58:41]	孤立 a->v
[2018-11-23 10:58:41]	孤僻 a->an
[2018-11-23 10:58:41]	鼓 a->v
[2018-11-23 10:58:41]	彭 m->nr1
[2018-11-23 10:58:41]	鼓舞 a->v
[2018-11-23 10:58:41]	固定 a->v
[2018-11-23 10:58:41]	稳定 a->an
[2018-11-23 10:58:41]	传奇 a->n
[2018-11-23 10:58:41]	故意 b->d
[2018-11-23 10:58:41]	有意 d->vi
[2018-11-23 10:58:41]	成心 d->v
[2018-11-23 10:58:41]	顾 ng->v
[2018-11-23 10:58:41]	挂 q->v
[2018-11-23 10:58:41]	关切 a->v
[2018-11-23 10:58:41]	论断 n->vn
[2018-11-23 10:58:41]	臣 n->ng
[2018-11-23 10:58:41]	管理 v->vn
[2018-11-23 10:58:41]	管制 v->vn
[2018-11-23 10:58:41]	光明 a->n
[2018-11-23 10:58:41]	亮 a->vi
[2018-11-23 10:58:41]	归结 n->vi
[2018-11-23 10:58:41]	鬼 a->n
[2018-11-23 10:58:41]	邪 a->ag
[2018-11-23 10:58:41]	滚 ng->vi
[2018-11-23 10:58:41]	国庆 n->t
[2018-11-23 10:58:41]	干脆 a->d
[2018-11-23 10:58:41]	断然 b->d
[2018-11-23 10:58:41]	果然 c->d
[2018-11-23 10:58:41]	果真 c->d
[2018-11-23 10:58:41]	过期 vd->vi
[2018-11-23 10:58:41]	海口 n->ns
[2018-11-23 10:58:41]	琼 b->nr1
[2018-11-23 10:58:41]	叫 n->vi
[2018-11-23 10:58:41]	汉堡包 n->gms
[2018-11-23 10:58:41]	数码 b->n
[2018-11-23 10:58:41]	合资 b->vi
[2018-11-23 10:58:41]	集资 vd->vi
[2018-11-23 10:58:41]	合伙 vd->vi
[2018-11-23 10:58:41]	合股 vd->vi
[2018-11-23 10:58:41]	和 ag->cc
[2018-11-23 10:58:41]	集合 n->v
[2018-11-23 10:58:41]	与 cc->p
[2018-11-23 10:58:41]	同 cc->p
[2018-11-23 10:58:41]	并 cc->d
[2018-11-23 10:58:41]	狠 a->d
[2018-11-23 10:58:41]	狠心 a->an
[2018-11-23 10:58:41]	横 a->v
[2018-11-23 10:58:41]	哄 o->v
[2018-11-23 10:58:41]	后期 f->t
[2018-11-23 10:58:41]	胡 d->nr1
[2018-11-23 10:58:41]	湖 b->n
[2018-11-23 10:58:41]	迷惑 a->v
[2018-11-23 10:58:41]	依稀 a->d
[2018-11-23 10:58:41]	互相 b->d
[2018-11-23 10:58:41]	花 a->n
[2018-11-23 10:58:41]	花卷 n->gms
[2018-11-23 10:58:41]	滑冰 n->vn
[2018-11-23 10:58:41]	滑雪 vi->vn
[2018-11-23 10:58:41]	化验 n->v
[2018-11-23 10:58:41]	打扮 n->v
[2018-11-23 10:58:41]	还账 v->vi
[2018-11-23 10:58:41]	涣散 a->v
[2018-11-23 10:58:41]	怪诞 a->an
[2018-11-23 10:58:41]	黄色 b->n
[2018-11-23 10:58:41]	回头 d->vi
[2018-11-23 10:58:41]	会 n->v
[2018-11-23 10:58:41]	馄饨 n->gms
[2018-11-23 10:58:41]	活动 a->vn
[2018-11-23 10:58:41]	该死 vi->v
[2018-11-23 10:58:41]	活 a->n
[2018-11-23 10:58:41]	火车 n->gjtgj
[2018-11-23 10:58:41]	机械 a->n
[2018-11-23 10:58:41]	缉私 vi->vn
[2018-11-23 10:58:41]	狂热 a->an
[2018-11-23 10:58:41]	极端 a->n
[2018-11-23 10:58:41]	集邮 vi->vn
[2018-11-23 10:58:41]	集中 a->v
[2018-11-23 10:58:41]	挤 a->v
[2018-11-23 10:58:41]	运算 vi->vn
[2018-11-23 10:58:41]	记录 n->v
[2018-11-23 10:58:41]	记载 n->v
[2018-11-23 10:58:41]	纪念 n->v
[2018-11-23 10:58:41]	长项 n->nz
[2018-11-23 10:58:41]	加班 vd->vi
[2018-11-23 10:58:41]	夹 b->v
[2018-11-23 10:58:41]	家 k->n
[2018-11-23 10:58:41]	值 a->n
[2018-11-23 10:58:41]	尖端 b->n
[2018-11-23 10:58:41]	坚定 a->v
[2018-11-23 10:58:41]	监察 v->vn
[2018-11-23 10:58:41]	调查 n->v
[2018-11-23 10:58:41]	方便 a->v
[2018-11-23 10:58:41]	便利 a->an
[2018-11-23 10:58:41]	间接 a->b
[2018-11-23 10:58:41]	建设 n->vn
[2018-11-23 10:58:41]	健全 a->v
[2018-11-23 10:58:41]	讲究 a->v
[2018-11-23 10:58:41]	降价 vd->vi
[2018-11-23 10:58:41]	坦白 a->v
[2018-11-23 10:58:41]	灌 ng->v
[2018-11-23 10:58:41]	娇气 a->n
[2018-11-23 10:58:41]	骄傲 a->an
[2018-11-23 10:58:41]	饺子 n->gms
[2018-11-23 10:58:41]	教 ng->v
[2018-11-23 10:58:41]	教育 v->vn
[2018-11-23 10:58:41]	接力 n->vn
[2018-11-23 10:58:41]	结果 c->n
[2018-11-23 10:58:41]	结业 vd->vi
[2018-11-23 10:58:41]	解放 a->v
[2018-11-23 10:58:41]	解放战争 n->nz
[2018-11-23 10:58:41]	借 p->v
[2018-11-23 10:58:41]	租 ng->v
[2018-11-23 10:58:41]	借贷 n->v
[2018-11-23 10:58:41]	借条 n->nz
[2018-11-23 10:58:41]	金 b->ng
[2018-11-23 10:58:41]	尽力 d->vi
[2018-11-23 10:58:41]	全力 d->n
[2018-11-23 10:58:41]	尽心 a->v
[2018-11-23 10:58:41]	进步 a->vn
[2018-11-23 10:58:41]	临近 a->v
[2018-11-23 10:58:41]	经过 n->p
[2018-11-23 10:58:41]	经济 a->n
[2018-11-23 10:58:41]	经营 n->v
[2018-11-23 10:58:41]	精神 a->n
[2018-11-23 10:58:41]	感慨 a->v
[2018-11-23 10:58:41]	警惕 a->v
[2018-11-23 10:58:41]	敬业 a->vi
[2018-11-23 10:58:41]	就 c->d
[2018-11-23 10:58:41]	举 ag->v
[2018-11-23 10:58:41]	举重 n->vn
[2018-11-23 10:58:41]	行 a->vi
[2018-11-23 10:58:41]	锯 n->v
[2018-11-23 10:58:41]	卷 ng->v
[2018-11-23 10:58:41]	决定 n->v
[2018-11-23 10:58:41]	决赛 vi->vn
[2018-11-23 10:58:41]	决心 d->n
[2018-11-23 10:58:41]	开创 n->v
[2018-11-23 10:58:41]	开放 a->v
[2018-11-23 10:58:41]	开阔 a->v
[2018-11-23 10:58:41]	伊始 t->vi
[2018-11-23 10:58:41]	初叶 f->t
[2018-11-23 10:58:41]	初始 b->t
[2018-11-23 10:58:41]	初步 b->d
[2018-11-23 10:58:41]	看 u->v
[2018-11-23 10:58:41]	测验 v->vn
[2018-11-23 10:58:41]	考验 v->vn
[2018-11-23 10:58:41]	烤鸭 n->gms
[2018-11-23 10:58:41]	靠 ng->v
[2018-11-23 10:58:41]	科学 a->n
[2018-11-23 10:58:41]	可怜 a->v
[2018-11-23 10:58:41]	可惜 a->v
[2018-11-23 10:58:41]	可以 a->v
[2018-11-23 10:58:41]	能 d->v
[2018-11-23 10:58:41]	克 b->vg
[2018-11-23 10:58:41]	客观 a->n
[2018-11-23 10:58:41]	买家 n->nz
[2018-11-23 10:58:41]	肯定 a->v
[2018-11-23 10:58:41]	空 a->v
[2018-11-23 10:58:41]	口 f->n
[2018-11-23 10:58:41]	苦 a->an
[2018-11-23 10:58:41]	苦涩 a->an
[2018-11-23 10:58:41]	苦闷 a->an
[2018-11-23 10:58:41]	迷茫 a->an
[2018-11-23 10:58:41]	苦恼 a->an
[2018-11-23 10:58:41]	迷惘 a->an
[2018-11-23 10:58:41]	夸张 n->vi
[2018-11-23 10:58:41]	跨 ng->v
[2018-11-23 10:58:41]	越 b->d
[2018-11-23 10:58:41]	匡 nr1->vg
[2018-11-23 10:58:41]	捆 ng->v
[2018-11-23 10:58:41]	困惑 a->an
[2018-11-23 10:58:41]	疑惑 an->v
[2018-11-23 10:58:41]	困难 a->an
[2018-11-23 10:58:41]	拉 b->v
[2018-11-23 10:58:41]	腊八粥 n->gms
[2018-11-23 10:58:41]	来 f->vf
[2018-11-23 10:58:41]	天车 n->nz
[2018-11-23 10:58:41]	懈怠 a->an
[2018-11-23 10:58:41]	劳动 vi->vn
[2018-11-23 10:58:41]	坚韧 a->an
[2018-11-23 10:58:41]	铭刻 n->v
[2018-11-23 10:58:41]	铭记 n->v
[2018-11-23 10:58:41]	东家 n->nz
[2018-11-23 10:58:41]	了 ule->y
[2018-11-23 10:58:41]	累 a->v
[2018-11-23 10:58:41]	疲劳 a->an
[2018-11-23 10:58:41]	困倦 a->an
[2018-11-23 10:58:41]	倦怠 a->an
[2018-11-23 10:58:41]	礼貌 a->an
[2018-11-23 10:58:41]	李 ng->nr1
[2018-11-23 10:58:41]	理想 a->n
[2018-11-23 10:58:41]	理性 b->n
[2018-11-23 10:58:41]	连 d->n
[2018-11-23 10:58:41]	盟 n->ng
[2018-11-23 10:58:41]	联系 n->v
[2018-11-23 10:58:41]	练习 n->v
[2018-11-23 10:58:41]	辽 b->tg
[2018-11-23 10:58:41]	劣 a->ag
[2018-11-23 10:58:41]	林 n->ng
[2018-11-23 10:58:41]	小气 a->ad
[2018-11-23 10:58:41]	零售 v->vn
[2018-11-23 10:58:41]	另外 c->rz
[2018-11-23 10:58:41]	小产 v->vi
[2018-11-23 10:58:41]	流行 a->v
[2018-11-23 10:58:41]	柳 n->ng
[2018-11-23 10:58:41]	漏 ng->v
[2018-11-23 10:58:41]	滴 q->v
[2018-11-23 10:58:41]	露 ng->v
[2018-11-23 10:58:41]	旅游 vi->vn
[2018-11-23 10:58:41]	动感 b->n
[2018-11-23 10:58:41]	乱 a->d
[2018-11-23 10:58:41]	轮班 vd->vn
[2018-11-23 10:58:41]	转 ng->v
[2018-11-23 10:58:41]	麻 a->n
[2018-11-23 10:58:41]	麻烦 a->an
[2018-11-23 10:58:41]	烦恼 a->an
[2018-11-23 10:58:41]	马 b->n
[2018-11-23 10:58:41]	馒头 n->gms
[2018-11-23 10:58:41]	满 a->v
[2018-11-23 10:58:41]	满足 a->v
[2018-11-23 10:58:41]	忙 a->v
[2018-11-23 10:58:41]	蒙 b->vi
[2018-11-23 10:58:41]	毛 a->nr1
[2018-11-23 10:58:41]	矛盾 a->an
[2018-11-23 10:58:41]	冒险 vd->vi
[2018-11-23 10:58:41]	贸易 v->vn
[2018-11-23 10:58:41]	没有 d->v
[2018-11-23 10:58:41]	无 d->v
[2018-11-23 10:58:41]	美 a->b
[2018-11-23 10:58:41]	住院 vd->vi
[2018-11-23 10:58:41]	耳语 n->vi
[2018-11-23 10:58:41]	秘密 a->n
[2018-11-23 10:58:41]	机密 a->n
[2018-11-23 10:58:41]	免费 vd->vi
[2018-11-23 10:58:41]	勉强 a->v
[2018-11-23 10:58:41]	民主 a->an
[2018-11-23 10:58:41]	起名 vi->v
[2018-11-23 10:58:41]	模范 a->n
[2018-11-23 10:58:41]	模拟 b->v
[2018-11-23 10:58:41]	磨 n->v
[2018-11-23 10:58:41]	生分 a->ad
[2018-11-23 10:58:41]	墨 b->n
[2018-11-23 10:58:41]	母 b->ng
[2018-11-23 10:58:41]	木 a->ng
[2018-11-23 10:58:41]	捐款 n->vi
[2018-11-23 10:58:41]	拿 p->v
[2018-11-23 10:58:41]	上税 v->vi
[2018-11-23 10:58:41]	委屈 a->v
[2018-11-23 10:58:41]	悲痛 a->an
[2018-11-23 10:58:41]	内蒙古自治区 ns->nz
[2018-11-23 10:58:41]	倪 x->n
[2018-11-23 10:58:41]	拟人 n->nz
[2018-11-23 10:58:41]	年 n->qt
[2018-11-23 10:58:41]	年岁 n->nl
[2018-11-23 10:58:41]	年事 n->nl
[2018-11-23 10:58:41]	凝眸 vd->vi
[2018-11-23 10:58:41]	牛 ag->n
[2018-11-23 10:58:41]	努力 a->an
[2018-11-23 10:58:41]	暖 a->v
[2018-11-23 10:58:41]	温暖 a->an
[2018-11-23 10:58:41]	温热 a->an
[2018-11-23 10:58:41]	和暖 a->an
[2018-11-23 10:58:41]	偶尔 b->d
[2018-11-23 10:58:41]	扑 o->v
[2018-11-23 10:58:41]	攀 b->v
[2018-11-23 10:58:41]	拍 ng->v
[2018-11-23 10:58:41]	排 n->v
[2018-11-23 10:58:41]	排队 n->vi
[2018-11-23 10:58:41]	派出所 n->gms
[2018-11-23 10:58:41]	派遣 v->gms
[2018-11-23 10:58:41]	派出 v->gms
[2018-11-23 10:58:41]	判断 n->v
[2018-11-23 10:58:41]	抛 nr1->v
[2018-11-23 10:58:41]	配套 a->v
[2018-11-23 10:58:41]	烹饪 n->vi
[2018-11-23 10:58:41]	相知 n->v
[2018-11-23 10:58:41]	捧 q->v
[2018-11-23 10:58:41]	批发 v->vn
[2018-11-23 10:58:41]	偏 a->d
[2018-11-23 10:58:41]	单方面 b->n
[2018-11-23 10:58:41]	飘 a->v
[2018-11-23 10:58:41]	撇 q->v
[2018-11-23 10:58:41]	应邀 vd->vi
[2018-11-23 10:58:41]	平 a->v
[2018-11-23 10:58:41]	通常 b->d
[2018-11-23 10:58:41]	破 a->v
[2018-11-23 10:58:41]	铺 n->v
[2018-11-23 10:58:41]	普及 a->v
[2018-11-23 10:58:41]	遍地 vd->vi
[2018-11-23 10:58:41]	限期 n->vi
[2018-11-23 10:58:41]	奇怪 a->v
[2018-11-23 10:58:41]	祷告 v->vn
[2018-11-23 10:58:41]	辗转 vd->vi
[2018-11-23 10:58:41]	蜿蜒 v->z
[2018-11-23 10:58:41]	启示 v->vn
[2018-11-23 10:58:41]	矜持 a->an
[2018-11-23 10:58:41]	署名 n->vi
[2018-11-23 10:58:41]	签名 n->vi
[2018-11-23 10:58:41]	前天 n->t
[2018-11-23 10:58:41]	壮 a->v
[2018-11-23 10:58:41]	争 ng->v
[2018-11-23 10:58:41]	乔木 n->nr
[2018-11-23 10:58:41]	切 ag->v
[2018-11-23 10:58:41]	亲近 a->v
[2018-11-23 10:58:41]	明确 a->v
[2018-11-23 10:58:41]	纯洁 a->v
[2018-11-23 10:58:41]	清明 a->t
[2018-11-23 10:58:41]	晴 an->vi
[2018-11-23 10:58:41]	让 p->v
[2018-11-23 10:58:41]	祝 ng->v
[2018-11-23 10:58:41]	贺 ng->vg
[2018-11-23 10:58:41]	秋 ng->tg
[2018-11-23 10:58:41]	求 ng->v
[2018-11-23 10:58:41]	曲 ag->n
[2018-11-23 10:58:41]	出 q->vf
[2018-11-23 10:58:41]	泉 n->ng
[2018-11-23 10:58:41]	缺 n->v
[2018-11-23 10:58:41]	欠缺 a->vi
[2018-11-23 10:58:41]	火 a->n
[2018-11-23 10:58:41]	夏 ng->tg
[2018-11-23 10:58:41]	热情 a->an
[2018-11-23 10:58:41]	热气球 n->gjtgj
[2018-11-23 10:58:41]	热心 a->v
[2018-11-23 10:58:41]	热忱 a->an
[2018-11-23 10:58:41]	热诚 a->an
[2018-11-23 10:58:41]	委任 n->v
[2018-11-23 10:58:41]	依旧 d->z
[2018-11-23 10:58:41]	照旧 d->v
[2018-11-23 10:58:41]	肉 a->n
[2018-11-23 10:58:41]	肉 a->gms
[2018-11-23 10:58:41]	撒 n->v
[2018-11-23 10:58:41]	塞 b->v
[2018-11-23 10:58:41]	堵 a->v
[2018-11-23 10:58:41]	信步 vd->vi
[2018-11-23 10:58:41]	土 a->n
[2018-11-23 10:58:41]	上 b->f
[2018-11-23 10:58:41]	设计 n->v
[2018-11-23 10:58:41]	摄像 n->vi
[2018-11-23 10:58:41]	申请 n->v
[2018-11-23 10:58:41]	全身 b->n
[2018-11-23 10:58:41]	体 k->ng
[2018-11-23 10:58:41]	身段 n->nz
[2018-11-23 10:58:41]	深入 a->v
[2018-11-23 10:58:41]	深度 ad->n
[2018-11-23 10:58:41]	神气 a->n
[2018-11-23 10:58:41]	升 q->v
[2018-11-23 10:58:41]	增值 n->vi
[2018-11-23 10:58:41]	生 a->v
[2018-11-23 10:58:41]	生产 n->v
[2018-11-23 10:58:41]	出产 n->v
[2018-11-23 10:58:41]	生活 vi->vn
[2018-11-23 10:58:41]	胜利 ad->vi
[2018-11-23 10:58:41]	失落 a->v
[2018-11-23 10:58:41]	狮 n->ng
[2018-11-23 10:58:41]	滋润 a->v
[2018-11-23 10:58:41]	温润 a->an
[2018-11-23 10:58:41]	石 b->ng
[2018-11-23 10:58:41]	时刻 d->n
[2018-11-23 10:58:41]	实践 n->v
[2018-11-23 10:58:41]	实质 a->n
[2018-11-23 10:58:41]	示范 vi->vn
[2018-11-23 10:58:41]	凡间 s->n
[2018-11-23 10:58:41]	是 ng->vshi
[2018-11-23 10:58:41]	便是 v->vd
[2018-11-23 10:58:41]	是否 d->v
[2018-11-23 10:58:41]	释迦牟尼 n->nrf
[2018-11-23 10:58:41]	收条 n->nz
[2018-11-23 10:58:41]	手 k->n
[2018-11-23 10:58:41]	手工 d->n
[2018-11-23 10:58:41]	守法 vd->vi
[2018-11-23 10:58:41]	首创 nz->v
[2018-11-23 10:58:41]	首先 c->d
[2018-11-23 10:58:41]	初 d->f
[2018-11-23 10:58:41]	最初 b->d
[2018-11-23 10:58:41]	禁不起 v->vd
[2018-11-23 10:58:41]	本 d->rz
[2018-11-23 10:58:41]	册 ng->q
[2018-11-23 10:58:41]	书册 n->nl
[2018-11-23 10:58:41]	疏松 a->vn
[2018-11-23 10:58:41]	熟悉 a->v
[2018-11-23 10:58:41]	属实 a->v
[2018-11-23 10:58:41]	鼠 n->ng
[2018-11-23 10:58:41]	竖 n->v
[2018-11-23 10:58:41]	刷 o->v
[2018-11-23 10:58:41]	帅 ng->nr1
[2018-11-23 10:58:41]	水笔 n->nz
[2018-11-23 10:58:41]	说 ng->v
[2018-11-23 10:58:41]	讲 ng->v
[2018-11-23 10:58:41]	司 n->ng
[2018-11-23 10:58:41]	松 a->v
[2018-11-23 10:58:41]	松懈 a->v
[2018-11-23 10:58:41]	宋 nr1->tg
[2018-11-23 10:58:41]	孙 n->nr1
[2018-11-23 10:58:41]	孙子 n->nr
[2018-11-23 10:58:41]	锁 n->v
[2018-11-23 10:58:41]	塔 b->n
[2018-11-23 10:58:41]	贪吃 an->v
[2018-11-23 10:58:41]	贪心 a->v
[2018-11-23 10:58:41]	弹 ng->v
[2018-11-23 10:58:41]	烫 a->v
[2018-11-23 10:58:41]	特别 a->d
[2018-11-23 10:58:41]	希罕 a->v
[2018-11-23 10:58:41]	疼痛 a->an
[2018-11-23 10:58:41]	挑剔 a->v
[2018-11-23 10:58:41]	提成 n->vi
[2018-11-23 10:58:41]	提议 n->v
[2018-11-23 10:58:41]	田野 n->nr
[2018-11-23 10:58:41]	唐 b->tg
[2018-11-23 10:58:41]	甘甜 a->an
[2018-11-23 10:58:41]	担 ng->v
[2018-11-23 10:58:41]	调控 v->vn
[2018-11-23 10:58:41]	跳 q->vi
[2018-11-23 10:58:41]	跳水 vi->vn
[2018-11-23 10:58:41]	跳远 vi->vn
[2018-11-23 10:58:41]	听 q->v
[2018-11-23 10:58:41]	通信 vi->vn
[2018-11-23 10:58:41]	同时 c->n
[2018-11-23 10:58:41]	同期 d->f
[2018-11-23 10:58:41]	统一 a->v
[2018-11-23 10:58:41]	痛苦 a->an
[2018-11-23 10:58:41]	头 k->n
[2018-11-23 10:58:41]	投资 n->v
[2018-11-23 10:58:41]	投入 a->v
[2018-11-23 10:58:41]	突出 a->v
[2018-11-23 10:58:41]	团结 a->v
[2018-11-23 10:58:41]	托 ng->v
[2018-11-23 10:58:41]	歪 a->v
[2018-11-23 10:58:41]	倾斜 vd->vi
[2018-11-23 10:58:41]	斜 a->v
[2018-11-23 10:58:41]	弯 a->v
[2018-11-23 10:58:41]	完善 a->v
[2018-11-23 10:58:41]	玩 ng->v
[2018-11-23 10:58:41]	夜晚 n->t
[2018-11-23 10:58:41]	夜间 f->t
[2018-11-23 10:58:41]	万 d->m
[2018-11-23 10:58:41]	万一 c->d
[2018-11-23 10:58:41]	联网 vd->vi
[2018-11-23 10:58:41]	望 ng->v
[2018-11-23 10:58:41]	无益 a->vi
[2018-11-23 10:58:41]	危险 a->an
[2018-11-23 10:58:41]	威风 a->an
[2018-11-23 10:58:41]	霸气 an->n
[2018-11-23 10:58:41]	微 a->nz
[2018-11-23 10:58:41]	违法 vd->vi
[2018-11-23 10:58:41]	相反 d->vi
[2018-11-23 10:58:41]	浩瀚 a->z
[2018-11-23 10:58:41]	卫生 a->an
[2018-11-23 10:58:41]	位 ng->q
[2018-11-23 10:58:41]	喂 e->v
[2018-11-23 10:58:41]	问候 v->vn
[2018-11-23 10:58:41]	温和 a->nr
[2018-11-23 10:58:41]	刻薄 a->an
[2018-11-23 10:58:41]	文明 a->n
[2018-11-23 10:58:41]	闻 ng->v
[2018-11-23 10:58:41]	问 ng->v
[2018-11-23 10:58:41]	咨询 v->vn
[2018-11-23 10:58:41]	无轨电车 nl->gjtgj
[2018-11-23 10:58:41]	无限 a->vi
[2018-11-23 10:58:41]	无穷 d->z
[2018-11-23 10:58:41]	时价 n->nl
[2018-11-23 10:58:41]	东西 f->n
[2018-11-23 10:58:41]	误工 vi->vn
[2018-11-23 10:58:41]	西 b->f
[2018-11-23 10:58:41]	希望 n->v
[2018-11-23 10:58:41]	就义 vi->v
[2018-11-23 10:58:41]	舍身 d->v
[2018-11-23 10:58:41]	习 ng->vg
[2018-11-23 10:58:41]	系统 a->n
[2018-11-23 10:58:41]	地 n->nz
[2018-11-23 10:58:41]	先后 d->ad
[2018-11-23 10:58:41]	娇艳 a->an
[2018-11-23 10:58:41]	现代 n->t
[2018-11-23 10:58:41]	现实 a->n
[2018-11-23 10:58:41]	相当 d->vi
[2018-11-23 10:58:41]	等同 vd->vi
[2018-11-23 10:58:41]	同样 b->d
[2018-11-23 10:58:41]	香 a->n
[2018-11-23 10:58:41]	想像 v->vd
[2018-11-23 10:58:41]	向 dg->p
[2018-11-23 10:58:41]	朝 b->p
[2018-11-23 10:58:41]	象 n->ng
[2018-11-23 10:58:41]	像 d->v
[2018-11-23 10:58:41]	仿佛 d->v
[2018-11-23 10:58:41]	似 d->vg
[2018-11-23 10:58:41]	飘逸 a->v
[2018-11-23 10:58:41]	童 b->ng
[2018-11-23 10:58:41]	小寒 t->nz
[2018-11-23 10:58:41]	小满 t->nz
[2018-11-23 10:58:41]	小雪 n->nr
[2018-11-23 10:58:41]	艰辛 a->an
[2018-11-23 10:58:41]	辛酸 a->an
[2018-11-23 10:58:41]	新词 n->nl
[2018-11-23 10:58:41]	信 ag->n
[2018-11-23 10:58:41]	信用 a->n
[2018-11-23 10:58:41]	兴奋 a->v
[2018-11-23 10:58:41]	成 a->v
[2018-11-23 10:58:41]	形象 a->n
[2018-11-23 10:58:41]	醒 ng->v
[2018-11-23 10:58:41]	幸福 a->happ
[2018-11-23 10:58:41]	性 k->ng
[2018-11-23 10:58:41]	姓 n->v
[2018-11-23 10:58:41]	名 ag->q
[2018-11-23 10:58:41]	邪恶 a->an
[2018-11-23 10:58:41]	胸 n->ng
[2018-11-23 10:58:41]	公 ad->ng
[2018-11-23 10:58:41]	休假 n->vi
[2018-11-23 10:58:41]	虚伪 a->an
[2018-11-23 10:58:41]	徐 ag->nr1
[2018-11-23 10:58:41]	许 dg->m
[2018-11-23 10:58:41]	学龄 b->n
[2018-11-23 10:58:41]	压抑 a->v
[2018-11-23 10:58:41]	鸭 n->ng
[2018-11-23 10:58:41]	延长 ns->v
[2018-11-23 10:58:41]	延期 vd->vi
[2018-11-23 10:58:41]	缓期 vd->vi
[2018-11-23 10:58:41]	严正 a->nr
[2018-11-23 10:58:41]	高温 an->n
[2018-11-23 10:58:41]	火热 a->z
[2018-11-23 10:58:41]	研究 n->v
[2018-11-23 10:58:41]	演习 v->vn
[2018-11-23 10:58:41]	杨 ng->nr1
[2018-11-23 10:58:41]	阳性 b->n
[2018-11-23 10:58:41]	仰泳 vi->vn
[2018-11-23 10:58:41]	也 b->d
[2018-11-23 10:58:41]	进行 vn->vx
[2018-11-23 10:58:41]	布 b->n
[2018-11-23 10:58:41]	穿戴 n->v
[2018-11-23 10:58:41]	依靠 n->v
[2018-11-23 10:58:41]	移动 v->vn
[2018-11-23 10:58:41]	遗传 n->vn
[2018-11-23 10:58:41]	遗憾 a->sorr
[2018-11-23 10:58:41]	遗存 vi->vn
[2018-11-23 10:58:41]	往时 t->tg
[2018-11-23 10:58:41]	义务 d->n
[2018-11-23 10:58:41]	艺术 a->n
[2018-11-23 10:58:41]	意旨 n->nl
[2018-11-23 10:58:41]	因为 c->p
[2018-11-23 10:58:41]	由于 c->p
[2018-11-23 10:58:41]	银 b->ng
[2018-11-23 10:58:41]	引 ng->v
[2018-11-23 10:58:41]	隐蔽 a->v
[2018-11-23 10:58:41]	隐秘 a->n
[2018-11-23 10:58:41]	印染 v->vn
[2018-11-23 10:58:41]	印 b->v
[2018-11-23 10:58:41]	图章 n->nz
[2018-11-23 10:58:41]	应当 d->v
[2018-11-23 10:58:41]	俊杰 n->nr
[2018-11-23 10:58:41]	影响 n->v
[2018-11-23 10:58:41]	拥挤 a->vi
[2018-11-23 10:58:41]	勇于 d->v
[2018-11-23 10:58:41]	骁勇 a->an
[2018-11-23 10:58:41]	用 ng->p
[2018-11-23 10:58:41]	以 b->p
[2018-11-23 10:58:41]	优胜 a->vi
[2018-11-23 10:58:41]	优先 ad->v
[2018-11-23 10:58:41]	悠远 an->z
[2018-11-23 10:58:41]	油条 n->gms
[2018-11-23 10:58:41]	友善 a->nr
[2018-11-23 10:58:41]	又 c->d
[2018-11-23 10:58:41]	右 a->f
[2018-11-23 10:58:41]	于 ng->p
[2018-11-23 10:58:41]	初赛 n->vi
[2018-11-23 10:58:41]	预言 n->v
[2018-11-23 10:58:41]	冤枉 a->v
[2018-11-23 10:58:41]	原来 b->d
[2018-11-23 10:58:41]	原本 d->n
[2018-11-23 10:58:41]	原则 d->n
[2018-11-23 10:58:41]	圆 a->vg
[2018-11-23 10:58:41]	约会 n->vi
[2018-11-23 10:58:41]	局限 n->vi
[2018-11-23 10:58:41]	云 b->n
[2018-11-23 10:58:41]	正好 z->tg
[2018-11-23 10:58:41]	在 d->p
[2018-11-23 10:58:41]	当 ng->p
[2018-11-23 10:58:41]	暂时 b->d
[2018-11-23 10:58:41]	眼前 s->t
[2018-11-23 10:58:41]	负债 n->vi
[2018-11-23 10:58:41]	站 n->vi
[2018-11-23 10:58:41]	把握 n->v
[2018-11-23 10:58:41]	左右 f->m
[2018-11-23 10:58:41]	折价 vd->vi
[2018-11-23 10:58:41]	真 a->d
[2018-11-23 10:58:41]	实际 a->n
[2018-11-23 10:58:41]	真心 ad->n
[2018-11-23 10:58:41]	衷心 b->d
[2018-11-23 10:58:41]	振动 vi->vn
[2018-11-23 10:58:41]	颠簸 vd->vi
[2018-11-23 10:58:41]	振荡 vi->vn
[2018-11-23 10:58:41]	争议 n->vn
[2018-11-23 10:58:41]	整体 m->n
[2018-11-23 10:58:41]	正 a->d
[2018-11-23 10:58:41]	正面 a->n
[2018-11-23 10:58:41]	正理 n->nl
[2018-11-23 10:58:41]	证明 n->v
[2018-11-23 10:58:41]	对证 vn->n
[2018-11-23 10:58:41]	对照 p->v
[2018-11-23 10:58:41]	说明 n->v
[2018-11-23 10:58:41]	消费 n->vn
[2018-11-23 10:58:41]	明白 a->v
[2018-11-23 10:58:41]	了然 a->v
[2018-11-23 10:58:41]	知 ag->v
[2018-11-23 10:58:41]	直 a->d
[2018-11-23 10:58:41]	直线 d->n
[2018-11-23 10:58:41]	张 ng->q
[2018-11-23 10:58:41]	指挥 n->v
[2018-11-23 10:58:41]	指导 n->v
[2018-11-23 10:58:41]	中档 b->nl
[2018-11-23 10:58:41]	中国 ns->nz
[2018-11-23 10:58:41]	华夏 n->nz
[2018-11-23 10:58:41]	中央 f->n
[2018-11-23 10:58:41]	忠诚 a->v
[2018-11-23 10:58:41]	种 ng->v
[2018-11-23 10:58:41]	重 a->v
[2018-11-23 10:58:41]	关键 a->n
[2018-11-23 10:58:41]	重视 a->v
[2018-11-23 10:58:41]	周 ag->nr1
[2018-11-23 10:58:41]	昼夜 d->n
[2018-11-23 10:58:41]	皱 n->v
[2018-11-23 10:58:41]	朱 ag->nr1
[2018-11-23 10:58:41]	竹 n->ng
[2018-11-23 10:58:41]	主观 a->n
[2018-11-23 10:58:41]	主演 n->v
[2018-11-23 10:58:41]	助理 b->n
[2018-11-23 10:58:41]	大名鼎鼎 al->vl
[2018-11-23 10:58:41]	专门 b->d
[2018-11-23 10:58:41]	专注 a->vi
[2018-11-23 10:58:41]	埋头 vd->vi
[2018-11-23 10:58:41]	专业 a->n
[2018-11-23 10:58:41]	拐弯 n->vi
[2018-11-23 10:58:41]	华美 a->nz
[2018-11-23 10:58:41]	台 b->n
[2018-11-23 10:58:41]	我方 r->n
[2018-11-23 10:58:41]	自强 vd->vi
[2018-11-23 10:58:41]	自主 vd->vi
[2018-11-23 10:58:41]	自然 a->n
[2018-11-23 10:58:41]	自信 a->v
[2018-11-23 10:58:41]	自修 v->vl
[2018-11-23 10:58:41]	综合 a->vn
[2018-11-23 10:58:41]	总结 n->v
[2018-11-23 10:58:41]	纵横 n->v
[2018-11-23 10:58:41]	走私 b->v
[2018-11-23 10:58:41]	构成 n->v
[2018-11-23 10:58:41]	太 a->d
[2018-11-23 10:58:41]	到底 d->vi
[2018-11-23 10:58:41]	孝顺 a->v
[2018-11-23 10:58:41]	遵照 p->v
[2018-11-23 10:58:41]	作 ng->v
[2018-11-23 10:58:41]	零 a->m
[2018-11-23 10:58:41]	一 d->m
[2018-11-23 10:58:41]	九 b->m
[2018-11-23 10:58:41]	低价 ad->n
[2018-11-23 10:58:41]	火车站 n->gjtgj
[2018-11-23 10:58:41]	小时候 n->t
[2018-11-23 10:58:41]	综合性 b->n
[2018-11-23 10:58:41]	高价 d->n
[2018-11-23 10:58:41]	中考 n->v
[2018-11-23 10:58:41]	无效 a->vi
[2018-11-23 10:58:41]	爱人 n->nz
[2018-11-23 10:58:41]	把手 n->nz
[2018-11-23 10:58:41]	人为 b->d
[2018-11-23 10:58:41]	靠山 n->nz
[2018-11-23 10:58:41]	他人 rr->r
[2018-11-23 10:58:41]	不结盟 vi->vn
[2018-11-23 10:58:41]	不是 c->n
[2018-11-23 10:58:41]	不行 a->v
[2018-11-23 10:58:41]	不能 v->vi
[2018-11-23 10:58:41]	不会 v->vi
[2018-11-23 10:58:41]	车号 n->nz
[2018-11-23 10:58:41]	同党 n->nz
[2018-11-23 10:58:41]	上流 b->n
[2018-11-23 10:58:41]	出血 vi->v
[2018-11-23 10:58:41]	打的 v->vi
[2018-11-23 10:58:41]	除法 n->nz
[2018-11-23 10:58:41]	从中 d->n
[2018-11-23 10:58:41]	从宽 d->v
[2018-11-23 10:58:41]	从重 d->v
[2018-11-23 10:58:41]	搭建 v->vd
[2018-11-23 10:58:41]	各人 rr->r
[2018-11-23 10:58:41]	中选 vi->v
[2018-11-23 10:58:41]	各处 rzs->r
[2018-11-23 10:58:41]	四处 d->vi
[2018-11-23 10:58:41]	大路 n->nz
[2018-11-23 10:58:41]	拨打 v->vd
[2018-11-23 10:58:41]	大跌 v->vn
[2018-11-23 10:58:41]	会话 v->vn
[2018-11-23 10:58:41]	对应 vi->v
[2018-11-23 10:58:41]	有余 m->v
[2018-11-23 10:58:41]	要领 n->nz
[2018-11-23 10:58:41]	下学 v->vd
[2018-11-23 10:58:41]	分号 n->nz
[2018-11-23 10:58:41]	不合 v->n
[2018-11-23 10:58:41]	高等 b->a
[2018-11-23 10:58:41]	老大 a->n
[2018-11-23 10:58:41]	还给 v->vd
[2018-11-23 10:58:41]	对等 vi->vn
[2018-11-23 10:58:41]	有心 v->vd
[2018-11-23 10:58:41]	说法 n->nz
[2018-11-23 10:58:41]	真的 a->d
[2018-11-23 10:58:41]	大喊 v->vd
[2018-11-23 10:58:41]	后天 n->t
[2018-11-23 10:58:41]	回家 vi->v
[2018-11-23 10:58:41]	总会 d->n
[2018-11-23 10:58:41]	好多 m->a
[2018-11-23 10:58:41]	才能 n->v
[2018-11-23 10:58:41]	大奖 n->nz
[2018-11-23 10:58:41]	自大 a->an
[2018-11-23 10:58:41]	无礼 a->ad
[2018-11-23 10:58:41]	自得 an->a
[2018-11-23 10:58:41]	开关 n->v
[2018-11-23 10:58:41]	看不起 v->vn
[2018-11-23 10:58:41]	看得起 v->vn
[2018-11-23 10:58:41]	完了 vi->n
[2018-11-23 10:58:41]	理事 n->nz
[2018-11-23 10:58:41]	一口气 d->n
[2018-11-23 10:58:41]	本心 n->nl
[2018-11-23 10:58:41]	论说 vn->vl
[2018-11-23 10:58:41]	中意 a->n
[2018-11-23 10:58:41]	没用 a->v
[2018-11-23 10:58:41]	天天 d->q
[2018-11-23 10:58:41]	秒钟 n->q
[2018-11-23 10:58:41]	他俩 r->n
[2018-11-23 10:58:41]	年间 f->n
[2018-11-23 10:58:41]	江米 n->nz
[2018-11-23 10:58:41]	省钱 a->v
[2018-11-23 10:58:41]	早起 vi->v
[2018-11-23 10:58:41]	开车 vi->v
[2018-11-23 10:58:41]	千米 q->qv
[2018-11-23 10:58:41]	签定 v->vn
[2018-11-23 10:58:41]	好天 n->nz
[2018-11-23 10:58:41]	日食 n->nz
[2018-11-23 10:58:41]	火烧 n->v
[2018-11-23 10:58:41]	就是 c->n
[2018-11-23 10:58:41]	是不是 v->vd
[2018-11-23 10:58:41]	手指 n->nz
[2018-11-23 10:58:41]	国都 d->n
[2018-11-23 10:58:41]	得手 a->v
[2018-11-23 10:58:41]	大小 n->nz
[2018-11-23 10:58:41]	了得 a->ad
[2018-11-23 10:58:41]	脱钩 vi->v
[2018-11-23 10:58:41]	问号 n->nz
[2018-11-23 10:58:41]	西藏自治区 ns->nz
[2018-11-23 10:58:41]	小便 v->vi
[2018-11-23 10:58:41]	好在 d->v
[2018-11-23 10:58:41]	双眼 n->nz
[2018-11-23 10:58:41]	一角 n->v
[2018-11-23 10:58:41]	一元 b->nz
[2018-11-23 10:58:41]	引号 n->nz
[2018-11-23 10:58:41]	有用 a->n
[2018-11-23 10:58:41]	像片 n->nz
[2018-11-23 10:58:41]	争抢 v->vd
[2018-11-23 10:58:41]	小我 n->nz
[2018-11-23 10:58:41]	文字 n->nz
[2018-11-23 10:58:41]	不好 a->n
[2018-11-23 10:58:41]	下雨 vi->v
[2018-11-23 10:58:41]	多功能 b->n
[2018-11-23 10:58:41]	从未 d->n
[2018-11-23 10:58:41]	南北 f->n
[2018-11-23 10:58:41]	从不 d->n
[2018-11-23 10:58:41]	干什么 r->v
[2018-11-23 10:58:41]	不准 v->n
[2018-11-23 10:58:41]	开门 vd->n
[2018-11-23 10:58:41]	睡着 v->vd
[2018-11-23 10:58:41]	呼吸 v->vi
[2018-11-23 10:58:41]	长达 v->vl
[2018-11-23 10:58:41]	首次 m->n
[2018-11-23 10:58:41]	日间 t->nl
[2018-11-23 10:58:41]	辩护人 n->nz
[2018-11-23 10:58:41]	正在 d->n
[2018-11-23 10:58:41]	下流 a->s
[2018-11-23 10:58:41]	怎么办 ryv->n
[2018-11-23 10:58:41]	你好 vl->n
[2018-11-23 10:58:41]	正数 v->n
[2018-11-23 10:58:41]	三角 n->ns
[2018-11-23 10:58:41]	分区 n->v
[2018-11-23 10:58:41]	回车 vi->v
[2018-11-23 10:58:41]	选项 n->v
[2018-11-23 10:58:41]	打字 vi->vn
[2018-11-23 10:58:41]	百度 nz->mq
[2018-11-23 10:58:41]	同呼吸 vl->nl
[2018-11-23 16:02:54]	爱 b->v
[2018-11-23 16:02:54]	安 ag->v
[2018-11-23 16:02:54]	安定 a->an
[2018-11-23 16:02:54]	本分 a->n
[2018-11-23 16:02:54]	宁静 a->an
[2018-11-23 16:02:54]	安宁 a->an
[2018-11-23 16:02:54]	安谧 a->an
[2018-11-23 16:02:54]	和缓 a->ad
[2018-11-23 16:02:54]	太平 a->ns
[2018-11-23 16:02:54]	安全 a->an
[2018-11-23 16:02:54]	安慰 a->v
[2018-11-23 16:02:54]	按时 d->ad
[2018-11-23 16:02:54]	昂首 vd->vi
[2018-11-23 16:02:54]	昂扬 a->v
[2018-11-23 16:02:54]	后悔 a->v
[2018-11-23 16:02:54]	八宝粥 n->gms
[2018-11-23 16:02:54]	把 m->v
[2018-11-23 16:02:54]	百合 n->nr
[2018-11-23 16:02:54]	绊 ng->v
[2018-11-23 16:02:54]	棒 a->ng
[2018-11-23 16:02:54]	包 n->v
[2018-11-23 16:02:54]	折 ng->vi
[2018-11-23 16:02:54]	叠 q->v
[2018-11-23 16:02:54]	包子 n->gms
[2018-11-23 16:02:54]	保安 b->n
[2018-11-23 16:02:54]	保障 n->v
[2018-11-23 16:02:54]	保健 b->n
[2018-11-23 16:02:54]	封闭 a->v
[2018-11-23 16:02:54]	保险 a->n
[2018-11-23 16:02:54]	保证 n->v
[2018-11-23 16:02:54]	不好意思 a->vl
[2018-11-23 16:02:54]	背 a->v
[2018-11-23 16:02:54]	被 d->pbei
[2018-11-23 16:02:54]	必然 b->n
[2018-11-23 16:02:54]	一定 b->d
[2018-11-23 16:02:54]	边 b->n
[2018-11-23 16:02:54]	边缘 b->n
[2018-11-23 16:02:54]	边防 b->n
[2018-11-23 16:02:54]	边陲 n->s
[2018-11-23 16:02:54]	变化 v->vn
[2018-11-23 16:02:54]	标准 a->n
[2018-11-23 16:02:54]	规范 a->v
[2018-11-23 16:02:54]	飞跃 vi->vn
[2018-11-23 16:02:54]	口头 d->n
[2018-11-23 16:02:54]	表现 n->v
[2018-11-23 16:02:54]	别名 n->nz
[2018-11-23 16:02:54]	做作 a->v
[2018-11-23 16:02:54]	拨 q->v
[2018-11-23 16:02:54]	奔腾 nz->vi
[2018-11-23 16:02:54]	盘剥 v->vn
[2018-11-23 16:02:54]	补偿 v->vn
[2018-11-23 16:02:54]	甭 d->v
[2018-11-23 16:02:54]	不安 a->an
[2018-11-23 16:02:54]	焦虑 a->an
[2018-11-23 16:02:54]	恐慌 a->an
[2018-11-23 16:02:54]	不满 a->an
[2018-11-23 16:02:54]	例外 n->vi
[2018-11-23 16:02:54]	不幸 a->n
[2018-11-23 16:02:54]	部分 m->n
[2018-11-23 16:02:54]	华 ag->b
[2018-11-23 16:02:54]	愧疚 a->an
[2018-11-23 16:02:54]	辉煌 a->an
[2018-11-23 16:02:54]	绚烂 a->an
[2018-11-23 16:02:54]	仓储 n->vn
[2018-11-23 16:02:54]	费心 a->v
[2018-11-23 16:02:54]	迥异 a->z
[2018-11-23 16:02:54]	叶 n->ng
[2018-11-23 16:02:54]	拆解 v->vn
[2018-11-23 16:02:54]	知了 n->nz
[2018-11-23 16:02:54]	长春 ns->nz
[2018-11-23 16:02:54]	经常 b->d
[2018-11-23 16:02:54]	超 h->v
[2018-11-23 16:02:54]	超产 v->vn
[2018-11-23 16:02:54]	超支 n->v
[2018-11-23 16:02:54]	车次 n->nz
[2018-11-23 16:02:54]	沉淀 n->vi
[2018-11-23 16:02:54]	尽职 vd->vi
[2018-11-23 16:02:54]	诚心 a->n
[2018-11-23 16:02:54]	党羽 n->nz
[2018-11-23 16:02:54]	冲突 vi->vn
[2018-11-23 16:02:54]	倾心 ad->vi
[2018-11-23 16:02:54]	喜好 an->v
[2018-11-23 16:02:54]	空洞 a->n
[2018-11-23 16:02:54]	抽样 vd->vi
[2018-11-23 16:02:54]	臭豆腐 n->gms
[2018-11-23 16:02:54]	出口 n->vi
[2018-11-23 16:02:54]	肇事 vi->vn
[2018-11-23 16:02:54]	出租 n->v
[2018-11-23 16:02:54]	先期 b->d
[2018-11-23 16:02:54]	除外 vi->v
[2018-11-23 16:02:54]	装 n->v
[2018-11-23 16:02:54]	传统 a->n
[2018-11-23 16:02:54]	船 n->gjtgj
[2018-11-23 16:02:54]	轮船 n->gjtgj
[2018-11-23 16:02:54]	船舶 n->gjtgj
[2018-11-23 16:02:54]	春分 t->n
[2018-11-23 16:02:54]	刺 n->v
[2018-11-23 16:02:54]	睿智 a->an
[2018-11-23 16:02:54]	智慧 a->n
[2018-11-23 16:02:54]	从 d->p
[2018-11-23 16:02:54]	自 d->p
[2018-11-23 16:02:54]	粗心 a->an
[2018-11-23 16:02:54]	大意 a->n
[2018-11-23 16:02:54]	酸 a->n
[2018-11-23 16:02:54]	摩擦 v->vn
[2018-11-23 16:02:54]	坎坷 a->an
[2018-11-23 16:02:54]	错误 a->n
[2018-11-23 16:02:54]	达标 vd->vi
[2018-11-23 16:02:54]	答复 n->v
[2018-11-23 16:02:54]	打 p->v
[2018-11-23 16:02:54]	狩猎 n->vi
[2018-11-23 16:02:54]	打算 n->v
[2018-11-23 16:02:54]	大寒 t->nz
[2018-11-23 16:02:54]	大家 n->rr
[2018-11-23 16:02:54]	大料 n->nz
[2018-11-23 16:02:54]	大致 b->d
[2018-11-23 16:02:54]	呆 a->v
[2018-11-23 16:02:54]	代办 n->v
[2018-11-23 16:02:54]	代理 n->v
[2018-11-23 16:02:54]	带 n->v
[2018-11-23 16:02:54]	带子 n->v
[2018-11-23 16:02:54]	条 ng->q
[2018-11-23 16:02:54]	戴 nr1->v
[2018-11-23 16:02:54]	单 b->d
[2018-11-23 16:02:54]	单独 b->d
[2018-11-23 16:02:54]	当面 d->n
[2018-11-23 16:02:54]	那天 r->t
[2018-11-23 16:02:54]	挡 n->v
[2018-11-23 16:02:54]	的 n->ude1
[2018-11-23 16:02:54]	得 ude3->v
[2018-11-23 16:02:54]	到 p->v
[2018-11-23 16:02:54]	倒 d->vi
[2018-11-23 16:02:54]	偷 d->v
[2018-11-23 16:02:54]	道德 a->n
[2018-11-23 16:02:54]	道教 n->nz
[2018-11-23 16:02:54]	上岸 vi->v
[2018-11-23 16:02:54]	等 n->v
[2018-11-23 16:02:54]	地铁 n->gjtgj
[2018-11-23 16:02:54]	光 a->n
[2018-11-23 16:02:54]	光辉 a->n
[2018-11-23 16:02:54]	顶 f->v
[2018-11-23 16:02:54]	定额 d->n
[2018-11-23 16:02:54]	定期 b->d
[2018-11-23 16:02:54]	东 b->f
[2018-11-23 16:02:54]	东乡族 ns->nz
[2018-11-23 16:02:54]	全部 m->ad
[2018-11-23 16:02:54]	斗争 vi->vn
[2018-11-23 16:02:54]	独立 a->v
[2018-11-23 16:02:54]	自力 n->nr
[2018-11-23 16:02:54]	渡 ng->v
[2018-11-23 16:02:54]	端 ng->v
[2018-11-23 16:02:54]	端正 a->v
[2018-11-23 16:02:54]	断 d->v
[2018-11-23 16:02:54]	对仗 n->nz
[2018-11-23 16:02:54]	多 a->m
[2018-11-23 16:02:54]	饿 a->v
[2018-11-23 16:02:54]	发 ng->v
[2018-11-23 16:02:54]	带头 vd->vi
[2018-11-23 16:02:54]	发糕 n->gms
[2018-11-23 16:02:54]	施展 nr->v
[2018-11-23 16:02:54]	发烧 b->vi
[2018-11-23 16:02:54]	无力 a->vi
[2018-11-23 16:02:54]	法 b->n
[2018-11-23 16:02:54]	庭审 n->v
[2018-11-23 16:02:54]	帆船 n->gjtgj
[2018-11-23 16:02:54]	繁荣 a->an
[2018-11-23 16:02:54]	重复 a->v
[2018-11-23 16:02:54]	来回 d->vi
[2018-11-23 16:02:54]	反面 b->n
[2018-11-23 16:02:54]	反应 n->vi
[2018-11-23 16:02:54]	犯罪 vi->vn
[2018-11-23 16:02:54]	范 ng->nr1
[2018-11-23 16:02:54]	方 a->d
[2018-11-23 16:02:54]	方便面 n->gms
[2018-11-23 16:02:54]	防汛 vi->vn
[2018-11-23 16:02:54]	飞机 n->gjtgj
[2018-11-23 16:02:54]	肥 a->n
[2018-11-23 16:02:54]	分布 vd->vi
[2018-11-23 16:02:54]	分离 vd->vi
[2018-11-23 16:02:54]	分米 q->qt
[2018-11-23 16:02:54]	生气 a->n
[2018-11-23 16:02:54]	风光 a->n
[2018-11-23 16:02:54]	封 ng->v
[2018-11-23 16:02:54]	冯 m->nr1
[2018-11-23 16:02:54]	抚恤 vi->vn
[2018-11-23 16:02:54]	远望 nz->v
[2018-11-23 16:02:54]	腐败 a->an
[2018-11-23 16:02:54]	负责 a->v
[2018-11-23 16:02:54]	中兴 ns->nz
[2018-11-23 16:02:54]	副词 n->nz
[2018-11-23 16:02:54]	付 q->v
[2018-11-23 16:02:54]	次要 b->bl
[2018-11-23 16:02:54]	富 a->vg
[2018-11-23 16:02:54]	富有 a->v
[2018-11-23 16:02:54]	富余 a->vn
[2018-11-23 16:02:54]	盖 d->v
[2018-11-23 16:02:54]	扣 ng->v
[2018-11-23 16:02:54]	干 a->v
[2018-11-23 16:02:54]	甘 ad->ag
[2018-11-23 16:02:54]	感动 a->v
[2018-11-23 16:02:54]	感冒 n->vi
[2018-11-23 16:02:54]	不久 d->m
[2018-11-23 16:02:54]	方才 d->nr
[2018-11-23 16:02:54]	高贵 a->nr
[2018-11-23 16:02:54]	年老 a->vi
[2018-11-23 16:02:54]	革命 a->vn
[2018-11-23 16:02:54]	解 ng->v
[2018-11-23 16:02:54]	根据 n->p
[2018-11-23 16:02:54]	据 ng->p
[2018-11-23 16:02:54]	跟随 p->v
[2018-11-23 16:02:54]	随着 d->p
[2018-11-23 16:02:54]	更年期 n->t
[2018-11-23 16:02:54]	工作 n->vn
[2018-11-23 16:02:54]	公开 a->v
[2018-11-23 16:02:54]	巩固 a->v
[2018-11-23 16:02:54]	共产党 n->nz
[2018-11-23 16:02:54]	奉献 n->v
[2018-11-23 16:02:54]	够 a->v
[2018-11-23 16:02:54]	孤立 a->v
[2018-11-23 16:02:54]	孤僻 a->an
[2018-11-23 16:02:54]	鼓 a->v
[2018-11-23 16:02:54]	彭 m->nr1
[2018-11-23 16:02:54]	鼓舞 a->v
[2018-11-23 16:02:54]	固定 a->v
[2018-11-23 16:02:54]	稳定 a->an
[2018-11-23 16:02:54]	传奇 a->n
[2018-11-23 16:02:54]	故意 b->d
[2018-11-23 16:02:54]	有意 d->vi
[2018-11-23 16:02:54]	成心 d->v
[2018-11-23 16:02:54]	顾 ng->v
[2018-11-23 16:02:54]	挂 q->v
[2018-11-23 16:02:54]	关切 a->v
[2018-11-23 16:02:54]	论断 n->vn
[2018-11-23 16:02:54]	臣 n->ng
[2018-11-23 16:02:54]	管理 v->vn
[2018-11-23 16:02:54]	管制 v->vn
[2018-11-23 16:02:54]	光明 a->n
[2018-11-23 16:02:54]	亮 a->vi
[2018-11-23 16:02:54]	归结 n->vi
[2018-11-23 16:02:54]	鬼 a->n
[2018-11-23 16:02:54]	邪 a->ag
[2018-11-23 16:02:54]	滚 ng->vi
[2018-11-23 16:02:54]	国庆 n->t
[2018-11-23 16:02:54]	干脆 a->d
[2018-11-23 16:02:54]	断然 b->d
[2018-11-23 16:02:54]	果然 c->d
[2018-11-23 16:02:54]	果真 c->d
[2018-11-23 16:02:54]	过期 vd->vi
[2018-11-23 16:02:54]	海口 n->ns
[2018-11-23 16:02:54]	琼 b->nr1
[2018-11-23 16:02:54]	叫 n->vi
[2018-11-23 16:02:54]	汉堡包 n->gms
[2018-11-23 16:02:54]	数码 b->n
[2018-11-23 16:02:54]	合资 b->vi
[2018-11-23 16:02:54]	集资 vd->vi
[2018-11-23 16:02:55]	合伙 vd->vi
[2018-11-23 16:02:55]	合股 vd->vi
[2018-11-23 16:02:55]	和 ag->cc
[2018-11-23 16:02:55]	集合 n->v
[2018-11-23 16:02:55]	与 cc->p
[2018-11-23 16:02:55]	同 cc->p
[2018-11-23 16:02:55]	并 cc->d
[2018-11-23 16:02:55]	狠 a->d
[2018-11-23 16:02:55]	狠心 a->an
[2018-11-23 16:02:55]	横 a->v
[2018-11-23 16:02:55]	哄 o->v
[2018-11-23 16:02:55]	后期 f->t
[2018-11-23 16:02:55]	胡 d->nr1
[2018-11-23 16:02:55]	湖 b->n
[2018-11-23 16:02:55]	迷惑 a->v
[2018-11-23 16:02:55]	依稀 a->d
[2018-11-23 16:02:55]	互相 b->d
[2018-11-23 16:02:55]	花 a->n
[2018-11-23 16:02:55]	花卷 n->gms
[2018-11-23 16:02:55]	滑冰 n->vn
[2018-11-23 16:02:55]	滑雪 vi->vn
[2018-11-23 16:02:55]	化验 n->v
[2018-11-23 16:02:55]	打扮 n->v
[2018-11-23 16:02:55]	还账 v->vi
[2018-11-23 16:02:55]	涣散 a->v
[2018-11-23 16:02:55]	怪诞 a->an
[2018-11-23 16:02:55]	黄色 b->n
[2018-11-23 16:02:55]	回头 d->vi
[2018-11-23 16:02:55]	会 n->v
[2018-11-23 16:02:55]	馄饨 n->gms
[2018-11-23 16:02:55]	活动 a->vn
[2018-11-23 16:02:55]	该死 vi->v
[2018-11-23 16:02:55]	活 a->n
[2018-11-23 16:02:55]	火车 n->gjtgj
[2018-11-23 16:02:55]	机械 a->n
[2018-11-23 16:02:55]	缉私 vi->vn
[2018-11-23 16:02:55]	狂热 a->an
[2018-11-23 16:02:55]	极端 a->n
[2018-11-23 16:02:55]	集邮 vi->vn
[2018-11-23 16:02:55]	集中 a->v
[2018-11-23 16:02:55]	挤 a->v
[2018-11-23 16:02:55]	运算 vi->vn
[2018-11-23 16:02:55]	记录 n->v
[2018-11-23 16:02:55]	记载 n->v
[2018-11-23 16:02:55]	纪念 n->v
[2018-11-23 16:02:55]	长项 n->nz
[2018-11-23 16:02:55]	加班 vd->vi
[2018-11-23 16:02:55]	夹 b->v
[2018-11-23 16:02:55]	家 k->n
[2018-11-23 16:02:55]	值 a->n
[2018-11-23 16:02:55]	尖端 b->n
[2018-11-23 16:02:55]	坚定 a->v
[2018-11-23 16:02:55]	监察 v->vn
[2018-11-23 16:02:55]	调查 n->v
[2018-11-23 16:02:55]	方便 a->v
[2018-11-23 16:02:55]	便利 a->an
[2018-11-23 16:02:55]	间接 a->b
[2018-11-23 16:02:55]	建设 n->vn
[2018-11-23 16:02:55]	健全 a->v
[2018-11-23 16:02:55]	讲究 a->v
[2018-11-23 16:02:55]	降价 vd->vi
[2018-11-23 16:02:55]	坦白 a->v
[2018-11-23 16:02:55]	灌 ng->v
[2018-11-23 16:02:55]	娇气 a->n
[2018-11-23 16:02:55]	骄傲 a->an
[2018-11-23 16:02:55]	饺子 n->gms
[2018-11-23 16:02:55]	教 ng->v
[2018-11-23 16:02:55]	教育 v->vn
[2018-11-23 16:02:55]	接力 n->vn
[2018-11-23 16:02:55]	结果 c->n
[2018-11-23 16:02:55]	结业 vd->vi
[2018-11-23 16:02:55]	解放 a->v
[2018-11-23 16:02:55]	解放战争 n->nz
[2018-11-23 16:02:55]	借 p->v
[2018-11-23 16:02:55]	租 ng->v
[2018-11-23 16:02:55]	借贷 n->v
[2018-11-23 16:02:55]	借条 n->nz
[2018-11-23 16:02:55]	金 b->ng
[2018-11-23 16:02:55]	尽力 d->vi
[2018-11-23 16:02:55]	全力 d->n
[2018-11-23 16:02:55]	尽心 a->v
[2018-11-23 16:02:55]	进步 a->vn
[2018-11-23 16:02:55]	临近 a->v
[2018-11-23 16:02:55]	经过 n->p
[2018-11-23 16:02:55]	经济 a->n
[2018-11-23 16:02:55]	经营 n->v
[2018-11-23 16:02:55]	精神 a->n
[2018-11-23 16:02:55]	感慨 a->v
[2018-11-23 16:02:55]	警惕 a->v
[2018-11-23 16:02:55]	敬业 a->vi
[2018-11-23 16:02:55]	就 c->d
[2018-11-23 16:02:55]	举 ag->v
[2018-11-23 16:02:55]	举重 n->vn
[2018-11-23 16:02:55]	行 a->vi
[2018-11-23 16:02:55]	锯 n->v
[2018-11-23 16:02:55]	卷 ng->v
[2018-11-23 16:02:55]	决定 n->v
[2018-11-23 16:02:55]	决赛 vi->vn
[2018-11-23 16:02:55]	决心 d->n
[2018-11-23 16:02:55]	开创 n->v
[2018-11-23 16:02:55]	开放 a->v
[2018-11-23 16:02:55]	开阔 a->v
[2018-11-23 16:02:55]	伊始 t->vi
[2018-11-23 16:02:55]	初叶 f->t
[2018-11-23 16:02:55]	初始 b->t
[2018-11-23 16:02:55]	初步 b->d
[2018-11-23 16:02:55]	看 u->v
[2018-11-23 16:02:55]	测验 v->vn
[2018-11-23 16:02:55]	考验 v->vn
[2018-11-23 16:02:55]	烤鸭 n->gms
[2018-11-23 16:02:55]	靠 ng->v
[2018-11-23 16:02:55]	科学 a->n
[2018-11-23 16:02:55]	可怜 a->v
[2018-11-23 16:02:55]	可惜 a->v
[2018-11-23 16:02:55]	可以 a->v
[2018-11-23 16:02:55]	能 d->v
[2018-11-23 16:02:55]	克 b->vg
[2018-11-23 16:02:55]	客观 a->n
[2018-11-23 16:02:55]	买家 n->nz
[2018-11-23 16:02:55]	肯定 a->v
[2018-11-23 16:02:55]	空 a->v
[2018-11-23 16:02:55]	口 f->n
[2018-11-23 16:02:55]	苦 a->an
[2018-11-23 16:02:55]	苦涩 a->an
[2018-11-23 16:02:55]	苦闷 a->an
[2018-11-23 16:02:55]	迷茫 a->an
[2018-11-23 16:02:55]	苦恼 a->an
[2018-11-23 16:02:55]	迷惘 a->an
[2018-11-23 16:02:55]	夸张 n->vi
[2018-11-23 16:02:55]	跨 ng->v
[2018-11-23 16:02:55]	越 b->d
[2018-11-23 16:02:55]	匡 nr1->vg
[2018-11-23 16:02:55]	捆 ng->v
[2018-11-23 16:02:55]	困惑 a->an
[2018-11-23 16:02:55]	疑惑 an->v
[2018-11-23 16:02:55]	困难 a->an
[2018-11-23 16:02:55]	拉 b->v
[2018-11-23 16:02:55]	腊八粥 n->gms
[2018-11-23 16:02:55]	来 f->vf
[2018-11-23 16:02:55]	天车 n->nz
[2018-11-23 16:02:55]	懈怠 a->an
[2018-11-23 16:02:55]	劳动 vi->vn
[2018-11-23 16:02:55]	坚韧 a->an
[2018-11-23 16:02:55]	铭刻 n->v
[2018-11-23 16:02:55]	铭记 n->v
[2018-11-23 16:02:55]	东家 n->nz
[2018-11-23 16:02:55]	了 ule->y
[2018-11-23 16:02:55]	累 a->v
[2018-11-23 16:02:55]	疲劳 a->an
[2018-11-23 16:02:55]	困倦 a->an
[2018-11-23 16:02:55]	倦怠 a->an
[2018-11-23 16:02:55]	礼貌 a->an
[2018-11-23 16:02:55]	李 ng->nr1
[2018-11-23 16:02:55]	理想 a->n
[2018-11-23 16:02:55]	理性 b->n
[2018-11-23 16:02:55]	连 d->n
[2018-11-23 16:02:55]	盟 n->ng
[2018-11-23 16:02:55]	联系 n->v
[2018-11-23 16:02:55]	练习 n->v
[2018-11-23 16:02:55]	辽 b->tg
[2018-11-23 16:02:55]	劣 a->ag
[2018-11-23 16:02:55]	林 n->ng
[2018-11-23 16:02:55]	小气 a->ad
[2018-11-23 16:02:55]	零售 v->vn
[2018-11-23 16:02:55]	另外 c->rz
[2018-11-23 16:02:55]	小产 v->vi
[2018-11-23 16:02:55]	流行 a->v
[2018-11-23 16:02:55]	柳 n->ng
[2018-11-23 16:02:55]	漏 ng->v
[2018-11-23 16:02:55]	滴 q->v
[2018-11-23 16:02:55]	露 ng->v
[2018-11-23 16:02:55]	旅游 vi->vn
[2018-11-23 16:02:55]	动感 b->n
[2018-11-23 16:02:55]	乱 a->d
[2018-11-23 16:02:55]	轮班 vd->vn
[2018-11-23 16:02:55]	转 ng->v
[2018-11-23 16:02:55]	麻 a->n
[2018-11-23 16:02:55]	麻烦 a->an
[2018-11-23 16:02:55]	烦恼 a->an
[2018-11-23 16:02:55]	马 b->n
[2018-11-23 16:02:55]	馒头 n->gms
[2018-11-23 16:02:55]	满 a->v
[2018-11-23 16:02:55]	满足 a->v
[2018-11-23 16:02:55]	忙 a->v
[2018-11-23 16:02:55]	蒙 b->vi
[2018-11-23 16:02:55]	毛 a->nr1
[2018-11-23 16:02:55]	矛盾 a->an
[2018-11-23 16:02:55]	冒险 vd->vi
[2018-11-23 16:02:55]	贸易 v->vn
[2018-11-23 16:02:55]	没有 d->v
[2018-11-23 16:02:55]	无 d->v
[2018-11-23 16:02:55]	美 a->b
[2018-11-23 16:02:55]	住院 vd->vi
[2018-11-23 16:02:55]	耳语 n->vi
[2018-11-23 16:02:55]	秘密 a->n
[2018-11-23 16:02:55]	机密 a->n
[2018-11-23 16:02:55]	免费 vd->vi
[2018-11-23 16:02:55]	勉强 a->v
[2018-11-23 16:02:55]	民主 a->an
[2018-11-23 16:02:55]	起名 vi->v
[2018-11-23 16:02:55]	模范 a->n
[2018-11-23 16:02:55]	模拟 b->v
[2018-11-23 16:02:55]	磨 n->v
[2018-11-23 16:02:55]	生分 a->ad
[2018-11-23 16:02:55]	墨 b->n
[2018-11-23 16:02:55]	母 b->ng
[2018-11-23 16:02:55]	木 a->ng
[2018-11-23 16:02:55]	捐款 n->vi
[2018-11-23 16:02:55]	拿 p->v
[2018-11-23 16:02:55]	上税 v->vi
[2018-11-23 16:02:55]	委屈 a->v
[2018-11-23 16:02:55]	悲痛 a->an
[2018-11-23 16:02:55]	内蒙古自治区 ns->nz
[2018-11-23 16:02:55]	倪 x->n
[2018-11-23 16:02:55]	拟人 n->nz
[2018-11-23 16:02:55]	年 n->qt
[2018-11-23 16:02:55]	年岁 n->nl
[2018-11-23 16:02:55]	年事 n->nl
[2018-11-23 16:02:55]	凝眸 vd->vi
[2018-11-23 16:02:55]	牛 ag->n
[2018-11-23 16:02:55]	努力 a->an
[2018-11-23 16:02:55]	暖 a->v
[2018-11-23 16:02:55]	温暖 a->an
[2018-11-23 16:02:55]	温热 a->an
[2018-11-23 16:02:55]	和暖 a->an
[2018-11-23 16:02:55]	偶尔 b->d
[2018-11-23 16:02:55]	扑 o->v
[2018-11-23 16:02:55]	攀 b->v
[2018-11-23 16:02:55]	拍 ng->v
[2018-11-23 16:02:55]	排 n->v
[2018-11-23 16:02:55]	排队 n->vi
[2018-11-23 16:02:55]	派出所 n->gms
[2018-11-23 16:02:55]	派遣 v->gms
[2018-11-23 16:02:55]	派出 v->gms
[2018-11-23 16:02:55]	判断 n->v
[2018-11-23 16:02:55]	抛 nr1->v
[2018-11-23 16:02:55]	配套 a->v
[2018-11-23 16:02:55]	烹饪 n->vi
[2018-11-23 16:02:55]	相知 n->v
[2018-11-23 16:02:55]	捧 q->v
[2018-11-23 16:02:55]	批发 v->vn
[2018-11-23 16:02:55]	偏 a->d
[2018-11-23 16:02:55]	单方面 b->n
[2018-11-23 16:02:55]	飘 a->v
[2018-11-23 16:02:55]	撇 q->v
[2018-11-23 16:02:55]	应邀 vd->vi
[2018-11-23 16:02:55]	平 a->v
[2018-11-23 16:02:55]	通常 b->d
[2018-11-23 16:02:55]	破 a->v
[2018-11-23 16:02:55]	铺 n->v
[2018-11-23 16:02:55]	普及 a->v
[2018-11-23 16:02:55]	遍地 vd->vi
[2018-11-23 16:02:55]	限期 n->vi
[2018-11-23 16:02:55]	奇怪 a->v
[2018-11-23 16:02:55]	祷告 v->vn
[2018-11-23 16:02:55]	辗转 vd->vi
[2018-11-23 16:02:55]	蜿蜒 v->z
[2018-11-23 16:02:55]	启示 v->vn
[2018-11-23 16:02:55]	矜持 a->an
[2018-11-23 16:02:55]	署名 n->vi
[2018-11-23 16:02:55]	签名 n->vi
[2018-11-23 16:02:55]	前天 n->t
[2018-11-23 16:02:55]	壮 a->v
[2018-11-23 16:02:55]	争 ng->v
[2018-11-23 16:02:55]	乔木 n->nr
[2018-11-23 16:02:55]	切 ag->v
[2018-11-23 16:02:55]	亲近 a->v
[2018-11-23 16:02:55]	明确 a->v
[2018-11-23 16:02:55]	纯洁 a->v
[2018-11-23 16:02:55]	清明 a->t
[2018-11-23 16:02:55]	晴 an->vi
[2018-11-23 16:02:55]	让 p->v
[2018-11-23 16:02:55]	祝 ng->v
[2018-11-23 16:02:55]	贺 ng->vg
[2018-11-23 16:02:55]	秋 ng->tg
[2018-11-23 16:02:55]	求 ng->v
[2018-11-23 16:02:55]	曲 ag->n
[2018-11-23 16:02:55]	出 q->vf
[2018-11-23 16:02:55]	泉 n->ng
[2018-11-23 16:02:55]	缺 n->v
[2018-11-23 16:02:55]	欠缺 a->vi
[2018-11-23 16:02:55]	火 a->n
[2018-11-23 16:02:55]	夏 ng->tg
[2018-11-23 16:02:55]	热情 a->an
[2018-11-23 16:02:55]	热气球 n->gjtgj
[2018-11-23 16:02:55]	热心 a->v
[2018-11-23 16:02:55]	热忱 a->an
[2018-11-23 16:02:55]	热诚 a->an
[2018-11-23 16:02:55]	委任 n->v
[2018-11-23 16:02:55]	依旧 d->z
[2018-11-23 16:02:55]	照旧 d->v
[2018-11-23 16:02:55]	肉 a->n
[2018-11-23 16:02:55]	肉 a->gms
[2018-11-23 16:02:55]	撒 n->v
[2018-11-23 16:02:55]	塞 b->v
[2018-11-23 16:02:55]	堵 a->v
[2018-11-23 16:02:55]	信步 vd->vi
[2018-11-23 16:02:55]	土 a->n
[2018-11-23 16:02:55]	上 b->f
[2018-11-23 16:02:55]	设计 n->v
[2018-11-23 16:02:55]	摄像 n->vi
[2018-11-23 16:02:55]	申请 n->v
[2018-11-23 16:02:55]	全身 b->n
[2018-11-23 16:02:55]	体 k->ng
[2018-11-23 16:02:55]	身段 n->nz
[2018-11-23 16:02:55]	深入 a->v
[2018-11-23 16:02:55]	深度 ad->n
[2018-11-23 16:02:55]	神气 a->n
[2018-11-23 16:02:55]	升 q->v
[2018-11-23 16:02:55]	增值 n->vi
[2018-11-23 16:02:55]	生 a->v
[2018-11-23 16:02:55]	生产 n->v
[2018-11-23 16:02:55]	出产 n->v
[2018-11-23 16:02:55]	生活 vi->vn
[2018-11-23 16:02:55]	胜利 ad->vi
[2018-11-23 16:02:55]	失落 a->v
[2018-11-23 16:02:55]	狮 n->ng
[2018-11-23 16:02:55]	滋润 a->v
[2018-11-23 16:02:55]	温润 a->an
[2018-11-23 16:02:55]	石 b->ng
[2018-11-23 16:02:55]	时刻 d->n
[2018-11-23 16:02:55]	实践 n->v
[2018-11-23 16:02:55]	实质 a->n
[2018-11-23 16:02:55]	示范 vi->vn
[2018-11-23 16:02:55]	凡间 s->n
[2018-11-23 16:02:55]	是 ng->vshi
[2018-11-23 16:02:55]	便是 v->vd
[2018-11-23 16:02:55]	是否 d->v
[2018-11-23 16:02:55]	释迦牟尼 n->nrf
[2018-11-23 16:02:55]	收条 n->nz
[2018-11-23 16:02:55]	手 k->n
[2018-11-23 16:02:55]	手工 d->n
[2018-11-23 16:02:55]	守法 vd->vi
[2018-11-23 16:02:55]	首创 nz->v
[2018-11-23 16:02:55]	首先 c->d
[2018-11-23 16:02:55]	初 d->f
[2018-11-23 16:02:55]	最初 b->d
[2018-11-23 16:02:55]	禁不起 v->vd
[2018-11-23 16:02:55]	本 d->rz
[2018-11-23 16:02:55]	册 ng->q
[2018-11-23 16:02:55]	书册 n->nl
[2018-11-23 16:02:55]	疏松 a->vn
[2018-11-23 16:02:55]	熟悉 a->v
[2018-11-23 16:02:55]	属实 a->v
[2018-11-23 16:02:55]	鼠 n->ng
[2018-11-23 16:02:55]	竖 n->v
[2018-11-23 16:02:55]	刷 o->v
[2018-11-23 16:02:55]	帅 ng->nr1
[2018-11-23 16:02:55]	水笔 n->nz
[2018-11-23 16:02:55]	说 ng->v
[2018-11-23 16:02:55]	讲 ng->v
[2018-11-23 16:02:55]	司 n->ng
[2018-11-23 16:02:55]	松 a->v
[2018-11-23 16:02:55]	松懈 a->v
[2018-11-23 16:02:55]	宋 nr1->tg
[2018-11-23 16:02:55]	孙 n->nr1
[2018-11-23 16:02:55]	孙子 n->nr
[2018-11-23 16:02:55]	锁 n->v
[2018-11-23 16:02:55]	塔 b->n
[2018-11-23 16:02:55]	贪吃 an->v
[2018-11-23 16:02:55]	贪心 a->v
[2018-11-23 16:02:55]	弹 ng->v
[2018-11-23 16:02:55]	烫 a->v
[2018-11-23 16:02:55]	特别 a->d
[2018-11-23 16:02:55]	希罕 a->v
[2018-11-23 16:02:55]	疼痛 a->an
[2018-11-23 16:02:55]	挑剔 a->v
[2018-11-23 16:02:55]	提成 n->vi
[2018-11-23 16:02:55]	提议 n->v
[2018-11-23 16:02:55]	田野 n->nr
[2018-11-23 16:02:55]	唐 b->tg
[2018-11-23 16:02:55]	甘甜 a->an
[2018-11-23 16:02:55]	担 ng->v
[2018-11-23 16:02:55]	调控 v->vn
[2018-11-23 16:02:55]	跳 q->vi
[2018-11-23 16:02:55]	跳水 vi->vn
[2018-11-23 16:02:55]	跳远 vi->vn
[2018-11-23 16:02:55]	听 q->v
[2018-11-23 16:02:55]	通信 vi->vn
[2018-11-23 16:02:55]	同时 c->n
[2018-11-23 16:02:55]	同期 d->f
[2018-11-23 16:02:55]	统一 a->v
[2018-11-23 16:02:55]	痛苦 a->an
[2018-11-23 16:02:55]	头 k->n
[2018-11-23 16:02:55]	投资 n->v
[2018-11-23 16:02:55]	投入 a->v
[2018-11-23 16:02:55]	突出 a->v
[2018-11-23 16:02:55]	团结 a->v
[2018-11-23 16:02:55]	托 ng->v
[2018-11-23 16:02:55]	歪 a->v
[2018-11-23 16:02:55]	倾斜 vd->vi
[2018-11-23 16:02:56]	斜 a->v
[2018-11-23 16:02:56]	弯 a->v
[2018-11-23 16:02:56]	完善 a->v
[2018-11-23 16:02:56]	玩 ng->v
[2018-11-23 16:02:56]	夜晚 n->t
[2018-11-23 16:02:56]	夜间 f->t
[2018-11-23 16:02:56]	万 d->m
[2018-11-23 16:02:56]	万一 c->d
[2018-11-23 16:02:56]	联网 vd->vi
[2018-11-23 16:02:56]	望 ng->v
[2018-11-23 16:02:56]	无益 a->vi
[2018-11-23 16:02:56]	危险 a->an
[2018-11-23 16:02:56]	威风 a->an
[2018-11-23 16:02:56]	霸气 an->n
[2018-11-23 16:02:56]	微 a->nz
[2018-11-23 16:02:56]	违法 vd->vi
[2018-11-23 16:02:56]	相反 d->vi
[2018-11-23 16:02:56]	浩瀚 a->z
[2018-11-23 16:02:56]	卫生 a->an
[2018-11-23 16:02:56]	位 ng->q
[2018-11-23 16:02:56]	喂 e->v
[2018-11-23 16:02:56]	问候 v->vn
[2018-11-23 16:02:56]	温和 a->nr
[2018-11-23 16:02:56]	刻薄 a->an
[2018-11-23 16:02:56]	文明 a->n
[2018-11-23 16:02:56]	闻 ng->v
[2018-11-23 16:02:56]	问 ng->v
[2018-11-23 16:02:56]	咨询 v->vn
[2018-11-23 16:02:56]	无轨电车 nl->gjtgj
[2018-11-23 16:02:56]	无限 a->vi
[2018-11-23 16:02:56]	无穷 d->z
[2018-11-23 16:02:56]	时价 n->nl
[2018-11-23 16:02:56]	东西 f->n
[2018-11-23 16:02:56]	误工 vi->vn
[2018-11-23 16:02:56]	西 b->f
[2018-11-23 16:02:56]	希望 n->v
[2018-11-23 16:02:56]	就义 vi->v
[2018-11-23 16:02:56]	舍身 d->v
[2018-11-23 16:02:56]	习 ng->vg
[2018-11-23 16:02:56]	系统 a->n
[2018-11-23 16:02:56]	地 n->nz
[2018-11-23 16:02:56]	先后 d->ad
[2018-11-23 16:02:56]	娇艳 a->an
[2018-11-23 16:02:56]	现代 n->t
[2018-11-23 16:02:56]	现实 a->n
[2018-11-23 16:02:56]	相当 d->vi
[2018-11-23 16:02:56]	等同 vd->vi
[2018-11-23 16:02:56]	同样 b->d
[2018-11-23 16:02:56]	香 a->n
[2018-11-23 16:02:56]	想像 v->vd
[2018-11-23 16:02:56]	向 dg->p
[2018-11-23 16:02:56]	朝 b->p
[2018-11-23 16:02:56]	象 n->ng
[2018-11-23 16:02:56]	像 d->v
[2018-11-23 16:02:56]	仿佛 d->v
[2018-11-23 16:02:56]	似 d->vg
[2018-11-23 16:02:56]	飘逸 a->v
[2018-11-23 16:02:56]	童 b->ng
[2018-11-23 16:02:56]	小寒 t->nz
[2018-11-23 16:02:56]	小满 t->nz
[2018-11-23 16:02:56]	小雪 n->nr
[2018-11-23 16:02:56]	艰辛 a->an
[2018-11-23 16:02:56]	辛酸 a->an
[2018-11-23 16:02:56]	新词 n->nl
[2018-11-23 16:02:56]	信 ag->n
[2018-11-23 16:02:56]	信用 a->n
[2018-11-23 16:02:56]	兴奋 a->v
[2018-11-23 16:02:56]	成 a->v
[2018-11-23 16:02:56]	形象 a->n
[2018-11-23 16:02:56]	醒 ng->v
[2018-11-23 16:02:56]	幸福 a->happ
[2018-11-23 16:02:56]	性 k->ng
[2018-11-23 16:02:56]	姓 n->v
[2018-11-23 16:02:56]	名 ag->q
[2018-11-23 16:02:56]	邪恶 a->an
[2018-11-23 16:02:56]	胸 n->ng
[2018-11-23 16:02:56]	公 ad->ng
[2018-11-23 16:02:56]	休假 n->vi
[2018-11-23 16:02:56]	虚伪 a->an
[2018-11-23 16:02:56]	徐 ag->nr1
[2018-11-23 16:02:56]	许 dg->m
[2018-11-23 16:02:56]	学龄 b->n
[2018-11-23 16:02:56]	压抑 a->v
[2018-11-23 16:02:56]	鸭 n->ng
[2018-11-23 16:02:56]	延长 ns->v
[2018-11-23 16:02:56]	延期 vd->vi
[2018-11-23 16:02:56]	缓期 vd->vi
[2018-11-23 16:02:56]	严正 a->nr
[2018-11-23 16:02:56]	高温 an->n
[2018-11-23 16:02:56]	火热 a->z
[2018-11-23 16:02:56]	研究 n->v
[2018-11-23 16:02:56]	演习 v->vn
[2018-11-23 16:02:56]	杨 ng->nr1
[2018-11-23 16:02:56]	阳性 b->n
[2018-11-23 16:02:56]	仰泳 vi->vn
[2018-11-23 16:02:56]	也 b->d
[2018-11-23 16:02:56]	进行 vn->vx
[2018-11-23 16:02:56]	布 b->n
[2018-11-23 16:02:56]	穿戴 n->v
[2018-11-23 16:02:56]	依靠 n->v
[2018-11-23 16:02:56]	移动 v->vn
[2018-11-23 16:02:56]	遗传 n->vn
[2018-11-23 16:02:56]	遗憾 a->sorr
[2018-11-23 16:02:56]	遗存 vi->vn
[2018-11-23 16:02:56]	往时 t->tg
[2018-11-23 16:02:56]	义务 d->n
[2018-11-23 16:02:56]	艺术 a->n
[2018-11-23 16:02:56]	意旨 n->nl
[2018-11-23 16:02:56]	因为 c->p
[2018-11-23 16:02:56]	由于 c->p
[2018-11-23 16:02:56]	银 b->ng
[2018-11-23 16:02:56]	引 ng->v
[2018-11-23 16:02:56]	隐蔽 a->v
[2018-11-23 16:02:56]	隐秘 a->n
[2018-11-23 16:02:56]	印染 v->vn
[2018-11-23 16:02:56]	印 b->v
[2018-11-23 16:02:56]	图章 n->nz
[2018-11-23 16:02:56]	应当 d->v
[2018-11-23 16:02:56]	俊杰 n->nr
[2018-11-23 16:02:56]	影响 n->v
[2018-11-23 16:02:56]	拥挤 a->vi
[2018-11-23 16:02:56]	勇于 d->v
[2018-11-23 16:02:56]	骁勇 a->an
[2018-11-23 16:02:56]	用 ng->p
[2018-11-23 16:02:56]	以 b->p
[2018-11-23 16:02:56]	优胜 a->vi
[2018-11-23 16:02:56]	优先 ad->v
[2018-11-23 16:02:56]	悠远 an->z
[2018-11-23 16:02:56]	油条 n->gms
[2018-11-23 16:02:56]	友善 a->nr
[2018-11-23 16:02:56]	又 c->d
[2018-11-23 16:02:56]	右 a->f
[2018-11-23 16:02:56]	于 ng->p
[2018-11-23 16:02:56]	初赛 n->vi
[2018-11-23 16:02:56]	预言 n->v
[2018-11-23 16:02:56]	冤枉 a->v
[2018-11-23 16:02:56]	原来 b->d
[2018-11-23 16:02:56]	原本 d->n
[2018-11-23 16:02:56]	原则 d->n
[2018-11-23 16:02:56]	圆 a->vg
[2018-11-23 16:02:56]	约会 n->vi
[2018-11-23 16:02:56]	局限 n->vi
[2018-11-23 16:02:56]	云 b->n
[2018-11-23 16:02:56]	正好 z->tg
[2018-11-23 16:02:56]	在 d->p
[2018-11-23 16:02:56]	当 ng->p
[2018-11-23 16:02:56]	暂时 b->d
[2018-11-23 16:02:56]	眼前 s->t
[2018-11-23 16:02:56]	负债 n->vi
[2018-11-23 16:02:56]	站 n->vi
[2018-11-23 16:02:56]	把握 n->v
[2018-11-23 16:02:56]	左右 f->m
[2018-11-23 16:02:56]	折价 vd->vi
[2018-11-23 16:02:56]	真 a->d
[2018-11-23 16:02:56]	实际 a->n
[2018-11-23 16:02:56]	真心 ad->n
[2018-11-23 16:02:56]	衷心 b->d
[2018-11-23 16:02:56]	振动 vi->vn
[2018-11-23 16:02:56]	颠簸 vd->vi
[2018-11-23 16:02:56]	振荡 vi->vn
[2018-11-23 16:02:56]	争议 n->vn
[2018-11-23 16:02:56]	整体 m->n
[2018-11-23 16:02:56]	正 a->d
[2018-11-23 16:02:56]	正面 a->n
[2018-11-23 16:02:56]	正理 n->nl
[2018-11-23 16:02:56]	证明 n->v
[2018-11-23 16:02:56]	对证 vn->n
[2018-11-23 16:02:56]	对照 p->v
[2018-11-23 16:02:56]	说明 n->v
[2018-11-23 16:02:56]	消费 n->vn
[2018-11-23 16:02:56]	明白 a->v
[2018-11-23 16:02:56]	了然 a->v
[2018-11-23 16:02:56]	知 ag->v
[2018-11-23 16:02:56]	直 a->d
[2018-11-23 16:02:56]	直线 d->n
[2018-11-23 16:02:56]	张 ng->q
[2018-11-23 16:02:56]	指挥 n->v
[2018-11-23 16:02:56]	指导 n->v
[2018-11-23 16:02:56]	中档 b->nl
[2018-11-23 16:02:56]	中国 ns->nz
[2018-11-23 16:02:56]	华夏 n->nz
[2018-11-23 16:02:56]	中央 f->n
[2018-11-23 16:02:56]	忠诚 a->v
[2018-11-23 16:02:56]	种 ng->v
[2018-11-23 16:02:56]	重 a->v
[2018-11-23 16:02:56]	关键 a->n
[2018-11-23 16:02:56]	重视 a->v
[2018-11-23 16:02:56]	周 ag->nr1
[2018-11-23 16:02:56]	昼夜 d->n
[2018-11-23 16:02:56]	皱 n->v
[2018-11-23 16:02:56]	朱 ag->nr1
[2018-11-23 16:02:56]	竹 n->ng
[2018-11-23 16:02:56]	主观 a->n
[2018-11-23 16:02:56]	主演 n->v
[2018-11-23 16:02:56]	助理 b->n
[2018-11-23 16:02:56]	大名鼎鼎 al->vl
[2018-11-23 16:02:56]	专门 b->d
[2018-11-23 16:02:56]	专注 a->vi
[2018-11-23 16:02:56]	埋头 vd->vi
[2018-11-23 16:02:56]	专业 a->n
[2018-11-23 16:02:56]	拐弯 n->vi
[2018-11-23 16:02:56]	华美 a->nz
[2018-11-23 16:02:56]	台 b->n
[2018-11-23 16:02:56]	我方 r->n
[2018-11-23 16:02:56]	自强 vd->vi
[2018-11-23 16:02:56]	自主 vd->vi
[2018-11-23 16:02:56]	自然 a->n
[2018-11-23 16:02:56]	自信 a->v
[2018-11-23 16:02:56]	自修 v->vl
[2018-11-23 16:02:56]	综合 a->vn
[2018-11-23 16:02:56]	总结 n->v
[2018-11-23 16:02:56]	纵横 n->v
[2018-11-23 16:02:56]	走私 b->v
[2018-11-23 16:02:56]	构成 n->v
[2018-11-23 16:02:56]	太 a->d
[2018-11-23 16:02:56]	到底 d->vi
[2018-11-23 16:02:56]	孝顺 a->v
[2018-11-23 16:02:56]	遵照 p->v
[2018-11-23 16:02:56]	作 ng->v
[2018-11-23 16:02:56]	零 a->m
[2018-11-23 16:02:56]	一 d->m
[2018-11-23 16:02:56]	九 b->m
[2018-11-23 16:02:56]	低价 ad->n
[2018-11-23 16:02:56]	火车站 n->gjtgj
[2018-11-23 16:02:56]	小时候 n->t
[2018-11-23 16:02:56]	综合性 b->n
[2018-11-23 16:02:56]	高价 d->n
[2018-11-23 16:02:56]	中考 n->v
[2018-11-23 16:02:56]	无效 a->vi
[2018-11-23 16:02:56]	爱人 n->nz
[2018-11-23 16:02:56]	把手 n->nz
[2018-11-23 16:02:56]	人为 b->d
[2018-11-23 16:02:56]	靠山 n->nz
[2018-11-23 16:02:56]	他人 rr->r
[2018-11-23 16:02:56]	不结盟 vi->vn
[2018-11-23 16:02:56]	不是 c->n
[2018-11-23 16:02:56]	不行 a->v
[2018-11-23 16:02:56]	不能 v->vi
[2018-11-23 16:02:56]	不会 v->vi
[2018-11-23 16:02:56]	车号 n->nz
[2018-11-23 16:02:56]	同党 n->nz
[2018-11-23 16:02:56]	上流 b->n
[2018-11-23 16:02:56]	出血 vi->v
[2018-11-23 16:02:56]	打的 v->vi
[2018-11-23 16:02:56]	除法 n->nz
[2018-11-23 16:02:56]	从中 d->n
[2018-11-23 16:02:56]	从宽 d->v
[2018-11-23 16:02:56]	从重 d->v
[2018-11-23 16:02:56]	搭建 v->vd
[2018-11-23 16:02:56]	各人 rr->r
[2018-11-23 16:02:56]	中选 vi->v
[2018-11-23 16:02:56]	各处 rzs->r
[2018-11-23 16:02:56]	四处 d->vi
[2018-11-23 16:02:56]	大路 n->nz
[2018-11-23 16:02:56]	拨打 v->vd
[2018-11-23 16:02:56]	大跌 v->vn
[2018-11-23 16:02:56]	会话 v->vn
[2018-11-23 16:02:56]	对应 vi->v
[2018-11-23 16:02:56]	有余 m->v
[2018-11-23 16:02:56]	要领 n->nz
[2018-11-23 16:02:56]	下学 v->vd
[2018-11-23 16:02:56]	分号 n->nz
[2018-11-23 16:02:56]	不合 v->n
[2018-11-23 16:02:56]	高等 b->a
[2018-11-23 16:02:56]	老大 a->n
[2018-11-23 16:02:56]	还给 v->vd
[2018-11-23 16:02:56]	对等 vi->vn
[2018-11-23 16:02:56]	有心 v->vd
[2018-11-23 16:02:56]	说法 n->nz
[2018-11-23 16:02:56]	真的 a->d
[2018-11-23 16:02:56]	大喊 v->vd
[2018-11-23 16:02:56]	后天 n->t
[2018-11-23 16:02:56]	回家 vi->v
[2018-11-23 16:02:56]	总会 d->n
[2018-11-23 16:02:56]	好多 m->a
[2018-11-23 16:02:56]	才能 n->v
[2018-11-23 16:02:56]	大奖 n->nz
[2018-11-23 16:02:56]	自大 a->an
[2018-11-23 16:02:56]	无礼 a->ad
[2018-11-23 16:02:56]	自得 an->a
[2018-11-23 16:02:56]	开关 n->v
[2018-11-23 16:02:56]	看不起 v->vn
[2018-11-23 16:02:56]	看得起 v->vn
[2018-11-23 16:02:56]	完了 vi->n
[2018-11-23 16:02:56]	理事 n->nz
[2018-11-23 16:02:56]	一口气 d->n
[2018-11-23 16:02:56]	本心 n->nl
[2018-11-23 16:02:56]	论说 vn->vl
[2018-11-23 16:02:56]	中意 a->n
[2018-11-23 16:02:56]	没用 a->v
[2018-11-23 16:02:56]	天天 d->q
[2018-11-23 16:02:56]	秒钟 n->q
[2018-11-23 16:02:56]	他俩 r->n
[2018-11-23 16:02:56]	年间 f->n
[2018-11-23 16:02:56]	江米 n->nz
[2018-11-23 16:02:56]	省钱 a->v
[2018-11-23 16:02:56]	早起 vi->v
[2018-11-23 16:02:56]	开车 vi->v
[2018-11-23 16:02:56]	千米 q->qv
[2018-11-23 16:02:56]	签定 v->vn
[2018-11-23 16:02:56]	好天 n->nz
[2018-11-23 16:02:56]	日食 n->nz
[2018-11-23 16:02:56]	火烧 n->v
[2018-11-23 16:02:56]	就是 c->n
[2018-11-23 16:02:56]	是不是 v->vd
[2018-11-23 16:02:56]	手指 n->nz
[2018-11-23 16:02:56]	国都 d->n
[2018-11-23 16:02:56]	得手 a->v
[2018-11-23 16:02:56]	大小 n->nz
[2018-11-23 16:02:56]	了得 a->ad
[2018-11-23 16:02:56]	脱钩 vi->v
[2018-11-23 16:02:56]	问号 n->nz
[2018-11-23 16:02:56]	西藏自治区 ns->nz
[2018-11-23 16:02:56]	小便 v->vi
[2018-11-23 16:02:56]	好在 d->v
[2018-11-23 16:02:56]	双眼 n->nz
[2018-11-23 16:02:56]	一角 n->v
[2018-11-23 16:02:56]	一元 b->nz
[2018-11-23 16:02:56]	引号 n->nz
[2018-11-23 16:02:56]	有用 a->n
[2018-11-23 16:02:56]	像片 n->nz
[2018-11-23 16:02:56]	争抢 v->vd
[2018-11-23 16:02:56]	小我 n->nz
[2018-11-23 16:02:56]	文字 n->nz
[2018-11-23 16:02:56]	不好 a->n
[2018-11-23 16:02:56]	下雨 vi->v
[2018-11-23 16:02:56]	多功能 b->n
[2018-11-23 16:02:56]	从未 d->n
[2018-11-23 16:02:56]	南北 f->n
[2018-11-23 16:02:56]	从不 d->n
[2018-11-23 16:02:56]	干什么 r->v
[2018-11-23 16:02:56]	不准 v->n
[2018-11-23 16:02:56]	开门 vd->n
[2018-11-23 16:02:56]	睡着 v->vd
[2018-11-23 16:02:56]	呼吸 v->vi
[2018-11-23 16:02:56]	长达 v->vl
[2018-11-23 16:02:56]	首次 m->n
[2018-11-23 16:02:56]	日间 t->nl
[2018-11-23 16:02:56]	辩护人 n->nz
[2018-11-23 16:02:56]	正在 d->n
[2018-11-23 16:02:56]	下流 a->s
[2018-11-23 16:02:56]	怎么办 ryv->n
[2018-11-23 16:02:56]	你好 vl->n
[2018-11-23 16:02:56]	正数 v->n
[2018-11-23 16:02:56]	三角 n->ns
[2018-11-23 16:02:56]	分区 n->v
[2018-11-23 16:02:56]	回车 vi->v
[2018-11-23 16:02:56]	选项 n->v
[2018-11-23 16:02:56]	打字 vi->vn
[2018-11-23 16:02:56]	百度 nz->mq
[2018-11-23 16:02:56]	同呼吸 vl->nl
