[2018-10-26 16:15:11]	爱 b->v
[2018-10-26 16:15:11]	安 ag->v
[2018-10-26 16:15:11]	安定 a->an
[2018-10-26 16:15:11]	本分 a->n
[2018-10-26 16:15:11]	宁静 a->an
[2018-10-26 16:15:11]	安宁 a->an
[2018-10-26 16:15:11]	安谧 a->an
[2018-10-26 16:15:11]	和缓 a->ad
[2018-10-26 16:15:11]	太平 a->ns
[2018-10-26 16:15:11]	安全 a->an
[2018-10-26 16:15:11]	安慰 a->v
[2018-10-26 16:15:11]	按时 d->ad
[2018-10-26 16:15:11]	昂首 vd->vi
[2018-10-26 16:15:11]	昂扬 a->v
[2018-10-26 16:15:11]	后悔 a->v
[2018-10-26 16:15:11]	八宝粥 n->gms
[2018-10-26 16:15:11]	把 m->v
[2018-10-26 16:15:11]	百合 n->nr
[2018-10-26 16:15:11]	绊 ng->v
[2018-10-26 16:15:11]	棒 a->ng
[2018-10-26 16:15:11]	包 n->v
[2018-10-26 16:15:11]	折 ng->vi
[2018-10-26 16:15:11]	叠 q->v
[2018-10-26 16:15:11]	包子 n->gms
[2018-10-26 16:15:11]	保安 b->n
[2018-10-26 16:15:11]	保障 n->v
[2018-10-26 16:15:11]	保健 b->n
[2018-10-26 16:15:11]	封闭 a->v
[2018-10-26 16:15:11]	保险 a->n
[2018-10-26 16:15:11]	保证 n->v
[2018-10-26 16:15:11]	不好意思 a->vl
[2018-10-26 16:15:11]	背 a->v
[2018-10-26 16:15:11]	被 d->pbei
[2018-10-26 16:15:11]	必然 b->n
[2018-10-26 16:15:11]	一定 b->d
[2018-10-26 16:15:11]	边 b->n
[2018-10-26 16:15:11]	边缘 b->n
[2018-10-26 16:15:11]	边防 b->n
[2018-10-26 16:15:11]	边陲 n->s
[2018-10-26 16:15:11]	变化 v->vn
[2018-10-26 16:15:11]	标准 a->n
[2018-10-26 16:15:11]	规范 a->v
[2018-10-26 16:15:11]	飞跃 vi->vn
[2018-10-26 16:15:11]	口头 d->n
[2018-10-26 16:15:11]	表现 n->v
[2018-10-26 16:15:11]	别名 n->nz
[2018-10-26 16:15:11]	做作 a->v
[2018-10-26 16:15:11]	拨 q->v
[2018-10-26 16:15:11]	奔腾 nz->vi
[2018-10-26 16:15:11]	盘剥 v->vn
[2018-10-26 16:15:11]	补偿 v->vn
[2018-10-26 16:15:11]	甭 d->v
[2018-10-26 16:15:11]	不安 a->an
[2018-10-26 16:15:11]	焦虑 a->an
[2018-10-26 16:15:11]	恐慌 a->an
[2018-10-26 16:15:11]	不满 a->an
[2018-10-26 16:15:11]	例外 n->vi
[2018-10-26 16:15:11]	不幸 a->n
[2018-10-26 16:15:11]	部分 m->n
[2018-10-26 16:15:11]	华 ag->b
[2018-10-26 16:15:11]	愧疚 a->an
[2018-10-26 16:15:11]	辉煌 a->an
[2018-10-26 16:15:11]	绚烂 a->an
[2018-10-26 16:15:11]	仓储 n->vn
[2018-10-26 16:15:11]	费心 a->v
[2018-10-26 16:15:11]	迥异 a->z
[2018-10-26 16:15:11]	叶 n->ng
[2018-10-26 16:15:11]	拆解 v->vn
[2018-10-26 16:15:11]	知了 n->nz
[2018-10-26 16:15:11]	长春 ns->nz
[2018-10-26 16:15:11]	经常 b->d
[2018-10-26 16:15:11]	超 h->v
[2018-10-26 16:15:11]	超产 v->vn
[2018-10-26 16:15:11]	超支 n->v
[2018-10-26 16:15:11]	车次 n->nz
[2018-10-26 16:15:11]	沉淀 n->vi
[2018-10-26 16:15:11]	尽职 vd->vi
[2018-10-26 16:15:11]	诚心 a->n
[2018-10-26 16:15:11]	党羽 n->nz
[2018-10-26 16:15:11]	冲突 vi->vn
[2018-10-26 16:15:11]	倾心 ad->vi
[2018-10-26 16:15:11]	喜好 an->v
[2018-10-26 16:15:11]	空洞 a->n
[2018-10-26 16:15:11]	抽样 vd->vi
[2018-10-26 16:15:11]	臭豆腐 n->gms
[2018-10-26 16:15:11]	出口 n->vi
[2018-10-26 16:15:11]	肇事 vi->vn
[2018-10-26 16:15:11]	出租 n->v
[2018-10-26 16:15:11]	先期 b->d
[2018-10-26 16:15:11]	除外 vi->v
[2018-10-26 16:15:11]	装 n->v
[2018-10-26 16:15:11]	传统 a->n
[2018-10-26 16:15:11]	船 n->gjtgj
[2018-10-26 16:15:11]	轮船 n->gjtgj
[2018-10-26 16:15:11]	船舶 n->gjtgj
[2018-10-26 16:15:11]	春分 t->n
[2018-10-26 16:15:11]	刺 n->v
[2018-10-26 16:15:11]	睿智 a->an
[2018-10-26 16:15:11]	智慧 a->n
[2018-10-26 16:15:11]	从 d->p
[2018-10-26 16:15:11]	自 d->p
[2018-10-26 16:15:11]	粗心 a->an
[2018-10-26 16:15:11]	大意 a->n
[2018-10-26 16:15:11]	酸 a->n
[2018-10-26 16:15:11]	摩擦 v->vn
[2018-10-26 16:15:11]	坎坷 a->an
[2018-10-26 16:15:11]	错误 a->n
[2018-10-26 16:15:11]	达标 vd->vi
[2018-10-26 16:15:11]	答复 n->v
[2018-10-26 16:15:11]	打 p->v
[2018-10-26 16:15:11]	狩猎 n->vi
[2018-10-26 16:15:11]	打算 n->v
[2018-10-26 16:15:11]	大寒 t->nz
[2018-10-26 16:15:11]	大家 n->rr
[2018-10-26 16:15:11]	大料 n->nz
[2018-10-26 16:15:11]	大致 b->d
[2018-10-26 16:15:11]	呆 a->v
[2018-10-26 16:15:11]	代办 n->v
[2018-10-26 16:15:11]	代理 n->v
[2018-10-26 16:15:11]	带 n->v
[2018-10-26 16:15:11]	带子 n->v
[2018-10-26 16:15:11]	条 ng->q
[2018-10-26 16:15:11]	戴 nr1->v
[2018-10-26 16:15:11]	单 b->d
[2018-10-26 16:15:11]	单独 b->d
[2018-10-26 16:15:11]	当面 d->n
[2018-10-26 16:15:11]	那天 r->t
[2018-10-26 16:15:11]	挡 n->v
[2018-10-26 16:15:11]	的 n->ude1
[2018-10-26 16:15:11]	得 ude3->v
[2018-10-26 16:15:11]	到 p->v
[2018-10-26 16:15:11]	倒 d->vi
[2018-10-26 16:15:11]	偷 d->v
[2018-10-26 16:15:11]	道德 a->n
[2018-10-26 16:15:11]	道教 n->nz
[2018-10-26 16:15:11]	上岸 vi->v
[2018-10-26 16:15:11]	等 n->v
[2018-10-26 16:15:11]	地铁 n->gjtgj
[2018-10-26 16:15:11]	光 a->n
[2018-10-26 16:15:11]	光辉 a->n
[2018-10-26 16:15:11]	顶 f->v
[2018-10-26 16:15:11]	定额 d->n
[2018-10-26 16:15:11]	定期 b->d
[2018-10-26 16:15:11]	东 b->f
[2018-10-26 16:15:11]	东乡族 ns->nz
[2018-10-26 16:15:11]	斗争 vi->vn
[2018-10-26 16:15:11]	独立 a->v
[2018-10-26 16:15:11]	自力 n->nr
[2018-10-26 16:15:11]	渡 ng->v
[2018-10-26 16:15:11]	端 ng->v
[2018-10-26 16:15:11]	端正 a->v
[2018-10-26 16:15:11]	断 d->v
[2018-10-26 16:15:11]	对仗 n->nz
[2018-10-26 16:15:11]	多 a->m
[2018-10-26 16:15:11]	饿 a->v
[2018-10-26 16:15:11]	发 ng->v
[2018-10-26 16:15:11]	带头 vd->vi
[2018-10-26 16:15:11]	发糕 n->gms
[2018-10-26 16:15:11]	施展 nr->v
[2018-10-26 16:15:11]	发烧 b->vi
[2018-10-26 16:15:11]	无力 a->vi
[2018-10-26 16:15:11]	法 b->n
[2018-10-26 16:15:11]	庭审 n->v
[2018-10-26 16:15:11]	帆船 n->gjtgj
[2018-10-26 16:15:11]	繁荣 a->an
[2018-10-26 16:15:11]	重复 a->v
[2018-10-26 16:15:11]	来回 d->vi
[2018-10-26 16:15:11]	反面 b->n
[2018-10-26 16:15:11]	反应 n->vi
[2018-10-26 16:15:11]	犯罪 vi->vn
[2018-10-26 16:15:11]	范 ng->nr1
[2018-10-26 16:15:11]	方 a->d
[2018-10-26 16:15:11]	方便面 n->gms
[2018-10-26 16:15:11]	防汛 vi->vn
[2018-10-26 16:15:11]	飞机 n->gjtgj
[2018-10-26 16:15:11]	肥 a->n
[2018-10-26 16:15:11]	分布 vd->vi
[2018-10-26 16:15:11]	分离 vd->vi
[2018-10-26 16:15:11]	分米 q->qt
[2018-10-26 16:15:11]	生气 a->n
[2018-10-26 16:15:11]	风光 a->n
[2018-10-26 16:15:11]	封 ng->v
[2018-10-26 16:15:11]	冯 m->nr1
[2018-10-26 16:15:11]	抚恤 vi->vn
[2018-10-26 16:15:11]	远望 nz->v
[2018-10-26 16:15:11]	腐败 a->an
[2018-10-26 16:15:11]	负责 a->v
[2018-10-26 16:15:11]	中兴 ns->nz
[2018-10-26 16:15:11]	副词 n->nz
[2018-10-26 16:15:11]	付 q->v
[2018-10-26 16:15:11]	次要 b->bl
[2018-10-26 16:15:11]	富 a->vg
[2018-10-26 16:15:11]	富有 a->v
[2018-10-26 16:15:11]	富余 a->vn
[2018-10-26 16:15:11]	盖 d->v
[2018-10-26 16:15:11]	扣 ng->v
[2018-10-26 16:15:11]	干 a->v
[2018-10-26 16:15:11]	甘 ad->ag
[2018-10-26 16:15:11]	感动 a->v
[2018-10-26 16:15:11]	感冒 n->vi
[2018-10-26 16:15:11]	不久 d->m
[2018-10-26 16:15:11]	方才 d->nr
[2018-10-26 16:15:11]	高贵 a->nr
[2018-10-26 16:15:11]	年老 a->vi
[2018-10-26 16:15:11]	革命 a->vn
[2018-10-26 16:15:11]	解 ng->v
[2018-10-26 16:15:11]	根据 n->p
[2018-10-26 16:15:11]	据 ng->p
[2018-10-26 16:15:11]	跟随 p->v
[2018-10-26 16:15:11]	随着 d->p
[2018-10-26 16:15:11]	更年期 n->t
[2018-10-26 16:15:11]	工作 n->vn
[2018-10-26 16:15:11]	公开 a->v
[2018-10-26 16:15:11]	巩固 a->v
[2018-10-26 16:15:11]	奉献 n->v
[2018-10-26 16:15:11]	够 a->v
[2018-10-26 16:15:11]	孤立 a->v
[2018-10-26 16:15:11]	孤僻 a->an
[2018-10-26 16:15:11]	鼓 a->v
[2018-10-26 16:15:11]	彭 m->nr1
[2018-10-26 16:15:11]	鼓舞 a->v
[2018-10-26 16:15:11]	固定 a->v
[2018-10-26 16:15:11]	稳定 a->an
[2018-10-26 16:15:11]	传奇 a->n
[2018-10-26 16:15:11]	故意 b->d
[2018-10-26 16:15:11]	有意 d->vi
[2018-10-26 16:15:11]	成心 d->v
[2018-10-26 16:15:11]	顾 ng->v
[2018-10-26 16:15:11]	挂 q->v
[2018-10-26 16:15:11]	关切 a->v
[2018-10-26 16:15:11]	论断 n->vn
[2018-10-26 16:15:11]	臣 n->ng
[2018-10-26 16:15:11]	管理 v->vn
[2018-10-26 16:15:11]	管制 v->vn
[2018-10-26 16:15:11]	光明 a->n
[2018-10-26 16:15:11]	亮 a->vi
[2018-10-26 16:15:11]	归结 n->vi
[2018-10-26 16:15:11]	鬼 a->n
[2018-10-26 16:15:11]	邪 a->ag
[2018-10-26 16:15:11]	滚 ng->vi
[2018-10-26 16:15:11]	国庆 n->t
[2018-10-26 16:15:11]	干脆 a->d
[2018-10-26 16:15:11]	断然 b->d
[2018-10-26 16:15:11]	果然 c->d
[2018-10-26 16:15:11]	果真 c->d
[2018-10-26 16:15:11]	过期 vd->vi
[2018-10-26 16:15:11]	海口 n->ns
[2018-10-26 16:15:11]	琼 b->nr1
[2018-10-26 16:15:11]	叫 n->vi
[2018-10-26 16:15:11]	汉堡包 n->gms
[2018-10-26 16:15:11]	数码 b->n
[2018-10-26 16:15:11]	合资 b->vi
[2018-10-26 16:15:11]	集资 vd->vi
[2018-10-26 16:15:11]	合伙 vd->vi
[2018-10-26 16:15:11]	合股 vd->vi
[2018-10-26 16:15:11]	和 ag->cc
[2018-10-26 16:15:11]	集合 n->v
[2018-10-26 16:15:11]	与 cc->p
[2018-10-26 16:15:11]	同 cc->p
[2018-10-26 16:15:11]	并 cc->d
[2018-10-26 16:15:11]	狠 a->d
[2018-10-26 16:15:11]	狠心 a->an
[2018-10-26 16:15:11]	横 a->v
[2018-10-26 16:15:11]	哄 o->v
[2018-10-26 16:15:11]	后期 f->t
[2018-10-26 16:15:11]	胡 d->nr1
[2018-10-26 16:15:11]	湖 b->n
[2018-10-26 16:15:11]	迷惑 a->v
[2018-10-26 16:15:11]	依稀 a->d
[2018-10-26 16:15:11]	互相 b->d
[2018-10-26 16:15:11]	花 a->n
[2018-10-26 16:15:11]	花卷 n->gms
[2018-10-26 16:15:11]	滑冰 n->vn
[2018-10-26 16:15:11]	滑雪 vi->vn
[2018-10-26 16:15:11]	化验 n->v
[2018-10-26 16:15:11]	打扮 n->v
[2018-10-26 16:15:11]	还账 v->vi
[2018-10-26 16:15:11]	涣散 a->v
[2018-10-26 16:15:11]	怪诞 a->an
[2018-10-26 16:15:11]	黄色 b->n
[2018-10-26 16:15:11]	回头 d->vi
[2018-10-26 16:15:11]	会 n->v
[2018-10-26 16:15:11]	馄饨 n->gms
[2018-10-26 16:15:11]	活动 a->vn
[2018-10-26 16:15:11]	该死 vi->v
[2018-10-26 16:15:11]	活 a->n
[2018-10-26 16:15:11]	火车 n->gjtgj
[2018-10-26 16:15:11]	机械 a->n
[2018-10-26 16:15:11]	缉私 vi->vn
[2018-10-26 16:15:11]	狂热 a->an
[2018-10-26 16:15:11]	极端 a->n
[2018-10-26 16:15:11]	集邮 vi->vn
[2018-10-26 16:15:11]	集中 a->v
[2018-10-26 16:15:11]	挤 a->v
[2018-10-26 16:15:11]	运算 vi->vn
[2018-10-26 16:15:11]	记录 n->v
[2018-10-26 16:15:11]	记载 n->v
[2018-10-26 16:15:11]	纪念 n->v
[2018-10-26 16:15:11]	长项 n->nz
[2018-10-26 16:15:11]	加班 vd->vi
[2018-10-26 16:15:11]	夹 b->v
[2018-10-26 16:15:11]	家 k->n
[2018-10-26 16:15:11]	值 a->n
[2018-10-26 16:15:11]	尖端 b->n
[2018-10-26 16:15:11]	坚定 a->v
[2018-10-26 16:15:11]	监察 v->vn
[2018-10-26 16:15:11]	调查 n->v
[2018-10-26 16:15:11]	方便 a->v
[2018-10-26 16:15:11]	便利 a->an
[2018-10-26 16:15:11]	间接 a->b
[2018-10-26 16:15:11]	建设 n->vn
[2018-10-26 16:15:11]	健全 a->v
[2018-10-26 16:15:11]	讲究 a->v
[2018-10-26 16:15:11]	降价 vd->vi
[2018-10-26 16:15:11]	坦白 a->v
[2018-10-26 16:15:11]	灌 ng->v
[2018-10-26 16:15:11]	娇气 a->n
[2018-10-26 16:15:11]	骄傲 a->an
[2018-10-26 16:15:11]	饺子 n->gms
[2018-10-26 16:15:11]	教 ng->v
[2018-10-26 16:15:11]	教育 v->vn
[2018-10-26 16:15:11]	接力 n->vn
[2018-10-26 16:15:11]	结果 c->n
[2018-10-26 16:15:11]	结业 vd->vi
[2018-10-26 16:15:11]	解放 a->v
[2018-10-26 16:15:11]	解放战争 n->nz
[2018-10-26 16:15:11]	借 p->v
[2018-10-26 16:15:11]	租 ng->v
[2018-10-26 16:15:11]	借贷 n->v
[2018-10-26 16:15:11]	借条 n->nz
[2018-10-26 16:15:11]	金 b->ng
[2018-10-26 16:15:11]	尽力 d->vi
[2018-10-26 16:15:11]	全力 d->n
[2018-10-26 16:15:11]	尽心 a->v
[2018-10-26 16:15:11]	进步 a->vn
[2018-10-26 16:15:11]	临近 a->v
[2018-10-26 16:15:11]	经过 n->p
[2018-10-26 16:15:11]	经济 a->n
[2018-10-26 16:15:11]	经营 n->v
[2018-10-26 16:15:11]	精神 a->n
[2018-10-26 16:15:11]	感慨 a->v
[2018-10-26 16:15:11]	警惕 a->v
[2018-10-26 16:15:11]	敬业 a->vi
[2018-10-26 16:15:11]	就 c->d
[2018-10-26 16:15:11]	举 ag->v
[2018-10-26 16:15:11]	举重 n->vn
[2018-10-26 16:15:11]	行 a->vi
[2018-10-26 16:15:11]	锯 n->v
[2018-10-26 16:15:11]	卷 ng->v
[2018-10-26 16:15:11]	决定 n->v
[2018-10-26 16:15:11]	决赛 vi->vn
[2018-10-26 16:15:11]	决心 d->n
[2018-10-26 16:15:11]	开创 n->v
[2018-10-26 16:15:11]	开放 a->v
[2018-10-26 16:15:11]	开阔 a->v
[2018-10-26 16:15:11]	伊始 t->vi
[2018-10-26 16:15:11]	初叶 f->t
[2018-10-26 16:15:11]	初始 b->t
[2018-10-26 16:15:11]	初步 b->d
[2018-10-26 16:15:11]	看 u->v
[2018-10-26 16:15:11]	测验 v->vn
[2018-10-26 16:15:11]	考验 v->vn
[2018-10-26 16:15:11]	烤鸭 n->gms
[2018-10-26 16:15:11]	靠 ng->v
[2018-10-26 16:15:11]	科学 a->n
[2018-10-26 16:15:11]	可怜 a->v
[2018-10-26 16:15:11]	可惜 a->v
[2018-10-26 16:15:11]	可以 a->v
[2018-10-26 16:15:11]	能 d->v
[2018-10-26 16:15:11]	克 b->vg
[2018-10-26 16:15:11]	客观 a->n
[2018-10-26 16:15:11]	买家 n->nz
[2018-10-26 16:15:11]	肯定 a->v
[2018-10-26 16:15:11]	空 a->v
[2018-10-26 16:15:11]	口 f->n
[2018-10-26 16:15:11]	苦 a->an
[2018-10-26 16:15:11]	苦涩 a->an
[2018-10-26 16:15:11]	苦闷 a->an
[2018-10-26 16:15:11]	迷茫 a->an
[2018-10-26 16:15:11]	苦恼 a->an
[2018-10-26 16:15:11]	迷惘 a->an
[2018-10-26 16:15:11]	夸张 n->vi
[2018-10-26 16:15:11]	跨 ng->v
[2018-10-26 16:15:11]	越 b->d
[2018-10-26 16:15:11]	匡 nr1->vg
[2018-10-26 16:15:11]	捆 ng->v
[2018-10-26 16:15:11]	困惑 a->an
[2018-10-26 16:15:11]	疑惑 an->v
[2018-10-26 16:15:11]	困难 a->an
[2018-10-26 16:15:11]	拉 b->v
[2018-10-26 16:15:11]	腊八粥 n->gms
[2018-10-26 16:15:11]	来 f->vf
[2018-10-26 16:15:11]	天车 n->nz
[2018-10-26 16:15:11]	懈怠 a->an
[2018-10-26 16:15:11]	劳动 vi->vn
[2018-10-26 16:15:11]	坚韧 a->an
[2018-10-26 16:15:11]	铭刻 n->v
[2018-10-26 16:15:11]	铭记 n->v
[2018-10-26 16:15:11]	东家 n->nz
[2018-10-26 16:15:11]	了 ule->y
[2018-10-26 16:15:11]	累 a->v
[2018-10-26 16:15:11]	疲劳 a->an
[2018-10-26 16:15:11]	困倦 a->an
[2018-10-26 16:15:11]	倦怠 a->an
[2018-10-26 16:15:11]	礼貌 a->an
[2018-10-26 16:15:11]	李 ng->nr1
[2018-10-26 16:15:11]	理想 a->n
[2018-10-26 16:15:11]	理性 b->n
[2018-10-26 16:15:11]	连 d->n
[2018-10-26 16:15:11]	盟 n->ng
[2018-10-26 16:15:11]	联系 n->v
[2018-10-26 16:15:11]	练习 n->v
[2018-10-26 16:15:11]	辽 b->tg
[2018-10-26 16:15:11]	劣 a->ag
[2018-10-26 16:15:11]	林 n->ng
[2018-10-26 16:15:11]	小气 a->ad
[2018-10-26 16:15:11]	零售 v->vn
[2018-10-26 16:15:11]	另外 c->rz
[2018-10-26 16:15:11]	小产 v->vi
[2018-10-26 16:15:11]	流行 a->v
[2018-10-26 16:15:11]	柳 n->ng
[2018-10-26 16:15:11]	漏 ng->v
[2018-10-26 16:15:11]	滴 q->v
[2018-10-26 16:15:11]	露 ng->v
[2018-10-26 16:15:11]	旅游 vi->vn
[2018-10-26 16:15:11]	动感 b->n
[2018-10-26 16:15:11]	乱 a->d
[2018-10-26 16:15:11]	轮班 vd->vn
[2018-10-26 16:15:11]	转 ng->v
[2018-10-26 16:15:11]	麻 a->n
[2018-10-26 16:15:11]	麻烦 a->an
[2018-10-26 16:15:11]	烦恼 a->an
[2018-10-26 16:15:11]	马 b->n
[2018-10-26 16:15:11]	馒头 n->gms
[2018-10-26 16:15:11]	满 a->v
[2018-10-26 16:15:11]	满足 a->v
[2018-10-26 16:15:11]	忙 a->v
[2018-10-26 16:15:11]	蒙 b->vi
[2018-10-26 16:15:11]	毛 a->nr1
[2018-10-26 16:15:11]	矛盾 a->an
[2018-10-26 16:15:11]	冒险 vd->vi
[2018-10-26 16:15:11]	贸易 v->vn
[2018-10-26 16:15:11]	没有 d->v
[2018-10-26 16:15:11]	无 d->v
[2018-10-26 16:15:11]	美 a->b
[2018-10-26 16:15:11]	住院 vd->vi
[2018-10-26 16:15:11]	耳语 n->vi
[2018-10-26 16:15:11]	秘密 a->n
[2018-10-26 16:15:11]	机密 a->n
[2018-10-26 16:15:11]	免费 vd->vi
[2018-10-26 16:15:11]	勉强 a->v
[2018-10-26 16:15:11]	民主 a->an
[2018-10-26 16:15:11]	起名 vi->v
[2018-10-26 16:15:11]	模范 a->n
[2018-10-26 16:15:11]	模拟 b->v
[2018-10-26 16:15:11]	磨 n->v
[2018-10-26 16:15:11]	生分 a->ad
[2018-10-26 16:15:11]	墨 b->n
[2018-10-26 16:15:11]	母 b->ng
[2018-10-26 16:15:11]	木 a->ng
[2018-10-26 16:15:11]	捐款 n->vi
[2018-10-26 16:15:11]	拿 p->v
[2018-10-26 16:15:11]	上税 v->vi
[2018-10-26 16:15:11]	委屈 a->v
[2018-10-26 16:15:11]	悲痛 a->an
[2018-10-26 16:15:11]	内蒙古自治区 ns->nz
[2018-10-26 16:15:11]	倪 x->n
[2018-10-26 16:15:11]	拟人 n->nz
[2018-10-26 16:15:11]	年 n->qt
[2018-10-26 16:15:11]	年岁 n->nl
[2018-10-26 16:15:11]	年事 n->nl
[2018-10-26 16:15:11]	凝眸 vd->vi
[2018-10-26 16:15:11]	牛 ag->n
[2018-10-26 16:15:11]	努力 a->an
[2018-10-26 16:15:11]	暖 a->v
[2018-10-26 16:15:11]	温暖 a->an
[2018-10-26 16:15:11]	温热 a->an
[2018-10-26 16:15:11]	和暖 a->an
[2018-10-26 16:15:11]	偶尔 b->d
[2018-10-26 16:15:11]	扑 o->v
[2018-10-26 16:15:11]	攀 b->v
[2018-10-26 16:15:11]	拍 ng->v
[2018-10-26 16:15:11]	排 n->v
[2018-10-26 16:15:11]	排队 n->vi
[2018-10-26 16:15:11]	派出所 n->gms
[2018-10-26 16:15:11]	派遣 v->gms
[2018-10-26 16:15:11]	派出 v->gms
[2018-10-26 16:15:11]	判断 n->v
[2018-10-26 16:15:11]	抛 nr1->v
[2018-10-26 16:15:11]	配套 a->v
[2018-10-26 16:15:11]	烹饪 n->vi
[2018-10-26 16:15:11]	相知 n->v
[2018-10-26 16:15:11]	捧 q->v
[2018-10-26 16:15:11]	批发 v->vn
[2018-10-26 16:15:11]	偏 a->d
[2018-10-26 16:15:11]	单方面 b->n
[2018-10-26 16:15:11]	飘 a->v
[2018-10-26 16:15:11]	撇 q->v
[2018-10-26 16:15:11]	应邀 vd->vi
[2018-10-26 16:15:11]	平 a->v
[2018-10-26 16:15:11]	通常 b->d
[2018-10-26 16:15:11]	破 a->v
[2018-10-26 16:15:11]	铺 n->v
[2018-10-26 16:15:11]	普及 a->v
[2018-10-26 16:15:11]	遍地 vd->vi
[2018-10-26 16:15:11]	限期 n->vi
[2018-10-26 16:15:11]	奇怪 a->v
[2018-10-26 16:15:11]	祷告 v->vn
[2018-10-26 16:15:11]	辗转 vd->vi
[2018-10-26 16:15:11]	蜿蜒 v->z
[2018-10-26 16:15:11]	启示 v->vn
[2018-10-26 16:15:11]	矜持 a->an
[2018-10-26 16:15:11]	署名 n->vi
[2018-10-26 16:15:11]	签名 n->vi
[2018-10-26 16:15:11]	前天 n->t
[2018-10-26 16:15:11]	壮 a->v
[2018-10-26 16:15:11]	争 ng->v
[2018-10-26 16:15:11]	乔木 n->nr
[2018-10-26 16:15:11]	切 ag->v
[2018-10-26 16:15:11]	亲近 a->v
[2018-10-26 16:15:11]	明确 a->v
[2018-10-26 16:15:11]	纯洁 a->v
[2018-10-26 16:15:11]	清明 a->t
[2018-10-26 16:15:11]	晴 an->vi
[2018-10-26 16:15:11]	让 p->v
[2018-10-26 16:15:11]	祝 ng->v
[2018-10-26 16:15:11]	贺 ng->vg
[2018-10-26 16:15:11]	秋 ng->tg
[2018-10-26 16:15:11]	求 ng->v
[2018-10-26 16:15:11]	曲 ag->n
[2018-10-26 16:15:11]	出 q->vf
[2018-10-26 16:15:11]	泉 n->ng
[2018-10-26 16:15:11]	缺 n->v
[2018-10-26 16:15:11]	欠缺 a->vi
[2018-10-26 16:15:11]	火 a->n
[2018-10-26 16:15:11]	夏 ng->tg
[2018-10-26 16:15:11]	热情 a->an
[2018-10-26 16:15:11]	热气球 n->gjtgj
[2018-10-26 16:15:11]	热心 a->v
[2018-10-26 16:15:11]	热忱 a->an
[2018-10-26 16:15:11]	热诚 a->an
[2018-10-26 16:15:11]	委任 n->v
[2018-10-26 16:15:11]	依旧 d->z
[2018-10-26 16:15:11]	照旧 d->v
[2018-10-26 16:15:11]	肉 a->n
[2018-10-26 16:15:11]	肉 a->gms
[2018-10-26 16:15:11]	撒 n->v
[2018-10-26 16:15:11]	塞 b->v
[2018-10-26 16:15:11]	堵 a->v
[2018-10-26 16:15:11]	信步 vd->vi
[2018-10-26 16:15:11]	土 a->n
[2018-10-26 16:15:11]	上 b->f
[2018-10-26 16:15:11]	设计 n->v
[2018-10-26 16:15:11]	摄像 n->vi
[2018-10-26 16:15:11]	申请 n->v
[2018-10-26 16:15:11]	全身 b->n
[2018-10-26 16:15:11]	体 k->ng
[2018-10-26 16:15:11]	身段 n->nz
[2018-10-26 16:15:11]	深入 a->v
[2018-10-26 16:15:11]	深度 ad->n
[2018-10-26 16:15:11]	神气 a->n
[2018-10-26 16:15:11]	升 q->v
[2018-10-26 16:15:11]	增值 n->vi
[2018-10-26 16:15:11]	生 a->v
[2018-10-26 16:15:11]	生产 n->v
[2018-10-26 16:15:11]	出产 n->v
[2018-10-26 16:15:11]	生活 vi->vn
[2018-10-26 16:15:11]	胜利 ad->vi
[2018-10-26 16:15:11]	失落 a->v
[2018-10-26 16:15:11]	狮 n->ng
[2018-10-26 16:15:11]	滋润 a->v
[2018-10-26 16:15:11]	温润 a->an
[2018-10-26 16:15:11]	石 b->ng
[2018-10-26 16:15:11]	时刻 d->n
[2018-10-26 16:15:11]	实践 n->v
[2018-10-26 16:15:11]	实质 a->n
[2018-10-26 16:15:11]	示范 vi->vn
[2018-10-26 16:15:11]	凡间 s->n
[2018-10-26 16:15:11]	是 ng->vshi
[2018-10-26 16:15:11]	便是 v->vd
[2018-10-26 16:15:11]	是否 d->v
[2018-10-26 16:15:11]	释迦牟尼 n->nrf
[2018-10-26 16:15:11]	收条 n->nz
[2018-10-26 16:15:11]	手 k->n
[2018-10-26 16:15:11]	手工 d->n
[2018-10-26 16:15:11]	守法 vd->vi
[2018-10-26 16:15:11]	首创 nz->v
[2018-10-26 16:15:11]	首先 c->d
[2018-10-26 16:15:11]	初 d->f
[2018-10-26 16:15:11]	最初 b->d
[2018-10-26 16:15:11]	禁不起 v->vd
[2018-10-26 16:15:11]	本 d->rz
[2018-10-26 16:15:11]	册 ng->q
[2018-10-26 16:15:11]	书册 n->nl
[2018-10-26 16:15:11]	疏松 a->vn
[2018-10-26 16:15:11]	熟悉 a->v
[2018-10-26 16:15:11]	属实 a->v
[2018-10-26 16:15:11]	鼠 n->ng
[2018-10-26 16:15:11]	竖 n->v
[2018-10-26 16:15:11]	刷 o->v
[2018-10-26 16:15:11]	帅 ng->nr1
[2018-10-26 16:15:11]	水笔 n->nz
[2018-10-26 16:15:11]	说 ng->v
[2018-10-26 16:15:11]	讲 ng->v
[2018-10-26 16:15:11]	司 n->ng
[2018-10-26 16:15:11]	松 a->v
[2018-10-26 16:15:11]	松懈 a->v
[2018-10-26 16:15:11]	宋 nr1->tg
[2018-10-26 16:15:11]	孙 n->nr1
[2018-10-26 16:15:11]	孙子 n->nr
[2018-10-26 16:15:11]	锁 n->v
[2018-10-26 16:15:11]	塔 b->n
[2018-10-26 16:15:11]	贪吃 an->v
[2018-10-26 16:15:11]	贪心 a->v
[2018-10-26 16:15:11]	弹 ng->v
[2018-10-26 16:15:11]	烫 a->v
[2018-10-26 16:15:11]	特别 a->d
[2018-10-26 16:15:11]	希罕 a->v
[2018-10-26 16:15:11]	疼痛 a->an
[2018-10-26 16:15:11]	挑剔 a->v
[2018-10-26 16:15:11]	提成 n->vi
[2018-10-26 16:15:11]	提议 n->v
[2018-10-26 16:15:11]	田野 n->nr
[2018-10-26 16:15:11]	唐 b->tg
[2018-10-26 16:15:11]	甘甜 a->an
[2018-10-26 16:15:11]	担 ng->v
[2018-10-26 16:15:11]	调控 v->vn
[2018-10-26 16:15:11]	跳 q->vi
[2018-10-26 16:15:11]	跳水 vi->vn
[2018-10-26 16:15:11]	跳远 vi->vn
[2018-10-26 16:15:11]	听 q->v
[2018-10-26 16:15:11]	通信 vi->vn
[2018-10-26 16:15:11]	同时 c->n
[2018-10-26 16:15:11]	同期 d->f
[2018-10-26 16:15:11]	统一 a->v
[2018-10-26 16:15:11]	痛苦 a->an
[2018-10-26 16:15:11]	头 k->n
[2018-10-26 16:15:11]	投资 n->v
[2018-10-26 16:15:11]	投入 a->v
[2018-10-26 16:15:11]	突出 a->v
[2018-10-26 16:15:11]	团结 a->v
[2018-10-26 16:15:11]	托 ng->v
[2018-10-26 16:15:11]	歪 a->v
[2018-10-26 16:15:11]	倾斜 vd->vi
[2018-10-26 16:15:11]	斜 a->v
[2018-10-26 16:15:11]	弯 a->v
[2018-10-26 16:15:11]	完善 a->v
[2018-10-26 16:15:11]	玩 ng->v
[2018-10-26 16:15:11]	夜晚 n->t
[2018-10-26 16:15:11]	夜间 f->t
[2018-10-26 16:15:11]	万 d->m
[2018-10-26 16:15:11]	万一 c->d
[2018-10-26 16:15:11]	联网 vd->vi
[2018-10-26 16:15:11]	望 ng->v
[2018-10-26 16:15:11]	无益 a->vi
[2018-10-26 16:15:11]	危险 a->an
[2018-10-26 16:15:11]	威风 a->an
[2018-10-26 16:15:11]	霸气 an->n
[2018-10-26 16:15:11]	微 a->nz
[2018-10-26 16:15:11]	违法 vd->vi
[2018-10-26 16:15:11]	相反 d->vi
[2018-10-26 16:15:11]	浩瀚 a->z
[2018-10-26 16:15:11]	卫生 a->an
[2018-10-26 16:15:11]	位 ng->q
[2018-10-26 16:15:11]	喂 e->v
[2018-10-26 16:15:11]	问候 v->vn
[2018-10-26 16:15:11]	温和 a->nr
[2018-10-26 16:15:11]	刻薄 a->an
[2018-10-26 16:15:11]	文明 a->n
[2018-10-26 16:15:11]	闻 ng->v
[2018-10-26 16:15:11]	问 ng->v
[2018-10-26 16:15:11]	咨询 v->vn
[2018-10-26 16:15:11]	无轨电车 nl->gjtgj
[2018-10-26 16:15:11]	无限 a->vi
[2018-10-26 16:15:11]	无穷 d->z
[2018-10-26 16:15:11]	时价 n->nl
[2018-10-26 16:15:11]	东西 f->n
[2018-10-26 16:15:11]	误工 vi->vn
[2018-10-26 16:15:11]	西 b->f
[2018-10-26 16:15:11]	希望 n->v
[2018-10-26 16:15:11]	就义 vi->v
[2018-10-26 16:15:11]	舍身 d->v
[2018-10-26 16:15:11]	习 ng->vg
[2018-10-26 16:15:11]	系统 a->n
[2018-10-26 16:15:11]	先后 d->ad
[2018-10-26 16:15:11]	娇艳 a->an
[2018-10-26 16:15:11]	现代 n->t
[2018-10-26 16:15:11]	现实 a->n
[2018-10-26 16:15:11]	相当 d->vi
[2018-10-26 16:15:11]	等同 vd->vi
[2018-10-26 16:15:11]	同样 b->d
[2018-10-26 16:15:11]	香 a->n
[2018-10-26 16:15:11]	想像 v->vd
[2018-10-26 16:15:11]	向 dg->p
[2018-10-26 16:15:11]	朝 b->p
[2018-10-26 16:15:11]	象 n->ng
[2018-10-26 16:15:11]	像 d->v
[2018-10-26 16:15:11]	仿佛 d->v
[2018-10-26 16:15:11]	似 d->vg
[2018-10-26 16:15:11]	飘逸 a->v
[2018-10-26 16:15:11]	童 b->ng
[2018-10-26 16:15:11]	小寒 t->nz
[2018-10-26 16:15:11]	小满 t->nz
[2018-10-26 16:15:11]	小雪 n->nr
[2018-10-26 16:15:11]	艰辛 a->an
[2018-10-26 16:15:11]	辛酸 a->an
[2018-10-26 16:15:11]	新词 n->nl
[2018-10-26 16:15:11]	信 ag->n
[2018-10-26 16:15:11]	信用 a->n
[2018-10-26 16:15:11]	兴奋 a->v
[2018-10-26 16:15:11]	成 a->v
[2018-10-26 16:15:11]	形象 a->n
[2018-10-26 16:15:11]	醒 ng->v
[2018-10-26 16:15:11]	幸福 a->happ
[2018-10-26 16:15:11]	性 k->ng
[2018-10-26 16:15:11]	姓 n->v
[2018-10-26 16:15:11]	名 ag->q
[2018-10-26 16:15:11]	邪恶 a->an
[2018-10-26 16:15:11]	胸 n->ng
[2018-10-26 16:15:11]	公 ad->ng
[2018-10-26 16:15:11]	休假 n->vi
[2018-10-26 16:15:11]	虚伪 a->an
[2018-10-26 16:15:11]	徐 ag->nr1
[2018-10-26 16:15:11]	许 dg->m
[2018-10-26 16:15:11]	学龄 b->n
[2018-10-26 16:15:11]	压抑 a->v
[2018-10-26 16:15:11]	鸭 n->ng
[2018-10-26 16:15:11]	延长 ns->v
[2018-10-26 16:15:11]	延期 vd->vi
[2018-10-26 16:15:11]	缓期 vd->vi
[2018-10-26 16:15:11]	严正 a->nr
[2018-10-26 16:15:11]	高温 an->n
[2018-10-26 16:15:11]	火热 a->z
[2018-10-26 16:15:11]	研究 n->v
[2018-10-26 16:15:11]	演习 v->vn
[2018-10-26 16:15:11]	杨 ng->nr1
[2018-10-26 16:15:11]	阳性 b->n
[2018-10-26 16:15:11]	仰泳 vi->vn
[2018-10-26 16:15:11]	也 b->d
[2018-10-26 16:15:11]	进行 vn->vx
[2018-10-26 16:15:11]	布 b->n
[2018-10-26 16:15:11]	穿戴 n->v
[2018-10-26 16:15:11]	依靠 n->v
[2018-10-26 16:15:11]	移动 v->vn
[2018-10-26 16:15:11]	遗传 n->vn
[2018-10-26 16:15:11]	遗憾 a->sorr
[2018-10-26 16:15:11]	遗存 vi->vn
[2018-10-26 16:15:11]	往时 t->tg
[2018-10-26 16:15:11]	义务 d->n
[2018-10-26 16:15:11]	艺术 a->n
[2018-10-26 16:15:11]	意旨 n->nl
[2018-10-26 16:15:11]	因为 c->p
[2018-10-26 16:15:11]	由于 c->p
[2018-10-26 16:15:11]	银 b->ng
[2018-10-26 16:15:11]	引 ng->v
[2018-10-26 16:15:11]	隐蔽 a->v
[2018-10-26 16:15:11]	隐秘 a->n
[2018-10-26 16:15:11]	印染 v->vn
[2018-10-26 16:15:11]	印 b->v
[2018-10-26 16:15:11]	图章 n->nz
[2018-10-26 16:15:11]	应当 d->v
[2018-10-26 16:15:11]	俊杰 n->nr
[2018-10-26 16:15:11]	影响 n->v
[2018-10-26 16:15:11]	拥挤 a->vi
[2018-10-26 16:15:11]	勇于 d->v
[2018-10-26 16:15:11]	骁勇 a->an
[2018-10-26 16:15:11]	用 ng->p
[2018-10-26 16:15:11]	以 b->p
[2018-10-26 16:15:11]	优胜 a->vi
[2018-10-26 16:15:11]	优先 ad->v
[2018-10-26 16:15:11]	悠远 an->z
[2018-10-26 16:15:11]	油条 n->gms
[2018-10-26 16:15:11]	友善 a->nr
[2018-10-26 16:15:11]	又 c->d
[2018-10-26 16:15:11]	右 a->f
[2018-10-26 16:15:11]	于 ng->p
[2018-10-26 16:15:11]	初赛 n->vi
[2018-10-26 16:15:11]	预言 n->v
[2018-10-26 16:15:11]	冤枉 a->v
[2018-10-26 16:15:11]	原来 b->d
[2018-10-26 16:15:11]	原本 d->n
[2018-10-26 16:15:11]	原则 d->n
[2018-10-26 16:15:11]	圆 a->vg
[2018-10-26 16:15:11]	约会 n->vi
[2018-10-26 16:15:11]	局限 n->vi
[2018-10-26 16:15:11]	云 b->n
[2018-10-26 16:15:11]	正好 z->tg
[2018-10-26 16:15:11]	在 d->p
[2018-10-26 16:15:11]	当 ng->p
[2018-10-26 16:15:11]	暂时 b->d
[2018-10-26 16:15:11]	眼前 s->t
[2018-10-26 16:15:11]	负债 n->vi
[2018-10-26 16:15:11]	站 n->vi
[2018-10-26 16:15:11]	把握 n->v
[2018-10-26 16:15:11]	左右 f->m
[2018-10-26 16:15:11]	折价 vd->vi
[2018-10-26 16:15:11]	真 a->d
[2018-10-26 16:15:11]	实际 a->n
[2018-10-26 16:15:11]	真心 ad->n
[2018-10-26 16:15:11]	衷心 b->d
[2018-10-26 16:15:11]	振动 vi->vn
[2018-10-26 16:15:11]	颠簸 vd->vi
[2018-10-26 16:15:11]	振荡 vi->vn
[2018-10-26 16:15:11]	争议 n->vn
[2018-10-26 16:15:11]	整体 m->n
[2018-10-26 16:15:11]	正 a->d
[2018-10-26 16:15:11]	正面 a->n
[2018-10-26 16:15:11]	正理 n->nl
[2018-10-26 16:15:11]	证明 n->v
[2018-10-26 16:15:11]	对证 vn->n
[2018-10-26 16:15:11]	对照 p->v
[2018-10-26 16:15:11]	说明 n->v
[2018-10-26 16:15:11]	消费 n->vn
[2018-10-26 16:15:11]	明白 a->v
[2018-10-26 16:15:11]	了然 a->v
[2018-10-26 16:15:11]	知 ag->v
[2018-10-26 16:15:11]	直 a->d
[2018-10-26 16:15:11]	直线 d->n
[2018-10-26 16:15:11]	张 ng->q
[2018-10-26 16:15:11]	指挥 n->v
[2018-10-26 16:15:11]	指导 n->v
[2018-10-26 16:15:11]	中档 b->nl
[2018-10-26 16:15:11]	华夏 n->nz
[2018-10-26 16:15:11]	中央 f->n
[2018-10-26 16:15:11]	忠诚 a->v
[2018-10-26 16:15:11]	种 ng->v
[2018-10-26 16:15:11]	重 a->v
[2018-10-26 16:15:11]	关键 a->n
[2018-10-26 16:15:11]	重视 a->v
[2018-10-26 16:15:11]	周 ag->nr1
[2018-10-26 16:15:11]	昼夜 d->n
[2018-10-26 16:15:11]	皱 n->v
[2018-10-26 16:15:11]	朱 ag->nr1
[2018-10-26 16:15:11]	竹 n->ng
[2018-10-26 16:15:11]	主观 a->n
[2018-10-26 16:15:11]	主演 n->v
[2018-10-26 16:15:11]	助理 b->n
[2018-10-26 16:15:11]	大名鼎鼎 al->vl
[2018-10-26 16:15:11]	专门 b->d
[2018-10-26 16:15:11]	专注 a->vi
[2018-10-26 16:15:11]	埋头 vd->vi
[2018-10-26 16:15:11]	专业 a->n
[2018-10-26 16:15:11]	拐弯 n->vi
[2018-10-26 16:15:11]	华美 a->nz
[2018-10-26 16:15:11]	台 b->n
[2018-10-26 16:15:11]	我方 r->n
[2018-10-26 16:15:11]	自强 vd->vi
[2018-10-26 16:15:11]	自主 vd->vi
[2018-10-26 16:15:11]	自然 a->n
[2018-10-26 16:15:11]	自信 a->v
[2018-10-26 16:15:11]	自修 v->vl
[2018-10-26 16:15:11]	综合 a->vn
[2018-10-26 16:15:11]	总结 n->v
[2018-10-26 16:15:11]	纵横 n->v
[2018-10-26 16:15:11]	走私 b->v
[2018-10-26 16:15:11]	构成 n->v
[2018-10-26 16:15:11]	太 a->d
[2018-10-26 16:15:11]	到底 d->vi
[2018-10-26 16:15:11]	孝顺 a->v
[2018-10-26 16:15:11]	遵照 p->v
[2018-10-26 16:15:11]	作 ng->v
[2018-10-26 16:15:11]	零 a->m
[2018-10-26 16:15:11]	一 d->m
[2018-10-26 16:15:11]	九 b->m
[2018-10-26 16:15:11]	低价 ad->n
[2018-10-26 16:15:11]	火车站 n->gjtgj
[2018-10-26 16:15:11]	小时候 n->t
[2018-10-26 16:15:11]	综合性 b->n
[2018-10-26 16:15:11]	高价 d->n
[2018-10-26 16:15:11]	中考 n->v
[2018-10-26 16:15:11]	无效 a->vi
[2018-10-26 16:15:11]	爱人 n->nz
[2018-10-26 16:15:11]	把手 n->nz
[2018-10-26 16:15:11]	人为 b->d
[2018-10-26 16:15:11]	靠山 n->nz
[2018-10-26 16:15:11]	他人 rr->r
[2018-10-26 16:15:11]	不结盟 vi->vn
[2018-10-26 16:15:11]	不是 c->n
[2018-10-26 16:15:11]	不行 a->v
[2018-10-26 16:15:11]	不能 v->vi
[2018-10-26 16:15:11]	不会 v->vi
[2018-10-26 16:15:11]	车号 n->nz
[2018-10-26 16:15:11]	同党 n->nz
[2018-10-26 16:15:11]	上流 b->n
[2018-10-26 16:15:11]	出血 vi->v
[2018-10-26 16:15:11]	打的 v->vi
[2018-10-26 16:15:11]	除法 n->nz
[2018-10-26 16:15:11]	从中 d->n
[2018-10-26 16:15:11]	从宽 d->v
[2018-10-26 16:15:11]	从重 d->v
[2018-10-26 16:15:11]	搭建 v->vd
[2018-10-26 16:15:11]	各人 rr->r
[2018-10-26 16:15:11]	中选 vi->v
[2018-10-26 16:15:11]	各处 rzs->r
[2018-10-26 16:15:11]	四处 d->vi
[2018-10-26 16:15:11]	大路 n->nz
[2018-10-26 16:15:11]	拨打 v->vd
[2018-10-26 16:15:11]	大跌 v->vn
[2018-10-26 16:15:11]	会话 v->vn
[2018-10-26 16:15:11]	对应 vi->v
[2018-10-26 16:15:11]	有余 m->v
[2018-10-26 16:15:11]	要领 n->nz
[2018-10-26 16:15:11]	下学 v->vd
[2018-10-26 16:15:11]	分号 n->nz
[2018-10-26 16:15:11]	不合 v->n
[2018-10-26 16:15:11]	高等 b->a
[2018-10-26 16:15:11]	老大 a->n
[2018-10-26 16:15:11]	还给 v->vd
[2018-10-26 16:15:11]	对等 vi->vn
[2018-10-26 16:15:11]	有心 v->vd
[2018-10-26 16:15:11]	说法 n->nz
[2018-10-26 16:15:11]	真的 a->d
[2018-10-26 16:15:11]	大喊 v->vd
[2018-10-26 16:15:11]	后天 n->t
[2018-10-26 16:15:11]	回家 vi->v
[2018-10-26 16:15:11]	总会 d->n
[2018-10-26 16:15:11]	好多 m->a
[2018-10-26 16:15:11]	才能 n->v
[2018-10-26 16:15:11]	大奖 n->nz
[2018-10-26 16:15:11]	自大 a->an
[2018-10-26 16:15:11]	无礼 a->ad
[2018-10-26 16:15:11]	自得 an->a
[2018-10-26 16:15:11]	开关 n->v
[2018-10-26 16:15:11]	看不起 v->vn
[2018-10-26 16:15:11]	看得起 v->vn
[2018-10-26 16:15:11]	完了 vi->n
[2018-10-26 16:15:11]	理事 n->nz
[2018-10-26 16:15:11]	一口气 d->n
[2018-10-26 16:15:11]	本心 n->nl
[2018-10-26 16:15:11]	论说 vn->vl
[2018-10-26 16:15:11]	中意 a->n
[2018-10-26 16:15:11]	没用 a->v
[2018-10-26 16:15:11]	天天 d->q
[2018-10-26 16:15:11]	秒钟 n->q
[2018-10-26 16:15:11]	他俩 r->n
[2018-10-26 16:15:11]	年间 f->n
[2018-10-26 16:15:11]	江米 n->nz
[2018-10-26 16:15:11]	省钱 a->v
[2018-10-26 16:15:11]	早起 vi->v
[2018-10-26 16:15:11]	开车 vi->v
[2018-10-26 16:15:11]	千米 q->qv
[2018-10-26 16:15:11]	签定 v->vn
[2018-10-26 16:15:11]	好天 n->nz
[2018-10-26 16:15:11]	日食 n->nz
[2018-10-26 16:15:11]	火烧 n->v
[2018-10-26 16:15:11]	就是 c->n
[2018-10-26 16:15:11]	是不是 v->vd
[2018-10-26 16:15:11]	手指 n->nz
[2018-10-26 16:15:11]	国都 d->n
[2018-10-26 16:15:11]	得手 a->v
[2018-10-26 16:15:11]	大小 n->nz
[2018-10-26 16:15:11]	了得 a->ad
[2018-10-26 16:15:11]	脱钩 vi->v
[2018-10-26 16:15:11]	问号 n->nz
[2018-10-26 16:15:11]	西藏自治区 ns->nz
[2018-10-26 16:15:11]	小便 v->vi
[2018-10-26 16:15:11]	好在 d->v
[2018-10-26 16:15:11]	双眼 n->nz
[2018-10-26 16:15:11]	一角 n->v
[2018-10-26 16:15:11]	一元 b->nz
[2018-10-26 16:15:11]	引号 n->nz
[2018-10-26 16:15:11]	有用 a->n
[2018-10-26 16:15:11]	像片 n->nz
[2018-10-26 16:15:11]	争抢 v->vd
[2018-10-26 16:15:11]	小我 n->nz
[2018-10-26 16:15:11]	文字 n->nz
[2018-10-26 16:15:11]	不好 a->n
[2018-10-26 16:15:11]	下雨 vi->v
[2018-10-26 16:15:11]	多功能 b->n
[2018-10-26 16:15:11]	从未 d->n
[2018-10-26 16:15:11]	南北 f->n
[2018-10-26 16:15:11]	从不 d->n
[2018-10-26 16:15:11]	干什么 r->v
[2018-10-26 16:15:11]	不准 v->n
[2018-10-26 16:15:11]	开门 vd->n
[2018-10-26 16:15:11]	睡着 v->vd
