[2018-08-27 08:57:52]	下岗 vi->vn
[2018-08-27 08:57:52]	主演 n->v
[2018-08-27 08:57:52]	于 ng->p
[2018-08-27 08:57:52]	先锋 a->n
[2018-08-27 08:57:52]	内行 a->n
[2018-08-27 08:57:52]	冯 m->nr1
[2018-08-27 08:57:52]	切 ag->v
[2018-08-27 08:57:52]	亲身 b->d
[2018-08-27 08:57:52]	加班 vd->vi
[2018-08-27 08:57:52]	助理 b->n
[2018-08-27 08:57:52]	劳动 vi->vn
[2018-08-27 08:57:52]	口 f->n
[2018-08-27 08:57:52]	周 ag->nr1
[2018-08-27 08:57:52]	年老 a->vi
[2018-08-27 08:57:52]	外行 a->n
[2018-08-27 08:57:52]	大家 n->rr
[2018-08-27 08:57:52]	头 k->n
[2018-08-27 08:57:52]	名 ag->q
[2018-08-27 08:57:52]	家 k->n
[2018-08-27 08:57:52]	尺 ng->q
[2018-08-27 08:57:52]	尽力 d->vi
[2018-08-27 08:57:52]	全力 d->n
[2018-08-27 08:57:52]	工作 n->vn
[2018-08-27 08:57:52]	布 b->n
[2018-08-27 08:57:52]	带子 n->v
[2018-08-27 08:57:52]	张 ng->q
[2018-08-27 08:57:52]	彭 m->nr1
[2018-08-27 08:57:52]	徐 ag->nr1
[2018-08-27 08:57:52]	忙 a->v
[2018-08-27 08:57:52]	手 k->n
[2018-08-27 08:57:52]	休假 n->vi
[2018-08-27 08:57:52]	相知 n->v
[2018-08-27 08:57:52]	朱 ag->nr1
[2018-08-27 08:57:52]	权威 a->n
[2018-08-27 08:57:52]	李 ng->nr1
[2018-08-27 08:57:52]	条 ng->q
[2018-08-27 08:57:52]	模范 a->n
[2018-08-27 08:57:52]	沙龙 n->nrf
[2018-08-27 08:57:52]	毛 a->nr1
[2018-08-27 08:57:52]	油条 n->gms
[2018-08-27 08:57:52]	无赖 an->n
[2018-08-27 08:57:52]	刻薄 a->an
[2018-08-27 08:57:52]	烹饪 n->vi
[2018-08-27 08:57:52]	爱 b->v
[2018-08-27 08:57:52]	甘甜 a->an
[2018-08-27 08:57:52]	尽职 vd->vi
[2018-08-27 08:57:52]	守法 vd->vi
[2018-08-27 08:57:52]	累 a->v
[2018-08-27 08:57:52]	疲劳 a->an
[2018-08-27 08:57:52]	困倦 a->an
[2018-08-27 08:57:52]	倦怠 a->an
[2018-08-27 08:57:52]	胡 d->nr1
[2018-08-27 08:57:52]	胸 n->ng
[2018-08-27 08:57:52]	花卷 n->gms
[2018-08-27 08:57:52]	俊杰 n->nr
[2018-08-27 08:57:52]	穿戴 n->v
[2018-08-27 08:57:52]	许 dg->m
[2018-08-27 08:57:52]	全身 b->n
[2018-08-27 08:57:52]	体 k->ng
[2018-08-27 08:57:52]	艰辛 a->an
[2018-08-27 08:57:52]	辛酸 a->an
[2018-08-27 08:57:52]	郑 b->nr1
[2018-08-27 08:57:52]	锁 n->v
[2018-08-27 08:57:52]	饺子 n->gms
[2018-08-27 08:57:52]	馄饨 n->gms
[2018-08-27 08:57:52]	馒头 n->gms
[2018-08-27 08:57:52]	不安 a->an
[2018-08-27 08:57:52]	焦虑 a->an
[2018-08-27 08:57:52]	恐慌 a->an
[2018-08-27 08:57:52]	不幸 a->n
[2018-08-27 08:57:52]	不满 a->an
[2018-08-27 08:57:52]	专注 a->vi
[2018-08-27 08:57:52]	埋头 vd->vi
[2018-08-27 08:57:52]	专制 a->n
[2018-08-27 08:57:52]	主观 a->n
[2018-08-27 08:57:52]	传统 a->n
[2018-08-27 08:57:52]	信用 a->n
[2018-08-27 08:57:52]	关切 a->v
[2018-08-27 08:57:52]	兴奋 a->v
[2018-08-27 08:57:52]	冤枉 a->v
[2018-08-27 08:57:52]	冲动 a->an
[2018-08-27 08:57:52]	冲突 vi->vn
[2018-08-27 08:57:52]	决心 d->n
[2018-08-27 08:57:52]	判断 n->v
[2018-08-27 08:57:52]	做作 a->v
[2018-08-27 08:57:52]	刺 n->v
[2018-08-27 08:57:52]	骁勇 a->an
[2018-08-27 08:57:52]	捐款 n->vi
[2018-08-27 08:57:52]	包 n->v
[2018-08-27 08:57:52]	打扮 n->v
[2018-08-27 08:57:52]	宽容 a->v
[2018-08-27 08:57:52]	反应 n->vi
[2018-08-27 08:57:52]	发 ng->v
[2018-08-27 08:57:52]	叠 q->v
[2018-08-27 08:57:52]	可惜 a->v
[2018-08-27 08:57:52]	荣耀 a->an
[2018-08-27 08:57:52]	高深 a->nr
[2018-08-27 08:57:52]	喜悦 a->an
[2018-08-27 08:57:52]	回头 d->vi
[2018-08-27 08:57:52]	诚心 a->n
[2018-08-27 08:57:52]	失意 a->vi
[2018-08-27 08:57:52]	失落 a->v
[2018-08-27 08:57:52]	委屈 a->v
[2018-08-27 08:57:52]	无奈 a->d
[2018-08-27 08:57:52]	娇气 a->n
[2018-08-27 08:57:52]	孤僻 a->an
[2018-08-27 08:57:52]	孤寂 a->an
[2018-08-27 08:57:52]	孤傲 a->an
[2018-08-27 08:57:52]	单独 b->d
[2018-08-27 08:57:52]	安慰 a->v
[2018-08-27 08:57:52]	实践 n->v
[2018-08-27 08:57:52]	喜好 an->v
[2018-08-27 08:57:52]	客观 a->n
[2018-08-27 08:57:52]	恐惧 a->an
[2018-08-27 08:57:52]	倾心 ad->vi
[2018-08-27 08:57:52]	希望 n->v
[2018-08-27 08:57:52]	带 n->v
[2018-08-27 08:57:52]	应邀 vd->vi
[2018-08-27 08:57:52]	归结 n->vi
[2018-08-27 08:57:52]	形象 a->n
[2018-08-27 08:57:52]	必然 b->n
[2018-08-27 08:57:52]	忧愁 a->an
[2018-08-27 08:57:52]	忧伤 a->an
[2018-08-27 08:57:52]	伤感 a->an
[2018-08-27 08:57:52]	感伤 a->an
[2018-08-27 08:57:52]	追悼 v->vn
[2018-08-27 08:57:52]	哀痛 a->an
[2018-08-27 08:57:52]	欢愉 a->an
[2018-08-27 08:57:52]	欢畅 a->an
[2018-08-27 08:57:52]	开心 a->happ
[2018-08-27 08:57:52]	迟疑 a->an
[2018-08-27 08:57:52]	恶意 d->n
[2018-08-27 08:57:52]	愧疚 a->an
[2018-08-27 08:57:52]	感动 a->v
[2018-08-27 08:57:52]	感慨 a->v
[2018-08-27 08:57:52]	后悔 a->v
[2018-08-27 08:57:52]	戴 nr1->v
[2018-08-27 08:57:52]	打 p->v
[2018-08-27 08:57:52]	抚恤 vi->vn
[2018-08-27 08:57:52]	空洞 a->n
[2018-08-27 08:57:52]	拨 q->v
[2018-08-27 08:57:52]	挂 q->v
[2018-08-27 08:57:52]	挡 n->v
[2018-08-27 08:57:52]	无限 a->vi
[2018-08-27 08:57:52]	无穷 d->z
[2018-08-27 08:57:52]	智慧 a->n
[2018-08-27 08:57:52]	服务 n->v
[2018-08-27 08:57:52]	对照 p->v
[2018-08-27 08:57:52]	活动 a->vn
[2018-08-27 08:57:52]	渡 ng->v
[2018-08-27 08:57:52]	温和 a->nr
[2018-08-27 08:57:52]	滚 ng->vi
[2018-08-27 08:57:52]	满足 a->v
[2018-08-27 08:57:52]	狂热 a->an
[2018-08-27 08:57:52]	灌 ng->v
[2018-08-27 08:57:52]	热心 a->v
[2018-08-27 08:57:52]	热忱 a->an
[2018-08-27 08:57:52]	热诚 a->an
[2018-08-27 08:57:52]	单方面 b->n
[2018-08-27 08:57:52]	特别 a->d
[2018-08-27 08:57:52]	希罕 a->v
[2018-08-27 08:57:52]	理性 b->n
[2018-08-27 08:57:52]	理想 a->n
[2018-08-27 08:57:52]	理智 a->n
[2018-08-27 08:57:52]	生气 a->n
[2018-08-27 08:57:52]	生活 vi->vn
[2018-08-27 08:57:52]	愤恨 a->vn
[2018-08-27 08:57:52]	盖 d->v
[2018-08-27 08:57:52]	扣 ng->v
[2018-08-27 08:57:52]	相互 b->d
[2018-08-27 08:57:52]	相对 b->d
[2018-08-27 08:57:52]	矛盾 a->an
[2018-08-27 08:57:52]	明白 a->v
[2018-08-27 08:57:52]	了然 a->v
[2018-08-27 08:57:52]	知 ag->v
[2018-08-27 08:57:52]	研究 n->v
[2018-08-27 08:57:52]	迟滞 a->v
[2018-08-27 08:57:52]	礼貌 a->an
[2018-08-27 08:57:52]	神气 a->n
[2018-08-27 08:57:52]	端 ng->v
[2018-08-27 08:57:52]	精神 a->n
[2018-08-27 08:57:52]	约会 n->vi
[2018-08-27 08:57:52]	纪念 n->v
[2018-08-27 08:57:52]	绊 ng->v
[2018-08-27 08:57:52]	绝对 a->d
[2018-08-27 08:57:52]	统一 a->v
[2018-08-27 08:57:52]	综合 a->vn
[2018-08-27 08:57:52]	精通 a->v
[2018-08-27 08:57:52]	联系 n->v
[2018-08-27 08:57:52]	肯定 a->v
[2018-08-27 08:57:52]	背 a->v
[2018-08-27 08:57:52]	苦闷 a->an
[2018-08-27 08:57:52]	迷茫 a->an
[2018-08-27 08:57:52]	苦恼 a->an
[2018-08-27 08:57:52]	迷惘 a->an
[2018-08-27 08:57:52]	虚伪 a->an
[2018-08-27 08:57:52]	虚荣 a->an
[2018-08-27 08:57:52]	行动 vi->vn
[2018-08-27 08:57:52]	作为 n->v
[2018-08-27 08:57:52]	表现 n->v
[2018-08-27 08:57:52]	要 ag->v
[2018-08-27 08:57:52]	还要 d->v
[2018-08-27 08:57:52]	论断 n->vn
[2018-08-27 08:57:52]	警惕 a->v
[2018-08-27 08:57:52]	误工 vi->vn
[2018-08-27 08:57:52]	矜持 a->an
[2018-08-27 08:57:52]	迷惑 a->v
[2018-08-27 08:57:52]	道德 a->n
[2018-08-27 08:57:52]	遗憾 a->sorr
[2018-08-27 08:57:52]	重视 a->v
[2018-08-27 08:57:52]	间接 a->b
[2018-08-27 08:57:52]	刁钻 a->an
[2018-08-27 08:57:52]	顶 f->v
[2018-08-27 08:57:52]	飞 dg->vi
[2018-08-27 08:57:52]	飞跃 vi->vn
[2018-08-27 08:57:52]	骄傲 a->an
[2018-08-27 08:57:52]	坚定 a->v
[2018-08-27 08:57:52]	坚韧 a->an
[2018-08-27 08:57:52]	塞 b->v
[2018-08-27 08:57:52]	华美 a->nz
[2018-08-27 08:57:52]	中兴 ns->nz
[2018-08-27 08:57:52]	多 a->m
[2018-08-27 08:57:52]	够 a->v
[2018-08-27 08:57:52]	夹 b->v
[2018-08-27 08:57:52]	奇怪 a->v
[2018-08-27 08:57:52]	奔腾 nz->vi
[2018-08-27 08:57:52]	阻碍 n->v
[2018-08-27 08:57:52]	威风 a->an
[2018-08-27 08:57:52]	安全 a->an
[2018-08-27 08:57:52]	本分 a->n
[2018-08-27 08:57:52]	安定 a->an
[2018-08-27 08:57:52]	悠然 a->an
[2018-08-27 08:57:52]	宁静 a->an
[2018-08-27 08:57:52]	安宁 a->an
[2018-08-27 08:57:52]	安谧 a->an
[2018-08-27 08:57:52]	太平 a->ns
[2018-08-27 08:57:52]	实质 a->n
[2018-08-27 08:57:52]	实际 a->n
[2018-08-27 08:57:52]	密切 a->v
[2018-08-27 08:57:52]	富有 a->v
[2018-08-27 08:57:52]	富余 a->vn
[2018-08-27 08:57:52]	封闭 a->v
[2018-08-27 08:57:52]	孝顺 a->v
[2018-08-27 08:57:52]	尖端 b->n
[2018-08-27 08:57:52]	动荡 a->an
[2018-08-27 08:57:52]	局限 n->vi
[2018-08-27 08:57:52]	高贵 a->nr
[2018-08-27 08:57:52]	巡回 vd->vi
[2018-08-27 08:57:52]	巩固 a->v
[2018-08-27 08:57:52]	劣 a->ag
[2018-08-27 08:57:52]	迥异 a->z
[2018-08-27 08:57:52]	出入 n->v
[2018-08-27 08:57:52]	干 a->v
[2018-08-27 08:57:52]	干枯 a->vi
[2018-08-27 08:57:52]	干脆 a->d
[2018-08-27 08:57:52]	平 a->v
[2018-08-27 08:57:52]	幸福 a->happ
[2018-08-27 08:57:52]	延长 ns->v
[2018-08-27 08:57:52]	开 q->v
[2018-08-27 08:57:52]	开创 n->v
[2018-08-27 08:57:52]	伊始 t->vi
[2018-08-27 08:57:52]	初叶 f->t
[2018-08-27 08:57:52]	初始 b->t
[2018-08-27 08:57:52]	初步 b->d
[2018-08-27 08:57:52]	开放 a->v
[2018-08-27 08:57:52]	弯 a->v
[2018-08-27 08:57:52]	弹 ng->v
[2018-08-27 08:57:52]	化 k->v
[2018-08-27 08:57:52]	成 a->v
[2018-08-27 08:57:52]	影响 n->v
[2018-08-27 08:57:52]	急剧 b->d
[2018-08-27 08:57:52]	匆匆 d->z
[2018-08-27 08:57:52]	性 k->ng
[2018-08-27 08:57:52]	正值 p->v
[2018-08-27 08:57:52]	适宜 a->v
[2018-08-27 08:57:52]	悠远 an->z
[2018-08-27 08:57:52]	悬空 vd->vi
[2018-08-27 08:57:52]	悲哀 a->an
[2018-08-27 08:57:52]	例外 n->vi
[2018-08-27 08:57:52]	专门 b->d
[2018-08-27 08:57:52]	东乡族 ns->nz
[2018-08-27 08:57:52]	严正 a->nr
[2018-08-27 08:57:52]	中央 f->n
[2018-08-27 08:57:52]	举 ag->v
[2018-08-27 08:57:52]	义务 d->n
[2018-08-27 08:57:52]	乱 a->d
[2018-08-27 08:57:52]	争议 n->vn
[2018-08-27 08:57:52]	优先 ad->v
[2018-08-27 08:57:52]	优胜 a->vi
[2018-08-27 08:57:52]	优良 a->z
[2018-08-27 08:57:52]	浩瀚 a->z
[2018-08-27 08:57:52]	伪装 n->v
[2018-08-27 08:57:52]	依靠 n->v
[2018-08-27 08:57:52]	鼓舞 a->v
[2018-08-27 08:57:52]	保证 n->v
[2018-08-27 08:57:52]	远望 nz->v
[2018-08-27 08:57:52]	借 p->v
[2018-08-27 08:57:52]	偏 a->d
[2018-08-27 08:57:52]	健全 a->v
[2018-08-27 08:57:52]	完善 a->v
[2018-08-27 08:57:52]	光明 a->n
[2018-08-27 08:57:52]	光辉 a->n
[2018-08-27 08:57:52]	辉煌 a->an
[2018-08-27 08:57:52]	光彩 a->n
[2018-08-27 08:57:52]	公开 a->v
[2018-08-27 08:57:52]	关键 a->n
[2018-08-27 08:57:52]	冒险 vd->vi
[2018-08-27 08:57:52]	决定 n->v
[2018-08-27 08:57:52]	严寒 a->an
[2018-08-27 08:57:52]	严冬 n->t
[2018-08-27 08:57:52]	惆怅 a->an
[2018-08-27 08:57:52]	苍凉 a->an
[2018-08-27 08:57:52]	凝眸 vd->vi
[2018-08-27 08:57:52]	邪恶 a->an
[2018-08-27 08:57:52]	超群 nz->vi
[2018-08-27 08:57:52]	分离 vd->vi
[2018-08-27 08:57:52]	盘剥 v->vn
[2018-08-27 08:57:52]	努力 a->an
[2018-08-27 08:57:52]	勉强 a->v
[2018-08-27 08:57:52]	升 q->v
[2018-08-27 08:57:52]	无益 a->vi
[2018-08-27 08:57:52]	危险 a->an
[2018-08-27 08:57:52]	卷 ng->v
[2018-08-27 08:57:52]	原则 d->n
[2018-08-27 08:57:52]	重复 a->v
[2018-08-27 08:57:52]	来回 d->vi
[2018-08-27 08:57:52]	带头 vd->vi
[2018-08-27 08:57:52]	变化 v->vn
[2018-08-27 08:57:52]	可怜 a->v
[2018-08-27 08:57:52]	司 n->ng
[2018-08-27 08:57:52]	听 q->v
[2018-08-27 08:57:52]	启示 v->vn
[2018-08-27 08:57:52]	呼 b->v
[2018-08-27 08:57:52]	友善 a->nr
[2018-08-27 08:57:52]	咽 ng->v
[2018-08-27 08:57:52]	哄 o->v
[2018-08-27 08:57:52]	相应 d->vi
[2018-08-27 08:57:52]	流泪 vd->vi
[2018-08-27 08:57:52]	喂 e->v
[2018-08-27 08:57:52]	闻 ng->v
[2018-08-27 08:57:52]	团结 a->v
[2018-08-27 08:57:52]	困惑 a->an
[2018-08-27 08:57:52]	疑惑 an->v
[2018-08-27 08:57:52]	困难 a->an
[2018-08-27 08:57:52]	懈怠 a->an
[2018-08-27 08:57:52]	总体 b->n
[2018-08-27 08:57:52]	全盘 b->n
[2018-08-27 08:57:52]	扑 o->v
[2018-08-27 08:57:52]	托 ng->v
[2018-08-27 08:57:52]	投入 a->v
[2018-08-27 08:57:52]	投机 a->v
[2018-08-27 08:57:52]	折 ng->vi
[2018-08-27 08:57:52]	抛 nr1->v
[2018-08-27 08:57:52]	拉 b->v
[2018-08-27 08:57:52]	拍 ng->v
[2018-08-27 08:57:52]	拥挤 a->vi
[2018-08-27 08:57:52]	拿 p->v
[2018-08-27 08:57:52]	指导 n->v
[2018-08-27 08:57:52]	挑剔 a->v
[2018-08-27 08:57:52]	挤 a->v
[2018-08-27 08:57:52]	坎坷 a->an
[2018-08-27 08:57:52]	挺 ag->vi
[2018-08-27 08:57:52]	捆 ng->v
[2018-08-27 08:57:52]	捧 q->v
[2018-08-27 08:57:52]	把握 n->v
[2018-08-27 08:57:52]	左右 f->m
[2018-08-27 08:57:52]	提议 n->v
[2018-08-27 08:57:52]	撇 q->v
[2018-08-27 08:57:52]	撒 n->v
[2018-08-27 08:57:52]	结果 c->n
[2018-08-27 08:57:52]	缓冲 vi->vn
[2018-08-27 08:57:52]	缓和 a->v
[2018-08-27 08:57:52]	松懈 a->v
[2018-08-27 08:57:52]	缺 n->v
[2018-08-27 08:57:52]	欠缺 a->vi
[2018-08-27 08:57:52]	美 a->b
[2018-08-27 08:57:52]	能 d->v
[2018-08-27 08:57:52]	可 c->v
[2018-08-27 08:57:52]	自强 vd->vi
[2018-08-27 08:57:52]	自主 vd->vi
[2018-08-27 08:57:52]	苦 a->an
[2018-08-27 08:57:52]	苦涩 a->an
[2018-08-27 08:57:52]	怪诞 a->an
[2018-08-27 08:57:52]	装 n->v
[2018-08-27 08:57:52]	规模 d->n
[2018-08-27 08:57:52]	规范 a->v
[2018-08-27 08:57:52]	解放 a->v
[2018-08-27 08:57:52]	证明 n->v
[2018-08-27 08:57:52]	说明 n->v
[2018-08-27 08:57:52]	说 ng->v
[2018-08-27 08:57:52]	讲 ng->v
[2018-08-27 08:57:52]	让 p->v
[2018-08-27 08:57:52]	贪心 a->v
[2018-08-27 08:57:52]	领先 vd->vi
[2018-08-27 08:57:52]	走向 n->v
[2018-08-27 08:57:52]	跑 ng->v
[2018-08-27 08:57:52]	跨 ng->v
[2018-08-27 08:57:52]	越 b->d
[2018-08-27 08:57:52]	跳 q->vi
[2018-08-27 08:57:52]	转 ng->v
[2018-08-27 08:57:52]	柔韧 a->an
[2018-08-27 08:57:52]	辅助 v->vn
[2018-08-27 08:57:52]	进步 a->vn
[2018-08-27 08:57:52]	进行 vn->vx
[2018-08-27 08:57:52]	道教 n->nz
[2018-08-27 08:57:52]	酸 a->n
[2018-08-27 08:57:52]	醒 ng->v
[2018-08-27 08:57:52]	重 a->v
[2018-08-27 08:57:52]	铺 n->v
[2018-08-27 08:57:52]	错误 a->n
[2018-08-27 08:57:52]	集中 a->v
[2018-08-27 08:57:52]	集会 n->vi
[2018-08-27 08:57:52]	颠簸 vd->vi
[2018-08-27 08:57:52]	振荡 vi->vn
[2018-08-27 08:57:52]	霸气 an->n
[2018-08-27 08:57:52]	革命 a->vn
[2018-08-27 08:57:52]	飘 a->v
[2018-08-27 08:57:52]	饿 a->v
[2018-08-27 08:57:52]	香 a->n
[2018-08-27 08:57:52]	骑 ng->v
[2018-08-27 08:57:52]	娇艳 a->an
[2018-08-27 08:57:52]	麻烦 a->an
[2018-08-27 08:57:52]	烦恼 a->an
[2018-08-27 08:57:52]	黄色 b->n
[2018-08-27 08:57:52]	放肆 a->an
[2018-08-27 08:57:52]	纵情 d->v
[2018-08-27 08:57:52]	任意 b->d
[2018-08-27 08:57:52]	文明 a->n
[2018-08-27 08:57:52]	斗争 vi->vn
[2018-08-27 08:57:52]	方便 a->v
[2018-08-27 08:57:52]	便利 a->an
[2018-08-27 08:57:52]	平板 a->n
[2018-08-27 08:57:52]	昂扬 a->v
[2018-08-27 08:57:52]	明确 a->v
[2018-08-27 08:57:52]	是 ng->vshi
[2018-08-27 08:57:52]	好坏 a->n
[2018-08-27 08:57:52]	曲直 n->nr
[2018-08-27 08:57:52]	普及 a->v
[2018-08-27 08:57:52]	暖 a->v
[2018-08-27 08:57:52]	温热 a->an
[2018-08-27 08:57:52]	和暖 a->an
[2018-08-27 08:57:52]	曲 ag->n
[2018-08-27 08:57:52]	望 ng->v
[2018-08-27 08:57:52]	来 f->vf
[2018-08-27 08:57:52]	松 a->v
[2018-08-27 08:57:52]	极端 a->n
[2018-08-27 08:57:52]	构成 n->v
[2018-08-27 08:57:52]	断然 b->d
[2018-08-27 08:57:52]	妖娆 a->an
[2018-08-27 08:57:52]	正 a->d
[2018-08-27 08:57:52]	歪 a->v
[2018-08-27 08:57:52]	斜 a->v
[2018-08-27 08:57:52]	殖民 vi->vn
[2018-08-27 08:57:52]	民主 a->an
[2018-08-27 08:57:52]	没有 d->v
[2018-08-27 08:57:52]	无 d->v
[2018-08-27 08:57:52]	派别 n->gms
[2018-08-27 08:57:52]	派系 n->gms
[2018-08-27 08:57:52]	流行 a->v
[2018-08-27 08:57:52]	深度 ad->n
[2018-08-27 08:57:52]	混 a->v
[2018-08-27 08:57:52]	滋润 a->v
[2018-08-27 08:57:52]	温润 a->an
[2018-08-27 08:57:52]	湿润 a->v
[2018-08-27 08:57:52]	满 a->v
[2018-08-27 08:57:52]	漏 ng->v
[2018-08-27 08:57:52]	飘逸 a->v
[2018-08-27 08:57:52]	灰 a->ag
[2018-08-27 08:57:52]	绚烂 a->an
[2018-08-27 08:57:52]	烂 a->v
[2018-08-27 08:57:52]	烫 a->v
[2018-08-27 08:57:52]	热情 a->an
[2018-08-27 08:57:52]	灭火 n->vi
[2018-08-27 08:57:52]	熟悉 a->v
[2018-08-27 08:57:52]	攀 b->v
[2018-08-27 08:57:52]	铭刻 n->v
[2018-08-27 08:57:52]	铭记 n->v
[2018-08-27 08:57:52]	独立 a->v
[2018-08-27 08:57:52]	自力 n->nr
[2018-08-27 08:57:52]	独裁 a->an
[2018-08-27 08:57:52]	狼狈 ad->an
[2018-08-27 08:57:52]	现代 n->t
[2018-08-27 08:57:52]	现实 a->n
[2018-08-27 08:57:52]	珍藏 n->v
[2018-08-27 08:57:52]	生 a->v
[2018-08-27 08:57:52]	用 ng->p
[2018-08-27 08:57:52]	申请 n->v
[2018-08-27 08:57:52]	痛苦 a->an
[2018-08-27 08:57:52]	悲痛 a->an
[2018-08-27 08:57:52]	皱 n->v
[2018-08-27 08:57:52]	直 a->d
[2018-08-27 08:57:52]	同样 b->d
[2018-08-27 08:57:52]	相当 d->vi
[2018-08-27 08:57:52]	看 u->v
[2018-08-27 08:57:52]	真 a->d
[2018-08-27 08:57:52]	真正 b->d
[2018-08-27 08:57:52]	夺目 a->v
[2018-08-27 08:57:52]	矫健 a->nr
[2018-08-27 08:57:52]	破 a->v
[2018-08-27 08:57:52]	磨 n->v
[2018-08-27 08:57:52]	示范 vi->vn
[2018-08-27 08:57:52]	祷告 v->vn
[2018-08-27 08:57:52]	神 a->n
[2018-08-27 08:57:52]	科学 a->n
[2018-08-27 08:57:52]	秘密 a->n
[2018-08-27 08:57:52]	机密 a->n
[2018-08-27 08:57:52]	稳定 a->an
[2018-08-27 08:57:52]	空 a->v
[2018-08-27 08:57:52]	突出 a->v
[2018-08-27 08:57:52]	端正 a->v
[2018-08-27 08:57:52]	署名 n->vi
[2018-08-27 08:57:52]	签名 n->vi
[2018-08-27 08:57:52]	管理 v->vn
[2018-08-27 08:57:52]	依稀 a->d
[2018-08-27 08:57:52]	系统 a->n
[2018-08-27 08:57:52]	繁荣 a->an
[2018-08-27 08:57:52]	纯洁 a->v
[2018-08-27 08:57:52]	清白 a->an
[2018-08-27 08:57:52]	定额 d->n
[2018-08-27 08:57:52]	抽样 vd->vi
[2018-08-27 08:57:52]	庭审 n->v
[2018-08-27 08:57:52]	测绘 v->vn
[2018-08-27 08:57:52]	澄清 nr->vi
[2018-08-27 08:57:52]	马达 n->nr
[2018-08-27 08:57:52]	超产 v->vn
[2018-08-27 08:57:52]	采矿 vi->vn
[2018-08-27 08:57:52]	一 d->m
[2018-08-27 08:57:52]	一路 d->mq
[2018-08-27 08:57:52]	上 b->f
[2018-08-27 08:57:52]	东西 f->n
[2018-08-27 08:57:52]	乘 p->v
[2018-08-27 08:57:52]	亮 a->vi
[2018-08-27 08:57:52]	明 a->ag
[2018-08-27 08:57:52]	会 n->v
[2018-08-27 08:57:52]	出 q->vf
[2018-08-27 08:57:52]	前方 f->s
[2018-08-27 08:57:52]	单 b->d
[2018-08-27 08:57:52]	又 c->d
[2018-08-27 08:57:52]	员 n->ng
[2018-08-27 08:57:52]	在 d->p
[2018-08-27 08:57:52]	太 a->d
[2018-08-27 08:57:52]	对 a->p
[2018-08-27 08:57:52]	就 c->d
[2018-08-27 08:57:52]	帮 q->v
[2018-08-27 08:57:52]	非常 b->d
[2018-08-27 08:57:52]	时 d->ng
[2018-08-27 08:57:52]	夜间 f->t
[2018-08-27 08:57:52]	本 d->rz
[2018-08-27 08:57:52]	没 d->v
[2018-08-27 08:57:52]	片 ng->q
[2018-08-27 08:57:52]	等 n->v
[2018-08-27 08:57:52]	自动 b->d
[2018-08-27 08:57:52]	袋 n->ng
[2018-08-27 08:57:52]	记 ng->v
[2018-08-27 08:57:52]	错 n->v
[2018-08-27 08:57:52]	问 ng->v
[2018-08-27 08:57:52]	几 b->m
[2018-08-27 08:57:52]	到 p->v
[2018-08-27 08:57:52]	动画 b->n
[2018-08-27 08:57:52]	叫 n->vi
[2018-08-27 08:57:52]	学 ng->v
[2018-08-27 08:57:52]	把 m->v
[2018-08-27 08:57:52]	接着 c->v
[2018-08-27 08:57:52]	着 n->vi
[2018-08-27 08:57:52]	试 ng->v
[2018-08-27 08:57:52]	谈 ng->v
[2018-08-27 08:57:52]	连 d->n
[2018-08-27 08:57:52]	遍 a->v
[2018-08-27 08:57:52]	专用 b->v
[2018-08-27 08:57:52]	买卖 n->v
[2018-08-27 08:57:52]	亏损 n->v
[2018-08-27 08:57:52]	亏空 n->v
[2018-08-27 08:57:52]	代理 n->v
[2018-08-27 08:57:52]	代办 n->v
[2018-08-27 08:57:52]	仲裁 vi->vn
[2018-08-27 08:57:52]	会心 a->n
[2018-08-27 08:57:52]	羞辱 an->v
[2018-08-27 08:57:52]	保管 n->v
[2018-08-27 08:57:52]	保险 a->n
[2018-08-27 08:57:52]	信 ag->n
[2018-08-27 08:57:52]	公共 b->gjtgj
[2018-08-27 08:57:52]	出租 n->v
[2018-08-27 08:57:52]	出租汽车 nl->gjtgj
[2018-08-27 08:57:52]	分 b->v
[2018-08-27 08:57:52]	诱惑 v->vn
[2018-08-27 08:57:52]	增值 n->vi
[2018-08-27 08:57:52]	协作 vd->vi
[2018-08-27 08:57:52]	协调 a->v
[2018-08-27 08:57:52]	印染 v->vn
[2018-08-27 08:57:52]	合营 v->vn
[2018-08-27 08:57:52]	合资 b->vi
[2018-08-27 08:57:52]	合伙 vd->vi
[2018-08-27 08:57:52]	合股 vd->vi
[2018-08-27 08:57:52]	咨询 v->vn
[2018-08-27 08:57:52]	监管 v->vn
[2018-08-27 08:57:52]	地铁 n->gjtgj
[2018-08-27 08:57:52]	坦白 a->v
[2018-08-27 08:57:52]	实惠 a->an
[2018-08-27 08:57:52]	负债 n->vi
[2018-08-27 08:57:52]	派出所 n->gms
[2018-08-27 08:57:52]	派遣 v->gms
[2018-08-27 08:57:52]	派出 v->gms
[2018-08-27 08:57:52]	流 ng->v
[2018-08-27 08:57:52]	也 b->d
[2018-08-27 08:57:52]	方才 d->nr
[2018-08-27 08:57:52]	加 b->v
[2018-08-27 08:57:52]	可以 a->v
[2018-08-27 08:57:52]	和 ag->cc
[2018-08-27 08:57:52]	同 cc->p
[2018-08-27 08:57:52]	与 cc->p
[2018-08-27 08:57:52]	并 cc->d
[2018-08-27 08:57:52]	学会 n->v
[2018-08-27 08:57:52]	是否 d->v
[2018-08-27 08:57:52]	若 c->v
[2018-08-27 08:57:52]	跟随 p->v
[2018-08-27 08:57:52]	跟班 vd->vi
[2018-08-27 08:57:52]	重点 a->n
[2018-08-27 08:57:52]	帆船 n->gjtgj
[2018-08-27 08:57:52]	建设 n->vn
[2018-08-27 08:57:52]	总务 b->n
[2018-08-27 08:57:52]	总结 n->v
[2018-08-27 08:57:52]	成交 n->v
[2018-08-27 08:57:52]	成批 b->d
[2018-08-27 08:57:52]	批发 v->vn
[2018-08-27 08:57:52]	投资 n->v
[2018-08-27 08:57:52]	招标 vd->vi
[2018-08-27 08:57:52]	提成 n->vi
[2018-08-27 08:57:52]	故意 b->d
[2018-08-27 08:57:52]	有意 d->vi
[2018-08-27 08:57:52]	机械 a->n
[2018-08-27 08:57:52]	标准 a->n
[2018-08-27 08:57:52]	规则 a->n
[2018-08-27 08:57:52]	规矩 a->n
[2018-08-27 08:57:52]	调度 n->v
[2018-08-27 08:57:52]	调控 v->vn
[2018-08-27 08:57:52]	腐败 a->an
[2018-08-27 08:57:52]	贸易 v->vn
[2018-08-27 08:57:52]	走私 b->v
[2018-08-27 08:57:52]	运输 v->vn
[2018-08-27 08:57:52]	违法 vd->vi
[2018-08-27 08:57:52]	毒害 n->v
[2018-08-27 08:57:52]	大选 n->vi
[2018-08-27 08:57:52]	通用 a->nz
[2018-08-27 08:57:52]	通信 vi->vn
[2018-08-27 08:57:52]	共同 b->d
[2018-08-27 08:57:52]	配套 a->v
[2018-08-27 08:57:52]	锯 n->v
[2018-08-27 08:57:52]	零售 v->vn
[2018-08-27 08:57:52]	飞机 n->gjtgj
[2018-08-27 08:57:52]	混纺 b->v
[2018-08-27 08:57:52]	火车 n->gjtgj
[2018-08-27 08:57:52]	犯罪 vi->vn
[2018-08-27 08:57:52]	生产 n->v
[2018-08-27 08:57:52]	出产 n->v
[2018-08-27 08:57:52]	电车 n->gjtgj
[2018-08-27 08:57:52]	盈利 n->vi
[2018-08-27 08:57:52]	赢利 n->v
[2018-08-27 08:57:52]	赚钱 a->v
[2018-08-27 08:57:52]	监察 v->vn
[2018-08-27 08:57:52]	种 ng->v
[2018-08-27 08:57:52]	租 ng->v
[2018-08-27 08:57:52]	积累 n->v
[2018-08-27 08:57:52]	管制 v->vn
[2018-08-27 08:57:52]	经济 a->n
[2018-08-27 08:57:52]	经营 n->v
[2018-08-27 08:57:52]	缉私 vi->vn
[2018-08-27 08:57:52]	考验 v->vn
[2018-08-27 08:57:52]	肇事 vi->vn
[2018-08-27 08:57:52]	船 n->gjtgj
[2018-08-27 08:57:52]	船舶 n->gjtgj
[2018-08-27 08:57:52]	轮船 n->gjtgj
[2018-08-27 08:57:52]	补偿 v->vn
[2018-08-27 08:57:52]	狩猎 n->vi
[2018-08-27 08:57:52]	摄像 n->vi
[2018-08-27 08:57:52]	传奇 a->n
[2018-08-27 08:57:52]	教育 v->vn
[2018-08-27 08:57:52]	旅游 vi->vn
[2018-08-27 08:57:52]	杂交 vi->vn
[2018-08-27 08:57:52]	构 ng->vg
[2018-08-27 08:57:52]	专业 a->n
[2018-08-27 08:57:52]	启蒙 vi->vn
[2018-08-27 08:57:52]	囤 ng->v
[2018-08-27 08:57:52]	录音 n->vn
[2018-08-27 08:57:52]	洪流 n->nr
[2018-08-27 08:57:52]	牛 ag->n
[2018-08-27 08:57:52]	玩 ng->v
[2018-08-27 08:57:52]	田野 n->nr
[2018-08-27 08:57:52]	百合 n->nr
[2018-08-27 08:57:52]	答复 n->v
[2018-08-27 08:57:52]	练习 n->v
[2018-08-27 08:57:52]	结业 vd->vi
[2018-08-27 08:57:52]	考 ng->v
[2018-08-27 08:57:52]	测验 v->vn
[2018-08-27 08:57:52]	耙 n->v
[2018-08-27 08:57:52]	育种 vi->vn
[2018-08-27 08:57:52]	自然 a->n
[2018-08-27 08:57:52]	艺术 a->n
[2018-08-27 08:57:52]	耳语 n->vi
[2018-08-27 08:57:52]	锄 ng->v
[2018-08-27 08:57:52]	防汛 vi->vn
[2018-08-27 08:57:52]	集邮 vi->vn
[2018-08-27 08:57:52]	风光 a->n
[2018-08-27 08:57:52]	马 b->n
[2018-08-27 08:57:52]	鸭 n->ng
[2018-08-27 08:57:52]	麻 a->n
[2018-08-27 08:57:52]	鼓 a->v
[2018-08-27 08:57:52]	构想 n->vn
[2018-08-27 08:57:52]	瞬间 n->t
[2018-08-27 08:57:52]	一瞬间 m->t
[2018-08-27 08:57:52]	倏然 d->z
[2018-08-27 08:57:52]	一下子 d->mq
[2018-08-27 08:57:52]	转瞬 d->t
[2018-08-27 08:57:52]	丁 Mg->o
[2018-08-27 08:57:52]	万 d->m
[2018-08-27 08:57:52]	不久 d->m
[2018-08-27 08:57:52]	东 b->f
[2018-08-27 08:57:52]	个 ng->q
[2018-08-27 08:57:52]	举重 n->vn
[2018-08-27 08:57:52]	九 b->m
[2018-08-27 08:57:52]	根本 a->n
[2018-08-27 08:57:52]	一贯 b->d
[2018-08-27 08:57:52]	平素 a->d
[2018-08-27 08:57:52]	仰泳 vi->vn
[2018-08-27 08:57:52]	件 ng->q
[2018-08-27 08:57:52]	篇 ng->q
[2018-08-27 08:57:52]	终生 b->m
[2018-08-27 08:57:52]	口头 d->n
[2018-08-27 08:57:52]	西 b->f
[2018-08-27 08:57:52]	跳水 vi->vn
[2018-08-27 08:57:52]	跳远 vi->vn
[2018-08-27 08:57:52]	边缘 b->n
[2018-08-27 08:57:52]	边沿 f->p
[2018-08-27 08:57:52]	过期 vd->vi
[2018-08-27 08:57:52]	住院 vd->vi
[2018-08-27 08:57:52]	限期 n->vi
[2018-08-27 08:57:52]	集合 n->v
[2018-08-27 08:57:52]	零 a->m
[2018-08-27 08:57:52]	页 ng->q
[2018-08-27 08:57:52]	顷 dg->q
[2018-08-27 08:57:52]	初赛 n->vi
[2018-08-27 08:57:52]	麻痹 a->vi
[2018-08-27 08:57:52]	保健 b->n
[2018-08-27 08:57:52]	倍 d->q
[2018-08-27 08:57:52]	健康 a->an
[2018-08-27 08:57:52]	克 b->vg
[2018-08-27 08:57:52]	册 ng->q
[2018-08-27 08:57:52]	决赛 vi->vn
[2018-08-27 08:57:52]	遍地 vd->vi
[2018-08-27 08:57:52]	化验 n->v
[2018-08-27 08:57:52]	卫生 a->an
[2018-08-27 08:57:52]	原来 b->d
[2018-08-27 08:57:52]	原本 d->n
[2018-08-27 08:57:52]	发烧 b->vi
[2018-08-27 08:57:52]	右 a->f
[2018-08-27 08:57:52]	同时 c->n
[2018-08-27 08:57:52]	同期 d->f
[2018-08-27 08:57:52]	后期 f->t
[2018-08-27 08:57:52]	周长 n->nr
[2018-08-27 08:57:52]	国庆 n->t
[2018-08-27 08:57:52]	圆 a->vg
[2018-08-27 08:57:52]	墨 b->n
[2018-08-27 08:57:52]	新生 n->nr2
[2018-08-27 08:57:52]	夏 ng->tg
[2018-08-27 08:57:52]	定期 b->d
[2018-08-27 08:57:52]	年 n->qt
[2018-08-27 08:57:52]	延期 vd->vi
[2018-08-27 08:57:52]	缓期 vd->vi
[2018-08-27 08:57:52]	动感 b->n
[2018-08-27 08:57:52]	循环 vd->vn
[2018-08-27 08:57:52]	感冒 n->vi
[2018-08-27 08:57:52]	拼命 d->vi
[2018-08-27 08:57:52]	接力 n->vn
[2018-08-27 08:57:52]	常年 b->d
[2018-08-27 08:57:52]	终日 d->m
[2018-08-27 08:57:52]	时刻 d->n
[2018-08-27 08:57:52]	经常 b->d
[2018-08-27 08:57:52]	休克 vi->vn
[2018-08-27 08:57:52]	暂时 b->d
[2018-08-27 08:57:52]	眼前 s->t
[2018-08-27 08:57:52]	近来 d->t
[2018-08-27 08:57:52]	本能 d->n
[2018-08-27 08:57:52]	解 ng->v
[2018-08-27 08:57:52]	株 ng->q
[2018-08-27 08:57:52]	正面 a->n
[2018-08-27 08:57:52]	比 b->p
[2018-08-27 08:57:52]	永远 b->d
[2018-08-27 08:57:52]	恒久 a->z
[2018-08-27 08:57:52]	长期 b->d
[2018-08-27 08:57:52]	光 a->n
[2018-08-27 08:57:52]	对流 vi->vn
[2018-08-27 08:57:52]	平行 vd->vi
[2018-08-27 08:57:52]	死 a->v
[2018-08-27 08:57:52]	沉淀 n->vi
[2018-08-27 08:57:52]	火 a->n
[2018-08-27 08:57:52]	烧 n->vi
[2018-08-27 08:57:52]	相反 d->vi
[2018-08-27 08:57:52]	清明 a->t
[2018-08-27 08:57:52]	滑冰 n->vn
[2018-08-27 08:57:52]	甲 m->n
[2018-08-27 08:57:52]	疼痛 a->an
[2018-08-27 08:57:52]	痛苦 a->an
[2018-08-27 08:57:52]	直线 d->n
[2018-08-27 08:57:52]	秋 ng->tg
[2018-08-27 08:57:52]	联网 vd->vi
[2018-08-27 08:57:52]	裂变 n->vi
[2018-08-27 08:57:52]	象 n->ng
[2018-08-27 08:57:52]	辐射 n->v
[2018-08-27 08:57:52]	遗传 n->vn
[2018-08-27 08:57:52]	高压 b->n
[2018-08-27 08:57:52]	鼠 n->ng
[2018-08-27 08:57:52]	应当 d->v
[2018-08-27 08:57:52]	开阔 a->v
[2018-08-27 08:57:52]	当然 b->d
[2018-08-27 08:57:52]	晴 an->vi
[2018-08-27 08:57:52]	果然 c->d
[2018-08-27 08:57:52]	果真 c->d
[2018-08-27 08:57:52]	木 a->ng
[2018-08-27 08:57:52]	林 n->ng
[2018-08-27 08:57:52]	一定 b->d
[2018-08-27 08:57:52]	下游 f->n
[2018-08-27 08:57:52]	不然 a->c
[2018-08-27 08:57:52]	华夏 n->nz
[2018-08-27 08:57:52]	中游 f->n
[2018-08-27 08:57:52]	乔木 n->nr
[2018-08-27 08:57:52]	云 b->n
[2018-08-27 08:57:52]	依旧 d->z
[2018-08-27 08:57:52]	照旧 d->v
[2018-08-27 08:57:52]	从 d->p
[2018-08-27 08:57:52]	分布 vd->vi
[2018-08-27 08:57:52]	另外 c->rz
[2018-08-27 08:57:52]	叶 n->ng
[2018-08-27 08:57:52]	向 dg->p
[2018-08-27 08:57:52]	因为 c->p
[2018-08-27 08:57:52]	塘 b->ng
[2018-08-27 08:57:52]	大体 d->n
[2018-08-27 08:57:52]	大致 b->d
[2018-08-27 08:57:52]	仿佛 d->v
[2018-08-27 08:57:52]	近似 a->v
[2018-08-27 08:57:52]	宏观 a->n
[2018-08-27 08:57:52]	多次 ad->mq
[2018-08-27 08:57:52]	频仍 a->v
[2018-08-27 08:57:52]	辗转 vd->vi
[2018-08-27 08:57:52]	蜿蜒 v->z
[2018-08-27 08:57:52]	公 ad->ng
[2018-08-27 08:57:52]	露 ng->v
[2018-08-27 08:57:52]	首先 c->d
[2018-08-27 08:57:52]	最初 b->d
[2018-08-27 08:57:52]	和平 a->n
[2018-08-27 08:57:52]	排 n->v
[2018-08-27 08:57:52]	演习 v->vn
[2018-08-27 08:57:52]	舍身 d->v
[2018-08-27 08:57:52]	由于 c->p
[2018-08-27 08:57:52]	胜利 ad->vi
[2018-08-27 08:57:52]	边防 b->n
[2018-08-27 08:57:52]	隐蔽 a->v
[2018-08-27 08:57:52]	隐秘 a->n
[2018-08-27 08:57:52]	雷达 n->nr
[2018-08-27 08:57:52]	高度 d->n
[2018-08-27 08:57:52]	徐徐 d->nr
[2018-08-27 08:57:52]	湖 b->n
[2018-08-27 08:57:52]	高温 an->n
[2018-08-27 08:57:52]	火热 a->z
[2018-08-27 08:57:52]	甚至 c->d
[2018-08-27 08:57:52]	的 n->ude1
[2018-08-27 08:57:52]	神农架 n->ns
[2018-08-27 08:57:52]	到底 d->vi
[2018-08-27 08:57:52]	竹 n->ng
[2018-08-27 08:57:52]	经过 n->p
[2018-08-27 08:57:52]	花 a->n
[2018-08-27 08:57:52]	蕴含 n->v
[2018-08-27 08:57:52]	西双版纳 ns->nsf
[2018-08-27 08:57:52]	边陲 n->s
[2018-08-27 08:57:52]	金 b->ng
[2018-08-27 08:57:52]	银 b->ng
[2018-08-27 08:57:52]	锡 b->n
[2018-08-27 08:57:52]	长春 ns->nz
[2018-08-27 08:57:52]	中 b->f
[2018-08-27 08:57:52]	久 a->ng
[2018-08-27 08:57:52]	乌拉圭 ns->nsf
[2018-08-27 08:57:52]	了 ule->y
[2018-08-27 08:57:52]	以 b->p
[2018-08-27 08:57:52]	何 nr1->ry
[2018-08-27 08:57:52]	作 ng->v
[2018-08-27 08:57:52]	华盛顿 nrf->nsf
[2018-08-27 08:57:52]	可能 n->v
[2018-08-27 08:57:52]	孙 n->nr1
[2018-08-27 08:57:52]	孙子 n->nr
[2018-08-27 08:57:52]	孟加拉 n->nsf
[2018-08-27 08:57:52]	得 ude3->v
[2018-08-27 08:57:52]	愿 ng->v
[2018-08-27 08:57:52]	新加坡 ns->nsf
[2018-08-27 08:57:52]	杨 ng->nr1
[2018-08-27 08:57:52]	柬埔寨 ns->nsf
[2018-08-27 08:57:52]	如 c->v
[2018-08-27 08:57:52]	沈 b->nr1
[2018-08-27 08:57:52]	马马虎虎 al->z
[2018-08-27 08:57:52]	魏 nr1->tg
[2018-08-27 08:57:52]	互相 b->d
[2018-08-27 08:57:52]	交替 d->vi
[2018-08-27 08:57:52]	优惠 a->vn
[2018-08-27 08:57:52]	位 ng->q
[2018-08-27 08:57:52]	使劲 vd->vi
[2018-08-27 08:57:52]	保安 b->n
[2018-08-27 08:57:52]	倒 d->vi
[2018-08-27 08:57:52]	倾斜 vd->vi
[2018-08-27 08:57:52]	典型 a->n
[2018-08-27 08:57:52]	冰激凌 n->gms
[2018-08-27 08:57:52]	冲 p->v
[2018-08-27 08:57:52]	包子 n->gms
[2018-08-27 08:57:52]	反 b->vi
[2018-08-27 08:57:52]	施展 nr->v
[2018-08-27 08:57:52]	土 a->n
[2018-08-27 08:57:52]	堆 k->v
[2018-08-27 08:57:52]	孤立 a->v
[2018-08-27 08:57:52]	手工 d->n
[2018-08-27 08:57:52]	打字 vi->vn
[2018-08-27 08:57:52]	担 ng->v
[2018-08-27 08:57:52]	拐弯 n->vi
[2018-08-27 08:57:52]	指挥 n->v
[2018-08-27 08:57:52]	摩擦 v->vn
[2018-08-27 08:57:52]	收 ng->v
[2018-08-27 08:57:52]	信步 vd->vi
[2018-08-27 08:57:52]	方 a->d
[2018-08-27 08:57:52]	多数 a->m
[2018-08-27 08:57:52]	根据 n->p
[2018-08-27 08:57:52]	据 ng->p
[2018-08-27 08:57:52]	泉 n->ng
[2018-08-27 08:57:52]	消费 n->vn
[2018-08-27 08:57:52]	深入 a->v
[2018-08-27 08:57:52]	滴 q->v
[2018-08-27 08:57:52]	爆米花 n->gms
[2018-08-27 08:57:52]	狮 n->ng
[2018-08-27 08:57:52]	留 ng->v
[2018-08-27 08:57:52]	船埠 n->gjtgj
[2018-08-27 08:57:52]	研 ng->v
[2018-08-27 08:57:52]	确定 a->v
[2018-08-27 08:57:52]	空缺 n->v
[2018-08-27 08:57:52]	聊 d->v
[2018-08-27 08:57:52]	睿智 a->an
[2018-08-27 08:57:52]	肉 a->n
[2018-08-27 08:57:52]	反面 b->n
[2018-08-27 08:57:52]	肥 a->n
[2018-08-27 08:57:52]	记录 n->v
[2018-08-27 08:57:52]	记载 n->v
[2018-08-27 08:57:52]	设计 n->v
[2018-08-27 08:57:52]	调查 n->v
[2018-08-27 08:57:52]	负责 a->v
[2018-08-27 08:57:52]	削价 vd->vi
[2018-08-27 08:57:52]	降价 vd->vi
[2018-08-27 08:57:52]	减价 vd->vi
[2018-08-27 08:57:52]	边 b->n
[2018-08-27 08:57:52]	逆向 a->d
[2018-08-27 08:57:52]	透亮 a->vi
[2018-08-27 08:57:52]	集资 vd->vi
[2018-08-27 08:57:52]	需要 n->v
[2018-08-27 08:57:52]	靠 ng->v
[2018-08-27 08:57:52]	分类 vd->vi
[2018-08-27 08:57:52]	列 n->v
[2018-08-27 08:57:52]	固定 a->v
[2018-08-27 08:57:52]	块 ng->q
[2018-08-27 08:57:52]	宽带 b->n
[2018-08-27 08:57:52]	标注 n->v
[2018-08-27 08:57:52]	模拟 b->v
[2018-08-27 08:57:52]	盗版 n->vn
[2018-08-27 08:57:52]	型 k->ng
[2018-08-27 08:57:52]	行 a->vi
[2018-08-27 08:57:52]	隔离 vd->vn
[2018-08-27 08:57:52]	集成 b->v
[2018-08-27 08:57:52]	三星 n->nt
[2018-08-27 08:57:52]	三维 mq->n
[2018-08-27 08:57:52]	位移 n->v
[2018-08-27 08:57:52]	前端 f->n
[2018-08-27 08:57:52]	同心 a->vi
[2018-08-27 08:57:52]	同步 b->vi
[2018-08-27 08:57:52]	实时 a->n
[2018-08-27 08:57:52]	容错 b->vn
[2018-08-27 08:57:52]	微调 n->v
[2018-08-27 08:57:52]	批量 d->m
[2018-08-27 08:57:52]	指向 n->v
[2018-08-27 08:57:52]	搜狐 n->gwz
[2018-08-27 08:57:52]	数码 b->n
[2018-08-27 08:57:52]	整体 m->n
[2018-08-27 08:57:52]	新建 b->v
[2018-08-27 08:57:52]	特效 b->n
[2018-08-27 08:57:52]	移动 v->vn
[2018-08-27 08:57:52]	认证 vi->vn
[2018-08-27 08:57:52]	请求 n->v
[2018-08-27 08:57:52]	迁徙 n->v
[2018-08-27 08:57:52]	运算 vi->vn
[2018-08-27 08:57:52]	配置 n->v
[2018-08-27 08:57:52]	随机 b->d
[2018-08-27 08:57:52]	定时 b->d
[2018-08-27 08:57:52]	定点 b->n
[2018-08-27 08:57:52]	段 n->q
[2018-08-27 08:57:52]	编译 n->v
[2018-08-27 08:57:52]	安 ag->v
[2018-08-27 08:57:52]	安定 a->an
[2018-08-27 08:57:52]	带 n->v
[2018-08-27 08:57:52]	带子 n->v
[2018-08-27 08:57:52]	戴 nr1->v
[2018-08-27 08:57:52]	标准 a->n
[2018-08-27 08:57:52]	等 n->v
[2018-08-27 08:57:52]	船 n->gjtgj
[2018-08-27 08:57:52]	被 d->pbei
[2018-08-27 08:57:52]	道德 a->n
[2018-08-27 08:57:52]	道教 n->nz
[2018-08-27 08:57:52]	瞬间 n->t
[2018-08-27 08:57:52]	微 a->nz
[2018-08-27 08:57:52]	竹编 b->n
[2018-08-27 08:57:52]	审美 vi->vn
[2018-08-27 08:57:52]	雕版 b->n
[2018-08-27 08:57:52]	凝重 a->z
[2018-08-27 08:57:52]	超 h->v
[2018-08-27 08:57:52]	代办 n->v
[2018-08-27 08:57:52]	具象 a->n
[2018-08-27 08:57:52]	剪贴 n->v
[2018-08-27 08:57:52]	面 f->n
[2018-08-27 08:57:52]	写实主义 n->nl
[2018-08-27 08:57:52]	湿润 a->v
[2018-08-27 08:57:52]	超现实主义 b->n
[2018-08-27 08:57:52]	写实 b->vi
[2018-08-27 08:57:52]	诚心 a->n
[2018-08-27 08:57:52]	草编 b->n
[2018-08-27 08:57:52]	高贵 a->nr
[2018-08-27 08:57:52]	创作 n->v
[2018-08-27 08:57:52]	重叠 vd->vi
[2018-08-27 08:57:52]	昂首 vd->vi
[2018-08-27 08:57:52]	他人 rr->r
[2018-08-27 08:57:52]	老大 a->n
[2018-08-27 08:57:52]	各人 rr->r
[2018-08-27 08:57:52]	早起 vi->v
[2018-08-27 08:57:52]	下流 a->s
[2018-08-27 08:57:52]	在内 f->v
[2018-08-27 08:57:52]	回家 vi->v
[2018-08-27 08:57:52]	才能 n->v
[2018-08-27 08:57:52]	中意 a->n
[2018-08-27 08:57:52]	能干 a->v
[2018-08-27 08:57:52]	自大 a->an
[2018-08-27 08:57:52]	自得 an->a
[2018-08-27 08:57:52]	有余 m->v
[2018-08-27 08:57:52]	上流 b->n
[2018-08-27 08:57:52]	马上 d->n
[2018-08-27 08:57:52]	无法 d->v
[2018-08-27 08:57:52]	没法 d->v
[2018-08-27 08:57:52]	对等 vi->vn
[2018-08-27 08:57:52]	越过 v->n
[2018-08-27 08:57:52]	一口气 d->n
[2018-08-27 08:57:52]	得手 a->v
[2018-08-27 08:57:52]	国都 d->n
[2018-08-27 08:57:52]	就是 c->n
[2018-08-27 08:57:52]	有用 a->n
[2018-08-27 08:57:52]	无情 a->n
[2018-08-27 08:57:52]	从宽 d->v
[2018-08-27 08:57:52]	中选 vi->v
[2018-08-27 08:57:52]	一起 d->s
[2018-08-27 08:57:52]	一道 d->n
[2018-08-27 08:57:52]	一块 d->s
[2018-08-27 08:57:52]	不是 c->n
[2018-08-27 08:57:52]	总会 d->n
[2018-08-27 08:57:52]	你好 vl->n
[2018-08-27 08:57:52]	而后 c->d
[2018-08-27 08:57:52]	省钱 a->v
[2018-08-27 08:57:52]	人为 b->d
[2018-08-27 08:57:52]	大路 n->nz
[2018-08-27 08:57:52]	一下 d->m
[2018-08-27 08:57:52]	各处 rzs->r
[2018-08-27 08:57:52]	年间 f->n
[2018-08-27 08:57:52]	对应 vi->v
[2018-08-27 08:57:52]	秒钟 n->q
[2018-08-27 08:57:52]	真的 a->d
[2018-08-27 08:57:52]	从中 d->n
[2018-08-27 08:57:52]	乘机 d->vn
[2018-08-27 08:57:52]	七零八落 al->nl
[2018-08-27 08:57:52]	三角 n->ns
[2018-08-27 08:57:52]	用力 a->n
[2018-08-27 08:57:52]	完了 vi->n
[2018-08-27 08:57:52]	下场 n->v
[2018-08-27 08:57:52]	谈天 vi->v
