[2018-11-16 15:45:50]	爱 b->v
[2018-11-16 15:45:50]	安 ag->v
[2018-11-16 15:45:50]	安定 a->an
[2018-11-16 15:45:50]	本分 a->n
[2018-11-16 15:45:50]	宁静 a->an
[2018-11-16 15:45:50]	安宁 a->an
[2018-11-16 15:45:50]	安谧 a->an
[2018-11-16 15:45:50]	和缓 a->ad
[2018-11-16 15:45:50]	太平 a->ns
[2018-11-16 15:45:50]	安全 a->an
[2018-11-16 15:45:50]	安慰 a->v
[2018-11-16 15:45:50]	按时 d->ad
[2018-11-16 15:45:50]	昂首 vd->vi
[2018-11-16 15:45:50]	昂扬 a->v
[2018-11-16 15:45:50]	后悔 a->v
[2018-11-16 15:45:50]	八宝粥 n->gms
[2018-11-16 15:45:50]	把 m->v
[2018-11-16 15:45:50]	百合 n->nr
[2018-11-16 15:45:50]	绊 ng->v
[2018-11-16 15:45:50]	棒 a->ng
[2018-11-16 15:45:50]	包 n->v
[2018-11-16 15:45:50]	折 ng->vi
[2018-11-16 15:45:50]	叠 q->v
[2018-11-16 15:45:50]	包子 n->gms
[2018-11-16 15:45:50]	保安 b->n
[2018-11-16 15:45:50]	保障 n->v
[2018-11-16 15:45:50]	保健 b->n
[2018-11-16 15:45:50]	封闭 a->v
[2018-11-16 15:45:50]	保险 a->n
[2018-11-16 15:45:50]	保证 n->v
[2018-11-16 15:45:50]	不好意思 a->vl
[2018-11-16 15:45:50]	背 a->v
[2018-11-16 15:45:50]	被 d->pbei
[2018-11-16 15:45:50]	必然 b->n
[2018-11-16 15:45:50]	一定 b->d
[2018-11-16 15:45:50]	边 b->n
[2018-11-16 15:45:50]	边缘 b->n
[2018-11-16 15:45:50]	边防 b->n
[2018-11-16 15:45:50]	边陲 n->s
[2018-11-16 15:45:50]	变化 v->vn
[2018-11-16 15:45:50]	标准 a->n
[2018-11-16 15:45:50]	规范 a->v
[2018-11-16 15:45:50]	飞跃 vi->vn
[2018-11-16 15:45:50]	口头 d->n
[2018-11-16 15:45:50]	表现 n->v
[2018-11-16 15:45:50]	别名 n->nz
[2018-11-16 15:45:50]	做作 a->v
[2018-11-16 15:45:50]	拨 q->v
[2018-11-16 15:45:50]	奔腾 nz->vi
[2018-11-16 15:45:50]	盘剥 v->vn
[2018-11-16 15:45:50]	补偿 v->vn
[2018-11-16 15:45:50]	甭 d->v
[2018-11-16 15:45:50]	不安 a->an
[2018-11-16 15:45:50]	焦虑 a->an
[2018-11-16 15:45:50]	恐慌 a->an
[2018-11-16 15:45:50]	不满 a->an
[2018-11-16 15:45:50]	例外 n->vi
[2018-11-16 15:45:50]	不幸 a->n
[2018-11-16 15:45:50]	部分 m->n
[2018-11-16 15:45:50]	华 ag->b
[2018-11-16 15:45:50]	愧疚 a->an
[2018-11-16 15:45:50]	辉煌 a->an
[2018-11-16 15:45:50]	绚烂 a->an
[2018-11-16 15:45:50]	仓储 n->vn
[2018-11-16 15:45:50]	费心 a->v
[2018-11-16 15:45:50]	迥异 a->z
[2018-11-16 15:45:50]	叶 n->ng
[2018-11-16 15:45:50]	拆解 v->vn
[2018-11-16 15:45:50]	知了 n->nz
[2018-11-16 15:45:50]	长春 ns->nz
[2018-11-16 15:45:50]	经常 b->d
[2018-11-16 15:45:50]	超 h->v
[2018-11-16 15:45:50]	超产 v->vn
[2018-11-16 15:45:50]	超支 n->v
[2018-11-16 15:45:50]	车次 n->nz
[2018-11-16 15:45:50]	沉淀 n->vi
[2018-11-16 15:45:50]	尽职 vd->vi
[2018-11-16 15:45:50]	诚心 a->n
[2018-11-16 15:45:50]	党羽 n->nz
[2018-11-16 15:45:50]	冲突 vi->vn
[2018-11-16 15:45:50]	倾心 ad->vi
[2018-11-16 15:45:50]	喜好 an->v
[2018-11-16 15:45:50]	空洞 a->n
[2018-11-16 15:45:50]	抽样 vd->vi
[2018-11-16 15:45:50]	臭豆腐 n->gms
[2018-11-16 15:45:50]	出口 n->vi
[2018-11-16 15:45:50]	肇事 vi->vn
[2018-11-16 15:45:50]	出租 n->v
[2018-11-16 15:45:50]	先期 b->d
[2018-11-16 15:45:50]	除外 vi->v
[2018-11-16 15:45:50]	装 n->v
[2018-11-16 15:45:50]	传统 a->n
[2018-11-16 15:45:50]	船 n->gjtgj
[2018-11-16 15:45:50]	轮船 n->gjtgj
[2018-11-16 15:45:50]	船舶 n->gjtgj
[2018-11-16 15:45:50]	春分 t->n
[2018-11-16 15:45:50]	刺 n->v
[2018-11-16 15:45:50]	睿智 a->an
[2018-11-16 15:45:50]	智慧 a->n
[2018-11-16 15:45:50]	从 d->p
[2018-11-16 15:45:50]	自 d->p
[2018-11-16 15:45:50]	粗心 a->an
[2018-11-16 15:45:50]	大意 a->n
[2018-11-16 15:45:50]	酸 a->n
[2018-11-16 15:45:50]	摩擦 v->vn
[2018-11-16 15:45:50]	坎坷 a->an
[2018-11-16 15:45:50]	错误 a->n
[2018-11-16 15:45:50]	达标 vd->vi
[2018-11-16 15:45:50]	答复 n->v
[2018-11-16 15:45:50]	打 p->v
[2018-11-16 15:45:50]	狩猎 n->vi
[2018-11-16 15:45:50]	打算 n->v
[2018-11-16 15:45:50]	大寒 t->nz
[2018-11-16 15:45:50]	大家 n->rr
[2018-11-16 15:45:50]	大料 n->nz
[2018-11-16 15:45:50]	大致 b->d
[2018-11-16 15:45:50]	呆 a->v
[2018-11-16 15:45:50]	代办 n->v
[2018-11-16 15:45:50]	代理 n->v
[2018-11-16 15:45:50]	带 n->v
[2018-11-16 15:45:50]	带子 n->v
[2018-11-16 15:45:50]	条 ng->q
[2018-11-16 15:45:50]	戴 nr1->v
[2018-11-16 15:45:50]	单 b->d
[2018-11-16 15:45:50]	单独 b->d
[2018-11-16 15:45:50]	当面 d->n
[2018-11-16 15:45:50]	那天 r->t
[2018-11-16 15:45:50]	挡 n->v
[2018-11-16 15:45:50]	的 n->ude1
[2018-11-16 15:45:50]	得 ude3->v
[2018-11-16 15:45:50]	到 p->v
[2018-11-16 15:45:50]	倒 d->vi
[2018-11-16 15:45:50]	偷 d->v
[2018-11-16 15:45:50]	道德 a->n
[2018-11-16 15:45:50]	道教 n->nz
[2018-11-16 15:45:50]	上岸 vi->v
[2018-11-16 15:45:50]	等 n->v
[2018-11-16 15:45:50]	地铁 n->gjtgj
[2018-11-16 15:45:50]	光 a->n
[2018-11-16 15:45:50]	光辉 a->n
[2018-11-16 15:45:50]	顶 f->v
[2018-11-16 15:45:50]	定额 d->n
[2018-11-16 15:45:50]	定期 b->d
[2018-11-16 15:45:50]	东 b->f
[2018-11-16 15:45:50]	东乡族 ns->nz
[2018-11-16 15:45:50]	全部 m->ad
[2018-11-16 15:45:50]	斗争 vi->vn
[2018-11-16 15:45:50]	独立 a->v
[2018-11-16 15:45:50]	自力 n->nr
[2018-11-16 15:45:50]	渡 ng->v
[2018-11-16 15:45:50]	端 ng->v
[2018-11-16 15:45:50]	端正 a->v
[2018-11-16 15:45:50]	断 d->v
[2018-11-16 15:45:50]	对仗 n->nz
[2018-11-16 15:45:50]	多 a->m
[2018-11-16 15:45:50]	饿 a->v
[2018-11-16 15:45:50]	发 ng->v
[2018-11-16 15:45:50]	带头 vd->vi
[2018-11-16 15:45:50]	发糕 n->gms
[2018-11-16 15:45:50]	施展 nr->v
[2018-11-16 15:45:50]	发烧 b->vi
[2018-11-16 15:45:50]	无力 a->vi
[2018-11-16 15:45:50]	法 b->n
[2018-11-16 15:45:50]	庭审 n->v
[2018-11-16 15:45:50]	帆船 n->gjtgj
[2018-11-16 15:45:50]	繁荣 a->an
[2018-11-16 15:45:50]	重复 a->v
[2018-11-16 15:45:50]	来回 d->vi
[2018-11-16 15:45:50]	反面 b->n
[2018-11-16 15:45:50]	反应 n->vi
[2018-11-16 15:45:50]	犯罪 vi->vn
[2018-11-16 15:45:50]	范 ng->nr1
[2018-11-16 15:45:50]	方 a->d
[2018-11-16 15:45:50]	方便面 n->gms
[2018-11-16 15:45:50]	防汛 vi->vn
[2018-11-16 15:45:50]	飞机 n->gjtgj
[2018-11-16 15:45:50]	肥 a->n
[2018-11-16 15:45:50]	分布 vd->vi
[2018-11-16 15:45:50]	分离 vd->vi
[2018-11-16 15:45:50]	分米 q->qt
[2018-11-16 15:45:50]	生气 a->n
[2018-11-16 15:45:50]	风光 a->n
[2018-11-16 15:45:50]	封 ng->v
[2018-11-16 15:45:50]	冯 m->nr1
[2018-11-16 15:45:50]	抚恤 vi->vn
[2018-11-16 15:45:50]	远望 nz->v
[2018-11-16 15:45:50]	腐败 a->an
[2018-11-16 15:45:50]	负责 a->v
[2018-11-16 15:45:50]	中兴 ns->nz
[2018-11-16 15:45:50]	副词 n->nz
[2018-11-16 15:45:50]	付 q->v
[2018-11-16 15:45:50]	次要 b->bl
[2018-11-16 15:45:50]	富 a->vg
[2018-11-16 15:45:50]	富有 a->v
[2018-11-16 15:45:50]	富余 a->vn
[2018-11-16 15:45:50]	盖 d->v
[2018-11-16 15:45:50]	扣 ng->v
[2018-11-16 15:45:50]	干 a->v
[2018-11-16 15:45:50]	甘 ad->ag
[2018-11-16 15:45:50]	感动 a->v
[2018-11-16 15:45:50]	感冒 n->vi
[2018-11-16 15:45:50]	不久 d->m
[2018-11-16 15:45:50]	方才 d->nr
[2018-11-16 15:45:50]	高贵 a->nr
[2018-11-16 15:45:50]	年老 a->vi
[2018-11-16 15:45:50]	革命 a->vn
[2018-11-16 15:45:50]	解 ng->v
[2018-11-16 15:45:50]	根据 n->p
[2018-11-16 15:45:50]	据 ng->p
[2018-11-16 15:45:50]	跟随 p->v
[2018-11-16 15:45:50]	随着 d->p
[2018-11-16 15:45:50]	更年期 n->t
[2018-11-16 15:45:50]	工作 n->vn
[2018-11-16 15:45:50]	公开 a->v
[2018-11-16 15:45:50]	巩固 a->v
[2018-11-16 15:45:50]	共产党 n->nz
[2018-11-16 15:45:50]	奉献 n->v
[2018-11-16 15:45:50]	够 a->v
[2018-11-16 15:45:50]	孤立 a->v
[2018-11-16 15:45:50]	孤僻 a->an
[2018-11-16 15:45:50]	鼓 a->v
[2018-11-16 15:45:50]	彭 m->nr1
[2018-11-16 15:45:50]	鼓舞 a->v
[2018-11-16 15:45:50]	固定 a->v
[2018-11-16 15:45:50]	稳定 a->an
[2018-11-16 15:45:50]	传奇 a->n
[2018-11-16 15:45:50]	故意 b->d
[2018-11-16 15:45:50]	有意 d->vi
[2018-11-16 15:45:50]	成心 d->v
[2018-11-16 15:45:50]	顾 ng->v
[2018-11-16 15:45:50]	挂 q->v
[2018-11-16 15:45:50]	关切 a->v
[2018-11-16 15:45:50]	论断 n->vn
[2018-11-16 15:45:50]	臣 n->ng
[2018-11-16 15:45:50]	管理 v->vn
[2018-11-16 15:45:50]	管制 v->vn
[2018-11-16 15:45:50]	光明 a->n
[2018-11-16 15:45:50]	亮 a->vi
[2018-11-16 15:45:50]	归结 n->vi
[2018-11-16 15:45:50]	鬼 a->n
[2018-11-16 15:45:50]	邪 a->ag
[2018-11-16 15:45:50]	滚 ng->vi
[2018-11-16 15:45:50]	国庆 n->t
[2018-11-16 15:45:50]	干脆 a->d
[2018-11-16 15:45:50]	断然 b->d
[2018-11-16 15:45:50]	果然 c->d
[2018-11-16 15:45:50]	果真 c->d
[2018-11-16 15:45:50]	过期 vd->vi
[2018-11-16 15:45:50]	海口 n->ns
[2018-11-16 15:45:50]	琼 b->nr1
[2018-11-16 15:45:50]	叫 n->vi
[2018-11-16 15:45:50]	汉堡包 n->gms
[2018-11-16 15:45:50]	数码 b->n
[2018-11-16 15:45:50]	合资 b->vi
[2018-11-16 15:45:50]	集资 vd->vi
[2018-11-16 15:45:50]	合伙 vd->vi
[2018-11-16 15:45:50]	合股 vd->vi
[2018-11-16 15:45:50]	和 ag->cc
[2018-11-16 15:45:50]	集合 n->v
[2018-11-16 15:45:50]	与 cc->p
[2018-11-16 15:45:50]	同 cc->p
[2018-11-16 15:45:50]	并 cc->d
[2018-11-16 15:45:50]	狠 a->d
[2018-11-16 15:45:50]	狠心 a->an
[2018-11-16 15:45:50]	横 a->v
[2018-11-16 15:45:50]	哄 o->v
[2018-11-16 15:45:50]	后期 f->t
[2018-11-16 15:45:50]	胡 d->nr1
[2018-11-16 15:45:50]	湖 b->n
[2018-11-16 15:45:50]	迷惑 a->v
[2018-11-16 15:45:50]	依稀 a->d
[2018-11-16 15:45:50]	互相 b->d
[2018-11-16 15:45:50]	花 a->n
[2018-11-16 15:45:50]	花卷 n->gms
[2018-11-16 15:45:50]	滑冰 n->vn
[2018-11-16 15:45:50]	滑雪 vi->vn
[2018-11-16 15:45:50]	化验 n->v
[2018-11-16 15:45:50]	打扮 n->v
[2018-11-16 15:45:50]	还账 v->vi
[2018-11-16 15:45:50]	涣散 a->v
[2018-11-16 15:45:50]	怪诞 a->an
[2018-11-16 15:45:50]	黄色 b->n
[2018-11-16 15:45:50]	回头 d->vi
[2018-11-16 15:45:50]	会 n->v
[2018-11-16 15:45:50]	馄饨 n->gms
[2018-11-16 15:45:50]	活动 a->vn
[2018-11-16 15:45:50]	该死 vi->v
[2018-11-16 15:45:50]	活 a->n
[2018-11-16 15:45:50]	火车 n->gjtgj
[2018-11-16 15:45:50]	机械 a->n
[2018-11-16 15:45:50]	缉私 vi->vn
[2018-11-16 15:45:50]	狂热 a->an
[2018-11-16 15:45:50]	极端 a->n
[2018-11-16 15:45:50]	集邮 vi->vn
[2018-11-16 15:45:50]	集中 a->v
[2018-11-16 15:45:50]	挤 a->v
[2018-11-16 15:45:50]	运算 vi->vn
[2018-11-16 15:45:50]	记录 n->v
[2018-11-16 15:45:50]	记载 n->v
[2018-11-16 15:45:50]	纪念 n->v
[2018-11-16 15:45:50]	长项 n->nz
[2018-11-16 15:45:50]	加班 vd->vi
[2018-11-16 15:45:50]	夹 b->v
[2018-11-16 15:45:50]	家 k->n
[2018-11-16 15:45:50]	值 a->n
[2018-11-16 15:45:50]	尖端 b->n
[2018-11-16 15:45:50]	坚定 a->v
[2018-11-16 15:45:50]	监察 v->vn
[2018-11-16 15:45:50]	调查 n->v
[2018-11-16 15:45:50]	方便 a->v
[2018-11-16 15:45:50]	便利 a->an
[2018-11-16 15:45:50]	间接 a->b
[2018-11-16 15:45:50]	建设 n->vn
[2018-11-16 15:45:50]	健全 a->v
[2018-11-16 15:45:50]	讲究 a->v
[2018-11-16 15:45:50]	降价 vd->vi
[2018-11-16 15:45:50]	坦白 a->v
[2018-11-16 15:45:50]	灌 ng->v
[2018-11-16 15:45:50]	娇气 a->n
[2018-11-16 15:45:50]	骄傲 a->an
[2018-11-16 15:45:50]	饺子 n->gms
[2018-11-16 15:45:50]	教 ng->v
[2018-11-16 15:45:50]	教育 v->vn
[2018-11-16 15:45:50]	接力 n->vn
[2018-11-16 15:45:50]	结果 c->n
[2018-11-16 15:45:50]	结业 vd->vi
[2018-11-16 15:45:50]	解放 a->v
[2018-11-16 15:45:50]	解放战争 n->nz
[2018-11-16 15:45:50]	借 p->v
[2018-11-16 15:45:50]	租 ng->v
[2018-11-16 15:45:50]	借贷 n->v
[2018-11-16 15:45:50]	借条 n->nz
[2018-11-16 15:45:50]	金 b->ng
[2018-11-16 15:45:50]	尽力 d->vi
[2018-11-16 15:45:50]	全力 d->n
[2018-11-16 15:45:50]	尽心 a->v
[2018-11-16 15:45:50]	进步 a->vn
[2018-11-16 15:45:50]	临近 a->v
[2018-11-16 15:45:50]	经过 n->p
[2018-11-16 15:45:50]	经济 a->n
[2018-11-16 15:45:50]	经营 n->v
[2018-11-16 15:45:50]	精神 a->n
[2018-11-16 15:45:50]	感慨 a->v
[2018-11-16 15:45:50]	警惕 a->v
[2018-11-16 15:45:50]	敬业 a->vi
[2018-11-16 15:45:50]	就 c->d
[2018-11-16 15:45:50]	举 ag->v
[2018-11-16 15:45:50]	举重 n->vn
[2018-11-16 15:45:50]	行 a->vi
[2018-11-16 15:45:50]	锯 n->v
[2018-11-16 15:45:50]	卷 ng->v
[2018-11-16 15:45:50]	决定 n->v
[2018-11-16 15:45:50]	决赛 vi->vn
[2018-11-16 15:45:50]	决心 d->n
[2018-11-16 15:45:50]	开创 n->v
[2018-11-16 15:45:50]	开放 a->v
[2018-11-16 15:45:50]	开阔 a->v
[2018-11-16 15:45:50]	伊始 t->vi
[2018-11-16 15:45:50]	初叶 f->t
[2018-11-16 15:45:50]	初始 b->t
[2018-11-16 15:45:50]	初步 b->d
[2018-11-16 15:45:50]	看 u->v
[2018-11-16 15:45:50]	测验 v->vn
[2018-11-16 15:45:50]	考验 v->vn
[2018-11-16 15:45:50]	烤鸭 n->gms
[2018-11-16 15:45:50]	靠 ng->v
[2018-11-16 15:45:50]	科学 a->n
[2018-11-16 15:45:50]	可怜 a->v
[2018-11-16 15:45:50]	可惜 a->v
[2018-11-16 15:45:50]	可以 a->v
[2018-11-16 15:45:50]	能 d->v
[2018-11-16 15:45:50]	克 b->vg
[2018-11-16 15:45:50]	客观 a->n
[2018-11-16 15:45:50]	买家 n->nz
[2018-11-16 15:45:50]	肯定 a->v
[2018-11-16 15:45:50]	空 a->v
[2018-11-16 15:45:50]	口 f->n
[2018-11-16 15:45:50]	苦 a->an
[2018-11-16 15:45:50]	苦涩 a->an
[2018-11-16 15:45:50]	苦闷 a->an
[2018-11-16 15:45:50]	迷茫 a->an
[2018-11-16 15:45:50]	苦恼 a->an
[2018-11-16 15:45:50]	迷惘 a->an
[2018-11-16 15:45:50]	夸张 n->vi
[2018-11-16 15:45:50]	跨 ng->v
[2018-11-16 15:45:50]	越 b->d
[2018-11-16 15:45:50]	匡 nr1->vg
[2018-11-16 15:45:50]	捆 ng->v
[2018-11-16 15:45:50]	困惑 a->an
[2018-11-16 15:45:50]	疑惑 an->v
[2018-11-16 15:45:50]	困难 a->an
[2018-11-16 15:45:50]	拉 b->v
[2018-11-16 15:45:50]	腊八粥 n->gms
[2018-11-16 15:45:50]	来 f->vf
[2018-11-16 15:45:50]	天车 n->nz
[2018-11-16 15:45:50]	懈怠 a->an
[2018-11-16 15:45:50]	劳动 vi->vn
[2018-11-16 15:45:50]	坚韧 a->an
[2018-11-16 15:45:50]	铭刻 n->v
[2018-11-16 15:45:50]	铭记 n->v
[2018-11-16 15:45:50]	东家 n->nz
[2018-11-16 15:45:50]	了 ule->y
[2018-11-16 15:45:50]	累 a->v
[2018-11-16 15:45:50]	疲劳 a->an
[2018-11-16 15:45:50]	困倦 a->an
[2018-11-16 15:45:50]	倦怠 a->an
[2018-11-16 15:45:50]	礼貌 a->an
[2018-11-16 15:45:50]	李 ng->nr1
[2018-11-16 15:45:50]	理想 a->n
[2018-11-16 15:45:50]	理性 b->n
[2018-11-16 15:45:50]	连 d->n
[2018-11-16 15:45:50]	盟 n->ng
[2018-11-16 15:45:50]	联系 n->v
[2018-11-16 15:45:50]	练习 n->v
[2018-11-16 15:45:50]	辽 b->tg
[2018-11-16 15:45:50]	劣 a->ag
[2018-11-16 15:45:50]	林 n->ng
[2018-11-16 15:45:50]	小气 a->ad
[2018-11-16 15:45:50]	零售 v->vn
[2018-11-16 15:45:50]	另外 c->rz
[2018-11-16 15:45:50]	小产 v->vi
[2018-11-16 15:45:50]	流行 a->v
[2018-11-16 15:45:50]	柳 n->ng
[2018-11-16 15:45:50]	漏 ng->v
[2018-11-16 15:45:50]	滴 q->v
[2018-11-16 15:45:50]	露 ng->v
[2018-11-16 15:45:50]	旅游 vi->vn
[2018-11-16 15:45:50]	动感 b->n
[2018-11-16 15:45:50]	乱 a->d
[2018-11-16 15:45:50]	轮班 vd->vn
[2018-11-16 15:45:50]	转 ng->v
[2018-11-16 15:45:50]	麻 a->n
[2018-11-16 15:45:50]	麻烦 a->an
[2018-11-16 15:45:50]	烦恼 a->an
[2018-11-16 15:45:50]	马 b->n
[2018-11-16 15:45:50]	馒头 n->gms
[2018-11-16 15:45:50]	满 a->v
[2018-11-16 15:45:50]	满足 a->v
[2018-11-16 15:45:50]	忙 a->v
[2018-11-16 15:45:50]	蒙 b->vi
[2018-11-16 15:45:50]	毛 a->nr1
[2018-11-16 15:45:50]	矛盾 a->an
[2018-11-16 15:45:50]	冒险 vd->vi
[2018-11-16 15:45:50]	贸易 v->vn
[2018-11-16 15:45:50]	没有 d->v
[2018-11-16 15:45:50]	无 d->v
[2018-11-16 15:45:50]	美 a->b
[2018-11-16 15:45:50]	住院 vd->vi
[2018-11-16 15:45:50]	耳语 n->vi
[2018-11-16 15:45:50]	秘密 a->n
[2018-11-16 15:45:50]	机密 a->n
[2018-11-16 15:45:50]	免费 vd->vi
[2018-11-16 15:45:50]	勉强 a->v
[2018-11-16 15:45:50]	民主 a->an
[2018-11-16 15:45:50]	起名 vi->v
[2018-11-16 15:45:50]	模范 a->n
[2018-11-16 15:45:50]	模拟 b->v
[2018-11-16 15:45:50]	磨 n->v
[2018-11-16 15:45:50]	生分 a->ad
[2018-11-16 15:45:50]	墨 b->n
[2018-11-16 15:45:50]	母 b->ng
[2018-11-16 15:45:50]	木 a->ng
[2018-11-16 15:45:50]	捐款 n->vi
[2018-11-16 15:45:50]	拿 p->v
[2018-11-16 15:45:50]	上税 v->vi
[2018-11-16 15:45:50]	委屈 a->v
[2018-11-16 15:45:50]	悲痛 a->an
[2018-11-16 15:45:50]	内蒙古自治区 ns->nz
[2018-11-16 15:45:50]	倪 x->n
[2018-11-16 15:45:50]	拟人 n->nz
[2018-11-16 15:45:50]	年 n->qt
[2018-11-16 15:45:50]	年岁 n->nl
[2018-11-16 15:45:50]	年事 n->nl
[2018-11-16 15:45:50]	凝眸 vd->vi
[2018-11-16 15:45:50]	牛 ag->n
[2018-11-16 15:45:50]	努力 a->an
[2018-11-16 15:45:50]	暖 a->v
[2018-11-16 15:45:50]	温暖 a->an
[2018-11-16 15:45:50]	温热 a->an
[2018-11-16 15:45:50]	和暖 a->an
[2018-11-16 15:45:50]	偶尔 b->d
[2018-11-16 15:45:50]	扑 o->v
[2018-11-16 15:45:50]	攀 b->v
[2018-11-16 15:45:50]	拍 ng->v
[2018-11-16 15:45:50]	排 n->v
[2018-11-16 15:45:50]	排队 n->vi
[2018-11-16 15:45:50]	派出所 n->gms
[2018-11-16 15:45:50]	派遣 v->gms
[2018-11-16 15:45:50]	派出 v->gms
[2018-11-16 15:45:50]	判断 n->v
[2018-11-16 15:45:50]	抛 nr1->v
[2018-11-16 15:45:50]	配套 a->v
[2018-11-16 15:45:50]	烹饪 n->vi
[2018-11-16 15:45:50]	相知 n->v
[2018-11-16 15:45:50]	捧 q->v
[2018-11-16 15:45:50]	批发 v->vn
[2018-11-16 15:45:50]	偏 a->d
[2018-11-16 15:45:50]	单方面 b->n
[2018-11-16 15:45:50]	飘 a->v
[2018-11-16 15:45:50]	撇 q->v
[2018-11-16 15:45:50]	应邀 vd->vi
[2018-11-16 15:45:50]	平 a->v
[2018-11-16 15:45:50]	通常 b->d
[2018-11-16 15:45:50]	破 a->v
[2018-11-16 15:45:50]	铺 n->v
[2018-11-16 15:45:50]	普及 a->v
[2018-11-16 15:45:50]	遍地 vd->vi
[2018-11-16 15:45:50]	限期 n->vi
[2018-11-16 15:45:50]	奇怪 a->v
[2018-11-16 15:45:50]	祷告 v->vn
[2018-11-16 15:45:50]	辗转 vd->vi
[2018-11-16 15:45:50]	蜿蜒 v->z
[2018-11-16 15:45:50]	启示 v->vn
[2018-11-16 15:45:50]	矜持 a->an
[2018-11-16 15:45:50]	署名 n->vi
[2018-11-16 15:45:50]	签名 n->vi
[2018-11-16 15:45:50]	前天 n->t
[2018-11-16 15:45:50]	壮 a->v
[2018-11-16 15:45:50]	争 ng->v
[2018-11-16 15:45:50]	乔木 n->nr
[2018-11-16 15:45:50]	切 ag->v
[2018-11-16 15:45:50]	亲近 a->v
[2018-11-16 15:45:50]	明确 a->v
[2018-11-16 15:45:50]	纯洁 a->v
[2018-11-16 15:45:50]	清明 a->t
[2018-11-16 15:45:50]	晴 an->vi
[2018-11-16 15:45:50]	让 p->v
[2018-11-16 15:45:50]	祝 ng->v
[2018-11-16 15:45:50]	贺 ng->vg
[2018-11-16 15:45:50]	秋 ng->tg
[2018-11-16 15:45:50]	求 ng->v
[2018-11-16 15:45:50]	曲 ag->n
[2018-11-16 15:45:50]	出 q->vf
[2018-11-16 15:45:50]	泉 n->ng
[2018-11-16 15:45:50]	缺 n->v
[2018-11-16 15:45:50]	欠缺 a->vi
[2018-11-16 15:45:50]	火 a->n
[2018-11-16 15:45:50]	夏 ng->tg
[2018-11-16 15:45:50]	热情 a->an
[2018-11-16 15:45:50]	热气球 n->gjtgj
[2018-11-16 15:45:50]	热心 a->v
[2018-11-16 15:45:50]	热忱 a->an
[2018-11-16 15:45:50]	热诚 a->an
[2018-11-16 15:45:50]	委任 n->v
[2018-11-16 15:45:50]	依旧 d->z
[2018-11-16 15:45:50]	照旧 d->v
[2018-11-16 15:45:50]	肉 a->n
[2018-11-16 15:45:50]	肉 a->gms
[2018-11-16 15:45:50]	撒 n->v
[2018-11-16 15:45:50]	塞 b->v
[2018-11-16 15:45:50]	堵 a->v
[2018-11-16 15:45:50]	信步 vd->vi
[2018-11-16 15:45:50]	土 a->n
[2018-11-16 15:45:50]	上 b->f
[2018-11-16 15:45:50]	设计 n->v
[2018-11-16 15:45:50]	摄像 n->vi
[2018-11-16 15:45:50]	申请 n->v
[2018-11-16 15:45:50]	全身 b->n
[2018-11-16 15:45:50]	体 k->ng
[2018-11-16 15:45:50]	身段 n->nz
[2018-11-16 15:45:50]	深入 a->v
[2018-11-16 15:45:50]	深度 ad->n
[2018-11-16 15:45:50]	神气 a->n
[2018-11-16 15:45:50]	升 q->v
[2018-11-16 15:45:50]	增值 n->vi
[2018-11-16 15:45:50]	生 a->v
[2018-11-16 15:45:50]	生产 n->v
[2018-11-16 15:45:50]	出产 n->v
[2018-11-16 15:45:50]	生活 vi->vn
[2018-11-16 15:45:50]	胜利 ad->vi
[2018-11-16 15:45:50]	失落 a->v
[2018-11-16 15:45:50]	狮 n->ng
[2018-11-16 15:45:50]	滋润 a->v
[2018-11-16 15:45:50]	温润 a->an
[2018-11-16 15:45:50]	石 b->ng
[2018-11-16 15:45:50]	时刻 d->n
[2018-11-16 15:45:50]	实践 n->v
[2018-11-16 15:45:50]	实质 a->n
[2018-11-16 15:45:50]	示范 vi->vn
[2018-11-16 15:45:50]	凡间 s->n
[2018-11-16 15:45:50]	是 ng->vshi
[2018-11-16 15:45:50]	便是 v->vd
[2018-11-16 15:45:50]	是否 d->v
[2018-11-16 15:45:50]	释迦牟尼 n->nrf
[2018-11-16 15:45:50]	收条 n->nz
[2018-11-16 15:45:50]	手 k->n
[2018-11-16 15:45:50]	手工 d->n
[2018-11-16 15:45:50]	守法 vd->vi
[2018-11-16 15:45:50]	首创 nz->v
[2018-11-16 15:45:50]	首先 c->d
[2018-11-16 15:45:50]	初 d->f
[2018-11-16 15:45:50]	最初 b->d
[2018-11-16 15:45:50]	禁不起 v->vd
[2018-11-16 15:45:50]	本 d->rz
[2018-11-16 15:45:50]	册 ng->q
[2018-11-16 15:45:50]	书册 n->nl
[2018-11-16 15:45:50]	疏松 a->vn
[2018-11-16 15:45:50]	熟悉 a->v
[2018-11-16 15:45:50]	属实 a->v
[2018-11-16 15:45:50]	鼠 n->ng
[2018-11-16 15:45:50]	竖 n->v
[2018-11-16 15:45:50]	刷 o->v
[2018-11-16 15:45:50]	帅 ng->nr1
[2018-11-16 15:45:50]	水笔 n->nz
[2018-11-16 15:45:50]	说 ng->v
[2018-11-16 15:45:50]	讲 ng->v
[2018-11-16 15:45:50]	司 n->ng
[2018-11-16 15:45:50]	松 a->v
[2018-11-16 15:45:50]	松懈 a->v
[2018-11-16 15:45:50]	宋 nr1->tg
[2018-11-16 15:45:50]	孙 n->nr1
[2018-11-16 15:45:50]	孙子 n->nr
[2018-11-16 15:45:50]	锁 n->v
[2018-11-16 15:45:50]	塔 b->n
[2018-11-16 15:45:50]	贪吃 an->v
[2018-11-16 15:45:50]	贪心 a->v
[2018-11-16 15:45:50]	弹 ng->v
[2018-11-16 15:45:50]	烫 a->v
[2018-11-16 15:45:50]	特别 a->d
[2018-11-16 15:45:50]	希罕 a->v
[2018-11-16 15:45:50]	疼痛 a->an
[2018-11-16 15:45:50]	挑剔 a->v
[2018-11-16 15:45:50]	提成 n->vi
[2018-11-16 15:45:50]	提议 n->v
[2018-11-16 15:45:50]	田野 n->nr
[2018-11-16 15:45:50]	唐 b->tg
[2018-11-16 15:45:50]	甘甜 a->an
[2018-11-16 15:45:50]	担 ng->v
[2018-11-16 15:45:50]	调控 v->vn
[2018-11-16 15:45:50]	跳 q->vi
[2018-11-16 15:45:50]	跳水 vi->vn
[2018-11-16 15:45:50]	跳远 vi->vn
[2018-11-16 15:45:50]	听 q->v
[2018-11-16 15:45:50]	通信 vi->vn
[2018-11-16 15:45:50]	同时 c->n
[2018-11-16 15:45:50]	同期 d->f
[2018-11-16 15:45:50]	统一 a->v
[2018-11-16 15:45:50]	痛苦 a->an
[2018-11-16 15:45:50]	头 k->n
[2018-11-16 15:45:50]	投资 n->v
[2018-11-16 15:45:50]	投入 a->v
[2018-11-16 15:45:50]	突出 a->v
[2018-11-16 15:45:50]	团结 a->v
[2018-11-16 15:45:50]	托 ng->v
[2018-11-16 15:45:50]	歪 a->v
[2018-11-16 15:45:50]	倾斜 vd->vi
[2018-11-16 15:45:50]	斜 a->v
[2018-11-16 15:45:50]	弯 a->v
[2018-11-16 15:45:50]	完善 a->v
[2018-11-16 15:45:50]	玩 ng->v
[2018-11-16 15:45:50]	夜晚 n->t
[2018-11-16 15:45:50]	夜间 f->t
[2018-11-16 15:45:50]	万 d->m
[2018-11-16 15:45:50]	万一 c->d
[2018-11-16 15:45:50]	联网 vd->vi
[2018-11-16 15:45:50]	望 ng->v
[2018-11-16 15:45:50]	无益 a->vi
[2018-11-16 15:45:50]	危险 a->an
[2018-11-16 15:45:50]	威风 a->an
[2018-11-16 15:45:50]	霸气 an->n
[2018-11-16 15:45:50]	微 a->nz
[2018-11-16 15:45:50]	违法 vd->vi
[2018-11-16 15:45:50]	相反 d->vi
[2018-11-16 15:45:50]	浩瀚 a->z
[2018-11-16 15:45:50]	卫生 a->an
[2018-11-16 15:45:50]	位 ng->q
[2018-11-16 15:45:50]	喂 e->v
[2018-11-16 15:45:50]	问候 v->vn
[2018-11-16 15:45:50]	温和 a->nr
[2018-11-16 15:45:50]	刻薄 a->an
[2018-11-16 15:45:50]	文明 a->n
[2018-11-16 15:45:50]	闻 ng->v
[2018-11-16 15:45:50]	问 ng->v
[2018-11-16 15:45:50]	咨询 v->vn
[2018-11-16 15:45:50]	无轨电车 nl->gjtgj
[2018-11-16 15:45:50]	无限 a->vi
[2018-11-16 15:45:50]	无穷 d->z
[2018-11-16 15:45:50]	时价 n->nl
[2018-11-16 15:45:50]	东西 f->n
[2018-11-16 15:45:50]	误工 vi->vn
[2018-11-16 15:45:50]	西 b->f
[2018-11-16 15:45:50]	希望 n->v
[2018-11-16 15:45:50]	就义 vi->v
[2018-11-16 15:45:50]	舍身 d->v
[2018-11-16 15:45:50]	习 ng->vg
[2018-11-16 15:45:50]	系统 a->n
[2018-11-16 15:45:50]	地 n->nz
[2018-11-16 15:45:50]	先后 d->ad
[2018-11-16 15:45:50]	娇艳 a->an
[2018-11-16 15:45:50]	现代 n->t
[2018-11-16 15:45:50]	现实 a->n
[2018-11-16 15:45:50]	相当 d->vi
[2018-11-16 15:45:50]	等同 vd->vi
[2018-11-16 15:45:50]	同样 b->d
[2018-11-16 15:45:50]	香 a->n
[2018-11-16 15:45:50]	想像 v->vd
[2018-11-16 15:45:50]	向 dg->p
[2018-11-16 15:45:50]	朝 b->p
[2018-11-16 15:45:50]	象 n->ng
[2018-11-16 15:45:50]	像 d->v
[2018-11-16 15:45:50]	仿佛 d->v
[2018-11-16 15:45:50]	似 d->vg
[2018-11-16 15:45:50]	飘逸 a->v
[2018-11-16 15:45:50]	童 b->ng
[2018-11-16 15:45:50]	小寒 t->nz
[2018-11-16 15:45:50]	小满 t->nz
[2018-11-16 15:45:50]	小雪 n->nr
[2018-11-16 15:45:50]	艰辛 a->an
[2018-11-16 15:45:50]	辛酸 a->an
[2018-11-16 15:45:50]	新词 n->nl
[2018-11-16 15:45:50]	信 ag->n
[2018-11-16 15:45:50]	信用 a->n
[2018-11-16 15:45:50]	兴奋 a->v
[2018-11-16 15:45:50]	成 a->v
[2018-11-16 15:45:50]	形象 a->n
[2018-11-16 15:45:50]	醒 ng->v
[2018-11-16 15:45:50]	幸福 a->happ
[2018-11-16 15:45:50]	性 k->ng
[2018-11-16 15:45:50]	姓 n->v
[2018-11-16 15:45:50]	名 ag->q
[2018-11-16 15:45:50]	邪恶 a->an
[2018-11-16 15:45:50]	胸 n->ng
[2018-11-16 15:45:50]	公 ad->ng
[2018-11-16 15:45:50]	休假 n->vi
[2018-11-16 15:45:50]	虚伪 a->an
[2018-11-16 15:45:50]	徐 ag->nr1
[2018-11-16 15:45:50]	许 dg->m
[2018-11-16 15:45:50]	学龄 b->n
[2018-11-16 15:45:50]	压抑 a->v
[2018-11-16 15:45:50]	鸭 n->ng
[2018-11-16 15:45:50]	延长 ns->v
[2018-11-16 15:45:50]	延期 vd->vi
[2018-11-16 15:45:50]	缓期 vd->vi
[2018-11-16 15:45:50]	严正 a->nr
[2018-11-16 15:45:50]	高温 an->n
[2018-11-16 15:45:50]	火热 a->z
[2018-11-16 15:45:50]	研究 n->v
[2018-11-16 15:45:50]	演习 v->vn
[2018-11-16 15:45:50]	杨 ng->nr1
[2018-11-16 15:45:50]	阳性 b->n
[2018-11-16 15:45:50]	仰泳 vi->vn
[2018-11-16 15:45:50]	也 b->d
[2018-11-16 15:45:50]	进行 vn->vx
[2018-11-16 15:45:50]	布 b->n
[2018-11-16 15:45:50]	穿戴 n->v
[2018-11-16 15:45:50]	依靠 n->v
[2018-11-16 15:45:50]	移动 v->vn
[2018-11-16 15:45:50]	遗传 n->vn
[2018-11-16 15:45:50]	遗憾 a->sorr
[2018-11-16 15:45:50]	遗存 vi->vn
[2018-11-16 15:45:50]	往时 t->tg
[2018-11-16 15:45:50]	义务 d->n
[2018-11-16 15:45:50]	艺术 a->n
[2018-11-16 15:45:50]	意旨 n->nl
[2018-11-16 15:45:50]	因为 c->p
[2018-11-16 15:45:50]	由于 c->p
[2018-11-16 15:45:50]	银 b->ng
[2018-11-16 15:45:50]	引 ng->v
[2018-11-16 15:45:50]	隐蔽 a->v
[2018-11-16 15:45:50]	隐秘 a->n
[2018-11-16 15:45:50]	印染 v->vn
[2018-11-16 15:45:50]	印 b->v
[2018-11-16 15:45:50]	图章 n->nz
[2018-11-16 15:45:50]	应当 d->v
[2018-11-16 15:45:50]	俊杰 n->nr
[2018-11-16 15:45:50]	影响 n->v
[2018-11-16 15:45:50]	拥挤 a->vi
[2018-11-16 15:45:50]	勇于 d->v
[2018-11-16 15:45:50]	骁勇 a->an
[2018-11-16 15:45:50]	用 ng->p
[2018-11-16 15:45:50]	以 b->p
[2018-11-16 15:45:50]	优胜 a->vi
[2018-11-16 15:45:50]	优先 ad->v
[2018-11-16 15:45:50]	悠远 an->z
[2018-11-16 15:45:50]	油条 n->gms
[2018-11-16 15:45:50]	友善 a->nr
[2018-11-16 15:45:50]	又 c->d
[2018-11-16 15:45:50]	右 a->f
[2018-11-16 15:45:50]	于 ng->p
[2018-11-16 15:45:50]	初赛 n->vi
[2018-11-16 15:45:50]	预言 n->v
[2018-11-16 15:45:50]	冤枉 a->v
[2018-11-16 15:45:50]	原来 b->d
[2018-11-16 15:45:50]	原本 d->n
[2018-11-16 15:45:50]	原则 d->n
[2018-11-16 15:45:50]	圆 a->vg
[2018-11-16 15:45:50]	约会 n->vi
[2018-11-16 15:45:50]	局限 n->vi
[2018-11-16 15:45:50]	云 b->n
[2018-11-16 15:45:50]	正好 z->tg
[2018-11-16 15:45:50]	在 d->p
[2018-11-16 15:45:50]	当 ng->p
[2018-11-16 15:45:50]	暂时 b->d
[2018-11-16 15:45:50]	眼前 s->t
[2018-11-16 15:45:50]	负债 n->vi
[2018-11-16 15:45:50]	站 n->vi
[2018-11-16 15:45:50]	把握 n->v
[2018-11-16 15:45:50]	左右 f->m
[2018-11-16 15:45:50]	折价 vd->vi
[2018-11-16 15:45:50]	真 a->d
[2018-11-16 15:45:50]	实际 a->n
[2018-11-16 15:45:50]	真心 ad->n
[2018-11-16 15:45:50]	衷心 b->d
[2018-11-16 15:45:50]	振动 vi->vn
[2018-11-16 15:45:50]	颠簸 vd->vi
[2018-11-16 15:45:50]	振荡 vi->vn
[2018-11-16 15:45:50]	争议 n->vn
[2018-11-16 15:45:50]	整体 m->n
[2018-11-16 15:45:50]	正 a->d
[2018-11-16 15:45:50]	正面 a->n
[2018-11-16 15:45:50]	正理 n->nl
[2018-11-16 15:45:50]	证明 n->v
[2018-11-16 15:45:50]	对证 vn->n
[2018-11-16 15:45:50]	对照 p->v
[2018-11-16 15:45:50]	说明 n->v
[2018-11-16 15:45:50]	消费 n->vn
[2018-11-16 15:45:50]	明白 a->v
[2018-11-16 15:45:50]	了然 a->v
[2018-11-16 15:45:50]	知 ag->v
[2018-11-16 15:45:50]	直 a->d
[2018-11-16 15:45:50]	直线 d->n
[2018-11-16 15:45:50]	张 ng->q
[2018-11-16 15:45:50]	指挥 n->v
[2018-11-16 15:45:50]	指导 n->v
[2018-11-16 15:45:50]	中档 b->nl
[2018-11-16 15:45:50]	中国 ns->nz
[2018-11-16 15:45:50]	华夏 n->nz
[2018-11-16 15:45:50]	中央 f->n
[2018-11-16 15:45:50]	忠诚 a->v
[2018-11-16 15:45:50]	种 ng->v
[2018-11-16 15:45:50]	重 a->v
[2018-11-16 15:45:50]	关键 a->n
[2018-11-16 15:45:50]	重视 a->v
[2018-11-16 15:45:50]	周 ag->nr1
[2018-11-16 15:45:50]	昼夜 d->n
[2018-11-16 15:45:50]	皱 n->v
[2018-11-16 15:45:50]	朱 ag->nr1
[2018-11-16 15:45:50]	竹 n->ng
[2018-11-16 15:45:50]	主观 a->n
[2018-11-16 15:45:50]	主演 n->v
[2018-11-16 15:45:50]	助理 b->n
[2018-11-16 15:45:50]	大名鼎鼎 al->vl
[2018-11-16 15:45:50]	专门 b->d
[2018-11-16 15:45:50]	专注 a->vi
[2018-11-16 15:45:50]	埋头 vd->vi
[2018-11-16 15:45:50]	专业 a->n
[2018-11-16 15:45:50]	拐弯 n->vi
[2018-11-16 15:45:50]	华美 a->nz
[2018-11-16 15:45:50]	台 b->n
[2018-11-16 15:45:50]	我方 r->n
[2018-11-16 15:45:50]	自强 vd->vi
[2018-11-16 15:45:50]	自主 vd->vi
[2018-11-16 15:45:50]	自然 a->n
[2018-11-16 15:45:50]	自信 a->v
[2018-11-16 15:45:50]	自修 v->vl
[2018-11-16 15:45:50]	综合 a->vn
[2018-11-16 15:45:50]	总结 n->v
[2018-11-16 15:45:50]	纵横 n->v
[2018-11-16 15:45:50]	走私 b->v
[2018-11-16 15:45:50]	构成 n->v
[2018-11-16 15:45:50]	太 a->d
[2018-11-16 15:45:50]	到底 d->vi
[2018-11-16 15:45:50]	孝顺 a->v
[2018-11-16 15:45:50]	遵照 p->v
[2018-11-16 15:45:50]	作 ng->v
[2018-11-16 15:45:50]	零 a->m
[2018-11-16 15:45:50]	一 d->m
[2018-11-16 15:45:50]	九 b->m
[2018-11-16 15:45:50]	低价 ad->n
[2018-11-16 15:45:50]	火车站 n->gjtgj
[2018-11-16 15:45:50]	小时候 n->t
[2018-11-16 15:45:50]	综合性 b->n
[2018-11-16 15:45:50]	高价 d->n
[2018-11-16 15:45:50]	中考 n->v
[2018-11-16 15:45:50]	无效 a->vi
[2018-11-16 15:45:50]	爱人 n->nz
[2018-11-16 15:45:50]	把手 n->nz
[2018-11-16 15:45:50]	人为 b->d
[2018-11-16 15:45:50]	靠山 n->nz
[2018-11-16 15:45:50]	他人 rr->r
[2018-11-16 15:45:50]	不结盟 vi->vn
[2018-11-16 15:45:50]	不是 c->n
[2018-11-16 15:45:50]	不行 a->v
[2018-11-16 15:45:50]	不能 v->vi
[2018-11-16 15:45:50]	不会 v->vi
[2018-11-16 15:45:50]	车号 n->nz
[2018-11-16 15:45:50]	同党 n->nz
[2018-11-16 15:45:50]	上流 b->n
[2018-11-16 15:45:50]	出血 vi->v
[2018-11-16 15:45:50]	打的 v->vi
[2018-11-16 15:45:50]	除法 n->nz
[2018-11-16 15:45:50]	从中 d->n
[2018-11-16 15:45:50]	从宽 d->v
[2018-11-16 15:45:50]	从重 d->v
[2018-11-16 15:45:50]	搭建 v->vd
[2018-11-16 15:45:50]	各人 rr->r
[2018-11-16 15:45:50]	中选 vi->v
[2018-11-16 15:45:50]	各处 rzs->r
[2018-11-16 15:45:50]	四处 d->vi
[2018-11-16 15:45:50]	大路 n->nz
[2018-11-16 15:45:50]	拨打 v->vd
[2018-11-16 15:45:50]	大跌 v->vn
[2018-11-16 15:45:50]	会话 v->vn
[2018-11-16 15:45:50]	对应 vi->v
[2018-11-16 15:45:50]	有余 m->v
[2018-11-16 15:45:50]	要领 n->nz
[2018-11-16 15:45:50]	下学 v->vd
[2018-11-16 15:45:50]	分号 n->nz
[2018-11-16 15:45:50]	不合 v->n
[2018-11-16 15:45:50]	高等 b->a
[2018-11-16 15:45:50]	老大 a->n
[2018-11-16 15:45:50]	还给 v->vd
[2018-11-16 15:45:50]	对等 vi->vn
[2018-11-16 15:45:50]	有心 v->vd
[2018-11-16 15:45:50]	说法 n->nz
[2018-11-16 15:45:50]	真的 a->d
[2018-11-16 15:45:50]	大喊 v->vd
[2018-11-16 15:45:50]	后天 n->t
[2018-11-16 15:45:50]	回家 vi->v
[2018-11-16 15:45:50]	总会 d->n
[2018-11-16 15:45:50]	好多 m->a
[2018-11-16 15:45:50]	才能 n->v
[2018-11-16 15:45:50]	大奖 n->nz
[2018-11-16 15:45:50]	自大 a->an
[2018-11-16 15:45:50]	无礼 a->ad
[2018-11-16 15:45:50]	自得 an->a
[2018-11-16 15:45:50]	开关 n->v
[2018-11-16 15:45:50]	看不起 v->vn
[2018-11-16 15:45:50]	看得起 v->vn
[2018-11-16 15:45:50]	完了 vi->n
[2018-11-16 15:45:50]	理事 n->nz
[2018-11-16 15:45:50]	一口气 d->n
[2018-11-16 15:45:50]	本心 n->nl
[2018-11-16 15:45:50]	论说 vn->vl
[2018-11-16 15:45:50]	中意 a->n
[2018-11-16 15:45:50]	没用 a->v
[2018-11-16 15:45:50]	天天 d->q
[2018-11-16 15:45:50]	秒钟 n->q
[2018-11-16 15:45:50]	他俩 r->n
[2018-11-16 15:45:50]	年间 f->n
[2018-11-16 15:45:50]	江米 n->nz
[2018-11-16 15:45:50]	省钱 a->v
[2018-11-16 15:45:50]	早起 vi->v
[2018-11-16 15:45:50]	开车 vi->v
[2018-11-16 15:45:50]	千米 q->qv
[2018-11-16 15:45:50]	签定 v->vn
[2018-11-16 15:45:50]	好天 n->nz
[2018-11-16 15:45:50]	日食 n->nz
[2018-11-16 15:45:50]	火烧 n->v
[2018-11-16 15:45:50]	就是 c->n
[2018-11-16 15:45:50]	是不是 v->vd
[2018-11-16 15:45:50]	手指 n->nz
[2018-11-16 15:45:50]	国都 d->n
[2018-11-16 15:45:50]	得手 a->v
[2018-11-16 15:45:50]	大小 n->nz
[2018-11-16 15:45:50]	了得 a->ad
[2018-11-16 15:45:50]	脱钩 vi->v
[2018-11-16 15:45:50]	问号 n->nz
[2018-11-16 15:45:50]	西藏自治区 ns->nz
[2018-11-16 15:45:50]	小便 v->vi
[2018-11-16 15:45:50]	好在 d->v
[2018-11-16 15:45:50]	双眼 n->nz
[2018-11-16 15:45:50]	一角 n->v
[2018-11-16 15:45:50]	一元 b->nz
[2018-11-16 15:45:50]	引号 n->nz
[2018-11-16 15:45:50]	有用 a->n
[2018-11-16 15:45:50]	像片 n->nz
[2018-11-16 15:45:50]	争抢 v->vd
[2018-11-16 15:45:50]	小我 n->nz
[2018-11-16 15:45:50]	文字 n->nz
[2018-11-16 15:45:50]	不好 a->n
[2018-11-16 15:45:50]	下雨 vi->v
[2018-11-16 15:45:50]	多功能 b->n
[2018-11-16 15:45:50]	从未 d->n
[2018-11-16 15:45:50]	南北 f->n
[2018-11-16 15:45:50]	从不 d->n
[2018-11-16 15:45:50]	干什么 r->v
[2018-11-16 15:45:50]	不准 v->n
[2018-11-16 15:45:50]	开门 vd->n
[2018-11-16 15:45:50]	睡着 v->vd
[2018-11-16 15:45:50]	呼吸 v->vi
[2018-11-16 15:45:50]	长达 v->vl
[2018-11-16 15:45:50]	首次 m->n
[2018-11-16 15:45:50]	日间 t->nl
[2018-11-16 15:45:50]	辩护人 n->nz
[2018-11-16 15:45:50]	正在 d->n
[2018-11-16 15:45:50]	下流 a->s
[2018-11-16 15:45:50]	怎么办 ryv->n
[2018-11-16 15:45:50]	你好 vl->n
[2018-11-16 15:45:50]	正数 v->n
[2018-11-16 15:45:50]	三角 n->ns
[2018-11-16 15:45:50]	分区 n->v
[2018-11-16 15:45:50]	回车 vi->v
[2018-11-16 15:45:50]	选项 n->v
[2018-11-16 15:45:50]	打字 vi->vn
[2018-11-16 15:45:50]	百度 nz->mq
[2018-11-16 15:45:50]	同呼吸 vl->nl
[2018-11-16 15:46:06]	爱 b->v
[2018-11-16 15:46:06]	安 ag->v
[2018-11-16 15:46:06]	安定 a->an
[2018-11-16 15:46:06]	本分 a->n
[2018-11-16 15:46:06]	宁静 a->an
[2018-11-16 15:46:06]	安宁 a->an
[2018-11-16 15:46:06]	安谧 a->an
[2018-11-16 15:46:06]	和缓 a->ad
[2018-11-16 15:46:06]	太平 a->ns
[2018-11-16 15:46:06]	安全 a->an
[2018-11-16 15:46:06]	安慰 a->v
[2018-11-16 15:46:06]	按时 d->ad
[2018-11-16 15:46:06]	昂首 vd->vi
[2018-11-16 15:46:06]	昂扬 a->v
[2018-11-16 15:46:06]	后悔 a->v
[2018-11-16 15:46:06]	八宝粥 n->gms
[2018-11-16 15:46:06]	把 m->v
[2018-11-16 15:46:06]	百合 n->nr
[2018-11-16 15:46:06]	绊 ng->v
[2018-11-16 15:46:06]	棒 a->ng
[2018-11-16 15:46:06]	包 n->v
[2018-11-16 15:46:06]	折 ng->vi
[2018-11-16 15:46:06]	叠 q->v
[2018-11-16 15:46:06]	包子 n->gms
[2018-11-16 15:46:06]	保安 b->n
[2018-11-16 15:46:06]	保障 n->v
[2018-11-16 15:46:06]	保健 b->n
[2018-11-16 15:46:06]	封闭 a->v
[2018-11-16 15:46:06]	保险 a->n
[2018-11-16 15:46:06]	保证 n->v
[2018-11-16 15:46:06]	不好意思 a->vl
[2018-11-16 15:46:06]	背 a->v
[2018-11-16 15:46:06]	被 d->pbei
[2018-11-16 15:46:06]	必然 b->n
[2018-11-16 15:46:06]	一定 b->d
[2018-11-16 15:46:06]	边 b->n
[2018-11-16 15:46:06]	边缘 b->n
[2018-11-16 15:46:06]	边防 b->n
[2018-11-16 15:46:06]	边陲 n->s
[2018-11-16 15:46:06]	变化 v->vn
[2018-11-16 15:46:06]	标准 a->n
[2018-11-16 15:46:06]	规范 a->v
[2018-11-16 15:46:06]	飞跃 vi->vn
[2018-11-16 15:46:06]	口头 d->n
[2018-11-16 15:46:06]	表现 n->v
[2018-11-16 15:46:06]	别名 n->nz
[2018-11-16 15:46:06]	做作 a->v
[2018-11-16 15:46:06]	拨 q->v
[2018-11-16 15:46:06]	奔腾 nz->vi
[2018-11-16 15:46:06]	盘剥 v->vn
[2018-11-16 15:46:06]	补偿 v->vn
[2018-11-16 15:46:06]	甭 d->v
[2018-11-16 15:46:06]	不安 a->an
[2018-11-16 15:46:06]	焦虑 a->an
[2018-11-16 15:46:06]	恐慌 a->an
[2018-11-16 15:46:06]	不满 a->an
[2018-11-16 15:46:06]	例外 n->vi
[2018-11-16 15:46:06]	不幸 a->n
[2018-11-16 15:46:06]	部分 m->n
[2018-11-16 15:46:06]	华 ag->b
[2018-11-16 15:46:06]	愧疚 a->an
[2018-11-16 15:46:06]	辉煌 a->an
[2018-11-16 15:46:06]	绚烂 a->an
[2018-11-16 15:46:06]	仓储 n->vn
[2018-11-16 15:46:06]	费心 a->v
[2018-11-16 15:46:06]	迥异 a->z
[2018-11-16 15:46:06]	叶 n->ng
[2018-11-16 15:46:06]	拆解 v->vn
[2018-11-16 15:46:06]	知了 n->nz
[2018-11-16 15:46:06]	长春 ns->nz
[2018-11-16 15:46:06]	经常 b->d
[2018-11-16 15:46:06]	超 h->v
[2018-11-16 15:46:06]	超产 v->vn
[2018-11-16 15:46:06]	超支 n->v
[2018-11-16 15:46:06]	车次 n->nz
[2018-11-16 15:46:06]	沉淀 n->vi
[2018-11-16 15:46:06]	尽职 vd->vi
[2018-11-16 15:46:06]	诚心 a->n
[2018-11-16 15:46:06]	党羽 n->nz
[2018-11-16 15:46:06]	冲突 vi->vn
[2018-11-16 15:46:06]	倾心 ad->vi
[2018-11-16 15:46:06]	喜好 an->v
[2018-11-16 15:46:06]	空洞 a->n
[2018-11-16 15:46:06]	抽样 vd->vi
[2018-11-16 15:46:06]	臭豆腐 n->gms
[2018-11-16 15:46:06]	出口 n->vi
[2018-11-16 15:46:06]	肇事 vi->vn
[2018-11-16 15:46:06]	出租 n->v
[2018-11-16 15:46:06]	先期 b->d
[2018-11-16 15:46:06]	除外 vi->v
[2018-11-16 15:46:06]	装 n->v
[2018-11-16 15:46:06]	传统 a->n
[2018-11-16 15:46:06]	船 n->gjtgj
[2018-11-16 15:46:06]	轮船 n->gjtgj
[2018-11-16 15:46:06]	船舶 n->gjtgj
[2018-11-16 15:46:06]	春分 t->n
[2018-11-16 15:46:06]	刺 n->v
[2018-11-16 15:46:06]	睿智 a->an
[2018-11-16 15:46:06]	智慧 a->n
[2018-11-16 15:46:06]	从 d->p
[2018-11-16 15:46:06]	自 d->p
[2018-11-16 15:46:06]	粗心 a->an
[2018-11-16 15:46:06]	大意 a->n
[2018-11-16 15:46:06]	酸 a->n
[2018-11-16 15:46:06]	摩擦 v->vn
[2018-11-16 15:46:06]	坎坷 a->an
[2018-11-16 15:46:06]	错误 a->n
[2018-11-16 15:46:06]	达标 vd->vi
[2018-11-16 15:46:06]	答复 n->v
[2018-11-16 15:46:06]	打 p->v
[2018-11-16 15:46:06]	狩猎 n->vi
[2018-11-16 15:46:06]	打算 n->v
[2018-11-16 15:46:06]	大寒 t->nz
[2018-11-16 15:46:06]	大家 n->rr
[2018-11-16 15:46:06]	大料 n->nz
[2018-11-16 15:46:06]	大致 b->d
[2018-11-16 15:46:06]	呆 a->v
[2018-11-16 15:46:06]	代办 n->v
[2018-11-16 15:46:06]	代理 n->v
[2018-11-16 15:46:06]	带 n->v
[2018-11-16 15:46:06]	带子 n->v
[2018-11-16 15:46:06]	条 ng->q
[2018-11-16 15:46:06]	戴 nr1->v
[2018-11-16 15:46:06]	单 b->d
[2018-11-16 15:46:06]	单独 b->d
[2018-11-16 15:46:06]	当面 d->n
[2018-11-16 15:46:06]	那天 r->t
[2018-11-16 15:46:06]	挡 n->v
[2018-11-16 15:46:06]	的 n->ude1
[2018-11-16 15:46:06]	得 ude3->v
[2018-11-16 15:46:06]	到 p->v
[2018-11-16 15:46:06]	倒 d->vi
[2018-11-16 15:46:06]	偷 d->v
[2018-11-16 15:46:06]	道德 a->n
[2018-11-16 15:46:06]	道教 n->nz
[2018-11-16 15:46:06]	上岸 vi->v
[2018-11-16 15:46:06]	等 n->v
[2018-11-16 15:46:06]	地铁 n->gjtgj
[2018-11-16 15:46:06]	光 a->n
[2018-11-16 15:46:06]	光辉 a->n
[2018-11-16 15:46:06]	顶 f->v
[2018-11-16 15:46:06]	定额 d->n
[2018-11-16 15:46:06]	定期 b->d
[2018-11-16 15:46:06]	东 b->f
[2018-11-16 15:46:06]	东乡族 ns->nz
[2018-11-16 15:46:06]	全部 m->ad
[2018-11-16 15:46:06]	斗争 vi->vn
[2018-11-16 15:46:06]	独立 a->v
[2018-11-16 15:46:06]	自力 n->nr
[2018-11-16 15:46:06]	渡 ng->v
[2018-11-16 15:46:06]	端 ng->v
[2018-11-16 15:46:06]	端正 a->v
[2018-11-16 15:46:06]	断 d->v
[2018-11-16 15:46:06]	对仗 n->nz
[2018-11-16 15:46:06]	多 a->m
[2018-11-16 15:46:06]	饿 a->v
[2018-11-16 15:46:06]	发 ng->v
[2018-11-16 15:46:06]	带头 vd->vi
[2018-11-16 15:46:06]	发糕 n->gms
[2018-11-16 15:46:06]	施展 nr->v
[2018-11-16 15:46:06]	发烧 b->vi
[2018-11-16 15:46:06]	无力 a->vi
[2018-11-16 15:46:06]	法 b->n
[2018-11-16 15:46:06]	庭审 n->v
[2018-11-16 15:46:06]	帆船 n->gjtgj
[2018-11-16 15:46:06]	繁荣 a->an
[2018-11-16 15:46:06]	重复 a->v
[2018-11-16 15:46:06]	来回 d->vi
[2018-11-16 15:46:06]	反面 b->n
[2018-11-16 15:46:06]	反应 n->vi
[2018-11-16 15:46:06]	犯罪 vi->vn
[2018-11-16 15:46:06]	范 ng->nr1
[2018-11-16 15:46:06]	方 a->d
[2018-11-16 15:46:06]	方便面 n->gms
[2018-11-16 15:46:06]	防汛 vi->vn
[2018-11-16 15:46:06]	飞机 n->gjtgj
[2018-11-16 15:46:06]	肥 a->n
[2018-11-16 15:46:06]	分布 vd->vi
[2018-11-16 15:46:06]	分离 vd->vi
[2018-11-16 15:46:06]	分米 q->qt
[2018-11-16 15:46:06]	生气 a->n
[2018-11-16 15:46:06]	风光 a->n
[2018-11-16 15:46:06]	封 ng->v
[2018-11-16 15:46:06]	冯 m->nr1
[2018-11-16 15:46:06]	抚恤 vi->vn
[2018-11-16 15:46:06]	远望 nz->v
[2018-11-16 15:46:06]	腐败 a->an
[2018-11-16 15:46:06]	负责 a->v
[2018-11-16 15:46:06]	中兴 ns->nz
[2018-11-16 15:46:06]	副词 n->nz
[2018-11-16 15:46:06]	付 q->v
[2018-11-16 15:46:06]	次要 b->bl
[2018-11-16 15:46:06]	富 a->vg
[2018-11-16 15:46:06]	富有 a->v
[2018-11-16 15:46:06]	富余 a->vn
[2018-11-16 15:46:06]	盖 d->v
[2018-11-16 15:46:06]	扣 ng->v
[2018-11-16 15:46:06]	干 a->v
[2018-11-16 15:46:06]	甘 ad->ag
[2018-11-16 15:46:06]	感动 a->v
[2018-11-16 15:46:06]	感冒 n->vi
[2018-11-16 15:46:06]	不久 d->m
[2018-11-16 15:46:06]	方才 d->nr
[2018-11-16 15:46:06]	高贵 a->nr
[2018-11-16 15:46:06]	年老 a->vi
[2018-11-16 15:46:06]	革命 a->vn
[2018-11-16 15:46:06]	解 ng->v
[2018-11-16 15:46:06]	根据 n->p
[2018-11-16 15:46:06]	据 ng->p
[2018-11-16 15:46:06]	跟随 p->v
[2018-11-16 15:46:06]	随着 d->p
[2018-11-16 15:46:06]	更年期 n->t
[2018-11-16 15:46:06]	工作 n->vn
[2018-11-16 15:46:06]	公开 a->v
[2018-11-16 15:46:06]	巩固 a->v
[2018-11-16 15:46:06]	共产党 n->nz
[2018-11-16 15:46:06]	奉献 n->v
[2018-11-16 15:46:06]	够 a->v
[2018-11-16 15:46:06]	孤立 a->v
[2018-11-16 15:46:06]	孤僻 a->an
[2018-11-16 15:46:06]	鼓 a->v
[2018-11-16 15:46:06]	彭 m->nr1
[2018-11-16 15:46:06]	鼓舞 a->v
[2018-11-16 15:46:06]	固定 a->v
[2018-11-16 15:46:06]	稳定 a->an
[2018-11-16 15:46:06]	传奇 a->n
[2018-11-16 15:46:06]	故意 b->d
[2018-11-16 15:46:06]	有意 d->vi
[2018-11-16 15:46:06]	成心 d->v
[2018-11-16 15:46:06]	顾 ng->v
[2018-11-16 15:46:06]	挂 q->v
[2018-11-16 15:46:06]	关切 a->v
[2018-11-16 15:46:06]	论断 n->vn
[2018-11-16 15:46:06]	臣 n->ng
[2018-11-16 15:46:06]	管理 v->vn
[2018-11-16 15:46:06]	管制 v->vn
[2018-11-16 15:46:06]	光明 a->n
[2018-11-16 15:46:06]	亮 a->vi
[2018-11-16 15:46:06]	归结 n->vi
[2018-11-16 15:46:06]	鬼 a->n
[2018-11-16 15:46:06]	邪 a->ag
[2018-11-16 15:46:06]	滚 ng->vi
[2018-11-16 15:46:06]	国庆 n->t
[2018-11-16 15:46:06]	干脆 a->d
[2018-11-16 15:46:06]	断然 b->d
[2018-11-16 15:46:06]	果然 c->d
[2018-11-16 15:46:06]	果真 c->d
[2018-11-16 15:46:06]	过期 vd->vi
[2018-11-16 15:46:06]	海口 n->ns
[2018-11-16 15:46:06]	琼 b->nr1
[2018-11-16 15:46:06]	叫 n->vi
[2018-11-16 15:46:06]	汉堡包 n->gms
[2018-11-16 15:46:06]	数码 b->n
[2018-11-16 15:46:06]	合资 b->vi
[2018-11-16 15:46:06]	集资 vd->vi
[2018-11-16 15:46:06]	合伙 vd->vi
[2018-11-16 15:46:06]	合股 vd->vi
[2018-11-16 15:46:06]	和 ag->cc
[2018-11-16 15:46:06]	集合 n->v
[2018-11-16 15:46:06]	与 cc->p
[2018-11-16 15:46:06]	同 cc->p
[2018-11-16 15:46:06]	并 cc->d
[2018-11-16 15:46:06]	狠 a->d
[2018-11-16 15:46:06]	狠心 a->an
[2018-11-16 15:46:06]	横 a->v
[2018-11-16 15:46:06]	哄 o->v
[2018-11-16 15:46:06]	后期 f->t
[2018-11-16 15:46:06]	胡 d->nr1
[2018-11-16 15:46:06]	湖 b->n
[2018-11-16 15:46:06]	迷惑 a->v
[2018-11-16 15:46:06]	依稀 a->d
[2018-11-16 15:46:06]	互相 b->d
[2018-11-16 15:46:06]	花 a->n
[2018-11-16 15:46:06]	花卷 n->gms
[2018-11-16 15:46:06]	滑冰 n->vn
[2018-11-16 15:46:06]	滑雪 vi->vn
[2018-11-16 15:46:06]	化验 n->v
[2018-11-16 15:46:06]	打扮 n->v
[2018-11-16 15:46:06]	还账 v->vi
[2018-11-16 15:46:06]	涣散 a->v
[2018-11-16 15:46:06]	怪诞 a->an
[2018-11-16 15:46:06]	黄色 b->n
[2018-11-16 15:46:06]	回头 d->vi
[2018-11-16 15:46:06]	会 n->v
[2018-11-16 15:46:06]	馄饨 n->gms
[2018-11-16 15:46:06]	活动 a->vn
[2018-11-16 15:46:06]	该死 vi->v
[2018-11-16 15:46:06]	活 a->n
[2018-11-16 15:46:06]	火车 n->gjtgj
[2018-11-16 15:46:06]	机械 a->n
[2018-11-16 15:46:06]	缉私 vi->vn
[2018-11-16 15:46:06]	狂热 a->an
[2018-11-16 15:46:06]	极端 a->n
[2018-11-16 15:46:06]	集邮 vi->vn
[2018-11-16 15:46:06]	集中 a->v
[2018-11-16 15:46:06]	挤 a->v
[2018-11-16 15:46:06]	运算 vi->vn
[2018-11-16 15:46:06]	记录 n->v
[2018-11-16 15:46:06]	记载 n->v
[2018-11-16 15:46:06]	纪念 n->v
[2018-11-16 15:46:06]	长项 n->nz
[2018-11-16 15:46:06]	加班 vd->vi
[2018-11-16 15:46:06]	夹 b->v
[2018-11-16 15:46:06]	家 k->n
[2018-11-16 15:46:06]	值 a->n
[2018-11-16 15:46:06]	尖端 b->n
[2018-11-16 15:46:06]	坚定 a->v
[2018-11-16 15:46:06]	监察 v->vn
[2018-11-16 15:46:06]	调查 n->v
[2018-11-16 15:46:06]	方便 a->v
[2018-11-16 15:46:06]	便利 a->an
[2018-11-16 15:46:06]	间接 a->b
[2018-11-16 15:46:06]	建设 n->vn
[2018-11-16 15:46:06]	健全 a->v
[2018-11-16 15:46:06]	讲究 a->v
[2018-11-16 15:46:06]	降价 vd->vi
[2018-11-16 15:46:06]	坦白 a->v
[2018-11-16 15:46:06]	灌 ng->v
[2018-11-16 15:46:06]	娇气 a->n
[2018-11-16 15:46:06]	骄傲 a->an
[2018-11-16 15:46:06]	饺子 n->gms
[2018-11-16 15:46:06]	教 ng->v
[2018-11-16 15:46:06]	教育 v->vn
[2018-11-16 15:46:06]	接力 n->vn
[2018-11-16 15:46:06]	结果 c->n
[2018-11-16 15:46:06]	结业 vd->vi
[2018-11-16 15:46:06]	解放 a->v
[2018-11-16 15:46:06]	解放战争 n->nz
[2018-11-16 15:46:06]	借 p->v
[2018-11-16 15:46:06]	租 ng->v
[2018-11-16 15:46:06]	借贷 n->v
[2018-11-16 15:46:06]	借条 n->nz
[2018-11-16 15:46:06]	金 b->ng
[2018-11-16 15:46:06]	尽力 d->vi
[2018-11-16 15:46:06]	全力 d->n
[2018-11-16 15:46:06]	尽心 a->v
[2018-11-16 15:46:06]	进步 a->vn
[2018-11-16 15:46:06]	临近 a->v
[2018-11-16 15:46:06]	经过 n->p
[2018-11-16 15:46:06]	经济 a->n
[2018-11-16 15:46:06]	经营 n->v
[2018-11-16 15:46:06]	精神 a->n
[2018-11-16 15:46:06]	感慨 a->v
[2018-11-16 15:46:06]	警惕 a->v
[2018-11-16 15:46:06]	敬业 a->vi
[2018-11-16 15:46:06]	就 c->d
[2018-11-16 15:46:06]	举 ag->v
[2018-11-16 15:46:06]	举重 n->vn
[2018-11-16 15:46:06]	行 a->vi
[2018-11-16 15:46:06]	锯 n->v
[2018-11-16 15:46:06]	卷 ng->v
[2018-11-16 15:46:06]	决定 n->v
[2018-11-16 15:46:06]	决赛 vi->vn
[2018-11-16 15:46:06]	决心 d->n
[2018-11-16 15:46:06]	开创 n->v
[2018-11-16 15:46:06]	开放 a->v
[2018-11-16 15:46:06]	开阔 a->v
[2018-11-16 15:46:06]	伊始 t->vi
[2018-11-16 15:46:06]	初叶 f->t
[2018-11-16 15:46:06]	初始 b->t
[2018-11-16 15:46:06]	初步 b->d
[2018-11-16 15:46:06]	看 u->v
[2018-11-16 15:46:06]	测验 v->vn
[2018-11-16 15:46:06]	考验 v->vn
[2018-11-16 15:46:06]	烤鸭 n->gms
[2018-11-16 15:46:06]	靠 ng->v
[2018-11-16 15:46:06]	科学 a->n
[2018-11-16 15:46:06]	可怜 a->v
[2018-11-16 15:46:06]	可惜 a->v
[2018-11-16 15:46:06]	可以 a->v
[2018-11-16 15:46:06]	能 d->v
[2018-11-16 15:46:06]	克 b->vg
[2018-11-16 15:46:06]	客观 a->n
[2018-11-16 15:46:06]	买家 n->nz
[2018-11-16 15:46:06]	肯定 a->v
[2018-11-16 15:46:06]	空 a->v
[2018-11-16 15:46:06]	口 f->n
[2018-11-16 15:46:06]	苦 a->an
[2018-11-16 15:46:06]	苦涩 a->an
[2018-11-16 15:46:06]	苦闷 a->an
[2018-11-16 15:46:06]	迷茫 a->an
[2018-11-16 15:46:06]	苦恼 a->an
[2018-11-16 15:46:06]	迷惘 a->an
[2018-11-16 15:46:06]	夸张 n->vi
[2018-11-16 15:46:06]	跨 ng->v
[2018-11-16 15:46:06]	越 b->d
[2018-11-16 15:46:06]	匡 nr1->vg
[2018-11-16 15:46:06]	捆 ng->v
[2018-11-16 15:46:06]	困惑 a->an
[2018-11-16 15:46:06]	疑惑 an->v
[2018-11-16 15:46:06]	困难 a->an
[2018-11-16 15:46:06]	拉 b->v
[2018-11-16 15:46:06]	腊八粥 n->gms
[2018-11-16 15:46:06]	来 f->vf
[2018-11-16 15:46:06]	天车 n->nz
[2018-11-16 15:46:06]	懈怠 a->an
[2018-11-16 15:46:06]	劳动 vi->vn
[2018-11-16 15:46:06]	坚韧 a->an
[2018-11-16 15:46:06]	铭刻 n->v
[2018-11-16 15:46:06]	铭记 n->v
[2018-11-16 15:46:06]	东家 n->nz
[2018-11-16 15:46:06]	了 ule->y
[2018-11-16 15:46:06]	累 a->v
[2018-11-16 15:46:06]	疲劳 a->an
[2018-11-16 15:46:06]	困倦 a->an
[2018-11-16 15:46:06]	倦怠 a->an
[2018-11-16 15:46:06]	礼貌 a->an
[2018-11-16 15:46:06]	李 ng->nr1
[2018-11-16 15:46:06]	理想 a->n
[2018-11-16 15:46:06]	理性 b->n
[2018-11-16 15:46:06]	连 d->n
[2018-11-16 15:46:06]	盟 n->ng
[2018-11-16 15:46:06]	联系 n->v
[2018-11-16 15:46:06]	练习 n->v
[2018-11-16 15:46:06]	辽 b->tg
[2018-11-16 15:46:06]	劣 a->ag
[2018-11-16 15:46:06]	林 n->ng
[2018-11-16 15:46:06]	小气 a->ad
[2018-11-16 15:46:06]	零售 v->vn
[2018-11-16 15:46:06]	另外 c->rz
[2018-11-16 15:46:06]	小产 v->vi
[2018-11-16 15:46:06]	流行 a->v
[2018-11-16 15:46:06]	柳 n->ng
[2018-11-16 15:46:06]	漏 ng->v
[2018-11-16 15:46:06]	滴 q->v
[2018-11-16 15:46:06]	露 ng->v
[2018-11-16 15:46:06]	旅游 vi->vn
[2018-11-16 15:46:06]	动感 b->n
[2018-11-16 15:46:06]	乱 a->d
[2018-11-16 15:46:06]	轮班 vd->vn
[2018-11-16 15:46:06]	转 ng->v
[2018-11-16 15:46:06]	麻 a->n
[2018-11-16 15:46:06]	麻烦 a->an
[2018-11-16 15:46:06]	烦恼 a->an
[2018-11-16 15:46:06]	马 b->n
[2018-11-16 15:46:06]	馒头 n->gms
[2018-11-16 15:46:06]	满 a->v
[2018-11-16 15:46:06]	满足 a->v
[2018-11-16 15:46:06]	忙 a->v
[2018-11-16 15:46:06]	蒙 b->vi
[2018-11-16 15:46:06]	毛 a->nr1
[2018-11-16 15:46:06]	矛盾 a->an
[2018-11-16 15:46:06]	冒险 vd->vi
[2018-11-16 15:46:06]	贸易 v->vn
[2018-11-16 15:46:06]	没有 d->v
[2018-11-16 15:46:06]	无 d->v
[2018-11-16 15:46:06]	美 a->b
[2018-11-16 15:46:06]	住院 vd->vi
[2018-11-16 15:46:06]	耳语 n->vi
[2018-11-16 15:46:06]	秘密 a->n
[2018-11-16 15:46:06]	机密 a->n
[2018-11-16 15:46:06]	免费 vd->vi
[2018-11-16 15:46:06]	勉强 a->v
[2018-11-16 15:46:06]	民主 a->an
[2018-11-16 15:46:06]	起名 vi->v
[2018-11-16 15:46:06]	模范 a->n
[2018-11-16 15:46:06]	模拟 b->v
[2018-11-16 15:46:06]	磨 n->v
[2018-11-16 15:46:06]	生分 a->ad
[2018-11-16 15:46:06]	墨 b->n
[2018-11-16 15:46:06]	母 b->ng
[2018-11-16 15:46:06]	木 a->ng
[2018-11-16 15:46:06]	捐款 n->vi
[2018-11-16 15:46:06]	拿 p->v
[2018-11-16 15:46:06]	上税 v->vi
[2018-11-16 15:46:06]	委屈 a->v
[2018-11-16 15:46:06]	悲痛 a->an
[2018-11-16 15:46:06]	内蒙古自治区 ns->nz
[2018-11-16 15:46:06]	倪 x->n
[2018-11-16 15:46:06]	拟人 n->nz
[2018-11-16 15:46:06]	年 n->qt
[2018-11-16 15:46:06]	年岁 n->nl
[2018-11-16 15:46:06]	年事 n->nl
[2018-11-16 15:46:06]	凝眸 vd->vi
[2018-11-16 15:46:06]	牛 ag->n
[2018-11-16 15:46:06]	努力 a->an
[2018-11-16 15:46:06]	暖 a->v
[2018-11-16 15:46:06]	温暖 a->an
[2018-11-16 15:46:06]	温热 a->an
[2018-11-16 15:46:06]	和暖 a->an
[2018-11-16 15:46:06]	偶尔 b->d
[2018-11-16 15:46:06]	扑 o->v
[2018-11-16 15:46:06]	攀 b->v
[2018-11-16 15:46:06]	拍 ng->v
[2018-11-16 15:46:06]	排 n->v
[2018-11-16 15:46:06]	排队 n->vi
[2018-11-16 15:46:06]	派出所 n->gms
[2018-11-16 15:46:06]	派遣 v->gms
[2018-11-16 15:46:06]	派出 v->gms
[2018-11-16 15:46:06]	判断 n->v
[2018-11-16 15:46:06]	抛 nr1->v
[2018-11-16 15:46:06]	配套 a->v
[2018-11-16 15:46:06]	烹饪 n->vi
[2018-11-16 15:46:06]	相知 n->v
[2018-11-16 15:46:06]	捧 q->v
[2018-11-16 15:46:06]	批发 v->vn
[2018-11-16 15:46:06]	偏 a->d
[2018-11-16 15:46:06]	单方面 b->n
[2018-11-16 15:46:06]	飘 a->v
[2018-11-16 15:46:06]	撇 q->v
[2018-11-16 15:46:06]	应邀 vd->vi
[2018-11-16 15:46:06]	平 a->v
[2018-11-16 15:46:06]	通常 b->d
[2018-11-16 15:46:06]	破 a->v
[2018-11-16 15:46:06]	铺 n->v
[2018-11-16 15:46:06]	普及 a->v
[2018-11-16 15:46:06]	遍地 vd->vi
[2018-11-16 15:46:06]	限期 n->vi
[2018-11-16 15:46:06]	奇怪 a->v
[2018-11-16 15:46:06]	祷告 v->vn
[2018-11-16 15:46:06]	辗转 vd->vi
[2018-11-16 15:46:06]	蜿蜒 v->z
[2018-11-16 15:46:06]	启示 v->vn
[2018-11-16 15:46:06]	矜持 a->an
[2018-11-16 15:46:06]	署名 n->vi
[2018-11-16 15:46:06]	签名 n->vi
[2018-11-16 15:46:06]	前天 n->t
[2018-11-16 15:46:06]	壮 a->v
[2018-11-16 15:46:06]	争 ng->v
[2018-11-16 15:46:06]	乔木 n->nr
[2018-11-16 15:46:06]	切 ag->v
[2018-11-16 15:46:06]	亲近 a->v
[2018-11-16 15:46:06]	明确 a->v
[2018-11-16 15:46:06]	纯洁 a->v
[2018-11-16 15:46:06]	清明 a->t
[2018-11-16 15:46:06]	晴 an->vi
[2018-11-16 15:46:06]	让 p->v
[2018-11-16 15:46:06]	祝 ng->v
[2018-11-16 15:46:06]	贺 ng->vg
[2018-11-16 15:46:06]	秋 ng->tg
[2018-11-16 15:46:06]	求 ng->v
[2018-11-16 15:46:06]	曲 ag->n
[2018-11-16 15:46:06]	出 q->vf
[2018-11-16 15:46:06]	泉 n->ng
[2018-11-16 15:46:06]	缺 n->v
[2018-11-16 15:46:06]	欠缺 a->vi
[2018-11-16 15:46:06]	火 a->n
[2018-11-16 15:46:06]	夏 ng->tg
[2018-11-16 15:46:06]	热情 a->an
[2018-11-16 15:46:06]	热气球 n->gjtgj
[2018-11-16 15:46:06]	热心 a->v
[2018-11-16 15:46:06]	热忱 a->an
[2018-11-16 15:46:06]	热诚 a->an
[2018-11-16 15:46:06]	委任 n->v
[2018-11-16 15:46:06]	依旧 d->z
[2018-11-16 15:46:06]	照旧 d->v
[2018-11-16 15:46:06]	肉 a->n
[2018-11-16 15:46:06]	肉 a->gms
[2018-11-16 15:46:06]	撒 n->v
[2018-11-16 15:46:06]	塞 b->v
[2018-11-16 15:46:06]	堵 a->v
[2018-11-16 15:46:06]	信步 vd->vi
[2018-11-16 15:46:06]	土 a->n
[2018-11-16 15:46:06]	上 b->f
[2018-11-16 15:46:06]	设计 n->v
[2018-11-16 15:46:06]	摄像 n->vi
[2018-11-16 15:46:06]	申请 n->v
[2018-11-16 15:46:06]	全身 b->n
[2018-11-16 15:46:06]	体 k->ng
[2018-11-16 15:46:06]	身段 n->nz
[2018-11-16 15:46:06]	深入 a->v
[2018-11-16 15:46:06]	深度 ad->n
[2018-11-16 15:46:06]	神气 a->n
[2018-11-16 15:46:06]	升 q->v
[2018-11-16 15:46:06]	增值 n->vi
[2018-11-16 15:46:06]	生 a->v
[2018-11-16 15:46:06]	生产 n->v
[2018-11-16 15:46:06]	出产 n->v
[2018-11-16 15:46:06]	生活 vi->vn
[2018-11-16 15:46:06]	胜利 ad->vi
[2018-11-16 15:46:06]	失落 a->v
[2018-11-16 15:46:06]	狮 n->ng
[2018-11-16 15:46:06]	滋润 a->v
[2018-11-16 15:46:06]	温润 a->an
[2018-11-16 15:46:06]	石 b->ng
[2018-11-16 15:46:06]	时刻 d->n
[2018-11-16 15:46:06]	实践 n->v
[2018-11-16 15:46:06]	实质 a->n
[2018-11-16 15:46:06]	示范 vi->vn
[2018-11-16 15:46:06]	凡间 s->n
[2018-11-16 15:46:06]	是 ng->vshi
[2018-11-16 15:46:06]	便是 v->vd
[2018-11-16 15:46:06]	是否 d->v
[2018-11-16 15:46:06]	释迦牟尼 n->nrf
[2018-11-16 15:46:06]	收条 n->nz
[2018-11-16 15:46:06]	手 k->n
[2018-11-16 15:46:06]	手工 d->n
[2018-11-16 15:46:06]	守法 vd->vi
[2018-11-16 15:46:06]	首创 nz->v
[2018-11-16 15:46:06]	首先 c->d
[2018-11-16 15:46:06]	初 d->f
[2018-11-16 15:46:06]	最初 b->d
[2018-11-16 15:46:06]	禁不起 v->vd
[2018-11-16 15:46:06]	本 d->rz
[2018-11-16 15:46:06]	册 ng->q
[2018-11-16 15:46:06]	书册 n->nl
[2018-11-16 15:46:06]	疏松 a->vn
[2018-11-16 15:46:06]	熟悉 a->v
[2018-11-16 15:46:06]	属实 a->v
[2018-11-16 15:46:06]	鼠 n->ng
[2018-11-16 15:46:06]	竖 n->v
[2018-11-16 15:46:06]	刷 o->v
[2018-11-16 15:46:06]	帅 ng->nr1
[2018-11-16 15:46:06]	水笔 n->nz
[2018-11-16 15:46:06]	说 ng->v
[2018-11-16 15:46:06]	讲 ng->v
[2018-11-16 15:46:06]	司 n->ng
[2018-11-16 15:46:06]	松 a->v
[2018-11-16 15:46:06]	松懈 a->v
[2018-11-16 15:46:06]	宋 nr1->tg
[2018-11-16 15:46:06]	孙 n->nr1
[2018-11-16 15:46:06]	孙子 n->nr
[2018-11-16 15:46:06]	锁 n->v
[2018-11-16 15:46:06]	塔 b->n
[2018-11-16 15:46:06]	贪吃 an->v
[2018-11-16 15:46:06]	贪心 a->v
[2018-11-16 15:46:06]	弹 ng->v
[2018-11-16 15:46:06]	烫 a->v
[2018-11-16 15:46:06]	特别 a->d
[2018-11-16 15:46:06]	希罕 a->v
[2018-11-16 15:46:06]	疼痛 a->an
[2018-11-16 15:46:06]	挑剔 a->v
[2018-11-16 15:46:06]	提成 n->vi
[2018-11-16 15:46:06]	提议 n->v
[2018-11-16 15:46:06]	田野 n->nr
[2018-11-16 15:46:06]	唐 b->tg
[2018-11-16 15:46:06]	甘甜 a->an
[2018-11-16 15:46:06]	担 ng->v
[2018-11-16 15:46:06]	调控 v->vn
[2018-11-16 15:46:06]	跳 q->vi
[2018-11-16 15:46:06]	跳水 vi->vn
[2018-11-16 15:46:06]	跳远 vi->vn
[2018-11-16 15:46:06]	听 q->v
[2018-11-16 15:46:06]	通信 vi->vn
[2018-11-16 15:46:06]	同时 c->n
[2018-11-16 15:46:06]	同期 d->f
[2018-11-16 15:46:06]	统一 a->v
[2018-11-16 15:46:06]	痛苦 a->an
[2018-11-16 15:46:06]	头 k->n
[2018-11-16 15:46:06]	投资 n->v
[2018-11-16 15:46:06]	投入 a->v
[2018-11-16 15:46:06]	突出 a->v
[2018-11-16 15:46:06]	团结 a->v
[2018-11-16 15:46:06]	托 ng->v
[2018-11-16 15:46:06]	歪 a->v
[2018-11-16 15:46:06]	倾斜 vd->vi
[2018-11-16 15:46:06]	斜 a->v
[2018-11-16 15:46:06]	弯 a->v
[2018-11-16 15:46:06]	完善 a->v
[2018-11-16 15:46:06]	玩 ng->v
[2018-11-16 15:46:06]	夜晚 n->t
[2018-11-16 15:46:06]	夜间 f->t
[2018-11-16 15:46:06]	万 d->m
[2018-11-16 15:46:06]	万一 c->d
[2018-11-16 15:46:06]	联网 vd->vi
[2018-11-16 15:46:06]	望 ng->v
[2018-11-16 15:46:06]	无益 a->vi
[2018-11-16 15:46:06]	危险 a->an
[2018-11-16 15:46:06]	威风 a->an
[2018-11-16 15:46:06]	霸气 an->n
[2018-11-16 15:46:06]	微 a->nz
[2018-11-16 15:46:06]	违法 vd->vi
[2018-11-16 15:46:06]	相反 d->vi
[2018-11-16 15:46:06]	浩瀚 a->z
[2018-11-16 15:46:06]	卫生 a->an
[2018-11-16 15:46:06]	位 ng->q
[2018-11-16 15:46:06]	喂 e->v
[2018-11-16 15:46:06]	问候 v->vn
[2018-11-16 15:46:06]	温和 a->nr
[2018-11-16 15:46:06]	刻薄 a->an
[2018-11-16 15:46:06]	文明 a->n
[2018-11-16 15:46:06]	闻 ng->v
[2018-11-16 15:46:06]	问 ng->v
[2018-11-16 15:46:06]	咨询 v->vn
[2018-11-16 15:46:06]	无轨电车 nl->gjtgj
[2018-11-16 15:46:06]	无限 a->vi
[2018-11-16 15:46:06]	无穷 d->z
[2018-11-16 15:46:06]	时价 n->nl
[2018-11-16 15:46:06]	东西 f->n
[2018-11-16 15:46:06]	误工 vi->vn
[2018-11-16 15:46:06]	西 b->f
[2018-11-16 15:46:06]	希望 n->v
[2018-11-16 15:46:06]	就义 vi->v
[2018-11-16 15:46:06]	舍身 d->v
[2018-11-16 15:46:06]	习 ng->vg
[2018-11-16 15:46:06]	系统 a->n
[2018-11-16 15:46:06]	地 n->nz
[2018-11-16 15:46:06]	先后 d->ad
[2018-11-16 15:46:06]	娇艳 a->an
[2018-11-16 15:46:06]	现代 n->t
[2018-11-16 15:46:06]	现实 a->n
[2018-11-16 15:46:06]	相当 d->vi
[2018-11-16 15:46:06]	等同 vd->vi
[2018-11-16 15:46:06]	同样 b->d
[2018-11-16 15:46:06]	香 a->n
[2018-11-16 15:46:06]	想像 v->vd
[2018-11-16 15:46:06]	向 dg->p
[2018-11-16 15:46:06]	朝 b->p
[2018-11-16 15:46:06]	象 n->ng
[2018-11-16 15:46:06]	像 d->v
[2018-11-16 15:46:06]	仿佛 d->v
[2018-11-16 15:46:06]	似 d->vg
[2018-11-16 15:46:06]	飘逸 a->v
[2018-11-16 15:46:06]	童 b->ng
[2018-11-16 15:46:06]	小寒 t->nz
[2018-11-16 15:46:06]	小满 t->nz
[2018-11-16 15:46:06]	小雪 n->nr
[2018-11-16 15:46:06]	艰辛 a->an
[2018-11-16 15:46:06]	辛酸 a->an
[2018-11-16 15:46:06]	新词 n->nl
[2018-11-16 15:46:06]	信 ag->n
[2018-11-16 15:46:06]	信用 a->n
[2018-11-16 15:46:06]	兴奋 a->v
[2018-11-16 15:46:06]	成 a->v
[2018-11-16 15:46:06]	形象 a->n
[2018-11-16 15:46:06]	醒 ng->v
[2018-11-16 15:46:06]	幸福 a->happ
[2018-11-16 15:46:06]	性 k->ng
[2018-11-16 15:46:06]	姓 n->v
[2018-11-16 15:46:06]	名 ag->q
[2018-11-16 15:46:06]	邪恶 a->an
[2018-11-16 15:46:06]	胸 n->ng
[2018-11-16 15:46:06]	公 ad->ng
[2018-11-16 15:46:06]	休假 n->vi
[2018-11-16 15:46:06]	虚伪 a->an
[2018-11-16 15:46:06]	徐 ag->nr1
[2018-11-16 15:46:06]	许 dg->m
[2018-11-16 15:46:06]	学龄 b->n
[2018-11-16 15:46:06]	压抑 a->v
[2018-11-16 15:46:06]	鸭 n->ng
[2018-11-16 15:46:06]	延长 ns->v
[2018-11-16 15:46:06]	延期 vd->vi
[2018-11-16 15:46:06]	缓期 vd->vi
[2018-11-16 15:46:06]	严正 a->nr
[2018-11-16 15:46:06]	高温 an->n
[2018-11-16 15:46:06]	火热 a->z
[2018-11-16 15:46:06]	研究 n->v
[2018-11-16 15:46:06]	演习 v->vn
[2018-11-16 15:46:06]	杨 ng->nr1
[2018-11-16 15:46:06]	阳性 b->n
[2018-11-16 15:46:06]	仰泳 vi->vn
[2018-11-16 15:46:06]	也 b->d
[2018-11-16 15:46:06]	进行 vn->vx
[2018-11-16 15:46:06]	布 b->n
[2018-11-16 15:46:06]	穿戴 n->v
[2018-11-16 15:46:06]	依靠 n->v
[2018-11-16 15:46:06]	移动 v->vn
[2018-11-16 15:46:06]	遗传 n->vn
[2018-11-16 15:46:06]	遗憾 a->sorr
[2018-11-16 15:46:06]	遗存 vi->vn
[2018-11-16 15:46:06]	往时 t->tg
[2018-11-16 15:46:06]	义务 d->n
[2018-11-16 15:46:06]	艺术 a->n
[2018-11-16 15:46:06]	意旨 n->nl
[2018-11-16 15:46:06]	因为 c->p
[2018-11-16 15:46:06]	由于 c->p
[2018-11-16 15:46:06]	银 b->ng
[2018-11-16 15:46:06]	引 ng->v
[2018-11-16 15:46:06]	隐蔽 a->v
[2018-11-16 15:46:06]	隐秘 a->n
[2018-11-16 15:46:06]	印染 v->vn
[2018-11-16 15:46:06]	印 b->v
[2018-11-16 15:46:06]	图章 n->nz
[2018-11-16 15:46:06]	应当 d->v
[2018-11-16 15:46:06]	俊杰 n->nr
[2018-11-16 15:46:06]	影响 n->v
[2018-11-16 15:46:06]	拥挤 a->vi
[2018-11-16 15:46:06]	勇于 d->v
[2018-11-16 15:46:06]	骁勇 a->an
[2018-11-16 15:46:06]	用 ng->p
[2018-11-16 15:46:06]	以 b->p
[2018-11-16 15:46:06]	优胜 a->vi
[2018-11-16 15:46:06]	优先 ad->v
[2018-11-16 15:46:06]	悠远 an->z
[2018-11-16 15:46:06]	油条 n->gms
[2018-11-16 15:46:06]	友善 a->nr
[2018-11-16 15:46:06]	又 c->d
[2018-11-16 15:46:06]	右 a->f
[2018-11-16 15:46:06]	于 ng->p
[2018-11-16 15:46:06]	初赛 n->vi
[2018-11-16 15:46:06]	预言 n->v
[2018-11-16 15:46:06]	冤枉 a->v
[2018-11-16 15:46:06]	原来 b->d
[2018-11-16 15:46:06]	原本 d->n
[2018-11-16 15:46:06]	原则 d->n
[2018-11-16 15:46:06]	圆 a->vg
[2018-11-16 15:46:06]	约会 n->vi
[2018-11-16 15:46:06]	局限 n->vi
[2018-11-16 15:46:06]	云 b->n
[2018-11-16 15:46:06]	正好 z->tg
[2018-11-16 15:46:06]	在 d->p
[2018-11-16 15:46:06]	当 ng->p
[2018-11-16 15:46:06]	暂时 b->d
[2018-11-16 15:46:06]	眼前 s->t
[2018-11-16 15:46:06]	负债 n->vi
[2018-11-16 15:46:06]	站 n->vi
[2018-11-16 15:46:06]	把握 n->v
[2018-11-16 15:46:06]	左右 f->m
[2018-11-16 15:46:06]	折价 vd->vi
[2018-11-16 15:46:06]	真 a->d
[2018-11-16 15:46:06]	实际 a->n
[2018-11-16 15:46:06]	真心 ad->n
[2018-11-16 15:46:06]	衷心 b->d
[2018-11-16 15:46:06]	振动 vi->vn
[2018-11-16 15:46:06]	颠簸 vd->vi
[2018-11-16 15:46:06]	振荡 vi->vn
[2018-11-16 15:46:06]	争议 n->vn
[2018-11-16 15:46:06]	整体 m->n
[2018-11-16 15:46:06]	正 a->d
[2018-11-16 15:46:06]	正面 a->n
[2018-11-16 15:46:06]	正理 n->nl
[2018-11-16 15:46:06]	证明 n->v
[2018-11-16 15:46:06]	对证 vn->n
[2018-11-16 15:46:06]	对照 p->v
[2018-11-16 15:46:06]	说明 n->v
[2018-11-16 15:46:06]	消费 n->vn
[2018-11-16 15:46:06]	明白 a->v
[2018-11-16 15:46:06]	了然 a->v
[2018-11-16 15:46:06]	知 ag->v
[2018-11-16 15:46:06]	直 a->d
[2018-11-16 15:46:06]	直线 d->n
[2018-11-16 15:46:06]	张 ng->q
[2018-11-16 15:46:06]	指挥 n->v
[2018-11-16 15:46:06]	指导 n->v
[2018-11-16 15:46:06]	中档 b->nl
[2018-11-16 15:46:06]	中国 ns->nz
[2018-11-16 15:46:06]	华夏 n->nz
[2018-11-16 15:46:06]	中央 f->n
[2018-11-16 15:46:06]	忠诚 a->v
[2018-11-16 15:46:06]	种 ng->v
[2018-11-16 15:46:06]	重 a->v
[2018-11-16 15:46:06]	关键 a->n
[2018-11-16 15:46:06]	重视 a->v
[2018-11-16 15:46:06]	周 ag->nr1
[2018-11-16 15:46:06]	昼夜 d->n
[2018-11-16 15:46:06]	皱 n->v
[2018-11-16 15:46:06]	朱 ag->nr1
[2018-11-16 15:46:06]	竹 n->ng
[2018-11-16 15:46:06]	主观 a->n
[2018-11-16 15:46:06]	主演 n->v
[2018-11-16 15:46:06]	助理 b->n
[2018-11-16 15:46:06]	大名鼎鼎 al->vl
[2018-11-16 15:46:06]	专门 b->d
[2018-11-16 15:46:06]	专注 a->vi
[2018-11-16 15:46:06]	埋头 vd->vi
[2018-11-16 15:46:06]	专业 a->n
[2018-11-16 15:46:06]	拐弯 n->vi
[2018-11-16 15:46:06]	华美 a->nz
[2018-11-16 15:46:06]	台 b->n
[2018-11-16 15:46:06]	我方 r->n
[2018-11-16 15:46:06]	自强 vd->vi
[2018-11-16 15:46:06]	自主 vd->vi
[2018-11-16 15:46:06]	自然 a->n
[2018-11-16 15:46:06]	自信 a->v
[2018-11-16 15:46:06]	自修 v->vl
[2018-11-16 15:46:06]	综合 a->vn
[2018-11-16 15:46:06]	总结 n->v
[2018-11-16 15:46:06]	纵横 n->v
[2018-11-16 15:46:06]	走私 b->v
[2018-11-16 15:46:06]	构成 n->v
[2018-11-16 15:46:06]	太 a->d
[2018-11-16 15:46:06]	到底 d->vi
[2018-11-16 15:46:06]	孝顺 a->v
[2018-11-16 15:46:06]	遵照 p->v
[2018-11-16 15:46:06]	作 ng->v
[2018-11-16 15:46:06]	零 a->m
[2018-11-16 15:46:06]	一 d->m
[2018-11-16 15:46:06]	九 b->m
[2018-11-16 15:46:06]	低价 ad->n
[2018-11-16 15:46:06]	火车站 n->gjtgj
[2018-11-16 15:46:06]	小时候 n->t
[2018-11-16 15:46:06]	综合性 b->n
[2018-11-16 15:46:06]	高价 d->n
[2018-11-16 15:46:06]	中考 n->v
[2018-11-16 15:46:06]	无效 a->vi
[2018-11-16 15:46:06]	爱人 n->nz
[2018-11-16 15:46:06]	把手 n->nz
[2018-11-16 15:46:06]	人为 b->d
[2018-11-16 15:46:06]	靠山 n->nz
[2018-11-16 15:46:06]	他人 rr->r
[2018-11-16 15:46:06]	不结盟 vi->vn
[2018-11-16 15:46:06]	不是 c->n
[2018-11-16 15:46:06]	不行 a->v
[2018-11-16 15:46:06]	不能 v->vi
[2018-11-16 15:46:06]	不会 v->vi
[2018-11-16 15:46:06]	车号 n->nz
[2018-11-16 15:46:06]	同党 n->nz
[2018-11-16 15:46:06]	上流 b->n
[2018-11-16 15:46:06]	出血 vi->v
[2018-11-16 15:46:06]	打的 v->vi
[2018-11-16 15:46:06]	除法 n->nz
[2018-11-16 15:46:06]	从中 d->n
[2018-11-16 15:46:06]	从宽 d->v
[2018-11-16 15:46:06]	从重 d->v
[2018-11-16 15:46:06]	搭建 v->vd
[2018-11-16 15:46:06]	各人 rr->r
[2018-11-16 15:46:06]	中选 vi->v
[2018-11-16 15:46:06]	各处 rzs->r
[2018-11-16 15:46:06]	四处 d->vi
[2018-11-16 15:46:06]	大路 n->nz
[2018-11-16 15:46:06]	拨打 v->vd
[2018-11-16 15:46:06]	大跌 v->vn
[2018-11-16 15:46:06]	会话 v->vn
[2018-11-16 15:46:06]	对应 vi->v
[2018-11-16 15:46:06]	有余 m->v
[2018-11-16 15:46:06]	要领 n->nz
[2018-11-16 15:46:06]	下学 v->vd
[2018-11-16 15:46:06]	分号 n->nz
[2018-11-16 15:46:06]	不合 v->n
[2018-11-16 15:46:06]	高等 b->a
[2018-11-16 15:46:06]	老大 a->n
[2018-11-16 15:46:06]	还给 v->vd
[2018-11-16 15:46:06]	对等 vi->vn
[2018-11-16 15:46:06]	有心 v->vd
[2018-11-16 15:46:06]	说法 n->nz
[2018-11-16 15:46:06]	真的 a->d
[2018-11-16 15:46:06]	大喊 v->vd
[2018-11-16 15:46:06]	后天 n->t
[2018-11-16 15:46:06]	回家 vi->v
[2018-11-16 15:46:06]	总会 d->n
[2018-11-16 15:46:06]	好多 m->a
[2018-11-16 15:46:06]	才能 n->v
[2018-11-16 15:46:06]	大奖 n->nz
[2018-11-16 15:46:06]	自大 a->an
[2018-11-16 15:46:06]	无礼 a->ad
[2018-11-16 15:46:06]	自得 an->a
[2018-11-16 15:46:06]	开关 n->v
[2018-11-16 15:46:06]	看不起 v->vn
[2018-11-16 15:46:06]	看得起 v->vn
[2018-11-16 15:46:06]	完了 vi->n
[2018-11-16 15:46:06]	理事 n->nz
[2018-11-16 15:46:06]	一口气 d->n
[2018-11-16 15:46:06]	本心 n->nl
[2018-11-16 15:46:06]	论说 vn->vl
[2018-11-16 15:46:06]	中意 a->n
[2018-11-16 15:46:06]	没用 a->v
[2018-11-16 15:46:06]	天天 d->q
[2018-11-16 15:46:06]	秒钟 n->q
[2018-11-16 15:46:06]	他俩 r->n
[2018-11-16 15:46:06]	年间 f->n
[2018-11-16 15:46:06]	江米 n->nz
[2018-11-16 15:46:06]	省钱 a->v
[2018-11-16 15:46:06]	早起 vi->v
[2018-11-16 15:46:06]	开车 vi->v
[2018-11-16 15:46:06]	千米 q->qv
[2018-11-16 15:46:06]	签定 v->vn
[2018-11-16 15:46:06]	好天 n->nz
[2018-11-16 15:46:06]	日食 n->nz
[2018-11-16 15:46:06]	火烧 n->v
[2018-11-16 15:46:06]	就是 c->n
[2018-11-16 15:46:06]	是不是 v->vd
[2018-11-16 15:46:06]	手指 n->nz
[2018-11-16 15:46:06]	国都 d->n
[2018-11-16 15:46:06]	得手 a->v
[2018-11-16 15:46:06]	大小 n->nz
[2018-11-16 15:46:06]	了得 a->ad
[2018-11-16 15:46:06]	脱钩 vi->v
[2018-11-16 15:46:06]	问号 n->nz
[2018-11-16 15:46:06]	西藏自治区 ns->nz
[2018-11-16 15:46:06]	小便 v->vi
[2018-11-16 15:46:06]	好在 d->v
[2018-11-16 15:46:06]	双眼 n->nz
[2018-11-16 15:46:06]	一角 n->v
[2018-11-16 15:46:06]	一元 b->nz
[2018-11-16 15:46:06]	引号 n->nz
[2018-11-16 15:46:06]	有用 a->n
[2018-11-16 15:46:06]	像片 n->nz
[2018-11-16 15:46:06]	争抢 v->vd
[2018-11-16 15:46:06]	小我 n->nz
[2018-11-16 15:46:06]	文字 n->nz
[2018-11-16 15:46:06]	不好 a->n
[2018-11-16 15:46:06]	下雨 vi->v
[2018-11-16 15:46:06]	多功能 b->n
[2018-11-16 15:46:06]	从未 d->n
[2018-11-16 15:46:06]	南北 f->n
[2018-11-16 15:46:06]	从不 d->n
[2018-11-16 15:46:06]	干什么 r->v
[2018-11-16 15:46:06]	不准 v->n
[2018-11-16 15:46:06]	开门 vd->n
[2018-11-16 15:46:06]	睡着 v->vd
[2018-11-16 15:46:06]	呼吸 v->vi
[2018-11-16 15:46:06]	长达 v->vl
[2018-11-16 15:46:06]	首次 m->n
[2018-11-16 15:46:06]	日间 t->nl
[2018-11-16 15:46:06]	辩护人 n->nz
[2018-11-16 15:46:06]	正在 d->n
[2018-11-16 15:46:06]	下流 a->s
[2018-11-16 15:46:06]	怎么办 ryv->n
[2018-11-16 15:46:06]	你好 vl->n
[2018-11-16 15:46:06]	正数 v->n
[2018-11-16 15:46:06]	三角 n->ns
[2018-11-16 15:46:06]	分区 n->v
[2018-11-16 15:46:06]	回车 vi->v
[2018-11-16 15:46:06]	选项 n->v
[2018-11-16 15:46:06]	打字 vi->vn
[2018-11-16 15:46:06]	百度 nz->mq
[2018-11-16 15:46:06]	同呼吸 vl->nl
