[2018-11-10 14:38:25]	爱 b->v
[2018-11-10 14:38:25]	安 ag->v
[2018-11-10 14:38:25]	安定 a->an
[2018-11-10 14:38:25]	本分 a->n
[2018-11-10 14:38:25]	宁静 a->an
[2018-11-10 14:38:25]	安宁 a->an
[2018-11-10 14:38:25]	安谧 a->an
[2018-11-10 14:38:25]	和缓 a->ad
[2018-11-10 14:38:25]	太平 a->ns
[2018-11-10 14:38:25]	安全 a->an
[2018-11-10 14:38:25]	安慰 a->v
[2018-11-10 14:38:25]	按时 d->ad
[2018-11-10 14:38:25]	昂首 vd->vi
[2018-11-10 14:38:25]	昂扬 a->v
[2018-11-10 14:38:25]	后悔 a->v
[2018-11-10 14:38:25]	八宝粥 n->gms
[2018-11-10 14:38:25]	把 m->v
[2018-11-10 14:38:25]	百合 n->nr
[2018-11-10 14:38:25]	绊 ng->v
[2018-11-10 14:38:25]	棒 a->ng
[2018-11-10 14:38:25]	包 n->v
[2018-11-10 14:38:25]	折 ng->vi
[2018-11-10 14:38:25]	叠 q->v
[2018-11-10 14:38:25]	包子 n->gms
[2018-11-10 14:38:25]	保安 b->n
[2018-11-10 14:38:25]	保障 n->v
[2018-11-10 14:38:25]	保健 b->n
[2018-11-10 14:38:25]	封闭 a->v
[2018-11-10 14:38:25]	保险 a->n
[2018-11-10 14:38:25]	保证 n->v
[2018-11-10 14:38:25]	不好意思 a->vl
[2018-11-10 14:38:25]	背 a->v
[2018-11-10 14:38:25]	被 d->pbei
[2018-11-10 14:38:25]	必然 b->n
[2018-11-10 14:38:25]	一定 b->d
[2018-11-10 14:38:25]	边 b->n
[2018-11-10 14:38:25]	边缘 b->n
[2018-11-10 14:38:25]	边防 b->n
[2018-11-10 14:38:25]	边陲 n->s
[2018-11-10 14:38:25]	变化 v->vn
[2018-11-10 14:38:25]	标准 a->n
[2018-11-10 14:38:25]	规范 a->v
[2018-11-10 14:38:25]	飞跃 vi->vn
[2018-11-10 14:38:25]	口头 d->n
[2018-11-10 14:38:25]	表现 n->v
[2018-11-10 14:38:25]	别名 n->nz
[2018-11-10 14:38:25]	做作 a->v
[2018-11-10 14:38:25]	拨 q->v
[2018-11-10 14:38:25]	奔腾 nz->vi
[2018-11-10 14:38:25]	盘剥 v->vn
[2018-11-10 14:38:25]	补偿 v->vn
[2018-11-10 14:38:25]	甭 d->v
[2018-11-10 14:38:25]	不安 a->an
[2018-11-10 14:38:25]	焦虑 a->an
[2018-11-10 14:38:25]	恐慌 a->an
[2018-11-10 14:38:25]	不满 a->an
[2018-11-10 14:38:25]	例外 n->vi
[2018-11-10 14:38:25]	不幸 a->n
[2018-11-10 14:38:25]	部分 m->n
[2018-11-10 14:38:25]	华 ag->b
[2018-11-10 14:38:25]	愧疚 a->an
[2018-11-10 14:38:25]	辉煌 a->an
[2018-11-10 14:38:25]	绚烂 a->an
[2018-11-10 14:38:25]	仓储 n->vn
[2018-11-10 14:38:25]	费心 a->v
[2018-11-10 14:38:25]	迥异 a->z
[2018-11-10 14:38:25]	叶 n->ng
[2018-11-10 14:38:25]	拆解 v->vn
[2018-11-10 14:38:25]	知了 n->nz
[2018-11-10 14:38:25]	长春 ns->nz
[2018-11-10 14:38:25]	经常 b->d
[2018-11-10 14:38:25]	超 h->v
[2018-11-10 14:38:25]	超产 v->vn
[2018-11-10 14:38:25]	超支 n->v
[2018-11-10 14:38:25]	车次 n->nz
[2018-11-10 14:38:25]	沉淀 n->vi
[2018-11-10 14:38:25]	尽职 vd->vi
[2018-11-10 14:38:25]	诚心 a->n
[2018-11-10 14:38:25]	党羽 n->nz
[2018-11-10 14:38:25]	冲突 vi->vn
[2018-11-10 14:38:25]	倾心 ad->vi
[2018-11-10 14:38:25]	喜好 an->v
[2018-11-10 14:38:25]	空洞 a->n
[2018-11-10 14:38:25]	抽样 vd->vi
[2018-11-10 14:38:25]	臭豆腐 n->gms
[2018-11-10 14:38:25]	出口 n->vi
[2018-11-10 14:38:25]	肇事 vi->vn
[2018-11-10 14:38:25]	出租 n->v
[2018-11-10 14:38:25]	先期 b->d
[2018-11-10 14:38:25]	除外 vi->v
[2018-11-10 14:38:25]	装 n->v
[2018-11-10 14:38:25]	传统 a->n
[2018-11-10 14:38:25]	船 n->gjtgj
[2018-11-10 14:38:25]	轮船 n->gjtgj
[2018-11-10 14:38:25]	船舶 n->gjtgj
[2018-11-10 14:38:25]	春分 t->n
[2018-11-10 14:38:25]	刺 n->v
[2018-11-10 14:38:25]	睿智 a->an
[2018-11-10 14:38:25]	智慧 a->n
[2018-11-10 14:38:25]	从 d->p
[2018-11-10 14:38:25]	自 d->p
[2018-11-10 14:38:25]	粗心 a->an
[2018-11-10 14:38:25]	大意 a->n
[2018-11-10 14:38:25]	酸 a->n
[2018-11-10 14:38:25]	摩擦 v->vn
[2018-11-10 14:38:25]	坎坷 a->an
[2018-11-10 14:38:25]	错误 a->n
[2018-11-10 14:38:25]	达标 vd->vi
[2018-11-10 14:38:25]	答复 n->v
[2018-11-10 14:38:25]	打 p->v
[2018-11-10 14:38:25]	狩猎 n->vi
[2018-11-10 14:38:25]	打算 n->v
[2018-11-10 14:38:25]	大寒 t->nz
[2018-11-10 14:38:25]	大家 n->rr
[2018-11-10 14:38:25]	大料 n->nz
[2018-11-10 14:38:25]	大致 b->d
[2018-11-10 14:38:25]	呆 a->v
[2018-11-10 14:38:25]	代办 n->v
[2018-11-10 14:38:25]	代理 n->v
[2018-11-10 14:38:25]	带 n->v
[2018-11-10 14:38:25]	带子 n->v
[2018-11-10 14:38:25]	条 ng->q
[2018-11-10 14:38:25]	戴 nr1->v
[2018-11-10 14:38:25]	单 b->d
[2018-11-10 14:38:25]	单独 b->d
[2018-11-10 14:38:25]	当面 d->n
[2018-11-10 14:38:25]	那天 r->t
[2018-11-10 14:38:25]	挡 n->v
[2018-11-10 14:38:25]	的 n->ude1
[2018-11-10 14:38:25]	得 ude3->v
[2018-11-10 14:38:25]	到 p->v
[2018-11-10 14:38:25]	倒 d->vi
[2018-11-10 14:38:25]	偷 d->v
[2018-11-10 14:38:25]	道德 a->n
[2018-11-10 14:38:25]	道教 n->nz
[2018-11-10 14:38:25]	上岸 vi->v
[2018-11-10 14:38:25]	等 n->v
[2018-11-10 14:38:25]	地铁 n->gjtgj
[2018-11-10 14:38:25]	光 a->n
[2018-11-10 14:38:25]	光辉 a->n
[2018-11-10 14:38:25]	顶 f->v
[2018-11-10 14:38:25]	定额 d->n
[2018-11-10 14:38:25]	定期 b->d
[2018-11-10 14:38:25]	东 b->f
[2018-11-10 14:38:25]	东乡族 ns->nz
[2018-11-10 14:38:25]	全部 m->ad
[2018-11-10 14:38:25]	斗争 vi->vn
[2018-11-10 14:38:25]	独立 a->v
[2018-11-10 14:38:25]	自力 n->nr
[2018-11-10 14:38:25]	渡 ng->v
[2018-11-10 14:38:25]	端 ng->v
[2018-11-10 14:38:25]	端正 a->v
[2018-11-10 14:38:25]	断 d->v
[2018-11-10 14:38:25]	对仗 n->nz
[2018-11-10 14:38:25]	多 a->m
[2018-11-10 14:38:25]	饿 a->v
[2018-11-10 14:38:25]	发 ng->v
[2018-11-10 14:38:25]	带头 vd->vi
[2018-11-10 14:38:25]	发糕 n->gms
[2018-11-10 14:38:25]	施展 nr->v
[2018-11-10 14:38:25]	发烧 b->vi
[2018-11-10 14:38:25]	无力 a->vi
[2018-11-10 14:38:25]	法 b->n
[2018-11-10 14:38:25]	庭审 n->v
[2018-11-10 14:38:25]	帆船 n->gjtgj
[2018-11-10 14:38:25]	繁荣 a->an
[2018-11-10 14:38:25]	重复 a->v
[2018-11-10 14:38:25]	来回 d->vi
[2018-11-10 14:38:25]	反面 b->n
[2018-11-10 14:38:25]	反应 n->vi
[2018-11-10 14:38:25]	犯罪 vi->vn
[2018-11-10 14:38:25]	范 ng->nr1
[2018-11-10 14:38:25]	方 a->d
[2018-11-10 14:38:25]	方便面 n->gms
[2018-11-10 14:38:25]	防汛 vi->vn
[2018-11-10 14:38:25]	飞机 n->gjtgj
[2018-11-10 14:38:25]	肥 a->n
[2018-11-10 14:38:25]	分布 vd->vi
[2018-11-10 14:38:25]	分离 vd->vi
[2018-11-10 14:38:25]	分米 q->qt
[2018-11-10 14:38:25]	生气 a->n
[2018-11-10 14:38:25]	风光 a->n
[2018-11-10 14:38:25]	封 ng->v
[2018-11-10 14:38:25]	冯 m->nr1
[2018-11-10 14:38:25]	抚恤 vi->vn
[2018-11-10 14:38:25]	远望 nz->v
[2018-11-10 14:38:25]	腐败 a->an
[2018-11-10 14:38:25]	负责 a->v
[2018-11-10 14:38:25]	中兴 ns->nz
[2018-11-10 14:38:25]	副词 n->nz
[2018-11-10 14:38:25]	付 q->v
[2018-11-10 14:38:25]	次要 b->bl
[2018-11-10 14:38:25]	富 a->vg
[2018-11-10 14:38:25]	富有 a->v
[2018-11-10 14:38:25]	富余 a->vn
[2018-11-10 14:38:25]	盖 d->v
[2018-11-10 14:38:25]	扣 ng->v
[2018-11-10 14:38:25]	干 a->v
[2018-11-10 14:38:25]	甘 ad->ag
[2018-11-10 14:38:25]	感动 a->v
[2018-11-10 14:38:25]	感冒 n->vi
[2018-11-10 14:38:25]	不久 d->m
[2018-11-10 14:38:25]	方才 d->nr
[2018-11-10 14:38:25]	高贵 a->nr
[2018-11-10 14:38:25]	年老 a->vi
[2018-11-10 14:38:25]	革命 a->vn
[2018-11-10 14:38:25]	解 ng->v
[2018-11-10 14:38:25]	根据 n->p
[2018-11-10 14:38:25]	据 ng->p
[2018-11-10 14:38:25]	跟随 p->v
[2018-11-10 14:38:25]	随着 d->p
[2018-11-10 14:38:25]	更年期 n->t
[2018-11-10 14:38:25]	工作 n->vn
[2018-11-10 14:38:25]	公开 a->v
[2018-11-10 14:38:25]	巩固 a->v
[2018-11-10 14:38:25]	共产党 n->nz
[2018-11-10 14:38:25]	奉献 n->v
[2018-11-10 14:38:25]	够 a->v
[2018-11-10 14:38:25]	孤立 a->v
[2018-11-10 14:38:25]	孤僻 a->an
[2018-11-10 14:38:25]	鼓 a->v
[2018-11-10 14:38:25]	彭 m->nr1
[2018-11-10 14:38:25]	鼓舞 a->v
[2018-11-10 14:38:25]	固定 a->v
[2018-11-10 14:38:25]	稳定 a->an
[2018-11-10 14:38:25]	传奇 a->n
[2018-11-10 14:38:25]	故意 b->d
[2018-11-10 14:38:25]	有意 d->vi
[2018-11-10 14:38:25]	成心 d->v
[2018-11-10 14:38:25]	顾 ng->v
[2018-11-10 14:38:25]	挂 q->v
[2018-11-10 14:38:25]	关切 a->v
[2018-11-10 14:38:25]	论断 n->vn
[2018-11-10 14:38:25]	臣 n->ng
[2018-11-10 14:38:25]	管理 v->vn
[2018-11-10 14:38:25]	管制 v->vn
[2018-11-10 14:38:25]	光明 a->n
[2018-11-10 14:38:25]	亮 a->vi
[2018-11-10 14:38:25]	归结 n->vi
[2018-11-10 14:38:25]	鬼 a->n
[2018-11-10 14:38:25]	邪 a->ag
[2018-11-10 14:38:25]	滚 ng->vi
[2018-11-10 14:38:25]	国庆 n->t
[2018-11-10 14:38:25]	干脆 a->d
[2018-11-10 14:38:25]	断然 b->d
[2018-11-10 14:38:25]	果然 c->d
[2018-11-10 14:38:25]	果真 c->d
[2018-11-10 14:38:25]	过期 vd->vi
[2018-11-10 14:38:25]	海口 n->ns
[2018-11-10 14:38:25]	琼 b->nr1
[2018-11-10 14:38:25]	叫 n->vi
[2018-11-10 14:38:25]	汉堡包 n->gms
[2018-11-10 14:38:25]	数码 b->n
[2018-11-10 14:38:25]	合资 b->vi
[2018-11-10 14:38:25]	集资 vd->vi
[2018-11-10 14:38:25]	合伙 vd->vi
[2018-11-10 14:38:25]	合股 vd->vi
[2018-11-10 14:38:25]	和 ag->cc
[2018-11-10 14:38:25]	集合 n->v
[2018-11-10 14:38:25]	与 cc->p
[2018-11-10 14:38:25]	同 cc->p
[2018-11-10 14:38:25]	并 cc->d
[2018-11-10 14:38:25]	狠 a->d
[2018-11-10 14:38:25]	狠心 a->an
[2018-11-10 14:38:25]	横 a->v
[2018-11-10 14:38:25]	哄 o->v
[2018-11-10 14:38:25]	后期 f->t
[2018-11-10 14:38:25]	胡 d->nr1
[2018-11-10 14:38:25]	湖 b->n
[2018-11-10 14:38:25]	迷惑 a->v
[2018-11-10 14:38:25]	依稀 a->d
[2018-11-10 14:38:25]	互相 b->d
[2018-11-10 14:38:25]	花 a->n
[2018-11-10 14:38:25]	花卷 n->gms
[2018-11-10 14:38:25]	滑冰 n->vn
[2018-11-10 14:38:25]	滑雪 vi->vn
[2018-11-10 14:38:25]	化验 n->v
[2018-11-10 14:38:25]	打扮 n->v
[2018-11-10 14:38:25]	还账 v->vi
[2018-11-10 14:38:25]	涣散 a->v
[2018-11-10 14:38:25]	怪诞 a->an
[2018-11-10 14:38:25]	黄色 b->n
[2018-11-10 14:38:25]	回头 d->vi
[2018-11-10 14:38:25]	会 n->v
[2018-11-10 14:38:25]	馄饨 n->gms
[2018-11-10 14:38:25]	活动 a->vn
[2018-11-10 14:38:25]	该死 vi->v
[2018-11-10 14:38:25]	活 a->n
[2018-11-10 14:38:25]	火车 n->gjtgj
[2018-11-10 14:38:25]	机械 a->n
[2018-11-10 14:38:25]	缉私 vi->vn
[2018-11-10 14:38:25]	狂热 a->an
[2018-11-10 14:38:25]	极端 a->n
[2018-11-10 14:38:25]	集邮 vi->vn
[2018-11-10 14:38:25]	集中 a->v
[2018-11-10 14:38:25]	挤 a->v
[2018-11-10 14:38:25]	运算 vi->vn
[2018-11-10 14:38:25]	记录 n->v
[2018-11-10 14:38:25]	记载 n->v
[2018-11-10 14:38:25]	纪念 n->v
[2018-11-10 14:38:25]	长项 n->nz
[2018-11-10 14:38:25]	加班 vd->vi
[2018-11-10 14:38:25]	夹 b->v
[2018-11-10 14:38:25]	家 k->n
[2018-11-10 14:38:25]	值 a->n
[2018-11-10 14:38:25]	尖端 b->n
[2018-11-10 14:38:25]	坚定 a->v
[2018-11-10 14:38:25]	监察 v->vn
[2018-11-10 14:38:25]	调查 n->v
[2018-11-10 14:38:25]	方便 a->v
[2018-11-10 14:38:25]	便利 a->an
[2018-11-10 14:38:25]	间接 a->b
[2018-11-10 14:38:25]	建设 n->vn
[2018-11-10 14:38:25]	健全 a->v
[2018-11-10 14:38:25]	讲究 a->v
[2018-11-10 14:38:25]	降价 vd->vi
[2018-11-10 14:38:25]	坦白 a->v
[2018-11-10 14:38:25]	灌 ng->v
[2018-11-10 14:38:25]	娇气 a->n
[2018-11-10 14:38:25]	骄傲 a->an
[2018-11-10 14:38:25]	饺子 n->gms
[2018-11-10 14:38:25]	教 ng->v
[2018-11-10 14:38:25]	教育 v->vn
[2018-11-10 14:38:25]	接力 n->vn
[2018-11-10 14:38:25]	结果 c->n
[2018-11-10 14:38:25]	结业 vd->vi
[2018-11-10 14:38:25]	解放 a->v
[2018-11-10 14:38:25]	解放战争 n->nz
[2018-11-10 14:38:25]	借 p->v
[2018-11-10 14:38:25]	租 ng->v
[2018-11-10 14:38:25]	借贷 n->v
[2018-11-10 14:38:25]	借条 n->nz
[2018-11-10 14:38:25]	金 b->ng
[2018-11-10 14:38:25]	尽力 d->vi
[2018-11-10 14:38:25]	全力 d->n
[2018-11-10 14:38:25]	尽心 a->v
[2018-11-10 14:38:25]	进步 a->vn
[2018-11-10 14:38:25]	临近 a->v
[2018-11-10 14:38:25]	经过 n->p
[2018-11-10 14:38:25]	经济 a->n
[2018-11-10 14:38:25]	经营 n->v
[2018-11-10 14:38:25]	精神 a->n
[2018-11-10 14:38:25]	感慨 a->v
[2018-11-10 14:38:25]	警惕 a->v
[2018-11-10 14:38:25]	敬业 a->vi
[2018-11-10 14:38:25]	就 c->d
[2018-11-10 14:38:25]	举 ag->v
[2018-11-10 14:38:25]	举重 n->vn
[2018-11-10 14:38:25]	行 a->vi
[2018-11-10 14:38:25]	锯 n->v
[2018-11-10 14:38:25]	卷 ng->v
[2018-11-10 14:38:25]	决定 n->v
[2018-11-10 14:38:25]	决赛 vi->vn
[2018-11-10 14:38:25]	决心 d->n
[2018-11-10 14:38:25]	开创 n->v
[2018-11-10 14:38:25]	开放 a->v
[2018-11-10 14:38:25]	开阔 a->v
[2018-11-10 14:38:25]	伊始 t->vi
[2018-11-10 14:38:25]	初叶 f->t
[2018-11-10 14:38:25]	初始 b->t
[2018-11-10 14:38:25]	初步 b->d
[2018-11-10 14:38:25]	看 u->v
[2018-11-10 14:38:25]	测验 v->vn
[2018-11-10 14:38:25]	考验 v->vn
[2018-11-10 14:38:25]	烤鸭 n->gms
[2018-11-10 14:38:25]	靠 ng->v
[2018-11-10 14:38:25]	科学 a->n
[2018-11-10 14:38:25]	可怜 a->v
[2018-11-10 14:38:25]	可惜 a->v
[2018-11-10 14:38:25]	可以 a->v
[2018-11-10 14:38:25]	能 d->v
[2018-11-10 14:38:25]	克 b->vg
[2018-11-10 14:38:25]	客观 a->n
[2018-11-10 14:38:25]	买家 n->nz
[2018-11-10 14:38:25]	肯定 a->v
[2018-11-10 14:38:25]	空 a->v
[2018-11-10 14:38:25]	口 f->n
[2018-11-10 14:38:25]	苦 a->an
[2018-11-10 14:38:25]	苦涩 a->an
[2018-11-10 14:38:25]	苦闷 a->an
[2018-11-10 14:38:25]	迷茫 a->an
[2018-11-10 14:38:25]	苦恼 a->an
[2018-11-10 14:38:25]	迷惘 a->an
[2018-11-10 14:38:25]	夸张 n->vi
[2018-11-10 14:38:25]	跨 ng->v
[2018-11-10 14:38:25]	越 b->d
[2018-11-10 14:38:25]	匡 nr1->vg
[2018-11-10 14:38:25]	捆 ng->v
[2018-11-10 14:38:25]	困惑 a->an
[2018-11-10 14:38:25]	疑惑 an->v
[2018-11-10 14:38:25]	困难 a->an
[2018-11-10 14:38:25]	拉 b->v
[2018-11-10 14:38:25]	腊八粥 n->gms
[2018-11-10 14:38:25]	来 f->vf
[2018-11-10 14:38:25]	天车 n->nz
[2018-11-10 14:38:25]	懈怠 a->an
[2018-11-10 14:38:25]	劳动 vi->vn
[2018-11-10 14:38:25]	坚韧 a->an
[2018-11-10 14:38:25]	铭刻 n->v
[2018-11-10 14:38:25]	铭记 n->v
[2018-11-10 14:38:25]	东家 n->nz
[2018-11-10 14:38:25]	了 ule->y
[2018-11-10 14:38:25]	累 a->v
[2018-11-10 14:38:25]	疲劳 a->an
[2018-11-10 14:38:25]	困倦 a->an
[2018-11-10 14:38:25]	倦怠 a->an
[2018-11-10 14:38:25]	礼貌 a->an
[2018-11-10 14:38:25]	李 ng->nr1
[2018-11-10 14:38:25]	理想 a->n
[2018-11-10 14:38:25]	理性 b->n
[2018-11-10 14:38:25]	连 d->n
[2018-11-10 14:38:25]	盟 n->ng
[2018-11-10 14:38:25]	联系 n->v
[2018-11-10 14:38:25]	练习 n->v
[2018-11-10 14:38:25]	辽 b->tg
[2018-11-10 14:38:25]	劣 a->ag
[2018-11-10 14:38:25]	林 n->ng
[2018-11-10 14:38:25]	小气 a->ad
[2018-11-10 14:38:25]	零售 v->vn
[2018-11-10 14:38:25]	另外 c->rz
[2018-11-10 14:38:25]	小产 v->vi
[2018-11-10 14:38:25]	流行 a->v
[2018-11-10 14:38:25]	柳 n->ng
[2018-11-10 14:38:25]	漏 ng->v
[2018-11-10 14:38:25]	滴 q->v
[2018-11-10 14:38:25]	露 ng->v
[2018-11-10 14:38:25]	旅游 vi->vn
[2018-11-10 14:38:25]	动感 b->n
[2018-11-10 14:38:25]	乱 a->d
[2018-11-10 14:38:25]	轮班 vd->vn
[2018-11-10 14:38:25]	转 ng->v
[2018-11-10 14:38:25]	麻 a->n
[2018-11-10 14:38:25]	麻烦 a->an
[2018-11-10 14:38:25]	烦恼 a->an
[2018-11-10 14:38:25]	马 b->n
[2018-11-10 14:38:25]	馒头 n->gms
[2018-11-10 14:38:25]	满 a->v
[2018-11-10 14:38:25]	满足 a->v
[2018-11-10 14:38:25]	忙 a->v
[2018-11-10 14:38:25]	蒙 b->vi
[2018-11-10 14:38:25]	毛 a->nr1
[2018-11-10 14:38:25]	矛盾 a->an
[2018-11-10 14:38:25]	冒险 vd->vi
[2018-11-10 14:38:25]	贸易 v->vn
[2018-11-10 14:38:25]	没有 d->v
[2018-11-10 14:38:25]	无 d->v
[2018-11-10 14:38:25]	美 a->b
[2018-11-10 14:38:25]	住院 vd->vi
[2018-11-10 14:38:25]	耳语 n->vi
[2018-11-10 14:38:25]	秘密 a->n
[2018-11-10 14:38:25]	机密 a->n
[2018-11-10 14:38:25]	免费 vd->vi
[2018-11-10 14:38:25]	勉强 a->v
[2018-11-10 14:38:25]	民主 a->an
[2018-11-10 14:38:25]	起名 vi->v
[2018-11-10 14:38:25]	模范 a->n
[2018-11-10 14:38:25]	模拟 b->v
[2018-11-10 14:38:25]	磨 n->v
[2018-11-10 14:38:25]	生分 a->ad
[2018-11-10 14:38:25]	墨 b->n
[2018-11-10 14:38:25]	母 b->ng
[2018-11-10 14:38:25]	木 a->ng
[2018-11-10 14:38:25]	捐款 n->vi
[2018-11-10 14:38:25]	拿 p->v
[2018-11-10 14:38:25]	上税 v->vi
[2018-11-10 14:38:25]	委屈 a->v
[2018-11-10 14:38:25]	悲痛 a->an
[2018-11-10 14:38:25]	内蒙古自治区 ns->nz
[2018-11-10 14:38:25]	倪 x->n
[2018-11-10 14:38:25]	拟人 n->nz
[2018-11-10 14:38:25]	年 n->qt
[2018-11-10 14:38:25]	年岁 n->nl
[2018-11-10 14:38:25]	年事 n->nl
[2018-11-10 14:38:25]	凝眸 vd->vi
[2018-11-10 14:38:25]	牛 ag->n
[2018-11-10 14:38:25]	努力 a->an
[2018-11-10 14:38:25]	暖 a->v
[2018-11-10 14:38:25]	温暖 a->an
[2018-11-10 14:38:25]	温热 a->an
[2018-11-10 14:38:25]	和暖 a->an
[2018-11-10 14:38:25]	偶尔 b->d
[2018-11-10 14:38:25]	扑 o->v
[2018-11-10 14:38:25]	攀 b->v
[2018-11-10 14:38:25]	拍 ng->v
[2018-11-10 14:38:25]	排 n->v
[2018-11-10 14:38:25]	排队 n->vi
[2018-11-10 14:38:25]	派出所 n->gms
[2018-11-10 14:38:25]	派遣 v->gms
[2018-11-10 14:38:25]	派出 v->gms
[2018-11-10 14:38:25]	判断 n->v
[2018-11-10 14:38:25]	抛 nr1->v
[2018-11-10 14:38:25]	配套 a->v
[2018-11-10 14:38:25]	烹饪 n->vi
[2018-11-10 14:38:25]	相知 n->v
[2018-11-10 14:38:25]	捧 q->v
[2018-11-10 14:38:25]	批发 v->vn
[2018-11-10 14:38:25]	偏 a->d
[2018-11-10 14:38:25]	单方面 b->n
[2018-11-10 14:38:25]	飘 a->v
[2018-11-10 14:38:25]	撇 q->v
[2018-11-10 14:38:25]	应邀 vd->vi
[2018-11-10 14:38:25]	平 a->v
[2018-11-10 14:38:25]	通常 b->d
[2018-11-10 14:38:25]	破 a->v
[2018-11-10 14:38:25]	铺 n->v
[2018-11-10 14:38:25]	普及 a->v
[2018-11-10 14:38:25]	遍地 vd->vi
[2018-11-10 14:38:25]	限期 n->vi
[2018-11-10 14:38:25]	奇怪 a->v
[2018-11-10 14:38:25]	祷告 v->vn
[2018-11-10 14:38:25]	辗转 vd->vi
[2018-11-10 14:38:25]	蜿蜒 v->z
[2018-11-10 14:38:25]	启示 v->vn
[2018-11-10 14:38:25]	矜持 a->an
[2018-11-10 14:38:25]	署名 n->vi
[2018-11-10 14:38:25]	签名 n->vi
[2018-11-10 14:38:25]	前天 n->t
[2018-11-10 14:38:25]	壮 a->v
[2018-11-10 14:38:25]	争 ng->v
[2018-11-10 14:38:25]	乔木 n->nr
[2018-11-10 14:38:25]	切 ag->v
[2018-11-10 14:38:25]	亲近 a->v
[2018-11-10 14:38:25]	明确 a->v
[2018-11-10 14:38:25]	纯洁 a->v
[2018-11-10 14:38:25]	清明 a->t
[2018-11-10 14:38:25]	晴 an->vi
[2018-11-10 14:38:25]	让 p->v
[2018-11-10 14:38:25]	祝 ng->v
[2018-11-10 14:38:25]	贺 ng->vg
[2018-11-10 14:38:25]	秋 ng->tg
[2018-11-10 14:38:25]	求 ng->v
[2018-11-10 14:38:25]	曲 ag->n
[2018-11-10 14:38:25]	出 q->vf
[2018-11-10 14:38:25]	泉 n->ng
[2018-11-10 14:38:25]	缺 n->v
[2018-11-10 14:38:25]	欠缺 a->vi
[2018-11-10 14:38:25]	火 a->n
[2018-11-10 14:38:25]	夏 ng->tg
[2018-11-10 14:38:25]	热情 a->an
[2018-11-10 14:38:25]	热气球 n->gjtgj
[2018-11-10 14:38:25]	热心 a->v
[2018-11-10 14:38:25]	热忱 a->an
[2018-11-10 14:38:25]	热诚 a->an
[2018-11-10 14:38:25]	委任 n->v
[2018-11-10 14:38:25]	依旧 d->z
[2018-11-10 14:38:25]	照旧 d->v
[2018-11-10 14:38:25]	肉 a->n
[2018-11-10 14:38:25]	肉 a->gms
[2018-11-10 14:38:25]	撒 n->v
[2018-11-10 14:38:25]	塞 b->v
[2018-11-10 14:38:25]	堵 a->v
[2018-11-10 14:38:25]	信步 vd->vi
[2018-11-10 14:38:25]	土 a->n
[2018-11-10 14:38:25]	上 b->f
[2018-11-10 14:38:25]	设计 n->v
[2018-11-10 14:38:25]	摄像 n->vi
[2018-11-10 14:38:25]	申请 n->v
[2018-11-10 14:38:25]	全身 b->n
[2018-11-10 14:38:25]	体 k->ng
[2018-11-10 14:38:25]	身段 n->nz
[2018-11-10 14:38:25]	深入 a->v
[2018-11-10 14:38:25]	深度 ad->n
[2018-11-10 14:38:25]	神气 a->n
[2018-11-10 14:38:25]	升 q->v
[2018-11-10 14:38:25]	增值 n->vi
[2018-11-10 14:38:25]	生 a->v
[2018-11-10 14:38:25]	生产 n->v
[2018-11-10 14:38:25]	出产 n->v
[2018-11-10 14:38:25]	生活 vi->vn
[2018-11-10 14:38:25]	胜利 ad->vi
[2018-11-10 14:38:25]	失落 a->v
[2018-11-10 14:38:25]	狮 n->ng
[2018-11-10 14:38:25]	滋润 a->v
[2018-11-10 14:38:25]	温润 a->an
[2018-11-10 14:38:25]	石 b->ng
[2018-11-10 14:38:25]	时刻 d->n
[2018-11-10 14:38:25]	实践 n->v
[2018-11-10 14:38:25]	实质 a->n
[2018-11-10 14:38:25]	示范 vi->vn
[2018-11-10 14:38:25]	凡间 s->n
[2018-11-10 14:38:25]	是 ng->vshi
[2018-11-10 14:38:25]	便是 v->vd
[2018-11-10 14:38:25]	是否 d->v
[2018-11-10 14:38:25]	释迦牟尼 n->nrf
[2018-11-10 14:38:25]	收条 n->nz
[2018-11-10 14:38:25]	手 k->n
[2018-11-10 14:38:25]	手工 d->n
[2018-11-10 14:38:25]	守法 vd->vi
[2018-11-10 14:38:25]	首创 nz->v
[2018-11-10 14:38:25]	首先 c->d
[2018-11-10 14:38:25]	初 d->f
[2018-11-10 14:38:25]	最初 b->d
[2018-11-10 14:38:25]	禁不起 v->vd
[2018-11-10 14:38:25]	本 d->rz
[2018-11-10 14:38:25]	册 ng->q
[2018-11-10 14:38:25]	书册 n->nl
[2018-11-10 14:38:25]	疏松 a->vn
[2018-11-10 14:38:25]	熟悉 a->v
[2018-11-10 14:38:25]	属实 a->v
[2018-11-10 14:38:25]	鼠 n->ng
[2018-11-10 14:38:25]	竖 n->v
[2018-11-10 14:38:25]	刷 o->v
[2018-11-10 14:38:25]	帅 ng->nr1
[2018-11-10 14:38:25]	水笔 n->nz
[2018-11-10 14:38:25]	说 ng->v
[2018-11-10 14:38:25]	讲 ng->v
[2018-11-10 14:38:25]	司 n->ng
[2018-11-10 14:38:25]	松 a->v
[2018-11-10 14:38:25]	松懈 a->v
[2018-11-10 14:38:25]	宋 nr1->tg
[2018-11-10 14:38:25]	孙 n->nr1
[2018-11-10 14:38:25]	孙子 n->nr
[2018-11-10 14:38:25]	锁 n->v
[2018-11-10 14:38:25]	塔 b->n
[2018-11-10 14:38:25]	贪吃 an->v
[2018-11-10 14:38:25]	贪心 a->v
[2018-11-10 14:38:25]	弹 ng->v
[2018-11-10 14:38:25]	烫 a->v
[2018-11-10 14:38:25]	特别 a->d
[2018-11-10 14:38:25]	希罕 a->v
[2018-11-10 14:38:25]	疼痛 a->an
[2018-11-10 14:38:25]	挑剔 a->v
[2018-11-10 14:38:25]	提成 n->vi
[2018-11-10 14:38:25]	提议 n->v
[2018-11-10 14:38:25]	田野 n->nr
[2018-11-10 14:38:25]	唐 b->tg
[2018-11-10 14:38:25]	甘甜 a->an
[2018-11-10 14:38:25]	担 ng->v
[2018-11-10 14:38:25]	调控 v->vn
[2018-11-10 14:38:25]	跳 q->vi
[2018-11-10 14:38:25]	跳水 vi->vn
[2018-11-10 14:38:25]	跳远 vi->vn
[2018-11-10 14:38:25]	听 q->v
[2018-11-10 14:38:25]	通信 vi->vn
[2018-11-10 14:38:25]	同时 c->n
[2018-11-10 14:38:25]	同期 d->f
[2018-11-10 14:38:25]	统一 a->v
[2018-11-10 14:38:25]	痛苦 a->an
[2018-11-10 14:38:25]	头 k->n
[2018-11-10 14:38:25]	投资 n->v
[2018-11-10 14:38:25]	投入 a->v
[2018-11-10 14:38:25]	突出 a->v
[2018-11-10 14:38:25]	团结 a->v
[2018-11-10 14:38:25]	托 ng->v
[2018-11-10 14:38:25]	歪 a->v
[2018-11-10 14:38:25]	倾斜 vd->vi
[2018-11-10 14:38:25]	斜 a->v
[2018-11-10 14:38:25]	弯 a->v
[2018-11-10 14:38:25]	完善 a->v
[2018-11-10 14:38:25]	玩 ng->v
[2018-11-10 14:38:25]	夜晚 n->t
[2018-11-10 14:38:25]	夜间 f->t
[2018-11-10 14:38:25]	万 d->m
[2018-11-10 14:38:25]	万一 c->d
[2018-11-10 14:38:25]	联网 vd->vi
[2018-11-10 14:38:25]	望 ng->v
[2018-11-10 14:38:25]	无益 a->vi
[2018-11-10 14:38:25]	危险 a->an
[2018-11-10 14:38:25]	威风 a->an
[2018-11-10 14:38:25]	霸气 an->n
[2018-11-10 14:38:25]	微 a->nz
[2018-11-10 14:38:25]	违法 vd->vi
[2018-11-10 14:38:25]	相反 d->vi
[2018-11-10 14:38:25]	浩瀚 a->z
[2018-11-10 14:38:25]	卫生 a->an
[2018-11-10 14:38:25]	位 ng->q
[2018-11-10 14:38:25]	喂 e->v
[2018-11-10 14:38:25]	问候 v->vn
[2018-11-10 14:38:25]	温和 a->nr
[2018-11-10 14:38:25]	刻薄 a->an
[2018-11-10 14:38:25]	文明 a->n
[2018-11-10 14:38:25]	闻 ng->v
[2018-11-10 14:38:25]	问 ng->v
[2018-11-10 14:38:25]	咨询 v->vn
[2018-11-10 14:38:25]	无轨电车 nl->gjtgj
[2018-11-10 14:38:25]	无限 a->vi
[2018-11-10 14:38:25]	无穷 d->z
[2018-11-10 14:38:25]	时价 n->nl
[2018-11-10 14:38:25]	东西 f->n
[2018-11-10 14:38:25]	误工 vi->vn
[2018-11-10 14:38:25]	西 b->f
[2018-11-10 14:38:25]	希望 n->v
[2018-11-10 14:38:25]	就义 vi->v
[2018-11-10 14:38:25]	舍身 d->v
[2018-11-10 14:38:25]	习 ng->vg
[2018-11-10 14:38:25]	系统 a->n
[2018-11-10 14:38:25]	地 n->nz
[2018-11-10 14:38:25]	先后 d->ad
[2018-11-10 14:38:25]	娇艳 a->an
[2018-11-10 14:38:25]	现代 n->t
[2018-11-10 14:38:25]	现实 a->n
[2018-11-10 14:38:25]	相当 d->vi
[2018-11-10 14:38:25]	等同 vd->vi
[2018-11-10 14:38:25]	同样 b->d
[2018-11-10 14:38:25]	香 a->n
[2018-11-10 14:38:25]	想像 v->vd
[2018-11-10 14:38:25]	向 dg->p
[2018-11-10 14:38:25]	朝 b->p
[2018-11-10 14:38:25]	象 n->ng
[2018-11-10 14:38:25]	像 d->v
[2018-11-10 14:38:25]	仿佛 d->v
[2018-11-10 14:38:25]	似 d->vg
[2018-11-10 14:38:25]	飘逸 a->v
[2018-11-10 14:38:25]	童 b->ng
[2018-11-10 14:38:25]	小寒 t->nz
[2018-11-10 14:38:25]	小满 t->nz
[2018-11-10 14:38:25]	小雪 n->nr
[2018-11-10 14:38:25]	艰辛 a->an
[2018-11-10 14:38:25]	辛酸 a->an
[2018-11-10 14:38:25]	新词 n->nl
[2018-11-10 14:38:25]	信 ag->n
[2018-11-10 14:38:25]	信用 a->n
[2018-11-10 14:38:25]	兴奋 a->v
[2018-11-10 14:38:25]	成 a->v
[2018-11-10 14:38:25]	形象 a->n
[2018-11-10 14:38:25]	醒 ng->v
[2018-11-10 14:38:25]	幸福 a->happ
[2018-11-10 14:38:25]	性 k->ng
[2018-11-10 14:38:25]	姓 n->v
[2018-11-10 14:38:25]	名 ag->q
[2018-11-10 14:38:25]	邪恶 a->an
[2018-11-10 14:38:25]	胸 n->ng
[2018-11-10 14:38:25]	公 ad->ng
[2018-11-10 14:38:25]	休假 n->vi
[2018-11-10 14:38:25]	虚伪 a->an
[2018-11-10 14:38:25]	徐 ag->nr1
[2018-11-10 14:38:25]	许 dg->m
[2018-11-10 14:38:25]	学龄 b->n
[2018-11-10 14:38:25]	压抑 a->v
[2018-11-10 14:38:25]	鸭 n->ng
[2018-11-10 14:38:25]	延长 ns->v
[2018-11-10 14:38:25]	延期 vd->vi
[2018-11-10 14:38:25]	缓期 vd->vi
[2018-11-10 14:38:25]	严正 a->nr
[2018-11-10 14:38:25]	高温 an->n
[2018-11-10 14:38:25]	火热 a->z
[2018-11-10 14:38:25]	研究 n->v
[2018-11-10 14:38:25]	演习 v->vn
[2018-11-10 14:38:25]	杨 ng->nr1
[2018-11-10 14:38:25]	阳性 b->n
[2018-11-10 14:38:25]	仰泳 vi->vn
[2018-11-10 14:38:25]	也 b->d
[2018-11-10 14:38:25]	进行 vn->vx
[2018-11-10 14:38:25]	布 b->n
[2018-11-10 14:38:25]	穿戴 n->v
[2018-11-10 14:38:25]	依靠 n->v
[2018-11-10 14:38:25]	移动 v->vn
[2018-11-10 14:38:25]	遗传 n->vn
[2018-11-10 14:38:25]	遗憾 a->sorr
[2018-11-10 14:38:25]	遗存 vi->vn
[2018-11-10 14:38:25]	往时 t->tg
[2018-11-10 14:38:25]	义务 d->n
[2018-11-10 14:38:25]	艺术 a->n
[2018-11-10 14:38:25]	意旨 n->nl
[2018-11-10 14:38:25]	因为 c->p
[2018-11-10 14:38:25]	由于 c->p
[2018-11-10 14:38:25]	银 b->ng
[2018-11-10 14:38:25]	引 ng->v
[2018-11-10 14:38:25]	隐蔽 a->v
[2018-11-10 14:38:25]	隐秘 a->n
[2018-11-10 14:38:25]	印染 v->vn
[2018-11-10 14:38:25]	印 b->v
[2018-11-10 14:38:25]	图章 n->nz
[2018-11-10 14:38:25]	应当 d->v
[2018-11-10 14:38:25]	俊杰 n->nr
[2018-11-10 14:38:25]	影响 n->v
[2018-11-10 14:38:25]	拥挤 a->vi
[2018-11-10 14:38:25]	勇于 d->v
[2018-11-10 14:38:25]	骁勇 a->an
[2018-11-10 14:38:25]	用 ng->p
[2018-11-10 14:38:25]	以 b->p
[2018-11-10 14:38:25]	优胜 a->vi
[2018-11-10 14:38:25]	优先 ad->v
[2018-11-10 14:38:25]	悠远 an->z
[2018-11-10 14:38:25]	油条 n->gms
[2018-11-10 14:38:25]	友善 a->nr
[2018-11-10 14:38:25]	又 c->d
[2018-11-10 14:38:25]	右 a->f
[2018-11-10 14:38:25]	于 ng->p
[2018-11-10 14:38:25]	初赛 n->vi
[2018-11-10 14:38:25]	预言 n->v
[2018-11-10 14:38:25]	冤枉 a->v
[2018-11-10 14:38:25]	原来 b->d
[2018-11-10 14:38:25]	原本 d->n
[2018-11-10 14:38:25]	原则 d->n
[2018-11-10 14:38:25]	圆 a->vg
[2018-11-10 14:38:25]	约会 n->vi
[2018-11-10 14:38:25]	局限 n->vi
[2018-11-10 14:38:25]	云 b->n
[2018-11-10 14:38:25]	正好 z->tg
[2018-11-10 14:38:25]	在 d->p
[2018-11-10 14:38:25]	当 ng->p
[2018-11-10 14:38:25]	暂时 b->d
[2018-11-10 14:38:25]	眼前 s->t
[2018-11-10 14:38:25]	负债 n->vi
[2018-11-10 14:38:25]	站 n->vi
[2018-11-10 14:38:25]	把握 n->v
[2018-11-10 14:38:25]	左右 f->m
[2018-11-10 14:38:25]	折价 vd->vi
[2018-11-10 14:38:25]	真 a->d
[2018-11-10 14:38:25]	实际 a->n
[2018-11-10 14:38:25]	真心 ad->n
[2018-11-10 14:38:25]	衷心 b->d
[2018-11-10 14:38:25]	振动 vi->vn
[2018-11-10 14:38:25]	颠簸 vd->vi
[2018-11-10 14:38:25]	振荡 vi->vn
[2018-11-10 14:38:25]	争议 n->vn
[2018-11-10 14:38:25]	整体 m->n
[2018-11-10 14:38:25]	正 a->d
[2018-11-10 14:38:25]	正面 a->n
[2018-11-10 14:38:25]	正理 n->nl
[2018-11-10 14:38:25]	证明 n->v
[2018-11-10 14:38:25]	对证 vn->n
[2018-11-10 14:38:25]	对照 p->v
[2018-11-10 14:38:25]	说明 n->v
[2018-11-10 14:38:25]	消费 n->vn
[2018-11-10 14:38:25]	明白 a->v
[2018-11-10 14:38:25]	了然 a->v
[2018-11-10 14:38:25]	知 ag->v
[2018-11-10 14:38:25]	直 a->d
[2018-11-10 14:38:25]	直线 d->n
[2018-11-10 14:38:25]	张 ng->q
[2018-11-10 14:38:25]	指挥 n->v
[2018-11-10 14:38:25]	指导 n->v
[2018-11-10 14:38:25]	中档 b->nl
[2018-11-10 14:38:25]	中国 ns->nz
[2018-11-10 14:38:25]	华夏 n->nz
[2018-11-10 14:38:25]	中央 f->n
[2018-11-10 14:38:25]	忠诚 a->v
[2018-11-10 14:38:25]	种 ng->v
[2018-11-10 14:38:25]	重 a->v
[2018-11-10 14:38:25]	关键 a->n
[2018-11-10 14:38:25]	重视 a->v
[2018-11-10 14:38:25]	周 ag->nr1
[2018-11-10 14:38:25]	昼夜 d->n
[2018-11-10 14:38:25]	皱 n->v
[2018-11-10 14:38:25]	朱 ag->nr1
[2018-11-10 14:38:25]	竹 n->ng
[2018-11-10 14:38:25]	主观 a->n
[2018-11-10 14:38:25]	主演 n->v
[2018-11-10 14:38:25]	助理 b->n
[2018-11-10 14:38:25]	大名鼎鼎 al->vl
[2018-11-10 14:38:25]	专门 b->d
[2018-11-10 14:38:25]	专注 a->vi
[2018-11-10 14:38:25]	埋头 vd->vi
[2018-11-10 14:38:25]	专业 a->n
[2018-11-10 14:38:25]	拐弯 n->vi
[2018-11-10 14:38:25]	华美 a->nz
[2018-11-10 14:38:25]	台 b->n
[2018-11-10 14:38:25]	我方 r->n
[2018-11-10 14:38:25]	自强 vd->vi
[2018-11-10 14:38:25]	自主 vd->vi
[2018-11-10 14:38:25]	自然 a->n
[2018-11-10 14:38:25]	自信 a->v
[2018-11-10 14:38:25]	自修 v->vl
[2018-11-10 14:38:25]	综合 a->vn
[2018-11-10 14:38:25]	总结 n->v
[2018-11-10 14:38:25]	纵横 n->v
[2018-11-10 14:38:25]	走私 b->v
[2018-11-10 14:38:25]	构成 n->v
[2018-11-10 14:38:25]	太 a->d
[2018-11-10 14:38:25]	到底 d->vi
[2018-11-10 14:38:25]	孝顺 a->v
[2018-11-10 14:38:25]	遵照 p->v
[2018-11-10 14:38:25]	作 ng->v
[2018-11-10 14:38:25]	零 a->m
[2018-11-10 14:38:25]	一 d->m
[2018-11-10 14:38:25]	九 b->m
[2018-11-10 14:38:25]	低价 ad->n
[2018-11-10 14:38:25]	火车站 n->gjtgj
[2018-11-10 14:38:25]	小时候 n->t
[2018-11-10 14:38:25]	综合性 b->n
[2018-11-10 14:38:25]	高价 d->n
[2018-11-10 14:38:25]	中考 n->v
[2018-11-10 14:38:25]	无效 a->vi
[2018-11-10 14:38:25]	爱人 n->nz
[2018-11-10 14:38:25]	把手 n->nz
[2018-11-10 14:38:25]	人为 b->d
[2018-11-10 14:38:25]	靠山 n->nz
[2018-11-10 14:38:25]	他人 rr->r
[2018-11-10 14:38:25]	不结盟 vi->vn
[2018-11-10 14:38:25]	不是 c->n
[2018-11-10 14:38:25]	不行 a->v
[2018-11-10 14:38:25]	不能 v->vi
[2018-11-10 14:38:25]	不会 v->vi
[2018-11-10 14:38:25]	车号 n->nz
[2018-11-10 14:38:25]	同党 n->nz
[2018-11-10 14:38:25]	上流 b->n
[2018-11-10 14:38:25]	出血 vi->v
[2018-11-10 14:38:25]	打的 v->vi
[2018-11-10 14:38:25]	除法 n->nz
[2018-11-10 14:38:25]	从中 d->n
[2018-11-10 14:38:25]	从宽 d->v
[2018-11-10 14:38:25]	从重 d->v
[2018-11-10 14:38:25]	搭建 v->vd
[2018-11-10 14:38:25]	各人 rr->r
[2018-11-10 14:38:25]	中选 vi->v
[2018-11-10 14:38:25]	各处 rzs->r
[2018-11-10 14:38:25]	四处 d->vi
[2018-11-10 14:38:25]	大路 n->nz
[2018-11-10 14:38:25]	拨打 v->vd
[2018-11-10 14:38:25]	大跌 v->vn
[2018-11-10 14:38:25]	会话 v->vn
[2018-11-10 14:38:25]	对应 vi->v
[2018-11-10 14:38:25]	有余 m->v
[2018-11-10 14:38:25]	要领 n->nz
[2018-11-10 14:38:25]	下学 v->vd
[2018-11-10 14:38:25]	分号 n->nz
[2018-11-10 14:38:25]	不合 v->n
[2018-11-10 14:38:25]	高等 b->a
[2018-11-10 14:38:25]	老大 a->n
[2018-11-10 14:38:25]	还给 v->vd
[2018-11-10 14:38:25]	对等 vi->vn
[2018-11-10 14:38:25]	有心 v->vd
[2018-11-10 14:38:25]	说法 n->nz
[2018-11-10 14:38:25]	真的 a->d
[2018-11-10 14:38:25]	大喊 v->vd
[2018-11-10 14:38:25]	后天 n->t
[2018-11-10 14:38:25]	回家 vi->v
[2018-11-10 14:38:25]	总会 d->n
[2018-11-10 14:38:25]	好多 m->a
[2018-11-10 14:38:25]	才能 n->v
[2018-11-10 14:38:25]	大奖 n->nz
[2018-11-10 14:38:25]	自大 a->an
[2018-11-10 14:38:25]	无礼 a->ad
[2018-11-10 14:38:25]	自得 an->a
[2018-11-10 14:38:25]	开关 n->v
[2018-11-10 14:38:25]	看不起 v->vn
[2018-11-10 14:38:25]	看得起 v->vn
[2018-11-10 14:38:25]	完了 vi->n
[2018-11-10 14:38:25]	理事 n->nz
[2018-11-10 14:38:25]	一口气 d->n
[2018-11-10 14:38:25]	本心 n->nl
[2018-11-10 14:38:25]	论说 vn->vl
[2018-11-10 14:38:25]	中意 a->n
[2018-11-10 14:38:25]	没用 a->v
[2018-11-10 14:38:25]	天天 d->q
[2018-11-10 14:38:25]	秒钟 n->q
[2018-11-10 14:38:25]	他俩 r->n
[2018-11-10 14:38:25]	年间 f->n
[2018-11-10 14:38:25]	江米 n->nz
[2018-11-10 14:38:25]	省钱 a->v
[2018-11-10 14:38:25]	早起 vi->v
[2018-11-10 14:38:25]	开车 vi->v
[2018-11-10 14:38:25]	千米 q->qv
[2018-11-10 14:38:25]	签定 v->vn
[2018-11-10 14:38:25]	好天 n->nz
[2018-11-10 14:38:25]	日食 n->nz
[2018-11-10 14:38:25]	火烧 n->v
[2018-11-10 14:38:25]	就是 c->n
[2018-11-10 14:38:25]	是不是 v->vd
[2018-11-10 14:38:25]	手指 n->nz
[2018-11-10 14:38:25]	国都 d->n
[2018-11-10 14:38:25]	得手 a->v
[2018-11-10 14:38:25]	大小 n->nz
[2018-11-10 14:38:25]	了得 a->ad
[2018-11-10 14:38:25]	脱钩 vi->v
[2018-11-10 14:38:25]	问号 n->nz
[2018-11-10 14:38:25]	西藏自治区 ns->nz
[2018-11-10 14:38:25]	小便 v->vi
[2018-11-10 14:38:25]	好在 d->v
[2018-11-10 14:38:25]	双眼 n->nz
[2018-11-10 14:38:25]	一角 n->v
[2018-11-10 14:38:25]	一元 b->nz
[2018-11-10 14:38:25]	引号 n->nz
[2018-11-10 14:38:25]	有用 a->n
[2018-11-10 14:38:25]	像片 n->nz
[2018-11-10 14:38:25]	争抢 v->vd
[2018-11-10 14:38:25]	小我 n->nz
[2018-11-10 14:38:25]	文字 n->nz
[2018-11-10 14:38:25]	不好 a->n
[2018-11-10 14:38:25]	下雨 vi->v
[2018-11-10 14:38:25]	多功能 b->n
[2018-11-10 14:38:25]	从未 d->n
[2018-11-10 14:38:25]	南北 f->n
[2018-11-10 14:38:25]	从不 d->n
[2018-11-10 14:38:25]	干什么 r->v
[2018-11-10 14:38:25]	不准 v->n
[2018-11-10 14:38:25]	开门 vd->n
[2018-11-10 14:38:25]	睡着 v->vd
[2018-11-10 14:38:25]	呼吸 v->vi
[2018-11-10 14:38:25]	长达 v->vl
[2018-11-10 14:38:25]	首次 m->n
[2018-11-10 14:38:25]	日间 t->nl
[2018-11-10 14:38:25]	辩护人 n->nz
[2018-11-10 14:38:25]	正在 d->n
[2018-11-10 14:38:25]	下流 a->s
[2018-11-10 14:38:25]	怎么办 ryv->n
[2018-11-10 14:38:25]	你好 vl->n
[2018-11-10 14:38:25]	正数 v->n
[2018-11-10 14:38:25]	三角 n->ns
[2018-11-10 14:38:25]	分区 n->v
[2018-11-10 14:38:25]	回车 vi->v
[2018-11-10 14:38:25]	选项 n->v
[2018-11-10 14:38:25]	打字 vi->vn
[2018-11-10 14:38:25]	百度 nz->mq
[2018-11-10 14:38:25]	同呼吸 vl->nl
