[2018-12-13 09:38:37]	爱 b->v
[2018-12-13 09:38:37]	安 ag->v
[2018-12-13 09:38:37]	安定 a->an
[2018-12-13 09:38:37]	本分 a->n
[2018-12-13 09:38:37]	宁静 a->an
[2018-12-13 09:38:37]	安宁 a->an
[2018-12-13 09:38:37]	安谧 a->an
[2018-12-13 09:38:37]	和缓 a->ad
[2018-12-13 09:38:37]	太平 a->ns
[2018-12-13 09:38:37]	安全 a->an
[2018-12-13 09:38:37]	安慰 a->v
[2018-12-13 09:38:37]	按时 d->ad
[2018-12-13 09:38:37]	昂首 vd->vi
[2018-12-13 09:38:37]	昂扬 a->v
[2018-12-13 09:38:37]	后悔 a->v
[2018-12-13 09:38:37]	八宝粥 n->gms
[2018-12-13 09:38:37]	把 m->v
[2018-12-13 09:38:37]	百合 n->nr
[2018-12-13 09:38:37]	绊 ng->v
[2018-12-13 09:38:37]	棒 a->ng
[2018-12-13 09:38:37]	包 n->v
[2018-12-13 09:38:37]	折 ng->vi
[2018-12-13 09:38:37]	叠 q->v
[2018-12-13 09:38:37]	包子 n->gms
[2018-12-13 09:38:37]	保安 b->n
[2018-12-13 09:38:37]	保障 n->v
[2018-12-13 09:38:37]	保健 b->n
[2018-12-13 09:38:37]	封闭 a->v
[2018-12-13 09:38:37]	保险 a->n
[2018-12-13 09:38:37]	保证 n->v
[2018-12-13 09:38:37]	不好意思 a->vl
[2018-12-13 09:38:37]	背 a->v
[2018-12-13 09:38:37]	被 d->pbei
[2018-12-13 09:38:37]	必然 b->n
[2018-12-13 09:38:37]	一定 b->d
[2018-12-13 09:38:37]	边 b->n
[2018-12-13 09:38:37]	边缘 b->n
[2018-12-13 09:38:37]	边防 b->n
[2018-12-13 09:38:37]	边陲 n->s
[2018-12-13 09:38:37]	变化 v->vn
[2018-12-13 09:38:37]	标准 a->n
[2018-12-13 09:38:37]	规范 a->v
[2018-12-13 09:38:37]	飞跃 vi->vn
[2018-12-13 09:38:37]	口头 d->n
[2018-12-13 09:38:37]	表现 n->v
[2018-12-13 09:38:37]	别名 n->nz
[2018-12-13 09:38:37]	做作 a->v
[2018-12-13 09:38:37]	拨 q->v
[2018-12-13 09:38:37]	奔腾 nz->vi
[2018-12-13 09:38:37]	盘剥 v->vn
[2018-12-13 09:38:37]	补偿 v->vn
[2018-12-13 09:38:37]	甭 d->v
[2018-12-13 09:38:37]	不安 a->an
[2018-12-13 09:38:37]	焦虑 a->an
[2018-12-13 09:38:37]	恐慌 a->an
[2018-12-13 09:38:37]	不满 a->an
[2018-12-13 09:38:37]	例外 n->vi
[2018-12-13 09:38:37]	不幸 a->n
[2018-12-13 09:38:37]	部分 m->n
[2018-12-13 09:38:37]	华 ag->b
[2018-12-13 09:38:37]	愧疚 a->an
[2018-12-13 09:38:37]	辉煌 a->an
[2018-12-13 09:38:37]	绚烂 a->an
[2018-12-13 09:38:37]	仓储 n->vn
[2018-12-13 09:38:37]	费心 a->v
[2018-12-13 09:38:37]	迥异 a->z
[2018-12-13 09:38:37]	叶 n->ng
[2018-12-13 09:38:37]	拆解 v->vn
[2018-12-13 09:38:37]	知了 n->nz
[2018-12-13 09:38:37]	长春 ns->nz
[2018-12-13 09:38:37]	经常 b->d
[2018-12-13 09:38:37]	超 h->v
[2018-12-13 09:38:37]	超产 v->vn
[2018-12-13 09:38:37]	超支 n->v
[2018-12-13 09:38:37]	车次 n->nz
[2018-12-13 09:38:37]	沉淀 n->vi
[2018-12-13 09:38:37]	尽职 vd->vi
[2018-12-13 09:38:37]	诚心 a->n
[2018-12-13 09:38:37]	党羽 n->nz
[2018-12-13 09:38:37]	冲突 vi->vn
[2018-12-13 09:38:37]	倾心 ad->vi
[2018-12-13 09:38:37]	喜好 an->v
[2018-12-13 09:38:37]	空洞 a->n
[2018-12-13 09:38:37]	抽样 vd->vi
[2018-12-13 09:38:37]	臭豆腐 n->gms
[2018-12-13 09:38:37]	出口 n->vi
[2018-12-13 09:38:37]	肇事 vi->vn
[2018-12-13 09:38:37]	出租 n->v
[2018-12-13 09:38:37]	先期 b->d
[2018-12-13 09:38:37]	除外 vi->v
[2018-12-13 09:38:37]	装 n->v
[2018-12-13 09:38:37]	传统 a->n
[2018-12-13 09:38:37]	船 n->gjtgj
[2018-12-13 09:38:37]	轮船 n->gjtgj
[2018-12-13 09:38:37]	船舶 n->gjtgj
[2018-12-13 09:38:37]	春分 t->n
[2018-12-13 09:38:37]	刺 n->v
[2018-12-13 09:38:37]	睿智 a->an
[2018-12-13 09:38:37]	智慧 a->n
[2018-12-13 09:38:37]	从 d->p
[2018-12-13 09:38:37]	自 d->p
[2018-12-13 09:38:37]	粗心 a->an
[2018-12-13 09:38:37]	大意 a->n
[2018-12-13 09:38:37]	酸 a->n
[2018-12-13 09:38:37]	摩擦 v->vn
[2018-12-13 09:38:37]	坎坷 a->an
[2018-12-13 09:38:37]	错误 a->n
[2018-12-13 09:38:37]	达标 vd->vi
[2018-12-13 09:38:37]	答复 n->v
[2018-12-13 09:38:37]	打 p->v
[2018-12-13 09:38:37]	狩猎 n->vi
[2018-12-13 09:38:37]	打算 n->v
[2018-12-13 09:38:37]	大寒 t->nz
[2018-12-13 09:38:37]	大家 n->rr
[2018-12-13 09:38:37]	大料 n->nz
[2018-12-13 09:38:37]	大致 b->d
[2018-12-13 09:38:37]	呆 a->v
[2018-12-13 09:38:37]	代办 n->v
[2018-12-13 09:38:37]	代理 n->v
[2018-12-13 09:38:37]	带 n->v
[2018-12-13 09:38:37]	带子 n->v
[2018-12-13 09:38:37]	条 ng->q
[2018-12-13 09:38:37]	戴 nr1->v
[2018-12-13 09:38:37]	单 b->d
[2018-12-13 09:38:37]	单独 b->d
[2018-12-13 09:38:37]	当面 d->n
[2018-12-13 09:38:37]	那天 r->t
[2018-12-13 09:38:37]	挡 n->v
[2018-12-13 09:38:37]	的 n->ude1
[2018-12-13 09:38:37]	得 ude3->v
[2018-12-13 09:38:37]	到 p->v
[2018-12-13 09:38:37]	倒 d->vi
[2018-12-13 09:38:37]	偷 d->v
[2018-12-13 09:38:37]	道德 a->n
[2018-12-13 09:38:37]	道教 n->nz
[2018-12-13 09:38:37]	上岸 vi->v
[2018-12-13 09:38:37]	等 n->v
[2018-12-13 09:38:37]	地铁 n->gjtgj
[2018-12-13 09:38:37]	光 a->n
[2018-12-13 09:38:37]	光辉 a->n
[2018-12-13 09:38:37]	顶 f->v
[2018-12-13 09:38:37]	定额 d->n
[2018-12-13 09:38:37]	定期 b->d
[2018-12-13 09:38:37]	东 b->f
[2018-12-13 09:38:37]	东乡族 ns->nz
[2018-12-13 09:38:37]	全部 m->ad
[2018-12-13 09:38:37]	斗争 vi->vn
[2018-12-13 09:38:37]	独立 a->v
[2018-12-13 09:38:37]	自力 n->nr
[2018-12-13 09:38:37]	渡 ng->v
[2018-12-13 09:38:37]	端 ng->v
[2018-12-13 09:38:37]	端正 a->v
[2018-12-13 09:38:37]	断 d->v
[2018-12-13 09:38:37]	对仗 n->nz
[2018-12-13 09:38:37]	多 a->m
[2018-12-13 09:38:37]	饿 a->v
[2018-12-13 09:38:37]	发 ng->v
[2018-12-13 09:38:37]	带头 vd->vi
[2018-12-13 09:38:37]	发糕 n->gms
[2018-12-13 09:38:37]	施展 nr->v
[2018-12-13 09:38:37]	发烧 b->vi
[2018-12-13 09:38:37]	无力 a->vi
[2018-12-13 09:38:37]	法 b->n
[2018-12-13 09:38:37]	庭审 n->v
[2018-12-13 09:38:37]	帆船 n->gjtgj
[2018-12-13 09:38:37]	繁荣 a->an
[2018-12-13 09:38:37]	重复 a->v
[2018-12-13 09:38:37]	来回 d->vi
[2018-12-13 09:38:37]	反面 b->n
[2018-12-13 09:38:37]	反应 n->vi
[2018-12-13 09:38:37]	犯罪 vi->vn
[2018-12-13 09:38:37]	范 ng->nr1
[2018-12-13 09:38:37]	方 a->d
[2018-12-13 09:38:37]	方便面 n->gms
[2018-12-13 09:38:37]	防汛 vi->vn
[2018-12-13 09:38:37]	飞机 n->gjtgj
[2018-12-13 09:38:37]	肥 a->n
[2018-12-13 09:38:37]	分布 vd->vi
[2018-12-13 09:38:37]	分离 vd->vi
[2018-12-13 09:38:37]	分米 q->qt
[2018-12-13 09:38:37]	生气 a->n
[2018-12-13 09:38:37]	风光 a->n
[2018-12-13 09:38:37]	封 ng->v
[2018-12-13 09:38:37]	冯 m->nr1
[2018-12-13 09:38:37]	抚恤 vi->vn
[2018-12-13 09:38:37]	远望 nz->v
[2018-12-13 09:38:37]	腐败 a->an
[2018-12-13 09:38:37]	负责 a->v
[2018-12-13 09:38:37]	中兴 ns->nz
[2018-12-13 09:38:37]	副词 n->nz
[2018-12-13 09:38:37]	付 q->v
[2018-12-13 09:38:37]	次要 b->bl
[2018-12-13 09:38:37]	富 a->vg
[2018-12-13 09:38:37]	富有 a->v
[2018-12-13 09:38:37]	富余 a->vn
[2018-12-13 09:38:37]	盖 d->v
[2018-12-13 09:38:37]	扣 ng->v
[2018-12-13 09:38:37]	干 a->v
[2018-12-13 09:38:37]	甘 ad->ag
[2018-12-13 09:38:37]	感动 a->v
[2018-12-13 09:38:37]	感冒 n->vi
[2018-12-13 09:38:37]	不久 d->m
[2018-12-13 09:38:37]	方才 d->nr
[2018-12-13 09:38:37]	高贵 a->nr
[2018-12-13 09:38:37]	年老 a->vi
[2018-12-13 09:38:37]	革命 a->vn
[2018-12-13 09:38:37]	解 ng->v
[2018-12-13 09:38:37]	根据 n->p
[2018-12-13 09:38:37]	据 ng->p
[2018-12-13 09:38:37]	跟随 p->v
[2018-12-13 09:38:37]	随着 d->p
[2018-12-13 09:38:37]	更年期 n->t
[2018-12-13 09:38:37]	工作 n->vn
[2018-12-13 09:38:37]	公开 a->v
[2018-12-13 09:38:37]	巩固 a->v
[2018-12-13 09:38:37]	共产党 n->nz
[2018-12-13 09:38:37]	奉献 n->v
[2018-12-13 09:38:37]	够 a->v
[2018-12-13 09:38:37]	孤立 a->v
[2018-12-13 09:38:37]	孤僻 a->an
[2018-12-13 09:38:37]	鼓 a->v
[2018-12-13 09:38:37]	彭 m->nr1
[2018-12-13 09:38:37]	鼓舞 a->v
[2018-12-13 09:38:37]	固定 a->v
[2018-12-13 09:38:37]	稳定 a->an
[2018-12-13 09:38:37]	传奇 a->n
[2018-12-13 09:38:37]	故意 b->d
[2018-12-13 09:38:37]	有意 d->vi
[2018-12-13 09:38:37]	成心 d->v
[2018-12-13 09:38:37]	顾 ng->v
[2018-12-13 09:38:37]	挂 q->v
[2018-12-13 09:38:37]	关切 a->v
[2018-12-13 09:38:37]	论断 n->vn
[2018-12-13 09:38:37]	臣 n->ng
[2018-12-13 09:38:37]	管理 v->vn
[2018-12-13 09:38:37]	管制 v->vn
[2018-12-13 09:38:37]	光明 a->n
[2018-12-13 09:38:37]	亮 a->vi
[2018-12-13 09:38:37]	归结 n->vi
[2018-12-13 09:38:37]	鬼 a->n
[2018-12-13 09:38:37]	邪 a->ag
[2018-12-13 09:38:37]	滚 ng->vi
[2018-12-13 09:38:37]	国庆 n->t
[2018-12-13 09:38:37]	干脆 a->d
[2018-12-13 09:38:37]	断然 b->d
[2018-12-13 09:38:37]	果然 c->d
[2018-12-13 09:38:37]	果真 c->d
[2018-12-13 09:38:37]	过期 vd->vi
[2018-12-13 09:38:37]	海口 n->ns
[2018-12-13 09:38:37]	琼 b->nr1
[2018-12-13 09:38:37]	叫 n->vi
[2018-12-13 09:38:37]	汉堡包 n->gms
[2018-12-13 09:38:37]	数码 b->n
[2018-12-13 09:38:37]	合资 b->vi
[2018-12-13 09:38:37]	集资 vd->vi
[2018-12-13 09:38:37]	合伙 vd->vi
[2018-12-13 09:38:37]	合股 vd->vi
[2018-12-13 09:38:37]	和 ag->cc
[2018-12-13 09:38:37]	集合 n->v
[2018-12-13 09:38:37]	与 cc->p
[2018-12-13 09:38:37]	同 cc->p
[2018-12-13 09:38:37]	并 cc->d
[2018-12-13 09:38:37]	狠 a->d
[2018-12-13 09:38:37]	狠心 a->an
[2018-12-13 09:38:37]	横 a->v
[2018-12-13 09:38:37]	哄 o->v
[2018-12-13 09:38:37]	后期 f->t
[2018-12-13 09:38:37]	胡 d->nr1
[2018-12-13 09:38:37]	湖 b->n
[2018-12-13 09:38:37]	迷惑 a->v
[2018-12-13 09:38:37]	依稀 a->d
[2018-12-13 09:38:37]	互相 b->d
[2018-12-13 09:38:37]	花 a->n
[2018-12-13 09:38:37]	花卷 n->gms
[2018-12-13 09:38:37]	滑冰 n->vn
[2018-12-13 09:38:37]	滑雪 vi->vn
[2018-12-13 09:38:37]	化验 n->v
[2018-12-13 09:38:37]	打扮 n->v
[2018-12-13 09:38:37]	还账 v->vi
[2018-12-13 09:38:37]	涣散 a->v
[2018-12-13 09:38:37]	怪诞 a->an
[2018-12-13 09:38:37]	黄色 b->n
[2018-12-13 09:38:37]	回头 d->vi
[2018-12-13 09:38:37]	会 n->v
[2018-12-13 09:38:37]	馄饨 n->gms
[2018-12-13 09:38:37]	活动 a->vn
[2018-12-13 09:38:37]	该死 vi->v
[2018-12-13 09:38:37]	活 a->n
[2018-12-13 09:38:37]	火车 n->gjtgj
[2018-12-13 09:38:37]	机械 a->n
[2018-12-13 09:38:37]	缉私 vi->vn
[2018-12-13 09:38:37]	狂热 a->an
[2018-12-13 09:38:37]	极端 a->n
[2018-12-13 09:38:37]	集邮 vi->vn
[2018-12-13 09:38:37]	集中 a->v
[2018-12-13 09:38:37]	挤 a->v
[2018-12-13 09:38:37]	运算 vi->vn
[2018-12-13 09:38:37]	记录 n->v
[2018-12-13 09:38:37]	记载 n->v
[2018-12-13 09:38:37]	纪念 n->v
[2018-12-13 09:38:37]	长项 n->nz
[2018-12-13 09:38:37]	加班 vd->vi
[2018-12-13 09:38:37]	夹 b->v
[2018-12-13 09:38:37]	家 k->n
[2018-12-13 09:38:37]	值 a->n
[2018-12-13 09:38:37]	尖端 b->n
[2018-12-13 09:38:37]	坚定 a->v
[2018-12-13 09:38:37]	监察 v->vn
[2018-12-13 09:38:37]	调查 n->v
[2018-12-13 09:38:37]	方便 a->v
[2018-12-13 09:38:37]	便利 a->an
[2018-12-13 09:38:37]	间接 a->b
[2018-12-13 09:38:37]	建设 n->vn
[2018-12-13 09:38:37]	健全 a->v
[2018-12-13 09:38:37]	讲究 a->v
[2018-12-13 09:38:37]	降价 vd->vi
[2018-12-13 09:38:37]	坦白 a->v
[2018-12-13 09:38:37]	灌 ng->v
[2018-12-13 09:38:37]	娇气 a->n
[2018-12-13 09:38:37]	骄傲 a->an
[2018-12-13 09:38:37]	饺子 n->gms
[2018-12-13 09:38:37]	教 ng->v
[2018-12-13 09:38:37]	教育 v->vn
[2018-12-13 09:38:37]	接力 n->vn
[2018-12-13 09:38:37]	结果 c->n
[2018-12-13 09:38:37]	结业 vd->vi
[2018-12-13 09:38:37]	解放 a->v
[2018-12-13 09:38:37]	解放战争 n->nz
[2018-12-13 09:38:37]	借 p->v
[2018-12-13 09:38:37]	租 ng->v
[2018-12-13 09:38:37]	借贷 n->v
[2018-12-13 09:38:37]	借条 n->nz
[2018-12-13 09:38:37]	金 b->ng
[2018-12-13 09:38:37]	尽力 d->vi
[2018-12-13 09:38:37]	全力 d->n
[2018-12-13 09:38:37]	尽心 a->v
[2018-12-13 09:38:37]	进步 a->vn
[2018-12-13 09:38:37]	临近 a->v
[2018-12-13 09:38:37]	经过 n->p
[2018-12-13 09:38:37]	经济 a->n
[2018-12-13 09:38:37]	经营 n->v
[2018-12-13 09:38:37]	精神 a->n
[2018-12-13 09:38:37]	感慨 a->v
[2018-12-13 09:38:37]	警惕 a->v
[2018-12-13 09:38:37]	敬业 a->vi
[2018-12-13 09:38:37]	就 c->d
[2018-12-13 09:38:37]	举 ag->v
[2018-12-13 09:38:37]	举重 n->vn
[2018-12-13 09:38:37]	行 a->vi
[2018-12-13 09:38:37]	锯 n->v
[2018-12-13 09:38:37]	卷 ng->v
[2018-12-13 09:38:37]	决定 n->v
[2018-12-13 09:38:37]	决赛 vi->vn
[2018-12-13 09:38:37]	决心 d->n
[2018-12-13 09:38:37]	开创 n->v
[2018-12-13 09:38:37]	开放 a->v
[2018-12-13 09:38:37]	开阔 a->v
[2018-12-13 09:38:37]	伊始 t->vi
[2018-12-13 09:38:37]	初叶 f->t
[2018-12-13 09:38:37]	初始 b->t
[2018-12-13 09:38:37]	初步 b->d
[2018-12-13 09:38:37]	看 u->v
[2018-12-13 09:38:37]	测验 v->vn
[2018-12-13 09:38:37]	考验 v->vn
[2018-12-13 09:38:37]	烤鸭 n->gms
[2018-12-13 09:38:37]	靠 ng->v
[2018-12-13 09:38:37]	科学 a->n
[2018-12-13 09:38:37]	可怜 a->v
[2018-12-13 09:38:37]	可惜 a->v
[2018-12-13 09:38:37]	可以 a->v
[2018-12-13 09:38:37]	能 d->v
[2018-12-13 09:38:37]	克 b->vg
[2018-12-13 09:38:37]	客观 a->n
[2018-12-13 09:38:37]	买家 n->nz
[2018-12-13 09:38:37]	肯定 a->v
[2018-12-13 09:38:37]	空 a->v
[2018-12-13 09:38:37]	口 f->n
[2018-12-13 09:38:37]	苦 a->an
[2018-12-13 09:38:37]	苦涩 a->an
[2018-12-13 09:38:37]	苦闷 a->an
[2018-12-13 09:38:37]	迷茫 a->an
[2018-12-13 09:38:37]	苦恼 a->an
[2018-12-13 09:38:37]	迷惘 a->an
[2018-12-13 09:38:37]	夸张 n->vi
[2018-12-13 09:38:37]	跨 ng->v
[2018-12-13 09:38:37]	越 b->d
[2018-12-13 09:38:37]	匡 nr1->vg
[2018-12-13 09:38:37]	捆 ng->v
[2018-12-13 09:38:37]	困惑 a->an
[2018-12-13 09:38:37]	疑惑 an->v
[2018-12-13 09:38:37]	困难 a->an
[2018-12-13 09:38:37]	拉 b->v
[2018-12-13 09:38:37]	腊八粥 n->gms
[2018-12-13 09:38:37]	来 f->vf
[2018-12-13 09:38:37]	天车 n->nz
[2018-12-13 09:38:37]	懈怠 a->an
[2018-12-13 09:38:37]	劳动 vi->vn
[2018-12-13 09:38:37]	坚韧 a->an
[2018-12-13 09:38:37]	铭刻 n->v
[2018-12-13 09:38:37]	铭记 n->v
[2018-12-13 09:38:37]	东家 n->nz
[2018-12-13 09:38:37]	了 ule->y
[2018-12-13 09:38:37]	累 a->v
[2018-12-13 09:38:37]	疲劳 a->an
[2018-12-13 09:38:37]	困倦 a->an
[2018-12-13 09:38:37]	倦怠 a->an
[2018-12-13 09:38:37]	礼貌 a->an
[2018-12-13 09:38:37]	李 ng->nr1
[2018-12-13 09:38:37]	理想 a->n
[2018-12-13 09:38:37]	理性 b->n
[2018-12-13 09:38:37]	连 d->n
[2018-12-13 09:38:37]	盟 n->ng
[2018-12-13 09:38:37]	联系 n->v
[2018-12-13 09:38:37]	练习 n->v
[2018-12-13 09:38:37]	辽 b->tg
[2018-12-13 09:38:37]	劣 a->ag
[2018-12-13 09:38:37]	林 n->ng
[2018-12-13 09:38:37]	小气 a->ad
[2018-12-13 09:38:37]	零售 v->vn
[2018-12-13 09:38:37]	另外 c->rz
[2018-12-13 09:38:37]	小产 v->vi
[2018-12-13 09:38:37]	流行 a->v
[2018-12-13 09:38:37]	柳 n->ng
[2018-12-13 09:38:37]	漏 ng->v
[2018-12-13 09:38:37]	滴 q->v
[2018-12-13 09:38:37]	露 ng->v
[2018-12-13 09:38:37]	旅游 vi->vn
[2018-12-13 09:38:37]	动感 b->n
[2018-12-13 09:38:37]	乱 a->d
[2018-12-13 09:38:37]	轮班 vd->vn
[2018-12-13 09:38:37]	转 ng->v
[2018-12-13 09:38:37]	麻 a->n
[2018-12-13 09:38:37]	麻烦 a->an
[2018-12-13 09:38:37]	烦恼 a->an
[2018-12-13 09:38:37]	马 b->n
[2018-12-13 09:38:37]	馒头 n->gms
[2018-12-13 09:38:37]	满 a->v
[2018-12-13 09:38:37]	满足 a->v
[2018-12-13 09:38:37]	忙 a->v
[2018-12-13 09:38:37]	蒙 b->vi
[2018-12-13 09:38:37]	毛 a->nr1
[2018-12-13 09:38:37]	矛盾 a->an
[2018-12-13 09:38:37]	冒险 vd->vi
[2018-12-13 09:38:37]	贸易 v->vn
[2018-12-13 09:38:37]	没有 d->v
[2018-12-13 09:38:37]	无 d->v
[2018-12-13 09:38:37]	美 a->b
[2018-12-13 09:38:37]	住院 vd->vi
[2018-12-13 09:38:37]	耳语 n->vi
[2018-12-13 09:38:37]	秘密 a->n
[2018-12-13 09:38:37]	机密 a->n
[2018-12-13 09:38:37]	免费 vd->vi
[2018-12-13 09:38:37]	勉强 a->v
[2018-12-13 09:38:37]	民主 a->an
[2018-12-13 09:38:37]	起名 vi->v
[2018-12-13 09:38:37]	模范 a->n
[2018-12-13 09:38:37]	模拟 b->v
[2018-12-13 09:38:37]	磨 n->v
[2018-12-13 09:38:37]	生分 a->ad
[2018-12-13 09:38:37]	墨 b->n
[2018-12-13 09:38:37]	母 b->ng
[2018-12-13 09:38:37]	木 a->ng
[2018-12-13 09:38:37]	捐款 n->vi
[2018-12-13 09:38:37]	拿 p->v
[2018-12-13 09:38:37]	上税 v->vi
[2018-12-13 09:38:37]	委屈 a->v
[2018-12-13 09:38:37]	悲痛 a->an
[2018-12-13 09:38:37]	内蒙古自治区 ns->nz
[2018-12-13 09:38:37]	倪 x->n
[2018-12-13 09:38:37]	拟人 n->nz
[2018-12-13 09:38:37]	年 n->qt
[2018-12-13 09:38:37]	年岁 n->nl
[2018-12-13 09:38:37]	年事 n->nl
[2018-12-13 09:38:37]	凝眸 vd->vi
[2018-12-13 09:38:37]	牛 ag->n
[2018-12-13 09:38:37]	努力 a->an
[2018-12-13 09:38:37]	暖 a->v
[2018-12-13 09:38:37]	温暖 a->an
[2018-12-13 09:38:37]	温热 a->an
[2018-12-13 09:38:37]	和暖 a->an
[2018-12-13 09:38:37]	偶尔 b->d
[2018-12-13 09:38:37]	扑 o->v
[2018-12-13 09:38:37]	攀 b->v
[2018-12-13 09:38:37]	拍 ng->v
[2018-12-13 09:38:37]	排 n->v
[2018-12-13 09:38:37]	排队 n->vi
[2018-12-13 09:38:37]	派出所 n->gms
[2018-12-13 09:38:37]	派遣 v->gms
[2018-12-13 09:38:37]	派出 v->gms
[2018-12-13 09:38:37]	判断 n->v
[2018-12-13 09:38:37]	抛 nr1->v
[2018-12-13 09:38:37]	配套 a->v
[2018-12-13 09:38:37]	烹饪 n->vi
[2018-12-13 09:38:37]	相知 n->v
[2018-12-13 09:38:37]	捧 q->v
[2018-12-13 09:38:37]	批发 v->vn
[2018-12-13 09:38:37]	偏 a->d
[2018-12-13 09:38:37]	单方面 b->n
[2018-12-13 09:38:37]	飘 a->v
[2018-12-13 09:38:37]	撇 q->v
[2018-12-13 09:38:37]	应邀 vd->vi
[2018-12-13 09:38:37]	平 a->v
[2018-12-13 09:38:37]	通常 b->d
[2018-12-13 09:38:37]	破 a->v
[2018-12-13 09:38:37]	铺 n->v
[2018-12-13 09:38:37]	普及 a->v
[2018-12-13 09:38:37]	遍地 vd->vi
[2018-12-13 09:38:37]	限期 n->vi
[2018-12-13 09:38:37]	奇怪 a->v
[2018-12-13 09:38:37]	祷告 v->vn
[2018-12-13 09:38:37]	辗转 vd->vi
[2018-12-13 09:38:37]	蜿蜒 v->z
[2018-12-13 09:38:37]	启示 v->vn
[2018-12-13 09:38:37]	矜持 a->an
[2018-12-13 09:38:37]	署名 n->vi
[2018-12-13 09:38:37]	签名 n->vi
[2018-12-13 09:38:37]	前天 n->t
[2018-12-13 09:38:37]	壮 a->v
[2018-12-13 09:38:37]	争 ng->v
[2018-12-13 09:38:37]	乔木 n->nr
[2018-12-13 09:38:37]	切 ag->v
[2018-12-13 09:38:37]	亲近 a->v
[2018-12-13 09:38:37]	明确 a->v
[2018-12-13 09:38:37]	纯洁 a->v
[2018-12-13 09:38:37]	清明 a->t
[2018-12-13 09:38:37]	晴 an->vi
[2018-12-13 09:38:37]	让 p->v
[2018-12-13 09:38:37]	祝 ng->v
[2018-12-13 09:38:37]	贺 ng->vg
[2018-12-13 09:38:37]	秋 ng->tg
[2018-12-13 09:38:37]	求 ng->v
[2018-12-13 09:38:37]	曲 ag->n
[2018-12-13 09:38:37]	出 q->vf
[2018-12-13 09:38:37]	泉 n->ng
[2018-12-13 09:38:37]	缺 n->v
[2018-12-13 09:38:37]	欠缺 a->vi
[2018-12-13 09:38:37]	火 a->n
[2018-12-13 09:38:37]	夏 ng->tg
[2018-12-13 09:38:37]	热情 a->an
[2018-12-13 09:38:37]	热气球 n->gjtgj
[2018-12-13 09:38:37]	热心 a->v
[2018-12-13 09:38:37]	热忱 a->an
[2018-12-13 09:38:37]	热诚 a->an
[2018-12-13 09:38:37]	委任 n->v
[2018-12-13 09:38:37]	依旧 d->z
[2018-12-13 09:38:37]	照旧 d->v
[2018-12-13 09:38:37]	肉 a->n
[2018-12-13 09:38:37]	肉 a->gms
[2018-12-13 09:38:37]	撒 n->v
[2018-12-13 09:38:37]	塞 b->v
[2018-12-13 09:38:37]	堵 a->v
[2018-12-13 09:38:37]	信步 vd->vi
[2018-12-13 09:38:37]	土 a->n
[2018-12-13 09:38:37]	上 b->f
[2018-12-13 09:38:37]	设计 n->v
[2018-12-13 09:38:37]	摄像 n->vi
[2018-12-13 09:38:37]	申请 n->v
[2018-12-13 09:38:37]	全身 b->n
[2018-12-13 09:38:37]	体 k->ng
[2018-12-13 09:38:37]	身段 n->nz
[2018-12-13 09:38:37]	深入 a->v
[2018-12-13 09:38:37]	深度 ad->n
[2018-12-13 09:38:37]	神气 a->n
[2018-12-13 09:38:37]	升 q->v
[2018-12-13 09:38:37]	增值 n->vi
[2018-12-13 09:38:37]	生 a->v
[2018-12-13 09:38:37]	生产 n->v
[2018-12-13 09:38:37]	出产 n->v
[2018-12-13 09:38:37]	生活 vi->vn
[2018-12-13 09:38:37]	胜利 ad->vi
[2018-12-13 09:38:37]	失落 a->v
[2018-12-13 09:38:37]	狮 n->ng
[2018-12-13 09:38:37]	滋润 a->v
[2018-12-13 09:38:37]	温润 a->an
[2018-12-13 09:38:37]	石 b->ng
[2018-12-13 09:38:37]	时刻 d->n
[2018-12-13 09:38:37]	实践 n->v
[2018-12-13 09:38:37]	实质 a->n
[2018-12-13 09:38:37]	示范 vi->vn
[2018-12-13 09:38:37]	凡间 s->n
[2018-12-13 09:38:37]	是 ng->vshi
[2018-12-13 09:38:37]	便是 v->vd
[2018-12-13 09:38:37]	是否 d->v
[2018-12-13 09:38:37]	释迦牟尼 n->nrf
[2018-12-13 09:38:37]	收条 n->nz
[2018-12-13 09:38:37]	手 k->n
[2018-12-13 09:38:37]	手工 d->n
[2018-12-13 09:38:37]	守法 vd->vi
[2018-12-13 09:38:37]	首创 nz->v
[2018-12-13 09:38:37]	首先 c->d
[2018-12-13 09:38:37]	初 d->f
[2018-12-13 09:38:37]	最初 b->d
[2018-12-13 09:38:37]	禁不起 v->vd
[2018-12-13 09:38:37]	本 d->rz
[2018-12-13 09:38:37]	册 ng->q
[2018-12-13 09:38:37]	书册 n->nl
[2018-12-13 09:38:37]	疏松 a->vn
[2018-12-13 09:38:37]	熟悉 a->v
[2018-12-13 09:38:37]	属实 a->v
[2018-12-13 09:38:37]	鼠 n->ng
[2018-12-13 09:38:37]	竖 n->v
[2018-12-13 09:38:37]	刷 o->v
[2018-12-13 09:38:37]	帅 ng->nr1
[2018-12-13 09:38:37]	水笔 n->nz
[2018-12-13 09:38:37]	说 ng->v
[2018-12-13 09:38:37]	讲 ng->v
[2018-12-13 09:38:37]	司 n->ng
[2018-12-13 09:38:37]	松 a->v
[2018-12-13 09:38:37]	松懈 a->v
[2018-12-13 09:38:37]	宋 nr1->tg
[2018-12-13 09:38:37]	孙 n->nr1
[2018-12-13 09:38:37]	孙子 n->nr
[2018-12-13 09:38:37]	锁 n->v
[2018-12-13 09:38:37]	塔 b->n
[2018-12-13 09:38:37]	贪吃 an->v
[2018-12-13 09:38:37]	贪心 a->v
[2018-12-13 09:38:37]	弹 ng->v
[2018-12-13 09:38:37]	烫 a->v
[2018-12-13 09:38:37]	特别 a->d
[2018-12-13 09:38:37]	希罕 a->v
[2018-12-13 09:38:37]	疼痛 a->an
[2018-12-13 09:38:37]	挑剔 a->v
[2018-12-13 09:38:37]	提成 n->vi
[2018-12-13 09:38:37]	提议 n->v
[2018-12-13 09:38:37]	田野 n->nr
[2018-12-13 09:38:37]	唐 b->tg
[2018-12-13 09:38:37]	甘甜 a->an
[2018-12-13 09:38:37]	担 ng->v
[2018-12-13 09:38:37]	调控 v->vn
[2018-12-13 09:38:37]	跳 q->vi
[2018-12-13 09:38:37]	跳水 vi->vn
[2018-12-13 09:38:37]	跳远 vi->vn
[2018-12-13 09:38:37]	听 q->v
[2018-12-13 09:38:37]	通信 vi->vn
[2018-12-13 09:38:37]	同时 c->n
[2018-12-13 09:38:37]	同期 d->f
[2018-12-13 09:38:37]	统一 a->v
[2018-12-13 09:38:37]	痛苦 a->an
[2018-12-13 09:38:37]	头 k->n
[2018-12-13 09:38:37]	投资 n->v
[2018-12-13 09:38:37]	投入 a->v
[2018-12-13 09:38:37]	突出 a->v
[2018-12-13 09:38:37]	团结 a->v
[2018-12-13 09:38:37]	托 ng->v
[2018-12-13 09:38:37]	歪 a->v
[2018-12-13 09:38:37]	倾斜 vd->vi
[2018-12-13 09:38:37]	斜 a->v
[2018-12-13 09:38:37]	弯 a->v
[2018-12-13 09:38:37]	完善 a->v
[2018-12-13 09:38:37]	玩 ng->v
[2018-12-13 09:38:37]	夜晚 n->t
[2018-12-13 09:38:37]	夜间 f->t
[2018-12-13 09:38:37]	万 d->m
[2018-12-13 09:38:37]	万一 c->d
[2018-12-13 09:38:37]	联网 vd->vi
[2018-12-13 09:38:37]	望 ng->v
[2018-12-13 09:38:37]	无益 a->vi
[2018-12-13 09:38:37]	危险 a->an
[2018-12-13 09:38:37]	威风 a->an
[2018-12-13 09:38:37]	霸气 an->n
[2018-12-13 09:38:37]	微 a->nz
[2018-12-13 09:38:37]	违法 vd->vi
[2018-12-13 09:38:37]	相反 d->vi
[2018-12-13 09:38:37]	浩瀚 a->z
[2018-12-13 09:38:37]	卫生 a->an
[2018-12-13 09:38:37]	位 ng->q
[2018-12-13 09:38:37]	喂 e->v
[2018-12-13 09:38:37]	问候 v->vn
[2018-12-13 09:38:37]	温和 a->nr
[2018-12-13 09:38:37]	刻薄 a->an
[2018-12-13 09:38:37]	文明 a->n
[2018-12-13 09:38:37]	闻 ng->v
[2018-12-13 09:38:37]	问 ng->v
[2018-12-13 09:38:37]	咨询 v->vn
[2018-12-13 09:38:37]	无轨电车 nl->gjtgj
[2018-12-13 09:38:37]	无限 a->vi
[2018-12-13 09:38:37]	无穷 d->z
[2018-12-13 09:38:37]	时价 n->nl
[2018-12-13 09:38:37]	东西 f->n
[2018-12-13 09:38:37]	误工 vi->vn
[2018-12-13 09:38:37]	西 b->f
[2018-12-13 09:38:37]	希望 n->v
[2018-12-13 09:38:37]	就义 vi->v
[2018-12-13 09:38:37]	舍身 d->v
[2018-12-13 09:38:37]	习 ng->vg
[2018-12-13 09:38:37]	系统 a->n
[2018-12-13 09:38:37]	地 n->nz
[2018-12-13 09:38:37]	先后 d->ad
[2018-12-13 09:38:37]	娇艳 a->an
[2018-12-13 09:38:37]	现代 n->t
[2018-12-13 09:38:37]	现实 a->n
[2018-12-13 09:38:37]	相当 d->vi
[2018-12-13 09:38:37]	等同 vd->vi
[2018-12-13 09:38:37]	同样 b->d
[2018-12-13 09:38:37]	香 a->n
[2018-12-13 09:38:37]	想像 v->vd
[2018-12-13 09:38:37]	向 dg->p
[2018-12-13 09:38:37]	朝 b->p
[2018-12-13 09:38:37]	象 n->ng
[2018-12-13 09:38:37]	像 d->v
[2018-12-13 09:38:37]	仿佛 d->v
[2018-12-13 09:38:37]	似 d->vg
[2018-12-13 09:38:37]	飘逸 a->v
[2018-12-13 09:38:37]	童 b->ng
[2018-12-13 09:38:37]	小寒 t->nz
[2018-12-13 09:38:37]	小满 t->nz
[2018-12-13 09:38:37]	小雪 n->nr
[2018-12-13 09:38:37]	艰辛 a->an
[2018-12-13 09:38:37]	辛酸 a->an
[2018-12-13 09:38:37]	新词 n->nl
[2018-12-13 09:38:37]	信 ag->n
[2018-12-13 09:38:37]	信用 a->n
[2018-12-13 09:38:37]	兴奋 a->v
[2018-12-13 09:38:37]	成 a->v
[2018-12-13 09:38:37]	形象 a->n
[2018-12-13 09:38:37]	醒 ng->v
[2018-12-13 09:38:37]	幸福 a->happ
[2018-12-13 09:38:37]	性 k->ng
[2018-12-13 09:38:37]	姓 n->v
[2018-12-13 09:38:37]	名 ag->q
[2018-12-13 09:38:37]	邪恶 a->an
[2018-12-13 09:38:37]	胸 n->ng
[2018-12-13 09:38:37]	公 ad->ng
[2018-12-13 09:38:37]	休假 n->vi
[2018-12-13 09:38:37]	虚伪 a->an
[2018-12-13 09:38:37]	徐 ag->nr1
[2018-12-13 09:38:37]	许 dg->m
[2018-12-13 09:38:37]	学龄 b->n
[2018-12-13 09:38:37]	压抑 a->v
[2018-12-13 09:38:37]	鸭 n->ng
[2018-12-13 09:38:37]	延长 ns->v
[2018-12-13 09:38:37]	延期 vd->vi
[2018-12-13 09:38:37]	缓期 vd->vi
[2018-12-13 09:38:37]	严正 a->nr
[2018-12-13 09:38:37]	高温 an->n
[2018-12-13 09:38:37]	火热 a->z
[2018-12-13 09:38:37]	研究 n->v
[2018-12-13 09:38:37]	演习 v->vn
[2018-12-13 09:38:37]	杨 ng->nr1
[2018-12-13 09:38:37]	阳性 b->n
[2018-12-13 09:38:37]	仰泳 vi->vn
[2018-12-13 09:38:37]	也 b->d
[2018-12-13 09:38:37]	进行 vn->vx
[2018-12-13 09:38:37]	布 b->n
[2018-12-13 09:38:37]	穿戴 n->v
[2018-12-13 09:38:37]	依靠 n->v
[2018-12-13 09:38:37]	移动 v->vn
[2018-12-13 09:38:37]	遗传 n->vn
[2018-12-13 09:38:37]	遗憾 a->sorr
[2018-12-13 09:38:37]	遗存 vi->vn
[2018-12-13 09:38:37]	往时 t->tg
[2018-12-13 09:38:37]	义务 d->n
[2018-12-13 09:38:37]	艺术 a->n
[2018-12-13 09:38:37]	意旨 n->nl
[2018-12-13 09:38:37]	因为 c->p
[2018-12-13 09:38:37]	由于 c->p
[2018-12-13 09:38:37]	银 b->ng
[2018-12-13 09:38:37]	引 ng->v
[2018-12-13 09:38:37]	隐蔽 a->v
[2018-12-13 09:38:37]	隐秘 a->n
[2018-12-13 09:38:37]	印染 v->vn
[2018-12-13 09:38:37]	印 b->v
[2018-12-13 09:38:37]	图章 n->nz
[2018-12-13 09:38:37]	应当 d->v
[2018-12-13 09:38:37]	俊杰 n->nr
[2018-12-13 09:38:37]	影响 n->v
[2018-12-13 09:38:37]	拥挤 a->vi
[2018-12-13 09:38:37]	勇于 d->v
[2018-12-13 09:38:37]	骁勇 a->an
[2018-12-13 09:38:37]	用 ng->p
[2018-12-13 09:38:37]	以 b->p
[2018-12-13 09:38:37]	优胜 a->vi
[2018-12-13 09:38:37]	优先 ad->v
[2018-12-13 09:38:37]	悠远 an->z
[2018-12-13 09:38:37]	油条 n->gms
[2018-12-13 09:38:37]	友善 a->nr
[2018-12-13 09:38:37]	又 c->d
[2018-12-13 09:38:37]	右 a->f
[2018-12-13 09:38:37]	于 ng->p
[2018-12-13 09:38:37]	初赛 n->vi
[2018-12-13 09:38:37]	预言 n->v
[2018-12-13 09:38:37]	冤枉 a->v
[2018-12-13 09:38:37]	原来 b->d
[2018-12-13 09:38:37]	原本 d->n
[2018-12-13 09:38:37]	原则 d->n
[2018-12-13 09:38:37]	圆 a->vg
[2018-12-13 09:38:37]	约会 n->vi
[2018-12-13 09:38:37]	局限 n->vi
[2018-12-13 09:38:37]	云 b->n
[2018-12-13 09:38:37]	正好 z->tg
[2018-12-13 09:38:37]	在 d->p
[2018-12-13 09:38:37]	当 ng->p
[2018-12-13 09:38:37]	暂时 b->d
[2018-12-13 09:38:37]	眼前 s->t
[2018-12-13 09:38:37]	负债 n->vi
[2018-12-13 09:38:37]	站 n->vi
[2018-12-13 09:38:37]	把握 n->v
[2018-12-13 09:38:37]	左右 f->m
[2018-12-13 09:38:37]	折价 vd->vi
[2018-12-13 09:38:37]	真 a->d
[2018-12-13 09:38:37]	实际 a->n
[2018-12-13 09:38:37]	真心 ad->n
[2018-12-13 09:38:37]	衷心 b->d
[2018-12-13 09:38:37]	振动 vi->vn
[2018-12-13 09:38:37]	颠簸 vd->vi
[2018-12-13 09:38:37]	振荡 vi->vn
[2018-12-13 09:38:37]	争议 n->vn
[2018-12-13 09:38:37]	整体 m->n
[2018-12-13 09:38:37]	正 a->d
[2018-12-13 09:38:37]	正面 a->n
[2018-12-13 09:38:37]	正理 n->nl
[2018-12-13 09:38:37]	证明 n->v
[2018-12-13 09:38:37]	对证 vn->n
[2018-12-13 09:38:37]	对照 p->v
[2018-12-13 09:38:37]	说明 n->v
[2018-12-13 09:38:37]	消费 n->vn
[2018-12-13 09:38:37]	明白 a->v
[2018-12-13 09:38:37]	了然 a->v
[2018-12-13 09:38:37]	知 ag->v
[2018-12-13 09:38:37]	直 a->d
[2018-12-13 09:38:37]	直线 d->n
[2018-12-13 09:38:37]	张 ng->q
[2018-12-13 09:38:37]	指挥 n->v
[2018-12-13 09:38:37]	指导 n->v
[2018-12-13 09:38:37]	中档 b->nl
[2018-12-13 09:38:37]	中国 ns->nz
[2018-12-13 09:38:37]	华夏 n->nz
[2018-12-13 09:38:37]	中央 f->n
[2018-12-13 09:38:37]	忠诚 a->v
[2018-12-13 09:38:37]	种 ng->v
[2018-12-13 09:38:37]	重 a->v
[2018-12-13 09:38:37]	关键 a->n
[2018-12-13 09:38:37]	重视 a->v
[2018-12-13 09:38:37]	周 ag->nr1
[2018-12-13 09:38:37]	昼夜 d->n
[2018-12-13 09:38:37]	皱 n->v
[2018-12-13 09:38:37]	朱 ag->nr1
[2018-12-13 09:38:37]	竹 n->ng
[2018-12-13 09:38:37]	主观 a->n
[2018-12-13 09:38:37]	主演 n->v
[2018-12-13 09:38:37]	助理 b->n
[2018-12-13 09:38:37]	大名鼎鼎 al->vl
[2018-12-13 09:38:37]	专门 b->d
[2018-12-13 09:38:37]	专注 a->vi
[2018-12-13 09:38:37]	埋头 vd->vi
[2018-12-13 09:38:37]	专业 a->n
[2018-12-13 09:38:37]	拐弯 n->vi
[2018-12-13 09:38:37]	华美 a->nz
[2018-12-13 09:38:37]	台 b->n
[2018-12-13 09:38:37]	我方 r->n
[2018-12-13 09:38:37]	自强 vd->vi
[2018-12-13 09:38:37]	自主 vd->vi
[2018-12-13 09:38:37]	自然 a->n
[2018-12-13 09:38:37]	自信 a->v
[2018-12-13 09:38:37]	自修 v->vl
[2018-12-13 09:38:37]	综合 a->vn
[2018-12-13 09:38:37]	总结 n->v
[2018-12-13 09:38:37]	纵横 n->v
[2018-12-13 09:38:37]	走私 b->v
[2018-12-13 09:38:37]	构成 n->v
[2018-12-13 09:38:37]	太 a->d
[2018-12-13 09:38:37]	到底 d->vi
[2018-12-13 09:38:37]	孝顺 a->v
[2018-12-13 09:38:37]	遵照 p->v
[2018-12-13 09:38:37]	作 ng->v
[2018-12-13 09:38:37]	零 a->m
[2018-12-13 09:38:37]	一 d->m
[2018-12-13 09:38:37]	九 b->m
[2018-12-13 09:38:37]	低价 ad->n
[2018-12-13 09:38:37]	火车站 n->gjtgj
[2018-12-13 09:38:37]	小时候 n->t
[2018-12-13 09:38:37]	综合性 b->n
[2018-12-13 09:38:37]	高价 d->n
[2018-12-13 09:38:37]	中考 n->v
[2018-12-13 09:38:37]	无效 a->vi
[2018-12-13 09:38:37]	爱人 n->nz
[2018-12-13 09:38:37]	把手 n->nz
[2018-12-13 09:38:37]	人为 b->d
[2018-12-13 09:38:37]	靠山 n->nz
[2018-12-13 09:38:37]	他人 rr->r
[2018-12-13 09:38:37]	不结盟 vi->vn
[2018-12-13 09:38:37]	不是 c->n
[2018-12-13 09:38:37]	不行 a->v
[2018-12-13 09:38:37]	不能 v->vi
[2018-12-13 09:38:37]	不会 v->vi
[2018-12-13 09:38:37]	车号 n->nz
[2018-12-13 09:38:37]	同党 n->nz
[2018-12-13 09:38:37]	上流 b->n
[2018-12-13 09:38:37]	出血 vi->v
[2018-12-13 09:38:37]	打的 v->vi
[2018-12-13 09:38:37]	除法 n->nz
[2018-12-13 09:38:37]	从中 d->n
[2018-12-13 09:38:37]	从宽 d->v
[2018-12-13 09:38:37]	从重 d->v
[2018-12-13 09:38:37]	搭建 v->vd
[2018-12-13 09:38:37]	各人 rr->r
[2018-12-13 09:38:37]	中选 vi->v
[2018-12-13 09:38:37]	各处 rzs->r
[2018-12-13 09:38:37]	四处 d->vi
[2018-12-13 09:38:37]	大路 n->nz
[2018-12-13 09:38:37]	拨打 v->vd
[2018-12-13 09:38:37]	大跌 v->vn
[2018-12-13 09:38:37]	会话 v->vn
[2018-12-13 09:38:37]	对应 vi->v
[2018-12-13 09:38:37]	有余 m->v
[2018-12-13 09:38:37]	要领 n->nz
[2018-12-13 09:38:37]	下学 v->vd
[2018-12-13 09:38:37]	分号 n->nz
[2018-12-13 09:38:37]	不合 v->n
[2018-12-13 09:38:37]	高等 b->a
[2018-12-13 09:38:37]	老大 a->n
[2018-12-13 09:38:37]	还给 v->vd
[2018-12-13 09:38:37]	对等 vi->vn
[2018-12-13 09:38:37]	有心 v->vd
[2018-12-13 09:38:37]	说法 n->nz
[2018-12-13 09:38:37]	真的 a->d
[2018-12-13 09:38:37]	大喊 v->vd
[2018-12-13 09:38:37]	后天 n->t
[2018-12-13 09:38:37]	回家 vi->v
[2018-12-13 09:38:37]	总会 d->n
[2018-12-13 09:38:37]	好多 m->a
[2018-12-13 09:38:37]	才能 n->v
[2018-12-13 09:38:37]	大奖 n->nz
[2018-12-13 09:38:37]	自大 a->an
[2018-12-13 09:38:37]	无礼 a->ad
[2018-12-13 09:38:37]	自得 an->a
[2018-12-13 09:38:37]	开关 n->v
[2018-12-13 09:38:37]	看不起 v->vn
[2018-12-13 09:38:37]	看得起 v->vn
[2018-12-13 09:38:37]	完了 vi->n
[2018-12-13 09:38:37]	理事 n->nz
[2018-12-13 09:38:37]	一口气 d->n
[2018-12-13 09:38:37]	本心 n->nl
[2018-12-13 09:38:37]	论说 vn->vl
[2018-12-13 09:38:37]	中意 a->n
[2018-12-13 09:38:37]	没用 a->v
[2018-12-13 09:38:37]	天天 d->q
[2018-12-13 09:38:37]	秒钟 n->q
[2018-12-13 09:38:37]	他俩 r->n
[2018-12-13 09:38:37]	年间 f->n
[2018-12-13 09:38:37]	江米 n->nz
[2018-12-13 09:38:37]	省钱 a->v
[2018-12-13 09:38:37]	早起 vi->v
[2018-12-13 09:38:37]	开车 vi->v
[2018-12-13 09:38:37]	千米 q->qv
[2018-12-13 09:38:37]	签定 v->vn
[2018-12-13 09:38:37]	好天 n->nz
[2018-12-13 09:38:37]	日食 n->nz
[2018-12-13 09:38:37]	火烧 n->v
[2018-12-13 09:38:37]	就是 c->n
[2018-12-13 09:38:37]	是不是 v->vd
[2018-12-13 09:38:37]	手指 n->nz
[2018-12-13 09:38:37]	国都 d->n
[2018-12-13 09:38:37]	得手 a->v
[2018-12-13 09:38:37]	大小 n->nz
[2018-12-13 09:38:37]	了得 a->ad
[2018-12-13 09:38:37]	脱钩 vi->v
[2018-12-13 09:38:37]	问号 n->nz
[2018-12-13 09:38:37]	西藏自治区 ns->nz
[2018-12-13 09:38:37]	小便 v->vi
[2018-12-13 09:38:37]	好在 d->v
[2018-12-13 09:38:37]	双眼 n->nz
[2018-12-13 09:38:37]	一角 n->v
[2018-12-13 09:38:37]	一元 b->nz
[2018-12-13 09:38:37]	引号 n->nz
[2018-12-13 09:38:37]	有用 a->n
[2018-12-13 09:38:37]	像片 n->nz
[2018-12-13 09:38:37]	争抢 v->vd
[2018-12-13 09:38:37]	小我 n->nz
[2018-12-13 09:38:37]	文字 n->nz
[2018-12-13 09:38:37]	不好 a->n
[2018-12-13 09:38:37]	下雨 vi->v
[2018-12-13 09:38:37]	多功能 b->n
[2018-12-13 09:38:37]	从未 d->n
[2018-12-13 09:38:37]	南北 f->n
[2018-12-13 09:38:37]	从不 d->n
[2018-12-13 09:38:37]	干什么 r->v
[2018-12-13 09:38:37]	不准 v->n
[2018-12-13 09:38:37]	开门 vd->n
[2018-12-13 09:38:37]	睡着 v->vd
[2018-12-13 09:38:37]	呼吸 v->vi
[2018-12-13 09:38:37]	长达 v->vl
[2018-12-13 09:38:37]	首次 m->n
[2018-12-13 09:38:37]	日间 t->nl
[2018-12-13 09:38:37]	辩护人 n->nz
[2018-12-13 09:38:37]	正在 d->n
[2018-12-13 09:38:37]	下流 a->s
[2018-12-13 09:38:37]	怎么办 ryv->n
[2018-12-13 09:38:37]	你好 vl->n
[2018-12-13 09:38:37]	正数 v->n
[2018-12-13 09:38:37]	三角 n->ns
[2018-12-13 09:38:37]	分区 n->v
[2018-12-13 09:38:37]	回车 vi->v
[2018-12-13 09:38:37]	选项 n->v
[2018-12-13 09:38:37]	打字 vi->vn
[2018-12-13 09:38:37]	百度 nz->mq
[2018-12-13 09:38:37]	同呼吸 vl->nl
[2018-12-13 09:38:37]	记得 v->n
[2018-12-13 09:38:37]	还是 c->n
[2018-12-13 09:38:37]	有点 d->n
[2018-12-13 09:38:37]	吃药 v->n
