[2018-09-06 10:35:10]	下岗 vi->vn
[2018-09-06 10:35:10]	主演 n->v
[2018-09-06 10:35:10]	于 ng->p
[2018-09-06 10:35:10]	先锋 a->n
[2018-09-06 10:35:10]	内行 a->n
[2018-09-06 10:35:10]	冯 m->nr1
[2018-09-06 10:35:10]	切 ag->v
[2018-09-06 10:35:10]	亲身 b->d
[2018-09-06 10:35:10]	加班 vd->vi
[2018-09-06 10:35:10]	助理 b->n
[2018-09-06 10:35:10]	劳动 vi->vn
[2018-09-06 10:35:10]	口 f->n
[2018-09-06 10:35:10]	周 ag->nr1
[2018-09-06 10:35:10]	年老 a->vi
[2018-09-06 10:35:10]	外行 a->n
[2018-09-06 10:35:10]	大家 n->rr
[2018-09-06 10:35:10]	头 k->n
[2018-09-06 10:35:10]	名 ag->q
[2018-09-06 10:35:10]	家 k->n
[2018-09-06 10:35:10]	尺 ng->q
[2018-09-06 10:35:10]	尽力 d->vi
[2018-09-06 10:35:10]	全力 d->n
[2018-09-06 10:35:10]	工作 n->vn
[2018-09-06 10:35:10]	布 b->n
[2018-09-06 10:35:10]	带子 n->v
[2018-09-06 10:35:10]	张 ng->q
[2018-09-06 10:35:10]	彭 m->nr1
[2018-09-06 10:35:10]	徐 ag->nr1
[2018-09-06 10:35:10]	忙 a->v
[2018-09-06 10:35:10]	手 k->n
[2018-09-06 10:35:10]	休假 n->vi
[2018-09-06 10:35:10]	相知 n->v
[2018-09-06 10:35:10]	朱 ag->nr1
[2018-09-06 10:35:10]	权威 a->n
[2018-09-06 10:35:10]	李 ng->nr1
[2018-09-06 10:35:10]	条 ng->q
[2018-09-06 10:35:10]	模范 a->n
[2018-09-06 10:35:10]	沙龙 n->nrf
[2018-09-06 10:35:10]	毛 a->nr1
[2018-09-06 10:35:10]	油条 n->gms
[2018-09-06 10:35:10]	无赖 an->n
[2018-09-06 10:35:10]	刻薄 a->an
[2018-09-06 10:35:10]	烹饪 n->vi
[2018-09-06 10:35:10]	爱 b->v
[2018-09-06 10:35:10]	甘甜 a->an
[2018-09-06 10:35:10]	尽职 vd->vi
[2018-09-06 10:35:10]	守法 vd->vi
[2018-09-06 10:35:10]	累 a->v
[2018-09-06 10:35:10]	疲劳 a->an
[2018-09-06 10:35:10]	困倦 a->an
[2018-09-06 10:35:10]	倦怠 a->an
[2018-09-06 10:35:10]	胡 d->nr1
[2018-09-06 10:35:10]	胸 n->ng
[2018-09-06 10:35:10]	花卷 n->gms
[2018-09-06 10:35:10]	俊杰 n->nr
[2018-09-06 10:35:10]	穿戴 n->v
[2018-09-06 10:35:10]	许 dg->m
[2018-09-06 10:35:10]	全身 b->n
[2018-09-06 10:35:10]	体 k->ng
[2018-09-06 10:35:10]	艰辛 a->an
[2018-09-06 10:35:10]	辛酸 a->an
[2018-09-06 10:35:10]	郑 b->nr1
[2018-09-06 10:35:10]	锁 n->v
[2018-09-06 10:35:10]	饺子 n->gms
[2018-09-06 10:35:10]	馄饨 n->gms
[2018-09-06 10:35:10]	馒头 n->gms
[2018-09-06 10:35:10]	不安 a->an
[2018-09-06 10:35:10]	焦虑 a->an
[2018-09-06 10:35:10]	恐慌 a->an
[2018-09-06 10:35:10]	不幸 a->n
[2018-09-06 10:35:10]	不满 a->an
[2018-09-06 10:35:10]	专注 a->vi
[2018-09-06 10:35:10]	埋头 vd->vi
[2018-09-06 10:35:10]	专制 a->n
[2018-09-06 10:35:10]	主观 a->n
[2018-09-06 10:35:10]	传统 a->n
[2018-09-06 10:35:10]	信用 a->n
[2018-09-06 10:35:10]	关切 a->v
[2018-09-06 10:35:10]	兴奋 a->v
[2018-09-06 10:35:10]	冤枉 a->v
[2018-09-06 10:35:10]	冲动 a->an
[2018-09-06 10:35:10]	冲突 vi->vn
[2018-09-06 10:35:10]	决心 d->n
[2018-09-06 10:35:10]	判断 n->v
[2018-09-06 10:35:10]	做作 a->v
[2018-09-06 10:35:10]	刺 n->v
[2018-09-06 10:35:10]	骁勇 a->an
[2018-09-06 10:35:10]	捐款 n->vi
[2018-09-06 10:35:10]	包 n->v
[2018-09-06 10:35:10]	打扮 n->v
[2018-09-06 10:35:10]	宽容 a->v
[2018-09-06 10:35:10]	反应 n->vi
[2018-09-06 10:35:10]	发 ng->v
[2018-09-06 10:35:10]	叠 q->v
[2018-09-06 10:35:10]	可惜 a->v
[2018-09-06 10:35:10]	荣耀 a->an
[2018-09-06 10:35:10]	高深 a->nr
[2018-09-06 10:35:10]	喜悦 a->an
[2018-09-06 10:35:10]	回头 d->vi
[2018-09-06 10:35:10]	诚心 a->n
[2018-09-06 10:35:10]	失意 a->vi
[2018-09-06 10:35:10]	失落 a->v
[2018-09-06 10:35:10]	委屈 a->v
[2018-09-06 10:35:10]	无奈 a->d
[2018-09-06 10:35:10]	娇气 a->n
[2018-09-06 10:35:10]	孤僻 a->an
[2018-09-06 10:35:10]	孤寂 a->an
[2018-09-06 10:35:10]	孤傲 a->an
[2018-09-06 10:35:10]	单独 b->d
[2018-09-06 10:35:10]	安慰 a->v
[2018-09-06 10:35:10]	实践 n->v
[2018-09-06 10:35:10]	喜好 an->v
[2018-09-06 10:35:10]	客观 a->n
[2018-09-06 10:35:10]	恐惧 a->an
[2018-09-06 10:35:10]	倾心 ad->vi
[2018-09-06 10:35:10]	希望 n->v
[2018-09-06 10:35:10]	带 n->v
[2018-09-06 10:35:10]	应邀 vd->vi
[2018-09-06 10:35:10]	归结 n->vi
[2018-09-06 10:35:10]	形象 a->n
[2018-09-06 10:35:10]	必然 b->n
[2018-09-06 10:35:10]	忧愁 a->an
[2018-09-06 10:35:10]	忧伤 a->an
[2018-09-06 10:35:10]	伤感 a->an
[2018-09-06 10:35:10]	感伤 a->an
[2018-09-06 10:35:10]	追悼 v->vn
[2018-09-06 10:35:10]	哀痛 a->an
[2018-09-06 10:35:10]	欢愉 a->an
[2018-09-06 10:35:10]	欢畅 a->an
[2018-09-06 10:35:10]	迟疑 a->an
[2018-09-06 10:35:10]	恶意 d->n
[2018-09-06 10:35:10]	愧疚 a->an
[2018-09-06 10:35:10]	感动 a->v
[2018-09-06 10:35:10]	感慨 a->v
[2018-09-06 10:35:10]	后悔 a->v
[2018-09-06 10:35:10]	戴 nr1->v
[2018-09-06 10:35:10]	打 p->v
[2018-09-06 10:35:10]	抚恤 vi->vn
[2018-09-06 10:35:10]	空洞 a->n
[2018-09-06 10:35:10]	拨 q->v
[2018-09-06 10:35:10]	挂 q->v
[2018-09-06 10:35:10]	挡 n->v
[2018-09-06 10:35:10]	无限 a->vi
[2018-09-06 10:35:10]	无穷 d->z
[2018-09-06 10:35:10]	智慧 a->n
[2018-09-06 10:35:10]	服务 n->v
[2018-09-06 10:35:10]	对照 p->v
[2018-09-06 10:35:10]	活动 a->vn
[2018-09-06 10:35:10]	渡 ng->v
[2018-09-06 10:35:10]	温和 a->nr
[2018-09-06 10:35:10]	滚 ng->vi
[2018-09-06 10:35:10]	满足 a->v
[2018-09-06 10:35:10]	狂热 a->an
[2018-09-06 10:35:10]	灌 ng->v
[2018-09-06 10:35:10]	热心 a->v
[2018-09-06 10:35:10]	热忱 a->an
[2018-09-06 10:35:10]	热诚 a->an
[2018-09-06 10:35:10]	单方面 b->n
[2018-09-06 10:35:10]	特别 a->d
[2018-09-06 10:35:10]	希罕 a->v
[2018-09-06 10:35:10]	理性 b->n
[2018-09-06 10:35:10]	理想 a->n
[2018-09-06 10:35:10]	理智 a->n
[2018-09-06 10:35:10]	生气 a->n
[2018-09-06 10:35:10]	生活 vi->vn
[2018-09-06 10:35:10]	愤恨 a->vn
[2018-09-06 10:35:10]	盖 d->v
[2018-09-06 10:35:10]	扣 ng->v
[2018-09-06 10:35:10]	相互 b->d
[2018-09-06 10:35:10]	相对 b->d
[2018-09-06 10:35:10]	矛盾 a->an
[2018-09-06 10:35:10]	明白 a->v
[2018-09-06 10:35:10]	了然 a->v
[2018-09-06 10:35:10]	知 ag->v
[2018-09-06 10:35:10]	研究 n->v
[2018-09-06 10:35:10]	迟滞 a->v
[2018-09-06 10:35:10]	礼貌 a->an
[2018-09-06 10:35:10]	神气 a->n
[2018-09-06 10:35:10]	端 ng->v
[2018-09-06 10:35:10]	精神 a->n
[2018-09-06 10:35:10]	约会 n->vi
[2018-09-06 10:35:10]	纪念 n->v
[2018-09-06 10:35:10]	绊 ng->v
[2018-09-06 10:35:10]	绝对 a->d
[2018-09-06 10:35:10]	统一 a->v
[2018-09-06 10:35:10]	综合 a->vn
[2018-09-06 10:35:10]	精通 a->v
[2018-09-06 10:35:10]	联系 n->v
[2018-09-06 10:35:10]	肯定 a->v
[2018-09-06 10:35:10]	背 a->v
[2018-09-06 10:35:10]	苦闷 a->an
[2018-09-06 10:35:10]	迷茫 a->an
[2018-09-06 10:35:10]	苦恼 a->an
[2018-09-06 10:35:10]	迷惘 a->an
[2018-09-06 10:35:10]	虚伪 a->an
[2018-09-06 10:35:10]	虚荣 a->an
[2018-09-06 10:35:10]	行动 vi->vn
[2018-09-06 10:35:10]	作为 n->v
[2018-09-06 10:35:10]	表现 n->v
[2018-09-06 10:35:10]	要 ag->v
[2018-09-06 10:35:10]	还要 d->v
[2018-09-06 10:35:10]	论断 n->vn
[2018-09-06 10:35:10]	警惕 a->v
[2018-09-06 10:35:10]	误工 vi->vn
[2018-09-06 10:35:10]	矜持 a->an
[2018-09-06 10:35:10]	迷惑 a->v
[2018-09-06 10:35:10]	道德 a->n
[2018-09-06 10:35:10]	遗憾 a->sorr
[2018-09-06 10:35:10]	重视 a->v
[2018-09-06 10:35:10]	间接 a->b
[2018-09-06 10:35:10]	刁钻 a->an
[2018-09-06 10:35:10]	顶 f->v
[2018-09-06 10:35:10]	飞 dg->vi
[2018-09-06 10:35:10]	飞跃 vi->vn
[2018-09-06 10:35:10]	骄傲 a->an
[2018-09-06 10:35:10]	坚定 a->v
[2018-09-06 10:35:10]	坚韧 a->an
[2018-09-06 10:35:10]	塞 b->v
[2018-09-06 10:35:10]	华美 a->nz
[2018-09-06 10:35:10]	中兴 ns->nz
[2018-09-06 10:35:10]	多 a->m
[2018-09-06 10:35:10]	够 a->v
[2018-09-06 10:35:10]	夹 b->v
[2018-09-06 10:35:10]	奇怪 a->v
[2018-09-06 10:35:10]	奔腾 nz->vi
[2018-09-06 10:35:10]	阻碍 n->v
[2018-09-06 10:35:10]	威风 a->an
[2018-09-06 10:35:10]	安全 a->an
[2018-09-06 10:35:10]	本分 a->n
[2018-09-06 10:35:10]	安定 a->an
[2018-09-06 10:35:10]	悠然 a->an
[2018-09-06 10:35:10]	宁静 a->an
[2018-09-06 10:35:10]	安宁 a->an
[2018-09-06 10:35:10]	安谧 a->an
[2018-09-06 10:35:10]	太平 a->ns
[2018-09-06 10:35:10]	实质 a->n
[2018-09-06 10:35:10]	实际 a->n
[2018-09-06 10:35:10]	密切 a->v
[2018-09-06 10:35:10]	富有 a->v
[2018-09-06 10:35:10]	富余 a->vn
[2018-09-06 10:35:10]	封闭 a->v
[2018-09-06 10:35:10]	孝顺 a->v
[2018-09-06 10:35:10]	尖端 b->n
[2018-09-06 10:35:10]	动荡 a->an
[2018-09-06 10:35:10]	局限 n->vi
[2018-09-06 10:35:10]	高贵 a->nr
[2018-09-06 10:35:10]	巡回 vd->vi
[2018-09-06 10:35:10]	巩固 a->v
[2018-09-06 10:35:10]	劣 a->ag
[2018-09-06 10:35:10]	迥异 a->z
[2018-09-06 10:35:10]	出入 n->v
[2018-09-06 10:35:10]	干 a->v
[2018-09-06 10:35:10]	干枯 a->vi
[2018-09-06 10:35:10]	干脆 a->d
[2018-09-06 10:35:10]	平 a->v
[2018-09-06 10:35:10]	幸福 a->happ
[2018-09-06 10:35:10]	延长 ns->v
[2018-09-06 10:35:10]	开 q->v
[2018-09-06 10:35:10]	开创 n->v
[2018-09-06 10:35:10]	伊始 t->vi
[2018-09-06 10:35:10]	初叶 f->t
[2018-09-06 10:35:10]	初始 b->t
[2018-09-06 10:35:10]	初步 b->d
[2018-09-06 10:35:10]	开放 a->v
[2018-09-06 10:35:10]	弯 a->v
[2018-09-06 10:35:10]	弹 ng->v
[2018-09-06 10:35:10]	化 k->v
[2018-09-06 10:35:10]	成 a->v
[2018-09-06 10:35:10]	影响 n->v
[2018-09-06 10:35:10]	急剧 b->d
[2018-09-06 10:35:10]	匆匆 d->z
[2018-09-06 10:35:10]	性 k->ng
[2018-09-06 10:35:10]	正值 p->v
[2018-09-06 10:35:10]	适宜 a->v
[2018-09-06 10:35:10]	悠远 an->z
[2018-09-06 10:35:10]	悬空 vd->vi
[2018-09-06 10:35:10]	悲哀 a->an
[2018-09-06 10:35:10]	例外 n->vi
[2018-09-06 10:35:10]	专门 b->d
[2018-09-06 10:35:10]	东乡族 ns->nz
[2018-09-06 10:35:10]	严正 a->nr
[2018-09-06 10:35:10]	中央 f->n
[2018-09-06 10:35:10]	举 ag->v
[2018-09-06 10:35:10]	义务 d->n
[2018-09-06 10:35:10]	乱 a->d
[2018-09-06 10:35:10]	争议 n->vn
[2018-09-06 10:35:10]	优先 ad->v
[2018-09-06 10:35:10]	优胜 a->vi
[2018-09-06 10:35:10]	优良 a->z
[2018-09-06 10:35:10]	浩瀚 a->z
[2018-09-06 10:35:10]	伪装 n->v
[2018-09-06 10:35:10]	依靠 n->v
[2018-09-06 10:35:10]	鼓舞 a->v
[2018-09-06 10:35:10]	保证 n->v
[2018-09-06 10:35:10]	远望 nz->v
[2018-09-06 10:35:10]	借 p->v
[2018-09-06 10:35:10]	偏 a->d
[2018-09-06 10:35:10]	健全 a->v
[2018-09-06 10:35:10]	完善 a->v
[2018-09-06 10:35:10]	光明 a->n
[2018-09-06 10:35:10]	光辉 a->n
[2018-09-06 10:35:10]	辉煌 a->an
[2018-09-06 10:35:10]	光彩 a->n
[2018-09-06 10:35:10]	公开 a->v
[2018-09-06 10:35:10]	关键 a->n
[2018-09-06 10:35:10]	冒险 vd->vi
[2018-09-06 10:35:10]	决定 n->v
[2018-09-06 10:35:10]	严寒 a->an
[2018-09-06 10:35:10]	严冬 n->t
[2018-09-06 10:35:10]	惆怅 a->an
[2018-09-06 10:35:10]	苍凉 a->an
[2018-09-06 10:35:10]	凝眸 vd->vi
[2018-09-06 10:35:10]	邪恶 a->an
[2018-09-06 10:35:10]	超群 nz->vi
[2018-09-06 10:35:10]	分离 vd->vi
[2018-09-06 10:35:10]	盘剥 v->vn
[2018-09-06 10:35:10]	努力 a->an
[2018-09-06 10:35:10]	勉强 a->v
[2018-09-06 10:35:10]	升 q->v
[2018-09-06 10:35:10]	无益 a->vi
[2018-09-06 10:35:10]	危险 a->an
[2018-09-06 10:35:10]	卷 ng->v
[2018-09-06 10:35:10]	原则 d->n
[2018-09-06 10:35:10]	重复 a->v
[2018-09-06 10:35:10]	来回 d->vi
[2018-09-06 10:35:10]	带头 vd->vi
[2018-09-06 10:35:10]	变化 v->vn
[2018-09-06 10:35:10]	可怜 a->v
[2018-09-06 10:35:10]	司 n->ng
[2018-09-06 10:35:10]	听 q->v
[2018-09-06 10:35:10]	启示 v->vn
[2018-09-06 10:35:10]	呼 b->v
[2018-09-06 10:35:10]	友善 a->nr
[2018-09-06 10:35:10]	咽 ng->v
[2018-09-06 10:35:10]	哄 o->v
[2018-09-06 10:35:10]	相应 d->vi
[2018-09-06 10:35:10]	流泪 vd->vi
[2018-09-06 10:35:10]	喂 e->v
[2018-09-06 10:35:10]	闻 ng->v
[2018-09-06 10:35:10]	团结 a->v
[2018-09-06 10:35:10]	困惑 a->an
[2018-09-06 10:35:10]	疑惑 an->v
[2018-09-06 10:35:10]	困难 a->an
[2018-09-06 10:35:10]	懈怠 a->an
[2018-09-06 10:35:10]	总体 b->n
[2018-09-06 10:35:10]	全盘 b->n
[2018-09-06 10:35:10]	扑 o->v
[2018-09-06 10:35:10]	托 ng->v
[2018-09-06 10:35:10]	投入 a->v
[2018-09-06 10:35:10]	投机 a->v
[2018-09-06 10:35:10]	折 ng->vi
[2018-09-06 10:35:10]	抛 nr1->v
[2018-09-06 10:35:10]	拉 b->v
[2018-09-06 10:35:10]	拍 ng->v
[2018-09-06 10:35:10]	拥挤 a->vi
[2018-09-06 10:35:10]	拿 p->v
[2018-09-06 10:35:10]	指导 n->v
[2018-09-06 10:35:10]	挑剔 a->v
[2018-09-06 10:35:10]	挤 a->v
[2018-09-06 10:35:10]	坎坷 a->an
[2018-09-06 10:35:10]	挺 ag->vi
[2018-09-06 10:35:10]	捆 ng->v
[2018-09-06 10:35:10]	捧 q->v
[2018-09-06 10:35:10]	把握 n->v
[2018-09-06 10:35:10]	左右 f->m
[2018-09-06 10:35:10]	提议 n->v
[2018-09-06 10:35:10]	撇 q->v
[2018-09-06 10:35:10]	撒 n->v
[2018-09-06 10:35:10]	结果 c->n
[2018-09-06 10:35:10]	缓冲 vi->vn
[2018-09-06 10:35:10]	缓和 a->v
[2018-09-06 10:35:10]	松懈 a->v
[2018-09-06 10:35:10]	缺 n->v
[2018-09-06 10:35:10]	欠缺 a->vi
[2018-09-06 10:35:10]	美 a->b
[2018-09-06 10:35:10]	能 d->v
[2018-09-06 10:35:10]	可 c->v
[2018-09-06 10:35:10]	自强 vd->vi
[2018-09-06 10:35:10]	自主 vd->vi
[2018-09-06 10:35:10]	苦 a->an
[2018-09-06 10:35:10]	苦涩 a->an
[2018-09-06 10:35:10]	怪诞 a->an
[2018-09-06 10:35:10]	装 n->v
[2018-09-06 10:35:10]	规模 d->n
[2018-09-06 10:35:10]	规范 a->v
[2018-09-06 10:35:10]	解放 a->v
[2018-09-06 10:35:10]	证明 n->v
[2018-09-06 10:35:10]	说明 n->v
[2018-09-06 10:35:10]	说 ng->v
[2018-09-06 10:35:10]	讲 ng->v
[2018-09-06 10:35:10]	让 p->v
[2018-09-06 10:35:10]	贪心 a->v
[2018-09-06 10:35:10]	领先 vd->vi
[2018-09-06 10:35:10]	走向 n->v
[2018-09-06 10:35:10]	跑 ng->v
[2018-09-06 10:35:10]	跨 ng->v
[2018-09-06 10:35:10]	越 b->d
[2018-09-06 10:35:10]	跳 q->vi
[2018-09-06 10:35:10]	转 ng->v
[2018-09-06 10:35:10]	柔韧 a->an
[2018-09-06 10:35:10]	辅助 v->vn
[2018-09-06 10:35:10]	进步 a->vn
[2018-09-06 10:35:10]	进行 vn->vx
[2018-09-06 10:35:10]	道教 n->nz
[2018-09-06 10:35:10]	酸 a->n
[2018-09-06 10:35:10]	醒 ng->v
[2018-09-06 10:35:10]	重 a->v
[2018-09-06 10:35:10]	铺 n->v
[2018-09-06 10:35:10]	错误 a->n
[2018-09-06 10:35:10]	集中 a->v
[2018-09-06 10:35:10]	集会 n->vi
[2018-09-06 10:35:10]	颠簸 vd->vi
[2018-09-06 10:35:10]	振荡 vi->vn
[2018-09-06 10:35:10]	霸气 an->n
[2018-09-06 10:35:10]	革命 a->vn
[2018-09-06 10:35:10]	飘 a->v
[2018-09-06 10:35:10]	饿 a->v
[2018-09-06 10:35:10]	香 a->n
[2018-09-06 10:35:10]	骑 ng->v
[2018-09-06 10:35:10]	娇艳 a->an
[2018-09-06 10:35:10]	麻烦 a->an
[2018-09-06 10:35:10]	烦恼 a->an
[2018-09-06 10:35:10]	黄色 b->n
[2018-09-06 10:35:10]	放肆 a->an
[2018-09-06 10:35:10]	纵情 d->v
[2018-09-06 10:35:10]	任意 b->d
[2018-09-06 10:35:10]	文明 a->n
[2018-09-06 10:35:10]	斗争 vi->vn
[2018-09-06 10:35:10]	方便 a->v
[2018-09-06 10:35:10]	便利 a->an
[2018-09-06 10:35:10]	平板 a->n
[2018-09-06 10:35:10]	昂扬 a->v
[2018-09-06 10:35:10]	明确 a->v
[2018-09-06 10:35:10]	是 ng->vshi
[2018-09-06 10:35:10]	好坏 a->n
[2018-09-06 10:35:10]	曲直 n->nr
[2018-09-06 10:35:10]	普及 a->v
[2018-09-06 10:35:10]	暖 a->v
[2018-09-06 10:35:10]	温热 a->an
[2018-09-06 10:35:10]	和暖 a->an
[2018-09-06 10:35:10]	曲 ag->n
[2018-09-06 10:35:10]	望 ng->v
[2018-09-06 10:35:10]	来 f->vf
[2018-09-06 10:35:10]	松 a->v
[2018-09-06 10:35:10]	极端 a->n
[2018-09-06 10:35:10]	构成 n->v
[2018-09-06 10:35:10]	断然 b->d
[2018-09-06 10:35:10]	妖娆 a->an
[2018-09-06 10:35:10]	正 a->d
[2018-09-06 10:35:10]	歪 a->v
[2018-09-06 10:35:10]	斜 a->v
[2018-09-06 10:35:10]	殖民 vi->vn
[2018-09-06 10:35:10]	民主 a->an
[2018-09-06 10:35:10]	没有 d->v
[2018-09-06 10:35:10]	无 d->v
[2018-09-06 10:35:10]	派别 n->gms
[2018-09-06 10:35:10]	派系 n->gms
[2018-09-06 10:35:10]	流行 a->v
[2018-09-06 10:35:10]	深度 ad->n
[2018-09-06 10:35:10]	混 a->v
[2018-09-06 10:35:10]	滋润 a->v
[2018-09-06 10:35:10]	温润 a->an
[2018-09-06 10:35:10]	湿润 a->v
[2018-09-06 10:35:10]	满 a->v
[2018-09-06 10:35:10]	漏 ng->v
[2018-09-06 10:35:10]	飘逸 a->v
[2018-09-06 10:35:10]	灰 a->ag
[2018-09-06 10:35:10]	绚烂 a->an
[2018-09-06 10:35:10]	烂 a->v
[2018-09-06 10:35:10]	烫 a->v
[2018-09-06 10:35:10]	热情 a->an
[2018-09-06 10:35:10]	灭火 n->vi
[2018-09-06 10:35:10]	熟悉 a->v
[2018-09-06 10:35:10]	攀 b->v
[2018-09-06 10:35:10]	铭刻 n->v
[2018-09-06 10:35:10]	铭记 n->v
[2018-09-06 10:35:10]	独立 a->v
[2018-09-06 10:35:10]	自力 n->nr
[2018-09-06 10:35:10]	独裁 a->an
[2018-09-06 10:35:10]	狼狈 ad->an
[2018-09-06 10:35:10]	现代 n->t
[2018-09-06 10:35:10]	现实 a->n
[2018-09-06 10:35:10]	珍藏 n->v
[2018-09-06 10:35:10]	生 a->v
[2018-09-06 10:35:10]	用 ng->p
[2018-09-06 10:35:10]	申请 n->v
[2018-09-06 10:35:10]	痛苦 a->an
[2018-09-06 10:35:10]	悲痛 a->an
[2018-09-06 10:35:10]	皱 n->v
[2018-09-06 10:35:10]	直 a->d
[2018-09-06 10:35:10]	同样 b->d
[2018-09-06 10:35:10]	相当 d->vi
[2018-09-06 10:35:10]	看 u->v
[2018-09-06 10:35:10]	真 a->d
[2018-09-06 10:35:10]	真正 b->d
[2018-09-06 10:35:10]	夺目 a->v
[2018-09-06 10:35:10]	矫健 a->nr
[2018-09-06 10:35:10]	破 a->v
[2018-09-06 10:35:10]	磨 n->v
[2018-09-06 10:35:10]	示范 vi->vn
[2018-09-06 10:35:10]	祷告 v->vn
[2018-09-06 10:35:10]	神 a->n
[2018-09-06 10:35:10]	科学 a->n
[2018-09-06 10:35:10]	秘密 a->n
[2018-09-06 10:35:10]	机密 a->n
[2018-09-06 10:35:10]	稳定 a->an
[2018-09-06 10:35:10]	空 a->v
[2018-09-06 10:35:10]	突出 a->v
[2018-09-06 10:35:10]	端正 a->v
[2018-09-06 10:35:10]	署名 n->vi
[2018-09-06 10:35:10]	签名 n->vi
[2018-09-06 10:35:10]	管理 v->vn
[2018-09-06 10:35:10]	依稀 a->d
[2018-09-06 10:35:10]	系统 a->n
[2018-09-06 10:35:10]	繁荣 a->an
[2018-09-06 10:35:10]	纯洁 a->v
[2018-09-06 10:35:10]	清白 a->an
[2018-09-06 10:35:10]	定额 d->n
[2018-09-06 10:35:10]	抽样 vd->vi
[2018-09-06 10:35:10]	庭审 n->v
[2018-09-06 10:35:10]	测绘 v->vn
[2018-09-06 10:35:10]	澄清 nr->vi
[2018-09-06 10:35:10]	马达 n->nr
[2018-09-06 10:35:10]	超产 v->vn
[2018-09-06 10:35:10]	采矿 vi->vn
[2018-09-06 10:35:10]	一 d->m
[2018-09-06 10:35:10]	一路 d->mq
[2018-09-06 10:35:10]	上 b->f
[2018-09-06 10:35:10]	东西 f->n
[2018-09-06 10:35:10]	乘 p->v
[2018-09-06 10:35:10]	亮 a->vi
[2018-09-06 10:35:10]	明 a->ag
[2018-09-06 10:35:10]	会 n->v
[2018-09-06 10:35:10]	出 q->vf
[2018-09-06 10:35:10]	前方 f->s
[2018-09-06 10:35:10]	单 b->d
[2018-09-06 10:35:10]	又 c->d
[2018-09-06 10:35:10]	员 n->ng
[2018-09-06 10:35:10]	在 d->p
[2018-09-06 10:35:10]	太 a->d
[2018-09-06 10:35:10]	对 a->p
[2018-09-06 10:35:10]	就 c->d
[2018-09-06 10:35:10]	帮 q->v
[2018-09-06 10:35:10]	非常 b->d
[2018-09-06 10:35:10]	时 d->ng
[2018-09-06 10:35:10]	夜间 f->t
[2018-09-06 10:35:10]	本 d->rz
[2018-09-06 10:35:10]	没 d->v
[2018-09-06 10:35:10]	片 ng->q
[2018-09-06 10:35:10]	等 n->v
[2018-09-06 10:35:10]	自动 b->d
[2018-09-06 10:35:10]	袋 n->ng
[2018-09-06 10:35:10]	记 ng->v
[2018-09-06 10:35:10]	错 n->v
[2018-09-06 10:35:10]	问 ng->v
[2018-09-06 10:35:10]	几 b->m
[2018-09-06 10:35:10]	到 p->v
[2018-09-06 10:35:10]	动画 b->n
[2018-09-06 10:35:10]	叫 n->vi
[2018-09-06 10:35:10]	学 ng->v
[2018-09-06 10:35:10]	把 m->v
[2018-09-06 10:35:10]	接着 c->v
[2018-09-06 10:35:10]	着 n->vi
[2018-09-06 10:35:10]	试 ng->v
[2018-09-06 10:35:10]	谈 ng->v
[2018-09-06 10:35:10]	连 d->n
[2018-09-06 10:35:10]	遍 a->v
[2018-09-06 10:35:10]	专用 b->v
[2018-09-06 10:35:10]	买卖 n->v
[2018-09-06 10:35:10]	亏损 n->v
[2018-09-06 10:35:10]	亏空 n->v
[2018-09-06 10:35:10]	代理 n->v
[2018-09-06 10:35:10]	代办 n->v
[2018-09-06 10:35:10]	仲裁 vi->vn
[2018-09-06 10:35:10]	会心 a->n
[2018-09-06 10:35:10]	羞辱 an->v
[2018-09-06 10:35:10]	保管 n->v
[2018-09-06 10:35:10]	保险 a->n
[2018-09-06 10:35:10]	信 ag->n
[2018-09-06 10:35:10]	公共 b->gjtgj
[2018-09-06 10:35:10]	出租 n->v
[2018-09-06 10:35:10]	出租汽车 nl->gjtgj
[2018-09-06 10:35:10]	分 b->v
[2018-09-06 10:35:10]	诱惑 v->vn
[2018-09-06 10:35:10]	增值 n->vi
[2018-09-06 10:35:10]	协作 vd->vi
[2018-09-06 10:35:10]	协调 a->v
[2018-09-06 10:35:10]	印染 v->vn
[2018-09-06 10:35:10]	合营 v->vn
[2018-09-06 10:35:10]	合资 b->vi
[2018-09-06 10:35:10]	合伙 vd->vi
[2018-09-06 10:35:10]	合股 vd->vi
[2018-09-06 10:35:10]	咨询 v->vn
[2018-09-06 10:35:10]	监管 v->vn
[2018-09-06 10:35:10]	地铁 n->gjtgj
[2018-09-06 10:35:10]	坦白 a->v
[2018-09-06 10:35:10]	实惠 a->an
[2018-09-06 10:35:10]	负债 n->vi
[2018-09-06 10:35:10]	派出所 n->gms
[2018-09-06 10:35:10]	派遣 v->gms
[2018-09-06 10:35:10]	派出 v->gms
[2018-09-06 10:35:10]	流 ng->v
[2018-09-06 10:35:10]	也 b->d
[2018-09-06 10:35:10]	方才 d->nr
[2018-09-06 10:35:10]	加 b->v
[2018-09-06 10:35:10]	可以 a->v
[2018-09-06 10:35:10]	和 ag->cc
[2018-09-06 10:35:10]	同 cc->p
[2018-09-06 10:35:10]	与 cc->p
[2018-09-06 10:35:10]	并 cc->d
[2018-09-06 10:35:10]	学会 n->v
[2018-09-06 10:35:10]	是否 d->v
[2018-09-06 10:35:10]	若 c->v
[2018-09-06 10:35:10]	跟随 p->v
[2018-09-06 10:35:10]	跟班 vd->vi
[2018-09-06 10:35:10]	重点 a->n
[2018-09-06 10:35:10]	帆船 n->gjtgj
[2018-09-06 10:35:10]	建设 n->vn
[2018-09-06 10:35:10]	总务 b->n
[2018-09-06 10:35:10]	总结 n->v
[2018-09-06 10:35:10]	成交 n->v
[2018-09-06 10:35:10]	成批 b->d
[2018-09-06 10:35:10]	批发 v->vn
[2018-09-06 10:35:10]	投资 n->v
[2018-09-06 10:35:10]	招标 vd->vi
[2018-09-06 10:35:10]	提成 n->vi
[2018-09-06 10:35:10]	故意 b->d
[2018-09-06 10:35:10]	有意 d->vi
[2018-09-06 10:35:10]	机械 a->n
[2018-09-06 10:35:10]	标准 a->n
[2018-09-06 10:35:10]	规则 a->n
[2018-09-06 10:35:10]	规矩 a->n
[2018-09-06 10:35:10]	调度 n->v
[2018-09-06 10:35:10]	调控 v->vn
[2018-09-06 10:35:10]	腐败 a->an
[2018-09-06 10:35:10]	贸易 v->vn
[2018-09-06 10:35:10]	走私 b->v
[2018-09-06 10:35:10]	运输 v->vn
[2018-09-06 10:35:10]	违法 vd->vi
[2018-09-06 10:35:10]	毒害 n->v
[2018-09-06 10:35:10]	大选 n->vi
[2018-09-06 10:35:10]	通用 a->nz
[2018-09-06 10:35:10]	通信 vi->vn
[2018-09-06 10:35:10]	共同 b->d
[2018-09-06 10:35:10]	配套 a->v
[2018-09-06 10:35:10]	锯 n->v
[2018-09-06 10:35:10]	零售 v->vn
[2018-09-06 10:35:10]	飞机 n->gjtgj
[2018-09-06 10:35:10]	混纺 b->v
[2018-09-06 10:35:10]	火车 n->gjtgj
[2018-09-06 10:35:10]	犯罪 vi->vn
[2018-09-06 10:35:10]	生产 n->v
[2018-09-06 10:35:10]	出产 n->v
[2018-09-06 10:35:10]	电车 n->gjtgj
[2018-09-06 10:35:10]	盈利 n->vi
[2018-09-06 10:35:10]	赢利 n->v
[2018-09-06 10:35:10]	赚钱 a->v
[2018-09-06 10:35:10]	监察 v->vn
[2018-09-06 10:35:10]	种 ng->v
[2018-09-06 10:35:10]	租 ng->v
[2018-09-06 10:35:10]	积累 n->v
[2018-09-06 10:35:10]	管制 v->vn
[2018-09-06 10:35:10]	经济 a->n
[2018-09-06 10:35:10]	经营 n->v
[2018-09-06 10:35:10]	缉私 vi->vn
[2018-09-06 10:35:10]	考验 v->vn
[2018-09-06 10:35:10]	肇事 vi->vn
[2018-09-06 10:35:10]	船 n->gjtgj
[2018-09-06 10:35:10]	船舶 n->gjtgj
[2018-09-06 10:35:10]	轮船 n->gjtgj
[2018-09-06 10:35:10]	补偿 v->vn
[2018-09-06 10:35:10]	狩猎 n->vi
[2018-09-06 10:35:10]	摄像 n->vi
[2018-09-06 10:35:10]	传奇 a->n
[2018-09-06 10:35:10]	教育 v->vn
[2018-09-06 10:35:10]	旅游 vi->vn
[2018-09-06 10:35:10]	杂交 vi->vn
[2018-09-06 10:35:10]	构 ng->vg
[2018-09-06 10:35:10]	专业 a->n
[2018-09-06 10:35:10]	启蒙 vi->vn
[2018-09-06 10:35:10]	囤 ng->v
[2018-09-06 10:35:10]	录音 n->vn
[2018-09-06 10:35:10]	洪流 n->nr
[2018-09-06 10:35:10]	牛 ag->n
[2018-09-06 10:35:10]	玩 ng->v
[2018-09-06 10:35:10]	田野 n->nr
[2018-09-06 10:35:10]	百合 n->nr
[2018-09-06 10:35:10]	答复 n->v
[2018-09-06 10:35:10]	练习 n->v
[2018-09-06 10:35:10]	结业 vd->vi
[2018-09-06 10:35:10]	考 ng->v
[2018-09-06 10:35:10]	测验 v->vn
[2018-09-06 10:35:10]	耙 n->v
[2018-09-06 10:35:10]	育种 vi->vn
[2018-09-06 10:35:10]	自然 a->n
[2018-09-06 10:35:10]	艺术 a->n
[2018-09-06 10:35:10]	耳语 n->vi
[2018-09-06 10:35:10]	锄 ng->v
[2018-09-06 10:35:10]	防汛 vi->vn
[2018-09-06 10:35:10]	集邮 vi->vn
[2018-09-06 10:35:10]	风光 a->n
[2018-09-06 10:35:10]	马 b->n
[2018-09-06 10:35:10]	鸭 n->ng
[2018-09-06 10:35:10]	麻 a->n
[2018-09-06 10:35:10]	鼓 a->v
[2018-09-06 10:35:10]	构想 n->vn
[2018-09-06 10:35:10]	瞬间 n->t
[2018-09-06 10:35:10]	一瞬间 m->t
[2018-09-06 10:35:10]	倏然 d->z
[2018-09-06 10:35:10]	一下子 d->mq
[2018-09-06 10:35:10]	转瞬 d->t
[2018-09-06 10:35:10]	丁 Mg->o
[2018-09-06 10:35:10]	万 d->m
[2018-09-06 10:35:10]	不久 d->m
[2018-09-06 10:35:10]	东 b->f
[2018-09-06 10:35:10]	个 ng->q
[2018-09-06 10:35:10]	举重 n->vn
[2018-09-06 10:35:10]	九 b->m
[2018-09-06 10:35:10]	根本 a->n
[2018-09-06 10:35:10]	一贯 b->d
[2018-09-06 10:35:10]	平素 a->d
[2018-09-06 10:35:10]	仰泳 vi->vn
[2018-09-06 10:35:10]	件 ng->q
[2018-09-06 10:35:10]	篇 ng->q
[2018-09-06 10:35:10]	终生 b->m
[2018-09-06 10:35:10]	口头 d->n
[2018-09-06 10:35:10]	西 b->f
[2018-09-06 10:35:10]	跳水 vi->vn
[2018-09-06 10:35:10]	跳远 vi->vn
[2018-09-06 10:35:10]	边缘 b->n
[2018-09-06 10:35:10]	边沿 f->p
[2018-09-06 10:35:10]	过期 vd->vi
[2018-09-06 10:35:10]	住院 vd->vi
[2018-09-06 10:35:10]	限期 n->vi
[2018-09-06 10:35:10]	集合 n->v
[2018-09-06 10:35:10]	零 a->m
[2018-09-06 10:35:10]	页 ng->q
[2018-09-06 10:35:10]	顷 dg->q
[2018-09-06 10:35:10]	初赛 n->vi
[2018-09-06 10:35:10]	麻痹 a->vi
[2018-09-06 10:35:10]	保健 b->n
[2018-09-06 10:35:10]	倍 d->q
[2018-09-06 10:35:10]	健康 a->an
[2018-09-06 10:35:10]	克 b->vg
[2018-09-06 10:35:10]	册 ng->q
[2018-09-06 10:35:10]	决赛 vi->vn
[2018-09-06 10:35:10]	遍地 vd->vi
[2018-09-06 10:35:10]	化验 n->v
[2018-09-06 10:35:10]	卫生 a->an
[2018-09-06 10:35:10]	原来 b->d
[2018-09-06 10:35:10]	原本 d->n
[2018-09-06 10:35:10]	发烧 b->vi
[2018-09-06 10:35:10]	右 a->f
[2018-09-06 10:35:10]	同时 c->n
[2018-09-06 10:35:10]	同期 d->f
[2018-09-06 10:35:10]	后期 f->t
[2018-09-06 10:35:10]	周长 n->nr
[2018-09-06 10:35:10]	国庆 n->t
[2018-09-06 10:35:10]	圆 a->vg
[2018-09-06 10:35:10]	墨 b->n
[2018-09-06 10:35:10]	新生 n->nr2
[2018-09-06 10:35:10]	夏 ng->tg
[2018-09-06 10:35:10]	定期 b->d
[2018-09-06 10:35:10]	年 n->qt
[2018-09-06 10:35:10]	延期 vd->vi
[2018-09-06 10:35:10]	缓期 vd->vi
[2018-09-06 10:35:10]	动感 b->n
[2018-09-06 10:35:10]	循环 vd->vn
[2018-09-06 10:35:10]	感冒 n->vi
[2018-09-06 10:35:10]	拼命 d->vi
[2018-09-06 10:35:10]	接力 n->vn
[2018-09-06 10:35:10]	常年 b->d
[2018-09-06 10:35:10]	终日 d->m
[2018-09-06 10:35:10]	时刻 d->n
[2018-09-06 10:35:10]	经常 b->d
[2018-09-06 10:35:10]	休克 vi->vn
[2018-09-06 10:35:10]	暂时 b->d
[2018-09-06 10:35:10]	眼前 s->t
[2018-09-06 10:35:10]	近来 d->t
[2018-09-06 10:35:10]	本能 d->n
[2018-09-06 10:35:10]	解 ng->v
[2018-09-06 10:35:10]	株 ng->q
[2018-09-06 10:35:10]	正面 a->n
[2018-09-06 10:35:10]	比 b->p
[2018-09-06 10:35:10]	永远 b->d
[2018-09-06 10:35:10]	恒久 a->z
[2018-09-06 10:35:10]	长期 b->d
[2018-09-06 10:35:10]	光 a->n
[2018-09-06 10:35:10]	对流 vi->vn
[2018-09-06 10:35:10]	平行 vd->vi
[2018-09-06 10:35:10]	死 a->v
[2018-09-06 10:35:10]	沉淀 n->vi
[2018-09-06 10:35:10]	火 a->n
[2018-09-06 10:35:10]	烧 n->vi
[2018-09-06 10:35:10]	相反 d->vi
[2018-09-06 10:35:10]	清明 a->t
[2018-09-06 10:35:10]	滑冰 n->vn
[2018-09-06 10:35:10]	甲 m->n
[2018-09-06 10:35:10]	疼痛 a->an
[2018-09-06 10:35:10]	痛苦 a->an
[2018-09-06 10:35:10]	直线 d->n
[2018-09-06 10:35:10]	秋 ng->tg
[2018-09-06 10:35:10]	联网 vd->vi
[2018-09-06 10:35:10]	裂变 n->vi
[2018-09-06 10:35:10]	象 n->ng
[2018-09-06 10:35:10]	辐射 n->v
[2018-09-06 10:35:10]	遗传 n->vn
[2018-09-06 10:35:10]	高压 b->n
[2018-09-06 10:35:10]	鼠 n->ng
[2018-09-06 10:35:10]	应当 d->v
[2018-09-06 10:35:10]	开阔 a->v
[2018-09-06 10:35:10]	当然 b->d
[2018-09-06 10:35:10]	晴 an->vi
[2018-09-06 10:35:10]	果然 c->d
[2018-09-06 10:35:10]	果真 c->d
[2018-09-06 10:35:10]	木 a->ng
[2018-09-06 10:35:10]	林 n->ng
[2018-09-06 10:35:10]	一定 b->d
[2018-09-06 10:35:10]	下游 f->n
[2018-09-06 10:35:10]	不然 a->c
[2018-09-06 10:35:10]	华夏 n->nz
[2018-09-06 10:35:10]	中游 f->n
[2018-09-06 10:35:10]	乔木 n->nr
[2018-09-06 10:35:10]	云 b->n
[2018-09-06 10:35:10]	依旧 d->z
[2018-09-06 10:35:10]	照旧 d->v
[2018-09-06 10:35:10]	从 d->p
[2018-09-06 10:35:10]	分布 vd->vi
[2018-09-06 10:35:10]	另外 c->rz
[2018-09-06 10:35:10]	叶 n->ng
[2018-09-06 10:35:10]	向 dg->p
[2018-09-06 10:35:10]	因为 c->p
[2018-09-06 10:35:10]	塘 b->ng
[2018-09-06 10:35:10]	大体 d->n
[2018-09-06 10:35:10]	大致 b->d
[2018-09-06 10:35:10]	仿佛 d->v
[2018-09-06 10:35:10]	近似 a->v
[2018-09-06 10:35:10]	宏观 a->n
[2018-09-06 10:35:10]	多次 ad->mq
[2018-09-06 10:35:10]	频仍 a->v
[2018-09-06 10:35:10]	辗转 vd->vi
[2018-09-06 10:35:10]	蜿蜒 v->z
[2018-09-06 10:35:10]	公 ad->ng
[2018-09-06 10:35:10]	露 ng->v
[2018-09-06 10:35:10]	首先 c->d
[2018-09-06 10:35:10]	最初 b->d
[2018-09-06 10:35:10]	和平 a->n
[2018-09-06 10:35:10]	排 n->v
[2018-09-06 10:35:10]	演习 v->vn
[2018-09-06 10:35:10]	舍身 d->v
[2018-09-06 10:35:10]	由于 c->p
[2018-09-06 10:35:10]	胜利 ad->vi
[2018-09-06 10:35:10]	边防 b->n
[2018-09-06 10:35:10]	隐蔽 a->v
[2018-09-06 10:35:10]	隐秘 a->n
[2018-09-06 10:35:10]	雷达 n->nr
[2018-09-06 10:35:10]	高度 d->n
[2018-09-06 10:35:10]	徐徐 d->nr
[2018-09-06 10:35:10]	湖 b->n
[2018-09-06 10:35:10]	高温 an->n
[2018-09-06 10:35:10]	火热 a->z
[2018-09-06 10:35:10]	甚至 c->d
[2018-09-06 10:35:10]	的 n->ude1
[2018-09-06 10:35:10]	神农架 n->ns
[2018-09-06 10:35:10]	到底 d->vi
[2018-09-06 10:35:10]	竹 n->ng
[2018-09-06 10:35:10]	经过 n->p
[2018-09-06 10:35:10]	花 a->n
[2018-09-06 10:35:10]	蕴含 n->v
[2018-09-06 10:35:10]	西双版纳 ns->nsf
[2018-09-06 10:35:10]	边陲 n->s
[2018-09-06 10:35:10]	金 b->ng
[2018-09-06 10:35:10]	银 b->ng
[2018-09-06 10:35:10]	锡 b->n
[2018-09-06 10:35:10]	长春 ns->nz
[2018-09-06 10:35:10]	中 b->f
[2018-09-06 10:35:10]	久 a->ng
[2018-09-06 10:35:10]	乌拉圭 ns->nsf
[2018-09-06 10:35:10]	了 ule->y
[2018-09-06 10:35:10]	以 b->p
[2018-09-06 10:35:10]	何 nr1->ry
[2018-09-06 10:35:10]	作 ng->v
[2018-09-06 10:35:10]	华盛顿 nrf->nsf
[2018-09-06 10:35:10]	可能 n->v
[2018-09-06 10:35:10]	孙 n->nr1
[2018-09-06 10:35:10]	孙子 n->nr
[2018-09-06 10:35:10]	孟加拉 n->nsf
[2018-09-06 10:35:10]	得 ude3->v
[2018-09-06 10:35:10]	愿 ng->v
[2018-09-06 10:35:10]	新加坡 ns->nsf
[2018-09-06 10:35:10]	杨 ng->nr1
[2018-09-06 10:35:10]	柬埔寨 ns->nsf
[2018-09-06 10:35:10]	如 c->v
[2018-09-06 10:35:10]	沈 b->nr1
[2018-09-06 10:35:10]	马马虎虎 al->z
[2018-09-06 10:35:10]	魏 nr1->tg
[2018-09-06 10:35:10]	互相 b->d
[2018-09-06 10:35:10]	交替 d->vi
[2018-09-06 10:35:10]	优惠 a->vn
[2018-09-06 10:35:10]	位 ng->q
[2018-09-06 10:35:10]	使劲 vd->vi
[2018-09-06 10:35:10]	保安 b->n
[2018-09-06 10:35:10]	倒 d->vi
[2018-09-06 10:35:10]	倾斜 vd->vi
[2018-09-06 10:35:10]	典型 a->n
[2018-09-06 10:35:10]	冰激凌 n->gms
[2018-09-06 10:35:10]	冲 p->v
[2018-09-06 10:35:10]	包子 n->gms
[2018-09-06 10:35:10]	反 b->vi
[2018-09-06 10:35:10]	施展 nr->v
[2018-09-06 10:35:10]	土 a->n
[2018-09-06 10:35:10]	堆 k->v
[2018-09-06 10:35:10]	孤立 a->v
[2018-09-06 10:35:10]	手工 d->n
[2018-09-06 10:35:10]	打字 vi->vn
[2018-09-06 10:35:10]	担 ng->v
[2018-09-06 10:35:10]	拐弯 n->vi
[2018-09-06 10:35:10]	指挥 n->v
[2018-09-06 10:35:10]	摩擦 v->vn
[2018-09-06 10:35:10]	收 ng->v
[2018-09-06 10:35:10]	信步 vd->vi
[2018-09-06 10:35:10]	方 a->d
[2018-09-06 10:35:10]	多数 a->m
[2018-09-06 10:35:10]	根据 n->p
[2018-09-06 10:35:10]	据 ng->p
[2018-09-06 10:35:10]	泉 n->ng
[2018-09-06 10:35:10]	消费 n->vn
[2018-09-06 10:35:10]	深入 a->v
[2018-09-06 10:35:10]	滴 q->v
[2018-09-06 10:35:10]	爆米花 n->gms
[2018-09-06 10:35:10]	狮 n->ng
[2018-09-06 10:35:10]	留 ng->v
[2018-09-06 10:35:10]	船埠 n->gjtgj
[2018-09-06 10:35:10]	研 ng->v
[2018-09-06 10:35:10]	确定 a->v
[2018-09-06 10:35:10]	空缺 n->v
[2018-09-06 10:35:10]	聊 d->v
[2018-09-06 10:35:10]	睿智 a->an
[2018-09-06 10:35:10]	肉 a->n
[2018-09-06 10:35:10]	反面 b->n
[2018-09-06 10:35:10]	肥 a->n
[2018-09-06 10:35:10]	记录 n->v
[2018-09-06 10:35:10]	记载 n->v
[2018-09-06 10:35:10]	设计 n->v
[2018-09-06 10:35:10]	调查 n->v
[2018-09-06 10:35:10]	负责 a->v
[2018-09-06 10:35:10]	削价 vd->vi
[2018-09-06 10:35:10]	降价 vd->vi
[2018-09-06 10:35:10]	减价 vd->vi
[2018-09-06 10:35:10]	边 b->n
[2018-09-06 10:35:10]	逆向 a->d
[2018-09-06 10:35:10]	透亮 a->vi
[2018-09-06 10:35:10]	集资 vd->vi
[2018-09-06 10:35:10]	需要 n->v
[2018-09-06 10:35:10]	靠 ng->v
[2018-09-06 10:35:10]	分类 vd->vi
[2018-09-06 10:35:10]	列 n->v
[2018-09-06 10:35:10]	固定 a->v
[2018-09-06 10:35:10]	块 ng->q
[2018-09-06 10:35:10]	宽带 b->n
[2018-09-06 10:35:10]	标注 n->v
[2018-09-06 10:35:10]	模拟 b->v
[2018-09-06 10:35:10]	盗版 n->vn
[2018-09-06 10:35:10]	型 k->ng
[2018-09-06 10:35:10]	行 a->vi
[2018-09-06 10:35:10]	隔离 vd->vn
[2018-09-06 10:35:10]	集成 b->v
[2018-09-06 10:35:10]	三星 n->nt
[2018-09-06 10:35:10]	三维 mq->n
[2018-09-06 10:35:10]	位移 n->v
[2018-09-06 10:35:10]	前端 f->n
[2018-09-06 10:35:10]	同心 a->vi
[2018-09-06 10:35:10]	同步 b->vi
[2018-09-06 10:35:10]	实时 a->n
[2018-09-06 10:35:10]	容错 b->vn
[2018-09-06 10:35:10]	微调 n->v
[2018-09-06 10:35:10]	批量 d->m
[2018-09-06 10:35:10]	指向 n->v
[2018-09-06 10:35:10]	搜狐 n->gwz
[2018-09-06 10:35:10]	数码 b->n
[2018-09-06 10:35:10]	整体 m->n
[2018-09-06 10:35:10]	新建 b->v
[2018-09-06 10:35:10]	特效 b->n
[2018-09-06 10:35:10]	移动 v->vn
[2018-09-06 10:35:10]	认证 vi->vn
[2018-09-06 10:35:10]	请求 n->v
[2018-09-06 10:35:10]	迁徙 n->v
[2018-09-06 10:35:10]	运算 vi->vn
[2018-09-06 10:35:10]	配置 n->v
[2018-09-06 10:35:10]	随机 b->d
[2018-09-06 10:35:10]	定时 b->d
[2018-09-06 10:35:10]	定点 b->n
[2018-09-06 10:35:10]	段 n->q
[2018-09-06 10:35:10]	编译 n->v
[2018-09-06 10:35:10]	安 ag->v
[2018-09-06 10:35:10]	安定 a->an
[2018-09-06 10:35:10]	带 n->v
[2018-09-06 10:35:10]	带子 n->v
[2018-09-06 10:35:10]	戴 nr1->v
[2018-09-06 10:35:10]	标准 a->n
[2018-09-06 10:35:10]	等 n->v
[2018-09-06 10:35:10]	船 n->gjtgj
[2018-09-06 10:35:10]	被 d->pbei
[2018-09-06 10:35:10]	道德 a->n
[2018-09-06 10:35:10]	道教 n->nz
[2018-09-06 10:35:10]	瞬间 n->t
[2018-09-06 10:35:10]	微 a->nz
[2018-09-06 10:35:10]	竹编 b->n
[2018-09-06 10:35:10]	审美 vi->vn
[2018-09-06 10:35:10]	雕版 b->n
[2018-09-06 10:35:10]	凝重 a->z
[2018-09-06 10:35:10]	超 h->v
[2018-09-06 10:35:10]	代办 n->v
[2018-09-06 10:35:10]	具象 a->n
[2018-09-06 10:35:10]	剪贴 n->v
[2018-09-06 10:35:10]	面 f->n
[2018-09-06 10:35:10]	写实主义 n->nl
[2018-09-06 10:35:10]	湿润 a->v
[2018-09-06 10:35:10]	超现实主义 b->n
[2018-09-06 10:35:10]	写实 b->vi
[2018-09-06 10:35:10]	诚心 a->n
[2018-09-06 10:35:10]	草编 b->n
[2018-09-06 10:35:10]	高贵 a->nr
[2018-09-06 10:35:10]	创作 n->v
[2018-09-06 10:35:10]	重叠 vd->vi
[2018-09-06 10:35:10]	昂首 vd->vi
[2018-09-06 10:35:10]	他人 rr->r
[2018-09-06 10:35:10]	老大 a->n
[2018-09-06 10:35:10]	各人 rr->r
[2018-09-06 10:35:10]	早起 vi->v
[2018-09-06 10:35:10]	下流 a->s
[2018-09-06 10:35:10]	在内 f->v
[2018-09-06 10:35:10]	回家 vi->v
[2018-09-06 10:35:10]	才能 n->v
[2018-09-06 10:35:10]	中意 a->n
[2018-09-06 10:35:10]	能干 a->v
[2018-09-06 10:35:10]	自大 a->an
[2018-09-06 10:35:10]	自得 an->a
[2018-09-06 10:35:10]	有余 m->v
[2018-09-06 10:35:10]	上流 b->n
[2018-09-06 10:35:10]	马上 d->n
[2018-09-06 10:35:10]	无法 d->v
[2018-09-06 10:35:10]	没法 d->v
[2018-09-06 10:35:10]	对等 vi->vn
[2018-09-06 10:35:10]	越过 v->n
[2018-09-06 10:35:10]	一口气 d->n
[2018-09-06 10:35:10]	得手 a->v
[2018-09-06 10:35:10]	国都 d->n
[2018-09-06 10:35:10]	就是 c->n
[2018-09-06 10:35:10]	有用 a->n
[2018-09-06 10:35:10]	无情 a->n
[2018-09-06 10:35:10]	从宽 d->v
[2018-09-06 10:35:10]	中选 vi->v
[2018-09-06 10:35:10]	一起 d->s
[2018-09-06 10:35:10]	一道 d->n
[2018-09-06 10:35:10]	一块 d->s
[2018-09-06 10:35:10]	不是 c->n
[2018-09-06 10:35:10]	总会 d->n
[2018-09-06 10:35:10]	你好 vl->n
[2018-09-06 10:35:10]	而后 c->d
[2018-09-06 10:35:10]	省钱 a->v
[2018-09-06 10:35:10]	人为 b->d
[2018-09-06 10:35:10]	大路 n->nz
[2018-09-06 10:35:10]	一下 d->m
[2018-09-06 10:35:10]	各处 rzs->r
[2018-09-06 10:35:10]	年间 f->n
[2018-09-06 10:35:10]	对应 vi->v
[2018-09-06 10:35:10]	秒钟 n->q
[2018-09-06 10:35:10]	真的 a->d
[2018-09-06 10:35:10]	从中 d->n
[2018-09-06 10:35:10]	乘机 d->vn
[2018-09-06 10:35:10]	七零八落 al->nl
[2018-09-06 10:35:10]	三角 n->ns
[2018-09-06 10:35:10]	用力 a->n
[2018-09-06 10:35:10]	完了 vi->n
[2018-09-06 10:35:10]	下场 n->v
[2018-09-06 10:35:10]	谈天 vi->v
[2018-09-06 10:35:10]	不结盟 vi->n
[2018-09-06 10:35:10]	不行 a->n
[2018-09-06 10:35:10]	促销 v->n
[2018-09-06 10:35:10]	倒休 vi->n
[2018-09-06 10:35:10]	刺鼻 a->n
[2018-09-06 10:35:10]	唱反调 v->n
[2018-09-06 10:35:10]	孔子 nr->n
[2018-09-06 10:35:10]	崔 nr1->n
[2018-09-06 10:35:10]	差点儿 d->n
[2018-09-06 10:35:10]	打工 vi->n
[2018-09-06 10:35:10]	拆线 vi->n
[2018-09-06 10:35:10]	棒 a->n
[2018-09-06 10:35:10]	磕 v->n
[2018-09-06 10:35:10]	粗心 a->n
[2018-09-06 10:35:10]	考虑 v->n
[2018-09-06 10:35:10]	肯德基 nz->n
[2018-09-06 10:35:10]	边境 s->n
[2018-09-06 10:35:10]	锤 ng->n
[2018-09-06 10:35:10]	飙升 v->n
