[2018-11-09 08:55:28]	爱 b->v
[2018-11-09 08:55:28]	安 ag->v
[2018-11-09 08:55:28]	安定 a->an
[2018-11-09 08:55:28]	本分 a->n
[2018-11-09 08:55:28]	宁静 a->an
[2018-11-09 08:55:28]	安宁 a->an
[2018-11-09 08:55:28]	安谧 a->an
[2018-11-09 08:55:28]	和缓 a->ad
[2018-11-09 08:55:28]	太平 a->ns
[2018-11-09 08:55:28]	安全 a->an
[2018-11-09 08:55:28]	安慰 a->v
[2018-11-09 08:55:28]	按时 d->ad
[2018-11-09 08:55:28]	昂首 vd->vi
[2018-11-09 08:55:28]	昂扬 a->v
[2018-11-09 08:55:28]	后悔 a->v
[2018-11-09 08:55:28]	八宝粥 n->gms
[2018-11-09 08:55:28]	把 m->v
[2018-11-09 08:55:28]	百合 n->nr
[2018-11-09 08:55:28]	绊 ng->v
[2018-11-09 08:55:28]	棒 a->ng
[2018-11-09 08:55:28]	包 n->v
[2018-11-09 08:55:28]	折 ng->vi
[2018-11-09 08:55:28]	叠 q->v
[2018-11-09 08:55:28]	包子 n->gms
[2018-11-09 08:55:28]	保安 b->n
[2018-11-09 08:55:28]	保障 n->v
[2018-11-09 08:55:28]	保健 b->n
[2018-11-09 08:55:28]	封闭 a->v
[2018-11-09 08:55:28]	保险 a->n
[2018-11-09 08:55:28]	保证 n->v
[2018-11-09 08:55:28]	不好意思 a->vl
[2018-11-09 08:55:28]	背 a->v
[2018-11-09 08:55:28]	被 d->pbei
[2018-11-09 08:55:28]	必然 b->n
[2018-11-09 08:55:28]	一定 b->d
[2018-11-09 08:55:28]	边 b->n
[2018-11-09 08:55:28]	边缘 b->n
[2018-11-09 08:55:28]	边防 b->n
[2018-11-09 08:55:28]	边陲 n->s
[2018-11-09 08:55:28]	变化 v->vn
[2018-11-09 08:55:28]	标准 a->n
[2018-11-09 08:55:28]	规范 a->v
[2018-11-09 08:55:28]	飞跃 vi->vn
[2018-11-09 08:55:28]	口头 d->n
[2018-11-09 08:55:28]	表现 n->v
[2018-11-09 08:55:28]	别名 n->nz
[2018-11-09 08:55:28]	做作 a->v
[2018-11-09 08:55:28]	拨 q->v
[2018-11-09 08:55:28]	奔腾 nz->vi
[2018-11-09 08:55:28]	盘剥 v->vn
[2018-11-09 08:55:28]	补偿 v->vn
[2018-11-09 08:55:28]	甭 d->v
[2018-11-09 08:55:28]	不安 a->an
[2018-11-09 08:55:28]	焦虑 a->an
[2018-11-09 08:55:28]	恐慌 a->an
[2018-11-09 08:55:28]	不满 a->an
[2018-11-09 08:55:28]	例外 n->vi
[2018-11-09 08:55:28]	不幸 a->n
[2018-11-09 08:55:28]	部分 m->n
[2018-11-09 08:55:28]	华 ag->b
[2018-11-09 08:55:28]	愧疚 a->an
[2018-11-09 08:55:28]	辉煌 a->an
[2018-11-09 08:55:28]	绚烂 a->an
[2018-11-09 08:55:28]	仓储 n->vn
[2018-11-09 08:55:28]	费心 a->v
[2018-11-09 08:55:28]	迥异 a->z
[2018-11-09 08:55:28]	叶 n->ng
[2018-11-09 08:55:28]	拆解 v->vn
[2018-11-09 08:55:28]	知了 n->nz
[2018-11-09 08:55:28]	长春 ns->nz
[2018-11-09 08:55:28]	经常 b->d
[2018-11-09 08:55:28]	超 h->v
[2018-11-09 08:55:28]	超产 v->vn
[2018-11-09 08:55:28]	超支 n->v
[2018-11-09 08:55:28]	车次 n->nz
[2018-11-09 08:55:28]	沉淀 n->vi
[2018-11-09 08:55:28]	尽职 vd->vi
[2018-11-09 08:55:28]	诚心 a->n
[2018-11-09 08:55:28]	党羽 n->nz
[2018-11-09 08:55:28]	冲突 vi->vn
[2018-11-09 08:55:28]	倾心 ad->vi
[2018-11-09 08:55:28]	喜好 an->v
[2018-11-09 08:55:28]	空洞 a->n
[2018-11-09 08:55:28]	抽样 vd->vi
[2018-11-09 08:55:28]	臭豆腐 n->gms
[2018-11-09 08:55:28]	出口 n->vi
[2018-11-09 08:55:28]	肇事 vi->vn
[2018-11-09 08:55:28]	出租 n->v
[2018-11-09 08:55:28]	先期 b->d
[2018-11-09 08:55:28]	除外 vi->v
[2018-11-09 08:55:28]	装 n->v
[2018-11-09 08:55:28]	传统 a->n
[2018-11-09 08:55:28]	船 n->gjtgj
[2018-11-09 08:55:28]	轮船 n->gjtgj
[2018-11-09 08:55:28]	船舶 n->gjtgj
[2018-11-09 08:55:28]	春分 t->n
[2018-11-09 08:55:28]	刺 n->v
[2018-11-09 08:55:28]	睿智 a->an
[2018-11-09 08:55:28]	智慧 a->n
[2018-11-09 08:55:28]	从 d->p
[2018-11-09 08:55:28]	自 d->p
[2018-11-09 08:55:28]	粗心 a->an
[2018-11-09 08:55:28]	大意 a->n
[2018-11-09 08:55:28]	酸 a->n
[2018-11-09 08:55:28]	摩擦 v->vn
[2018-11-09 08:55:28]	坎坷 a->an
[2018-11-09 08:55:28]	错误 a->n
[2018-11-09 08:55:28]	达标 vd->vi
[2018-11-09 08:55:28]	答复 n->v
[2018-11-09 08:55:28]	打 p->v
[2018-11-09 08:55:28]	狩猎 n->vi
[2018-11-09 08:55:28]	打算 n->v
[2018-11-09 08:55:28]	大寒 t->nz
[2018-11-09 08:55:28]	大家 n->rr
[2018-11-09 08:55:28]	大料 n->nz
[2018-11-09 08:55:28]	大致 b->d
[2018-11-09 08:55:28]	呆 a->v
[2018-11-09 08:55:28]	代办 n->v
[2018-11-09 08:55:28]	代理 n->v
[2018-11-09 08:55:28]	带 n->v
[2018-11-09 08:55:28]	带子 n->v
[2018-11-09 08:55:28]	条 ng->q
[2018-11-09 08:55:28]	戴 nr1->v
[2018-11-09 08:55:28]	单 b->d
[2018-11-09 08:55:28]	单独 b->d
[2018-11-09 08:55:28]	当面 d->n
[2018-11-09 08:55:28]	那天 r->t
[2018-11-09 08:55:28]	挡 n->v
[2018-11-09 08:55:28]	的 n->ude1
[2018-11-09 08:55:28]	得 ude3->v
[2018-11-09 08:55:28]	到 p->v
[2018-11-09 08:55:28]	倒 d->vi
[2018-11-09 08:55:28]	偷 d->v
[2018-11-09 08:55:28]	道德 a->n
[2018-11-09 08:55:28]	道教 n->nz
[2018-11-09 08:55:28]	上岸 vi->v
[2018-11-09 08:55:28]	等 n->v
[2018-11-09 08:55:28]	地铁 n->gjtgj
[2018-11-09 08:55:28]	光 a->n
[2018-11-09 08:55:28]	光辉 a->n
[2018-11-09 08:55:28]	顶 f->v
[2018-11-09 08:55:28]	定额 d->n
[2018-11-09 08:55:28]	定期 b->d
[2018-11-09 08:55:28]	东 b->f
[2018-11-09 08:55:28]	东乡族 ns->nz
[2018-11-09 08:55:28]	全部 m->ad
[2018-11-09 08:55:28]	斗争 vi->vn
[2018-11-09 08:55:28]	独立 a->v
[2018-11-09 08:55:28]	自力 n->nr
[2018-11-09 08:55:28]	渡 ng->v
[2018-11-09 08:55:28]	端 ng->v
[2018-11-09 08:55:28]	端正 a->v
[2018-11-09 08:55:28]	断 d->v
[2018-11-09 08:55:28]	对仗 n->nz
[2018-11-09 08:55:28]	多 a->m
[2018-11-09 08:55:28]	饿 a->v
[2018-11-09 08:55:28]	发 ng->v
[2018-11-09 08:55:28]	带头 vd->vi
[2018-11-09 08:55:28]	发糕 n->gms
[2018-11-09 08:55:28]	施展 nr->v
[2018-11-09 08:55:28]	发烧 b->vi
[2018-11-09 08:55:28]	无力 a->vi
[2018-11-09 08:55:28]	法 b->n
[2018-11-09 08:55:28]	庭审 n->v
[2018-11-09 08:55:28]	帆船 n->gjtgj
[2018-11-09 08:55:28]	繁荣 a->an
[2018-11-09 08:55:28]	重复 a->v
[2018-11-09 08:55:28]	来回 d->vi
[2018-11-09 08:55:28]	反面 b->n
[2018-11-09 08:55:28]	反应 n->vi
[2018-11-09 08:55:28]	犯罪 vi->vn
[2018-11-09 08:55:28]	范 ng->nr1
[2018-11-09 08:55:28]	方 a->d
[2018-11-09 08:55:28]	方便面 n->gms
[2018-11-09 08:55:28]	防汛 vi->vn
[2018-11-09 08:55:28]	飞机 n->gjtgj
[2018-11-09 08:55:28]	肥 a->n
[2018-11-09 08:55:28]	分布 vd->vi
[2018-11-09 08:55:28]	分离 vd->vi
[2018-11-09 08:55:28]	分米 q->qt
[2018-11-09 08:55:28]	生气 a->n
[2018-11-09 08:55:28]	风光 a->n
[2018-11-09 08:55:28]	封 ng->v
[2018-11-09 08:55:28]	冯 m->nr1
[2018-11-09 08:55:28]	抚恤 vi->vn
[2018-11-09 08:55:28]	远望 nz->v
[2018-11-09 08:55:28]	腐败 a->an
[2018-11-09 08:55:28]	负责 a->v
[2018-11-09 08:55:28]	中兴 ns->nz
[2018-11-09 08:55:28]	副词 n->nz
[2018-11-09 08:55:28]	付 q->v
[2018-11-09 08:55:28]	次要 b->bl
[2018-11-09 08:55:28]	富 a->vg
[2018-11-09 08:55:28]	富有 a->v
[2018-11-09 08:55:28]	富余 a->vn
[2018-11-09 08:55:28]	盖 d->v
[2018-11-09 08:55:28]	扣 ng->v
[2018-11-09 08:55:28]	干 a->v
[2018-11-09 08:55:28]	甘 ad->ag
[2018-11-09 08:55:28]	感动 a->v
[2018-11-09 08:55:28]	感冒 n->vi
[2018-11-09 08:55:28]	不久 d->m
[2018-11-09 08:55:28]	方才 d->nr
[2018-11-09 08:55:28]	高贵 a->nr
[2018-11-09 08:55:28]	年老 a->vi
[2018-11-09 08:55:28]	革命 a->vn
[2018-11-09 08:55:28]	解 ng->v
[2018-11-09 08:55:28]	根据 n->p
[2018-11-09 08:55:28]	据 ng->p
[2018-11-09 08:55:28]	跟随 p->v
[2018-11-09 08:55:28]	随着 d->p
[2018-11-09 08:55:28]	更年期 n->t
[2018-11-09 08:55:28]	工作 n->vn
[2018-11-09 08:55:28]	公开 a->v
[2018-11-09 08:55:28]	巩固 a->v
[2018-11-09 08:55:28]	共产党 n->nz
[2018-11-09 08:55:28]	奉献 n->v
[2018-11-09 08:55:28]	够 a->v
[2018-11-09 08:55:28]	孤立 a->v
[2018-11-09 08:55:28]	孤僻 a->an
[2018-11-09 08:55:28]	鼓 a->v
[2018-11-09 08:55:28]	彭 m->nr1
[2018-11-09 08:55:28]	鼓舞 a->v
[2018-11-09 08:55:28]	固定 a->v
[2018-11-09 08:55:28]	稳定 a->an
[2018-11-09 08:55:28]	传奇 a->n
[2018-11-09 08:55:28]	故意 b->d
[2018-11-09 08:55:28]	有意 d->vi
[2018-11-09 08:55:28]	成心 d->v
[2018-11-09 08:55:28]	顾 ng->v
[2018-11-09 08:55:28]	挂 q->v
[2018-11-09 08:55:28]	关切 a->v
[2018-11-09 08:55:28]	论断 n->vn
[2018-11-09 08:55:28]	臣 n->ng
[2018-11-09 08:55:28]	管理 v->vn
[2018-11-09 08:55:28]	管制 v->vn
[2018-11-09 08:55:28]	光明 a->n
[2018-11-09 08:55:28]	亮 a->vi
[2018-11-09 08:55:28]	归结 n->vi
[2018-11-09 08:55:28]	鬼 a->n
[2018-11-09 08:55:28]	邪 a->ag
[2018-11-09 08:55:28]	滚 ng->vi
[2018-11-09 08:55:28]	国庆 n->t
[2018-11-09 08:55:28]	干脆 a->d
[2018-11-09 08:55:28]	断然 b->d
[2018-11-09 08:55:28]	果然 c->d
[2018-11-09 08:55:28]	果真 c->d
[2018-11-09 08:55:28]	过期 vd->vi
[2018-11-09 08:55:28]	海口 n->ns
[2018-11-09 08:55:28]	琼 b->nr1
[2018-11-09 08:55:28]	叫 n->vi
[2018-11-09 08:55:28]	汉堡包 n->gms
[2018-11-09 08:55:28]	数码 b->n
[2018-11-09 08:55:28]	合资 b->vi
[2018-11-09 08:55:28]	集资 vd->vi
[2018-11-09 08:55:28]	合伙 vd->vi
[2018-11-09 08:55:28]	合股 vd->vi
[2018-11-09 08:55:28]	和 ag->cc
[2018-11-09 08:55:28]	集合 n->v
[2018-11-09 08:55:28]	与 cc->p
[2018-11-09 08:55:28]	同 cc->p
[2018-11-09 08:55:28]	并 cc->d
[2018-11-09 08:55:28]	狠 a->d
[2018-11-09 08:55:28]	狠心 a->an
[2018-11-09 08:55:28]	横 a->v
[2018-11-09 08:55:28]	哄 o->v
[2018-11-09 08:55:28]	后期 f->t
[2018-11-09 08:55:28]	胡 d->nr1
[2018-11-09 08:55:28]	湖 b->n
[2018-11-09 08:55:28]	迷惑 a->v
[2018-11-09 08:55:28]	依稀 a->d
[2018-11-09 08:55:28]	互相 b->d
[2018-11-09 08:55:28]	花 a->n
[2018-11-09 08:55:28]	花卷 n->gms
[2018-11-09 08:55:28]	滑冰 n->vn
[2018-11-09 08:55:28]	滑雪 vi->vn
[2018-11-09 08:55:28]	化验 n->v
[2018-11-09 08:55:28]	打扮 n->v
[2018-11-09 08:55:28]	还账 v->vi
[2018-11-09 08:55:28]	涣散 a->v
[2018-11-09 08:55:28]	怪诞 a->an
[2018-11-09 08:55:28]	黄色 b->n
[2018-11-09 08:55:28]	回头 d->vi
[2018-11-09 08:55:28]	会 n->v
[2018-11-09 08:55:28]	馄饨 n->gms
[2018-11-09 08:55:28]	活动 a->vn
[2018-11-09 08:55:28]	该死 vi->v
[2018-11-09 08:55:28]	活 a->n
[2018-11-09 08:55:28]	火车 n->gjtgj
[2018-11-09 08:55:28]	机械 a->n
[2018-11-09 08:55:28]	缉私 vi->vn
[2018-11-09 08:55:28]	狂热 a->an
[2018-11-09 08:55:28]	极端 a->n
[2018-11-09 08:55:28]	集邮 vi->vn
[2018-11-09 08:55:28]	集中 a->v
[2018-11-09 08:55:28]	挤 a->v
[2018-11-09 08:55:28]	运算 vi->vn
[2018-11-09 08:55:28]	记录 n->v
[2018-11-09 08:55:28]	记载 n->v
[2018-11-09 08:55:28]	纪念 n->v
[2018-11-09 08:55:28]	长项 n->nz
[2018-11-09 08:55:28]	加班 vd->vi
[2018-11-09 08:55:28]	夹 b->v
[2018-11-09 08:55:28]	家 k->n
[2018-11-09 08:55:28]	值 a->n
[2018-11-09 08:55:28]	尖端 b->n
[2018-11-09 08:55:28]	坚定 a->v
[2018-11-09 08:55:28]	监察 v->vn
[2018-11-09 08:55:28]	调查 n->v
[2018-11-09 08:55:28]	方便 a->v
[2018-11-09 08:55:28]	便利 a->an
[2018-11-09 08:55:28]	间接 a->b
[2018-11-09 08:55:28]	建设 n->vn
[2018-11-09 08:55:28]	健全 a->v
[2018-11-09 08:55:28]	讲究 a->v
[2018-11-09 08:55:28]	降价 vd->vi
[2018-11-09 08:55:28]	坦白 a->v
[2018-11-09 08:55:28]	灌 ng->v
[2018-11-09 08:55:28]	娇气 a->n
[2018-11-09 08:55:28]	骄傲 a->an
[2018-11-09 08:55:28]	饺子 n->gms
[2018-11-09 08:55:28]	教 ng->v
[2018-11-09 08:55:28]	教育 v->vn
[2018-11-09 08:55:28]	接力 n->vn
[2018-11-09 08:55:28]	结果 c->n
[2018-11-09 08:55:28]	结业 vd->vi
[2018-11-09 08:55:28]	解放 a->v
[2018-11-09 08:55:28]	解放战争 n->nz
[2018-11-09 08:55:28]	借 p->v
[2018-11-09 08:55:28]	租 ng->v
[2018-11-09 08:55:28]	借贷 n->v
[2018-11-09 08:55:28]	借条 n->nz
[2018-11-09 08:55:28]	金 b->ng
[2018-11-09 08:55:28]	尽力 d->vi
[2018-11-09 08:55:28]	全力 d->n
[2018-11-09 08:55:28]	尽心 a->v
[2018-11-09 08:55:28]	进步 a->vn
[2018-11-09 08:55:28]	临近 a->v
[2018-11-09 08:55:28]	经过 n->p
[2018-11-09 08:55:28]	经济 a->n
[2018-11-09 08:55:28]	经营 n->v
[2018-11-09 08:55:28]	精神 a->n
[2018-11-09 08:55:28]	感慨 a->v
[2018-11-09 08:55:28]	警惕 a->v
[2018-11-09 08:55:28]	敬业 a->vi
[2018-11-09 08:55:28]	就 c->d
[2018-11-09 08:55:28]	举 ag->v
[2018-11-09 08:55:28]	举重 n->vn
[2018-11-09 08:55:28]	行 a->vi
[2018-11-09 08:55:28]	锯 n->v
[2018-11-09 08:55:28]	卷 ng->v
[2018-11-09 08:55:28]	决定 n->v
[2018-11-09 08:55:28]	决赛 vi->vn
[2018-11-09 08:55:28]	决心 d->n
[2018-11-09 08:55:28]	开创 n->v
[2018-11-09 08:55:28]	开放 a->v
[2018-11-09 08:55:28]	开阔 a->v
[2018-11-09 08:55:28]	伊始 t->vi
[2018-11-09 08:55:28]	初叶 f->t
[2018-11-09 08:55:28]	初始 b->t
[2018-11-09 08:55:28]	初步 b->d
[2018-11-09 08:55:28]	看 u->v
[2018-11-09 08:55:28]	测验 v->vn
[2018-11-09 08:55:28]	考验 v->vn
[2018-11-09 08:55:28]	烤鸭 n->gms
[2018-11-09 08:55:28]	靠 ng->v
[2018-11-09 08:55:28]	科学 a->n
[2018-11-09 08:55:28]	可怜 a->v
[2018-11-09 08:55:28]	可惜 a->v
[2018-11-09 08:55:28]	可以 a->v
[2018-11-09 08:55:28]	能 d->v
[2018-11-09 08:55:28]	克 b->vg
[2018-11-09 08:55:28]	客观 a->n
[2018-11-09 08:55:28]	买家 n->nz
[2018-11-09 08:55:28]	肯定 a->v
[2018-11-09 08:55:28]	空 a->v
[2018-11-09 08:55:28]	口 f->n
[2018-11-09 08:55:28]	苦 a->an
[2018-11-09 08:55:28]	苦涩 a->an
[2018-11-09 08:55:28]	苦闷 a->an
[2018-11-09 08:55:28]	迷茫 a->an
[2018-11-09 08:55:28]	苦恼 a->an
[2018-11-09 08:55:28]	迷惘 a->an
[2018-11-09 08:55:28]	夸张 n->vi
[2018-11-09 08:55:28]	跨 ng->v
[2018-11-09 08:55:28]	越 b->d
[2018-11-09 08:55:28]	匡 nr1->vg
[2018-11-09 08:55:28]	捆 ng->v
[2018-11-09 08:55:28]	困惑 a->an
[2018-11-09 08:55:28]	疑惑 an->v
[2018-11-09 08:55:28]	困难 a->an
[2018-11-09 08:55:28]	拉 b->v
[2018-11-09 08:55:28]	腊八粥 n->gms
[2018-11-09 08:55:28]	来 f->vf
[2018-11-09 08:55:28]	天车 n->nz
[2018-11-09 08:55:28]	懈怠 a->an
[2018-11-09 08:55:28]	劳动 vi->vn
[2018-11-09 08:55:28]	坚韧 a->an
[2018-11-09 08:55:28]	铭刻 n->v
[2018-11-09 08:55:28]	铭记 n->v
[2018-11-09 08:55:28]	东家 n->nz
[2018-11-09 08:55:28]	了 ule->y
[2018-11-09 08:55:28]	累 a->v
[2018-11-09 08:55:28]	疲劳 a->an
[2018-11-09 08:55:28]	困倦 a->an
[2018-11-09 08:55:28]	倦怠 a->an
[2018-11-09 08:55:28]	礼貌 a->an
[2018-11-09 08:55:28]	李 ng->nr1
[2018-11-09 08:55:28]	理想 a->n
[2018-11-09 08:55:28]	理性 b->n
[2018-11-09 08:55:28]	连 d->n
[2018-11-09 08:55:28]	盟 n->ng
[2018-11-09 08:55:28]	联系 n->v
[2018-11-09 08:55:28]	练习 n->v
[2018-11-09 08:55:28]	辽 b->tg
[2018-11-09 08:55:28]	劣 a->ag
[2018-11-09 08:55:28]	林 n->ng
[2018-11-09 08:55:28]	小气 a->ad
[2018-11-09 08:55:28]	零售 v->vn
[2018-11-09 08:55:28]	另外 c->rz
[2018-11-09 08:55:28]	小产 v->vi
[2018-11-09 08:55:28]	流行 a->v
[2018-11-09 08:55:28]	柳 n->ng
[2018-11-09 08:55:28]	漏 ng->v
[2018-11-09 08:55:28]	滴 q->v
[2018-11-09 08:55:28]	露 ng->v
[2018-11-09 08:55:28]	旅游 vi->vn
[2018-11-09 08:55:28]	动感 b->n
[2018-11-09 08:55:28]	乱 a->d
[2018-11-09 08:55:28]	轮班 vd->vn
[2018-11-09 08:55:28]	转 ng->v
[2018-11-09 08:55:28]	麻 a->n
[2018-11-09 08:55:28]	麻烦 a->an
[2018-11-09 08:55:28]	烦恼 a->an
[2018-11-09 08:55:28]	马 b->n
[2018-11-09 08:55:28]	馒头 n->gms
[2018-11-09 08:55:28]	满 a->v
[2018-11-09 08:55:28]	满足 a->v
[2018-11-09 08:55:28]	忙 a->v
[2018-11-09 08:55:28]	蒙 b->vi
[2018-11-09 08:55:28]	毛 a->nr1
[2018-11-09 08:55:28]	矛盾 a->an
[2018-11-09 08:55:28]	冒险 vd->vi
[2018-11-09 08:55:28]	贸易 v->vn
[2018-11-09 08:55:28]	没有 d->v
[2018-11-09 08:55:28]	无 d->v
[2018-11-09 08:55:28]	美 a->b
[2018-11-09 08:55:28]	住院 vd->vi
[2018-11-09 08:55:28]	耳语 n->vi
[2018-11-09 08:55:28]	秘密 a->n
[2018-11-09 08:55:28]	机密 a->n
[2018-11-09 08:55:28]	免费 vd->vi
[2018-11-09 08:55:28]	勉强 a->v
[2018-11-09 08:55:28]	民主 a->an
[2018-11-09 08:55:28]	起名 vi->v
[2018-11-09 08:55:28]	模范 a->n
[2018-11-09 08:55:28]	模拟 b->v
[2018-11-09 08:55:28]	磨 n->v
[2018-11-09 08:55:28]	生分 a->ad
[2018-11-09 08:55:28]	墨 b->n
[2018-11-09 08:55:28]	母 b->ng
[2018-11-09 08:55:28]	木 a->ng
[2018-11-09 08:55:28]	捐款 n->vi
[2018-11-09 08:55:28]	拿 p->v
[2018-11-09 08:55:28]	上税 v->vi
[2018-11-09 08:55:28]	委屈 a->v
[2018-11-09 08:55:28]	悲痛 a->an
[2018-11-09 08:55:28]	内蒙古自治区 ns->nz
[2018-11-09 08:55:28]	倪 x->n
[2018-11-09 08:55:28]	拟人 n->nz
[2018-11-09 08:55:28]	年 n->qt
[2018-11-09 08:55:28]	年岁 n->nl
[2018-11-09 08:55:28]	年事 n->nl
[2018-11-09 08:55:28]	凝眸 vd->vi
[2018-11-09 08:55:28]	牛 ag->n
[2018-11-09 08:55:28]	努力 a->an
[2018-11-09 08:55:28]	暖 a->v
[2018-11-09 08:55:28]	温暖 a->an
[2018-11-09 08:55:28]	温热 a->an
[2018-11-09 08:55:28]	和暖 a->an
[2018-11-09 08:55:28]	偶尔 b->d
[2018-11-09 08:55:28]	扑 o->v
[2018-11-09 08:55:28]	攀 b->v
[2018-11-09 08:55:28]	拍 ng->v
[2018-11-09 08:55:28]	排 n->v
[2018-11-09 08:55:28]	排队 n->vi
[2018-11-09 08:55:28]	派出所 n->gms
[2018-11-09 08:55:28]	派遣 v->gms
[2018-11-09 08:55:28]	派出 v->gms
[2018-11-09 08:55:28]	判断 n->v
[2018-11-09 08:55:28]	抛 nr1->v
[2018-11-09 08:55:28]	配套 a->v
[2018-11-09 08:55:28]	烹饪 n->vi
[2018-11-09 08:55:28]	相知 n->v
[2018-11-09 08:55:28]	捧 q->v
[2018-11-09 08:55:28]	批发 v->vn
[2018-11-09 08:55:28]	偏 a->d
[2018-11-09 08:55:28]	单方面 b->n
[2018-11-09 08:55:28]	飘 a->v
[2018-11-09 08:55:28]	撇 q->v
[2018-11-09 08:55:28]	应邀 vd->vi
[2018-11-09 08:55:28]	平 a->v
[2018-11-09 08:55:28]	通常 b->d
[2018-11-09 08:55:28]	破 a->v
[2018-11-09 08:55:28]	铺 n->v
[2018-11-09 08:55:28]	普及 a->v
[2018-11-09 08:55:28]	遍地 vd->vi
[2018-11-09 08:55:28]	限期 n->vi
[2018-11-09 08:55:28]	奇怪 a->v
[2018-11-09 08:55:28]	祷告 v->vn
[2018-11-09 08:55:28]	辗转 vd->vi
[2018-11-09 08:55:28]	蜿蜒 v->z
[2018-11-09 08:55:28]	启示 v->vn
[2018-11-09 08:55:28]	矜持 a->an
[2018-11-09 08:55:28]	署名 n->vi
[2018-11-09 08:55:28]	签名 n->vi
[2018-11-09 08:55:28]	前天 n->t
[2018-11-09 08:55:28]	壮 a->v
[2018-11-09 08:55:28]	争 ng->v
[2018-11-09 08:55:28]	乔木 n->nr
[2018-11-09 08:55:28]	切 ag->v
[2018-11-09 08:55:28]	亲近 a->v
[2018-11-09 08:55:28]	明确 a->v
[2018-11-09 08:55:28]	纯洁 a->v
[2018-11-09 08:55:28]	清明 a->t
[2018-11-09 08:55:28]	晴 an->vi
[2018-11-09 08:55:28]	让 p->v
[2018-11-09 08:55:28]	祝 ng->v
[2018-11-09 08:55:28]	贺 ng->vg
[2018-11-09 08:55:28]	秋 ng->tg
[2018-11-09 08:55:28]	求 ng->v
[2018-11-09 08:55:28]	曲 ag->n
[2018-11-09 08:55:28]	出 q->vf
[2018-11-09 08:55:28]	泉 n->ng
[2018-11-09 08:55:28]	缺 n->v
[2018-11-09 08:55:28]	欠缺 a->vi
[2018-11-09 08:55:28]	火 a->n
[2018-11-09 08:55:28]	夏 ng->tg
[2018-11-09 08:55:28]	热情 a->an
[2018-11-09 08:55:28]	热气球 n->gjtgj
[2018-11-09 08:55:28]	热心 a->v
[2018-11-09 08:55:28]	热忱 a->an
[2018-11-09 08:55:28]	热诚 a->an
[2018-11-09 08:55:28]	委任 n->v
[2018-11-09 08:55:28]	依旧 d->z
[2018-11-09 08:55:28]	照旧 d->v
[2018-11-09 08:55:28]	肉 a->n
[2018-11-09 08:55:28]	肉 a->gms
[2018-11-09 08:55:28]	撒 n->v
[2018-11-09 08:55:28]	塞 b->v
[2018-11-09 08:55:28]	堵 a->v
[2018-11-09 08:55:28]	信步 vd->vi
[2018-11-09 08:55:28]	土 a->n
[2018-11-09 08:55:28]	上 b->f
[2018-11-09 08:55:28]	设计 n->v
[2018-11-09 08:55:28]	摄像 n->vi
[2018-11-09 08:55:28]	申请 n->v
[2018-11-09 08:55:28]	全身 b->n
[2018-11-09 08:55:28]	体 k->ng
[2018-11-09 08:55:28]	身段 n->nz
[2018-11-09 08:55:28]	深入 a->v
[2018-11-09 08:55:28]	深度 ad->n
[2018-11-09 08:55:28]	神气 a->n
[2018-11-09 08:55:28]	升 q->v
[2018-11-09 08:55:28]	增值 n->vi
[2018-11-09 08:55:28]	生 a->v
[2018-11-09 08:55:28]	生产 n->v
[2018-11-09 08:55:28]	出产 n->v
[2018-11-09 08:55:28]	生活 vi->vn
[2018-11-09 08:55:28]	胜利 ad->vi
[2018-11-09 08:55:28]	失落 a->v
[2018-11-09 08:55:28]	狮 n->ng
[2018-11-09 08:55:28]	滋润 a->v
[2018-11-09 08:55:28]	温润 a->an
[2018-11-09 08:55:28]	石 b->ng
[2018-11-09 08:55:28]	时刻 d->n
[2018-11-09 08:55:28]	实践 n->v
[2018-11-09 08:55:28]	实质 a->n
[2018-11-09 08:55:28]	示范 vi->vn
[2018-11-09 08:55:28]	凡间 s->n
[2018-11-09 08:55:28]	是 ng->vshi
[2018-11-09 08:55:28]	便是 v->vd
[2018-11-09 08:55:28]	是否 d->v
[2018-11-09 08:55:28]	释迦牟尼 n->nrf
[2018-11-09 08:55:28]	收条 n->nz
[2018-11-09 08:55:28]	手 k->n
[2018-11-09 08:55:28]	手工 d->n
[2018-11-09 08:55:28]	守法 vd->vi
[2018-11-09 08:55:28]	首创 nz->v
[2018-11-09 08:55:28]	首先 c->d
[2018-11-09 08:55:28]	初 d->f
[2018-11-09 08:55:28]	最初 b->d
[2018-11-09 08:55:28]	禁不起 v->vd
[2018-11-09 08:55:28]	本 d->rz
[2018-11-09 08:55:28]	册 ng->q
[2018-11-09 08:55:28]	书册 n->nl
[2018-11-09 08:55:28]	疏松 a->vn
[2018-11-09 08:55:28]	熟悉 a->v
[2018-11-09 08:55:28]	属实 a->v
[2018-11-09 08:55:28]	鼠 n->ng
[2018-11-09 08:55:28]	竖 n->v
[2018-11-09 08:55:28]	刷 o->v
[2018-11-09 08:55:28]	帅 ng->nr1
[2018-11-09 08:55:28]	水笔 n->nz
[2018-11-09 08:55:28]	说 ng->v
[2018-11-09 08:55:28]	讲 ng->v
[2018-11-09 08:55:28]	司 n->ng
[2018-11-09 08:55:28]	松 a->v
[2018-11-09 08:55:28]	松懈 a->v
[2018-11-09 08:55:28]	宋 nr1->tg
[2018-11-09 08:55:28]	孙 n->nr1
[2018-11-09 08:55:28]	孙子 n->nr
[2018-11-09 08:55:28]	锁 n->v
[2018-11-09 08:55:28]	塔 b->n
[2018-11-09 08:55:28]	贪吃 an->v
[2018-11-09 08:55:28]	贪心 a->v
[2018-11-09 08:55:28]	弹 ng->v
[2018-11-09 08:55:28]	烫 a->v
[2018-11-09 08:55:28]	特别 a->d
[2018-11-09 08:55:28]	希罕 a->v
[2018-11-09 08:55:28]	疼痛 a->an
[2018-11-09 08:55:28]	挑剔 a->v
[2018-11-09 08:55:28]	提成 n->vi
[2018-11-09 08:55:28]	提议 n->v
[2018-11-09 08:55:28]	田野 n->nr
[2018-11-09 08:55:28]	唐 b->tg
[2018-11-09 08:55:28]	甘甜 a->an
[2018-11-09 08:55:28]	担 ng->v
[2018-11-09 08:55:28]	调控 v->vn
[2018-11-09 08:55:28]	跳 q->vi
[2018-11-09 08:55:28]	跳水 vi->vn
[2018-11-09 08:55:28]	跳远 vi->vn
[2018-11-09 08:55:28]	听 q->v
[2018-11-09 08:55:28]	通信 vi->vn
[2018-11-09 08:55:28]	同时 c->n
[2018-11-09 08:55:28]	同期 d->f
[2018-11-09 08:55:28]	统一 a->v
[2018-11-09 08:55:28]	痛苦 a->an
[2018-11-09 08:55:28]	头 k->n
[2018-11-09 08:55:28]	投资 n->v
[2018-11-09 08:55:28]	投入 a->v
[2018-11-09 08:55:28]	突出 a->v
[2018-11-09 08:55:28]	团结 a->v
[2018-11-09 08:55:28]	托 ng->v
[2018-11-09 08:55:28]	歪 a->v
[2018-11-09 08:55:28]	倾斜 vd->vi
[2018-11-09 08:55:28]	斜 a->v
[2018-11-09 08:55:28]	弯 a->v
[2018-11-09 08:55:28]	完善 a->v
[2018-11-09 08:55:28]	玩 ng->v
[2018-11-09 08:55:28]	夜晚 n->t
[2018-11-09 08:55:28]	夜间 f->t
[2018-11-09 08:55:28]	万 d->m
[2018-11-09 08:55:28]	万一 c->d
[2018-11-09 08:55:28]	联网 vd->vi
[2018-11-09 08:55:28]	望 ng->v
[2018-11-09 08:55:28]	无益 a->vi
[2018-11-09 08:55:28]	危险 a->an
[2018-11-09 08:55:28]	威风 a->an
[2018-11-09 08:55:28]	霸气 an->n
[2018-11-09 08:55:28]	微 a->nz
[2018-11-09 08:55:28]	违法 vd->vi
[2018-11-09 08:55:28]	相反 d->vi
[2018-11-09 08:55:28]	浩瀚 a->z
[2018-11-09 08:55:28]	卫生 a->an
[2018-11-09 08:55:28]	位 ng->q
[2018-11-09 08:55:28]	喂 e->v
[2018-11-09 08:55:28]	问候 v->vn
[2018-11-09 08:55:28]	温和 a->nr
[2018-11-09 08:55:28]	刻薄 a->an
[2018-11-09 08:55:28]	文明 a->n
[2018-11-09 08:55:28]	闻 ng->v
[2018-11-09 08:55:28]	问 ng->v
[2018-11-09 08:55:28]	咨询 v->vn
[2018-11-09 08:55:28]	无轨电车 nl->gjtgj
[2018-11-09 08:55:28]	无限 a->vi
[2018-11-09 08:55:28]	无穷 d->z
[2018-11-09 08:55:28]	时价 n->nl
[2018-11-09 08:55:28]	东西 f->n
[2018-11-09 08:55:28]	误工 vi->vn
[2018-11-09 08:55:28]	西 b->f
[2018-11-09 08:55:28]	希望 n->v
[2018-11-09 08:55:28]	就义 vi->v
[2018-11-09 08:55:28]	舍身 d->v
[2018-11-09 08:55:28]	习 ng->vg
[2018-11-09 08:55:28]	系统 a->n
[2018-11-09 08:55:28]	地 n->nz
[2018-11-09 08:55:28]	先后 d->ad
[2018-11-09 08:55:28]	娇艳 a->an
[2018-11-09 08:55:28]	现代 n->t
[2018-11-09 08:55:28]	现实 a->n
[2018-11-09 08:55:28]	相当 d->vi
[2018-11-09 08:55:28]	等同 vd->vi
[2018-11-09 08:55:28]	同样 b->d
[2018-11-09 08:55:28]	香 a->n
[2018-11-09 08:55:28]	想像 v->vd
[2018-11-09 08:55:28]	向 dg->p
[2018-11-09 08:55:28]	朝 b->p
[2018-11-09 08:55:28]	象 n->ng
[2018-11-09 08:55:28]	像 d->v
[2018-11-09 08:55:28]	仿佛 d->v
[2018-11-09 08:55:28]	似 d->vg
[2018-11-09 08:55:28]	飘逸 a->v
[2018-11-09 08:55:28]	童 b->ng
[2018-11-09 08:55:28]	小寒 t->nz
[2018-11-09 08:55:28]	小满 t->nz
[2018-11-09 08:55:28]	小雪 n->nr
[2018-11-09 08:55:28]	艰辛 a->an
[2018-11-09 08:55:28]	辛酸 a->an
[2018-11-09 08:55:28]	新词 n->nl
[2018-11-09 08:55:28]	信 ag->n
[2018-11-09 08:55:28]	信用 a->n
[2018-11-09 08:55:28]	兴奋 a->v
[2018-11-09 08:55:28]	成 a->v
[2018-11-09 08:55:28]	形象 a->n
[2018-11-09 08:55:28]	醒 ng->v
[2018-11-09 08:55:28]	幸福 a->happ
[2018-11-09 08:55:28]	性 k->ng
[2018-11-09 08:55:28]	姓 n->v
[2018-11-09 08:55:28]	名 ag->q
[2018-11-09 08:55:28]	邪恶 a->an
[2018-11-09 08:55:28]	胸 n->ng
[2018-11-09 08:55:28]	公 ad->ng
[2018-11-09 08:55:28]	休假 n->vi
[2018-11-09 08:55:28]	虚伪 a->an
[2018-11-09 08:55:28]	徐 ag->nr1
[2018-11-09 08:55:28]	许 dg->m
[2018-11-09 08:55:28]	学龄 b->n
[2018-11-09 08:55:28]	压抑 a->v
[2018-11-09 08:55:28]	鸭 n->ng
[2018-11-09 08:55:28]	延长 ns->v
[2018-11-09 08:55:28]	延期 vd->vi
[2018-11-09 08:55:28]	缓期 vd->vi
[2018-11-09 08:55:28]	严正 a->nr
[2018-11-09 08:55:28]	高温 an->n
[2018-11-09 08:55:28]	火热 a->z
[2018-11-09 08:55:28]	研究 n->v
[2018-11-09 08:55:28]	演习 v->vn
[2018-11-09 08:55:28]	杨 ng->nr1
[2018-11-09 08:55:28]	阳性 b->n
[2018-11-09 08:55:28]	仰泳 vi->vn
[2018-11-09 08:55:28]	也 b->d
[2018-11-09 08:55:28]	进行 vn->vx
[2018-11-09 08:55:28]	布 b->n
[2018-11-09 08:55:28]	穿戴 n->v
[2018-11-09 08:55:28]	依靠 n->v
[2018-11-09 08:55:28]	移动 v->vn
[2018-11-09 08:55:28]	遗传 n->vn
[2018-11-09 08:55:28]	遗憾 a->sorr
[2018-11-09 08:55:28]	遗存 vi->vn
[2018-11-09 08:55:28]	往时 t->tg
[2018-11-09 08:55:28]	义务 d->n
[2018-11-09 08:55:28]	艺术 a->n
[2018-11-09 08:55:28]	意旨 n->nl
[2018-11-09 08:55:28]	因为 c->p
[2018-11-09 08:55:28]	由于 c->p
[2018-11-09 08:55:28]	银 b->ng
[2018-11-09 08:55:28]	引 ng->v
[2018-11-09 08:55:28]	隐蔽 a->v
[2018-11-09 08:55:28]	隐秘 a->n
[2018-11-09 08:55:28]	印染 v->vn
[2018-11-09 08:55:28]	印 b->v
[2018-11-09 08:55:28]	图章 n->nz
[2018-11-09 08:55:28]	应当 d->v
[2018-11-09 08:55:28]	俊杰 n->nr
[2018-11-09 08:55:28]	影响 n->v
[2018-11-09 08:55:28]	拥挤 a->vi
[2018-11-09 08:55:28]	勇于 d->v
[2018-11-09 08:55:28]	骁勇 a->an
[2018-11-09 08:55:28]	用 ng->p
[2018-11-09 08:55:28]	以 b->p
[2018-11-09 08:55:28]	优胜 a->vi
[2018-11-09 08:55:28]	优先 ad->v
[2018-11-09 08:55:28]	悠远 an->z
[2018-11-09 08:55:28]	油条 n->gms
[2018-11-09 08:55:28]	友善 a->nr
[2018-11-09 08:55:28]	又 c->d
[2018-11-09 08:55:28]	右 a->f
[2018-11-09 08:55:28]	于 ng->p
[2018-11-09 08:55:28]	初赛 n->vi
[2018-11-09 08:55:28]	预言 n->v
[2018-11-09 08:55:28]	冤枉 a->v
[2018-11-09 08:55:28]	原来 b->d
[2018-11-09 08:55:28]	原本 d->n
[2018-11-09 08:55:28]	原则 d->n
[2018-11-09 08:55:28]	圆 a->vg
[2018-11-09 08:55:28]	约会 n->vi
[2018-11-09 08:55:28]	局限 n->vi
[2018-11-09 08:55:28]	云 b->n
[2018-11-09 08:55:28]	正好 z->tg
[2018-11-09 08:55:28]	在 d->p
[2018-11-09 08:55:28]	当 ng->p
[2018-11-09 08:55:28]	暂时 b->d
[2018-11-09 08:55:28]	眼前 s->t
[2018-11-09 08:55:28]	负债 n->vi
[2018-11-09 08:55:28]	站 n->vi
[2018-11-09 08:55:28]	把握 n->v
[2018-11-09 08:55:28]	左右 f->m
[2018-11-09 08:55:28]	折价 vd->vi
[2018-11-09 08:55:28]	真 a->d
[2018-11-09 08:55:28]	实际 a->n
[2018-11-09 08:55:28]	真心 ad->n
[2018-11-09 08:55:28]	衷心 b->d
[2018-11-09 08:55:28]	振动 vi->vn
[2018-11-09 08:55:28]	颠簸 vd->vi
[2018-11-09 08:55:28]	振荡 vi->vn
[2018-11-09 08:55:28]	争议 n->vn
[2018-11-09 08:55:28]	整体 m->n
[2018-11-09 08:55:28]	正 a->d
[2018-11-09 08:55:28]	正面 a->n
[2018-11-09 08:55:28]	正理 n->nl
[2018-11-09 08:55:28]	证明 n->v
[2018-11-09 08:55:28]	对证 vn->n
[2018-11-09 08:55:28]	对照 p->v
[2018-11-09 08:55:28]	说明 n->v
[2018-11-09 08:55:28]	消费 n->vn
[2018-11-09 08:55:28]	明白 a->v
[2018-11-09 08:55:28]	了然 a->v
[2018-11-09 08:55:28]	知 ag->v
[2018-11-09 08:55:28]	直 a->d
[2018-11-09 08:55:28]	直线 d->n
[2018-11-09 08:55:28]	张 ng->q
[2018-11-09 08:55:28]	指挥 n->v
[2018-11-09 08:55:28]	指导 n->v
[2018-11-09 08:55:28]	中档 b->nl
[2018-11-09 08:55:28]	中国 ns->nz
[2018-11-09 08:55:28]	华夏 n->nz
[2018-11-09 08:55:28]	中央 f->n
[2018-11-09 08:55:28]	忠诚 a->v
[2018-11-09 08:55:28]	种 ng->v
[2018-11-09 08:55:28]	重 a->v
[2018-11-09 08:55:28]	关键 a->n
[2018-11-09 08:55:28]	重视 a->v
[2018-11-09 08:55:28]	周 ag->nr1
[2018-11-09 08:55:28]	昼夜 d->n
[2018-11-09 08:55:28]	皱 n->v
[2018-11-09 08:55:28]	朱 ag->nr1
[2018-11-09 08:55:28]	竹 n->ng
[2018-11-09 08:55:28]	主观 a->n
[2018-11-09 08:55:28]	主演 n->v
[2018-11-09 08:55:28]	助理 b->n
[2018-11-09 08:55:28]	大名鼎鼎 al->vl
[2018-11-09 08:55:28]	专门 b->d
[2018-11-09 08:55:28]	专注 a->vi
[2018-11-09 08:55:28]	埋头 vd->vi
[2018-11-09 08:55:28]	专业 a->n
[2018-11-09 08:55:28]	拐弯 n->vi
[2018-11-09 08:55:28]	华美 a->nz
[2018-11-09 08:55:28]	台 b->n
[2018-11-09 08:55:28]	我方 r->n
[2018-11-09 08:55:28]	自强 vd->vi
[2018-11-09 08:55:28]	自主 vd->vi
[2018-11-09 08:55:28]	自然 a->n
[2018-11-09 08:55:28]	自信 a->v
[2018-11-09 08:55:28]	自修 v->vl
[2018-11-09 08:55:28]	综合 a->vn
[2018-11-09 08:55:28]	总结 n->v
[2018-11-09 08:55:28]	纵横 n->v
[2018-11-09 08:55:28]	走私 b->v
[2018-11-09 08:55:28]	构成 n->v
[2018-11-09 08:55:28]	太 a->d
[2018-11-09 08:55:28]	到底 d->vi
[2018-11-09 08:55:28]	孝顺 a->v
[2018-11-09 08:55:28]	遵照 p->v
[2018-11-09 08:55:28]	作 ng->v
[2018-11-09 08:55:28]	零 a->m
[2018-11-09 08:55:28]	一 d->m
[2018-11-09 08:55:28]	九 b->m
[2018-11-09 08:55:28]	低价 ad->n
[2018-11-09 08:55:28]	火车站 n->gjtgj
[2018-11-09 08:55:28]	小时候 n->t
[2018-11-09 08:55:28]	综合性 b->n
[2018-11-09 08:55:28]	高价 d->n
[2018-11-09 08:55:28]	中考 n->v
[2018-11-09 08:55:28]	无效 a->vi
[2018-11-09 08:55:28]	爱人 n->nz
[2018-11-09 08:55:28]	把手 n->nz
[2018-11-09 08:55:28]	人为 b->d
[2018-11-09 08:55:28]	靠山 n->nz
[2018-11-09 08:55:28]	他人 rr->r
[2018-11-09 08:55:28]	不结盟 vi->vn
[2018-11-09 08:55:28]	不是 c->n
[2018-11-09 08:55:28]	不行 a->v
[2018-11-09 08:55:28]	不能 v->vi
[2018-11-09 08:55:28]	不会 v->vi
[2018-11-09 08:55:28]	车号 n->nz
[2018-11-09 08:55:28]	同党 n->nz
[2018-11-09 08:55:28]	上流 b->n
[2018-11-09 08:55:28]	出血 vi->v
[2018-11-09 08:55:28]	打的 v->vi
[2018-11-09 08:55:28]	除法 n->nz
[2018-11-09 08:55:28]	从中 d->n
[2018-11-09 08:55:28]	从宽 d->v
[2018-11-09 08:55:28]	从重 d->v
[2018-11-09 08:55:28]	搭建 v->vd
[2018-11-09 08:55:28]	各人 rr->r
[2018-11-09 08:55:28]	中选 vi->v
[2018-11-09 08:55:28]	各处 rzs->r
[2018-11-09 08:55:28]	四处 d->vi
[2018-11-09 08:55:28]	大路 n->nz
[2018-11-09 08:55:28]	拨打 v->vd
[2018-11-09 08:55:28]	大跌 v->vn
[2018-11-09 08:55:28]	会话 v->vn
[2018-11-09 08:55:28]	对应 vi->v
[2018-11-09 08:55:28]	有余 m->v
[2018-11-09 08:55:28]	要领 n->nz
[2018-11-09 08:55:28]	下学 v->vd
[2018-11-09 08:55:28]	分号 n->nz
[2018-11-09 08:55:28]	不合 v->n
[2018-11-09 08:55:28]	高等 b->a
[2018-11-09 08:55:28]	老大 a->n
[2018-11-09 08:55:28]	还给 v->vd
[2018-11-09 08:55:28]	对等 vi->vn
[2018-11-09 08:55:28]	有心 v->vd
[2018-11-09 08:55:28]	说法 n->nz
[2018-11-09 08:55:28]	真的 a->d
[2018-11-09 08:55:28]	大喊 v->vd
[2018-11-09 08:55:28]	后天 n->t
[2018-11-09 08:55:28]	回家 vi->v
[2018-11-09 08:55:28]	总会 d->n
[2018-11-09 08:55:28]	好多 m->a
[2018-11-09 08:55:28]	才能 n->v
[2018-11-09 08:55:28]	大奖 n->nz
[2018-11-09 08:55:28]	自大 a->an
[2018-11-09 08:55:28]	无礼 a->ad
[2018-11-09 08:55:28]	自得 an->a
[2018-11-09 08:55:28]	开关 n->v
[2018-11-09 08:55:28]	看不起 v->vn
[2018-11-09 08:55:28]	看得起 v->vn
[2018-11-09 08:55:28]	完了 vi->n
[2018-11-09 08:55:28]	理事 n->nz
[2018-11-09 08:55:28]	一口气 d->n
[2018-11-09 08:55:28]	本心 n->nl
[2018-11-09 08:55:28]	论说 vn->vl
[2018-11-09 08:55:28]	中意 a->n
[2018-11-09 08:55:28]	没用 a->v
[2018-11-09 08:55:28]	天天 d->q
[2018-11-09 08:55:28]	秒钟 n->q
[2018-11-09 08:55:28]	他俩 r->n
[2018-11-09 08:55:28]	年间 f->n
[2018-11-09 08:55:28]	江米 n->nz
[2018-11-09 08:55:28]	省钱 a->v
[2018-11-09 08:55:28]	早起 vi->v
[2018-11-09 08:55:28]	开车 vi->v
[2018-11-09 08:55:28]	千米 q->qv
[2018-11-09 08:55:28]	签定 v->vn
[2018-11-09 08:55:28]	好天 n->nz
[2018-11-09 08:55:28]	日食 n->nz
[2018-11-09 08:55:28]	火烧 n->v
[2018-11-09 08:55:28]	就是 c->n
[2018-11-09 08:55:28]	是不是 v->vd
[2018-11-09 08:55:28]	手指 n->nz
[2018-11-09 08:55:28]	国都 d->n
[2018-11-09 08:55:28]	得手 a->v
[2018-11-09 08:55:28]	大小 n->nz
[2018-11-09 08:55:28]	了得 a->ad
[2018-11-09 08:55:28]	脱钩 vi->v
[2018-11-09 08:55:28]	问号 n->nz
[2018-11-09 08:55:28]	西藏自治区 ns->nz
[2018-11-09 08:55:28]	小便 v->vi
[2018-11-09 08:55:28]	好在 d->v
[2018-11-09 08:55:28]	双眼 n->nz
[2018-11-09 08:55:28]	一角 n->v
[2018-11-09 08:55:28]	一元 b->nz
[2018-11-09 08:55:28]	引号 n->nz
[2018-11-09 08:55:28]	有用 a->n
[2018-11-09 08:55:28]	像片 n->nz
[2018-11-09 08:55:28]	争抢 v->vd
[2018-11-09 08:55:28]	小我 n->nz
[2018-11-09 08:55:28]	文字 n->nz
[2018-11-09 08:55:28]	不好 a->n
[2018-11-09 08:55:28]	下雨 vi->v
[2018-11-09 08:55:28]	多功能 b->n
[2018-11-09 08:55:28]	从未 d->n
[2018-11-09 08:55:28]	南北 f->n
[2018-11-09 08:55:28]	从不 d->n
[2018-11-09 08:55:28]	干什么 r->v
[2018-11-09 08:55:28]	不准 v->n
[2018-11-09 08:55:28]	开门 vd->n
[2018-11-09 08:55:28]	睡着 v->vd
[2018-11-09 08:55:28]	呼吸 v->vi
[2018-11-09 08:55:28]	长达 v->vl
[2018-11-09 08:55:28]	首次 m->n
[2018-11-09 08:55:28]	日间 t->nl
[2018-11-09 08:55:28]	辩护人 n->nz
[2018-11-09 08:55:28]	正在 d->n
[2018-11-09 08:55:28]	下流 a->s
[2018-11-09 08:55:28]	怎么办 ryv->n
[2018-11-09 08:55:28]	你好 vl->n
[2018-11-09 08:55:28]	正数 v->n
[2018-11-09 08:55:28]	三角 n->ns
[2018-11-09 08:55:28]	分区 n->v
[2018-11-09 08:55:28]	回车 vi->v
[2018-11-09 08:55:28]	选项 n->v
[2018-11-09 08:55:28]	打字 vi->vn
[2018-11-09 08:55:28]	百度 nz->mq
[2018-11-09 08:55:28]	同呼吸 vl->nl
