[2019-04-22 14:23:11]	本分 a->n
[2019-04-22 14:23:11]	按时 d->n
[2019-04-22 14:23:11]	一定 b->n
[2019-04-22 14:23:11]	不结盟 vi->n
[2019-04-22 14:23:11]	不是 c->n
[2019-04-22 14:23:11]	不能 v->n
[2019-04-22 14:23:11]	不会 v->n
[2019-04-22 14:23:11]	出血 vi->n
[2019-04-22 14:23:11]	打的 v->n
[2019-04-22 14:23:11]	除外 vi->n
[2019-04-22 14:23:11]	春分 t->n
[2019-04-22 14:23:11]	从宽 d->n
[2019-04-22 14:23:11]	从重 d->n
[2019-04-22 14:23:11]	搭建 v->n
[2019-04-22 14:23:11]	大寒 t->n
[2019-04-22 14:23:11]	当面 d->n
[2019-04-22 14:23:11]	会话 v->n
[2019-04-22 14:23:11]	分米 q->n
[2019-04-22 14:23:11]	次要 b->n
[2019-04-22 14:23:11]	成心 d->n
[2019-04-22 14:23:11]	一齐 d->n
[2019-04-22 14:23:11]	还账 v->n
[2019-04-22 14:23:11]	不准 v->n
[2019-04-22 14:23:11]	看不起 v->n
[2019-04-22 14:23:11]	看得起 v->n
[2019-04-22 14:23:11]	小产 v->n
[2019-04-22 14:23:11]	天天 d->n
[2019-04-22 14:23:11]	起名 vi->n
[2019-04-22 14:23:11]	上税 v->n
[2019-04-22 14:23:11]	他俩 r->n
[2019-04-22 14:23:11]	千米 q->n
[2019-04-22 14:23:11]	是不是 v->n
[2019-04-22 14:23:11]	禁不起 v->n
[2019-04-22 14:23:11]	先后 d->n
[2019-04-22 14:23:11]	小便 v->n
[2019-04-22 14:23:11]	小满 t->n
[2019-04-22 14:23:11]	吃药 v->n
[2019-04-22 14:23:11]	一元 b->n
[2019-04-22 14:23:11]	正好 z->n
[2019-04-22 14:23:11]	对证 vn->n
[2019-04-22 14:23:11]	中档 b->n
[2019-04-22 14:23:11]	自修 v->n
[2019-04-22 14:23:11]	到底 d->n
[2019-04-22 14:23:11]	和缓 a->n
[2019-04-22 14:23:11]	人为 b->n
[2019-04-22 14:23:11]	长达 v->n
[2019-04-22 14:23:11]	上流 b->n
[2019-04-22 14:23:11]	喜好 an->n
[2019-04-22 14:23:11]	从中 d->n
[2019-04-22 14:23:11]	各人 rr->n
[2019-04-22 14:23:11]	中选 vi->n
[2019-04-22 14:23:11]	各处 rzs->n
[2019-04-22 14:23:11]	四处 d->n
[2019-04-22 14:23:11]	上岸 vi->n
[2019-04-22 14:23:11]	拨打 v->n
[2019-04-22 14:23:11]	大跌 v->n
[2019-04-22 14:23:11]	好多 m->n
[2019-04-22 14:23:11]	下学 v->n
[2019-04-22 14:23:11]	不合 v->n
[2019-04-22 14:23:11]	高等 b->n
[2019-04-22 14:23:11]	老大 a->n
[2019-04-22 14:23:11]	还给 v->n
[2019-04-22 14:23:11]	对等 vi->n
[2019-04-22 14:23:11]	有心 v->n
[2019-04-22 14:23:11]	真的 a->n
[2019-04-22 14:23:11]	大喊 v->n
[2019-04-22 14:23:11]	总会 d->n
[2019-04-22 14:23:11]	该死 vi->n
[2019-04-22 14:23:11]	一口气 d->n
[2019-04-22 14:23:11]	小气 a->n
[2019-04-22 14:23:11]	论说 vn->n
[2019-04-22 14:23:11]	中意 a->n
[2019-04-22 14:23:11]	生分 a->n
[2019-04-22 14:23:11]	内蒙古自治区 ns->n
[2019-04-22 14:23:11]	年间 f->n
[2019-04-22 14:23:11]	和暖 a->n
[2019-04-22 14:23:11]	省钱 a->n
[2019-04-22 14:23:11]	单方面 b->n
[2019-04-22 14:23:11]	早起 vi->n
[2019-04-22 14:23:11]	签定 v->n
[2019-04-22 14:23:11]	凡间 s->n
[2019-04-22 14:23:11]	就是 c->n
[2019-04-22 14:23:11]	便是 v->n
[2019-04-22 14:23:11]	国都 d->n
[2019-04-22 14:23:11]	首次 m->n
[2019-04-22 14:23:11]	睡着 v->n
[2019-04-22 14:23:11]	了得 a->n
[2019-04-22 14:23:11]	西藏自治区 ns->n
[2019-04-22 14:23:11]	想像 v->n
[2019-04-22 14:23:11]	好在 d->n
[2019-04-22 14:23:11]	往时 t->n
[2019-04-22 14:23:11]	争抢 v->n
[2019-04-22 14:23:11]	正在 d->n
[2019-04-22 14:23:11]	我方 r->n
[2019-04-22 14:23:11]	多功能 b->n
[2019-04-22 14:23:11]	黑白 b->n
[2019-04-22 14:23:11]	南北 f->n
[2019-04-22 14:23:11]	干什么 r->n
[2019-04-22 14:23:11]	不断 d->n
[2019-04-22 14:23:11]	同呼吸 vl->n
[2019-04-22 14:23:11]	日间 t->n
[2019-04-22 14:23:11]	还是 c->n
[2019-04-22 14:23:11]	有点 d->n
[2019-04-22 14:23:11]	下流 a->n
[2019-04-22 14:23:11]	怎么办 ryv->n
[2019-04-22 14:23:11]	您好 nl->n
[2019-04-22 14:23:11]	你好 vl->n
[2019-04-22 14:23:11]	交售 v->n
[2019-04-22 14:23:11]	找到 v->n
[2019-04-22 14:23:11]	从来 d->n
[2019-04-22 14:23:11]	约分 v->n
[2019-04-22 14:23:11]	正数 v->n
[2019-04-22 14:23:11]	他人 rr->n
[2019-04-22 14:23:11]	不论 c->n
[2019-04-22 14:23:11]	不管 c->n
[2019-04-22 14:23:11]	出事 vi->n
[2019-04-22 14:23:11]	从此 d->n
[2019-04-22 14:23:11]	当时 t->n
[2019-04-22 14:23:11]	对话 vi->n
[2019-04-22 14:23:11]	吃饭 vi->n
[2019-04-22 14:23:11]	更新 v->n
[2019-04-22 14:23:11]	讲课 vi->n
[2019-04-22 14:23:11]	尽心 a->n
[2019-04-22 14:23:11]	立方 q->n
[2019-04-22 14:23:11]	没关系 vl->n
[2019-04-22 14:23:11]	遍地 vd->n
[2019-04-22 14:23:11]	开车 vi->n
[2019-04-22 14:23:11]	因此 c->n
[2019-04-22 14:23:11]	将来 t->n
[2019-04-22 14:23:11]	以前 f->n
[2019-04-22 14:23:11]	先前 t->n
[2019-04-22 14:23:11]	早上 t->n
[2019-04-22 14:23:11]	正月 t->n
[2019-04-22 14:23:11]	难看 a->n
[2019-04-22 14:23:11]	对头 a->n
[2019-04-22 14:23:11]	正当 a->n
[2019-04-22 14:23:11]	不容 v->n
[2019-04-22 14:23:11]	出手 vi->n
[2019-04-22 14:23:11]	着手 v->n
[2019-04-22 14:23:11]	不错 a->n
[2019-04-22 14:23:11]	不便 a->n
[2019-04-22 14:23:11]	得手 a->n
[2019-04-22 14:23:11]	说话 vi->n
[2019-04-22 14:23:11]	特等 b->n
[2019-04-22 14:23:11]	住手 vi->n
[2019-04-22 14:23:11]	共事 vi->n
[2019-04-22 14:23:11]	从前 t->n
[2019-04-22 14:23:11]	已往 t->n
[2019-04-22 14:23:11]	低下 a->n
[2019-04-22 14:23:11]	当中 f->n
[2019-04-22 14:23:11]	不易 a->n
[2019-04-22 14:23:11]	不可 d->n
[2019-04-22 14:23:11]	至此 d->n
[2019-04-22 14:23:11]	不顾 v->n
[2019-04-22 14:23:11]	正派 a->n
[2019-04-22 14:23:11]	不然 a->n
[2019-04-22 14:23:11]	某人 rr->n
[2019-04-22 14:23:11]	一角 n->v
[2019-04-22 14:23:11]	除外 vi->v
[2019-04-22 14:23:11]	爱人 n->nz
[2019-04-22 14:23:11]	把手 n->nz
[2019-04-22 14:23:11]	靠山 n->nz
[2019-04-22 14:23:11]	不行 a->v
[2019-04-22 14:23:11]	不能 v->vi
[2019-04-22 14:23:11]	不会 v->vi
[2019-04-22 14:23:11]	车号 n->nz
[2019-04-22 14:23:11]	同党 n->nz
[2019-04-22 14:23:11]	打的 v->vi
[2019-04-22 14:23:11]	除法 n->nz
[2019-04-22 14:23:11]	从重 d->v
[2019-04-22 14:23:11]	搭建 v->vd
[2019-04-22 14:23:11]	四处 d->vi
[2019-04-22 14:23:11]	拨打 v->vd
[2019-04-22 14:23:11]	大跌 v->vn
[2019-04-22 14:23:11]	会话 v->vn
[2019-04-22 14:23:11]	要领 n->nz
[2019-04-22 14:23:11]	下学 v->vd
[2019-04-22 14:23:11]	分号 n->nz
[2019-04-22 14:23:11]	不合 v->n
[2019-04-22 14:23:11]	高等 b->a
[2019-04-22 14:23:11]	还给 v->vd
[2019-04-22 14:23:11]	有心 v->vd
[2019-04-22 14:23:11]	说法 n->nz
[2019-04-22 14:23:11]	大喊 v->vd
[2019-04-22 14:23:11]	好多 m->a
[2019-04-22 14:23:11]	大奖 n->nz
[2019-04-22 14:23:11]	无礼 a->ad
[2019-04-22 14:23:11]	看不起 v->vn
[2019-04-22 14:23:11]	看得起 v->vn
[2019-04-22 14:23:11]	理事 n->nz
[2019-04-22 14:23:11]	本心 n->nl
[2019-04-22 14:23:11]	论说 vn->vl
[2019-04-22 14:23:11]	他俩 r->n
[2019-04-22 14:23:11]	江米 n->nz
[2019-04-22 14:23:11]	千米 q->qv
[2019-04-22 14:23:11]	签定 v->vn
[2019-04-22 14:23:11]	好天 n->nz
[2019-04-22 14:23:11]	日食 n->nz
[2019-04-22 14:23:11]	是不是 v->vd
[2019-04-22 14:23:11]	手指 n->nz
[2019-04-22 14:23:11]	睡着 v->vd
[2019-04-22 14:23:11]	大小 n->nz
[2019-04-22 14:23:11]	了得 a->ad
[2019-04-22 14:23:11]	问号 n->nz
[2019-04-22 14:23:11]	西藏自治区 ns->nz
[2019-04-22 14:23:11]	小便 v->vi
[2019-04-22 14:23:11]	好在 d->v
[2019-04-22 14:23:11]	双眼 n->nz
[2019-04-22 14:23:11]	一元 b->nz
[2019-04-22 14:23:11]	引号 n->nz
[2019-04-22 14:23:11]	像片 n->nz
[2019-04-22 14:23:11]	争抢 v->vd
[2019-04-22 14:23:11]	小我 n->nz
[2019-04-22 14:23:11]	文字 n->nz
[2019-04-22 14:23:11]	部分 m->n
[2019-04-22 14:23:11]	别名 n->nz
[2019-04-22 14:23:11]	和缓 a->ad
[2019-04-22 14:23:11]	按时 d->ad
[2019-04-22 14:23:11]	春分 t->n
[2019-04-22 14:23:11]	知了 n->nz
[2019-04-22 14:23:11]	车次 n->nz
[2019-04-22 14:23:11]	大寒 t->nz
[2019-04-22 14:23:11]	大料 n->nz
[2019-04-22 14:23:11]	当面 d->n
[2019-04-22 14:23:11]	上岸 vi->v
[2019-04-22 14:23:11]	对仗 n->nz
[2019-04-22 14:23:11]	分米 q->qt
[2019-04-22 14:23:11]	副词 n->nz
[2019-04-22 14:23:11]	次要 b->bl
[2019-04-22 14:23:11]	成心 d->v
[2019-04-22 14:23:11]	还账 v->vi
[2019-04-22 14:23:11]	该死 vi->v
[2019-04-22 14:23:11]	长项 n->nz
[2019-04-22 14:23:11]	借条 n->nz
[2019-04-22 14:23:11]	买家 n->nz
[2019-04-22 14:23:11]	天车 n->nz
[2019-04-22 14:23:11]	东家 n->nz
[2019-04-22 14:23:11]	小气 a->ad
[2019-04-22 14:23:11]	小产 v->vi
[2019-04-22 14:23:11]	起名 vi->v
[2019-04-22 14:23:11]	生分 a->ad
[2019-04-22 14:23:11]	上税 v->vi
[2019-04-22 14:23:11]	内蒙古自治区 ns->nz
[2019-04-22 14:23:11]	拟人 n->nz
[2019-04-22 14:23:11]	年岁 n->nl
[2019-04-22 14:23:11]	年事 n->nl
[2019-04-22 14:23:11]	身段 n->nz
[2019-04-22 14:23:11]	凡间 s->n
[2019-04-22 14:23:11]	便是 v->vd
[2019-04-22 14:23:11]	收条 n->nz
[2019-04-22 14:23:11]	禁不起 v->vd
[2019-04-22 14:23:11]	书册 n->nl
[2019-04-22 14:23:11]	水笔 n->nz
[2019-04-22 14:23:11]	时价 n->nl
[2019-04-22 14:23:11]	就义 vi->v
[2019-04-22 14:23:11]	先后 d->ad
[2019-04-22 14:23:11]	想像 v->vd
[2019-04-22 14:23:11]	小寒 t->nz
[2019-04-22 14:23:11]	小满 t->nz
[2019-04-22 14:23:11]	新词 n->nl
[2019-04-22 14:23:11]	往时 t->tg
[2019-04-22 14:23:11]	意旨 n->nl
[2019-04-22 14:23:11]	图章 n->nz
[2019-04-22 14:23:11]	正好 z->tg
[2019-04-22 14:23:11]	正理 n->nl
[2019-04-22 14:23:11]	对证 vn->n
[2019-04-22 14:23:11]	中档 b->nl
[2019-04-22 14:23:11]	我方 r->n
[2019-04-22 14:23:11]	自修 v->vl
[2019-04-22 14:23:11]	才能 n->v
[2019-04-22 14:23:11]	秒钟 n->q
[2019-04-22 14:23:11]	火烧 n->v
[2019-04-22 14:23:11]	大路 n->nz
[2019-04-22 14:23:11]	自力 n->nz
[2019-04-22 14:23:11]	女星 n->nl
[2019-04-22 14:23:11]	申请人 n->nl
[2019-04-22 14:23:11]	美女 n->nl
[2019-04-22 14:23:11]	联系人 n->nl
[2019-04-22 14:23:11]	便条 n->nl
[2019-04-22 14:23:11]	中农 n->nl
[2019-04-22 14:23:11]	人道 n->nl
[2019-04-22 14:23:11]	资本家 n->nl
[2019-04-22 14:23:11]	水车 n->nl
[2019-04-22 14:23:11]	马戏 n->nl
[2019-04-22 14:23:11]	除数 n->nz
[2019-04-22 14:23:11]	周长 n->nz
[2019-04-22 14:23:11]	小数 n->nz
[2019-04-22 14:23:11]	经线 n->nz
[2019-04-22 14:23:11]	副手 n->nz
[2019-04-22 14:23:11]	三角 n->ns
[2019-04-22 14:23:11]	切线 n->nz
[2019-04-22 14:23:11]	本着 p->nl
[2019-04-22 14:23:11]	报到 vi->v
[2019-04-22 14:23:11]	不够 a->n
[2019-04-22 14:23:11]	不满 a->v
[2019-04-22 14:23:11]	不同 a->ad
[2019-04-22 14:23:11]	大使 n->nl
[2019-04-22 14:23:11]	对应 vi->v
[2019-04-22 14:23:11]	海带 n->nl
[2019-04-22 14:23:11]	后天 n->t
[2019-04-22 14:23:11]	回家 vi->v
[2019-04-22 14:23:11]	开关 n->v
[2019-04-22 14:23:11]	完了 vi->n
[2019-04-22 14:23:11]	没用 a->v
[2019-04-22 14:23:11]	难听 a->v
[2019-04-22 14:23:11]	暖和 a->ad
[2019-04-22 14:23:11]	排比 n->nz
[2019-04-22 14:23:11]	前天 n->t
[2019-04-22 14:23:11]	上当 vi->v
[2019-04-22 14:23:11]	受不了 al->n
[2019-04-22 14:23:11]	从而 c->cc
[2019-04-22 14:23:11]	图像 n->nl
[2019-04-22 14:23:11]	脱钩 vi->v
[2019-04-22 14:23:11]	周到 a->an
[2019-04-22 14:23:11]	等同 vd->v
[2019-04-22 14:23:11]	有用 a->n
[2019-04-22 14:23:11]	再见 vi->v
[2019-04-22 14:23:11]	有时候 d->n
[2019-04-22 14:23:11]	由此 d->n
[2019-04-22 14:23:11]	有余 m->v
[2019-04-22 14:23:11]	请愿 vi->vn
[2019-04-22 14:23:11]	内在 b->n
[2019-04-22 14:23:11]	不好 a->n
[2019-04-22 14:23:11]	共命运 vl->nl
[2019-04-22 14:23:11]	小于 nr->v
[2019-04-22 14:23:11]	大人 n->nl
[2019-04-22 14:23:11]	乘法 n->nl
[2019-04-22 14:23:11]	对手 n->nl
[2019-04-22 14:23:11]	对方 n->nl
[2019-04-22 14:23:11]	成人 n->nl
[2019-04-22 14:23:11]	所在 n->nl
[2019-04-22 14:23:11]	全年 n->nl
[2019-04-22 14:23:11]	年轻人 n->nl
[2019-04-22 14:23:11]	双手 n->nl
[2019-04-22 14:23:11]	亮点 n->nl
[2019-04-22 14:23:11]	所长 n->nl
[2019-04-22 14:23:11]	天下 n->nl
[2019-04-22 14:23:11]	先人 n->nl
[2019-04-22 14:23:11]	正常人 n->nl
[2019-04-22 14:23:11]	好人 n->nl
[2019-04-22 14:23:11]	国家队 n->nl
[2019-04-22 14:23:11]	党派 n->nl
[2019-04-22 14:23:11]	乘方 n->nl
[2019-04-22 14:23:11]	嗨 e->nl
[2019-04-22 14:23:11]	个人 n->nl
[2019-04-22 14:23:11]	整年 d->n
[2019-04-22 14:23:11]	有声 b->n
[2019-04-22 14:23:11]	新增 v->n
[2019-04-22 14:23:11]	上册 n->nl
[2019-04-22 15:26:49]	本分 a->n
[2019-04-22 15:26:49]	按时 d->n
[2019-04-22 15:26:49]	一定 b->n
[2019-04-22 15:26:49]	不结盟 vi->n
[2019-04-22 15:26:49]	不是 c->n
[2019-04-22 15:26:49]	不能 v->n
[2019-04-22 15:26:49]	不会 v->n
[2019-04-22 15:26:49]	出血 vi->n
[2019-04-22 15:26:49]	打的 v->n
[2019-04-22 15:26:49]	除外 vi->n
[2019-04-22 15:26:49]	春分 t->n
[2019-04-22 15:26:49]	从宽 d->n
[2019-04-22 15:26:49]	从重 d->n
[2019-04-22 15:26:49]	搭建 v->n
[2019-04-22 15:26:49]	大寒 t->n
[2019-04-22 15:26:49]	当面 d->n
[2019-04-22 15:26:49]	会话 v->n
[2019-04-22 15:26:49]	分米 q->n
[2019-04-22 15:26:49]	次要 b->n
[2019-04-22 15:26:49]	成心 d->n
[2019-04-22 15:26:49]	一齐 d->n
[2019-04-22 15:26:49]	还账 v->n
[2019-04-22 15:26:49]	不准 v->n
[2019-04-22 15:26:49]	看不起 v->n
[2019-04-22 15:26:49]	看得起 v->n
[2019-04-22 15:26:49]	小产 v->n
[2019-04-22 15:26:49]	天天 d->n
[2019-04-22 15:26:49]	起名 vi->n
[2019-04-22 15:26:49]	上税 v->n
[2019-04-22 15:26:49]	他俩 r->n
[2019-04-22 15:26:49]	千米 q->n
[2019-04-22 15:26:49]	是不是 v->n
[2019-04-22 15:26:49]	禁不起 v->n
[2019-04-22 15:26:49]	先后 d->n
[2019-04-22 15:26:49]	小便 v->n
[2019-04-22 15:26:49]	小满 t->n
[2019-04-22 15:26:49]	吃药 v->n
[2019-04-22 15:26:49]	一元 b->n
[2019-04-22 15:26:49]	正好 z->n
[2019-04-22 15:26:49]	对证 vn->n
[2019-04-22 15:26:49]	中档 b->n
[2019-04-22 15:26:49]	自修 v->n
[2019-04-22 15:26:49]	到底 d->n
[2019-04-22 15:26:49]	和缓 a->n
[2019-04-22 15:26:49]	人为 b->n
[2019-04-22 15:26:49]	长达 v->n
[2019-04-22 15:26:49]	上流 b->n
[2019-04-22 15:26:49]	喜好 an->n
[2019-04-22 15:26:49]	从中 d->n
[2019-04-22 15:26:49]	各人 rr->n
[2019-04-22 15:26:49]	中选 vi->n
[2019-04-22 15:26:49]	各处 rzs->n
[2019-04-22 15:26:49]	四处 d->n
[2019-04-22 15:26:49]	上岸 vi->n
[2019-04-22 15:26:49]	拨打 v->n
[2019-04-22 15:26:49]	大跌 v->n
[2019-04-22 15:26:49]	好多 m->n
[2019-04-22 15:26:49]	下学 v->n
[2019-04-22 15:26:49]	不合 v->n
[2019-04-22 15:26:49]	高等 b->n
[2019-04-22 15:26:49]	老大 a->n
[2019-04-22 15:26:49]	还给 v->n
[2019-04-22 15:26:49]	对等 vi->n
[2019-04-22 15:26:49]	有心 v->n
[2019-04-22 15:26:49]	真的 a->n
[2019-04-22 15:26:49]	大喊 v->n
[2019-04-22 15:26:49]	总会 d->n
[2019-04-22 15:26:49]	该死 vi->n
[2019-04-22 15:26:49]	一口气 d->n
[2019-04-22 15:26:49]	小气 a->n
[2019-04-22 15:26:49]	论说 vn->n
[2019-04-22 15:26:49]	中意 a->n
[2019-04-22 15:26:49]	生分 a->n
[2019-04-22 15:26:49]	内蒙古自治区 ns->n
[2019-04-22 15:26:49]	年间 f->n
[2019-04-22 15:26:49]	和暖 a->n
[2019-04-22 15:26:49]	省钱 a->n
[2019-04-22 15:26:49]	单方面 b->n
[2019-04-22 15:26:49]	早起 vi->n
[2019-04-22 15:26:49]	签定 v->n
[2019-04-22 15:26:49]	凡间 s->n
[2019-04-22 15:26:49]	就是 c->n
[2019-04-22 15:26:49]	便是 v->n
[2019-04-22 15:26:49]	国都 d->n
[2019-04-22 15:26:49]	首次 m->n
[2019-04-22 15:26:49]	睡着 v->n
[2019-04-22 15:26:49]	了得 a->n
[2019-04-22 15:26:49]	西藏自治区 ns->n
[2019-04-22 15:26:49]	想像 v->n
[2019-04-22 15:26:49]	好在 d->n
[2019-04-22 15:26:49]	往时 t->n
[2019-04-22 15:26:49]	争抢 v->n
[2019-04-22 15:26:49]	正在 d->n
[2019-04-22 15:26:49]	我方 r->n
[2019-04-22 15:26:49]	多功能 b->n
[2019-04-22 15:26:49]	黑白 b->n
[2019-04-22 15:26:49]	南北 f->n
[2019-04-22 15:26:49]	干什么 r->n
[2019-04-22 15:26:49]	不断 d->n
[2019-04-22 15:26:49]	同呼吸 vl->n
[2019-04-22 15:26:49]	日间 t->n
[2019-04-22 15:26:49]	还是 c->n
[2019-04-22 15:26:49]	有点 d->n
[2019-04-22 15:26:49]	下流 a->n
[2019-04-22 15:26:49]	怎么办 ryv->n
[2019-04-22 15:26:49]	您好 nl->n
[2019-04-22 15:26:49]	你好 vl->n
[2019-04-22 15:26:49]	交售 v->n
[2019-04-22 15:26:49]	找到 v->n
[2019-04-22 15:26:49]	从来 d->n
[2019-04-22 15:26:49]	约分 v->n
[2019-04-22 15:26:49]	正数 v->n
[2019-04-22 15:26:49]	他人 rr->n
[2019-04-22 15:26:49]	不论 c->n
[2019-04-22 15:26:49]	不管 c->n
[2019-04-22 15:26:49]	出事 vi->n
[2019-04-22 15:26:49]	从此 d->n
[2019-04-22 15:26:49]	当时 t->n
[2019-04-22 15:26:49]	对话 vi->n
[2019-04-22 15:26:49]	吃饭 vi->n
[2019-04-22 15:26:49]	更新 v->n
[2019-04-22 15:26:49]	讲课 vi->n
[2019-04-22 15:26:49]	尽心 a->n
[2019-04-22 15:26:49]	立方 q->n
[2019-04-22 15:26:49]	没关系 vl->n
[2019-04-22 15:26:49]	遍地 vd->n
[2019-04-22 15:26:49]	开车 vi->n
[2019-04-22 15:26:49]	因此 c->n
[2019-04-22 15:26:49]	将来 t->n
[2019-04-22 15:26:49]	以前 f->n
[2019-04-22 15:26:49]	先前 t->n
[2019-04-22 15:26:49]	早上 t->n
[2019-04-22 15:26:49]	正月 t->n
[2019-04-22 15:26:49]	难看 a->n
[2019-04-22 15:26:49]	对头 a->n
[2019-04-22 15:26:49]	正当 a->n
[2019-04-22 15:26:49]	不容 v->n
[2019-04-22 15:26:49]	出手 vi->n
[2019-04-22 15:26:49]	着手 v->n
[2019-04-22 15:26:49]	不错 a->n
[2019-04-22 15:26:49]	不便 a->n
[2019-04-22 15:26:49]	得手 a->n
[2019-04-22 15:26:49]	说话 vi->n
[2019-04-22 15:26:49]	特等 b->n
[2019-04-22 15:26:49]	住手 vi->n
[2019-04-22 15:26:49]	共事 vi->n
[2019-04-22 15:26:49]	从前 t->n
[2019-04-22 15:26:49]	已往 t->n
[2019-04-22 15:26:49]	低下 a->n
[2019-04-22 15:26:49]	当中 f->n
[2019-04-22 15:26:49]	不易 a->n
[2019-04-22 15:26:49]	不可 d->n
[2019-04-22 15:26:49]	至此 d->n
[2019-04-22 15:26:49]	不顾 v->n
[2019-04-22 15:26:49]	正派 a->n
[2019-04-22 15:26:49]	不然 a->n
[2019-04-22 15:26:49]	某人 rr->n
[2019-04-22 15:26:49]	一角 n->v
[2019-04-22 15:26:49]	除外 vi->v
[2019-04-22 15:26:49]	爱人 n->nz
[2019-04-22 15:26:49]	把手 n->nz
[2019-04-22 15:26:49]	靠山 n->nz
[2019-04-22 15:26:49]	不行 a->v
[2019-04-22 15:26:49]	不能 v->vi
[2019-04-22 15:26:49]	不会 v->vi
[2019-04-22 15:26:49]	车号 n->nz
[2019-04-22 15:26:49]	同党 n->nz
[2019-04-22 15:26:49]	打的 v->vi
[2019-04-22 15:26:49]	除法 n->nz
[2019-04-22 15:26:49]	从重 d->v
[2019-04-22 15:26:49]	搭建 v->vd
[2019-04-22 15:26:49]	四处 d->vi
[2019-04-22 15:26:49]	拨打 v->vd
[2019-04-22 15:26:49]	大跌 v->vn
[2019-04-22 15:26:49]	会话 v->vn
[2019-04-22 15:26:49]	要领 n->nz
[2019-04-22 15:26:49]	下学 v->vd
[2019-04-22 15:26:49]	分号 n->nz
[2019-04-22 15:26:49]	不合 v->n
[2019-04-22 15:26:49]	高等 b->a
[2019-04-22 15:26:49]	还给 v->vd
[2019-04-22 15:26:49]	有心 v->vd
[2019-04-22 15:26:49]	说法 n->nz
[2019-04-22 15:26:49]	大喊 v->vd
[2019-04-22 15:26:49]	好多 m->a
[2019-04-22 15:26:49]	大奖 n->nz
[2019-04-22 15:26:49]	无礼 a->ad
[2019-04-22 15:26:49]	看不起 v->vn
[2019-04-22 15:26:49]	看得起 v->vn
[2019-04-22 15:26:49]	理事 n->nz
[2019-04-22 15:26:49]	本心 n->nl
[2019-04-22 15:26:49]	论说 vn->vl
[2019-04-22 15:26:49]	他俩 r->n
[2019-04-22 15:26:49]	江米 n->nz
[2019-04-22 15:26:49]	千米 q->qv
[2019-04-22 15:26:49]	签定 v->vn
[2019-04-22 15:26:49]	好天 n->nz
[2019-04-22 15:26:49]	日食 n->nz
[2019-04-22 15:26:49]	是不是 v->vd
[2019-04-22 15:26:49]	手指 n->nz
[2019-04-22 15:26:49]	睡着 v->vd
[2019-04-22 15:26:49]	大小 n->nz
[2019-04-22 15:26:49]	了得 a->ad
[2019-04-22 15:26:49]	问号 n->nz
[2019-04-22 15:26:49]	西藏自治区 ns->nz
[2019-04-22 15:26:49]	小便 v->vi
[2019-04-22 15:26:49]	好在 d->v
[2019-04-22 15:26:49]	双眼 n->nz
[2019-04-22 15:26:49]	一元 b->nz
[2019-04-22 15:26:49]	引号 n->nz
[2019-04-22 15:26:49]	像片 n->nz
[2019-04-22 15:26:49]	争抢 v->vd
[2019-04-22 15:26:49]	小我 n->nz
[2019-04-22 15:26:49]	文字 n->nz
[2019-04-22 15:26:49]	部分 m->n
[2019-04-22 15:26:49]	别名 n->nz
[2019-04-22 15:26:49]	和缓 a->ad
[2019-04-22 15:26:49]	按时 d->ad
[2019-04-22 15:26:49]	春分 t->n
[2019-04-22 15:26:49]	知了 n->nz
[2019-04-22 15:26:49]	车次 n->nz
[2019-04-22 15:26:49]	大寒 t->nz
[2019-04-22 15:26:49]	大料 n->nz
[2019-04-22 15:26:49]	当面 d->n
[2019-04-22 15:26:49]	上岸 vi->v
[2019-04-22 15:26:49]	对仗 n->nz
[2019-04-22 15:26:49]	分米 q->qt
[2019-04-22 15:26:49]	副词 n->nz
[2019-04-22 15:26:49]	次要 b->bl
[2019-04-22 15:26:49]	成心 d->v
[2019-04-22 15:26:49]	还账 v->vi
[2019-04-22 15:26:49]	该死 vi->v
[2019-04-22 15:26:49]	长项 n->nz
[2019-04-22 15:26:49]	借条 n->nz
[2019-04-22 15:26:49]	买家 n->nz
[2019-04-22 15:26:49]	天车 n->nz
[2019-04-22 15:26:49]	东家 n->nz
[2019-04-22 15:26:49]	小气 a->ad
[2019-04-22 15:26:49]	小产 v->vi
[2019-04-22 15:26:49]	起名 vi->v
[2019-04-22 15:26:49]	生分 a->ad
[2019-04-22 15:26:49]	上税 v->vi
[2019-04-22 15:26:49]	内蒙古自治区 ns->nz
[2019-04-22 15:26:49]	拟人 n->nz
[2019-04-22 15:26:49]	年岁 n->nl
[2019-04-22 15:26:49]	年事 n->nl
[2019-04-22 15:26:49]	身段 n->nz
[2019-04-22 15:26:49]	凡间 s->n
[2019-04-22 15:26:49]	便是 v->vd
[2019-04-22 15:26:49]	收条 n->nz
[2019-04-22 15:26:49]	禁不起 v->vd
[2019-04-22 15:26:49]	书册 n->nl
[2019-04-22 15:26:49]	水笔 n->nz
[2019-04-22 15:26:49]	时价 n->nl
[2019-04-22 15:26:49]	就义 vi->v
[2019-04-22 15:26:49]	先后 d->ad
[2019-04-22 15:26:49]	想像 v->vd
[2019-04-22 15:26:49]	小寒 t->nz
[2019-04-22 15:26:49]	小满 t->nz
[2019-04-22 15:26:49]	新词 n->nl
[2019-04-22 15:26:49]	往时 t->tg
[2019-04-22 15:26:49]	意旨 n->nl
[2019-04-22 15:26:49]	图章 n->nz
[2019-04-22 15:26:49]	正好 z->tg
[2019-04-22 15:26:49]	正理 n->nl
[2019-04-22 15:26:49]	对证 vn->n
[2019-04-22 15:26:49]	中档 b->nl
[2019-04-22 15:26:49]	我方 r->n
[2019-04-22 15:26:49]	自修 v->vl
[2019-04-22 15:26:49]	才能 n->v
[2019-04-22 15:26:49]	秒钟 n->q
[2019-04-22 15:26:49]	火烧 n->v
[2019-04-22 15:26:49]	大路 n->nz
[2019-04-22 15:26:49]	自力 n->nz
[2019-04-22 15:26:49]	女星 n->nl
[2019-04-22 15:26:49]	申请人 n->nl
[2019-04-22 15:26:49]	美女 n->nl
[2019-04-22 15:26:49]	联系人 n->nl
[2019-04-22 15:26:49]	便条 n->nl
[2019-04-22 15:26:49]	中农 n->nl
[2019-04-22 15:26:49]	人道 n->nl
[2019-04-22 15:26:49]	资本家 n->nl
[2019-04-22 15:26:49]	水车 n->nl
[2019-04-22 15:26:49]	马戏 n->nl
[2019-04-22 15:26:49]	除数 n->nz
[2019-04-22 15:26:49]	周长 n->nz
[2019-04-22 15:26:49]	小数 n->nz
[2019-04-22 15:26:49]	经线 n->nz
[2019-04-22 15:26:49]	副手 n->nz
[2019-04-22 15:26:49]	三角 n->ns
[2019-04-22 15:26:49]	切线 n->nz
[2019-04-22 15:26:49]	本着 p->nl
[2019-04-22 15:26:49]	报到 vi->v
[2019-04-22 15:26:49]	不够 a->n
[2019-04-22 15:26:49]	不满 a->v
[2019-04-22 15:26:49]	不同 a->ad
[2019-04-22 15:26:49]	大使 n->nl
[2019-04-22 15:26:49]	对应 vi->v
[2019-04-22 15:26:49]	海带 n->nl
[2019-04-22 15:26:49]	后天 n->t
[2019-04-22 15:26:49]	回家 vi->v
[2019-04-22 15:26:49]	开关 n->v
[2019-04-22 15:26:49]	完了 vi->n
[2019-04-22 15:26:49]	没用 a->v
[2019-04-22 15:26:49]	难听 a->v
[2019-04-22 15:26:49]	暖和 a->ad
[2019-04-22 15:26:49]	排比 n->nz
[2019-04-22 15:26:49]	前天 n->t
[2019-04-22 15:26:49]	上当 vi->v
[2019-04-22 15:26:49]	受不了 al->n
[2019-04-22 15:26:49]	从而 c->cc
[2019-04-22 15:26:49]	图像 n->nl
[2019-04-22 15:26:49]	脱钩 vi->v
[2019-04-22 15:26:49]	周到 a->an
[2019-04-22 15:26:49]	等同 vd->v
[2019-04-22 15:26:49]	有用 a->n
[2019-04-22 15:26:49]	再见 vi->v
[2019-04-22 15:26:49]	有时候 d->n
[2019-04-22 15:26:49]	由此 d->n
[2019-04-22 15:26:49]	有余 m->v
[2019-04-22 15:26:49]	请愿 vi->vn
[2019-04-22 15:26:49]	内在 b->n
[2019-04-22 15:26:49]	不好 a->n
[2019-04-22 15:26:49]	共命运 vl->nl
[2019-04-22 15:26:49]	小于 nr->v
[2019-04-22 15:26:49]	大人 n->nl
[2019-04-22 15:26:49]	乘法 n->nl
[2019-04-22 15:26:49]	对手 n->nl
[2019-04-22 15:26:49]	对方 n->nl
[2019-04-22 15:26:49]	成人 n->nl
[2019-04-22 15:26:49]	所在 n->nl
[2019-04-22 15:26:49]	全年 n->nl
[2019-04-22 15:26:49]	年轻人 n->nl
[2019-04-22 15:26:49]	双手 n->nl
[2019-04-22 15:26:49]	亮点 n->nl
[2019-04-22 15:26:49]	所长 n->nl
[2019-04-22 15:26:49]	天下 n->nl
[2019-04-22 15:26:49]	先人 n->nl
[2019-04-22 15:26:49]	正常人 n->nl
[2019-04-22 15:26:49]	好人 n->nl
[2019-04-22 15:26:49]	国家队 n->nl
[2019-04-22 15:26:49]	党派 n->nl
[2019-04-22 15:26:49]	乘方 n->nl
[2019-04-22 15:26:49]	嗨 e->nl
[2019-04-22 15:26:49]	个人 n->nl
[2019-04-22 15:26:49]	整年 d->n
[2019-04-22 15:26:49]	有声 b->n
[2019-04-22 15:26:49]	新增 v->n
[2019-04-22 15:26:49]	上册 n->nl
[2019-04-22 15:36:15]	本分 a->n
[2019-04-22 15:36:15]	按时 d->n
[2019-04-22 15:36:15]	一定 b->n
[2019-04-22 15:36:15]	不结盟 vi->n
[2019-04-22 15:36:15]	不是 c->n
[2019-04-22 15:36:15]	不能 v->n
[2019-04-22 15:36:15]	不会 v->n
[2019-04-22 15:36:15]	出血 vi->n
[2019-04-22 15:36:15]	打的 v->n
[2019-04-22 15:36:15]	除外 vi->n
[2019-04-22 15:36:15]	春分 t->n
[2019-04-22 15:36:15]	从宽 d->n
[2019-04-22 15:36:15]	从重 d->n
[2019-04-22 15:36:15]	搭建 v->n
[2019-04-22 15:36:15]	大寒 t->n
[2019-04-22 15:36:15]	当面 d->n
[2019-04-22 15:36:15]	会话 v->n
[2019-04-22 15:36:15]	分米 q->n
[2019-04-22 15:36:15]	次要 b->n
[2019-04-22 15:36:15]	成心 d->n
[2019-04-22 15:36:15]	一齐 d->n
[2019-04-22 15:36:15]	还账 v->n
[2019-04-22 15:36:15]	不准 v->n
[2019-04-22 15:36:15]	看不起 v->n
[2019-04-22 15:36:15]	看得起 v->n
[2019-04-22 15:36:15]	小产 v->n
[2019-04-22 15:36:15]	天天 d->n
[2019-04-22 15:36:15]	起名 vi->n
[2019-04-22 15:36:15]	上税 v->n
[2019-04-22 15:36:15]	他俩 r->n
[2019-04-22 15:36:15]	千米 q->n
[2019-04-22 15:36:15]	是不是 v->n
[2019-04-22 15:36:15]	禁不起 v->n
[2019-04-22 15:36:15]	先后 d->n
[2019-04-22 15:36:15]	小便 v->n
[2019-04-22 15:36:15]	小满 t->n
[2019-04-22 15:36:15]	吃药 v->n
[2019-04-22 15:36:15]	一元 b->n
[2019-04-22 15:36:15]	正好 z->n
[2019-04-22 15:36:15]	对证 vn->n
[2019-04-22 15:36:15]	中档 b->n
[2019-04-22 15:36:15]	自修 v->n
[2019-04-22 15:36:15]	到底 d->n
[2019-04-22 15:36:15]	和缓 a->n
[2019-04-22 15:36:15]	人为 b->n
[2019-04-22 15:36:15]	长达 v->n
[2019-04-22 15:36:15]	上流 b->n
[2019-04-22 15:36:15]	喜好 an->n
[2019-04-22 15:36:15]	从中 d->n
[2019-04-22 15:36:15]	各人 rr->n
[2019-04-22 15:36:15]	中选 vi->n
[2019-04-22 15:36:15]	各处 rzs->n
[2019-04-22 15:36:15]	四处 d->n
[2019-04-22 15:36:15]	上岸 vi->n
[2019-04-22 15:36:15]	拨打 v->n
[2019-04-22 15:36:15]	大跌 v->n
[2019-04-22 15:36:15]	好多 m->n
[2019-04-22 15:36:15]	下学 v->n
[2019-04-22 15:36:15]	不合 v->n
[2019-04-22 15:36:15]	高等 b->n
[2019-04-22 15:36:15]	老大 a->n
[2019-04-22 15:36:15]	还给 v->n
[2019-04-22 15:36:15]	对等 vi->n
[2019-04-22 15:36:15]	有心 v->n
[2019-04-22 15:36:15]	真的 a->n
[2019-04-22 15:36:15]	大喊 v->n
[2019-04-22 15:36:15]	总会 d->n
[2019-04-22 15:36:15]	该死 vi->n
[2019-04-22 15:36:15]	一口气 d->n
[2019-04-22 15:36:15]	小气 a->n
[2019-04-22 15:36:15]	论说 vn->n
[2019-04-22 15:36:15]	中意 a->n
[2019-04-22 15:36:15]	生分 a->n
[2019-04-22 15:36:15]	内蒙古自治区 ns->n
[2019-04-22 15:36:15]	年间 f->n
[2019-04-22 15:36:15]	和暖 a->n
[2019-04-22 15:36:15]	省钱 a->n
[2019-04-22 15:36:15]	单方面 b->n
[2019-04-22 15:36:15]	早起 vi->n
[2019-04-22 15:36:15]	签定 v->n
[2019-04-22 15:36:15]	凡间 s->n
[2019-04-22 15:36:15]	就是 c->n
[2019-04-22 15:36:15]	便是 v->n
[2019-04-22 15:36:15]	国都 d->n
[2019-04-22 15:36:15]	首次 m->n
[2019-04-22 15:36:15]	睡着 v->n
[2019-04-22 15:36:15]	了得 a->n
[2019-04-22 15:36:15]	西藏自治区 ns->n
[2019-04-22 15:36:15]	想像 v->n
[2019-04-22 15:36:15]	好在 d->n
[2019-04-22 15:36:15]	往时 t->n
[2019-04-22 15:36:15]	争抢 v->n
[2019-04-22 15:36:15]	正在 d->n
[2019-04-22 15:36:15]	我方 r->n
[2019-04-22 15:36:15]	多功能 b->n
[2019-04-22 15:36:15]	黑白 b->n
[2019-04-22 15:36:15]	南北 f->n
[2019-04-22 15:36:15]	干什么 r->n
[2019-04-22 15:36:15]	不断 d->n
[2019-04-22 15:36:15]	同呼吸 vl->n
[2019-04-22 15:36:15]	日间 t->n
[2019-04-22 15:36:15]	还是 c->n
[2019-04-22 15:36:15]	有点 d->n
[2019-04-22 15:36:15]	下流 a->n
[2019-04-22 15:36:15]	怎么办 ryv->n
[2019-04-22 15:36:15]	您好 nl->n
[2019-04-22 15:36:15]	你好 vl->n
[2019-04-22 15:36:15]	交售 v->n
[2019-04-22 15:36:15]	找到 v->n
[2019-04-22 15:36:15]	从来 d->n
[2019-04-22 15:36:15]	约分 v->n
[2019-04-22 15:36:15]	正数 v->n
[2019-04-22 15:36:15]	他人 rr->n
[2019-04-22 15:36:15]	不论 c->n
[2019-04-22 15:36:15]	不管 c->n
[2019-04-22 15:36:15]	出事 vi->n
[2019-04-22 15:36:15]	从此 d->n
[2019-04-22 15:36:15]	当时 t->n
[2019-04-22 15:36:15]	对话 vi->n
[2019-04-22 15:36:15]	吃饭 vi->n
[2019-04-22 15:36:15]	更新 v->n
[2019-04-22 15:36:15]	讲课 vi->n
[2019-04-22 15:36:15]	尽心 a->n
[2019-04-22 15:36:15]	立方 q->n
[2019-04-22 15:36:15]	没关系 vl->n
[2019-04-22 15:36:15]	遍地 vd->n
[2019-04-22 15:36:15]	开车 vi->n
[2019-04-22 15:36:15]	因此 c->n
[2019-04-22 15:36:15]	将来 t->n
[2019-04-22 15:36:15]	以前 f->n
[2019-04-22 15:36:15]	先前 t->n
[2019-04-22 15:36:15]	早上 t->n
[2019-04-22 15:36:15]	正月 t->n
[2019-04-22 15:36:15]	难看 a->n
[2019-04-22 15:36:15]	对头 a->n
[2019-04-22 15:36:15]	正当 a->n
[2019-04-22 15:36:15]	不容 v->n
[2019-04-22 15:36:15]	出手 vi->n
[2019-04-22 15:36:15]	着手 v->n
[2019-04-22 15:36:15]	不错 a->n
[2019-04-22 15:36:15]	不便 a->n
[2019-04-22 15:36:15]	得手 a->n
[2019-04-22 15:36:15]	说话 vi->n
[2019-04-22 15:36:15]	特等 b->n
[2019-04-22 15:36:15]	住手 vi->n
[2019-04-22 15:36:15]	共事 vi->n
[2019-04-22 15:36:15]	从前 t->n
[2019-04-22 15:36:15]	已往 t->n
[2019-04-22 15:36:15]	低下 a->n
[2019-04-22 15:36:15]	当中 f->n
[2019-04-22 15:36:15]	不易 a->n
[2019-04-22 15:36:15]	不可 d->n
[2019-04-22 15:36:15]	至此 d->n
[2019-04-22 15:36:15]	不顾 v->n
[2019-04-22 15:36:15]	正派 a->n
[2019-04-22 15:36:15]	不然 a->n
[2019-04-22 15:36:15]	某人 rr->n
[2019-04-22 15:36:15]	一角 n->v
[2019-04-22 15:36:15]	除外 vi->v
[2019-04-22 15:36:15]	爱人 n->nz
[2019-04-22 15:36:15]	把手 n->nz
[2019-04-22 15:36:15]	靠山 n->nz
[2019-04-22 15:36:15]	不行 a->v
[2019-04-22 15:36:15]	不能 v->vi
[2019-04-22 15:36:15]	不会 v->vi
[2019-04-22 15:36:15]	车号 n->nz
[2019-04-22 15:36:15]	同党 n->nz
[2019-04-22 15:36:15]	打的 v->vi
[2019-04-22 15:36:15]	除法 n->nz
[2019-04-22 15:36:15]	从重 d->v
[2019-04-22 15:36:15]	搭建 v->vd
[2019-04-22 15:36:15]	四处 d->vi
[2019-04-22 15:36:15]	拨打 v->vd
[2019-04-22 15:36:15]	大跌 v->vn
[2019-04-22 15:36:15]	会话 v->vn
[2019-04-22 15:36:15]	要领 n->nz
[2019-04-22 15:36:15]	下学 v->vd
[2019-04-22 15:36:15]	分号 n->nz
[2019-04-22 15:36:15]	不合 v->n
[2019-04-22 15:36:15]	高等 b->a
[2019-04-22 15:36:15]	还给 v->vd
[2019-04-22 15:36:15]	有心 v->vd
[2019-04-22 15:36:15]	说法 n->nz
[2019-04-22 15:36:15]	大喊 v->vd
[2019-04-22 15:36:15]	好多 m->a
[2019-04-22 15:36:15]	大奖 n->nz
[2019-04-22 15:36:15]	无礼 a->ad
[2019-04-22 15:36:15]	看不起 v->vn
[2019-04-22 15:36:15]	看得起 v->vn
[2019-04-22 15:36:15]	理事 n->nz
[2019-04-22 15:36:15]	本心 n->nl
[2019-04-22 15:36:15]	论说 vn->vl
[2019-04-22 15:36:15]	他俩 r->n
[2019-04-22 15:36:15]	江米 n->nz
[2019-04-22 15:36:15]	千米 q->qv
[2019-04-22 15:36:15]	签定 v->vn
[2019-04-22 15:36:15]	好天 n->nz
[2019-04-22 15:36:15]	日食 n->nz
[2019-04-22 15:36:15]	是不是 v->vd
[2019-04-22 15:36:15]	手指 n->nz
[2019-04-22 15:36:15]	睡着 v->vd
[2019-04-22 15:36:15]	大小 n->nz
[2019-04-22 15:36:15]	了得 a->ad
[2019-04-22 15:36:15]	问号 n->nz
[2019-04-22 15:36:15]	西藏自治区 ns->nz
[2019-04-22 15:36:15]	小便 v->vi
[2019-04-22 15:36:15]	好在 d->v
[2019-04-22 15:36:15]	双眼 n->nz
[2019-04-22 15:36:15]	一元 b->nz
[2019-04-22 15:36:15]	引号 n->nz
[2019-04-22 15:36:15]	像片 n->nz
[2019-04-22 15:36:15]	争抢 v->vd
[2019-04-22 15:36:15]	小我 n->nz
[2019-04-22 15:36:15]	文字 n->nz
[2019-04-22 15:36:15]	部分 m->n
[2019-04-22 15:36:15]	别名 n->nz
[2019-04-22 15:36:15]	和缓 a->ad
[2019-04-22 15:36:15]	按时 d->ad
[2019-04-22 15:36:15]	春分 t->n
[2019-04-22 15:36:15]	知了 n->nz
[2019-04-22 15:36:15]	车次 n->nz
[2019-04-22 15:36:15]	大寒 t->nz
[2019-04-22 15:36:15]	大料 n->nz
[2019-04-22 15:36:15]	当面 d->n
[2019-04-22 15:36:15]	上岸 vi->v
[2019-04-22 15:36:15]	对仗 n->nz
[2019-04-22 15:36:15]	分米 q->qt
[2019-04-22 15:36:15]	副词 n->nz
[2019-04-22 15:36:15]	次要 b->bl
[2019-04-22 15:36:15]	成心 d->v
[2019-04-22 15:36:15]	还账 v->vi
[2019-04-22 15:36:15]	该死 vi->v
[2019-04-22 15:36:15]	长项 n->nz
[2019-04-22 15:36:15]	借条 n->nz
[2019-04-22 15:36:15]	买家 n->nz
[2019-04-22 15:36:15]	天车 n->nz
[2019-04-22 15:36:15]	东家 n->nz
[2019-04-22 15:36:15]	小气 a->ad
[2019-04-22 15:36:15]	小产 v->vi
[2019-04-22 15:36:15]	起名 vi->v
[2019-04-22 15:36:15]	生分 a->ad
[2019-04-22 15:36:15]	上税 v->vi
[2019-04-22 15:36:15]	内蒙古自治区 ns->nz
[2019-04-22 15:36:15]	拟人 n->nz
[2019-04-22 15:36:15]	年岁 n->nl
[2019-04-22 15:36:15]	年事 n->nl
[2019-04-22 15:36:15]	身段 n->nz
[2019-04-22 15:36:15]	凡间 s->n
[2019-04-22 15:36:15]	便是 v->vd
[2019-04-22 15:36:15]	收条 n->nz
[2019-04-22 15:36:15]	禁不起 v->vd
[2019-04-22 15:36:15]	书册 n->nl
[2019-04-22 15:36:15]	水笔 n->nz
[2019-04-22 15:36:15]	时价 n->nl
[2019-04-22 15:36:15]	就义 vi->v
[2019-04-22 15:36:15]	先后 d->ad
[2019-04-22 15:36:15]	想像 v->vd
[2019-04-22 15:36:15]	小寒 t->nz
[2019-04-22 15:36:15]	小满 t->nz
[2019-04-22 15:36:15]	新词 n->nl
[2019-04-22 15:36:15]	往时 t->tg
[2019-04-22 15:36:15]	意旨 n->nl
[2019-04-22 15:36:15]	图章 n->nz
[2019-04-22 15:36:15]	正好 z->tg
[2019-04-22 15:36:15]	正理 n->nl
[2019-04-22 15:36:15]	对证 vn->n
[2019-04-22 15:36:15]	中档 b->nl
[2019-04-22 15:36:15]	我方 r->n
[2019-04-22 15:36:15]	自修 v->vl
[2019-04-22 15:36:15]	才能 n->v
[2019-04-22 15:36:15]	秒钟 n->q
[2019-04-22 15:36:15]	火烧 n->v
[2019-04-22 15:36:15]	大路 n->nz
[2019-04-22 15:36:15]	自力 n->nz
[2019-04-22 15:36:15]	女星 n->nl
[2019-04-22 15:36:15]	申请人 n->nl
[2019-04-22 15:36:15]	美女 n->nl
[2019-04-22 15:36:15]	联系人 n->nl
[2019-04-22 15:36:15]	便条 n->nl
[2019-04-22 15:36:15]	中农 n->nl
[2019-04-22 15:36:15]	人道 n->nl
[2019-04-22 15:36:15]	资本家 n->nl
[2019-04-22 15:36:15]	水车 n->nl
[2019-04-22 15:36:15]	马戏 n->nl
[2019-04-22 15:36:15]	除数 n->nz
[2019-04-22 15:36:15]	周长 n->nz
[2019-04-22 15:36:15]	小数 n->nz
[2019-04-22 15:36:15]	经线 n->nz
[2019-04-22 15:36:15]	副手 n->nz
[2019-04-22 15:36:15]	三角 n->ns
[2019-04-22 15:36:15]	切线 n->nz
[2019-04-22 15:36:15]	本着 p->nl
[2019-04-22 15:36:15]	报到 vi->v
[2019-04-22 15:36:15]	不够 a->n
[2019-04-22 15:36:15]	不满 a->v
[2019-04-22 15:36:15]	不同 a->ad
[2019-04-22 15:36:15]	大使 n->nl
[2019-04-22 15:36:15]	对应 vi->v
[2019-04-22 15:36:15]	海带 n->nl
[2019-04-22 15:36:15]	后天 n->t
[2019-04-22 15:36:15]	回家 vi->v
[2019-04-22 15:36:15]	开关 n->v
[2019-04-22 15:36:15]	完了 vi->n
[2019-04-22 15:36:15]	没用 a->v
[2019-04-22 15:36:15]	难听 a->v
[2019-04-22 15:36:15]	暖和 a->ad
[2019-04-22 15:36:15]	排比 n->nz
[2019-04-22 15:36:15]	前天 n->t
[2019-04-22 15:36:15]	上当 vi->v
[2019-04-22 15:36:15]	受不了 al->n
[2019-04-22 15:36:15]	从而 c->cc
[2019-04-22 15:36:15]	图像 n->nl
[2019-04-22 15:36:15]	脱钩 vi->v
[2019-04-22 15:36:15]	周到 a->an
[2019-04-22 15:36:15]	等同 vd->v
[2019-04-22 15:36:15]	有用 a->n
[2019-04-22 15:36:15]	再见 vi->v
[2019-04-22 15:36:15]	有时候 d->n
[2019-04-22 15:36:15]	由此 d->n
[2019-04-22 15:36:15]	有余 m->v
[2019-04-22 15:36:15]	请愿 vi->vn
[2019-04-22 15:36:15]	内在 b->n
[2019-04-22 15:36:15]	不好 a->n
[2019-04-22 15:36:15]	共命运 vl->nl
[2019-04-22 15:36:15]	小于 nr->v
[2019-04-22 15:36:15]	大人 n->nl
[2019-04-22 15:36:15]	乘法 n->nl
[2019-04-22 15:36:15]	对手 n->nl
[2019-04-22 15:36:15]	对方 n->nl
[2019-04-22 15:36:15]	成人 n->nl
[2019-04-22 15:36:15]	所在 n->nl
[2019-04-22 15:36:15]	全年 n->nl
[2019-04-22 15:36:15]	年轻人 n->nl
[2019-04-22 15:36:15]	双手 n->nl
[2019-04-22 15:36:15]	亮点 n->nl
[2019-04-22 15:36:15]	所长 n->nl
[2019-04-22 15:36:15]	天下 n->nl
[2019-04-22 15:36:15]	先人 n->nl
[2019-04-22 15:36:15]	正常人 n->nl
[2019-04-22 15:36:15]	好人 n->nl
[2019-04-22 15:36:15]	国家队 n->nl
[2019-04-22 15:36:15]	党派 n->nl
[2019-04-22 15:36:15]	乘方 n->nl
[2019-04-22 15:36:15]	嗨 e->nl
[2019-04-22 15:36:15]	个人 n->nl
[2019-04-22 15:36:15]	整年 d->n
[2019-04-22 15:36:15]	有声 b->n
[2019-04-22 15:36:15]	新增 v->n
[2019-04-22 15:36:15]	上册 n->nl
