[2019-02-11 11:07:07]	爱 b->v
[2019-02-11 11:07:07]	安 ag->v
[2019-02-11 11:07:07]	安定 a->an
[2019-02-11 11:07:07]	本分 a->n
[2019-02-11 11:07:07]	宁静 a->an
[2019-02-11 11:07:07]	安宁 a->an
[2019-02-11 11:07:07]	安谧 a->an
[2019-02-11 11:07:07]	和缓 a->ad
[2019-02-11 11:07:07]	太平 a->ns
[2019-02-11 11:07:07]	安全 a->an
[2019-02-11 11:07:07]	安慰 a->v
[2019-02-11 11:07:07]	按时 d->ad
[2019-02-11 11:07:07]	昂首 vd->vi
[2019-02-11 11:07:07]	昂扬 a->v
[2019-02-11 11:07:07]	后悔 a->v
[2019-02-11 11:07:07]	八宝粥 n->gms
[2019-02-11 11:07:07]	把 m->v
[2019-02-11 11:07:07]	百合 n->nr
[2019-02-11 11:07:07]	绊 ng->v
[2019-02-11 11:07:07]	棒 a->ng
[2019-02-11 11:07:07]	包 n->v
[2019-02-11 11:07:07]	折 ng->vi
[2019-02-11 11:07:07]	叠 q->v
[2019-02-11 11:07:07]	包子 n->gms
[2019-02-11 11:07:08]	保安 b->n
[2019-02-11 11:07:08]	保障 n->v
[2019-02-11 11:07:08]	保健 b->n
[2019-02-11 11:07:08]	封闭 a->v
[2019-02-11 11:07:08]	保险 a->n
[2019-02-11 11:07:08]	保证 n->v
[2019-02-11 11:07:08]	不好意思 a->vl
[2019-02-11 11:07:08]	背 a->v
[2019-02-11 11:07:08]	被 d->pbei
[2019-02-11 11:07:08]	必然 b->n
[2019-02-11 11:07:08]	一定 b->d
[2019-02-11 11:07:08]	边 b->n
[2019-02-11 11:07:08]	边缘 b->n
[2019-02-11 11:07:08]	边防 b->n
[2019-02-11 11:07:08]	边陲 n->s
[2019-02-11 11:07:08]	变化 v->vn
[2019-02-11 11:07:08]	标准 a->n
[2019-02-11 11:07:08]	规范 a->v
[2019-02-11 11:07:08]	飞跃 vi->vn
[2019-02-11 11:07:08]	口头 d->n
[2019-02-11 11:07:08]	表现 n->v
[2019-02-11 11:07:08]	别名 n->nz
[2019-02-11 11:07:08]	做作 a->v
[2019-02-11 11:07:08]	拨 q->v
[2019-02-11 11:07:08]	奔腾 nz->vi
[2019-02-11 11:07:08]	盘剥 v->vn
[2019-02-11 11:07:08]	补偿 v->vn
[2019-02-11 11:07:08]	甭 d->v
[2019-02-11 11:07:08]	不安 a->an
[2019-02-11 11:07:08]	焦虑 a->an
[2019-02-11 11:07:08]	恐慌 a->an
[2019-02-11 11:07:08]	不满 a->an
[2019-02-11 11:07:08]	例外 n->vi
[2019-02-11 11:07:08]	不幸 a->n
[2019-02-11 11:07:08]	部分 m->n
[2019-02-11 11:07:08]	华 ag->b
[2019-02-11 11:07:08]	愧疚 a->an
[2019-02-11 11:07:08]	辉煌 a->an
[2019-02-11 11:07:08]	绚烂 a->an
[2019-02-11 11:07:08]	仓储 n->vn
[2019-02-11 11:07:08]	费心 a->v
[2019-02-11 11:07:08]	迥异 a->z
[2019-02-11 11:07:08]	叶 n->ng
[2019-02-11 11:07:08]	拆解 v->vn
[2019-02-11 11:07:08]	知了 n->nz
[2019-02-11 11:07:08]	长春 ns->nz
[2019-02-11 11:07:08]	经常 b->d
[2019-02-11 11:07:08]	超 h->v
[2019-02-11 11:07:08]	超产 v->vn
[2019-02-11 11:07:08]	超支 n->v
[2019-02-11 11:07:08]	车次 n->nz
[2019-02-11 11:07:08]	沉淀 n->vi
[2019-02-11 11:07:08]	尽职 vd->vi
[2019-02-11 11:07:08]	诚心 a->n
[2019-02-11 11:07:08]	党羽 n->nz
[2019-02-11 11:07:08]	冲突 vi->vn
[2019-02-11 11:07:08]	倾心 ad->vi
[2019-02-11 11:07:08]	喜好 an->v
[2019-02-11 11:07:08]	空洞 a->n
[2019-02-11 11:07:08]	抽样 vd->vi
[2019-02-11 11:07:08]	臭豆腐 n->gms
[2019-02-11 11:07:08]	出口 n->vi
[2019-02-11 11:07:08]	肇事 vi->vn
[2019-02-11 11:07:08]	出租 n->v
[2019-02-11 11:07:08]	先期 b->d
[2019-02-11 11:07:08]	除外 vi->v
[2019-02-11 11:07:08]	装 n->v
[2019-02-11 11:07:08]	传统 a->n
[2019-02-11 11:07:08]	船 n->gjtgj
[2019-02-11 11:07:08]	轮船 n->gjtgj
[2019-02-11 11:07:08]	船舶 n->gjtgj
[2019-02-11 11:07:08]	春分 t->n
[2019-02-11 11:07:08]	刺 n->v
[2019-02-11 11:07:08]	睿智 a->an
[2019-02-11 11:07:08]	智慧 a->n
[2019-02-11 11:07:08]	从 d->p
[2019-02-11 11:07:08]	自 d->p
[2019-02-11 11:07:08]	粗心 a->an
[2019-02-11 11:07:08]	大意 a->n
[2019-02-11 11:07:08]	酸 a->n
[2019-02-11 11:07:08]	摩擦 v->vn
[2019-02-11 11:07:08]	坎坷 a->an
[2019-02-11 11:07:08]	错误 a->n
[2019-02-11 11:07:08]	达标 vd->vi
[2019-02-11 11:07:08]	答复 n->v
[2019-02-11 11:07:08]	打 p->v
[2019-02-11 11:07:08]	狩猎 n->vi
[2019-02-11 11:07:08]	打算 n->v
[2019-02-11 11:07:08]	大寒 t->nz
[2019-02-11 11:07:08]	大家 n->rr
[2019-02-11 11:07:08]	大料 n->nz
[2019-02-11 11:07:08]	大致 b->d
[2019-02-11 11:07:08]	呆 a->v
[2019-02-11 11:07:08]	代办 n->v
[2019-02-11 11:07:08]	代理 n->v
[2019-02-11 11:07:08]	带 n->v
[2019-02-11 11:07:08]	带子 n->v
[2019-02-11 11:07:08]	条 ng->q
[2019-02-11 11:07:08]	戴 nr1->v
[2019-02-11 11:07:08]	单 b->d
[2019-02-11 11:07:08]	单独 b->d
[2019-02-11 11:07:08]	当面 d->n
[2019-02-11 11:07:08]	那天 r->t
[2019-02-11 11:07:08]	挡 n->v
[2019-02-11 11:07:08]	的 n->ude1
[2019-02-11 11:07:08]	得 ude3->v
[2019-02-11 11:07:08]	到 p->v
[2019-02-11 11:07:08]	倒 d->vi
[2019-02-11 11:07:08]	偷 d->v
[2019-02-11 11:07:08]	道德 a->n
[2019-02-11 11:07:08]	道教 n->nz
[2019-02-11 11:07:08]	上岸 vi->v
[2019-02-11 11:07:08]	等 n->v
[2019-02-11 11:07:08]	地铁 n->gjtgj
[2019-02-11 11:07:08]	光 a->n
[2019-02-11 11:07:08]	光辉 a->n
[2019-02-11 11:07:08]	顶 f->v
[2019-02-11 11:07:08]	定额 d->n
[2019-02-11 11:07:08]	定期 b->d
[2019-02-11 11:07:08]	东 b->f
[2019-02-11 11:07:08]	东乡族 ns->nz
[2019-02-11 11:07:08]	全部 m->ad
[2019-02-11 11:07:08]	斗争 vi->vn
[2019-02-11 11:07:08]	独立 a->v
[2019-02-11 11:07:08]	自力 n->nr
[2019-02-11 11:07:08]	渡 ng->v
[2019-02-11 11:07:08]	端 ng->v
[2019-02-11 11:07:08]	端正 a->v
[2019-02-11 11:07:08]	断 d->v
[2019-02-11 11:07:08]	对仗 n->nz
[2019-02-11 11:07:08]	多 a->m
[2019-02-11 11:07:08]	饿 a->v
[2019-02-11 11:07:08]	发 ng->v
[2019-02-11 11:07:08]	带头 vd->vi
[2019-02-11 11:07:08]	发糕 n->gms
[2019-02-11 11:07:08]	施展 nr->v
[2019-02-11 11:07:08]	发烧 b->vi
[2019-02-11 11:07:08]	无力 a->vi
[2019-02-11 11:07:08]	法 b->n
[2019-02-11 11:07:08]	庭审 n->v
[2019-02-11 11:07:08]	帆船 n->gjtgj
[2019-02-11 11:07:08]	繁荣 a->an
[2019-02-11 11:07:08]	重复 a->v
[2019-02-11 11:07:08]	来回 d->vi
[2019-02-11 11:07:08]	反面 b->n
[2019-02-11 11:07:08]	反应 n->vi
[2019-02-11 11:07:08]	犯罪 vi->vn
[2019-02-11 11:07:08]	范 ng->nr1
[2019-02-11 11:07:08]	方 a->d
[2019-02-11 11:07:08]	方便面 n->gms
[2019-02-11 11:07:08]	防汛 vi->vn
[2019-02-11 11:07:08]	飞机 n->gjtgj
[2019-02-11 11:07:08]	肥 a->n
[2019-02-11 11:07:08]	分布 vd->vi
[2019-02-11 11:07:08]	分离 vd->vi
[2019-02-11 11:07:08]	分米 q->qt
[2019-02-11 11:07:08]	生气 a->n
[2019-02-11 11:07:08]	风光 a->n
[2019-02-11 11:07:08]	封 ng->v
[2019-02-11 11:07:08]	冯 m->nr1
[2019-02-11 11:07:08]	抚恤 vi->vn
[2019-02-11 11:07:08]	远望 nz->v
[2019-02-11 11:07:08]	腐败 a->an
[2019-02-11 11:07:08]	负责 a->v
[2019-02-11 11:07:08]	中兴 ns->nz
[2019-02-11 11:07:08]	副词 n->nz
[2019-02-11 11:07:08]	付 q->v
[2019-02-11 11:07:08]	次要 b->bl
[2019-02-11 11:07:08]	富 a->vg
[2019-02-11 11:07:08]	富有 a->v
[2019-02-11 11:07:08]	富余 a->vn
[2019-02-11 11:07:08]	盖 d->v
[2019-02-11 11:07:08]	扣 ng->v
[2019-02-11 11:07:08]	干 a->v
[2019-02-11 11:07:08]	甘 ad->ag
[2019-02-11 11:07:08]	感动 a->v
[2019-02-11 11:07:08]	感冒 n->vi
[2019-02-11 11:07:08]	不久 d->m
[2019-02-11 11:07:08]	方才 d->nr
[2019-02-11 11:07:08]	高贵 a->nr
[2019-02-11 11:07:08]	年老 a->vi
[2019-02-11 11:07:08]	革命 a->vn
[2019-02-11 11:07:08]	解 ng->v
[2019-02-11 11:07:08]	根据 n->p
[2019-02-11 11:07:08]	据 ng->p
[2019-02-11 11:07:08]	跟随 p->v
[2019-02-11 11:07:08]	随着 d->p
[2019-02-11 11:07:08]	更年期 n->t
[2019-02-11 11:07:08]	工作 n->vn
[2019-02-11 11:07:08]	公开 a->v
[2019-02-11 11:07:08]	巩固 a->v
[2019-02-11 11:07:08]	共产党 n->nz
[2019-02-11 11:07:08]	奉献 n->v
[2019-02-11 11:07:08]	够 a->v
[2019-02-11 11:07:08]	孤立 a->v
[2019-02-11 11:07:08]	孤僻 a->an
[2019-02-11 11:07:08]	鼓 a->v
[2019-02-11 11:07:08]	彭 m->nr1
[2019-02-11 11:07:08]	鼓舞 a->v
[2019-02-11 11:07:08]	固定 a->v
[2019-02-11 11:07:08]	稳定 a->an
[2019-02-11 11:07:08]	传奇 a->n
[2019-02-11 11:07:08]	故意 b->d
[2019-02-11 11:07:08]	有意 d->vi
[2019-02-11 11:07:08]	成心 d->v
[2019-02-11 11:07:08]	顾 ng->v
[2019-02-11 11:07:08]	挂 q->v
[2019-02-11 11:07:08]	关切 a->v
[2019-02-11 11:07:08]	论断 n->vn
[2019-02-11 11:07:08]	臣 n->ng
[2019-02-11 11:07:08]	管理 v->vn
[2019-02-11 11:07:08]	管制 v->vn
[2019-02-11 11:07:08]	光明 a->n
[2019-02-11 11:07:08]	亮 a->vi
[2019-02-11 11:07:08]	归结 n->vi
[2019-02-11 11:07:08]	鬼 a->n
[2019-02-11 11:07:08]	邪 a->ag
[2019-02-11 11:07:08]	滚 ng->vi
[2019-02-11 11:07:08]	国庆 n->t
[2019-02-11 11:07:08]	干脆 a->d
[2019-02-11 11:07:08]	断然 b->d
[2019-02-11 11:07:08]	果然 c->d
[2019-02-11 11:07:08]	果真 c->d
[2019-02-11 11:07:08]	过期 vd->vi
[2019-02-11 11:07:08]	海口 n->ns
[2019-02-11 11:07:08]	琼 b->nr1
[2019-02-11 11:07:08]	叫 n->vi
[2019-02-11 11:07:08]	汉堡包 n->gms
[2019-02-11 11:07:08]	数码 b->n
[2019-02-11 11:07:08]	合资 b->vi
[2019-02-11 11:07:08]	集资 vd->vi
[2019-02-11 11:07:08]	合伙 vd->vi
[2019-02-11 11:07:08]	合股 vd->vi
[2019-02-11 11:07:08]	和 ag->cc
[2019-02-11 11:07:08]	集合 n->v
[2019-02-11 11:07:08]	与 cc->p
[2019-02-11 11:07:08]	同 cc->p
[2019-02-11 11:07:08]	并 cc->d
[2019-02-11 11:07:08]	狠 a->d
[2019-02-11 11:07:08]	狠心 a->an
[2019-02-11 11:07:08]	横 a->v
[2019-02-11 11:07:08]	哄 o->v
[2019-02-11 11:07:08]	后期 f->t
[2019-02-11 11:07:08]	胡 d->nr1
[2019-02-11 11:07:08]	湖 b->n
[2019-02-11 11:07:08]	迷惑 a->v
[2019-02-11 11:07:08]	依稀 a->d
[2019-02-11 11:07:08]	互相 b->d
[2019-02-11 11:07:08]	花 a->n
[2019-02-11 11:07:08]	花卷 n->gms
[2019-02-11 11:07:08]	滑冰 n->vn
[2019-02-11 11:07:08]	滑雪 vi->vn
[2019-02-11 11:07:08]	化验 n->v
[2019-02-11 11:07:08]	打扮 n->v
[2019-02-11 11:07:08]	还账 v->vi
[2019-02-11 11:07:08]	涣散 a->v
[2019-02-11 11:07:08]	怪诞 a->an
[2019-02-11 11:07:08]	黄色 b->n
[2019-02-11 11:07:08]	回头 d->vi
[2019-02-11 11:07:08]	会 n->v
[2019-02-11 11:07:08]	馄饨 n->gms
[2019-02-11 11:07:08]	活动 a->vn
[2019-02-11 11:07:08]	该死 vi->v
[2019-02-11 11:07:08]	活 a->n
[2019-02-11 11:07:08]	火车 n->gjtgj
[2019-02-11 11:07:08]	机械 a->n
[2019-02-11 11:07:08]	缉私 vi->vn
[2019-02-11 11:07:08]	狂热 a->an
[2019-02-11 11:07:08]	极端 a->n
[2019-02-11 11:07:08]	集邮 vi->vn
[2019-02-11 11:07:08]	集中 a->v
[2019-02-11 11:07:08]	挤 a->v
[2019-02-11 11:07:08]	运算 vi->vn
[2019-02-11 11:07:08]	记录 n->v
[2019-02-11 11:07:08]	记载 n->v
[2019-02-11 11:07:08]	纪念 n->v
[2019-02-11 11:07:08]	长项 n->nz
[2019-02-11 11:07:08]	加班 vd->vi
[2019-02-11 11:07:08]	夹 b->v
[2019-02-11 11:07:08]	家 k->n
[2019-02-11 11:07:08]	值 a->n
[2019-02-11 11:07:08]	尖端 b->n
[2019-02-11 11:07:08]	坚定 a->v
[2019-02-11 11:07:08]	监察 v->vn
[2019-02-11 11:07:08]	调查 n->v
[2019-02-11 11:07:08]	方便 a->v
[2019-02-11 11:07:08]	便利 a->an
[2019-02-11 11:07:08]	间接 a->b
[2019-02-11 11:07:08]	建设 n->vn
[2019-02-11 11:07:08]	健全 a->v
[2019-02-11 11:07:08]	讲究 a->v
[2019-02-11 11:07:08]	降价 vd->vi
[2019-02-11 11:07:08]	坦白 a->v
[2019-02-11 11:07:08]	灌 ng->v
[2019-02-11 11:07:08]	娇气 a->n
[2019-02-11 11:07:08]	骄傲 a->an
[2019-02-11 11:07:08]	饺子 n->gms
[2019-02-11 11:07:08]	教 ng->v
[2019-02-11 11:07:08]	教育 v->vn
[2019-02-11 11:07:08]	接力 n->vn
[2019-02-11 11:07:08]	结果 c->n
[2019-02-11 11:07:08]	结业 vd->vi
[2019-02-11 11:07:08]	解放 a->v
[2019-02-11 11:07:08]	解放战争 n->nz
[2019-02-11 11:07:08]	借 p->v
[2019-02-11 11:07:08]	租 ng->v
[2019-02-11 11:07:08]	借贷 n->v
[2019-02-11 11:07:08]	借条 n->nz
[2019-02-11 11:07:08]	金 b->ng
[2019-02-11 11:07:08]	尽力 d->vi
[2019-02-11 11:07:08]	全力 d->n
[2019-02-11 11:07:08]	尽心 a->v
[2019-02-11 11:07:08]	进步 a->vn
[2019-02-11 11:07:08]	临近 a->v
[2019-02-11 11:07:08]	经过 n->p
[2019-02-11 11:07:08]	经济 a->n
[2019-02-11 11:07:08]	经营 n->v
[2019-02-11 11:07:08]	精神 a->n
[2019-02-11 11:07:08]	感慨 a->v
[2019-02-11 11:07:08]	警惕 a->v
[2019-02-11 11:07:08]	敬业 a->vi
[2019-02-11 11:07:08]	就 c->d
[2019-02-11 11:07:08]	举 ag->v
[2019-02-11 11:07:08]	举重 n->vn
[2019-02-11 11:07:08]	行 a->vi
[2019-02-11 11:07:08]	锯 n->v
[2019-02-11 11:07:08]	卷 ng->v
[2019-02-11 11:07:08]	决定 n->v
[2019-02-11 11:07:08]	决赛 vi->vn
[2019-02-11 11:07:08]	决心 d->n
[2019-02-11 11:07:08]	开创 n->v
[2019-02-11 11:07:08]	开放 a->v
[2019-02-11 11:07:08]	开阔 a->v
[2019-02-11 11:07:08]	伊始 t->vi
[2019-02-11 11:07:08]	初叶 f->t
[2019-02-11 11:07:08]	初始 b->t
[2019-02-11 11:07:08]	初步 b->d
[2019-02-11 11:07:08]	看 u->v
[2019-02-11 11:07:08]	测验 v->vn
[2019-02-11 11:07:08]	考验 v->vn
[2019-02-11 11:07:08]	烤鸭 n->gms
[2019-02-11 11:07:08]	靠 ng->v
[2019-02-11 11:07:08]	科学 a->n
[2019-02-11 11:07:08]	可怜 a->v
[2019-02-11 11:07:08]	可惜 a->v
[2019-02-11 11:07:08]	可以 a->v
[2019-02-11 11:07:08]	能 d->v
[2019-02-11 11:07:08]	克 b->vg
[2019-02-11 11:07:08]	客观 a->n
[2019-02-11 11:07:08]	买家 n->nz
[2019-02-11 11:07:08]	肯定 a->v
[2019-02-11 11:07:08]	空 a->v
[2019-02-11 11:07:08]	口 f->n
[2019-02-11 11:07:08]	苦 a->an
[2019-02-11 11:07:08]	苦涩 a->an
[2019-02-11 11:07:08]	苦闷 a->an
[2019-02-11 11:07:08]	迷茫 a->an
[2019-02-11 11:07:08]	苦恼 a->an
[2019-02-11 11:07:08]	迷惘 a->an
[2019-02-11 11:07:08]	夸张 n->vi
[2019-02-11 11:07:08]	跨 ng->v
[2019-02-11 11:07:08]	越 b->d
[2019-02-11 11:07:08]	匡 nr1->vg
[2019-02-11 11:07:08]	捆 ng->v
[2019-02-11 11:07:08]	困惑 a->an
[2019-02-11 11:07:08]	疑惑 an->v
[2019-02-11 11:07:08]	困难 a->an
[2019-02-11 11:07:08]	拉 b->v
[2019-02-11 11:07:08]	腊八粥 n->gms
[2019-02-11 11:07:08]	来 f->vf
[2019-02-11 11:07:08]	天车 n->nz
[2019-02-11 11:07:08]	懈怠 a->an
[2019-02-11 11:07:08]	劳动 vi->vn
[2019-02-11 11:07:08]	坚韧 a->an
[2019-02-11 11:07:08]	铭刻 n->v
[2019-02-11 11:07:08]	铭记 n->v
[2019-02-11 11:07:08]	东家 n->nz
[2019-02-11 11:07:08]	了 ule->y
[2019-02-11 11:07:08]	累 a->v
[2019-02-11 11:07:08]	疲劳 a->an
[2019-02-11 11:07:08]	困倦 a->an
[2019-02-11 11:07:08]	倦怠 a->an
[2019-02-11 11:07:08]	礼貌 a->an
[2019-02-11 11:07:08]	李 ng->nr1
[2019-02-11 11:07:08]	理想 a->n
[2019-02-11 11:07:08]	理性 b->n
[2019-02-11 11:07:08]	连 d->n
[2019-02-11 11:07:08]	盟 n->ng
[2019-02-11 11:07:08]	联系 n->v
[2019-02-11 11:07:08]	练习 n->v
[2019-02-11 11:07:08]	辽 b->tg
[2019-02-11 11:07:08]	劣 a->ag
[2019-02-11 11:07:08]	林 n->ng
[2019-02-11 11:07:08]	小气 a->ad
[2019-02-11 11:07:08]	零售 v->vn
[2019-02-11 11:07:08]	另外 c->rz
[2019-02-11 11:07:08]	小产 v->vi
[2019-02-11 11:07:08]	流行 a->v
[2019-02-11 11:07:08]	柳 n->ng
[2019-02-11 11:07:08]	漏 ng->v
[2019-02-11 11:07:08]	滴 q->v
[2019-02-11 11:07:08]	露 ng->v
[2019-02-11 11:07:08]	旅游 vi->vn
[2019-02-11 11:07:08]	动感 b->n
[2019-02-11 11:07:08]	乱 a->d
[2019-02-11 11:07:08]	轮班 vd->vn
[2019-02-11 11:07:08]	转 ng->v
[2019-02-11 11:07:08]	麻 a->n
[2019-02-11 11:07:08]	麻烦 a->an
[2019-02-11 11:07:08]	烦恼 a->an
[2019-02-11 11:07:08]	马 b->n
[2019-02-11 11:07:08]	馒头 n->gms
[2019-02-11 11:07:08]	满 a->v
[2019-02-11 11:07:08]	满足 a->v
[2019-02-11 11:07:08]	忙 a->v
[2019-02-11 11:07:08]	蒙 b->vi
[2019-02-11 11:07:08]	毛 a->nr1
[2019-02-11 11:07:08]	矛盾 a->an
[2019-02-11 11:07:08]	冒险 vd->vi
[2019-02-11 11:07:08]	贸易 v->vn
[2019-02-11 11:07:08]	没有 d->v
[2019-02-11 11:07:08]	无 d->v
[2019-02-11 11:07:08]	美 a->b
[2019-02-11 11:07:08]	住院 vd->vi
[2019-02-11 11:07:08]	耳语 n->vi
[2019-02-11 11:07:08]	秘密 a->n
[2019-02-11 11:07:08]	机密 a->n
[2019-02-11 11:07:08]	免费 vd->vi
[2019-02-11 11:07:08]	勉强 a->v
[2019-02-11 11:07:08]	民主 a->an
[2019-02-11 11:07:08]	起名 vi->v
[2019-02-11 11:07:08]	模范 a->n
[2019-02-11 11:07:08]	模拟 b->v
[2019-02-11 11:07:08]	磨 n->v
[2019-02-11 11:07:08]	生分 a->ad
[2019-02-11 11:07:08]	墨 b->n
[2019-02-11 11:07:08]	母 b->ng
[2019-02-11 11:07:08]	木 a->ng
[2019-02-11 11:07:08]	捐款 n->vi
[2019-02-11 11:07:08]	拿 p->v
[2019-02-11 11:07:08]	上税 v->vi
[2019-02-11 11:07:08]	委屈 a->v
[2019-02-11 11:07:08]	悲痛 a->an
[2019-02-11 11:07:08]	内蒙古自治区 ns->nz
[2019-02-11 11:07:08]	倪 x->n
[2019-02-11 11:07:08]	拟人 n->nz
[2019-02-11 11:07:08]	年 n->qt
[2019-02-11 11:07:08]	年岁 n->nl
[2019-02-11 11:07:08]	年事 n->nl
[2019-02-11 11:07:08]	凝眸 vd->vi
[2019-02-11 11:07:08]	牛 ag->n
[2019-02-11 11:07:08]	努力 a->an
[2019-02-11 11:07:08]	暖 a->v
[2019-02-11 11:07:08]	温暖 a->an
[2019-02-11 11:07:08]	温热 a->an
[2019-02-11 11:07:08]	和暖 a->an
[2019-02-11 11:07:08]	偶尔 b->d
[2019-02-11 11:07:08]	扑 o->v
[2019-02-11 11:07:08]	攀 b->v
[2019-02-11 11:07:08]	拍 ng->v
[2019-02-11 11:07:08]	排 n->v
[2019-02-11 11:07:08]	排队 n->vi
[2019-02-11 11:07:08]	派出所 n->gms
[2019-02-11 11:07:08]	派遣 v->gms
[2019-02-11 11:07:08]	派出 v->gms
[2019-02-11 11:07:08]	判断 n->v
[2019-02-11 11:07:08]	抛 nr1->v
[2019-02-11 11:07:08]	配套 a->v
[2019-02-11 11:07:08]	烹饪 n->vi
[2019-02-11 11:07:08]	相知 n->v
[2019-02-11 11:07:08]	捧 q->v
[2019-02-11 11:07:08]	批发 v->vn
[2019-02-11 11:07:08]	偏 a->d
[2019-02-11 11:07:08]	单方面 b->n
[2019-02-11 11:07:08]	飘 a->v
[2019-02-11 11:07:08]	撇 q->v
[2019-02-11 11:07:08]	应邀 vd->vi
[2019-02-11 11:07:08]	平 a->v
[2019-02-11 11:07:08]	通常 b->d
[2019-02-11 11:07:08]	破 a->v
[2019-02-11 11:07:08]	铺 n->v
[2019-02-11 11:07:08]	普及 a->v
[2019-02-11 11:07:08]	遍地 vd->vi
[2019-02-11 11:07:08]	限期 n->vi
[2019-02-11 11:07:08]	奇怪 a->v
[2019-02-11 11:07:08]	祷告 v->vn
[2019-02-11 11:07:08]	辗转 vd->vi
[2019-02-11 11:07:08]	蜿蜒 v->z
[2019-02-11 11:07:08]	启示 v->vn
[2019-02-11 11:07:08]	矜持 a->an
[2019-02-11 11:07:08]	署名 n->vi
[2019-02-11 11:07:08]	签名 n->vi
[2019-02-11 11:07:08]	前天 n->t
[2019-02-11 11:07:08]	壮 a->v
[2019-02-11 11:07:08]	争 ng->v
[2019-02-11 11:07:08]	乔木 n->nr
[2019-02-11 11:07:08]	切 ag->v
[2019-02-11 11:07:08]	亲近 a->v
[2019-02-11 11:07:08]	明确 a->v
[2019-02-11 11:07:08]	纯洁 a->v
[2019-02-11 11:07:08]	清明 a->t
[2019-02-11 11:07:08]	晴 an->vi
[2019-02-11 11:07:08]	让 p->v
[2019-02-11 11:07:08]	祝 ng->v
[2019-02-11 11:07:08]	贺 ng->vg
[2019-02-11 11:07:08]	秋 ng->tg
[2019-02-11 11:07:08]	求 ng->v
[2019-02-11 11:07:08]	曲 ag->n
[2019-02-11 11:07:08]	出 q->vf
[2019-02-11 11:07:08]	泉 n->ng
[2019-02-11 11:07:08]	缺 n->v
[2019-02-11 11:07:08]	欠缺 a->vi
[2019-02-11 11:07:08]	火 a->n
[2019-02-11 11:07:08]	夏 ng->tg
[2019-02-11 11:07:08]	热情 a->an
[2019-02-11 11:07:08]	热气球 n->gjtgj
[2019-02-11 11:07:08]	热心 a->v
[2019-02-11 11:07:08]	热忱 a->an
[2019-02-11 11:07:08]	热诚 a->an
[2019-02-11 11:07:08]	委任 n->v
[2019-02-11 11:07:08]	依旧 d->z
[2019-02-11 11:07:08]	照旧 d->v
[2019-02-11 11:07:08]	肉 a->n
[2019-02-11 11:07:08]	肉 a->gms
[2019-02-11 11:07:08]	撒 n->v
[2019-02-11 11:07:08]	塞 b->v
[2019-02-11 11:07:08]	堵 a->v
[2019-02-11 11:07:08]	信步 vd->vi
[2019-02-11 11:07:08]	土 a->n
[2019-02-11 11:07:08]	上 b->f
[2019-02-11 11:07:08]	设计 n->v
[2019-02-11 11:07:08]	摄像 n->vi
[2019-02-11 11:07:08]	申请 n->v
[2019-02-11 11:07:08]	全身 b->n
[2019-02-11 11:07:08]	体 k->ng
[2019-02-11 11:07:08]	身段 n->nz
[2019-02-11 11:07:08]	深入 a->v
[2019-02-11 11:07:08]	深度 ad->n
[2019-02-11 11:07:08]	神气 a->n
[2019-02-11 11:07:08]	升 q->v
[2019-02-11 11:07:08]	增值 n->vi
[2019-02-11 11:07:08]	生 a->v
[2019-02-11 11:07:08]	生产 n->v
[2019-02-11 11:07:08]	出产 n->v
[2019-02-11 11:07:08]	生活 vi->vn
[2019-02-11 11:07:08]	胜利 ad->vi
[2019-02-11 11:07:08]	失落 a->v
[2019-02-11 11:07:08]	狮 n->ng
[2019-02-11 11:07:08]	滋润 a->v
[2019-02-11 11:07:08]	温润 a->an
[2019-02-11 11:07:08]	石 b->ng
[2019-02-11 11:07:08]	时刻 d->n
[2019-02-11 11:07:08]	实践 n->v
[2019-02-11 11:07:08]	实质 a->n
[2019-02-11 11:07:08]	示范 vi->vn
[2019-02-11 11:07:08]	凡间 s->n
[2019-02-11 11:07:08]	是 ng->vshi
[2019-02-11 11:07:08]	便是 v->vd
[2019-02-11 11:07:08]	是否 d->v
[2019-02-11 11:07:08]	释迦牟尼 n->nrf
[2019-02-11 11:07:08]	收条 n->nz
[2019-02-11 11:07:08]	手 k->n
[2019-02-11 11:07:08]	手工 d->n
[2019-02-11 11:07:08]	守法 vd->vi
[2019-02-11 11:07:08]	首创 nz->v
[2019-02-11 11:07:08]	首先 c->d
[2019-02-11 11:07:08]	初 d->f
[2019-02-11 11:07:08]	最初 b->d
[2019-02-11 11:07:08]	禁不起 v->vd
[2019-02-11 11:07:08]	本 d->rz
[2019-02-11 11:07:08]	册 ng->q
[2019-02-11 11:07:08]	书册 n->nl
[2019-02-11 11:07:08]	疏松 a->vn
[2019-02-11 11:07:08]	熟悉 a->v
[2019-02-11 11:07:08]	属实 a->v
[2019-02-11 11:07:08]	鼠 n->ng
[2019-02-11 11:07:08]	竖 n->v
[2019-02-11 11:07:08]	刷 o->v
[2019-02-11 11:07:08]	帅 ng->nr1
[2019-02-11 11:07:08]	水笔 n->nz
[2019-02-11 11:07:08]	说 ng->v
[2019-02-11 11:07:08]	讲 ng->v
[2019-02-11 11:07:08]	司 n->ng
[2019-02-11 11:07:08]	松 a->v
[2019-02-11 11:07:08]	松懈 a->v
[2019-02-11 11:07:08]	宋 nr1->tg
[2019-02-11 11:07:08]	孙 n->nr1
[2019-02-11 11:07:08]	孙子 n->nr
[2019-02-11 11:07:08]	锁 n->v
[2019-02-11 11:07:08]	塔 b->n
[2019-02-11 11:07:08]	贪吃 an->v
[2019-02-11 11:07:08]	贪心 a->v
[2019-02-11 11:07:08]	弹 ng->v
[2019-02-11 11:07:08]	烫 a->v
[2019-02-11 11:07:08]	特别 a->d
[2019-02-11 11:07:08]	希罕 a->v
[2019-02-11 11:07:08]	疼痛 a->an
[2019-02-11 11:07:08]	挑剔 a->v
[2019-02-11 11:07:08]	提成 n->vi
[2019-02-11 11:07:08]	提议 n->v
[2019-02-11 11:07:08]	田野 n->nr
[2019-02-11 11:07:08]	唐 b->tg
[2019-02-11 11:07:08]	甘甜 a->an
[2019-02-11 11:07:08]	担 ng->v
[2019-02-11 11:07:08]	调控 v->vn
[2019-02-11 11:07:08]	跳 q->vi
[2019-02-11 11:07:08]	跳水 vi->vn
[2019-02-11 11:07:08]	跳远 vi->vn
[2019-02-11 11:07:08]	听 q->v
[2019-02-11 11:07:08]	通信 vi->vn
[2019-02-11 11:07:08]	同时 c->n
[2019-02-11 11:07:08]	同期 d->f
[2019-02-11 11:07:08]	统一 a->v
[2019-02-11 11:07:08]	痛苦 a->an
[2019-02-11 11:07:08]	头 k->n
[2019-02-11 11:07:08]	投资 n->v
[2019-02-11 11:07:08]	投入 a->v
[2019-02-11 11:07:08]	突出 a->v
[2019-02-11 11:07:08]	团结 a->v
[2019-02-11 11:07:08]	托 ng->v
[2019-02-11 11:07:08]	歪 a->v
[2019-02-11 11:07:08]	倾斜 vd->vi
[2019-02-11 11:07:08]	斜 a->v
[2019-02-11 11:07:08]	弯 a->v
[2019-02-11 11:07:08]	完善 a->v
[2019-02-11 11:07:08]	玩 ng->v
[2019-02-11 11:07:08]	夜晚 n->t
[2019-02-11 11:07:08]	夜间 f->t
[2019-02-11 11:07:08]	万 d->m
[2019-02-11 11:07:08]	万一 c->d
[2019-02-11 11:07:08]	联网 vd->vi
[2019-02-11 11:07:08]	望 ng->v
[2019-02-11 11:07:08]	无益 a->vi
[2019-02-11 11:07:08]	危险 a->an
[2019-02-11 11:07:08]	威风 a->an
[2019-02-11 11:07:08]	霸气 an->n
[2019-02-11 11:07:08]	微 a->nz
[2019-02-11 11:07:08]	违法 vd->vi
[2019-02-11 11:07:08]	相反 d->vi
[2019-02-11 11:07:08]	浩瀚 a->z
[2019-02-11 11:07:08]	卫生 a->an
[2019-02-11 11:07:08]	位 ng->q
[2019-02-11 11:07:08]	喂 e->v
[2019-02-11 11:07:08]	问候 v->vn
[2019-02-11 11:07:08]	温和 a->nr
[2019-02-11 11:07:08]	刻薄 a->an
[2019-02-11 11:07:08]	文明 a->n
[2019-02-11 11:07:08]	闻 ng->v
[2019-02-11 11:07:08]	问 ng->v
[2019-02-11 11:07:08]	咨询 v->vn
[2019-02-11 11:07:08]	无轨电车 nl->gjtgj
[2019-02-11 11:07:08]	无限 a->vi
[2019-02-11 11:07:08]	无穷 d->z
[2019-02-11 11:07:08]	时价 n->nl
[2019-02-11 11:07:08]	东西 f->n
[2019-02-11 11:07:08]	误工 vi->vn
[2019-02-11 11:07:08]	西 b->f
[2019-02-11 11:07:08]	希望 n->v
[2019-02-11 11:07:08]	就义 vi->v
[2019-02-11 11:07:08]	舍身 d->v
[2019-02-11 11:07:08]	习 ng->vg
[2019-02-11 11:07:08]	系统 a->n
[2019-02-11 11:07:08]	地 n->nz
[2019-02-11 11:07:08]	先后 d->ad
[2019-02-11 11:07:08]	娇艳 a->an
[2019-02-11 11:07:08]	现代 n->t
[2019-02-11 11:07:08]	现实 a->n
[2019-02-11 11:07:08]	相当 d->vi
[2019-02-11 11:07:08]	等同 vd->vi
[2019-02-11 11:07:08]	同样 b->d
[2019-02-11 11:07:08]	香 a->n
[2019-02-11 11:07:08]	想像 v->vd
[2019-02-11 11:07:08]	向 dg->p
[2019-02-11 11:07:08]	朝 b->p
[2019-02-11 11:07:08]	象 n->ng
[2019-02-11 11:07:08]	像 d->v
[2019-02-11 11:07:08]	仿佛 d->v
[2019-02-11 11:07:08]	似 d->vg
[2019-02-11 11:07:08]	飘逸 a->v
[2019-02-11 11:07:08]	童 b->ng
[2019-02-11 11:07:08]	小寒 t->nz
[2019-02-11 11:07:08]	小满 t->nz
[2019-02-11 11:07:08]	小雪 n->nr
[2019-02-11 11:07:08]	艰辛 a->an
[2019-02-11 11:07:08]	辛酸 a->an
[2019-02-11 11:07:08]	新词 n->nl
[2019-02-11 11:07:08]	信 ag->n
[2019-02-11 11:07:08]	信用 a->n
[2019-02-11 11:07:08]	兴奋 a->v
[2019-02-11 11:07:08]	成 a->v
[2019-02-11 11:07:08]	形象 a->n
[2019-02-11 11:07:08]	醒 ng->v
[2019-02-11 11:07:08]	幸福 a->happ
[2019-02-11 11:07:08]	性 k->ng
[2019-02-11 11:07:08]	姓 n->v
[2019-02-11 11:07:08]	名 ag->q
[2019-02-11 11:07:08]	邪恶 a->an
[2019-02-11 11:07:08]	胸 n->ng
[2019-02-11 11:07:08]	公 ad->ng
[2019-02-11 11:07:08]	休假 n->vi
[2019-02-11 11:07:08]	虚伪 a->an
[2019-02-11 11:07:08]	徐 ag->nr1
[2019-02-11 11:07:08]	许 dg->m
[2019-02-11 11:07:08]	学龄 b->n
[2019-02-11 11:07:08]	压抑 a->v
[2019-02-11 11:07:08]	鸭 n->ng
[2019-02-11 11:07:08]	延长 ns->v
[2019-02-11 11:07:08]	延期 vd->vi
[2019-02-11 11:07:08]	缓期 vd->vi
[2019-02-11 11:07:08]	严正 a->nr
[2019-02-11 11:07:08]	高温 an->n
[2019-02-11 11:07:08]	火热 a->z
[2019-02-11 11:07:08]	研究 n->v
[2019-02-11 11:07:08]	演习 v->vn
[2019-02-11 11:07:08]	杨 ng->nr1
[2019-02-11 11:07:08]	阳性 b->n
[2019-02-11 11:07:08]	仰泳 vi->vn
[2019-02-11 11:07:08]	也 b->d
[2019-02-11 11:07:08]	进行 vn->vx
[2019-02-11 11:07:08]	布 b->n
[2019-02-11 11:07:08]	穿戴 n->v
[2019-02-11 11:07:08]	依靠 n->v
[2019-02-11 11:07:08]	移动 v->vn
[2019-02-11 11:07:08]	遗传 n->vn
[2019-02-11 11:07:08]	遗憾 a->sorr
[2019-02-11 11:07:08]	遗存 vi->vn
[2019-02-11 11:07:08]	往时 t->tg
[2019-02-11 11:07:08]	义务 d->n
[2019-02-11 11:07:08]	艺术 a->n
[2019-02-11 11:07:08]	意旨 n->nl
[2019-02-11 11:07:08]	因为 c->p
[2019-02-11 11:07:08]	由于 c->p
[2019-02-11 11:07:08]	银 b->ng
[2019-02-11 11:07:08]	引 ng->v
[2019-02-11 11:07:08]	隐蔽 a->v
[2019-02-11 11:07:08]	隐秘 a->n
[2019-02-11 11:07:08]	印染 v->vn
[2019-02-11 11:07:08]	印 b->v
[2019-02-11 11:07:08]	图章 n->nz
[2019-02-11 11:07:08]	应当 d->v
[2019-02-11 11:07:08]	俊杰 n->nr
[2019-02-11 11:07:08]	影响 n->v
[2019-02-11 11:07:08]	拥挤 a->vi
[2019-02-11 11:07:08]	勇于 d->v
[2019-02-11 11:07:08]	骁勇 a->an
[2019-02-11 11:07:08]	用 ng->p
[2019-02-11 11:07:08]	以 b->p
[2019-02-11 11:07:08]	优胜 a->vi
[2019-02-11 11:07:08]	优先 ad->v
[2019-02-11 11:07:08]	悠远 an->z
[2019-02-11 11:07:08]	油条 n->gms
[2019-02-11 11:07:08]	友善 a->nr
[2019-02-11 11:07:08]	又 c->d
[2019-02-11 11:07:08]	右 a->f
[2019-02-11 11:07:08]	于 ng->p
[2019-02-11 11:07:08]	初赛 n->vi
[2019-02-11 11:07:08]	预言 n->v
[2019-02-11 11:07:08]	冤枉 a->v
[2019-02-11 11:07:08]	原来 b->d
[2019-02-11 11:07:08]	原本 d->n
[2019-02-11 11:07:08]	原则 d->n
[2019-02-11 11:07:08]	圆 a->vg
[2019-02-11 11:07:08]	约会 n->vi
[2019-02-11 11:07:08]	局限 n->vi
[2019-02-11 11:07:08]	云 b->n
[2019-02-11 11:07:08]	正好 z->tg
[2019-02-11 11:07:08]	在 d->p
[2019-02-11 11:07:08]	当 ng->p
[2019-02-11 11:07:08]	暂时 b->d
[2019-02-11 11:07:08]	眼前 s->t
[2019-02-11 11:07:08]	负债 n->vi
[2019-02-11 11:07:08]	站 n->vi
[2019-02-11 11:07:08]	把握 n->v
[2019-02-11 11:07:08]	左右 f->m
[2019-02-11 11:07:08]	折价 vd->vi
[2019-02-11 11:07:08]	真 a->d
[2019-02-11 11:07:08]	实际 a->n
[2019-02-11 11:07:08]	真心 ad->n
[2019-02-11 11:07:08]	衷心 b->d
[2019-02-11 11:07:08]	振动 vi->vn
[2019-02-11 11:07:08]	颠簸 vd->vi
[2019-02-11 11:07:08]	振荡 vi->vn
[2019-02-11 11:07:08]	争议 n->vn
[2019-02-11 11:07:08]	整体 m->n
[2019-02-11 11:07:08]	正 a->d
[2019-02-11 11:07:08]	正面 a->n
[2019-02-11 11:07:08]	正理 n->nl
[2019-02-11 11:07:08]	证明 n->v
[2019-02-11 11:07:08]	对证 vn->n
[2019-02-11 11:07:08]	对照 p->v
[2019-02-11 11:07:08]	说明 n->v
[2019-02-11 11:07:08]	消费 n->vn
[2019-02-11 11:07:08]	明白 a->v
[2019-02-11 11:07:08]	了然 a->v
[2019-02-11 11:07:08]	知 ag->v
[2019-02-11 11:07:08]	直 a->d
[2019-02-11 11:07:08]	直线 d->n
[2019-02-11 11:07:08]	张 ng->q
[2019-02-11 11:07:08]	指挥 n->v
[2019-02-11 11:07:08]	指导 n->v
[2019-02-11 11:07:08]	中档 b->nl
[2019-02-11 11:07:08]	中国 ns->nz
[2019-02-11 11:07:08]	华夏 n->nz
[2019-02-11 11:07:08]	中央 f->n
[2019-02-11 11:07:08]	忠诚 a->v
[2019-02-11 11:07:08]	种 ng->v
[2019-02-11 11:07:08]	重 a->v
[2019-02-11 11:07:08]	关键 a->n
[2019-02-11 11:07:08]	重视 a->v
[2019-02-11 11:07:08]	周 ag->nr1
[2019-02-11 11:07:08]	昼夜 d->n
[2019-02-11 11:07:08]	皱 n->v
[2019-02-11 11:07:08]	朱 ag->nr1
[2019-02-11 11:07:08]	竹 n->ng
[2019-02-11 11:07:08]	主观 a->n
[2019-02-11 11:07:08]	主演 n->v
[2019-02-11 11:07:08]	助理 b->n
[2019-02-11 11:07:08]	大名鼎鼎 al->vl
[2019-02-11 11:07:08]	专门 b->d
[2019-02-11 11:07:08]	专注 a->vi
[2019-02-11 11:07:08]	埋头 vd->vi
[2019-02-11 11:07:08]	专业 a->n
[2019-02-11 11:07:08]	拐弯 n->vi
[2019-02-11 11:07:08]	华美 a->nz
[2019-02-11 11:07:08]	台 b->n
[2019-02-11 11:07:08]	我方 r->n
[2019-02-11 11:07:08]	自强 vd->vi
[2019-02-11 11:07:08]	自主 vd->vi
[2019-02-11 11:07:08]	自然 a->n
[2019-02-11 11:07:08]	自信 a->v
[2019-02-11 11:07:08]	自修 v->vl
[2019-02-11 11:07:08]	综合 a->vn
[2019-02-11 11:07:08]	总结 n->v
[2019-02-11 11:07:08]	纵横 n->v
[2019-02-11 11:07:08]	走私 b->v
[2019-02-11 11:07:08]	构成 n->v
[2019-02-11 11:07:08]	太 a->d
[2019-02-11 11:07:08]	到底 d->vi
[2019-02-11 11:07:08]	孝顺 a->v
[2019-02-11 11:07:08]	遵照 p->v
[2019-02-11 11:07:08]	作 ng->v
[2019-02-11 11:07:08]	零 a->m
[2019-02-11 11:07:08]	一 d->m
[2019-02-11 11:07:08]	九 b->m
[2019-02-11 11:07:08]	低价 ad->n
[2019-02-11 11:07:08]	火车站 n->gjtgj
[2019-02-11 11:07:08]	小时候 n->t
[2019-02-11 11:07:08]	综合性 b->n
[2019-02-11 11:07:08]	高价 d->n
[2019-02-11 11:07:08]	中考 n->v
[2019-02-11 11:07:08]	无效 a->vi
[2019-02-11 11:07:08]	爱人 n->nz
[2019-02-11 11:07:08]	把手 n->nz
[2019-02-11 11:07:08]	人为 b->d
[2019-02-11 11:07:08]	靠山 n->nz
[2019-02-11 11:07:08]	他人 rr->r
[2019-02-11 11:07:08]	不结盟 vi->vn
[2019-02-11 11:07:08]	不是 c->n
[2019-02-11 11:07:08]	不行 a->v
[2019-02-11 11:07:08]	不能 v->vi
[2019-02-11 11:07:08]	不会 v->vi
[2019-02-11 11:07:08]	车号 n->nz
[2019-02-11 11:07:08]	同党 n->nz
[2019-02-11 11:07:08]	上流 b->n
[2019-02-11 11:07:08]	出血 vi->v
[2019-02-11 11:07:08]	打的 v->vi
[2019-02-11 11:07:08]	除法 n->nz
[2019-02-11 11:07:08]	从中 d->n
[2019-02-11 11:07:08]	从宽 d->v
[2019-02-11 11:07:08]	从重 d->v
[2019-02-11 11:07:08]	搭建 v->vd
[2019-02-11 11:07:08]	各人 rr->r
[2019-02-11 11:07:08]	中选 vi->v
[2019-02-11 11:07:08]	各处 rzs->r
[2019-02-11 11:07:08]	四处 d->vi
[2019-02-11 11:07:08]	大路 n->nz
[2019-02-11 11:07:08]	拨打 v->vd
[2019-02-11 11:07:08]	大跌 v->vn
[2019-02-11 11:07:08]	会话 v->vn
[2019-02-11 11:07:08]	对应 vi->v
[2019-02-11 11:07:08]	有余 m->v
[2019-02-11 11:07:08]	要领 n->nz
[2019-02-11 11:07:08]	下学 v->vd
[2019-02-11 11:07:08]	分号 n->nz
[2019-02-11 11:07:08]	不合 v->n
[2019-02-11 11:07:08]	高等 b->a
[2019-02-11 11:07:08]	老大 a->n
[2019-02-11 11:07:08]	还给 v->vd
[2019-02-11 11:07:08]	对等 vi->vn
[2019-02-11 11:07:08]	有心 v->vd
[2019-02-11 11:07:08]	说法 n->nz
[2019-02-11 11:07:08]	真的 a->d
[2019-02-11 11:07:08]	大喊 v->vd
[2019-02-11 11:07:08]	后天 n->t
[2019-02-11 11:07:08]	回家 vi->v
[2019-02-11 11:07:08]	总会 d->n
[2019-02-11 11:07:08]	好多 m->a
[2019-02-11 11:07:08]	才能 n->v
[2019-02-11 11:07:08]	大奖 n->nz
[2019-02-11 11:07:08]	自大 a->an
[2019-02-11 11:07:08]	无礼 a->ad
[2019-02-11 11:07:08]	自得 an->a
[2019-02-11 11:07:08]	开关 n->v
[2019-02-11 11:07:08]	看不起 v->vn
[2019-02-11 11:07:08]	看得起 v->vn
[2019-02-11 11:07:08]	完了 vi->n
[2019-02-11 11:07:08]	理事 n->nz
[2019-02-11 11:07:08]	一口气 d->n
[2019-02-11 11:07:08]	本心 n->nl
[2019-02-11 11:07:08]	论说 vn->vl
[2019-02-11 11:07:08]	中意 a->n
[2019-02-11 11:07:08]	没用 a->v
[2019-02-11 11:07:08]	天天 d->q
[2019-02-11 11:07:08]	秒钟 n->q
[2019-02-11 11:07:08]	他俩 r->n
[2019-02-11 11:07:08]	年间 f->n
[2019-02-11 11:07:08]	江米 n->nz
[2019-02-11 11:07:08]	省钱 a->v
[2019-02-11 11:07:08]	早起 vi->v
[2019-02-11 11:07:08]	开车 vi->v
[2019-02-11 11:07:08]	千米 q->qv
[2019-02-11 11:07:08]	签定 v->vn
[2019-02-11 11:07:08]	好天 n->nz
[2019-02-11 11:07:08]	日食 n->nz
[2019-02-11 11:07:08]	火烧 n->v
[2019-02-11 11:07:08]	就是 c->n
[2019-02-11 11:07:08]	是不是 v->vd
[2019-02-11 11:07:08]	手指 n->nz
[2019-02-11 11:07:08]	国都 d->n
[2019-02-11 11:07:08]	得手 a->v
[2019-02-11 11:07:08]	大小 n->nz
[2019-02-11 11:07:08]	了得 a->ad
[2019-02-11 11:07:08]	脱钩 vi->v
[2019-02-11 11:07:08]	问号 n->nz
[2019-02-11 11:07:08]	西藏自治区 ns->nz
[2019-02-11 11:07:08]	小便 v->vi
[2019-02-11 11:07:08]	好在 d->v
[2019-02-11 11:07:08]	双眼 n->nz
[2019-02-11 11:07:08]	一角 n->v
[2019-02-11 11:07:08]	一元 b->nz
[2019-02-11 11:07:08]	引号 n->nz
[2019-02-11 11:07:08]	有用 a->n
[2019-02-11 11:07:08]	像片 n->nz
[2019-02-11 11:07:08]	争抢 v->vd
[2019-02-11 11:07:08]	小我 n->nz
[2019-02-11 11:07:08]	文字 n->nz
[2019-02-11 11:07:08]	不好 a->n
[2019-02-11 11:07:08]	下雨 vi->v
[2019-02-11 11:07:08]	多功能 b->n
[2019-02-11 11:07:08]	从未 d->n
[2019-02-11 11:07:08]	南北 f->n
[2019-02-11 11:07:08]	从不 d->n
[2019-02-11 11:07:08]	干什么 r->v
[2019-02-11 11:07:08]	不准 v->n
[2019-02-11 11:07:08]	开门 vd->n
[2019-02-11 11:07:08]	睡着 v->vd
[2019-02-11 11:07:08]	呼吸 v->vi
[2019-02-11 11:07:08]	长达 v->vl
[2019-02-11 11:07:08]	首次 m->n
[2019-02-11 11:07:08]	日间 t->nl
[2019-02-11 11:07:08]	辩护人 n->nz
[2019-02-11 11:07:08]	正在 d->n
[2019-02-11 11:07:08]	下流 a->s
[2019-02-11 11:07:08]	怎么办 ryv->n
[2019-02-11 11:07:08]	你好 vl->n
[2019-02-11 11:07:08]	正数 v->n
[2019-02-11 11:07:08]	三角 n->ns
[2019-02-11 11:07:08]	分区 n->v
[2019-02-11 11:07:08]	回车 vi->v
[2019-02-11 11:07:08]	选项 n->v
[2019-02-11 11:07:08]	打字 vi->vn
[2019-02-11 11:07:08]	百度 nz->mq
[2019-02-11 11:07:08]	同呼吸 vl->nl
[2019-02-11 11:07:08]	记得 v->n
[2019-02-11 11:07:08]	还是 c->n
[2019-02-11 11:07:08]	有点 d->n
[2019-02-11 11:07:08]	吃药 v->n
[2019-02-11 11:08:10]	爱 b->v
[2019-02-11 11:08:10]	安 ag->v
[2019-02-11 11:08:10]	安定 a->an
[2019-02-11 11:08:10]	本分 a->n
[2019-02-11 11:08:10]	宁静 a->an
[2019-02-11 11:08:10]	安宁 a->an
[2019-02-11 11:08:10]	安谧 a->an
[2019-02-11 11:08:10]	和缓 a->ad
[2019-02-11 11:08:10]	太平 a->ns
[2019-02-11 11:08:10]	安全 a->an
[2019-02-11 11:08:10]	安慰 a->v
[2019-02-11 11:08:10]	按时 d->ad
[2019-02-11 11:08:10]	昂首 vd->vi
[2019-02-11 11:08:10]	昂扬 a->v
[2019-02-11 11:08:10]	后悔 a->v
[2019-02-11 11:08:10]	八宝粥 n->gms
[2019-02-11 11:08:10]	把 m->v
[2019-02-11 11:08:10]	百合 n->nr
[2019-02-11 11:08:10]	绊 ng->v
[2019-02-11 11:08:10]	棒 a->ng
[2019-02-11 11:08:10]	包 n->v
[2019-02-11 11:08:10]	折 ng->vi
[2019-02-11 11:08:10]	叠 q->v
[2019-02-11 11:08:10]	包子 n->gms
[2019-02-11 11:08:10]	保安 b->n
[2019-02-11 11:08:10]	保障 n->v
[2019-02-11 11:08:10]	保健 b->n
[2019-02-11 11:08:10]	封闭 a->v
[2019-02-11 11:08:10]	保险 a->n
[2019-02-11 11:08:10]	保证 n->v
[2019-02-11 11:08:10]	不好意思 a->vl
[2019-02-11 11:08:10]	背 a->v
[2019-02-11 11:08:10]	被 d->pbei
[2019-02-11 11:08:10]	必然 b->n
[2019-02-11 11:08:10]	一定 b->d
[2019-02-11 11:08:10]	边 b->n
[2019-02-11 11:08:10]	边缘 b->n
[2019-02-11 11:08:10]	边防 b->n
[2019-02-11 11:08:10]	边陲 n->s
[2019-02-11 11:08:10]	变化 v->vn
[2019-02-11 11:08:10]	标准 a->n
[2019-02-11 11:08:10]	规范 a->v
[2019-02-11 11:08:10]	飞跃 vi->vn
[2019-02-11 11:08:10]	口头 d->n
[2019-02-11 11:08:10]	表现 n->v
[2019-02-11 11:08:10]	别名 n->nz
[2019-02-11 11:08:10]	做作 a->v
[2019-02-11 11:08:10]	拨 q->v
[2019-02-11 11:08:10]	奔腾 nz->vi
[2019-02-11 11:08:10]	盘剥 v->vn
[2019-02-11 11:08:10]	补偿 v->vn
[2019-02-11 11:08:10]	甭 d->v
[2019-02-11 11:08:10]	不安 a->an
[2019-02-11 11:08:10]	焦虑 a->an
[2019-02-11 11:08:10]	恐慌 a->an
[2019-02-11 11:08:10]	不满 a->an
[2019-02-11 11:08:10]	例外 n->vi
[2019-02-11 11:08:10]	不幸 a->n
[2019-02-11 11:08:10]	部分 m->n
[2019-02-11 11:08:10]	华 ag->b
[2019-02-11 11:08:10]	愧疚 a->an
[2019-02-11 11:08:10]	辉煌 a->an
[2019-02-11 11:08:10]	绚烂 a->an
[2019-02-11 11:08:10]	仓储 n->vn
[2019-02-11 11:08:10]	费心 a->v
[2019-02-11 11:08:10]	迥异 a->z
[2019-02-11 11:08:10]	叶 n->ng
[2019-02-11 11:08:10]	拆解 v->vn
[2019-02-11 11:08:10]	知了 n->nz
[2019-02-11 11:08:10]	长春 ns->nz
[2019-02-11 11:08:10]	经常 b->d
[2019-02-11 11:08:10]	超 h->v
[2019-02-11 11:08:10]	超产 v->vn
[2019-02-11 11:08:10]	超支 n->v
[2019-02-11 11:08:10]	车次 n->nz
[2019-02-11 11:08:10]	沉淀 n->vi
[2019-02-11 11:08:10]	尽职 vd->vi
[2019-02-11 11:08:10]	诚心 a->n
[2019-02-11 11:08:10]	党羽 n->nz
[2019-02-11 11:08:10]	冲突 vi->vn
[2019-02-11 11:08:10]	倾心 ad->vi
[2019-02-11 11:08:10]	喜好 an->v
[2019-02-11 11:08:10]	空洞 a->n
[2019-02-11 11:08:10]	抽样 vd->vi
[2019-02-11 11:08:10]	臭豆腐 n->gms
[2019-02-11 11:08:10]	出口 n->vi
[2019-02-11 11:08:10]	肇事 vi->vn
[2019-02-11 11:08:10]	出租 n->v
[2019-02-11 11:08:10]	先期 b->d
[2019-02-11 11:08:10]	除外 vi->v
[2019-02-11 11:08:10]	装 n->v
[2019-02-11 11:08:10]	传统 a->n
[2019-02-11 11:08:10]	船 n->gjtgj
[2019-02-11 11:08:10]	轮船 n->gjtgj
[2019-02-11 11:08:10]	船舶 n->gjtgj
[2019-02-11 11:08:10]	春分 t->n
[2019-02-11 11:08:10]	刺 n->v
[2019-02-11 11:08:10]	睿智 a->an
[2019-02-11 11:08:10]	智慧 a->n
[2019-02-11 11:08:10]	从 d->p
[2019-02-11 11:08:10]	自 d->p
[2019-02-11 11:08:10]	粗心 a->an
[2019-02-11 11:08:10]	大意 a->n
[2019-02-11 11:08:10]	酸 a->n
[2019-02-11 11:08:10]	摩擦 v->vn
[2019-02-11 11:08:10]	坎坷 a->an
[2019-02-11 11:08:10]	错误 a->n
[2019-02-11 11:08:10]	达标 vd->vi
[2019-02-11 11:08:10]	答复 n->v
[2019-02-11 11:08:10]	打 p->v
[2019-02-11 11:08:10]	狩猎 n->vi
[2019-02-11 11:08:10]	打算 n->v
[2019-02-11 11:08:10]	大寒 t->nz
[2019-02-11 11:08:10]	大家 n->rr
[2019-02-11 11:08:10]	大料 n->nz
[2019-02-11 11:08:10]	大致 b->d
[2019-02-11 11:08:10]	呆 a->v
[2019-02-11 11:08:10]	代办 n->v
[2019-02-11 11:08:10]	代理 n->v
[2019-02-11 11:08:10]	带 n->v
[2019-02-11 11:08:10]	带子 n->v
[2019-02-11 11:08:10]	条 ng->q
[2019-02-11 11:08:10]	戴 nr1->v
[2019-02-11 11:08:10]	单 b->d
[2019-02-11 11:08:10]	单独 b->d
[2019-02-11 11:08:10]	当面 d->n
[2019-02-11 11:08:10]	那天 r->t
[2019-02-11 11:08:10]	挡 n->v
[2019-02-11 11:08:10]	的 n->ude1
[2019-02-11 11:08:10]	得 ude3->v
[2019-02-11 11:08:10]	到 p->v
[2019-02-11 11:08:10]	倒 d->vi
[2019-02-11 11:08:10]	偷 d->v
[2019-02-11 11:08:10]	道德 a->n
[2019-02-11 11:08:10]	道教 n->nz
[2019-02-11 11:08:10]	上岸 vi->v
[2019-02-11 11:08:10]	等 n->v
[2019-02-11 11:08:10]	地铁 n->gjtgj
[2019-02-11 11:08:10]	光 a->n
[2019-02-11 11:08:10]	光辉 a->n
[2019-02-11 11:08:10]	顶 f->v
[2019-02-11 11:08:10]	定额 d->n
[2019-02-11 11:08:10]	定期 b->d
[2019-02-11 11:08:10]	东 b->f
[2019-02-11 11:08:10]	东乡族 ns->nz
[2019-02-11 11:08:10]	全部 m->ad
[2019-02-11 11:08:10]	斗争 vi->vn
[2019-02-11 11:08:10]	独立 a->v
[2019-02-11 11:08:10]	自力 n->nr
[2019-02-11 11:08:10]	渡 ng->v
[2019-02-11 11:08:10]	端 ng->v
[2019-02-11 11:08:10]	端正 a->v
[2019-02-11 11:08:10]	断 d->v
[2019-02-11 11:08:10]	对仗 n->nz
[2019-02-11 11:08:10]	多 a->m
[2019-02-11 11:08:10]	饿 a->v
[2019-02-11 11:08:10]	发 ng->v
[2019-02-11 11:08:10]	带头 vd->vi
[2019-02-11 11:08:10]	发糕 n->gms
[2019-02-11 11:08:10]	施展 nr->v
[2019-02-11 11:08:10]	发烧 b->vi
[2019-02-11 11:08:10]	无力 a->vi
[2019-02-11 11:08:10]	法 b->n
[2019-02-11 11:08:10]	庭审 n->v
[2019-02-11 11:08:10]	帆船 n->gjtgj
[2019-02-11 11:08:10]	繁荣 a->an
[2019-02-11 11:08:10]	重复 a->v
[2019-02-11 11:08:10]	来回 d->vi
[2019-02-11 11:08:10]	反面 b->n
[2019-02-11 11:08:10]	反应 n->vi
[2019-02-11 11:08:10]	犯罪 vi->vn
[2019-02-11 11:08:10]	范 ng->nr1
[2019-02-11 11:08:10]	方 a->d
[2019-02-11 11:08:10]	方便面 n->gms
[2019-02-11 11:08:10]	防汛 vi->vn
[2019-02-11 11:08:10]	飞机 n->gjtgj
[2019-02-11 11:08:10]	肥 a->n
[2019-02-11 11:08:10]	分布 vd->vi
[2019-02-11 11:08:10]	分离 vd->vi
[2019-02-11 11:08:10]	分米 q->qt
[2019-02-11 11:08:10]	生气 a->n
[2019-02-11 11:08:10]	风光 a->n
[2019-02-11 11:08:10]	封 ng->v
[2019-02-11 11:08:10]	冯 m->nr1
[2019-02-11 11:08:10]	抚恤 vi->vn
[2019-02-11 11:08:10]	远望 nz->v
[2019-02-11 11:08:10]	腐败 a->an
[2019-02-11 11:08:10]	负责 a->v
[2019-02-11 11:08:10]	中兴 ns->nz
[2019-02-11 11:08:10]	副词 n->nz
[2019-02-11 11:08:10]	付 q->v
[2019-02-11 11:08:10]	次要 b->bl
[2019-02-11 11:08:10]	富 a->vg
[2019-02-11 11:08:10]	富有 a->v
[2019-02-11 11:08:10]	富余 a->vn
[2019-02-11 11:08:10]	盖 d->v
[2019-02-11 11:08:10]	扣 ng->v
[2019-02-11 11:08:10]	干 a->v
[2019-02-11 11:08:10]	甘 ad->ag
[2019-02-11 11:08:10]	感动 a->v
[2019-02-11 11:08:10]	感冒 n->vi
[2019-02-11 11:08:10]	不久 d->m
[2019-02-11 11:08:10]	方才 d->nr
[2019-02-11 11:08:10]	高贵 a->nr
[2019-02-11 11:08:10]	年老 a->vi
[2019-02-11 11:08:10]	革命 a->vn
[2019-02-11 11:08:10]	解 ng->v
[2019-02-11 11:08:10]	根据 n->p
[2019-02-11 11:08:10]	据 ng->p
[2019-02-11 11:08:10]	跟随 p->v
[2019-02-11 11:08:10]	随着 d->p
[2019-02-11 11:08:10]	更年期 n->t
[2019-02-11 11:08:10]	工作 n->vn
[2019-02-11 11:08:10]	公开 a->v
[2019-02-11 11:08:10]	巩固 a->v
[2019-02-11 11:08:10]	共产党 n->nz
[2019-02-11 11:08:10]	奉献 n->v
[2019-02-11 11:08:10]	够 a->v
[2019-02-11 11:08:10]	孤立 a->v
[2019-02-11 11:08:10]	孤僻 a->an
[2019-02-11 11:08:10]	鼓 a->v
[2019-02-11 11:08:10]	彭 m->nr1
[2019-02-11 11:08:10]	鼓舞 a->v
[2019-02-11 11:08:10]	固定 a->v
[2019-02-11 11:08:10]	稳定 a->an
[2019-02-11 11:08:10]	传奇 a->n
[2019-02-11 11:08:10]	故意 b->d
[2019-02-11 11:08:10]	有意 d->vi
[2019-02-11 11:08:10]	成心 d->v
[2019-02-11 11:08:10]	顾 ng->v
[2019-02-11 11:08:10]	挂 q->v
[2019-02-11 11:08:10]	关切 a->v
[2019-02-11 11:08:10]	论断 n->vn
[2019-02-11 11:08:10]	臣 n->ng
[2019-02-11 11:08:10]	管理 v->vn
[2019-02-11 11:08:10]	管制 v->vn
[2019-02-11 11:08:10]	光明 a->n
[2019-02-11 11:08:10]	亮 a->vi
[2019-02-11 11:08:10]	归结 n->vi
[2019-02-11 11:08:10]	鬼 a->n
[2019-02-11 11:08:10]	邪 a->ag
[2019-02-11 11:08:10]	滚 ng->vi
[2019-02-11 11:08:10]	国庆 n->t
[2019-02-11 11:08:10]	干脆 a->d
[2019-02-11 11:08:10]	断然 b->d
[2019-02-11 11:08:10]	果然 c->d
[2019-02-11 11:08:10]	果真 c->d
[2019-02-11 11:08:10]	过期 vd->vi
[2019-02-11 11:08:10]	海口 n->ns
[2019-02-11 11:08:10]	琼 b->nr1
[2019-02-11 11:08:10]	叫 n->vi
[2019-02-11 11:08:10]	汉堡包 n->gms
[2019-02-11 11:08:10]	数码 b->n
[2019-02-11 11:08:10]	合资 b->vi
[2019-02-11 11:08:10]	集资 vd->vi
[2019-02-11 11:08:10]	合伙 vd->vi
[2019-02-11 11:08:10]	合股 vd->vi
[2019-02-11 11:08:10]	和 ag->cc
[2019-02-11 11:08:10]	集合 n->v
[2019-02-11 11:08:10]	与 cc->p
[2019-02-11 11:08:10]	同 cc->p
[2019-02-11 11:08:10]	并 cc->d
[2019-02-11 11:08:10]	狠 a->d
[2019-02-11 11:08:10]	狠心 a->an
[2019-02-11 11:08:10]	横 a->v
[2019-02-11 11:08:10]	哄 o->v
[2019-02-11 11:08:10]	后期 f->t
[2019-02-11 11:08:10]	胡 d->nr1
[2019-02-11 11:08:10]	湖 b->n
[2019-02-11 11:08:10]	迷惑 a->v
[2019-02-11 11:08:10]	依稀 a->d
[2019-02-11 11:08:10]	互相 b->d
[2019-02-11 11:08:10]	花 a->n
[2019-02-11 11:08:10]	花卷 n->gms
[2019-02-11 11:08:10]	滑冰 n->vn
[2019-02-11 11:08:10]	滑雪 vi->vn
[2019-02-11 11:08:10]	化验 n->v
[2019-02-11 11:08:10]	打扮 n->v
[2019-02-11 11:08:10]	还账 v->vi
[2019-02-11 11:08:10]	涣散 a->v
[2019-02-11 11:08:10]	怪诞 a->an
[2019-02-11 11:08:10]	黄色 b->n
[2019-02-11 11:08:10]	回头 d->vi
[2019-02-11 11:08:10]	会 n->v
[2019-02-11 11:08:10]	馄饨 n->gms
[2019-02-11 11:08:10]	活动 a->vn
[2019-02-11 11:08:10]	该死 vi->v
[2019-02-11 11:08:10]	活 a->n
[2019-02-11 11:08:10]	火车 n->gjtgj
[2019-02-11 11:08:10]	机械 a->n
[2019-02-11 11:08:10]	缉私 vi->vn
[2019-02-11 11:08:10]	狂热 a->an
[2019-02-11 11:08:10]	极端 a->n
[2019-02-11 11:08:10]	集邮 vi->vn
[2019-02-11 11:08:10]	集中 a->v
[2019-02-11 11:08:10]	挤 a->v
[2019-02-11 11:08:10]	运算 vi->vn
[2019-02-11 11:08:10]	记录 n->v
[2019-02-11 11:08:10]	记载 n->v
[2019-02-11 11:08:10]	纪念 n->v
[2019-02-11 11:08:10]	长项 n->nz
[2019-02-11 11:08:10]	加班 vd->vi
[2019-02-11 11:08:10]	夹 b->v
[2019-02-11 11:08:10]	家 k->n
[2019-02-11 11:08:10]	值 a->n
[2019-02-11 11:08:10]	尖端 b->n
[2019-02-11 11:08:10]	坚定 a->v
[2019-02-11 11:08:10]	监察 v->vn
[2019-02-11 11:08:10]	调查 n->v
[2019-02-11 11:08:10]	方便 a->v
[2019-02-11 11:08:10]	便利 a->an
[2019-02-11 11:08:10]	间接 a->b
[2019-02-11 11:08:10]	建设 n->vn
[2019-02-11 11:08:10]	健全 a->v
[2019-02-11 11:08:10]	讲究 a->v
[2019-02-11 11:08:10]	降价 vd->vi
[2019-02-11 11:08:10]	坦白 a->v
[2019-02-11 11:08:10]	灌 ng->v
[2019-02-11 11:08:10]	娇气 a->n
[2019-02-11 11:08:10]	骄傲 a->an
[2019-02-11 11:08:10]	饺子 n->gms
[2019-02-11 11:08:10]	教 ng->v
[2019-02-11 11:08:10]	教育 v->vn
[2019-02-11 11:08:10]	接力 n->vn
[2019-02-11 11:08:10]	结果 c->n
[2019-02-11 11:08:10]	结业 vd->vi
[2019-02-11 11:08:10]	解放 a->v
[2019-02-11 11:08:10]	解放战争 n->nz
[2019-02-11 11:08:10]	借 p->v
[2019-02-11 11:08:10]	租 ng->v
[2019-02-11 11:08:10]	借贷 n->v
[2019-02-11 11:08:10]	借条 n->nz
[2019-02-11 11:08:10]	金 b->ng
[2019-02-11 11:08:10]	尽力 d->vi
[2019-02-11 11:08:10]	全力 d->n
[2019-02-11 11:08:10]	尽心 a->v
[2019-02-11 11:08:10]	进步 a->vn
[2019-02-11 11:08:10]	临近 a->v
[2019-02-11 11:08:10]	经过 n->p
[2019-02-11 11:08:10]	经济 a->n
[2019-02-11 11:08:10]	经营 n->v
[2019-02-11 11:08:10]	精神 a->n
[2019-02-11 11:08:10]	感慨 a->v
[2019-02-11 11:08:10]	警惕 a->v
[2019-02-11 11:08:10]	敬业 a->vi
[2019-02-11 11:08:10]	就 c->d
[2019-02-11 11:08:10]	举 ag->v
[2019-02-11 11:08:10]	举重 n->vn
[2019-02-11 11:08:10]	行 a->vi
[2019-02-11 11:08:10]	锯 n->v
[2019-02-11 11:08:10]	卷 ng->v
[2019-02-11 11:08:10]	决定 n->v
[2019-02-11 11:08:10]	决赛 vi->vn
[2019-02-11 11:08:10]	决心 d->n
[2019-02-11 11:08:10]	开创 n->v
[2019-02-11 11:08:10]	开放 a->v
[2019-02-11 11:08:10]	开阔 a->v
[2019-02-11 11:08:10]	伊始 t->vi
[2019-02-11 11:08:10]	初叶 f->t
[2019-02-11 11:08:10]	初始 b->t
[2019-02-11 11:08:10]	初步 b->d
[2019-02-11 11:08:10]	看 u->v
[2019-02-11 11:08:10]	测验 v->vn
[2019-02-11 11:08:10]	考验 v->vn
[2019-02-11 11:08:10]	烤鸭 n->gms
[2019-02-11 11:08:10]	靠 ng->v
[2019-02-11 11:08:10]	科学 a->n
[2019-02-11 11:08:10]	可怜 a->v
[2019-02-11 11:08:10]	可惜 a->v
[2019-02-11 11:08:10]	可以 a->v
[2019-02-11 11:08:10]	能 d->v
[2019-02-11 11:08:10]	克 b->vg
[2019-02-11 11:08:10]	客观 a->n
[2019-02-11 11:08:10]	买家 n->nz
[2019-02-11 11:08:10]	肯定 a->v
[2019-02-11 11:08:10]	空 a->v
[2019-02-11 11:08:10]	口 f->n
[2019-02-11 11:08:10]	苦 a->an
[2019-02-11 11:08:10]	苦涩 a->an
[2019-02-11 11:08:10]	苦闷 a->an
[2019-02-11 11:08:10]	迷茫 a->an
[2019-02-11 11:08:10]	苦恼 a->an
[2019-02-11 11:08:10]	迷惘 a->an
[2019-02-11 11:08:10]	夸张 n->vi
[2019-02-11 11:08:10]	跨 ng->v
[2019-02-11 11:08:10]	越 b->d
[2019-02-11 11:08:10]	匡 nr1->vg
[2019-02-11 11:08:10]	捆 ng->v
[2019-02-11 11:08:10]	困惑 a->an
[2019-02-11 11:08:10]	疑惑 an->v
[2019-02-11 11:08:10]	困难 a->an
[2019-02-11 11:08:10]	拉 b->v
[2019-02-11 11:08:10]	腊八粥 n->gms
[2019-02-11 11:08:10]	来 f->vf
[2019-02-11 11:08:10]	天车 n->nz
[2019-02-11 11:08:10]	懈怠 a->an
[2019-02-11 11:08:10]	劳动 vi->vn
[2019-02-11 11:08:10]	坚韧 a->an
[2019-02-11 11:08:10]	铭刻 n->v
[2019-02-11 11:08:10]	铭记 n->v
[2019-02-11 11:08:10]	东家 n->nz
[2019-02-11 11:08:10]	了 ule->y
[2019-02-11 11:08:10]	累 a->v
[2019-02-11 11:08:10]	疲劳 a->an
[2019-02-11 11:08:10]	困倦 a->an
[2019-02-11 11:08:10]	倦怠 a->an
[2019-02-11 11:08:10]	礼貌 a->an
[2019-02-11 11:08:10]	李 ng->nr1
[2019-02-11 11:08:10]	理想 a->n
[2019-02-11 11:08:10]	理性 b->n
[2019-02-11 11:08:10]	连 d->n
[2019-02-11 11:08:10]	盟 n->ng
[2019-02-11 11:08:10]	联系 n->v
[2019-02-11 11:08:10]	练习 n->v
[2019-02-11 11:08:10]	辽 b->tg
[2019-02-11 11:08:10]	劣 a->ag
[2019-02-11 11:08:10]	林 n->ng
[2019-02-11 11:08:10]	小气 a->ad
[2019-02-11 11:08:10]	零售 v->vn
[2019-02-11 11:08:10]	另外 c->rz
[2019-02-11 11:08:10]	小产 v->vi
[2019-02-11 11:08:10]	流行 a->v
[2019-02-11 11:08:10]	柳 n->ng
[2019-02-11 11:08:10]	漏 ng->v
[2019-02-11 11:08:10]	滴 q->v
[2019-02-11 11:08:10]	露 ng->v
[2019-02-11 11:08:10]	旅游 vi->vn
[2019-02-11 11:08:10]	动感 b->n
[2019-02-11 11:08:10]	乱 a->d
[2019-02-11 11:08:10]	轮班 vd->vn
[2019-02-11 11:08:10]	转 ng->v
[2019-02-11 11:08:10]	麻 a->n
[2019-02-11 11:08:10]	麻烦 a->an
[2019-02-11 11:08:10]	烦恼 a->an
[2019-02-11 11:08:10]	马 b->n
[2019-02-11 11:08:10]	馒头 n->gms
[2019-02-11 11:08:10]	满 a->v
[2019-02-11 11:08:10]	满足 a->v
[2019-02-11 11:08:10]	忙 a->v
[2019-02-11 11:08:10]	蒙 b->vi
[2019-02-11 11:08:10]	毛 a->nr1
[2019-02-11 11:08:10]	矛盾 a->an
[2019-02-11 11:08:10]	冒险 vd->vi
[2019-02-11 11:08:10]	贸易 v->vn
[2019-02-11 11:08:10]	没有 d->v
[2019-02-11 11:08:10]	无 d->v
[2019-02-11 11:08:10]	美 a->b
[2019-02-11 11:08:10]	住院 vd->vi
[2019-02-11 11:08:10]	耳语 n->vi
[2019-02-11 11:08:10]	秘密 a->n
[2019-02-11 11:08:10]	机密 a->n
[2019-02-11 11:08:10]	免费 vd->vi
[2019-02-11 11:08:10]	勉强 a->v
[2019-02-11 11:08:10]	民主 a->an
[2019-02-11 11:08:10]	起名 vi->v
[2019-02-11 11:08:10]	模范 a->n
[2019-02-11 11:08:10]	模拟 b->v
[2019-02-11 11:08:10]	磨 n->v
[2019-02-11 11:08:10]	生分 a->ad
[2019-02-11 11:08:10]	墨 b->n
[2019-02-11 11:08:10]	母 b->ng
[2019-02-11 11:08:10]	木 a->ng
[2019-02-11 11:08:10]	捐款 n->vi
[2019-02-11 11:08:10]	拿 p->v
[2019-02-11 11:08:10]	上税 v->vi
[2019-02-11 11:08:10]	委屈 a->v
[2019-02-11 11:08:10]	悲痛 a->an
[2019-02-11 11:08:10]	内蒙古自治区 ns->nz
[2019-02-11 11:08:10]	倪 x->n
[2019-02-11 11:08:10]	拟人 n->nz
[2019-02-11 11:08:10]	年 n->qt
[2019-02-11 11:08:10]	年岁 n->nl
[2019-02-11 11:08:10]	年事 n->nl
[2019-02-11 11:08:10]	凝眸 vd->vi
[2019-02-11 11:08:10]	牛 ag->n
[2019-02-11 11:08:10]	努力 a->an
[2019-02-11 11:08:10]	暖 a->v
[2019-02-11 11:08:10]	温暖 a->an
[2019-02-11 11:08:10]	温热 a->an
[2019-02-11 11:08:10]	和暖 a->an
[2019-02-11 11:08:10]	偶尔 b->d
[2019-02-11 11:08:10]	扑 o->v
[2019-02-11 11:08:10]	攀 b->v
[2019-02-11 11:08:10]	拍 ng->v
[2019-02-11 11:08:10]	排 n->v
[2019-02-11 11:08:10]	排队 n->vi
[2019-02-11 11:08:10]	派出所 n->gms
[2019-02-11 11:08:10]	派遣 v->gms
[2019-02-11 11:08:10]	派出 v->gms
[2019-02-11 11:08:10]	判断 n->v
[2019-02-11 11:08:10]	抛 nr1->v
[2019-02-11 11:08:10]	配套 a->v
[2019-02-11 11:08:10]	烹饪 n->vi
[2019-02-11 11:08:10]	相知 n->v
[2019-02-11 11:08:10]	捧 q->v
[2019-02-11 11:08:10]	批发 v->vn
[2019-02-11 11:08:10]	偏 a->d
[2019-02-11 11:08:10]	单方面 b->n
[2019-02-11 11:08:10]	飘 a->v
[2019-02-11 11:08:10]	撇 q->v
[2019-02-11 11:08:10]	应邀 vd->vi
[2019-02-11 11:08:10]	平 a->v
[2019-02-11 11:08:10]	通常 b->d
[2019-02-11 11:08:10]	破 a->v
[2019-02-11 11:08:10]	铺 n->v
[2019-02-11 11:08:10]	普及 a->v
[2019-02-11 11:08:10]	遍地 vd->vi
[2019-02-11 11:08:10]	限期 n->vi
[2019-02-11 11:08:10]	奇怪 a->v
[2019-02-11 11:08:10]	祷告 v->vn
[2019-02-11 11:08:10]	辗转 vd->vi
[2019-02-11 11:08:10]	蜿蜒 v->z
[2019-02-11 11:08:10]	启示 v->vn
[2019-02-11 11:08:10]	矜持 a->an
[2019-02-11 11:08:10]	署名 n->vi
[2019-02-11 11:08:10]	签名 n->vi
[2019-02-11 11:08:10]	前天 n->t
[2019-02-11 11:08:10]	壮 a->v
[2019-02-11 11:08:10]	争 ng->v
[2019-02-11 11:08:10]	乔木 n->nr
[2019-02-11 11:08:10]	切 ag->v
[2019-02-11 11:08:10]	亲近 a->v
[2019-02-11 11:08:10]	明确 a->v
[2019-02-11 11:08:10]	纯洁 a->v
[2019-02-11 11:08:10]	清明 a->t
[2019-02-11 11:08:10]	晴 an->vi
[2019-02-11 11:08:10]	让 p->v
[2019-02-11 11:08:10]	祝 ng->v
[2019-02-11 11:08:10]	贺 ng->vg
[2019-02-11 11:08:10]	秋 ng->tg
[2019-02-11 11:08:10]	求 ng->v
[2019-02-11 11:08:10]	曲 ag->n
[2019-02-11 11:08:10]	出 q->vf
[2019-02-11 11:08:10]	泉 n->ng
[2019-02-11 11:08:10]	缺 n->v
[2019-02-11 11:08:10]	欠缺 a->vi
[2019-02-11 11:08:10]	火 a->n
[2019-02-11 11:08:10]	夏 ng->tg
[2019-02-11 11:08:10]	热情 a->an
[2019-02-11 11:08:10]	热气球 n->gjtgj
[2019-02-11 11:08:10]	热心 a->v
[2019-02-11 11:08:10]	热忱 a->an
[2019-02-11 11:08:10]	热诚 a->an
[2019-02-11 11:08:10]	委任 n->v
[2019-02-11 11:08:10]	依旧 d->z
[2019-02-11 11:08:10]	照旧 d->v
[2019-02-11 11:08:10]	肉 a->n
[2019-02-11 11:08:10]	肉 a->gms
[2019-02-11 11:08:10]	撒 n->v
[2019-02-11 11:08:10]	塞 b->v
[2019-02-11 11:08:10]	堵 a->v
[2019-02-11 11:08:10]	信步 vd->vi
[2019-02-11 11:08:10]	土 a->n
[2019-02-11 11:08:10]	上 b->f
[2019-02-11 11:08:10]	设计 n->v
[2019-02-11 11:08:10]	摄像 n->vi
[2019-02-11 11:08:10]	申请 n->v
[2019-02-11 11:08:10]	全身 b->n
[2019-02-11 11:08:10]	体 k->ng
[2019-02-11 11:08:10]	身段 n->nz
[2019-02-11 11:08:10]	深入 a->v
[2019-02-11 11:08:10]	深度 ad->n
[2019-02-11 11:08:10]	神气 a->n
[2019-02-11 11:08:10]	升 q->v
[2019-02-11 11:08:10]	增值 n->vi
[2019-02-11 11:08:10]	生 a->v
[2019-02-11 11:08:10]	生产 n->v
[2019-02-11 11:08:10]	出产 n->v
[2019-02-11 11:08:10]	生活 vi->vn
[2019-02-11 11:08:10]	胜利 ad->vi
[2019-02-11 11:08:10]	失落 a->v
[2019-02-11 11:08:10]	狮 n->ng
[2019-02-11 11:08:10]	滋润 a->v
[2019-02-11 11:08:10]	温润 a->an
[2019-02-11 11:08:10]	石 b->ng
[2019-02-11 11:08:10]	时刻 d->n
[2019-02-11 11:08:10]	实践 n->v
[2019-02-11 11:08:10]	实质 a->n
[2019-02-11 11:08:10]	示范 vi->vn
[2019-02-11 11:08:10]	凡间 s->n
[2019-02-11 11:08:10]	是 ng->vshi
[2019-02-11 11:08:10]	便是 v->vd
[2019-02-11 11:08:10]	是否 d->v
[2019-02-11 11:08:10]	释迦牟尼 n->nrf
[2019-02-11 11:08:10]	收条 n->nz
[2019-02-11 11:08:10]	手 k->n
[2019-02-11 11:08:10]	手工 d->n
[2019-02-11 11:08:10]	守法 vd->vi
[2019-02-11 11:08:10]	首创 nz->v
[2019-02-11 11:08:10]	首先 c->d
[2019-02-11 11:08:10]	初 d->f
[2019-02-11 11:08:10]	最初 b->d
[2019-02-11 11:08:10]	禁不起 v->vd
[2019-02-11 11:08:10]	本 d->rz
[2019-02-11 11:08:10]	册 ng->q
[2019-02-11 11:08:10]	书册 n->nl
[2019-02-11 11:08:10]	疏松 a->vn
[2019-02-11 11:08:10]	熟悉 a->v
[2019-02-11 11:08:10]	属实 a->v
[2019-02-11 11:08:10]	鼠 n->ng
[2019-02-11 11:08:10]	竖 n->v
[2019-02-11 11:08:10]	刷 o->v
[2019-02-11 11:08:10]	帅 ng->nr1
[2019-02-11 11:08:10]	水笔 n->nz
[2019-02-11 11:08:10]	说 ng->v
[2019-02-11 11:08:10]	讲 ng->v
[2019-02-11 11:08:10]	司 n->ng
[2019-02-11 11:08:10]	松 a->v
[2019-02-11 11:08:10]	松懈 a->v
[2019-02-11 11:08:10]	宋 nr1->tg
[2019-02-11 11:08:10]	孙 n->nr1
[2019-02-11 11:08:10]	孙子 n->nr
[2019-02-11 11:08:10]	锁 n->v
[2019-02-11 11:08:10]	塔 b->n
[2019-02-11 11:08:10]	贪吃 an->v
[2019-02-11 11:08:10]	贪心 a->v
[2019-02-11 11:08:10]	弹 ng->v
[2019-02-11 11:08:10]	烫 a->v
[2019-02-11 11:08:10]	特别 a->d
[2019-02-11 11:08:10]	希罕 a->v
[2019-02-11 11:08:10]	疼痛 a->an
[2019-02-11 11:08:10]	挑剔 a->v
[2019-02-11 11:08:10]	提成 n->vi
[2019-02-11 11:08:10]	提议 n->v
[2019-02-11 11:08:10]	田野 n->nr
[2019-02-11 11:08:10]	唐 b->tg
[2019-02-11 11:08:10]	甘甜 a->an
[2019-02-11 11:08:10]	担 ng->v
[2019-02-11 11:08:10]	调控 v->vn
[2019-02-11 11:08:10]	跳 q->vi
[2019-02-11 11:08:10]	跳水 vi->vn
[2019-02-11 11:08:10]	跳远 vi->vn
[2019-02-11 11:08:10]	听 q->v
[2019-02-11 11:08:10]	通信 vi->vn
[2019-02-11 11:08:10]	同时 c->n
[2019-02-11 11:08:10]	同期 d->f
[2019-02-11 11:08:10]	统一 a->v
[2019-02-11 11:08:10]	痛苦 a->an
[2019-02-11 11:08:10]	头 k->n
[2019-02-11 11:08:10]	投资 n->v
[2019-02-11 11:08:10]	投入 a->v
[2019-02-11 11:08:10]	突出 a->v
[2019-02-11 11:08:10]	团结 a->v
[2019-02-11 11:08:10]	托 ng->v
[2019-02-11 11:08:10]	歪 a->v
[2019-02-11 11:08:10]	倾斜 vd->vi
[2019-02-11 11:08:10]	斜 a->v
[2019-02-11 11:08:10]	弯 a->v
[2019-02-11 11:08:10]	完善 a->v
[2019-02-11 11:08:10]	玩 ng->v
[2019-02-11 11:08:10]	夜晚 n->t
[2019-02-11 11:08:10]	夜间 f->t
[2019-02-11 11:08:10]	万 d->m
[2019-02-11 11:08:10]	万一 c->d
[2019-02-11 11:08:10]	联网 vd->vi
[2019-02-11 11:08:10]	望 ng->v
[2019-02-11 11:08:10]	无益 a->vi
[2019-02-11 11:08:10]	危险 a->an
[2019-02-11 11:08:10]	威风 a->an
[2019-02-11 11:08:10]	霸气 an->n
[2019-02-11 11:08:10]	微 a->nz
[2019-02-11 11:08:10]	违法 vd->vi
[2019-02-11 11:08:10]	相反 d->vi
[2019-02-11 11:08:10]	浩瀚 a->z
[2019-02-11 11:08:10]	卫生 a->an
[2019-02-11 11:08:10]	位 ng->q
[2019-02-11 11:08:10]	喂 e->v
[2019-02-11 11:08:10]	问候 v->vn
[2019-02-11 11:08:10]	温和 a->nr
[2019-02-11 11:08:10]	刻薄 a->an
[2019-02-11 11:08:10]	文明 a->n
[2019-02-11 11:08:10]	闻 ng->v
[2019-02-11 11:08:10]	问 ng->v
[2019-02-11 11:08:10]	咨询 v->vn
[2019-02-11 11:08:10]	无轨电车 nl->gjtgj
[2019-02-11 11:08:10]	无限 a->vi
[2019-02-11 11:08:10]	无穷 d->z
[2019-02-11 11:08:10]	时价 n->nl
[2019-02-11 11:08:10]	东西 f->n
[2019-02-11 11:08:10]	误工 vi->vn
[2019-02-11 11:08:10]	西 b->f
[2019-02-11 11:08:10]	希望 n->v
[2019-02-11 11:08:10]	就义 vi->v
[2019-02-11 11:08:10]	舍身 d->v
[2019-02-11 11:08:10]	习 ng->vg
[2019-02-11 11:08:10]	系统 a->n
[2019-02-11 11:08:10]	地 n->nz
[2019-02-11 11:08:10]	先后 d->ad
[2019-02-11 11:08:10]	娇艳 a->an
[2019-02-11 11:08:10]	现代 n->t
[2019-02-11 11:08:10]	现实 a->n
[2019-02-11 11:08:10]	相当 d->vi
[2019-02-11 11:08:10]	等同 vd->vi
[2019-02-11 11:08:10]	同样 b->d
[2019-02-11 11:08:10]	香 a->n
[2019-02-11 11:08:10]	想像 v->vd
[2019-02-11 11:08:10]	向 dg->p
[2019-02-11 11:08:10]	朝 b->p
[2019-02-11 11:08:10]	象 n->ng
[2019-02-11 11:08:10]	像 d->v
[2019-02-11 11:08:10]	仿佛 d->v
[2019-02-11 11:08:10]	似 d->vg
[2019-02-11 11:08:10]	飘逸 a->v
[2019-02-11 11:08:10]	童 b->ng
[2019-02-11 11:08:10]	小寒 t->nz
[2019-02-11 11:08:10]	小满 t->nz
[2019-02-11 11:08:10]	小雪 n->nr
[2019-02-11 11:08:10]	艰辛 a->an
[2019-02-11 11:08:10]	辛酸 a->an
[2019-02-11 11:08:10]	新词 n->nl
[2019-02-11 11:08:10]	信 ag->n
[2019-02-11 11:08:10]	信用 a->n
[2019-02-11 11:08:10]	兴奋 a->v
[2019-02-11 11:08:10]	成 a->v
[2019-02-11 11:08:10]	形象 a->n
[2019-02-11 11:08:10]	醒 ng->v
[2019-02-11 11:08:10]	幸福 a->happ
[2019-02-11 11:08:10]	性 k->ng
[2019-02-11 11:08:10]	姓 n->v
[2019-02-11 11:08:10]	名 ag->q
[2019-02-11 11:08:10]	邪恶 a->an
[2019-02-11 11:08:10]	胸 n->ng
[2019-02-11 11:08:10]	公 ad->ng
[2019-02-11 11:08:10]	休假 n->vi
[2019-02-11 11:08:10]	虚伪 a->an
[2019-02-11 11:08:10]	徐 ag->nr1
[2019-02-11 11:08:10]	许 dg->m
[2019-02-11 11:08:10]	学龄 b->n
[2019-02-11 11:08:10]	压抑 a->v
[2019-02-11 11:08:10]	鸭 n->ng
[2019-02-11 11:08:10]	延长 ns->v
[2019-02-11 11:08:10]	延期 vd->vi
[2019-02-11 11:08:10]	缓期 vd->vi
[2019-02-11 11:08:10]	严正 a->nr
[2019-02-11 11:08:10]	高温 an->n
[2019-02-11 11:08:10]	火热 a->z
[2019-02-11 11:08:10]	研究 n->v
[2019-02-11 11:08:10]	演习 v->vn
[2019-02-11 11:08:10]	杨 ng->nr1
[2019-02-11 11:08:10]	阳性 b->n
[2019-02-11 11:08:10]	仰泳 vi->vn
[2019-02-11 11:08:10]	也 b->d
[2019-02-11 11:08:10]	进行 vn->vx
[2019-02-11 11:08:10]	布 b->n
[2019-02-11 11:08:10]	穿戴 n->v
[2019-02-11 11:08:10]	依靠 n->v
[2019-02-11 11:08:10]	移动 v->vn
[2019-02-11 11:08:10]	遗传 n->vn
[2019-02-11 11:08:10]	遗憾 a->sorr
[2019-02-11 11:08:10]	遗存 vi->vn
[2019-02-11 11:08:10]	往时 t->tg
[2019-02-11 11:08:10]	义务 d->n
[2019-02-11 11:08:10]	艺术 a->n
[2019-02-11 11:08:10]	意旨 n->nl
[2019-02-11 11:08:10]	因为 c->p
[2019-02-11 11:08:10]	由于 c->p
[2019-02-11 11:08:10]	银 b->ng
[2019-02-11 11:08:10]	引 ng->v
[2019-02-11 11:08:10]	隐蔽 a->v
[2019-02-11 11:08:10]	隐秘 a->n
[2019-02-11 11:08:10]	印染 v->vn
[2019-02-11 11:08:10]	印 b->v
[2019-02-11 11:08:10]	图章 n->nz
[2019-02-11 11:08:10]	应当 d->v
[2019-02-11 11:08:10]	俊杰 n->nr
[2019-02-11 11:08:10]	影响 n->v
[2019-02-11 11:08:10]	拥挤 a->vi
[2019-02-11 11:08:10]	勇于 d->v
[2019-02-11 11:08:10]	骁勇 a->an
[2019-02-11 11:08:10]	用 ng->p
[2019-02-11 11:08:10]	以 b->p
[2019-02-11 11:08:10]	优胜 a->vi
[2019-02-11 11:08:10]	优先 ad->v
[2019-02-11 11:08:10]	悠远 an->z
[2019-02-11 11:08:10]	油条 n->gms
[2019-02-11 11:08:10]	友善 a->nr
[2019-02-11 11:08:10]	又 c->d
[2019-02-11 11:08:10]	右 a->f
[2019-02-11 11:08:10]	于 ng->p
[2019-02-11 11:08:10]	初赛 n->vi
[2019-02-11 11:08:10]	预言 n->v
[2019-02-11 11:08:10]	冤枉 a->v
[2019-02-11 11:08:10]	原来 b->d
[2019-02-11 11:08:10]	原本 d->n
[2019-02-11 11:08:10]	原则 d->n
[2019-02-11 11:08:10]	圆 a->vg
[2019-02-11 11:08:10]	约会 n->vi
[2019-02-11 11:08:10]	局限 n->vi
[2019-02-11 11:08:10]	云 b->n
[2019-02-11 11:08:10]	正好 z->tg
[2019-02-11 11:08:10]	在 d->p
[2019-02-11 11:08:10]	当 ng->p
[2019-02-11 11:08:10]	暂时 b->d
[2019-02-11 11:08:10]	眼前 s->t
[2019-02-11 11:08:10]	负债 n->vi
[2019-02-11 11:08:10]	站 n->vi
[2019-02-11 11:08:10]	把握 n->v
[2019-02-11 11:08:10]	左右 f->m
[2019-02-11 11:08:10]	折价 vd->vi
[2019-02-11 11:08:10]	真 a->d
[2019-02-11 11:08:10]	实际 a->n
[2019-02-11 11:08:10]	真心 ad->n
[2019-02-11 11:08:10]	衷心 b->d
[2019-02-11 11:08:10]	振动 vi->vn
[2019-02-11 11:08:10]	颠簸 vd->vi
[2019-02-11 11:08:10]	振荡 vi->vn
[2019-02-11 11:08:10]	争议 n->vn
[2019-02-11 11:08:10]	整体 m->n
[2019-02-11 11:08:10]	正 a->d
[2019-02-11 11:08:10]	正面 a->n
[2019-02-11 11:08:10]	正理 n->nl
[2019-02-11 11:08:10]	证明 n->v
[2019-02-11 11:08:10]	对证 vn->n
[2019-02-11 11:08:10]	对照 p->v
[2019-02-11 11:08:10]	说明 n->v
[2019-02-11 11:08:10]	消费 n->vn
[2019-02-11 11:08:10]	明白 a->v
[2019-02-11 11:08:10]	了然 a->v
[2019-02-11 11:08:10]	知 ag->v
[2019-02-11 11:08:10]	直 a->d
[2019-02-11 11:08:10]	直线 d->n
[2019-02-11 11:08:10]	张 ng->q
[2019-02-11 11:08:10]	指挥 n->v
[2019-02-11 11:08:10]	指导 n->v
[2019-02-11 11:08:10]	中档 b->nl
[2019-02-11 11:08:10]	中国 ns->nz
[2019-02-11 11:08:10]	华夏 n->nz
[2019-02-11 11:08:10]	中央 f->n
[2019-02-11 11:08:10]	忠诚 a->v
[2019-02-11 11:08:10]	种 ng->v
[2019-02-11 11:08:10]	重 a->v
[2019-02-11 11:08:10]	关键 a->n
[2019-02-11 11:08:10]	重视 a->v
[2019-02-11 11:08:10]	周 ag->nr1
[2019-02-11 11:08:10]	昼夜 d->n
[2019-02-11 11:08:10]	皱 n->v
[2019-02-11 11:08:10]	朱 ag->nr1
[2019-02-11 11:08:10]	竹 n->ng
[2019-02-11 11:08:10]	主观 a->n
[2019-02-11 11:08:10]	主演 n->v
[2019-02-11 11:08:10]	助理 b->n
[2019-02-11 11:08:10]	大名鼎鼎 al->vl
[2019-02-11 11:08:10]	专门 b->d
[2019-02-11 11:08:10]	专注 a->vi
[2019-02-11 11:08:10]	埋头 vd->vi
[2019-02-11 11:08:10]	专业 a->n
[2019-02-11 11:08:10]	拐弯 n->vi
[2019-02-11 11:08:10]	华美 a->nz
[2019-02-11 11:08:10]	台 b->n
[2019-02-11 11:08:10]	我方 r->n
[2019-02-11 11:08:10]	自强 vd->vi
[2019-02-11 11:08:10]	自主 vd->vi
[2019-02-11 11:08:10]	自然 a->n
[2019-02-11 11:08:10]	自信 a->v
[2019-02-11 11:08:10]	自修 v->vl
[2019-02-11 11:08:10]	综合 a->vn
[2019-02-11 11:08:10]	总结 n->v
[2019-02-11 11:08:10]	纵横 n->v
[2019-02-11 11:08:10]	走私 b->v
[2019-02-11 11:08:10]	构成 n->v
[2019-02-11 11:08:10]	太 a->d
[2019-02-11 11:08:10]	到底 d->vi
[2019-02-11 11:08:10]	孝顺 a->v
[2019-02-11 11:08:10]	遵照 p->v
[2019-02-11 11:08:10]	作 ng->v
[2019-02-11 11:08:10]	零 a->m
[2019-02-11 11:08:10]	一 d->m
[2019-02-11 11:08:10]	九 b->m
[2019-02-11 11:08:10]	低价 ad->n
[2019-02-11 11:08:10]	火车站 n->gjtgj
[2019-02-11 11:08:10]	小时候 n->t
[2019-02-11 11:08:10]	综合性 b->n
[2019-02-11 11:08:10]	高价 d->n
[2019-02-11 11:08:10]	中考 n->v
[2019-02-11 11:08:10]	无效 a->vi
[2019-02-11 11:08:10]	爱人 n->nz
[2019-02-11 11:08:10]	把手 n->nz
[2019-02-11 11:08:10]	人为 b->d
[2019-02-11 11:08:10]	靠山 n->nz
[2019-02-11 11:08:10]	他人 rr->r
[2019-02-11 11:08:10]	不结盟 vi->vn
[2019-02-11 11:08:10]	不是 c->n
[2019-02-11 11:08:10]	不行 a->v
[2019-02-11 11:08:10]	不能 v->vi
[2019-02-11 11:08:10]	不会 v->vi
[2019-02-11 11:08:10]	车号 n->nz
[2019-02-11 11:08:10]	同党 n->nz
[2019-02-11 11:08:10]	上流 b->n
[2019-02-11 11:08:10]	出血 vi->v
[2019-02-11 11:08:10]	打的 v->vi
[2019-02-11 11:08:10]	除法 n->nz
[2019-02-11 11:08:10]	从中 d->n
[2019-02-11 11:08:10]	从宽 d->v
[2019-02-11 11:08:10]	从重 d->v
[2019-02-11 11:08:10]	搭建 v->vd
[2019-02-11 11:08:10]	各人 rr->r
[2019-02-11 11:08:10]	中选 vi->v
[2019-02-11 11:08:10]	各处 rzs->r
[2019-02-11 11:08:10]	四处 d->vi
[2019-02-11 11:08:10]	大路 n->nz
[2019-02-11 11:08:10]	拨打 v->vd
[2019-02-11 11:08:10]	大跌 v->vn
[2019-02-11 11:08:10]	会话 v->vn
[2019-02-11 11:08:10]	对应 vi->v
[2019-02-11 11:08:10]	有余 m->v
[2019-02-11 11:08:10]	要领 n->nz
[2019-02-11 11:08:10]	下学 v->vd
[2019-02-11 11:08:10]	分号 n->nz
[2019-02-11 11:08:10]	不合 v->n
[2019-02-11 11:08:10]	高等 b->a
[2019-02-11 11:08:10]	老大 a->n
[2019-02-11 11:08:10]	还给 v->vd
[2019-02-11 11:08:10]	对等 vi->vn
[2019-02-11 11:08:10]	有心 v->vd
[2019-02-11 11:08:10]	说法 n->nz
[2019-02-11 11:08:10]	真的 a->d
[2019-02-11 11:08:10]	大喊 v->vd
[2019-02-11 11:08:10]	后天 n->t
[2019-02-11 11:08:10]	回家 vi->v
[2019-02-11 11:08:10]	总会 d->n
[2019-02-11 11:08:10]	好多 m->a
[2019-02-11 11:08:10]	才能 n->v
[2019-02-11 11:08:10]	大奖 n->nz
[2019-02-11 11:08:10]	自大 a->an
[2019-02-11 11:08:10]	无礼 a->ad
[2019-02-11 11:08:10]	自得 an->a
[2019-02-11 11:08:10]	开关 n->v
[2019-02-11 11:08:10]	看不起 v->vn
[2019-02-11 11:08:10]	看得起 v->vn
[2019-02-11 11:08:10]	完了 vi->n
[2019-02-11 11:08:10]	理事 n->nz
[2019-02-11 11:08:10]	一口气 d->n
[2019-02-11 11:08:10]	本心 n->nl
[2019-02-11 11:08:10]	论说 vn->vl
[2019-02-11 11:08:10]	中意 a->n
[2019-02-11 11:08:10]	没用 a->v
[2019-02-11 11:08:10]	天天 d->q
[2019-02-11 11:08:10]	秒钟 n->q
[2019-02-11 11:08:10]	他俩 r->n
[2019-02-11 11:08:10]	年间 f->n
[2019-02-11 11:08:10]	江米 n->nz
[2019-02-11 11:08:10]	省钱 a->v
[2019-02-11 11:08:10]	早起 vi->v
[2019-02-11 11:08:10]	开车 vi->v
[2019-02-11 11:08:10]	千米 q->qv
[2019-02-11 11:08:10]	签定 v->vn
[2019-02-11 11:08:10]	好天 n->nz
[2019-02-11 11:08:10]	日食 n->nz
[2019-02-11 11:08:10]	火烧 n->v
[2019-02-11 11:08:10]	就是 c->n
[2019-02-11 11:08:10]	是不是 v->vd
[2019-02-11 11:08:10]	手指 n->nz
[2019-02-11 11:08:10]	国都 d->n
[2019-02-11 11:08:10]	得手 a->v
[2019-02-11 11:08:10]	大小 n->nz
[2019-02-11 11:08:10]	了得 a->ad
[2019-02-11 11:08:10]	脱钩 vi->v
[2019-02-11 11:08:10]	问号 n->nz
[2019-02-11 11:08:10]	西藏自治区 ns->nz
[2019-02-11 11:08:10]	小便 v->vi
[2019-02-11 11:08:10]	好在 d->v
[2019-02-11 11:08:10]	双眼 n->nz
[2019-02-11 11:08:10]	一角 n->v
[2019-02-11 11:08:10]	一元 b->nz
[2019-02-11 11:08:10]	引号 n->nz
[2019-02-11 11:08:10]	有用 a->n
[2019-02-11 11:08:10]	像片 n->nz
[2019-02-11 11:08:10]	争抢 v->vd
[2019-02-11 11:08:10]	小我 n->nz
[2019-02-11 11:08:10]	文字 n->nz
[2019-02-11 11:08:10]	不好 a->n
[2019-02-11 11:08:10]	下雨 vi->v
[2019-02-11 11:08:10]	多功能 b->n
[2019-02-11 11:08:10]	从未 d->n
[2019-02-11 11:08:10]	南北 f->n
[2019-02-11 11:08:10]	从不 d->n
[2019-02-11 11:08:10]	干什么 r->v
[2019-02-11 11:08:10]	不准 v->n
[2019-02-11 11:08:10]	开门 vd->n
[2019-02-11 11:08:10]	睡着 v->vd
[2019-02-11 11:08:10]	呼吸 v->vi
[2019-02-11 11:08:10]	长达 v->vl
[2019-02-11 11:08:10]	首次 m->n
[2019-02-11 11:08:10]	日间 t->nl
[2019-02-11 11:08:10]	辩护人 n->nz
[2019-02-11 11:08:10]	正在 d->n
[2019-02-11 11:08:10]	下流 a->s
[2019-02-11 11:08:10]	怎么办 ryv->n
[2019-02-11 11:08:10]	你好 vl->n
[2019-02-11 11:08:10]	正数 v->n
[2019-02-11 11:08:10]	三角 n->ns
[2019-02-11 11:08:10]	分区 n->v
[2019-02-11 11:08:10]	回车 vi->v
[2019-02-11 11:08:10]	选项 n->v
[2019-02-11 11:08:10]	打字 vi->vn
[2019-02-11 11:08:10]	百度 nz->mq
[2019-02-11 11:08:10]	同呼吸 vl->nl
[2019-02-11 11:08:10]	记得 v->n
[2019-02-11 11:08:10]	还是 c->n
[2019-02-11 11:08:10]	有点 d->n
[2019-02-11 11:08:10]	吃药 v->n
