[2019-05-08 09:52:11]	到校 v->n
[2019-05-08 09:52:11]	一对 mq->n
[2019-05-08 09:52:11]	本分 a->n
[2019-05-08 09:52:11]	按时 d->n
[2019-05-08 09:52:11]	一定 b->n
[2019-05-08 09:52:11]	不结盟 vi->n
[2019-05-08 09:52:11]	不是 c->n
[2019-05-08 09:52:11]	不能 v->n
[2019-05-08 09:52:11]	不会 v->n
[2019-05-08 09:52:11]	出血 vi->n
[2019-05-08 09:52:11]	打的 v->n
[2019-05-08 09:52:11]	除外 vi->n
[2019-05-08 09:52:11]	春分 t->n
[2019-05-08 09:52:11]	从宽 d->n
[2019-05-08 09:52:11]	从重 d->n
[2019-05-08 09:52:11]	搭建 v->n
[2019-05-08 09:52:11]	大寒 t->n
[2019-05-08 09:52:11]	当面 d->n
[2019-05-08 09:52:11]	会话 v->n
[2019-05-08 09:52:11]	分米 q->n
[2019-05-08 09:52:11]	次要 b->n
[2019-05-08 09:52:11]	成心 d->n
[2019-05-08 09:52:11]	一齐 d->n
[2019-05-08 09:52:11]	还账 v->n
[2019-05-08 09:52:11]	不准 v->n
[2019-05-08 09:52:11]	看不起 v->n
[2019-05-08 09:52:11]	看得起 v->n
[2019-05-08 09:52:11]	小产 v->n
[2019-05-08 09:52:11]	天天 d->n
[2019-05-08 09:52:11]	起名 vi->n
[2019-05-08 09:52:11]	上税 v->n
[2019-05-08 09:52:11]	他俩 r->n
[2019-05-08 09:52:11]	千米 q->n
[2019-05-08 09:52:11]	是不是 v->n
[2019-05-08 09:52:11]	禁不起 v->n
[2019-05-08 09:52:11]	先后 d->n
[2019-05-08 09:52:11]	小便 v->n
[2019-05-08 09:52:11]	小满 t->n
[2019-05-08 09:52:11]	吃药 v->n
[2019-05-08 09:52:11]	一元 b->n
[2019-05-08 09:52:11]	正好 z->n
[2019-05-08 09:52:11]	对证 vn->n
[2019-05-08 09:52:11]	中档 b->n
[2019-05-08 09:52:11]	自修 v->n
[2019-05-08 09:52:11]	到底 d->n
[2019-05-08 09:52:11]	和缓 a->n
[2019-05-08 09:52:11]	人为 b->n
[2019-05-08 09:52:11]	长达 v->n
[2019-05-08 09:52:11]	上流 b->n
[2019-05-08 09:52:11]	喜好 an->n
[2019-05-08 09:52:11]	从中 d->n
[2019-05-08 09:52:11]	各人 rr->n
[2019-05-08 09:52:11]	中选 vi->n
[2019-05-08 09:52:11]	各处 rzs->n
[2019-05-08 09:52:11]	四处 d->n
[2019-05-08 09:52:11]	上岸 vi->n
[2019-05-08 09:52:11]	拨打 v->n
[2019-05-08 09:52:11]	大跌 v->n
[2019-05-08 09:52:11]	好多 m->n
[2019-05-08 09:52:11]	下学 v->n
[2019-05-08 09:52:11]	不合 v->n
[2019-05-08 09:52:11]	高等 b->n
[2019-05-08 09:52:11]	老大 a->n
[2019-05-08 09:52:11]	还给 v->n
[2019-05-08 09:52:11]	对等 vi->n
[2019-05-08 09:52:11]	有心 v->n
[2019-05-08 09:52:11]	真的 a->n
[2019-05-08 09:52:11]	大喊 v->n
[2019-05-08 09:52:11]	总会 d->n
[2019-05-08 09:52:11]	该死 vi->n
[2019-05-08 09:52:11]	一口气 d->n
[2019-05-08 09:52:11]	小气 a->n
[2019-05-08 09:52:11]	论说 vn->n
[2019-05-08 09:52:11]	中意 a->n
[2019-05-08 09:52:11]	生分 a->n
[2019-05-08 09:52:11]	内蒙古自治区 ns->n
[2019-05-08 09:52:11]	年间 f->n
[2019-05-08 09:52:11]	和暖 a->n
[2019-05-08 09:52:11]	省钱 a->n
[2019-05-08 09:52:11]	单方面 b->n
[2019-05-08 09:52:11]	早起 vi->n
[2019-05-08 09:52:11]	签定 v->n
[2019-05-08 09:52:11]	凡间 s->n
[2019-05-08 09:52:11]	就是 c->n
[2019-05-08 09:52:11]	便是 v->n
[2019-05-08 09:52:11]	国都 d->n
[2019-05-08 09:52:11]	首次 m->n
[2019-05-08 09:52:11]	睡着 v->n
[2019-05-08 09:52:11]	了得 a->n
[2019-05-08 09:52:11]	西藏自治区 ns->n
[2019-05-08 09:52:11]	想像 v->n
[2019-05-08 09:52:11]	好在 d->n
[2019-05-08 09:52:11]	往时 t->n
[2019-05-08 09:52:11]	争抢 v->n
[2019-05-08 09:52:11]	正在 d->n
[2019-05-08 09:52:11]	我方 r->n
[2019-05-08 09:52:11]	多功能 b->n
[2019-05-08 09:52:11]	黑白 b->n
[2019-05-08 09:52:11]	南北 f->n
[2019-05-08 09:52:11]	干什么 r->n
[2019-05-08 09:52:11]	不断 d->n
[2019-05-08 09:52:11]	同呼吸 vl->n
[2019-05-08 09:52:11]	日间 t->n
[2019-05-08 09:52:11]	还是 c->n
[2019-05-08 09:52:11]	有点 d->n
[2019-05-08 09:52:11]	下流 a->n
[2019-05-08 09:52:11]	怎么办 ryv->n
[2019-05-08 09:52:11]	您好 nl->n
[2019-05-08 09:52:11]	你好 vl->n
[2019-05-08 09:52:11]	交售 v->n
[2019-05-08 09:52:11]	找到 v->n
[2019-05-08 09:52:11]	从来 d->n
[2019-05-08 09:52:11]	约分 v->n
[2019-05-08 09:52:11]	正数 v->n
[2019-05-08 09:52:11]	他人 rr->n
[2019-05-08 09:52:11]	不论 c->n
[2019-05-08 09:52:11]	不管 c->n
[2019-05-08 09:52:11]	出事 vi->n
[2019-05-08 09:52:11]	从此 d->n
[2019-05-08 09:52:11]	当时 t->n
[2019-05-08 09:52:11]	对话 vi->n
[2019-05-08 09:52:11]	吃饭 vi->n
[2019-05-08 09:52:11]	更新 v->n
[2019-05-08 09:52:11]	讲课 vi->n
[2019-05-08 09:52:11]	尽心 a->n
[2019-05-08 09:52:11]	立方 q->n
[2019-05-08 09:52:11]	没关系 vl->n
[2019-05-08 09:52:11]	遍地 vd->n
[2019-05-08 09:52:11]	开车 vi->n
[2019-05-08 09:52:11]	因此 c->n
[2019-05-08 09:52:11]	将来 t->n
[2019-05-08 09:52:11]	以前 f->n
[2019-05-08 09:52:11]	先前 t->n
[2019-05-08 09:52:11]	早上 t->n
[2019-05-08 09:52:11]	正月 t->n
[2019-05-08 09:52:11]	难看 a->n
[2019-05-08 09:52:11]	对头 a->n
[2019-05-08 09:52:11]	正当 a->n
[2019-05-08 09:52:11]	不容 v->n
[2019-05-08 09:52:11]	出手 vi->n
[2019-05-08 09:52:11]	着手 v->n
[2019-05-08 09:52:11]	不错 a->n
[2019-05-08 09:52:11]	不便 a->n
[2019-05-08 09:52:11]	得手 a->n
[2019-05-08 09:52:11]	说话 vi->n
[2019-05-08 09:52:11]	特等 b->n
[2019-05-08 09:52:11]	住手 vi->n
[2019-05-08 09:52:11]	共事 vi->n
[2019-05-08 09:52:11]	从前 t->n
[2019-05-08 09:52:11]	已往 t->n
[2019-05-08 09:52:11]	低下 a->n
[2019-05-08 09:52:11]	当中 f->n
[2019-05-08 09:52:11]	不易 a->n
[2019-05-08 09:52:11]	不可 d->n
[2019-05-08 09:52:11]	至此 d->n
[2019-05-08 09:52:11]	不顾 v->n
[2019-05-08 09:52:11]	正派 a->n
[2019-05-08 09:52:11]	不然 a->n
[2019-05-08 09:52:11]	某人 rr->n
[2019-05-08 09:52:11]	一角 n->v
[2019-05-08 09:52:11]	除外 vi->v
[2019-05-08 09:52:11]	爱人 n->nz
[2019-05-08 09:52:11]	把手 n->nz
[2019-05-08 09:52:11]	靠山 n->nz
[2019-05-08 09:52:11]	不行 a->v
[2019-05-08 09:52:11]	不能 v->vi
[2019-05-08 09:52:11]	不会 v->vi
[2019-05-08 09:52:11]	车号 n->nz
[2019-05-08 09:52:11]	同党 n->nz
[2019-05-08 09:52:11]	打的 v->vi
[2019-05-08 09:52:11]	除法 n->nz
[2019-05-08 09:52:11]	从重 d->v
[2019-05-08 09:52:11]	搭建 v->vd
[2019-05-08 09:52:11]	四处 d->vi
[2019-05-08 09:52:11]	拨打 v->vd
[2019-05-08 09:52:11]	大跌 v->vn
[2019-05-08 09:52:11]	会话 v->vn
[2019-05-08 09:52:11]	要领 n->nz
[2019-05-08 09:52:11]	下学 v->vd
[2019-05-08 09:52:11]	分号 n->nz
[2019-05-08 09:52:11]	不合 v->n
[2019-05-08 09:52:11]	高等 b->a
[2019-05-08 09:52:11]	还给 v->vd
[2019-05-08 09:52:11]	有心 v->vd
[2019-05-08 09:52:11]	说法 n->nz
[2019-05-08 09:52:11]	大喊 v->vd
[2019-05-08 09:52:11]	好多 m->a
[2019-05-08 09:52:11]	大奖 n->nz
[2019-05-08 09:52:11]	无礼 a->ad
[2019-05-08 09:52:11]	看不起 v->vn
[2019-05-08 09:52:11]	看得起 v->vn
[2019-05-08 09:52:11]	理事 n->nz
[2019-05-08 09:52:11]	本心 n->nl
[2019-05-08 09:52:11]	论说 vn->vl
[2019-05-08 09:52:11]	他俩 r->n
[2019-05-08 09:52:11]	江米 n->nz
[2019-05-08 09:52:11]	千米 q->qv
[2019-05-08 09:52:11]	签定 v->vn
[2019-05-08 09:52:11]	好天 n->nz
[2019-05-08 09:52:11]	日食 n->nz
[2019-05-08 09:52:11]	是不是 v->vd
[2019-05-08 09:52:11]	手指 n->nz
[2019-05-08 09:52:11]	睡着 v->vd
[2019-05-08 09:52:11]	大小 n->nz
[2019-05-08 09:52:11]	了得 a->ad
[2019-05-08 09:52:11]	问号 n->nz
[2019-05-08 09:52:11]	西藏自治区 ns->nz
[2019-05-08 09:52:11]	小便 v->vi
[2019-05-08 09:52:11]	好在 d->v
[2019-05-08 09:52:11]	双眼 n->nz
[2019-05-08 09:52:11]	一元 b->nz
[2019-05-08 09:52:11]	引号 n->nz
[2019-05-08 09:52:11]	像片 n->nz
[2019-05-08 09:52:11]	争抢 v->vd
[2019-05-08 09:52:11]	小我 n->nz
[2019-05-08 09:52:11]	文字 n->nz
[2019-05-08 09:52:11]	部分 m->n
[2019-05-08 09:52:11]	别名 n->nz
[2019-05-08 09:52:11]	和缓 a->ad
[2019-05-08 09:52:11]	按时 d->ad
[2019-05-08 09:52:11]	春分 t->n
[2019-05-08 09:52:11]	知了 n->nz
[2019-05-08 09:52:11]	车次 n->nz
[2019-05-08 09:52:11]	大寒 t->nz
[2019-05-08 09:52:11]	大料 n->nz
[2019-05-08 09:52:11]	当面 d->n
[2019-05-08 09:52:11]	上岸 vi->v
[2019-05-08 09:52:11]	对仗 n->nz
[2019-05-08 09:52:11]	分米 q->qt
[2019-05-08 09:52:11]	副词 n->nz
[2019-05-08 09:52:11]	次要 b->bl
[2019-05-08 09:52:11]	成心 d->v
[2019-05-08 09:52:11]	还账 v->vi
[2019-05-08 09:52:11]	该死 vi->v
[2019-05-08 09:52:11]	长项 n->nz
[2019-05-08 09:52:11]	借条 n->nz
[2019-05-08 09:52:11]	买家 n->nz
[2019-05-08 09:52:11]	天车 n->nz
[2019-05-08 09:52:11]	东家 n->nz
[2019-05-08 09:52:11]	小气 a->ad
[2019-05-08 09:52:11]	小产 v->vi
[2019-05-08 09:52:11]	起名 vi->v
[2019-05-08 09:52:11]	生分 a->ad
[2019-05-08 09:52:11]	上税 v->vi
[2019-05-08 09:52:11]	内蒙古自治区 ns->nz
[2019-05-08 09:52:11]	拟人 n->nz
[2019-05-08 09:52:11]	年岁 n->nl
[2019-05-08 09:52:11]	年事 n->nl
[2019-05-08 09:52:11]	身段 n->nz
[2019-05-08 09:52:11]	凡间 s->n
[2019-05-08 09:52:11]	便是 v->vd
[2019-05-08 09:52:11]	收条 n->nz
[2019-05-08 09:52:11]	禁不起 v->vd
[2019-05-08 09:52:11]	书册 n->nl
[2019-05-08 09:52:11]	水笔 n->nz
[2019-05-08 09:52:11]	时价 n->nl
[2019-05-08 09:52:11]	就义 vi->v
[2019-05-08 09:52:11]	先后 d->ad
[2019-05-08 09:52:11]	想像 v->vd
[2019-05-08 09:52:11]	小寒 t->nz
[2019-05-08 09:52:11]	小满 t->nz
[2019-05-08 09:52:11]	新词 n->nl
[2019-05-08 09:52:11]	往时 t->tg
[2019-05-08 09:52:11]	意旨 n->nl
[2019-05-08 09:52:11]	图章 n->nz
[2019-05-08 09:52:11]	正好 z->tg
[2019-05-08 09:52:11]	正理 n->nl
[2019-05-08 09:52:11]	对证 vn->n
[2019-05-08 09:52:11]	中档 b->nl
[2019-05-08 09:52:11]	我方 r->n
[2019-05-08 09:52:11]	自修 v->vl
[2019-05-08 09:52:11]	才能 n->v
[2019-05-08 09:52:11]	秒钟 n->q
[2019-05-08 09:52:11]	火烧 n->v
[2019-05-08 09:52:11]	大路 n->nz
[2019-05-08 09:52:11]	自力 n->nz
[2019-05-08 09:52:11]	女星 n->nl
[2019-05-08 09:52:11]	申请人 n->nl
[2019-05-08 09:52:11]	美女 n->nl
[2019-05-08 09:52:11]	联系人 n->nl
[2019-05-08 09:52:11]	便条 n->nl
[2019-05-08 09:52:11]	中农 n->nl
[2019-05-08 09:52:11]	人道 n->nl
[2019-05-08 09:52:11]	资本家 n->nl
[2019-05-08 09:52:11]	水车 n->nl
[2019-05-08 09:52:11]	马戏 n->nl
[2019-05-08 09:52:11]	除数 n->nz
[2019-05-08 09:52:11]	周长 n->nz
[2019-05-08 09:52:11]	小数 n->nz
[2019-05-08 09:52:11]	经线 n->nz
[2019-05-08 09:52:11]	副手 n->nz
[2019-05-08 09:52:11]	三角 n->ns
[2019-05-08 09:52:11]	切线 n->nz
[2019-05-08 09:52:11]	本着 p->nl
[2019-05-08 09:52:11]	报到 vi->v
[2019-05-08 09:52:11]	不够 a->n
[2019-05-08 09:52:11]	不满 a->v
[2019-05-08 09:52:11]	不同 a->ad
[2019-05-08 09:52:11]	大使 n->nl
[2019-05-08 09:52:11]	对应 vi->v
[2019-05-08 09:52:11]	海带 n->nl
[2019-05-08 09:52:11]	后天 n->t
[2019-05-08 09:52:11]	回家 vi->v
[2019-05-08 09:52:11]	开关 n->v
[2019-05-08 09:52:11]	完了 vi->n
[2019-05-08 09:52:11]	没用 a->v
[2019-05-08 09:52:11]	难听 a->v
[2019-05-08 09:52:11]	暖和 a->ad
[2019-05-08 09:52:11]	排比 n->nz
[2019-05-08 09:52:11]	前天 n->t
[2019-05-08 09:52:11]	上当 vi->v
[2019-05-08 09:52:11]	受不了 al->n
[2019-05-08 09:52:11]	从而 c->cc
[2019-05-08 09:52:11]	图像 n->nl
[2019-05-08 09:52:11]	脱钩 vi->v
[2019-05-08 09:52:11]	周到 a->an
[2019-05-08 09:52:11]	等同 vd->v
[2019-05-08 09:52:11]	有用 a->n
[2019-05-08 09:52:11]	再见 vi->v
[2019-05-08 09:52:11]	有时候 d->n
[2019-05-08 09:52:11]	由此 d->n
[2019-05-08 09:52:11]	有余 m->v
[2019-05-08 09:52:11]	请愿 vi->vn
[2019-05-08 09:52:11]	内在 b->n
[2019-05-08 09:52:11]	不好 a->n
[2019-05-08 09:52:11]	共命运 vl->nl
[2019-05-08 09:52:11]	小于 nr->v
[2019-05-08 09:52:11]	大人 n->nl
[2019-05-08 09:52:11]	乘法 n->nl
[2019-05-08 09:52:11]	对手 n->nl
[2019-05-08 09:52:11]	对方 n->nl
[2019-05-08 09:52:11]	成人 n->nl
[2019-05-08 09:52:11]	所在 n->nl
[2019-05-08 09:52:11]	全年 n->nl
[2019-05-08 09:52:11]	年轻人 n->nl
[2019-05-08 09:52:11]	双手 n->nl
[2019-05-08 09:52:11]	亮点 n->nl
[2019-05-08 09:52:11]	所长 n->nl
[2019-05-08 09:52:11]	天下 n->nl
[2019-05-08 09:52:11]	先人 n->nl
[2019-05-08 09:52:11]	正常人 n->nl
[2019-05-08 09:52:11]	好人 n->nl
[2019-05-08 09:52:11]	国家队 n->nl
[2019-05-08 09:52:11]	党派 n->nl
[2019-05-08 09:52:11]	乘方 n->nl
[2019-05-08 09:52:11]	嗨 e->nl
[2019-05-08 09:52:11]	个人 n->nl
[2019-05-08 09:52:11]	整年 d->n
[2019-05-08 09:52:11]	有声 b->n
[2019-05-08 09:52:11]	新增 v->n
[2019-05-08 09:52:11]	上册 n->nl
[2019-05-08 09:52:40]	到校 v->n
[2019-05-08 09:52:40]	一对 mq->n
[2019-05-08 09:52:40]	本分 a->n
[2019-05-08 09:52:40]	按时 d->n
[2019-05-08 09:52:40]	一定 b->n
[2019-05-08 09:52:40]	不结盟 vi->n
[2019-05-08 09:52:40]	不是 c->n
[2019-05-08 09:52:40]	不能 v->n
[2019-05-08 09:52:40]	不会 v->n
[2019-05-08 09:52:40]	出血 vi->n
[2019-05-08 09:52:40]	打的 v->n
[2019-05-08 09:52:40]	除外 vi->n
[2019-05-08 09:52:40]	春分 t->n
[2019-05-08 09:52:40]	从宽 d->n
[2019-05-08 09:52:40]	从重 d->n
[2019-05-08 09:52:40]	搭建 v->n
[2019-05-08 09:52:40]	大寒 t->n
[2019-05-08 09:52:40]	当面 d->n
[2019-05-08 09:52:40]	会话 v->n
[2019-05-08 09:52:40]	分米 q->n
[2019-05-08 09:52:40]	次要 b->n
[2019-05-08 09:52:40]	成心 d->n
[2019-05-08 09:52:40]	一齐 d->n
[2019-05-08 09:52:40]	还账 v->n
[2019-05-08 09:52:40]	不准 v->n
[2019-05-08 09:52:40]	看不起 v->n
[2019-05-08 09:52:40]	看得起 v->n
[2019-05-08 09:52:40]	小产 v->n
[2019-05-08 09:52:40]	天天 d->n
[2019-05-08 09:52:40]	起名 vi->n
[2019-05-08 09:52:40]	上税 v->n
[2019-05-08 09:52:40]	他俩 r->n
[2019-05-08 09:52:40]	千米 q->n
[2019-05-08 09:52:40]	是不是 v->n
[2019-05-08 09:52:40]	禁不起 v->n
[2019-05-08 09:52:40]	先后 d->n
[2019-05-08 09:52:40]	小便 v->n
[2019-05-08 09:52:40]	小满 t->n
[2019-05-08 09:52:40]	吃药 v->n
[2019-05-08 09:52:40]	一元 b->n
[2019-05-08 09:52:40]	正好 z->n
[2019-05-08 09:52:40]	对证 vn->n
[2019-05-08 09:52:40]	中档 b->n
[2019-05-08 09:52:40]	自修 v->n
[2019-05-08 09:52:40]	到底 d->n
[2019-05-08 09:52:40]	和缓 a->n
[2019-05-08 09:52:40]	人为 b->n
[2019-05-08 09:52:40]	长达 v->n
[2019-05-08 09:52:40]	上流 b->n
[2019-05-08 09:52:40]	喜好 an->n
[2019-05-08 09:52:40]	从中 d->n
[2019-05-08 09:52:40]	各人 rr->n
[2019-05-08 09:52:40]	中选 vi->n
[2019-05-08 09:52:40]	各处 rzs->n
[2019-05-08 09:52:40]	四处 d->n
[2019-05-08 09:52:40]	上岸 vi->n
[2019-05-08 09:52:40]	拨打 v->n
[2019-05-08 09:52:40]	大跌 v->n
[2019-05-08 09:52:40]	好多 m->n
[2019-05-08 09:52:40]	下学 v->n
[2019-05-08 09:52:40]	不合 v->n
[2019-05-08 09:52:40]	高等 b->n
[2019-05-08 09:52:40]	老大 a->n
[2019-05-08 09:52:40]	还给 v->n
[2019-05-08 09:52:40]	对等 vi->n
[2019-05-08 09:52:40]	有心 v->n
[2019-05-08 09:52:40]	真的 a->n
[2019-05-08 09:52:40]	大喊 v->n
[2019-05-08 09:52:40]	总会 d->n
[2019-05-08 09:52:40]	该死 vi->n
[2019-05-08 09:52:40]	一口气 d->n
[2019-05-08 09:52:40]	小气 a->n
[2019-05-08 09:52:40]	论说 vn->n
[2019-05-08 09:52:40]	中意 a->n
[2019-05-08 09:52:40]	生分 a->n
[2019-05-08 09:52:40]	内蒙古自治区 ns->n
[2019-05-08 09:52:40]	年间 f->n
[2019-05-08 09:52:40]	和暖 a->n
[2019-05-08 09:52:40]	省钱 a->n
[2019-05-08 09:52:40]	单方面 b->n
[2019-05-08 09:52:40]	早起 vi->n
[2019-05-08 09:52:40]	签定 v->n
[2019-05-08 09:52:40]	凡间 s->n
[2019-05-08 09:52:40]	就是 c->n
[2019-05-08 09:52:40]	便是 v->n
[2019-05-08 09:52:40]	国都 d->n
[2019-05-08 09:52:40]	首次 m->n
[2019-05-08 09:52:40]	睡着 v->n
[2019-05-08 09:52:40]	了得 a->n
[2019-05-08 09:52:40]	西藏自治区 ns->n
[2019-05-08 09:52:40]	想像 v->n
[2019-05-08 09:52:40]	好在 d->n
[2019-05-08 09:52:40]	往时 t->n
[2019-05-08 09:52:40]	争抢 v->n
[2019-05-08 09:52:40]	正在 d->n
[2019-05-08 09:52:40]	我方 r->n
[2019-05-08 09:52:40]	多功能 b->n
[2019-05-08 09:52:40]	黑白 b->n
[2019-05-08 09:52:40]	南北 f->n
[2019-05-08 09:52:40]	干什么 r->n
[2019-05-08 09:52:40]	不断 d->n
[2019-05-08 09:52:40]	同呼吸 vl->n
[2019-05-08 09:52:40]	日间 t->n
[2019-05-08 09:52:40]	还是 c->n
[2019-05-08 09:52:40]	有点 d->n
[2019-05-08 09:52:40]	下流 a->n
[2019-05-08 09:52:40]	怎么办 ryv->n
[2019-05-08 09:52:40]	您好 nl->n
[2019-05-08 09:52:40]	你好 vl->n
[2019-05-08 09:52:40]	交售 v->n
[2019-05-08 09:52:40]	找到 v->n
[2019-05-08 09:52:40]	从来 d->n
[2019-05-08 09:52:40]	约分 v->n
[2019-05-08 09:52:40]	正数 v->n
[2019-05-08 09:52:40]	他人 rr->n
[2019-05-08 09:52:40]	不论 c->n
[2019-05-08 09:52:40]	不管 c->n
[2019-05-08 09:52:40]	出事 vi->n
[2019-05-08 09:52:40]	从此 d->n
[2019-05-08 09:52:40]	当时 t->n
[2019-05-08 09:52:40]	对话 vi->n
[2019-05-08 09:52:40]	吃饭 vi->n
[2019-05-08 09:52:40]	更新 v->n
[2019-05-08 09:52:40]	讲课 vi->n
[2019-05-08 09:52:40]	尽心 a->n
[2019-05-08 09:52:40]	立方 q->n
[2019-05-08 09:52:40]	没关系 vl->n
[2019-05-08 09:52:40]	遍地 vd->n
[2019-05-08 09:52:40]	开车 vi->n
[2019-05-08 09:52:40]	因此 c->n
[2019-05-08 09:52:40]	将来 t->n
[2019-05-08 09:52:40]	以前 f->n
[2019-05-08 09:52:40]	先前 t->n
[2019-05-08 09:52:40]	早上 t->n
[2019-05-08 09:52:40]	正月 t->n
[2019-05-08 09:52:40]	难看 a->n
[2019-05-08 09:52:40]	对头 a->n
[2019-05-08 09:52:40]	正当 a->n
[2019-05-08 09:52:40]	不容 v->n
[2019-05-08 09:52:40]	出手 vi->n
[2019-05-08 09:52:40]	着手 v->n
[2019-05-08 09:52:40]	不错 a->n
[2019-05-08 09:52:40]	不便 a->n
[2019-05-08 09:52:40]	得手 a->n
[2019-05-08 09:52:40]	说话 vi->n
[2019-05-08 09:52:40]	特等 b->n
[2019-05-08 09:52:40]	住手 vi->n
[2019-05-08 09:52:40]	共事 vi->n
[2019-05-08 09:52:40]	从前 t->n
[2019-05-08 09:52:40]	已往 t->n
[2019-05-08 09:52:40]	低下 a->n
[2019-05-08 09:52:40]	当中 f->n
[2019-05-08 09:52:40]	不易 a->n
[2019-05-08 09:52:40]	不可 d->n
[2019-05-08 09:52:40]	至此 d->n
[2019-05-08 09:52:40]	不顾 v->n
[2019-05-08 09:52:40]	正派 a->n
[2019-05-08 09:52:40]	不然 a->n
[2019-05-08 09:52:40]	某人 rr->n
[2019-05-08 09:52:40]	一角 n->v
[2019-05-08 09:52:40]	除外 vi->v
[2019-05-08 09:52:40]	爱人 n->nz
[2019-05-08 09:52:40]	把手 n->nz
[2019-05-08 09:52:40]	靠山 n->nz
[2019-05-08 09:52:40]	不行 a->v
[2019-05-08 09:52:40]	不能 v->vi
[2019-05-08 09:52:40]	不会 v->vi
[2019-05-08 09:52:40]	车号 n->nz
[2019-05-08 09:52:40]	同党 n->nz
[2019-05-08 09:52:40]	打的 v->vi
[2019-05-08 09:52:40]	除法 n->nz
[2019-05-08 09:52:40]	从重 d->v
[2019-05-08 09:52:40]	搭建 v->vd
[2019-05-08 09:52:40]	四处 d->vi
[2019-05-08 09:52:40]	拨打 v->vd
[2019-05-08 09:52:40]	大跌 v->vn
[2019-05-08 09:52:40]	会话 v->vn
[2019-05-08 09:52:40]	要领 n->nz
[2019-05-08 09:52:40]	下学 v->vd
[2019-05-08 09:52:40]	分号 n->nz
[2019-05-08 09:52:40]	不合 v->n
[2019-05-08 09:52:40]	高等 b->a
[2019-05-08 09:52:40]	还给 v->vd
[2019-05-08 09:52:40]	有心 v->vd
[2019-05-08 09:52:40]	说法 n->nz
[2019-05-08 09:52:40]	大喊 v->vd
[2019-05-08 09:52:40]	好多 m->a
[2019-05-08 09:52:40]	大奖 n->nz
[2019-05-08 09:52:40]	无礼 a->ad
[2019-05-08 09:52:40]	看不起 v->vn
[2019-05-08 09:52:40]	看得起 v->vn
[2019-05-08 09:52:40]	理事 n->nz
[2019-05-08 09:52:40]	本心 n->nl
[2019-05-08 09:52:40]	论说 vn->vl
[2019-05-08 09:52:40]	他俩 r->n
[2019-05-08 09:52:40]	江米 n->nz
[2019-05-08 09:52:40]	千米 q->qv
[2019-05-08 09:52:40]	签定 v->vn
[2019-05-08 09:52:40]	好天 n->nz
[2019-05-08 09:52:40]	日食 n->nz
[2019-05-08 09:52:40]	是不是 v->vd
[2019-05-08 09:52:40]	手指 n->nz
[2019-05-08 09:52:40]	睡着 v->vd
[2019-05-08 09:52:40]	大小 n->nz
[2019-05-08 09:52:40]	了得 a->ad
[2019-05-08 09:52:40]	问号 n->nz
[2019-05-08 09:52:40]	西藏自治区 ns->nz
[2019-05-08 09:52:40]	小便 v->vi
[2019-05-08 09:52:40]	好在 d->v
[2019-05-08 09:52:40]	双眼 n->nz
[2019-05-08 09:52:40]	一元 b->nz
[2019-05-08 09:52:40]	引号 n->nz
[2019-05-08 09:52:40]	像片 n->nz
[2019-05-08 09:52:40]	争抢 v->vd
[2019-05-08 09:52:40]	小我 n->nz
[2019-05-08 09:52:40]	文字 n->nz
[2019-05-08 09:52:40]	部分 m->n
[2019-05-08 09:52:40]	别名 n->nz
[2019-05-08 09:52:40]	和缓 a->ad
[2019-05-08 09:52:40]	按时 d->ad
[2019-05-08 09:52:40]	春分 t->n
[2019-05-08 09:52:40]	知了 n->nz
[2019-05-08 09:52:40]	车次 n->nz
[2019-05-08 09:52:40]	大寒 t->nz
[2019-05-08 09:52:40]	大料 n->nz
[2019-05-08 09:52:40]	当面 d->n
[2019-05-08 09:52:40]	上岸 vi->v
[2019-05-08 09:52:40]	对仗 n->nz
[2019-05-08 09:52:40]	分米 q->qt
[2019-05-08 09:52:40]	副词 n->nz
[2019-05-08 09:52:40]	次要 b->bl
[2019-05-08 09:52:40]	成心 d->v
[2019-05-08 09:52:40]	还账 v->vi
[2019-05-08 09:52:40]	该死 vi->v
[2019-05-08 09:52:40]	长项 n->nz
[2019-05-08 09:52:40]	借条 n->nz
[2019-05-08 09:52:40]	买家 n->nz
[2019-05-08 09:52:40]	天车 n->nz
[2019-05-08 09:52:40]	东家 n->nz
[2019-05-08 09:52:40]	小气 a->ad
[2019-05-08 09:52:40]	小产 v->vi
[2019-05-08 09:52:40]	起名 vi->v
[2019-05-08 09:52:40]	生分 a->ad
[2019-05-08 09:52:40]	上税 v->vi
[2019-05-08 09:52:40]	内蒙古自治区 ns->nz
[2019-05-08 09:52:40]	拟人 n->nz
[2019-05-08 09:52:40]	年岁 n->nl
[2019-05-08 09:52:40]	年事 n->nl
[2019-05-08 09:52:40]	身段 n->nz
[2019-05-08 09:52:40]	凡间 s->n
[2019-05-08 09:52:40]	便是 v->vd
[2019-05-08 09:52:40]	收条 n->nz
[2019-05-08 09:52:40]	禁不起 v->vd
[2019-05-08 09:52:40]	书册 n->nl
[2019-05-08 09:52:40]	水笔 n->nz
[2019-05-08 09:52:40]	时价 n->nl
[2019-05-08 09:52:40]	就义 vi->v
[2019-05-08 09:52:40]	先后 d->ad
[2019-05-08 09:52:40]	想像 v->vd
[2019-05-08 09:52:40]	小寒 t->nz
[2019-05-08 09:52:40]	小满 t->nz
[2019-05-08 09:52:40]	新词 n->nl
[2019-05-08 09:52:40]	往时 t->tg
[2019-05-08 09:52:40]	意旨 n->nl
[2019-05-08 09:52:40]	图章 n->nz
[2019-05-08 09:52:40]	正好 z->tg
[2019-05-08 09:52:40]	正理 n->nl
[2019-05-08 09:52:40]	对证 vn->n
[2019-05-08 09:52:40]	中档 b->nl
[2019-05-08 09:52:40]	我方 r->n
[2019-05-08 09:52:40]	自修 v->vl
[2019-05-08 09:52:40]	才能 n->v
[2019-05-08 09:52:40]	秒钟 n->q
[2019-05-08 09:52:40]	火烧 n->v
[2019-05-08 09:52:40]	大路 n->nz
[2019-05-08 09:52:40]	自力 n->nz
[2019-05-08 09:52:40]	女星 n->nl
[2019-05-08 09:52:40]	申请人 n->nl
[2019-05-08 09:52:40]	美女 n->nl
[2019-05-08 09:52:40]	联系人 n->nl
[2019-05-08 09:52:40]	便条 n->nl
[2019-05-08 09:52:40]	中农 n->nl
[2019-05-08 09:52:40]	人道 n->nl
[2019-05-08 09:52:40]	资本家 n->nl
[2019-05-08 09:52:40]	水车 n->nl
[2019-05-08 09:52:40]	马戏 n->nl
[2019-05-08 09:52:40]	除数 n->nz
[2019-05-08 09:52:40]	周长 n->nz
[2019-05-08 09:52:40]	小数 n->nz
[2019-05-08 09:52:40]	经线 n->nz
[2019-05-08 09:52:40]	副手 n->nz
[2019-05-08 09:52:40]	三角 n->ns
[2019-05-08 09:52:40]	切线 n->nz
[2019-05-08 09:52:40]	本着 p->nl
[2019-05-08 09:52:40]	报到 vi->v
[2019-05-08 09:52:40]	不够 a->n
[2019-05-08 09:52:40]	不满 a->v
[2019-05-08 09:52:40]	不同 a->ad
[2019-05-08 09:52:40]	大使 n->nl
[2019-05-08 09:52:40]	对应 vi->v
[2019-05-08 09:52:40]	海带 n->nl
[2019-05-08 09:52:40]	后天 n->t
[2019-05-08 09:52:40]	回家 vi->v
[2019-05-08 09:52:40]	开关 n->v
[2019-05-08 09:52:40]	完了 vi->n
[2019-05-08 09:52:40]	没用 a->v
[2019-05-08 09:52:40]	难听 a->v
[2019-05-08 09:52:40]	暖和 a->ad
[2019-05-08 09:52:40]	排比 n->nz
[2019-05-08 09:52:40]	前天 n->t
[2019-05-08 09:52:40]	上当 vi->v
[2019-05-08 09:52:40]	受不了 al->n
[2019-05-08 09:52:40]	从而 c->cc
[2019-05-08 09:52:40]	图像 n->nl
[2019-05-08 09:52:40]	脱钩 vi->v
[2019-05-08 09:52:40]	周到 a->an
[2019-05-08 09:52:40]	等同 vd->v
[2019-05-08 09:52:40]	有用 a->n
[2019-05-08 09:52:40]	再见 vi->v
[2019-05-08 09:52:40]	有时候 d->n
[2019-05-08 09:52:40]	由此 d->n
[2019-05-08 09:52:40]	有余 m->v
[2019-05-08 09:52:40]	请愿 vi->vn
[2019-05-08 09:52:40]	内在 b->n
[2019-05-08 09:52:40]	不好 a->n
[2019-05-08 09:52:40]	共命运 vl->nl
[2019-05-08 09:52:40]	小于 nr->v
[2019-05-08 09:52:40]	大人 n->nl
[2019-05-08 09:52:40]	乘法 n->nl
[2019-05-08 09:52:40]	对手 n->nl
[2019-05-08 09:52:40]	对方 n->nl
[2019-05-08 09:52:40]	成人 n->nl
[2019-05-08 09:52:40]	所在 n->nl
[2019-05-08 09:52:40]	全年 n->nl
[2019-05-08 09:52:40]	年轻人 n->nl
[2019-05-08 09:52:40]	双手 n->nl
[2019-05-08 09:52:40]	亮点 n->nl
[2019-05-08 09:52:40]	所长 n->nl
[2019-05-08 09:52:40]	天下 n->nl
[2019-05-08 09:52:40]	先人 n->nl
[2019-05-08 09:52:40]	正常人 n->nl
[2019-05-08 09:52:40]	好人 n->nl
[2019-05-08 09:52:40]	国家队 n->nl
[2019-05-08 09:52:40]	党派 n->nl
[2019-05-08 09:52:40]	乘方 n->nl
[2019-05-08 09:52:40]	嗨 e->nl
[2019-05-08 09:52:40]	个人 n->nl
[2019-05-08 09:52:40]	整年 d->n
[2019-05-08 09:52:40]	有声 b->n
[2019-05-08 09:52:40]	新增 v->n
[2019-05-08 09:52:40]	上册 n->nl
[2019-05-08 09:53:20]	到校 v->n
[2019-05-08 09:53:20]	一对 mq->n
[2019-05-08 09:53:20]	本分 a->n
[2019-05-08 09:53:20]	按时 d->n
[2019-05-08 09:53:20]	一定 b->n
[2019-05-08 09:53:20]	不结盟 vi->n
[2019-05-08 09:53:20]	不是 c->n
[2019-05-08 09:53:20]	不能 v->n
[2019-05-08 09:53:20]	不会 v->n
[2019-05-08 09:53:20]	出血 vi->n
[2019-05-08 09:53:20]	打的 v->n
[2019-05-08 09:53:20]	除外 vi->n
[2019-05-08 09:53:20]	春分 t->n
[2019-05-08 09:53:20]	从宽 d->n
[2019-05-08 09:53:20]	从重 d->n
[2019-05-08 09:53:20]	搭建 v->n
[2019-05-08 09:53:20]	大寒 t->n
[2019-05-08 09:53:20]	当面 d->n
[2019-05-08 09:53:20]	会话 v->n
[2019-05-08 09:53:20]	分米 q->n
[2019-05-08 09:53:20]	次要 b->n
[2019-05-08 09:53:20]	成心 d->n
[2019-05-08 09:53:20]	一齐 d->n
[2019-05-08 09:53:20]	还账 v->n
[2019-05-08 09:53:20]	不准 v->n
[2019-05-08 09:53:20]	看不起 v->n
[2019-05-08 09:53:20]	看得起 v->n
[2019-05-08 09:53:20]	小产 v->n
[2019-05-08 09:53:20]	天天 d->n
[2019-05-08 09:53:20]	起名 vi->n
[2019-05-08 09:53:20]	上税 v->n
[2019-05-08 09:53:20]	他俩 r->n
[2019-05-08 09:53:20]	千米 q->n
[2019-05-08 09:53:20]	是不是 v->n
[2019-05-08 09:53:20]	禁不起 v->n
[2019-05-08 09:53:20]	先后 d->n
[2019-05-08 09:53:20]	小便 v->n
[2019-05-08 09:53:20]	小满 t->n
[2019-05-08 09:53:20]	吃药 v->n
[2019-05-08 09:53:20]	一元 b->n
[2019-05-08 09:53:20]	正好 z->n
[2019-05-08 09:53:20]	对证 vn->n
[2019-05-08 09:53:20]	中档 b->n
[2019-05-08 09:53:20]	自修 v->n
[2019-05-08 09:53:20]	到底 d->n
[2019-05-08 09:53:20]	和缓 a->n
[2019-05-08 09:53:20]	人为 b->n
[2019-05-08 09:53:20]	长达 v->n
[2019-05-08 09:53:20]	上流 b->n
[2019-05-08 09:53:20]	喜好 an->n
[2019-05-08 09:53:20]	从中 d->n
[2019-05-08 09:53:20]	各人 rr->n
[2019-05-08 09:53:20]	中选 vi->n
[2019-05-08 09:53:20]	各处 rzs->n
[2019-05-08 09:53:20]	四处 d->n
[2019-05-08 09:53:20]	上岸 vi->n
[2019-05-08 09:53:20]	拨打 v->n
[2019-05-08 09:53:20]	大跌 v->n
[2019-05-08 09:53:20]	好多 m->n
[2019-05-08 09:53:20]	下学 v->n
[2019-05-08 09:53:20]	不合 v->n
[2019-05-08 09:53:20]	高等 b->n
[2019-05-08 09:53:20]	老大 a->n
[2019-05-08 09:53:20]	还给 v->n
[2019-05-08 09:53:20]	对等 vi->n
[2019-05-08 09:53:20]	有心 v->n
[2019-05-08 09:53:20]	真的 a->n
[2019-05-08 09:53:20]	大喊 v->n
[2019-05-08 09:53:20]	总会 d->n
[2019-05-08 09:53:20]	该死 vi->n
[2019-05-08 09:53:20]	一口气 d->n
[2019-05-08 09:53:20]	小气 a->n
[2019-05-08 09:53:20]	论说 vn->n
[2019-05-08 09:53:20]	中意 a->n
[2019-05-08 09:53:20]	生分 a->n
[2019-05-08 09:53:20]	内蒙古自治区 ns->n
[2019-05-08 09:53:20]	年间 f->n
[2019-05-08 09:53:20]	和暖 a->n
[2019-05-08 09:53:20]	省钱 a->n
[2019-05-08 09:53:20]	单方面 b->n
[2019-05-08 09:53:20]	早起 vi->n
[2019-05-08 09:53:20]	签定 v->n
[2019-05-08 09:53:20]	凡间 s->n
[2019-05-08 09:53:20]	就是 c->n
[2019-05-08 09:53:20]	便是 v->n
[2019-05-08 09:53:20]	国都 d->n
[2019-05-08 09:53:20]	首次 m->n
[2019-05-08 09:53:20]	睡着 v->n
[2019-05-08 09:53:20]	了得 a->n
[2019-05-08 09:53:20]	西藏自治区 ns->n
[2019-05-08 09:53:20]	想像 v->n
[2019-05-08 09:53:20]	好在 d->n
[2019-05-08 09:53:20]	往时 t->n
[2019-05-08 09:53:20]	争抢 v->n
[2019-05-08 09:53:20]	正在 d->n
[2019-05-08 09:53:20]	我方 r->n
[2019-05-08 09:53:20]	多功能 b->n
[2019-05-08 09:53:20]	黑白 b->n
[2019-05-08 09:53:20]	南北 f->n
[2019-05-08 09:53:20]	干什么 r->n
[2019-05-08 09:53:20]	不断 d->n
[2019-05-08 09:53:20]	同呼吸 vl->n
[2019-05-08 09:53:20]	日间 t->n
[2019-05-08 09:53:20]	还是 c->n
[2019-05-08 09:53:20]	有点 d->n
[2019-05-08 09:53:20]	下流 a->n
[2019-05-08 09:53:20]	怎么办 ryv->n
[2019-05-08 09:53:20]	您好 nl->n
[2019-05-08 09:53:20]	你好 vl->n
[2019-05-08 09:53:20]	交售 v->n
[2019-05-08 09:53:20]	找到 v->n
[2019-05-08 09:53:20]	从来 d->n
[2019-05-08 09:53:20]	约分 v->n
[2019-05-08 09:53:20]	正数 v->n
[2019-05-08 09:53:20]	他人 rr->n
[2019-05-08 09:53:20]	不论 c->n
[2019-05-08 09:53:20]	不管 c->n
[2019-05-08 09:53:20]	出事 vi->n
[2019-05-08 09:53:20]	从此 d->n
[2019-05-08 09:53:20]	当时 t->n
[2019-05-08 09:53:20]	对话 vi->n
[2019-05-08 09:53:20]	吃饭 vi->n
[2019-05-08 09:53:20]	更新 v->n
[2019-05-08 09:53:20]	讲课 vi->n
[2019-05-08 09:53:20]	尽心 a->n
[2019-05-08 09:53:20]	立方 q->n
[2019-05-08 09:53:20]	没关系 vl->n
[2019-05-08 09:53:20]	遍地 vd->n
[2019-05-08 09:53:20]	开车 vi->n
[2019-05-08 09:53:20]	因此 c->n
[2019-05-08 09:53:20]	将来 t->n
[2019-05-08 09:53:20]	以前 f->n
[2019-05-08 09:53:20]	先前 t->n
[2019-05-08 09:53:20]	早上 t->n
[2019-05-08 09:53:20]	正月 t->n
[2019-05-08 09:53:20]	难看 a->n
[2019-05-08 09:53:20]	对头 a->n
[2019-05-08 09:53:20]	正当 a->n
[2019-05-08 09:53:20]	不容 v->n
[2019-05-08 09:53:20]	出手 vi->n
[2019-05-08 09:53:20]	着手 v->n
[2019-05-08 09:53:20]	不错 a->n
[2019-05-08 09:53:20]	不便 a->n
[2019-05-08 09:53:20]	得手 a->n
[2019-05-08 09:53:20]	说话 vi->n
[2019-05-08 09:53:20]	特等 b->n
[2019-05-08 09:53:20]	住手 vi->n
[2019-05-08 09:53:20]	共事 vi->n
[2019-05-08 09:53:20]	从前 t->n
[2019-05-08 09:53:20]	已往 t->n
[2019-05-08 09:53:20]	低下 a->n
[2019-05-08 09:53:20]	当中 f->n
[2019-05-08 09:53:20]	不易 a->n
[2019-05-08 09:53:20]	不可 d->n
[2019-05-08 09:53:20]	至此 d->n
[2019-05-08 09:53:20]	不顾 v->n
[2019-05-08 09:53:20]	正派 a->n
[2019-05-08 09:53:20]	不然 a->n
[2019-05-08 09:53:20]	某人 rr->n
[2019-05-08 09:53:20]	一角 n->v
[2019-05-08 09:53:20]	除外 vi->v
[2019-05-08 09:53:20]	爱人 n->nz
[2019-05-08 09:53:20]	把手 n->nz
[2019-05-08 09:53:20]	靠山 n->nz
[2019-05-08 09:53:20]	不行 a->v
[2019-05-08 09:53:20]	不能 v->vi
[2019-05-08 09:53:20]	不会 v->vi
[2019-05-08 09:53:20]	车号 n->nz
[2019-05-08 09:53:20]	同党 n->nz
[2019-05-08 09:53:20]	打的 v->vi
[2019-05-08 09:53:20]	除法 n->nz
[2019-05-08 09:53:20]	从重 d->v
[2019-05-08 09:53:20]	搭建 v->vd
[2019-05-08 09:53:20]	四处 d->vi
[2019-05-08 09:53:20]	拨打 v->vd
[2019-05-08 09:53:20]	大跌 v->vn
[2019-05-08 09:53:20]	会话 v->vn
[2019-05-08 09:53:20]	要领 n->nz
[2019-05-08 09:53:20]	下学 v->vd
[2019-05-08 09:53:20]	分号 n->nz
[2019-05-08 09:53:20]	不合 v->n
[2019-05-08 09:53:20]	高等 b->a
[2019-05-08 09:53:20]	还给 v->vd
[2019-05-08 09:53:20]	有心 v->vd
[2019-05-08 09:53:20]	说法 n->nz
[2019-05-08 09:53:20]	大喊 v->vd
[2019-05-08 09:53:20]	好多 m->a
[2019-05-08 09:53:20]	大奖 n->nz
[2019-05-08 09:53:20]	无礼 a->ad
[2019-05-08 09:53:20]	看不起 v->vn
[2019-05-08 09:53:20]	看得起 v->vn
[2019-05-08 09:53:20]	理事 n->nz
[2019-05-08 09:53:20]	本心 n->nl
[2019-05-08 09:53:20]	论说 vn->vl
[2019-05-08 09:53:20]	他俩 r->n
[2019-05-08 09:53:20]	江米 n->nz
[2019-05-08 09:53:20]	千米 q->qv
[2019-05-08 09:53:20]	签定 v->vn
[2019-05-08 09:53:20]	好天 n->nz
[2019-05-08 09:53:20]	日食 n->nz
[2019-05-08 09:53:20]	是不是 v->vd
[2019-05-08 09:53:20]	手指 n->nz
[2019-05-08 09:53:20]	睡着 v->vd
[2019-05-08 09:53:20]	大小 n->nz
[2019-05-08 09:53:20]	了得 a->ad
[2019-05-08 09:53:20]	问号 n->nz
[2019-05-08 09:53:20]	西藏自治区 ns->nz
[2019-05-08 09:53:20]	小便 v->vi
[2019-05-08 09:53:20]	好在 d->v
[2019-05-08 09:53:20]	双眼 n->nz
[2019-05-08 09:53:20]	一元 b->nz
[2019-05-08 09:53:20]	引号 n->nz
[2019-05-08 09:53:20]	像片 n->nz
[2019-05-08 09:53:20]	争抢 v->vd
[2019-05-08 09:53:20]	小我 n->nz
[2019-05-08 09:53:20]	文字 n->nz
[2019-05-08 09:53:20]	部分 m->n
[2019-05-08 09:53:20]	别名 n->nz
[2019-05-08 09:53:20]	和缓 a->ad
[2019-05-08 09:53:20]	按时 d->ad
[2019-05-08 09:53:20]	春分 t->n
[2019-05-08 09:53:20]	知了 n->nz
[2019-05-08 09:53:20]	车次 n->nz
[2019-05-08 09:53:20]	大寒 t->nz
[2019-05-08 09:53:20]	大料 n->nz
[2019-05-08 09:53:20]	当面 d->n
[2019-05-08 09:53:20]	上岸 vi->v
[2019-05-08 09:53:20]	对仗 n->nz
[2019-05-08 09:53:20]	分米 q->qt
[2019-05-08 09:53:20]	副词 n->nz
[2019-05-08 09:53:20]	次要 b->bl
[2019-05-08 09:53:20]	成心 d->v
[2019-05-08 09:53:20]	还账 v->vi
[2019-05-08 09:53:20]	该死 vi->v
[2019-05-08 09:53:20]	长项 n->nz
[2019-05-08 09:53:20]	借条 n->nz
[2019-05-08 09:53:20]	买家 n->nz
[2019-05-08 09:53:20]	天车 n->nz
[2019-05-08 09:53:20]	东家 n->nz
[2019-05-08 09:53:20]	小气 a->ad
[2019-05-08 09:53:20]	小产 v->vi
[2019-05-08 09:53:20]	起名 vi->v
[2019-05-08 09:53:20]	生分 a->ad
[2019-05-08 09:53:20]	上税 v->vi
[2019-05-08 09:53:20]	内蒙古自治区 ns->nz
[2019-05-08 09:53:20]	拟人 n->nz
[2019-05-08 09:53:20]	年岁 n->nl
[2019-05-08 09:53:20]	年事 n->nl
[2019-05-08 09:53:20]	身段 n->nz
[2019-05-08 09:53:20]	凡间 s->n
[2019-05-08 09:53:20]	便是 v->vd
[2019-05-08 09:53:20]	收条 n->nz
[2019-05-08 09:53:20]	禁不起 v->vd
[2019-05-08 09:53:20]	书册 n->nl
[2019-05-08 09:53:20]	水笔 n->nz
[2019-05-08 09:53:20]	时价 n->nl
[2019-05-08 09:53:20]	就义 vi->v
[2019-05-08 09:53:20]	先后 d->ad
[2019-05-08 09:53:20]	想像 v->vd
[2019-05-08 09:53:20]	小寒 t->nz
[2019-05-08 09:53:20]	小满 t->nz
[2019-05-08 09:53:20]	新词 n->nl
[2019-05-08 09:53:20]	往时 t->tg
[2019-05-08 09:53:20]	意旨 n->nl
[2019-05-08 09:53:20]	图章 n->nz
[2019-05-08 09:53:20]	正好 z->tg
[2019-05-08 09:53:20]	正理 n->nl
[2019-05-08 09:53:20]	对证 vn->n
[2019-05-08 09:53:20]	中档 b->nl
[2019-05-08 09:53:20]	我方 r->n
[2019-05-08 09:53:20]	自修 v->vl
[2019-05-08 09:53:20]	才能 n->v
[2019-05-08 09:53:20]	秒钟 n->q
[2019-05-08 09:53:20]	火烧 n->v
[2019-05-08 09:53:20]	大路 n->nz
[2019-05-08 09:53:20]	自力 n->nz
[2019-05-08 09:53:20]	女星 n->nl
[2019-05-08 09:53:20]	申请人 n->nl
[2019-05-08 09:53:20]	美女 n->nl
[2019-05-08 09:53:20]	联系人 n->nl
[2019-05-08 09:53:20]	便条 n->nl
[2019-05-08 09:53:20]	中农 n->nl
[2019-05-08 09:53:20]	人道 n->nl
[2019-05-08 09:53:20]	资本家 n->nl
[2019-05-08 09:53:20]	水车 n->nl
[2019-05-08 09:53:20]	马戏 n->nl
[2019-05-08 09:53:20]	除数 n->nz
[2019-05-08 09:53:20]	周长 n->nz
[2019-05-08 09:53:20]	小数 n->nz
[2019-05-08 09:53:20]	经线 n->nz
[2019-05-08 09:53:20]	副手 n->nz
[2019-05-08 09:53:20]	三角 n->ns
[2019-05-08 09:53:20]	切线 n->nz
[2019-05-08 09:53:20]	本着 p->nl
[2019-05-08 09:53:20]	报到 vi->v
[2019-05-08 09:53:20]	不够 a->n
[2019-05-08 09:53:20]	不满 a->v
[2019-05-08 09:53:20]	不同 a->ad
[2019-05-08 09:53:20]	大使 n->nl
[2019-05-08 09:53:20]	对应 vi->v
[2019-05-08 09:53:20]	海带 n->nl
[2019-05-08 09:53:20]	后天 n->t
[2019-05-08 09:53:20]	回家 vi->v
[2019-05-08 09:53:20]	开关 n->v
[2019-05-08 09:53:20]	完了 vi->n
[2019-05-08 09:53:20]	没用 a->v
[2019-05-08 09:53:20]	难听 a->v
[2019-05-08 09:53:20]	暖和 a->ad
[2019-05-08 09:53:20]	排比 n->nz
[2019-05-08 09:53:20]	前天 n->t
[2019-05-08 09:53:20]	上当 vi->v
[2019-05-08 09:53:20]	受不了 al->n
[2019-05-08 09:53:20]	从而 c->cc
[2019-05-08 09:53:20]	图像 n->nl
[2019-05-08 09:53:20]	脱钩 vi->v
[2019-05-08 09:53:20]	周到 a->an
[2019-05-08 09:53:20]	等同 vd->v
[2019-05-08 09:53:20]	有用 a->n
[2019-05-08 09:53:20]	再见 vi->v
[2019-05-08 09:53:20]	有时候 d->n
[2019-05-08 09:53:20]	由此 d->n
[2019-05-08 09:53:20]	有余 m->v
[2019-05-08 09:53:20]	请愿 vi->vn
[2019-05-08 09:53:20]	内在 b->n
[2019-05-08 09:53:20]	不好 a->n
[2019-05-08 09:53:20]	共命运 vl->nl
[2019-05-08 09:53:20]	小于 nr->v
[2019-05-08 09:53:20]	大人 n->nl
[2019-05-08 09:53:20]	乘法 n->nl
[2019-05-08 09:53:20]	对手 n->nl
[2019-05-08 09:53:20]	对方 n->nl
[2019-05-08 09:53:20]	成人 n->nl
[2019-05-08 09:53:20]	所在 n->nl
[2019-05-08 09:53:20]	全年 n->nl
[2019-05-08 09:53:20]	年轻人 n->nl
[2019-05-08 09:53:20]	双手 n->nl
[2019-05-08 09:53:20]	亮点 n->nl
[2019-05-08 09:53:20]	所长 n->nl
[2019-05-08 09:53:20]	天下 n->nl
[2019-05-08 09:53:20]	先人 n->nl
[2019-05-08 09:53:20]	正常人 n->nl
[2019-05-08 09:53:20]	好人 n->nl
[2019-05-08 09:53:20]	国家队 n->nl
[2019-05-08 09:53:20]	党派 n->nl
[2019-05-08 09:53:20]	乘方 n->nl
[2019-05-08 09:53:20]	嗨 e->nl
[2019-05-08 09:53:20]	个人 n->nl
[2019-05-08 09:53:20]	整年 d->n
[2019-05-08 09:53:20]	有声 b->n
[2019-05-08 09:53:20]	新增 v->n
[2019-05-08 09:53:20]	上册 n->nl
[2019-05-08 09:58:34]	到校 v->n
[2019-05-08 09:58:34]	一对 mq->n
[2019-05-08 09:58:34]	本分 a->n
[2019-05-08 09:58:34]	按时 d->n
[2019-05-08 09:58:34]	一定 b->n
[2019-05-08 09:58:34]	不结盟 vi->n
[2019-05-08 09:58:34]	不是 c->n
[2019-05-08 09:58:34]	不能 v->n
[2019-05-08 09:58:34]	不会 v->n
[2019-05-08 09:58:34]	出血 vi->n
[2019-05-08 09:58:34]	打的 v->n
[2019-05-08 09:58:34]	除外 vi->n
[2019-05-08 09:58:34]	春分 t->n
[2019-05-08 09:58:34]	从宽 d->n
[2019-05-08 09:58:34]	从重 d->n
[2019-05-08 09:58:34]	搭建 v->n
[2019-05-08 09:58:34]	大寒 t->n
[2019-05-08 09:58:34]	当面 d->n
[2019-05-08 09:58:34]	会话 v->n
[2019-05-08 09:58:34]	分米 q->n
[2019-05-08 09:58:34]	次要 b->n
[2019-05-08 09:58:34]	成心 d->n
[2019-05-08 09:58:34]	一齐 d->n
[2019-05-08 09:58:34]	还账 v->n
[2019-05-08 09:58:34]	不准 v->n
[2019-05-08 09:58:34]	看不起 v->n
[2019-05-08 09:58:34]	看得起 v->n
[2019-05-08 09:58:34]	小产 v->n
[2019-05-08 09:58:34]	天天 d->n
[2019-05-08 09:58:34]	起名 vi->n
[2019-05-08 09:58:34]	上税 v->n
[2019-05-08 09:58:34]	他俩 r->n
[2019-05-08 09:58:34]	千米 q->n
[2019-05-08 09:58:34]	是不是 v->n
[2019-05-08 09:58:34]	禁不起 v->n
[2019-05-08 09:58:34]	先后 d->n
[2019-05-08 09:58:34]	小便 v->n
[2019-05-08 09:58:34]	小满 t->n
[2019-05-08 09:58:34]	吃药 v->n
[2019-05-08 09:58:34]	一元 b->n
[2019-05-08 09:58:34]	正好 z->n
[2019-05-08 09:58:34]	对证 vn->n
[2019-05-08 09:58:34]	中档 b->n
[2019-05-08 09:58:34]	自修 v->n
[2019-05-08 09:58:34]	到底 d->n
[2019-05-08 09:58:34]	和缓 a->n
[2019-05-08 09:58:34]	人为 b->n
[2019-05-08 09:58:34]	长达 v->n
[2019-05-08 09:58:34]	上流 b->n
[2019-05-08 09:58:34]	喜好 an->n
[2019-05-08 09:58:34]	从中 d->n
[2019-05-08 09:58:34]	各人 rr->n
[2019-05-08 09:58:34]	中选 vi->n
[2019-05-08 09:58:34]	各处 rzs->n
[2019-05-08 09:58:34]	四处 d->n
[2019-05-08 09:58:34]	上岸 vi->n
[2019-05-08 09:58:34]	拨打 v->n
[2019-05-08 09:58:34]	大跌 v->n
[2019-05-08 09:58:34]	好多 m->n
[2019-05-08 09:58:34]	下学 v->n
[2019-05-08 09:58:34]	不合 v->n
[2019-05-08 09:58:34]	高等 b->n
[2019-05-08 09:58:34]	老大 a->n
[2019-05-08 09:58:34]	还给 v->n
[2019-05-08 09:58:34]	对等 vi->n
[2019-05-08 09:58:34]	有心 v->n
[2019-05-08 09:58:34]	真的 a->n
[2019-05-08 09:58:34]	大喊 v->n
[2019-05-08 09:58:34]	总会 d->n
[2019-05-08 09:58:34]	该死 vi->n
[2019-05-08 09:58:34]	一口气 d->n
[2019-05-08 09:58:34]	小气 a->n
[2019-05-08 09:58:34]	论说 vn->n
[2019-05-08 09:58:34]	中意 a->n
[2019-05-08 09:58:34]	生分 a->n
[2019-05-08 09:58:34]	内蒙古自治区 ns->n
[2019-05-08 09:58:34]	年间 f->n
[2019-05-08 09:58:34]	和暖 a->n
[2019-05-08 09:58:34]	省钱 a->n
[2019-05-08 09:58:34]	单方面 b->n
[2019-05-08 09:58:34]	早起 vi->n
[2019-05-08 09:58:34]	签定 v->n
[2019-05-08 09:58:34]	凡间 s->n
[2019-05-08 09:58:34]	就是 c->n
[2019-05-08 09:58:34]	便是 v->n
[2019-05-08 09:58:34]	国都 d->n
[2019-05-08 09:58:34]	首次 m->n
[2019-05-08 09:58:34]	睡着 v->n
[2019-05-08 09:58:34]	了得 a->n
[2019-05-08 09:58:34]	西藏自治区 ns->n
[2019-05-08 09:58:34]	想像 v->n
[2019-05-08 09:58:34]	好在 d->n
[2019-05-08 09:58:34]	往时 t->n
[2019-05-08 09:58:34]	争抢 v->n
[2019-05-08 09:58:34]	正在 d->n
[2019-05-08 09:58:34]	我方 r->n
[2019-05-08 09:58:34]	多功能 b->n
[2019-05-08 09:58:34]	黑白 b->n
[2019-05-08 09:58:34]	南北 f->n
[2019-05-08 09:58:34]	干什么 r->n
[2019-05-08 09:58:34]	不断 d->n
[2019-05-08 09:58:34]	同呼吸 vl->n
[2019-05-08 09:58:34]	日间 t->n
[2019-05-08 09:58:34]	还是 c->n
[2019-05-08 09:58:34]	有点 d->n
[2019-05-08 09:58:34]	下流 a->n
[2019-05-08 09:58:34]	怎么办 ryv->n
[2019-05-08 09:58:34]	您好 nl->n
[2019-05-08 09:58:34]	你好 vl->n
[2019-05-08 09:58:34]	交售 v->n
[2019-05-08 09:58:34]	找到 v->n
[2019-05-08 09:58:34]	从来 d->n
[2019-05-08 09:58:34]	约分 v->n
[2019-05-08 09:58:34]	正数 v->n
[2019-05-08 09:58:34]	他人 rr->n
[2019-05-08 09:58:34]	不论 c->n
[2019-05-08 09:58:34]	不管 c->n
[2019-05-08 09:58:34]	出事 vi->n
[2019-05-08 09:58:34]	从此 d->n
[2019-05-08 09:58:34]	当时 t->n
[2019-05-08 09:58:34]	对话 vi->n
[2019-05-08 09:58:34]	吃饭 vi->n
[2019-05-08 09:58:34]	更新 v->n
[2019-05-08 09:58:34]	讲课 vi->n
[2019-05-08 09:58:34]	尽心 a->n
[2019-05-08 09:58:34]	立方 q->n
[2019-05-08 09:58:34]	没关系 vl->n
[2019-05-08 09:58:34]	遍地 vd->n
[2019-05-08 09:58:34]	开车 vi->n
[2019-05-08 09:58:34]	因此 c->n
[2019-05-08 09:58:34]	将来 t->n
[2019-05-08 09:58:34]	以前 f->n
[2019-05-08 09:58:34]	先前 t->n
[2019-05-08 09:58:34]	早上 t->n
[2019-05-08 09:58:34]	正月 t->n
[2019-05-08 09:58:34]	难看 a->n
[2019-05-08 09:58:34]	对头 a->n
[2019-05-08 09:58:34]	正当 a->n
[2019-05-08 09:58:34]	不容 v->n
[2019-05-08 09:58:34]	出手 vi->n
[2019-05-08 09:58:34]	着手 v->n
[2019-05-08 09:58:34]	不错 a->n
[2019-05-08 09:58:34]	不便 a->n
[2019-05-08 09:58:34]	得手 a->n
[2019-05-08 09:58:34]	说话 vi->n
[2019-05-08 09:58:34]	特等 b->n
[2019-05-08 09:58:34]	住手 vi->n
[2019-05-08 09:58:34]	共事 vi->n
[2019-05-08 09:58:34]	从前 t->n
[2019-05-08 09:58:34]	已往 t->n
[2019-05-08 09:58:34]	低下 a->n
[2019-05-08 09:58:34]	当中 f->n
[2019-05-08 09:58:34]	不易 a->n
[2019-05-08 09:58:34]	不可 d->n
[2019-05-08 09:58:34]	至此 d->n
[2019-05-08 09:58:34]	不顾 v->n
[2019-05-08 09:58:34]	正派 a->n
[2019-05-08 09:58:34]	不然 a->n
[2019-05-08 09:58:34]	某人 rr->n
[2019-05-08 09:58:34]	一角 n->v
[2019-05-08 09:58:34]	除外 vi->v
[2019-05-08 09:58:34]	爱人 n->nz
[2019-05-08 09:58:34]	把手 n->nz
[2019-05-08 09:58:34]	靠山 n->nz
[2019-05-08 09:58:34]	不行 a->v
[2019-05-08 09:58:34]	不能 v->vi
[2019-05-08 09:58:34]	不会 v->vi
[2019-05-08 09:58:34]	车号 n->nz
[2019-05-08 09:58:34]	同党 n->nz
[2019-05-08 09:58:34]	打的 v->vi
[2019-05-08 09:58:34]	除法 n->nz
[2019-05-08 09:58:34]	从重 d->v
[2019-05-08 09:58:34]	搭建 v->vd
[2019-05-08 09:58:34]	四处 d->vi
[2019-05-08 09:58:34]	拨打 v->vd
[2019-05-08 09:58:34]	大跌 v->vn
[2019-05-08 09:58:34]	会话 v->vn
[2019-05-08 09:58:34]	要领 n->nz
[2019-05-08 09:58:34]	下学 v->vd
[2019-05-08 09:58:34]	分号 n->nz
[2019-05-08 09:58:34]	不合 v->n
[2019-05-08 09:58:34]	高等 b->a
[2019-05-08 09:58:34]	还给 v->vd
[2019-05-08 09:58:34]	有心 v->vd
[2019-05-08 09:58:34]	说法 n->nz
[2019-05-08 09:58:34]	大喊 v->vd
[2019-05-08 09:58:34]	好多 m->a
[2019-05-08 09:58:34]	大奖 n->nz
[2019-05-08 09:58:34]	无礼 a->ad
[2019-05-08 09:58:34]	看不起 v->vn
[2019-05-08 09:58:34]	看得起 v->vn
[2019-05-08 09:58:34]	理事 n->nz
[2019-05-08 09:58:34]	本心 n->nl
[2019-05-08 09:58:34]	论说 vn->vl
[2019-05-08 09:58:34]	他俩 r->n
[2019-05-08 09:58:34]	江米 n->nz
[2019-05-08 09:58:34]	千米 q->qv
[2019-05-08 09:58:34]	签定 v->vn
[2019-05-08 09:58:34]	好天 n->nz
[2019-05-08 09:58:34]	日食 n->nz
[2019-05-08 09:58:34]	是不是 v->vd
[2019-05-08 09:58:34]	手指 n->nz
[2019-05-08 09:58:34]	睡着 v->vd
[2019-05-08 09:58:34]	大小 n->nz
[2019-05-08 09:58:34]	了得 a->ad
[2019-05-08 09:58:34]	问号 n->nz
[2019-05-08 09:58:34]	西藏自治区 ns->nz
[2019-05-08 09:58:34]	小便 v->vi
[2019-05-08 09:58:34]	好在 d->v
[2019-05-08 09:58:34]	双眼 n->nz
[2019-05-08 09:58:34]	一元 b->nz
[2019-05-08 09:58:34]	引号 n->nz
[2019-05-08 09:58:34]	像片 n->nz
[2019-05-08 09:58:34]	争抢 v->vd
[2019-05-08 09:58:34]	小我 n->nz
[2019-05-08 09:58:34]	文字 n->nz
[2019-05-08 09:58:34]	部分 m->n
[2019-05-08 09:58:34]	别名 n->nz
[2019-05-08 09:58:34]	和缓 a->ad
[2019-05-08 09:58:34]	按时 d->ad
[2019-05-08 09:58:34]	春分 t->n
[2019-05-08 09:58:34]	知了 n->nz
[2019-05-08 09:58:34]	车次 n->nz
[2019-05-08 09:58:34]	大寒 t->nz
[2019-05-08 09:58:34]	大料 n->nz
[2019-05-08 09:58:34]	当面 d->n
[2019-05-08 09:58:34]	上岸 vi->v
[2019-05-08 09:58:34]	对仗 n->nz
[2019-05-08 09:58:34]	分米 q->qt
[2019-05-08 09:58:34]	副词 n->nz
[2019-05-08 09:58:34]	次要 b->bl
[2019-05-08 09:58:34]	成心 d->v
[2019-05-08 09:58:34]	还账 v->vi
[2019-05-08 09:58:34]	该死 vi->v
[2019-05-08 09:58:34]	长项 n->nz
[2019-05-08 09:58:34]	借条 n->nz
[2019-05-08 09:58:34]	买家 n->nz
[2019-05-08 09:58:34]	天车 n->nz
[2019-05-08 09:58:34]	东家 n->nz
[2019-05-08 09:58:34]	小气 a->ad
[2019-05-08 09:58:34]	小产 v->vi
[2019-05-08 09:58:34]	起名 vi->v
[2019-05-08 09:58:34]	生分 a->ad
[2019-05-08 09:58:34]	上税 v->vi
[2019-05-08 09:58:34]	内蒙古自治区 ns->nz
[2019-05-08 09:58:34]	拟人 n->nz
[2019-05-08 09:58:34]	年岁 n->nl
[2019-05-08 09:58:34]	年事 n->nl
[2019-05-08 09:58:34]	身段 n->nz
[2019-05-08 09:58:34]	凡间 s->n
[2019-05-08 09:58:34]	便是 v->vd
[2019-05-08 09:58:34]	收条 n->nz
[2019-05-08 09:58:34]	禁不起 v->vd
[2019-05-08 09:58:34]	书册 n->nl
[2019-05-08 09:58:34]	水笔 n->nz
[2019-05-08 09:58:34]	时价 n->nl
[2019-05-08 09:58:34]	就义 vi->v
[2019-05-08 09:58:34]	先后 d->ad
[2019-05-08 09:58:34]	想像 v->vd
[2019-05-08 09:58:34]	小寒 t->nz
[2019-05-08 09:58:34]	小满 t->nz
[2019-05-08 09:58:34]	新词 n->nl
[2019-05-08 09:58:34]	往时 t->tg
[2019-05-08 09:58:34]	意旨 n->nl
[2019-05-08 09:58:34]	图章 n->nz
[2019-05-08 09:58:34]	正好 z->tg
[2019-05-08 09:58:34]	正理 n->nl
[2019-05-08 09:58:34]	对证 vn->n
[2019-05-08 09:58:34]	中档 b->nl
[2019-05-08 09:58:34]	我方 r->n
[2019-05-08 09:58:34]	自修 v->vl
[2019-05-08 09:58:34]	才能 n->v
[2019-05-08 09:58:34]	秒钟 n->q
[2019-05-08 09:58:34]	火烧 n->v
[2019-05-08 09:58:34]	大路 n->nz
[2019-05-08 09:58:34]	自力 n->nz
[2019-05-08 09:58:34]	女星 n->nl
[2019-05-08 09:58:34]	申请人 n->nl
[2019-05-08 09:58:34]	美女 n->nl
[2019-05-08 09:58:34]	联系人 n->nl
[2019-05-08 09:58:34]	便条 n->nl
[2019-05-08 09:58:34]	中农 n->nl
[2019-05-08 09:58:34]	人道 n->nl
[2019-05-08 09:58:34]	资本家 n->nl
[2019-05-08 09:58:34]	水车 n->nl
[2019-05-08 09:58:34]	马戏 n->nl
[2019-05-08 09:58:34]	除数 n->nz
[2019-05-08 09:58:34]	周长 n->nz
[2019-05-08 09:58:34]	小数 n->nz
[2019-05-08 09:58:34]	经线 n->nz
[2019-05-08 09:58:34]	副手 n->nz
[2019-05-08 09:58:34]	三角 n->ns
[2019-05-08 09:58:34]	切线 n->nz
[2019-05-08 09:58:34]	本着 p->nl
[2019-05-08 09:58:34]	报到 vi->v
[2019-05-08 09:58:34]	不够 a->n
[2019-05-08 09:58:34]	不满 a->v
[2019-05-08 09:58:34]	不同 a->ad
[2019-05-08 09:58:34]	大使 n->nl
[2019-05-08 09:58:34]	对应 vi->v
[2019-05-08 09:58:34]	海带 n->nl
[2019-05-08 09:58:34]	后天 n->t
[2019-05-08 09:58:34]	回家 vi->v
[2019-05-08 09:58:34]	开关 n->v
[2019-05-08 09:58:34]	完了 vi->n
[2019-05-08 09:58:34]	没用 a->v
[2019-05-08 09:58:34]	难听 a->v
[2019-05-08 09:58:34]	暖和 a->ad
[2019-05-08 09:58:34]	排比 n->nz
[2019-05-08 09:58:34]	前天 n->t
[2019-05-08 09:58:34]	上当 vi->v
[2019-05-08 09:58:34]	受不了 al->n
[2019-05-08 09:58:34]	从而 c->cc
[2019-05-08 09:58:34]	图像 n->nl
[2019-05-08 09:58:34]	脱钩 vi->v
[2019-05-08 09:58:34]	周到 a->an
[2019-05-08 09:58:34]	等同 vd->v
[2019-05-08 09:58:34]	有用 a->n
[2019-05-08 09:58:34]	再见 vi->v
[2019-05-08 09:58:34]	有时候 d->n
[2019-05-08 09:58:34]	由此 d->n
[2019-05-08 09:58:34]	有余 m->v
[2019-05-08 09:58:34]	请愿 vi->vn
[2019-05-08 09:58:34]	内在 b->n
[2019-05-08 09:58:34]	不好 a->n
[2019-05-08 09:58:34]	共命运 vl->nl
[2019-05-08 09:58:34]	小于 nr->v
[2019-05-08 09:58:34]	大人 n->nl
[2019-05-08 09:58:34]	乘法 n->nl
[2019-05-08 09:58:34]	对手 n->nl
[2019-05-08 09:58:34]	对方 n->nl
[2019-05-08 09:58:34]	成人 n->nl
[2019-05-08 09:58:34]	所在 n->nl
[2019-05-08 09:58:34]	全年 n->nl
[2019-05-08 09:58:34]	年轻人 n->nl
[2019-05-08 09:58:34]	双手 n->nl
[2019-05-08 09:58:34]	亮点 n->nl
[2019-05-08 09:58:34]	所长 n->nl
[2019-05-08 09:58:34]	天下 n->nl
[2019-05-08 09:58:34]	先人 n->nl
[2019-05-08 09:58:34]	正常人 n->nl
[2019-05-08 09:58:34]	好人 n->nl
[2019-05-08 09:58:34]	国家队 n->nl
[2019-05-08 09:58:34]	党派 n->nl
[2019-05-08 09:58:34]	乘方 n->nl
[2019-05-08 09:58:34]	嗨 e->nl
[2019-05-08 09:58:34]	个人 n->nl
[2019-05-08 09:58:34]	整年 d->n
[2019-05-08 09:58:34]	有声 b->n
[2019-05-08 09:58:34]	新增 v->n
[2019-05-08 09:58:34]	上册 n->nl
[2019-05-08 09:59:12]	到校 v->n
[2019-05-08 09:59:12]	一对 mq->n
[2019-05-08 09:59:12]	本分 a->n
[2019-05-08 09:59:12]	按时 d->n
[2019-05-08 09:59:12]	一定 b->n
[2019-05-08 09:59:12]	不结盟 vi->n
[2019-05-08 09:59:12]	不是 c->n
[2019-05-08 09:59:12]	不能 v->n
[2019-05-08 09:59:12]	不会 v->n
[2019-05-08 09:59:12]	出血 vi->n
[2019-05-08 09:59:12]	打的 v->n
[2019-05-08 09:59:12]	除外 vi->n
[2019-05-08 09:59:12]	春分 t->n
[2019-05-08 09:59:12]	从宽 d->n
[2019-05-08 09:59:12]	从重 d->n
[2019-05-08 09:59:12]	搭建 v->n
[2019-05-08 09:59:12]	大寒 t->n
[2019-05-08 09:59:12]	当面 d->n
[2019-05-08 09:59:12]	会话 v->n
[2019-05-08 09:59:12]	分米 q->n
[2019-05-08 09:59:12]	次要 b->n
[2019-05-08 09:59:12]	成心 d->n
[2019-05-08 09:59:12]	一齐 d->n
[2019-05-08 09:59:12]	还账 v->n
[2019-05-08 09:59:12]	不准 v->n
[2019-05-08 09:59:12]	看不起 v->n
[2019-05-08 09:59:12]	看得起 v->n
[2019-05-08 09:59:12]	小产 v->n
[2019-05-08 09:59:12]	天天 d->n
[2019-05-08 09:59:12]	起名 vi->n
[2019-05-08 09:59:12]	上税 v->n
[2019-05-08 09:59:12]	他俩 r->n
[2019-05-08 09:59:12]	千米 q->n
[2019-05-08 09:59:12]	是不是 v->n
[2019-05-08 09:59:12]	禁不起 v->n
[2019-05-08 09:59:12]	先后 d->n
[2019-05-08 09:59:12]	小便 v->n
[2019-05-08 09:59:12]	小满 t->n
[2019-05-08 09:59:12]	吃药 v->n
[2019-05-08 09:59:12]	一元 b->n
[2019-05-08 09:59:12]	正好 z->n
[2019-05-08 09:59:12]	对证 vn->n
[2019-05-08 09:59:12]	中档 b->n
[2019-05-08 09:59:12]	自修 v->n
[2019-05-08 09:59:12]	到底 d->n
[2019-05-08 09:59:12]	和缓 a->n
[2019-05-08 09:59:12]	人为 b->n
[2019-05-08 09:59:12]	长达 v->n
[2019-05-08 09:59:12]	上流 b->n
[2019-05-08 09:59:12]	喜好 an->n
[2019-05-08 09:59:12]	从中 d->n
[2019-05-08 09:59:12]	各人 rr->n
[2019-05-08 09:59:12]	中选 vi->n
[2019-05-08 09:59:12]	各处 rzs->n
[2019-05-08 09:59:12]	四处 d->n
[2019-05-08 09:59:12]	上岸 vi->n
[2019-05-08 09:59:12]	拨打 v->n
[2019-05-08 09:59:12]	大跌 v->n
[2019-05-08 09:59:12]	好多 m->n
[2019-05-08 09:59:12]	下学 v->n
[2019-05-08 09:59:12]	不合 v->n
[2019-05-08 09:59:12]	高等 b->n
[2019-05-08 09:59:12]	老大 a->n
[2019-05-08 09:59:12]	还给 v->n
[2019-05-08 09:59:12]	对等 vi->n
[2019-05-08 09:59:12]	有心 v->n
[2019-05-08 09:59:12]	真的 a->n
[2019-05-08 09:59:12]	大喊 v->n
[2019-05-08 09:59:12]	总会 d->n
[2019-05-08 09:59:12]	该死 vi->n
[2019-05-08 09:59:12]	一口气 d->n
[2019-05-08 09:59:12]	小气 a->n
[2019-05-08 09:59:12]	论说 vn->n
[2019-05-08 09:59:12]	中意 a->n
[2019-05-08 09:59:12]	生分 a->n
[2019-05-08 09:59:12]	内蒙古自治区 ns->n
[2019-05-08 09:59:12]	年间 f->n
[2019-05-08 09:59:12]	和暖 a->n
[2019-05-08 09:59:12]	省钱 a->n
[2019-05-08 09:59:12]	单方面 b->n
[2019-05-08 09:59:12]	早起 vi->n
[2019-05-08 09:59:12]	签定 v->n
[2019-05-08 09:59:12]	凡间 s->n
[2019-05-08 09:59:12]	就是 c->n
[2019-05-08 09:59:12]	便是 v->n
[2019-05-08 09:59:12]	国都 d->n
[2019-05-08 09:59:12]	首次 m->n
[2019-05-08 09:59:12]	睡着 v->n
[2019-05-08 09:59:12]	了得 a->n
[2019-05-08 09:59:12]	西藏自治区 ns->n
[2019-05-08 09:59:12]	想像 v->n
[2019-05-08 09:59:12]	好在 d->n
[2019-05-08 09:59:12]	往时 t->n
[2019-05-08 09:59:12]	争抢 v->n
[2019-05-08 09:59:12]	正在 d->n
[2019-05-08 09:59:12]	我方 r->n
[2019-05-08 09:59:12]	多功能 b->n
[2019-05-08 09:59:12]	黑白 b->n
[2019-05-08 09:59:12]	南北 f->n
[2019-05-08 09:59:12]	干什么 r->n
[2019-05-08 09:59:12]	不断 d->n
[2019-05-08 09:59:12]	同呼吸 vl->n
[2019-05-08 09:59:12]	日间 t->n
[2019-05-08 09:59:12]	还是 c->n
[2019-05-08 09:59:12]	有点 d->n
[2019-05-08 09:59:12]	下流 a->n
[2019-05-08 09:59:12]	怎么办 ryv->n
[2019-05-08 09:59:12]	您好 nl->n
[2019-05-08 09:59:12]	你好 vl->n
[2019-05-08 09:59:12]	交售 v->n
[2019-05-08 09:59:12]	找到 v->n
[2019-05-08 09:59:12]	从来 d->n
[2019-05-08 09:59:12]	约分 v->n
[2019-05-08 09:59:12]	正数 v->n
[2019-05-08 09:59:12]	他人 rr->n
[2019-05-08 09:59:12]	不论 c->n
[2019-05-08 09:59:12]	不管 c->n
[2019-05-08 09:59:12]	出事 vi->n
[2019-05-08 09:59:12]	从此 d->n
[2019-05-08 09:59:12]	当时 t->n
[2019-05-08 09:59:12]	对话 vi->n
[2019-05-08 09:59:12]	吃饭 vi->n
[2019-05-08 09:59:12]	更新 v->n
[2019-05-08 09:59:12]	讲课 vi->n
[2019-05-08 09:59:12]	尽心 a->n
[2019-05-08 09:59:12]	立方 q->n
[2019-05-08 09:59:12]	没关系 vl->n
[2019-05-08 09:59:12]	遍地 vd->n
[2019-05-08 09:59:12]	开车 vi->n
[2019-05-08 09:59:12]	因此 c->n
[2019-05-08 09:59:12]	将来 t->n
[2019-05-08 09:59:12]	以前 f->n
[2019-05-08 09:59:12]	先前 t->n
[2019-05-08 09:59:12]	早上 t->n
[2019-05-08 09:59:12]	正月 t->n
[2019-05-08 09:59:12]	难看 a->n
[2019-05-08 09:59:12]	对头 a->n
[2019-05-08 09:59:12]	正当 a->n
[2019-05-08 09:59:12]	不容 v->n
[2019-05-08 09:59:12]	出手 vi->n
[2019-05-08 09:59:12]	着手 v->n
[2019-05-08 09:59:12]	不错 a->n
[2019-05-08 09:59:12]	不便 a->n
[2019-05-08 09:59:12]	得手 a->n
[2019-05-08 09:59:12]	说话 vi->n
[2019-05-08 09:59:12]	特等 b->n
[2019-05-08 09:59:12]	住手 vi->n
[2019-05-08 09:59:12]	共事 vi->n
[2019-05-08 09:59:12]	从前 t->n
[2019-05-08 09:59:12]	已往 t->n
[2019-05-08 09:59:12]	低下 a->n
[2019-05-08 09:59:12]	当中 f->n
[2019-05-08 09:59:12]	不易 a->n
[2019-05-08 09:59:12]	不可 d->n
[2019-05-08 09:59:12]	至此 d->n
[2019-05-08 09:59:12]	不顾 v->n
[2019-05-08 09:59:12]	正派 a->n
[2019-05-08 09:59:12]	不然 a->n
[2019-05-08 09:59:12]	某人 rr->n
[2019-05-08 09:59:12]	一角 n->v
[2019-05-08 09:59:12]	除外 vi->v
[2019-05-08 09:59:12]	爱人 n->nz
[2019-05-08 09:59:12]	把手 n->nz
[2019-05-08 09:59:12]	靠山 n->nz
[2019-05-08 09:59:12]	不行 a->v
[2019-05-08 09:59:12]	不能 v->vi
[2019-05-08 09:59:12]	不会 v->vi
[2019-05-08 09:59:12]	车号 n->nz
[2019-05-08 09:59:12]	同党 n->nz
[2019-05-08 09:59:12]	打的 v->vi
[2019-05-08 09:59:12]	除法 n->nz
[2019-05-08 09:59:12]	从重 d->v
[2019-05-08 09:59:12]	搭建 v->vd
[2019-05-08 09:59:12]	四处 d->vi
[2019-05-08 09:59:12]	拨打 v->vd
[2019-05-08 09:59:12]	大跌 v->vn
[2019-05-08 09:59:12]	会话 v->vn
[2019-05-08 09:59:12]	要领 n->nz
[2019-05-08 09:59:12]	下学 v->vd
[2019-05-08 09:59:12]	分号 n->nz
[2019-05-08 09:59:12]	不合 v->n
[2019-05-08 09:59:12]	高等 b->a
[2019-05-08 09:59:12]	还给 v->vd
[2019-05-08 09:59:12]	有心 v->vd
[2019-05-08 09:59:12]	说法 n->nz
[2019-05-08 09:59:12]	大喊 v->vd
[2019-05-08 09:59:12]	好多 m->a
[2019-05-08 09:59:12]	大奖 n->nz
[2019-05-08 09:59:12]	无礼 a->ad
[2019-05-08 09:59:12]	看不起 v->vn
[2019-05-08 09:59:12]	看得起 v->vn
[2019-05-08 09:59:12]	理事 n->nz
[2019-05-08 09:59:12]	本心 n->nl
[2019-05-08 09:59:12]	论说 vn->vl
[2019-05-08 09:59:12]	他俩 r->n
[2019-05-08 09:59:12]	江米 n->nz
[2019-05-08 09:59:12]	千米 q->qv
[2019-05-08 09:59:12]	签定 v->vn
[2019-05-08 09:59:12]	好天 n->nz
[2019-05-08 09:59:12]	日食 n->nz
[2019-05-08 09:59:12]	是不是 v->vd
[2019-05-08 09:59:12]	手指 n->nz
[2019-05-08 09:59:12]	睡着 v->vd
[2019-05-08 09:59:12]	大小 n->nz
[2019-05-08 09:59:12]	了得 a->ad
[2019-05-08 09:59:12]	问号 n->nz
[2019-05-08 09:59:12]	西藏自治区 ns->nz
[2019-05-08 09:59:12]	小便 v->vi
[2019-05-08 09:59:12]	好在 d->v
[2019-05-08 09:59:12]	双眼 n->nz
[2019-05-08 09:59:12]	一元 b->nz
[2019-05-08 09:59:12]	引号 n->nz
[2019-05-08 09:59:12]	像片 n->nz
[2019-05-08 09:59:12]	争抢 v->vd
[2019-05-08 09:59:12]	小我 n->nz
[2019-05-08 09:59:12]	文字 n->nz
[2019-05-08 09:59:12]	部分 m->n
[2019-05-08 09:59:12]	别名 n->nz
[2019-05-08 09:59:12]	和缓 a->ad
[2019-05-08 09:59:12]	按时 d->ad
[2019-05-08 09:59:12]	春分 t->n
[2019-05-08 09:59:12]	知了 n->nz
[2019-05-08 09:59:12]	车次 n->nz
[2019-05-08 09:59:12]	大寒 t->nz
[2019-05-08 09:59:12]	大料 n->nz
[2019-05-08 09:59:12]	当面 d->n
[2019-05-08 09:59:12]	上岸 vi->v
[2019-05-08 09:59:12]	对仗 n->nz
[2019-05-08 09:59:12]	分米 q->qt
[2019-05-08 09:59:12]	副词 n->nz
[2019-05-08 09:59:12]	次要 b->bl
[2019-05-08 09:59:12]	成心 d->v
[2019-05-08 09:59:12]	还账 v->vi
[2019-05-08 09:59:12]	该死 vi->v
[2019-05-08 09:59:12]	长项 n->nz
[2019-05-08 09:59:12]	借条 n->nz
[2019-05-08 09:59:12]	买家 n->nz
[2019-05-08 09:59:12]	天车 n->nz
[2019-05-08 09:59:12]	东家 n->nz
[2019-05-08 09:59:12]	小气 a->ad
[2019-05-08 09:59:12]	小产 v->vi
[2019-05-08 09:59:12]	起名 vi->v
[2019-05-08 09:59:12]	生分 a->ad
[2019-05-08 09:59:12]	上税 v->vi
[2019-05-08 09:59:12]	内蒙古自治区 ns->nz
[2019-05-08 09:59:12]	拟人 n->nz
[2019-05-08 09:59:12]	年岁 n->nl
[2019-05-08 09:59:12]	年事 n->nl
[2019-05-08 09:59:12]	身段 n->nz
[2019-05-08 09:59:12]	凡间 s->n
[2019-05-08 09:59:12]	便是 v->vd
[2019-05-08 09:59:12]	收条 n->nz
[2019-05-08 09:59:12]	禁不起 v->vd
[2019-05-08 09:59:12]	书册 n->nl
[2019-05-08 09:59:12]	水笔 n->nz
[2019-05-08 09:59:12]	时价 n->nl
[2019-05-08 09:59:12]	就义 vi->v
[2019-05-08 09:59:12]	先后 d->ad
[2019-05-08 09:59:12]	想像 v->vd
[2019-05-08 09:59:12]	小寒 t->nz
[2019-05-08 09:59:12]	小满 t->nz
[2019-05-08 09:59:12]	新词 n->nl
[2019-05-08 09:59:12]	往时 t->tg
[2019-05-08 09:59:12]	意旨 n->nl
[2019-05-08 09:59:12]	图章 n->nz
[2019-05-08 09:59:12]	正好 z->tg
[2019-05-08 09:59:12]	正理 n->nl
[2019-05-08 09:59:12]	对证 vn->n
[2019-05-08 09:59:12]	中档 b->nl
[2019-05-08 09:59:12]	我方 r->n
[2019-05-08 09:59:12]	自修 v->vl
[2019-05-08 09:59:12]	才能 n->v
[2019-05-08 09:59:12]	秒钟 n->q
[2019-05-08 09:59:12]	火烧 n->v
[2019-05-08 09:59:12]	大路 n->nz
[2019-05-08 09:59:12]	自力 n->nz
[2019-05-08 09:59:12]	女星 n->nl
[2019-05-08 09:59:12]	申请人 n->nl
[2019-05-08 09:59:12]	美女 n->nl
[2019-05-08 09:59:12]	联系人 n->nl
[2019-05-08 09:59:12]	便条 n->nl
[2019-05-08 09:59:12]	中农 n->nl
[2019-05-08 09:59:12]	人道 n->nl
[2019-05-08 09:59:12]	资本家 n->nl
[2019-05-08 09:59:12]	水车 n->nl
[2019-05-08 09:59:12]	马戏 n->nl
[2019-05-08 09:59:12]	除数 n->nz
[2019-05-08 09:59:12]	周长 n->nz
[2019-05-08 09:59:12]	小数 n->nz
[2019-05-08 09:59:12]	经线 n->nz
[2019-05-08 09:59:12]	副手 n->nz
[2019-05-08 09:59:12]	三角 n->ns
[2019-05-08 09:59:12]	切线 n->nz
[2019-05-08 09:59:12]	本着 p->nl
[2019-05-08 09:59:12]	报到 vi->v
[2019-05-08 09:59:12]	不够 a->n
[2019-05-08 09:59:12]	不满 a->v
[2019-05-08 09:59:12]	不同 a->ad
[2019-05-08 09:59:12]	大使 n->nl
[2019-05-08 09:59:12]	对应 vi->v
[2019-05-08 09:59:12]	海带 n->nl
[2019-05-08 09:59:12]	后天 n->t
[2019-05-08 09:59:12]	回家 vi->v
[2019-05-08 09:59:12]	开关 n->v
[2019-05-08 09:59:12]	完了 vi->n
[2019-05-08 09:59:12]	没用 a->v
[2019-05-08 09:59:12]	难听 a->v
[2019-05-08 09:59:12]	暖和 a->ad
[2019-05-08 09:59:12]	排比 n->nz
[2019-05-08 09:59:12]	前天 n->t
[2019-05-08 09:59:12]	上当 vi->v
[2019-05-08 09:59:12]	受不了 al->n
[2019-05-08 09:59:12]	从而 c->cc
[2019-05-08 09:59:12]	图像 n->nl
[2019-05-08 09:59:12]	脱钩 vi->v
[2019-05-08 09:59:12]	周到 a->an
[2019-05-08 09:59:12]	等同 vd->v
[2019-05-08 09:59:12]	有用 a->n
[2019-05-08 09:59:12]	再见 vi->v
[2019-05-08 09:59:12]	有时候 d->n
[2019-05-08 09:59:12]	由此 d->n
[2019-05-08 09:59:12]	有余 m->v
[2019-05-08 09:59:12]	请愿 vi->vn
[2019-05-08 09:59:12]	内在 b->n
[2019-05-08 09:59:12]	不好 a->n
[2019-05-08 09:59:12]	共命运 vl->nl
[2019-05-08 09:59:12]	小于 nr->v
[2019-05-08 09:59:12]	大人 n->nl
[2019-05-08 09:59:12]	乘法 n->nl
[2019-05-08 09:59:12]	对手 n->nl
[2019-05-08 09:59:12]	对方 n->nl
[2019-05-08 09:59:12]	成人 n->nl
[2019-05-08 09:59:12]	所在 n->nl
[2019-05-08 09:59:12]	全年 n->nl
[2019-05-08 09:59:12]	年轻人 n->nl
[2019-05-08 09:59:12]	双手 n->nl
[2019-05-08 09:59:12]	亮点 n->nl
[2019-05-08 09:59:12]	所长 n->nl
[2019-05-08 09:59:12]	天下 n->nl
[2019-05-08 09:59:12]	先人 n->nl
[2019-05-08 09:59:12]	正常人 n->nl
[2019-05-08 09:59:12]	好人 n->nl
[2019-05-08 09:59:12]	国家队 n->nl
[2019-05-08 09:59:12]	党派 n->nl
[2019-05-08 09:59:12]	乘方 n->nl
[2019-05-08 09:59:12]	嗨 e->nl
[2019-05-08 09:59:12]	个人 n->nl
[2019-05-08 09:59:12]	整年 d->n
[2019-05-08 09:59:12]	有声 b->n
[2019-05-08 09:59:12]	新增 v->n
[2019-05-08 09:59:12]	上册 n->nl
[2019-05-08 09:59:20]	到校 v->n
[2019-05-08 09:59:20]	一对 mq->n
[2019-05-08 09:59:20]	本分 a->n
[2019-05-08 09:59:20]	按时 d->n
[2019-05-08 09:59:20]	一定 b->n
[2019-05-08 09:59:20]	不结盟 vi->n
[2019-05-08 09:59:20]	不是 c->n
[2019-05-08 09:59:20]	不能 v->n
[2019-05-08 09:59:20]	不会 v->n
[2019-05-08 09:59:20]	出血 vi->n
[2019-05-08 09:59:20]	打的 v->n
[2019-05-08 09:59:20]	除外 vi->n
[2019-05-08 09:59:20]	春分 t->n
[2019-05-08 09:59:20]	从宽 d->n
[2019-05-08 09:59:20]	从重 d->n
[2019-05-08 09:59:20]	搭建 v->n
[2019-05-08 09:59:20]	大寒 t->n
[2019-05-08 09:59:20]	当面 d->n
[2019-05-08 09:59:20]	会话 v->n
[2019-05-08 09:59:20]	分米 q->n
[2019-05-08 09:59:20]	次要 b->n
[2019-05-08 09:59:20]	成心 d->n
[2019-05-08 09:59:20]	一齐 d->n
[2019-05-08 09:59:20]	还账 v->n
[2019-05-08 09:59:20]	不准 v->n
[2019-05-08 09:59:20]	看不起 v->n
[2019-05-08 09:59:20]	看得起 v->n
[2019-05-08 09:59:20]	小产 v->n
[2019-05-08 09:59:20]	天天 d->n
[2019-05-08 09:59:20]	起名 vi->n
[2019-05-08 09:59:20]	上税 v->n
[2019-05-08 09:59:20]	他俩 r->n
[2019-05-08 09:59:20]	千米 q->n
[2019-05-08 09:59:20]	是不是 v->n
[2019-05-08 09:59:20]	禁不起 v->n
[2019-05-08 09:59:20]	先后 d->n
[2019-05-08 09:59:20]	小便 v->n
[2019-05-08 09:59:20]	小满 t->n
[2019-05-08 09:59:20]	吃药 v->n
[2019-05-08 09:59:20]	一元 b->n
[2019-05-08 09:59:20]	正好 z->n
[2019-05-08 09:59:20]	对证 vn->n
[2019-05-08 09:59:20]	中档 b->n
[2019-05-08 09:59:20]	自修 v->n
[2019-05-08 09:59:20]	到底 d->n
[2019-05-08 09:59:20]	和缓 a->n
[2019-05-08 09:59:20]	人为 b->n
[2019-05-08 09:59:20]	长达 v->n
[2019-05-08 09:59:20]	上流 b->n
[2019-05-08 09:59:20]	喜好 an->n
[2019-05-08 09:59:20]	从中 d->n
[2019-05-08 09:59:20]	各人 rr->n
[2019-05-08 09:59:20]	中选 vi->n
[2019-05-08 09:59:20]	各处 rzs->n
[2019-05-08 09:59:20]	四处 d->n
[2019-05-08 09:59:20]	上岸 vi->n
[2019-05-08 09:59:20]	拨打 v->n
[2019-05-08 09:59:20]	大跌 v->n
[2019-05-08 09:59:20]	好多 m->n
[2019-05-08 09:59:20]	下学 v->n
[2019-05-08 09:59:20]	不合 v->n
[2019-05-08 09:59:20]	高等 b->n
[2019-05-08 09:59:20]	老大 a->n
[2019-05-08 09:59:20]	还给 v->n
[2019-05-08 09:59:20]	对等 vi->n
[2019-05-08 09:59:20]	有心 v->n
[2019-05-08 09:59:20]	真的 a->n
[2019-05-08 09:59:20]	大喊 v->n
[2019-05-08 09:59:20]	总会 d->n
[2019-05-08 09:59:20]	该死 vi->n
[2019-05-08 09:59:20]	一口气 d->n
[2019-05-08 09:59:20]	小气 a->n
[2019-05-08 09:59:20]	论说 vn->n
[2019-05-08 09:59:20]	中意 a->n
[2019-05-08 09:59:20]	生分 a->n
[2019-05-08 09:59:20]	内蒙古自治区 ns->n
[2019-05-08 09:59:20]	年间 f->n
[2019-05-08 09:59:20]	和暖 a->n
[2019-05-08 09:59:20]	省钱 a->n
[2019-05-08 09:59:20]	单方面 b->n
[2019-05-08 09:59:20]	早起 vi->n
[2019-05-08 09:59:20]	签定 v->n
[2019-05-08 09:59:20]	凡间 s->n
[2019-05-08 09:59:20]	就是 c->n
[2019-05-08 09:59:20]	便是 v->n
[2019-05-08 09:59:20]	国都 d->n
[2019-05-08 09:59:20]	首次 m->n
[2019-05-08 09:59:20]	睡着 v->n
[2019-05-08 09:59:20]	了得 a->n
[2019-05-08 09:59:20]	西藏自治区 ns->n
[2019-05-08 09:59:20]	想像 v->n
[2019-05-08 09:59:20]	好在 d->n
[2019-05-08 09:59:20]	往时 t->n
[2019-05-08 09:59:20]	争抢 v->n
[2019-05-08 09:59:20]	正在 d->n
[2019-05-08 09:59:20]	我方 r->n
[2019-05-08 09:59:20]	多功能 b->n
[2019-05-08 09:59:20]	黑白 b->n
[2019-05-08 09:59:20]	南北 f->n
[2019-05-08 09:59:20]	干什么 r->n
[2019-05-08 09:59:20]	不断 d->n
[2019-05-08 09:59:20]	同呼吸 vl->n
[2019-05-08 09:59:20]	日间 t->n
[2019-05-08 09:59:20]	还是 c->n
[2019-05-08 09:59:20]	有点 d->n
[2019-05-08 09:59:20]	下流 a->n
[2019-05-08 09:59:20]	怎么办 ryv->n
[2019-05-08 09:59:20]	您好 nl->n
[2019-05-08 09:59:20]	你好 vl->n
[2019-05-08 09:59:20]	交售 v->n
[2019-05-08 09:59:20]	找到 v->n
[2019-05-08 09:59:20]	从来 d->n
[2019-05-08 09:59:20]	约分 v->n
[2019-05-08 09:59:20]	正数 v->n
[2019-05-08 09:59:20]	他人 rr->n
[2019-05-08 09:59:20]	不论 c->n
[2019-05-08 09:59:20]	不管 c->n
[2019-05-08 09:59:20]	出事 vi->n
[2019-05-08 09:59:20]	从此 d->n
[2019-05-08 09:59:20]	当时 t->n
[2019-05-08 09:59:20]	对话 vi->n
[2019-05-08 09:59:20]	吃饭 vi->n
[2019-05-08 09:59:20]	更新 v->n
[2019-05-08 09:59:20]	讲课 vi->n
[2019-05-08 09:59:20]	尽心 a->n
[2019-05-08 09:59:20]	立方 q->n
[2019-05-08 09:59:20]	没关系 vl->n
[2019-05-08 09:59:20]	遍地 vd->n
[2019-05-08 09:59:20]	开车 vi->n
[2019-05-08 09:59:20]	因此 c->n
[2019-05-08 09:59:20]	将来 t->n
[2019-05-08 09:59:20]	以前 f->n
[2019-05-08 09:59:20]	先前 t->n
[2019-05-08 09:59:20]	早上 t->n
[2019-05-08 09:59:20]	正月 t->n
[2019-05-08 09:59:20]	难看 a->n
[2019-05-08 09:59:20]	对头 a->n
[2019-05-08 09:59:20]	正当 a->n
[2019-05-08 09:59:20]	不容 v->n
[2019-05-08 09:59:20]	出手 vi->n
[2019-05-08 09:59:20]	着手 v->n
[2019-05-08 09:59:20]	不错 a->n
[2019-05-08 09:59:20]	不便 a->n
[2019-05-08 09:59:20]	得手 a->n
[2019-05-08 09:59:20]	说话 vi->n
[2019-05-08 09:59:20]	特等 b->n
[2019-05-08 09:59:20]	住手 vi->n
[2019-05-08 09:59:20]	共事 vi->n
[2019-05-08 09:59:20]	从前 t->n
[2019-05-08 09:59:20]	已往 t->n
[2019-05-08 09:59:20]	低下 a->n
[2019-05-08 09:59:20]	当中 f->n
[2019-05-08 09:59:20]	不易 a->n
[2019-05-08 09:59:20]	不可 d->n
[2019-05-08 09:59:20]	至此 d->n
[2019-05-08 09:59:20]	不顾 v->n
[2019-05-08 09:59:20]	正派 a->n
[2019-05-08 09:59:20]	不然 a->n
[2019-05-08 09:59:20]	某人 rr->n
[2019-05-08 09:59:20]	一角 n->v
[2019-05-08 09:59:20]	除外 vi->v
[2019-05-08 09:59:20]	爱人 n->nz
[2019-05-08 09:59:20]	把手 n->nz
[2019-05-08 09:59:20]	靠山 n->nz
[2019-05-08 09:59:20]	不行 a->v
[2019-05-08 09:59:20]	不能 v->vi
[2019-05-08 09:59:20]	不会 v->vi
[2019-05-08 09:59:20]	车号 n->nz
[2019-05-08 09:59:20]	同党 n->nz
[2019-05-08 09:59:20]	打的 v->vi
[2019-05-08 09:59:20]	除法 n->nz
[2019-05-08 09:59:20]	从重 d->v
[2019-05-08 09:59:20]	搭建 v->vd
[2019-05-08 09:59:20]	四处 d->vi
[2019-05-08 09:59:20]	拨打 v->vd
[2019-05-08 09:59:20]	大跌 v->vn
[2019-05-08 09:59:20]	会话 v->vn
[2019-05-08 09:59:20]	要领 n->nz
[2019-05-08 09:59:20]	下学 v->vd
[2019-05-08 09:59:20]	分号 n->nz
[2019-05-08 09:59:20]	不合 v->n
[2019-05-08 09:59:20]	高等 b->a
[2019-05-08 09:59:20]	还给 v->vd
[2019-05-08 09:59:20]	有心 v->vd
[2019-05-08 09:59:20]	说法 n->nz
[2019-05-08 09:59:20]	大喊 v->vd
[2019-05-08 09:59:20]	好多 m->a
[2019-05-08 09:59:20]	大奖 n->nz
[2019-05-08 09:59:20]	无礼 a->ad
[2019-05-08 09:59:20]	看不起 v->vn
[2019-05-08 09:59:20]	看得起 v->vn
[2019-05-08 09:59:20]	理事 n->nz
[2019-05-08 09:59:20]	本心 n->nl
[2019-05-08 09:59:20]	论说 vn->vl
[2019-05-08 09:59:20]	他俩 r->n
[2019-05-08 09:59:20]	江米 n->nz
[2019-05-08 09:59:20]	千米 q->qv
[2019-05-08 09:59:20]	签定 v->vn
[2019-05-08 09:59:20]	好天 n->nz
[2019-05-08 09:59:20]	日食 n->nz
[2019-05-08 09:59:20]	是不是 v->vd
[2019-05-08 09:59:20]	手指 n->nz
[2019-05-08 09:59:20]	睡着 v->vd
[2019-05-08 09:59:20]	大小 n->nz
[2019-05-08 09:59:20]	了得 a->ad
[2019-05-08 09:59:20]	问号 n->nz
[2019-05-08 09:59:20]	西藏自治区 ns->nz
[2019-05-08 09:59:20]	小便 v->vi
[2019-05-08 09:59:20]	好在 d->v
[2019-05-08 09:59:20]	双眼 n->nz
[2019-05-08 09:59:20]	一元 b->nz
[2019-05-08 09:59:20]	引号 n->nz
[2019-05-08 09:59:20]	像片 n->nz
[2019-05-08 09:59:20]	争抢 v->vd
[2019-05-08 09:59:20]	小我 n->nz
[2019-05-08 09:59:20]	文字 n->nz
[2019-05-08 09:59:20]	部分 m->n
[2019-05-08 09:59:20]	别名 n->nz
[2019-05-08 09:59:20]	和缓 a->ad
[2019-05-08 09:59:20]	按时 d->ad
[2019-05-08 09:59:20]	春分 t->n
[2019-05-08 09:59:20]	知了 n->nz
[2019-05-08 09:59:20]	车次 n->nz
[2019-05-08 09:59:20]	大寒 t->nz
[2019-05-08 09:59:20]	大料 n->nz
[2019-05-08 09:59:20]	当面 d->n
[2019-05-08 09:59:20]	上岸 vi->v
[2019-05-08 09:59:20]	对仗 n->nz
[2019-05-08 09:59:20]	分米 q->qt
[2019-05-08 09:59:20]	副词 n->nz
[2019-05-08 09:59:20]	次要 b->bl
[2019-05-08 09:59:20]	成心 d->v
[2019-05-08 09:59:20]	还账 v->vi
[2019-05-08 09:59:20]	该死 vi->v
[2019-05-08 09:59:20]	长项 n->nz
[2019-05-08 09:59:20]	借条 n->nz
[2019-05-08 09:59:20]	买家 n->nz
[2019-05-08 09:59:20]	天车 n->nz
[2019-05-08 09:59:20]	东家 n->nz
[2019-05-08 09:59:20]	小气 a->ad
[2019-05-08 09:59:20]	小产 v->vi
[2019-05-08 09:59:20]	起名 vi->v
[2019-05-08 09:59:20]	生分 a->ad
[2019-05-08 09:59:20]	上税 v->vi
[2019-05-08 09:59:20]	内蒙古自治区 ns->nz
[2019-05-08 09:59:20]	拟人 n->nz
[2019-05-08 09:59:20]	年岁 n->nl
[2019-05-08 09:59:20]	年事 n->nl
[2019-05-08 09:59:20]	身段 n->nz
[2019-05-08 09:59:20]	凡间 s->n
[2019-05-08 09:59:20]	便是 v->vd
[2019-05-08 09:59:20]	收条 n->nz
[2019-05-08 09:59:20]	禁不起 v->vd
[2019-05-08 09:59:20]	书册 n->nl
[2019-05-08 09:59:20]	水笔 n->nz
[2019-05-08 09:59:20]	时价 n->nl
[2019-05-08 09:59:20]	就义 vi->v
[2019-05-08 09:59:20]	先后 d->ad
[2019-05-08 09:59:20]	想像 v->vd
[2019-05-08 09:59:20]	小寒 t->nz
[2019-05-08 09:59:20]	小满 t->nz
[2019-05-08 09:59:20]	新词 n->nl
[2019-05-08 09:59:20]	往时 t->tg
[2019-05-08 09:59:20]	意旨 n->nl
[2019-05-08 09:59:20]	图章 n->nz
[2019-05-08 09:59:20]	正好 z->tg
[2019-05-08 09:59:20]	正理 n->nl
[2019-05-08 09:59:20]	对证 vn->n
[2019-05-08 09:59:20]	中档 b->nl
[2019-05-08 09:59:20]	我方 r->n
[2019-05-08 09:59:20]	自修 v->vl
[2019-05-08 09:59:20]	才能 n->v
[2019-05-08 09:59:20]	秒钟 n->q
[2019-05-08 09:59:20]	火烧 n->v
[2019-05-08 09:59:20]	大路 n->nz
[2019-05-08 09:59:20]	自力 n->nz
[2019-05-08 09:59:20]	女星 n->nl
[2019-05-08 09:59:20]	申请人 n->nl
[2019-05-08 09:59:20]	美女 n->nl
[2019-05-08 09:59:20]	联系人 n->nl
[2019-05-08 09:59:20]	便条 n->nl
[2019-05-08 09:59:20]	中农 n->nl
[2019-05-08 09:59:20]	人道 n->nl
[2019-05-08 09:59:20]	资本家 n->nl
[2019-05-08 09:59:20]	水车 n->nl
[2019-05-08 09:59:20]	马戏 n->nl
[2019-05-08 09:59:20]	除数 n->nz
[2019-05-08 09:59:20]	周长 n->nz
[2019-05-08 09:59:21]	小数 n->nz
[2019-05-08 09:59:21]	经线 n->nz
[2019-05-08 09:59:21]	副手 n->nz
[2019-05-08 09:59:21]	三角 n->ns
[2019-05-08 09:59:21]	切线 n->nz
[2019-05-08 09:59:21]	本着 p->nl
[2019-05-08 09:59:21]	报到 vi->v
[2019-05-08 09:59:21]	不够 a->n
[2019-05-08 09:59:21]	不满 a->v
[2019-05-08 09:59:21]	不同 a->ad
[2019-05-08 09:59:21]	大使 n->nl
[2019-05-08 09:59:21]	对应 vi->v
[2019-05-08 09:59:21]	海带 n->nl
[2019-05-08 09:59:21]	后天 n->t
[2019-05-08 09:59:21]	回家 vi->v
[2019-05-08 09:59:21]	开关 n->v
[2019-05-08 09:59:21]	完了 vi->n
[2019-05-08 09:59:21]	没用 a->v
[2019-05-08 09:59:21]	难听 a->v
[2019-05-08 09:59:21]	暖和 a->ad
[2019-05-08 09:59:21]	排比 n->nz
[2019-05-08 09:59:21]	前天 n->t
[2019-05-08 09:59:21]	上当 vi->v
[2019-05-08 09:59:21]	受不了 al->n
[2019-05-08 09:59:21]	从而 c->cc
[2019-05-08 09:59:21]	图像 n->nl
[2019-05-08 09:59:21]	脱钩 vi->v
[2019-05-08 09:59:21]	周到 a->an
[2019-05-08 09:59:21]	等同 vd->v
[2019-05-08 09:59:21]	有用 a->n
[2019-05-08 09:59:21]	再见 vi->v
[2019-05-08 09:59:21]	有时候 d->n
[2019-05-08 09:59:21]	由此 d->n
[2019-05-08 09:59:21]	有余 m->v
[2019-05-08 09:59:21]	请愿 vi->vn
[2019-05-08 09:59:21]	内在 b->n
[2019-05-08 09:59:21]	不好 a->n
[2019-05-08 09:59:21]	共命运 vl->nl
[2019-05-08 09:59:21]	小于 nr->v
[2019-05-08 09:59:21]	大人 n->nl
[2019-05-08 09:59:21]	乘法 n->nl
[2019-05-08 09:59:21]	对手 n->nl
[2019-05-08 09:59:21]	对方 n->nl
[2019-05-08 09:59:21]	成人 n->nl
[2019-05-08 09:59:21]	所在 n->nl
[2019-05-08 09:59:21]	全年 n->nl
[2019-05-08 09:59:21]	年轻人 n->nl
[2019-05-08 09:59:21]	双手 n->nl
[2019-05-08 09:59:21]	亮点 n->nl
[2019-05-08 09:59:21]	所长 n->nl
[2019-05-08 09:59:21]	天下 n->nl
[2019-05-08 09:59:21]	先人 n->nl
[2019-05-08 09:59:21]	正常人 n->nl
[2019-05-08 09:59:21]	好人 n->nl
[2019-05-08 09:59:21]	国家队 n->nl
[2019-05-08 09:59:21]	党派 n->nl
[2019-05-08 09:59:21]	乘方 n->nl
[2019-05-08 09:59:21]	嗨 e->nl
[2019-05-08 09:59:21]	个人 n->nl
[2019-05-08 09:59:21]	整年 d->n
[2019-05-08 09:59:21]	有声 b->n
[2019-05-08 09:59:21]	新增 v->n
[2019-05-08 09:59:21]	上册 n->nl
