[2019-01-25 17:19:20]	爱 b->v
[2019-01-25 17:19:20]	安 ag->v
[2019-01-25 17:19:20]	安定 a->an
[2019-01-25 17:19:20]	本分 a->n
[2019-01-25 17:19:20]	宁静 a->an
[2019-01-25 17:19:20]	安宁 a->an
[2019-01-25 17:19:20]	安谧 a->an
[2019-01-25 17:19:20]	和缓 a->ad
[2019-01-25 17:19:20]	太平 a->ns
[2019-01-25 17:19:20]	安全 a->an
[2019-01-25 17:19:20]	安慰 a->v
[2019-01-25 17:19:20]	按时 d->ad
[2019-01-25 17:19:20]	昂首 vd->vi
[2019-01-25 17:19:20]	昂扬 a->v
[2019-01-25 17:19:20]	后悔 a->v
[2019-01-25 17:19:20]	八宝粥 n->gms
[2019-01-25 17:19:20]	把 m->v
[2019-01-25 17:19:20]	百合 n->nr
[2019-01-25 17:19:20]	绊 ng->v
[2019-01-25 17:19:20]	棒 a->ng
[2019-01-25 17:19:20]	包 n->v
[2019-01-25 17:19:20]	折 ng->vi
[2019-01-25 17:19:20]	叠 q->v
[2019-01-25 17:19:20]	包子 n->gms
[2019-01-25 17:19:20]	保安 b->n
[2019-01-25 17:19:20]	保障 n->v
[2019-01-25 17:19:20]	保健 b->n
[2019-01-25 17:19:20]	封闭 a->v
[2019-01-25 17:19:20]	保险 a->n
[2019-01-25 17:19:20]	保证 n->v
[2019-01-25 17:19:20]	不好意思 a->vl
[2019-01-25 17:19:20]	背 a->v
[2019-01-25 17:19:20]	被 d->pbei
[2019-01-25 17:19:20]	必然 b->n
[2019-01-25 17:19:20]	一定 b->d
[2019-01-25 17:19:20]	边 b->n
[2019-01-25 17:19:20]	边缘 b->n
[2019-01-25 17:19:20]	边防 b->n
[2019-01-25 17:19:20]	边陲 n->s
[2019-01-25 17:19:20]	变化 v->vn
[2019-01-25 17:19:20]	标准 a->n
[2019-01-25 17:19:20]	规范 a->v
[2019-01-25 17:19:20]	飞跃 vi->vn
[2019-01-25 17:19:20]	口头 d->n
[2019-01-25 17:19:20]	表现 n->v
[2019-01-25 17:19:20]	别名 n->nz
[2019-01-25 17:19:20]	做作 a->v
[2019-01-25 17:19:20]	拨 q->v
[2019-01-25 17:19:20]	奔腾 nz->vi
[2019-01-25 17:19:20]	盘剥 v->vn
[2019-01-25 17:19:20]	补偿 v->vn
[2019-01-25 17:19:20]	甭 d->v
[2019-01-25 17:19:20]	不安 a->an
[2019-01-25 17:19:20]	焦虑 a->an
[2019-01-25 17:19:20]	恐慌 a->an
[2019-01-25 17:19:20]	不满 a->an
[2019-01-25 17:19:20]	例外 n->vi
[2019-01-25 17:19:20]	不幸 a->n
[2019-01-25 17:19:20]	部分 m->n
[2019-01-25 17:19:20]	华 ag->b
[2019-01-25 17:19:20]	愧疚 a->an
[2019-01-25 17:19:20]	辉煌 a->an
[2019-01-25 17:19:20]	绚烂 a->an
[2019-01-25 17:19:20]	仓储 n->vn
[2019-01-25 17:19:20]	费心 a->v
[2019-01-25 17:19:20]	迥异 a->z
[2019-01-25 17:19:20]	叶 n->ng
[2019-01-25 17:19:20]	拆解 v->vn
[2019-01-25 17:19:20]	知了 n->nz
[2019-01-25 17:19:20]	长春 ns->nz
[2019-01-25 17:19:20]	经常 b->d
[2019-01-25 17:19:20]	超 h->v
[2019-01-25 17:19:20]	超产 v->vn
[2019-01-25 17:19:20]	超支 n->v
[2019-01-25 17:19:20]	车次 n->nz
[2019-01-25 17:19:20]	沉淀 n->vi
[2019-01-25 17:19:20]	尽职 vd->vi
[2019-01-25 17:19:20]	诚心 a->n
[2019-01-25 17:19:20]	党羽 n->nz
[2019-01-25 17:19:20]	冲突 vi->vn
[2019-01-25 17:19:20]	倾心 ad->vi
[2019-01-25 17:19:20]	喜好 an->v
[2019-01-25 17:19:20]	空洞 a->n
[2019-01-25 17:19:20]	抽样 vd->vi
[2019-01-25 17:19:20]	臭豆腐 n->gms
[2019-01-25 17:19:20]	出口 n->vi
[2019-01-25 17:19:20]	肇事 vi->vn
[2019-01-25 17:19:20]	出租 n->v
[2019-01-25 17:19:20]	先期 b->d
[2019-01-25 17:19:20]	除外 vi->v
[2019-01-25 17:19:20]	装 n->v
[2019-01-25 17:19:20]	传统 a->n
[2019-01-25 17:19:20]	船 n->gjtgj
[2019-01-25 17:19:20]	轮船 n->gjtgj
[2019-01-25 17:19:20]	船舶 n->gjtgj
[2019-01-25 17:19:20]	春分 t->n
[2019-01-25 17:19:20]	刺 n->v
[2019-01-25 17:19:20]	睿智 a->an
[2019-01-25 17:19:20]	智慧 a->n
[2019-01-25 17:19:20]	从 d->p
[2019-01-25 17:19:20]	自 d->p
[2019-01-25 17:19:20]	粗心 a->an
[2019-01-25 17:19:20]	大意 a->n
[2019-01-25 17:19:20]	酸 a->n
[2019-01-25 17:19:20]	摩擦 v->vn
[2019-01-25 17:19:20]	坎坷 a->an
[2019-01-25 17:19:20]	错误 a->n
[2019-01-25 17:19:20]	达标 vd->vi
[2019-01-25 17:19:20]	答复 n->v
[2019-01-25 17:19:20]	打 p->v
[2019-01-25 17:19:20]	狩猎 n->vi
[2019-01-25 17:19:20]	打算 n->v
[2019-01-25 17:19:20]	大寒 t->nz
[2019-01-25 17:19:20]	大家 n->rr
[2019-01-25 17:19:20]	大料 n->nz
[2019-01-25 17:19:20]	大致 b->d
[2019-01-25 17:19:20]	呆 a->v
[2019-01-25 17:19:20]	代办 n->v
[2019-01-25 17:19:20]	代理 n->v
[2019-01-25 17:19:20]	带 n->v
[2019-01-25 17:19:20]	带子 n->v
[2019-01-25 17:19:20]	条 ng->q
[2019-01-25 17:19:20]	戴 nr1->v
[2019-01-25 17:19:20]	单 b->d
[2019-01-25 17:19:20]	单独 b->d
[2019-01-25 17:19:20]	当面 d->n
[2019-01-25 17:19:20]	那天 r->t
[2019-01-25 17:19:20]	挡 n->v
[2019-01-25 17:19:20]	的 n->ude1
[2019-01-25 17:19:20]	得 ude3->v
[2019-01-25 17:19:20]	到 p->v
[2019-01-25 17:19:20]	倒 d->vi
[2019-01-25 17:19:20]	偷 d->v
[2019-01-25 17:19:20]	道德 a->n
[2019-01-25 17:19:20]	道教 n->nz
[2019-01-25 17:19:20]	上岸 vi->v
[2019-01-25 17:19:20]	等 n->v
[2019-01-25 17:19:20]	地铁 n->gjtgj
[2019-01-25 17:19:20]	光 a->n
[2019-01-25 17:19:20]	光辉 a->n
[2019-01-25 17:19:20]	顶 f->v
[2019-01-25 17:19:20]	定额 d->n
[2019-01-25 17:19:20]	定期 b->d
[2019-01-25 17:19:20]	东 b->f
[2019-01-25 17:19:20]	东乡族 ns->nz
[2019-01-25 17:19:20]	全部 m->ad
[2019-01-25 17:19:20]	斗争 vi->vn
[2019-01-25 17:19:20]	独立 a->v
[2019-01-25 17:19:20]	自力 n->nr
[2019-01-25 17:19:20]	渡 ng->v
[2019-01-25 17:19:20]	端 ng->v
[2019-01-25 17:19:20]	端正 a->v
[2019-01-25 17:19:20]	断 d->v
[2019-01-25 17:19:20]	对仗 n->nz
[2019-01-25 17:19:20]	多 a->m
[2019-01-25 17:19:20]	饿 a->v
[2019-01-25 17:19:20]	发 ng->v
[2019-01-25 17:19:20]	带头 vd->vi
[2019-01-25 17:19:20]	发糕 n->gms
[2019-01-25 17:19:20]	施展 nr->v
[2019-01-25 17:19:20]	发烧 b->vi
[2019-01-25 17:19:20]	无力 a->vi
[2019-01-25 17:19:20]	法 b->n
[2019-01-25 17:19:20]	庭审 n->v
[2019-01-25 17:19:20]	帆船 n->gjtgj
[2019-01-25 17:19:20]	繁荣 a->an
[2019-01-25 17:19:20]	重复 a->v
[2019-01-25 17:19:20]	来回 d->vi
[2019-01-25 17:19:20]	反面 b->n
[2019-01-25 17:19:20]	反应 n->vi
[2019-01-25 17:19:20]	犯罪 vi->vn
[2019-01-25 17:19:20]	范 ng->nr1
[2019-01-25 17:19:20]	方 a->d
[2019-01-25 17:19:20]	方便面 n->gms
[2019-01-25 17:19:20]	防汛 vi->vn
[2019-01-25 17:19:20]	飞机 n->gjtgj
[2019-01-25 17:19:20]	肥 a->n
[2019-01-25 17:19:20]	分布 vd->vi
[2019-01-25 17:19:20]	分离 vd->vi
[2019-01-25 17:19:20]	分米 q->qt
[2019-01-25 17:19:20]	生气 a->n
[2019-01-25 17:19:20]	风光 a->n
[2019-01-25 17:19:20]	封 ng->v
[2019-01-25 17:19:20]	冯 m->nr1
[2019-01-25 17:19:20]	抚恤 vi->vn
[2019-01-25 17:19:20]	远望 nz->v
[2019-01-25 17:19:20]	腐败 a->an
[2019-01-25 17:19:20]	负责 a->v
[2019-01-25 17:19:20]	中兴 ns->nz
[2019-01-25 17:19:20]	副词 n->nz
[2019-01-25 17:19:20]	付 q->v
[2019-01-25 17:19:20]	次要 b->bl
[2019-01-25 17:19:20]	富 a->vg
[2019-01-25 17:19:20]	富有 a->v
[2019-01-25 17:19:20]	富余 a->vn
[2019-01-25 17:19:20]	盖 d->v
[2019-01-25 17:19:20]	扣 ng->v
[2019-01-25 17:19:20]	干 a->v
[2019-01-25 17:19:20]	甘 ad->ag
[2019-01-25 17:19:20]	感动 a->v
[2019-01-25 17:19:20]	感冒 n->vi
[2019-01-25 17:19:20]	不久 d->m
[2019-01-25 17:19:20]	方才 d->nr
[2019-01-25 17:19:20]	高贵 a->nr
[2019-01-25 17:19:20]	年老 a->vi
[2019-01-25 17:19:20]	革命 a->vn
[2019-01-25 17:19:20]	解 ng->v
[2019-01-25 17:19:20]	根据 n->p
[2019-01-25 17:19:20]	据 ng->p
[2019-01-25 17:19:20]	跟随 p->v
[2019-01-25 17:19:20]	随着 d->p
[2019-01-25 17:19:20]	更年期 n->t
[2019-01-25 17:19:20]	工作 n->vn
[2019-01-25 17:19:20]	公开 a->v
[2019-01-25 17:19:20]	巩固 a->v
[2019-01-25 17:19:20]	共产党 n->nz
[2019-01-25 17:19:20]	奉献 n->v
[2019-01-25 17:19:20]	够 a->v
[2019-01-25 17:19:20]	孤立 a->v
[2019-01-25 17:19:20]	孤僻 a->an
[2019-01-25 17:19:20]	鼓 a->v
[2019-01-25 17:19:20]	彭 m->nr1
[2019-01-25 17:19:20]	鼓舞 a->v
[2019-01-25 17:19:20]	固定 a->v
[2019-01-25 17:19:20]	稳定 a->an
[2019-01-25 17:19:20]	传奇 a->n
[2019-01-25 17:19:20]	故意 b->d
[2019-01-25 17:19:20]	有意 d->vi
[2019-01-25 17:19:20]	成心 d->v
[2019-01-25 17:19:20]	顾 ng->v
[2019-01-25 17:19:20]	挂 q->v
[2019-01-25 17:19:20]	关切 a->v
[2019-01-25 17:19:20]	论断 n->vn
[2019-01-25 17:19:20]	臣 n->ng
[2019-01-25 17:19:20]	管理 v->vn
[2019-01-25 17:19:20]	管制 v->vn
[2019-01-25 17:19:20]	光明 a->n
[2019-01-25 17:19:20]	亮 a->vi
[2019-01-25 17:19:20]	归结 n->vi
[2019-01-25 17:19:20]	鬼 a->n
[2019-01-25 17:19:20]	邪 a->ag
[2019-01-25 17:19:20]	滚 ng->vi
[2019-01-25 17:19:20]	国庆 n->t
[2019-01-25 17:19:20]	干脆 a->d
[2019-01-25 17:19:20]	断然 b->d
[2019-01-25 17:19:20]	果然 c->d
[2019-01-25 17:19:20]	果真 c->d
[2019-01-25 17:19:20]	过期 vd->vi
[2019-01-25 17:19:20]	海口 n->ns
[2019-01-25 17:19:20]	琼 b->nr1
[2019-01-25 17:19:20]	叫 n->vi
[2019-01-25 17:19:20]	汉堡包 n->gms
[2019-01-25 17:19:20]	数码 b->n
[2019-01-25 17:19:20]	合资 b->vi
[2019-01-25 17:19:20]	集资 vd->vi
[2019-01-25 17:19:20]	合伙 vd->vi
[2019-01-25 17:19:20]	合股 vd->vi
[2019-01-25 17:19:20]	和 ag->cc
[2019-01-25 17:19:20]	集合 n->v
[2019-01-25 17:19:20]	与 cc->p
[2019-01-25 17:19:20]	同 cc->p
[2019-01-25 17:19:20]	并 cc->d
[2019-01-25 17:19:20]	狠 a->d
[2019-01-25 17:19:20]	狠心 a->an
[2019-01-25 17:19:20]	横 a->v
[2019-01-25 17:19:20]	哄 o->v
[2019-01-25 17:19:20]	后期 f->t
[2019-01-25 17:19:20]	胡 d->nr1
[2019-01-25 17:19:20]	湖 b->n
[2019-01-25 17:19:20]	迷惑 a->v
[2019-01-25 17:19:20]	依稀 a->d
[2019-01-25 17:19:20]	互相 b->d
[2019-01-25 17:19:20]	花 a->n
[2019-01-25 17:19:20]	花卷 n->gms
[2019-01-25 17:19:20]	滑冰 n->vn
[2019-01-25 17:19:20]	滑雪 vi->vn
[2019-01-25 17:19:20]	化验 n->v
[2019-01-25 17:19:20]	打扮 n->v
[2019-01-25 17:19:20]	还账 v->vi
[2019-01-25 17:19:20]	涣散 a->v
[2019-01-25 17:19:20]	怪诞 a->an
[2019-01-25 17:19:20]	黄色 b->n
[2019-01-25 17:19:20]	回头 d->vi
[2019-01-25 17:19:20]	会 n->v
[2019-01-25 17:19:20]	馄饨 n->gms
[2019-01-25 17:19:20]	活动 a->vn
[2019-01-25 17:19:20]	该死 vi->v
[2019-01-25 17:19:20]	活 a->n
[2019-01-25 17:19:20]	火车 n->gjtgj
[2019-01-25 17:19:20]	机械 a->n
[2019-01-25 17:19:20]	缉私 vi->vn
[2019-01-25 17:19:20]	狂热 a->an
[2019-01-25 17:19:20]	极端 a->n
[2019-01-25 17:19:20]	集邮 vi->vn
[2019-01-25 17:19:20]	集中 a->v
[2019-01-25 17:19:20]	挤 a->v
[2019-01-25 17:19:20]	运算 vi->vn
[2019-01-25 17:19:20]	记录 n->v
[2019-01-25 17:19:20]	记载 n->v
[2019-01-25 17:19:20]	纪念 n->v
[2019-01-25 17:19:20]	长项 n->nz
[2019-01-25 17:19:20]	加班 vd->vi
[2019-01-25 17:19:20]	夹 b->v
[2019-01-25 17:19:20]	家 k->n
[2019-01-25 17:19:20]	值 a->n
[2019-01-25 17:19:20]	尖端 b->n
[2019-01-25 17:19:20]	坚定 a->v
[2019-01-25 17:19:20]	监察 v->vn
[2019-01-25 17:19:20]	调查 n->v
[2019-01-25 17:19:20]	方便 a->v
[2019-01-25 17:19:20]	便利 a->an
[2019-01-25 17:19:20]	间接 a->b
[2019-01-25 17:19:20]	建设 n->vn
[2019-01-25 17:19:20]	健全 a->v
[2019-01-25 17:19:20]	讲究 a->v
[2019-01-25 17:19:20]	降价 vd->vi
[2019-01-25 17:19:20]	坦白 a->v
[2019-01-25 17:19:20]	灌 ng->v
[2019-01-25 17:19:20]	娇气 a->n
[2019-01-25 17:19:20]	骄傲 a->an
[2019-01-25 17:19:20]	饺子 n->gms
[2019-01-25 17:19:20]	教 ng->v
[2019-01-25 17:19:20]	教育 v->vn
[2019-01-25 17:19:20]	接力 n->vn
[2019-01-25 17:19:20]	结果 c->n
[2019-01-25 17:19:20]	结业 vd->vi
[2019-01-25 17:19:20]	解放 a->v
[2019-01-25 17:19:20]	解放战争 n->nz
[2019-01-25 17:19:20]	借 p->v
[2019-01-25 17:19:20]	租 ng->v
[2019-01-25 17:19:20]	借贷 n->v
[2019-01-25 17:19:20]	借条 n->nz
[2019-01-25 17:19:20]	金 b->ng
[2019-01-25 17:19:20]	尽力 d->vi
[2019-01-25 17:19:20]	全力 d->n
[2019-01-25 17:19:20]	尽心 a->v
[2019-01-25 17:19:20]	进步 a->vn
[2019-01-25 17:19:20]	临近 a->v
[2019-01-25 17:19:20]	经过 n->p
[2019-01-25 17:19:20]	经济 a->n
[2019-01-25 17:19:20]	经营 n->v
[2019-01-25 17:19:20]	精神 a->n
[2019-01-25 17:19:20]	感慨 a->v
[2019-01-25 17:19:20]	警惕 a->v
[2019-01-25 17:19:20]	敬业 a->vi
[2019-01-25 17:19:20]	就 c->d
[2019-01-25 17:19:20]	举 ag->v
[2019-01-25 17:19:20]	举重 n->vn
[2019-01-25 17:19:20]	行 a->vi
[2019-01-25 17:19:20]	锯 n->v
[2019-01-25 17:19:20]	卷 ng->v
[2019-01-25 17:19:20]	决定 n->v
[2019-01-25 17:19:20]	决赛 vi->vn
[2019-01-25 17:19:20]	决心 d->n
[2019-01-25 17:19:20]	开创 n->v
[2019-01-25 17:19:20]	开放 a->v
[2019-01-25 17:19:20]	开阔 a->v
[2019-01-25 17:19:20]	伊始 t->vi
[2019-01-25 17:19:20]	初叶 f->t
[2019-01-25 17:19:20]	初始 b->t
[2019-01-25 17:19:20]	初步 b->d
[2019-01-25 17:19:20]	看 u->v
[2019-01-25 17:19:20]	测验 v->vn
[2019-01-25 17:19:20]	考验 v->vn
[2019-01-25 17:19:20]	烤鸭 n->gms
[2019-01-25 17:19:20]	靠 ng->v
[2019-01-25 17:19:20]	科学 a->n
[2019-01-25 17:19:20]	可怜 a->v
[2019-01-25 17:19:20]	可惜 a->v
[2019-01-25 17:19:20]	可以 a->v
[2019-01-25 17:19:20]	能 d->v
[2019-01-25 17:19:20]	克 b->vg
[2019-01-25 17:19:20]	客观 a->n
[2019-01-25 17:19:20]	买家 n->nz
[2019-01-25 17:19:20]	肯定 a->v
[2019-01-25 17:19:20]	空 a->v
[2019-01-25 17:19:20]	口 f->n
[2019-01-25 17:19:20]	苦 a->an
[2019-01-25 17:19:20]	苦涩 a->an
[2019-01-25 17:19:20]	苦闷 a->an
[2019-01-25 17:19:20]	迷茫 a->an
[2019-01-25 17:19:20]	苦恼 a->an
[2019-01-25 17:19:20]	迷惘 a->an
[2019-01-25 17:19:20]	夸张 n->vi
[2019-01-25 17:19:20]	跨 ng->v
[2019-01-25 17:19:20]	越 b->d
[2019-01-25 17:19:20]	匡 nr1->vg
[2019-01-25 17:19:20]	捆 ng->v
[2019-01-25 17:19:20]	困惑 a->an
[2019-01-25 17:19:20]	疑惑 an->v
[2019-01-25 17:19:20]	困难 a->an
[2019-01-25 17:19:20]	拉 b->v
[2019-01-25 17:19:20]	腊八粥 n->gms
[2019-01-25 17:19:20]	来 f->vf
[2019-01-25 17:19:20]	天车 n->nz
[2019-01-25 17:19:20]	懈怠 a->an
[2019-01-25 17:19:20]	劳动 vi->vn
[2019-01-25 17:19:20]	坚韧 a->an
[2019-01-25 17:19:20]	铭刻 n->v
[2019-01-25 17:19:20]	铭记 n->v
[2019-01-25 17:19:20]	东家 n->nz
[2019-01-25 17:19:20]	了 ule->y
[2019-01-25 17:19:20]	累 a->v
[2019-01-25 17:19:20]	疲劳 a->an
[2019-01-25 17:19:20]	困倦 a->an
[2019-01-25 17:19:20]	倦怠 a->an
[2019-01-25 17:19:20]	礼貌 a->an
[2019-01-25 17:19:20]	李 ng->nr1
[2019-01-25 17:19:20]	理想 a->n
[2019-01-25 17:19:20]	理性 b->n
[2019-01-25 17:19:20]	连 d->n
[2019-01-25 17:19:20]	盟 n->ng
[2019-01-25 17:19:20]	联系 n->v
[2019-01-25 17:19:20]	练习 n->v
[2019-01-25 17:19:20]	辽 b->tg
[2019-01-25 17:19:20]	劣 a->ag
[2019-01-25 17:19:20]	林 n->ng
[2019-01-25 17:19:20]	小气 a->ad
[2019-01-25 17:19:20]	零售 v->vn
[2019-01-25 17:19:20]	另外 c->rz
[2019-01-25 17:19:20]	小产 v->vi
[2019-01-25 17:19:20]	流行 a->v
[2019-01-25 17:19:20]	柳 n->ng
[2019-01-25 17:19:20]	漏 ng->v
[2019-01-25 17:19:20]	滴 q->v
[2019-01-25 17:19:20]	露 ng->v
[2019-01-25 17:19:20]	旅游 vi->vn
[2019-01-25 17:19:20]	动感 b->n
[2019-01-25 17:19:20]	乱 a->d
[2019-01-25 17:19:20]	轮班 vd->vn
[2019-01-25 17:19:20]	转 ng->v
[2019-01-25 17:19:20]	麻 a->n
[2019-01-25 17:19:20]	麻烦 a->an
[2019-01-25 17:19:20]	烦恼 a->an
[2019-01-25 17:19:20]	马 b->n
[2019-01-25 17:19:20]	馒头 n->gms
[2019-01-25 17:19:20]	满 a->v
[2019-01-25 17:19:20]	满足 a->v
[2019-01-25 17:19:20]	忙 a->v
[2019-01-25 17:19:20]	蒙 b->vi
[2019-01-25 17:19:20]	毛 a->nr1
[2019-01-25 17:19:20]	矛盾 a->an
[2019-01-25 17:19:20]	冒险 vd->vi
[2019-01-25 17:19:20]	贸易 v->vn
[2019-01-25 17:19:20]	没有 d->v
[2019-01-25 17:19:20]	无 d->v
[2019-01-25 17:19:20]	美 a->b
[2019-01-25 17:19:20]	住院 vd->vi
[2019-01-25 17:19:20]	耳语 n->vi
[2019-01-25 17:19:20]	秘密 a->n
[2019-01-25 17:19:20]	机密 a->n
[2019-01-25 17:19:20]	免费 vd->vi
[2019-01-25 17:19:20]	勉强 a->v
[2019-01-25 17:19:20]	民主 a->an
[2019-01-25 17:19:20]	起名 vi->v
[2019-01-25 17:19:20]	模范 a->n
[2019-01-25 17:19:20]	模拟 b->v
[2019-01-25 17:19:20]	磨 n->v
[2019-01-25 17:19:20]	生分 a->ad
[2019-01-25 17:19:20]	墨 b->n
[2019-01-25 17:19:20]	母 b->ng
[2019-01-25 17:19:20]	木 a->ng
[2019-01-25 17:19:20]	捐款 n->vi
[2019-01-25 17:19:20]	拿 p->v
[2019-01-25 17:19:20]	上税 v->vi
[2019-01-25 17:19:20]	委屈 a->v
[2019-01-25 17:19:20]	悲痛 a->an
[2019-01-25 17:19:20]	内蒙古自治区 ns->nz
[2019-01-25 17:19:20]	倪 x->n
[2019-01-25 17:19:20]	拟人 n->nz
[2019-01-25 17:19:20]	年 n->qt
[2019-01-25 17:19:20]	年岁 n->nl
[2019-01-25 17:19:20]	年事 n->nl
[2019-01-25 17:19:20]	凝眸 vd->vi
[2019-01-25 17:19:20]	牛 ag->n
[2019-01-25 17:19:20]	努力 a->an
[2019-01-25 17:19:20]	暖 a->v
[2019-01-25 17:19:20]	温暖 a->an
[2019-01-25 17:19:20]	温热 a->an
[2019-01-25 17:19:20]	和暖 a->an
[2019-01-25 17:19:20]	偶尔 b->d
[2019-01-25 17:19:20]	扑 o->v
[2019-01-25 17:19:20]	攀 b->v
[2019-01-25 17:19:20]	拍 ng->v
[2019-01-25 17:19:20]	排 n->v
[2019-01-25 17:19:20]	排队 n->vi
[2019-01-25 17:19:20]	派出所 n->gms
[2019-01-25 17:19:20]	派遣 v->gms
[2019-01-25 17:19:20]	派出 v->gms
[2019-01-25 17:19:20]	判断 n->v
[2019-01-25 17:19:20]	抛 nr1->v
[2019-01-25 17:19:20]	配套 a->v
[2019-01-25 17:19:20]	烹饪 n->vi
[2019-01-25 17:19:20]	相知 n->v
[2019-01-25 17:19:20]	捧 q->v
[2019-01-25 17:19:20]	批发 v->vn
[2019-01-25 17:19:20]	偏 a->d
[2019-01-25 17:19:20]	单方面 b->n
[2019-01-25 17:19:20]	飘 a->v
[2019-01-25 17:19:20]	撇 q->v
[2019-01-25 17:19:20]	应邀 vd->vi
[2019-01-25 17:19:20]	平 a->v
[2019-01-25 17:19:20]	通常 b->d
[2019-01-25 17:19:20]	破 a->v
[2019-01-25 17:19:20]	铺 n->v
[2019-01-25 17:19:20]	普及 a->v
[2019-01-25 17:19:20]	遍地 vd->vi
[2019-01-25 17:19:20]	限期 n->vi
[2019-01-25 17:19:20]	奇怪 a->v
[2019-01-25 17:19:20]	祷告 v->vn
[2019-01-25 17:19:20]	辗转 vd->vi
[2019-01-25 17:19:20]	蜿蜒 v->z
[2019-01-25 17:19:20]	启示 v->vn
[2019-01-25 17:19:20]	矜持 a->an
[2019-01-25 17:19:20]	署名 n->vi
[2019-01-25 17:19:20]	签名 n->vi
[2019-01-25 17:19:20]	前天 n->t
[2019-01-25 17:19:20]	壮 a->v
[2019-01-25 17:19:20]	争 ng->v
[2019-01-25 17:19:20]	乔木 n->nr
[2019-01-25 17:19:20]	切 ag->v
[2019-01-25 17:19:20]	亲近 a->v
[2019-01-25 17:19:20]	明确 a->v
[2019-01-25 17:19:20]	纯洁 a->v
[2019-01-25 17:19:20]	清明 a->t
[2019-01-25 17:19:20]	晴 an->vi
[2019-01-25 17:19:20]	让 p->v
[2019-01-25 17:19:20]	祝 ng->v
[2019-01-25 17:19:20]	贺 ng->vg
[2019-01-25 17:19:20]	秋 ng->tg
[2019-01-25 17:19:20]	求 ng->v
[2019-01-25 17:19:20]	曲 ag->n
[2019-01-25 17:19:20]	出 q->vf
[2019-01-25 17:19:20]	泉 n->ng
[2019-01-25 17:19:20]	缺 n->v
[2019-01-25 17:19:20]	欠缺 a->vi
[2019-01-25 17:19:20]	火 a->n
[2019-01-25 17:19:20]	夏 ng->tg
[2019-01-25 17:19:20]	热情 a->an
[2019-01-25 17:19:20]	热气球 n->gjtgj
[2019-01-25 17:19:20]	热心 a->v
[2019-01-25 17:19:20]	热忱 a->an
[2019-01-25 17:19:20]	热诚 a->an
[2019-01-25 17:19:20]	委任 n->v
[2019-01-25 17:19:20]	依旧 d->z
[2019-01-25 17:19:20]	照旧 d->v
[2019-01-25 17:19:20]	肉 a->n
[2019-01-25 17:19:20]	肉 a->gms
[2019-01-25 17:19:20]	撒 n->v
[2019-01-25 17:19:20]	塞 b->v
[2019-01-25 17:19:20]	堵 a->v
[2019-01-25 17:19:20]	信步 vd->vi
[2019-01-25 17:19:20]	土 a->n
[2019-01-25 17:19:20]	上 b->f
[2019-01-25 17:19:20]	设计 n->v
[2019-01-25 17:19:20]	摄像 n->vi
[2019-01-25 17:19:20]	申请 n->v
[2019-01-25 17:19:20]	全身 b->n
[2019-01-25 17:19:20]	体 k->ng
[2019-01-25 17:19:20]	身段 n->nz
[2019-01-25 17:19:20]	深入 a->v
[2019-01-25 17:19:20]	深度 ad->n
[2019-01-25 17:19:20]	神气 a->n
[2019-01-25 17:19:20]	升 q->v
[2019-01-25 17:19:20]	增值 n->vi
[2019-01-25 17:19:20]	生 a->v
[2019-01-25 17:19:20]	生产 n->v
[2019-01-25 17:19:20]	出产 n->v
[2019-01-25 17:19:20]	生活 vi->vn
[2019-01-25 17:19:20]	胜利 ad->vi
[2019-01-25 17:19:20]	失落 a->v
[2019-01-25 17:19:20]	狮 n->ng
[2019-01-25 17:19:20]	滋润 a->v
[2019-01-25 17:19:20]	温润 a->an
[2019-01-25 17:19:20]	石 b->ng
[2019-01-25 17:19:20]	时刻 d->n
[2019-01-25 17:19:20]	实践 n->v
[2019-01-25 17:19:20]	实质 a->n
[2019-01-25 17:19:20]	示范 vi->vn
[2019-01-25 17:19:20]	凡间 s->n
[2019-01-25 17:19:20]	是 ng->vshi
[2019-01-25 17:19:20]	便是 v->vd
[2019-01-25 17:19:20]	是否 d->v
[2019-01-25 17:19:20]	释迦牟尼 n->nrf
[2019-01-25 17:19:20]	收条 n->nz
[2019-01-25 17:19:20]	手 k->n
[2019-01-25 17:19:20]	手工 d->n
[2019-01-25 17:19:20]	守法 vd->vi
[2019-01-25 17:19:20]	首创 nz->v
[2019-01-25 17:19:20]	首先 c->d
[2019-01-25 17:19:20]	初 d->f
[2019-01-25 17:19:20]	最初 b->d
[2019-01-25 17:19:20]	禁不起 v->vd
[2019-01-25 17:19:20]	本 d->rz
[2019-01-25 17:19:20]	册 ng->q
[2019-01-25 17:19:20]	书册 n->nl
[2019-01-25 17:19:20]	疏松 a->vn
[2019-01-25 17:19:20]	熟悉 a->v
[2019-01-25 17:19:20]	属实 a->v
[2019-01-25 17:19:20]	鼠 n->ng
[2019-01-25 17:19:20]	竖 n->v
[2019-01-25 17:19:20]	刷 o->v
[2019-01-25 17:19:20]	帅 ng->nr1
[2019-01-25 17:19:20]	水笔 n->nz
[2019-01-25 17:19:20]	说 ng->v
[2019-01-25 17:19:20]	讲 ng->v
[2019-01-25 17:19:20]	司 n->ng
[2019-01-25 17:19:20]	松 a->v
[2019-01-25 17:19:20]	松懈 a->v
[2019-01-25 17:19:20]	宋 nr1->tg
[2019-01-25 17:19:20]	孙 n->nr1
[2019-01-25 17:19:20]	孙子 n->nr
[2019-01-25 17:19:20]	锁 n->v
[2019-01-25 17:19:20]	塔 b->n
[2019-01-25 17:19:20]	贪吃 an->v
[2019-01-25 17:19:20]	贪心 a->v
[2019-01-25 17:19:20]	弹 ng->v
[2019-01-25 17:19:20]	烫 a->v
[2019-01-25 17:19:20]	特别 a->d
[2019-01-25 17:19:20]	希罕 a->v
[2019-01-25 17:19:20]	疼痛 a->an
[2019-01-25 17:19:20]	挑剔 a->v
[2019-01-25 17:19:20]	提成 n->vi
[2019-01-25 17:19:20]	提议 n->v
[2019-01-25 17:19:20]	田野 n->nr
[2019-01-25 17:19:20]	唐 b->tg
[2019-01-25 17:19:20]	甘甜 a->an
[2019-01-25 17:19:20]	担 ng->v
[2019-01-25 17:19:20]	调控 v->vn
[2019-01-25 17:19:20]	跳 q->vi
[2019-01-25 17:19:20]	跳水 vi->vn
[2019-01-25 17:19:20]	跳远 vi->vn
[2019-01-25 17:19:20]	听 q->v
[2019-01-25 17:19:20]	通信 vi->vn
[2019-01-25 17:19:20]	同时 c->n
[2019-01-25 17:19:20]	同期 d->f
[2019-01-25 17:19:20]	统一 a->v
[2019-01-25 17:19:20]	痛苦 a->an
[2019-01-25 17:19:20]	头 k->n
[2019-01-25 17:19:20]	投资 n->v
[2019-01-25 17:19:20]	投入 a->v
[2019-01-25 17:19:20]	突出 a->v
[2019-01-25 17:19:20]	团结 a->v
[2019-01-25 17:19:20]	托 ng->v
[2019-01-25 17:19:20]	歪 a->v
[2019-01-25 17:19:20]	倾斜 vd->vi
[2019-01-25 17:19:20]	斜 a->v
[2019-01-25 17:19:20]	弯 a->v
[2019-01-25 17:19:20]	完善 a->v
[2019-01-25 17:19:20]	玩 ng->v
[2019-01-25 17:19:20]	夜晚 n->t
[2019-01-25 17:19:20]	夜间 f->t
[2019-01-25 17:19:20]	万 d->m
[2019-01-25 17:19:20]	万一 c->d
[2019-01-25 17:19:20]	联网 vd->vi
[2019-01-25 17:19:20]	望 ng->v
[2019-01-25 17:19:20]	无益 a->vi
[2019-01-25 17:19:20]	危险 a->an
[2019-01-25 17:19:20]	威风 a->an
[2019-01-25 17:19:20]	霸气 an->n
[2019-01-25 17:19:20]	微 a->nz
[2019-01-25 17:19:20]	违法 vd->vi
[2019-01-25 17:19:20]	相反 d->vi
[2019-01-25 17:19:20]	浩瀚 a->z
[2019-01-25 17:19:20]	卫生 a->an
[2019-01-25 17:19:20]	位 ng->q
[2019-01-25 17:19:20]	喂 e->v
[2019-01-25 17:19:20]	问候 v->vn
[2019-01-25 17:19:20]	温和 a->nr
[2019-01-25 17:19:20]	刻薄 a->an
[2019-01-25 17:19:20]	文明 a->n
[2019-01-25 17:19:20]	闻 ng->v
[2019-01-25 17:19:20]	问 ng->v
[2019-01-25 17:19:20]	咨询 v->vn
[2019-01-25 17:19:20]	无轨电车 nl->gjtgj
[2019-01-25 17:19:20]	无限 a->vi
[2019-01-25 17:19:20]	无穷 d->z
[2019-01-25 17:19:20]	时价 n->nl
[2019-01-25 17:19:20]	东西 f->n
[2019-01-25 17:19:20]	误工 vi->vn
[2019-01-25 17:19:20]	西 b->f
[2019-01-25 17:19:20]	希望 n->v
[2019-01-25 17:19:20]	就义 vi->v
[2019-01-25 17:19:20]	舍身 d->v
[2019-01-25 17:19:20]	习 ng->vg
[2019-01-25 17:19:20]	系统 a->n
[2019-01-25 17:19:20]	地 n->nz
[2019-01-25 17:19:20]	先后 d->ad
[2019-01-25 17:19:20]	娇艳 a->an
[2019-01-25 17:19:20]	现代 n->t
[2019-01-25 17:19:20]	现实 a->n
[2019-01-25 17:19:20]	相当 d->vi
[2019-01-25 17:19:20]	等同 vd->vi
[2019-01-25 17:19:20]	同样 b->d
[2019-01-25 17:19:20]	香 a->n
[2019-01-25 17:19:20]	想像 v->vd
[2019-01-25 17:19:20]	向 dg->p
[2019-01-25 17:19:20]	朝 b->p
[2019-01-25 17:19:20]	象 n->ng
[2019-01-25 17:19:20]	像 d->v
[2019-01-25 17:19:20]	仿佛 d->v
[2019-01-25 17:19:20]	似 d->vg
[2019-01-25 17:19:20]	飘逸 a->v
[2019-01-25 17:19:20]	童 b->ng
[2019-01-25 17:19:20]	小寒 t->nz
[2019-01-25 17:19:20]	小满 t->nz
[2019-01-25 17:19:20]	小雪 n->nr
[2019-01-25 17:19:20]	艰辛 a->an
[2019-01-25 17:19:20]	辛酸 a->an
[2019-01-25 17:19:20]	新词 n->nl
[2019-01-25 17:19:20]	信 ag->n
[2019-01-25 17:19:20]	信用 a->n
[2019-01-25 17:19:20]	兴奋 a->v
[2019-01-25 17:19:20]	成 a->v
[2019-01-25 17:19:20]	形象 a->n
[2019-01-25 17:19:20]	醒 ng->v
[2019-01-25 17:19:20]	幸福 a->happ
[2019-01-25 17:19:20]	性 k->ng
[2019-01-25 17:19:20]	姓 n->v
[2019-01-25 17:19:20]	名 ag->q
[2019-01-25 17:19:20]	邪恶 a->an
[2019-01-25 17:19:20]	胸 n->ng
[2019-01-25 17:19:20]	公 ad->ng
[2019-01-25 17:19:20]	休假 n->vi
[2019-01-25 17:19:20]	虚伪 a->an
[2019-01-25 17:19:20]	徐 ag->nr1
[2019-01-25 17:19:20]	许 dg->m
[2019-01-25 17:19:20]	学龄 b->n
[2019-01-25 17:19:20]	压抑 a->v
[2019-01-25 17:19:20]	鸭 n->ng
[2019-01-25 17:19:20]	延长 ns->v
[2019-01-25 17:19:20]	延期 vd->vi
[2019-01-25 17:19:20]	缓期 vd->vi
[2019-01-25 17:19:20]	严正 a->nr
[2019-01-25 17:19:20]	高温 an->n
[2019-01-25 17:19:20]	火热 a->z
[2019-01-25 17:19:20]	研究 n->v
[2019-01-25 17:19:20]	演习 v->vn
[2019-01-25 17:19:20]	杨 ng->nr1
[2019-01-25 17:19:20]	阳性 b->n
[2019-01-25 17:19:20]	仰泳 vi->vn
[2019-01-25 17:19:20]	也 b->d
[2019-01-25 17:19:20]	进行 vn->vx
[2019-01-25 17:19:20]	布 b->n
[2019-01-25 17:19:20]	穿戴 n->v
[2019-01-25 17:19:20]	依靠 n->v
[2019-01-25 17:19:20]	移动 v->vn
[2019-01-25 17:19:20]	遗传 n->vn
[2019-01-25 17:19:20]	遗憾 a->sorr
[2019-01-25 17:19:20]	遗存 vi->vn
[2019-01-25 17:19:20]	往时 t->tg
[2019-01-25 17:19:20]	义务 d->n
[2019-01-25 17:19:20]	艺术 a->n
[2019-01-25 17:19:20]	意旨 n->nl
[2019-01-25 17:19:20]	因为 c->p
[2019-01-25 17:19:20]	由于 c->p
[2019-01-25 17:19:20]	银 b->ng
[2019-01-25 17:19:20]	引 ng->v
[2019-01-25 17:19:20]	隐蔽 a->v
[2019-01-25 17:19:20]	隐秘 a->n
[2019-01-25 17:19:20]	印染 v->vn
[2019-01-25 17:19:20]	印 b->v
[2019-01-25 17:19:20]	图章 n->nz
[2019-01-25 17:19:20]	应当 d->v
[2019-01-25 17:19:20]	俊杰 n->nr
[2019-01-25 17:19:20]	影响 n->v
[2019-01-25 17:19:20]	拥挤 a->vi
[2019-01-25 17:19:20]	勇于 d->v
[2019-01-25 17:19:20]	骁勇 a->an
[2019-01-25 17:19:20]	用 ng->p
[2019-01-25 17:19:20]	以 b->p
[2019-01-25 17:19:20]	优胜 a->vi
[2019-01-25 17:19:20]	优先 ad->v
[2019-01-25 17:19:20]	悠远 an->z
[2019-01-25 17:19:20]	油条 n->gms
[2019-01-25 17:19:20]	友善 a->nr
[2019-01-25 17:19:20]	又 c->d
[2019-01-25 17:19:20]	右 a->f
[2019-01-25 17:19:20]	于 ng->p
[2019-01-25 17:19:20]	初赛 n->vi
[2019-01-25 17:19:20]	预言 n->v
[2019-01-25 17:19:20]	冤枉 a->v
[2019-01-25 17:19:20]	原来 b->d
[2019-01-25 17:19:20]	原本 d->n
[2019-01-25 17:19:20]	原则 d->n
[2019-01-25 17:19:20]	圆 a->vg
[2019-01-25 17:19:20]	约会 n->vi
[2019-01-25 17:19:20]	局限 n->vi
[2019-01-25 17:19:20]	云 b->n
[2019-01-25 17:19:20]	正好 z->tg
[2019-01-25 17:19:20]	在 d->p
[2019-01-25 17:19:20]	当 ng->p
[2019-01-25 17:19:20]	暂时 b->d
[2019-01-25 17:19:20]	眼前 s->t
[2019-01-25 17:19:20]	负债 n->vi
[2019-01-25 17:19:20]	站 n->vi
[2019-01-25 17:19:20]	把握 n->v
[2019-01-25 17:19:20]	左右 f->m
[2019-01-25 17:19:20]	折价 vd->vi
[2019-01-25 17:19:20]	真 a->d
[2019-01-25 17:19:20]	实际 a->n
[2019-01-25 17:19:20]	真心 ad->n
[2019-01-25 17:19:20]	衷心 b->d
[2019-01-25 17:19:20]	振动 vi->vn
[2019-01-25 17:19:20]	颠簸 vd->vi
[2019-01-25 17:19:20]	振荡 vi->vn
[2019-01-25 17:19:20]	争议 n->vn
[2019-01-25 17:19:20]	整体 m->n
[2019-01-25 17:19:20]	正 a->d
[2019-01-25 17:19:20]	正面 a->n
[2019-01-25 17:19:20]	正理 n->nl
[2019-01-25 17:19:20]	证明 n->v
[2019-01-25 17:19:20]	对证 vn->n
[2019-01-25 17:19:20]	对照 p->v
[2019-01-25 17:19:20]	说明 n->v
[2019-01-25 17:19:20]	消费 n->vn
[2019-01-25 17:19:20]	明白 a->v
[2019-01-25 17:19:20]	了然 a->v
[2019-01-25 17:19:20]	知 ag->v
[2019-01-25 17:19:20]	直 a->d
[2019-01-25 17:19:20]	直线 d->n
[2019-01-25 17:19:20]	张 ng->q
[2019-01-25 17:19:20]	指挥 n->v
[2019-01-25 17:19:20]	指导 n->v
[2019-01-25 17:19:20]	中档 b->nl
[2019-01-25 17:19:20]	中国 ns->nz
[2019-01-25 17:19:20]	华夏 n->nz
[2019-01-25 17:19:20]	中央 f->n
[2019-01-25 17:19:20]	忠诚 a->v
[2019-01-25 17:19:20]	种 ng->v
[2019-01-25 17:19:20]	重 a->v
[2019-01-25 17:19:20]	关键 a->n
[2019-01-25 17:19:20]	重视 a->v
[2019-01-25 17:19:20]	周 ag->nr1
[2019-01-25 17:19:20]	昼夜 d->n
[2019-01-25 17:19:20]	皱 n->v
[2019-01-25 17:19:20]	朱 ag->nr1
[2019-01-25 17:19:20]	竹 n->ng
[2019-01-25 17:19:20]	主观 a->n
[2019-01-25 17:19:20]	主演 n->v
[2019-01-25 17:19:20]	助理 b->n
[2019-01-25 17:19:20]	大名鼎鼎 al->vl
[2019-01-25 17:19:20]	专门 b->d
[2019-01-25 17:19:20]	专注 a->vi
[2019-01-25 17:19:20]	埋头 vd->vi
[2019-01-25 17:19:20]	专业 a->n
[2019-01-25 17:19:20]	拐弯 n->vi
[2019-01-25 17:19:20]	华美 a->nz
[2019-01-25 17:19:20]	台 b->n
[2019-01-25 17:19:20]	我方 r->n
[2019-01-25 17:19:20]	自强 vd->vi
[2019-01-25 17:19:20]	自主 vd->vi
[2019-01-25 17:19:20]	自然 a->n
[2019-01-25 17:19:20]	自信 a->v
[2019-01-25 17:19:20]	自修 v->vl
[2019-01-25 17:19:20]	综合 a->vn
[2019-01-25 17:19:20]	总结 n->v
[2019-01-25 17:19:20]	纵横 n->v
[2019-01-25 17:19:20]	走私 b->v
[2019-01-25 17:19:20]	构成 n->v
[2019-01-25 17:19:20]	太 a->d
[2019-01-25 17:19:20]	到底 d->vi
[2019-01-25 17:19:20]	孝顺 a->v
[2019-01-25 17:19:20]	遵照 p->v
[2019-01-25 17:19:20]	作 ng->v
[2019-01-25 17:19:20]	零 a->m
[2019-01-25 17:19:20]	一 d->m
[2019-01-25 17:19:20]	九 b->m
[2019-01-25 17:19:20]	低价 ad->n
[2019-01-25 17:19:20]	火车站 n->gjtgj
[2019-01-25 17:19:20]	小时候 n->t
[2019-01-25 17:19:20]	综合性 b->n
[2019-01-25 17:19:20]	高价 d->n
[2019-01-25 17:19:20]	中考 n->v
[2019-01-25 17:19:20]	无效 a->vi
[2019-01-25 17:19:20]	爱人 n->nz
[2019-01-25 17:19:20]	把手 n->nz
[2019-01-25 17:19:20]	人为 b->d
[2019-01-25 17:19:20]	靠山 n->nz
[2019-01-25 17:19:20]	他人 rr->r
[2019-01-25 17:19:20]	不结盟 vi->vn
[2019-01-25 17:19:20]	不是 c->n
[2019-01-25 17:19:20]	不行 a->v
[2019-01-25 17:19:20]	不能 v->vi
[2019-01-25 17:19:20]	不会 v->vi
[2019-01-25 17:19:20]	车号 n->nz
[2019-01-25 17:19:20]	同党 n->nz
[2019-01-25 17:19:20]	上流 b->n
[2019-01-25 17:19:20]	出血 vi->v
[2019-01-25 17:19:20]	打的 v->vi
[2019-01-25 17:19:20]	除法 n->nz
[2019-01-25 17:19:20]	从中 d->n
[2019-01-25 17:19:20]	从宽 d->v
[2019-01-25 17:19:20]	从重 d->v
[2019-01-25 17:19:20]	搭建 v->vd
[2019-01-25 17:19:20]	各人 rr->r
[2019-01-25 17:19:20]	中选 vi->v
[2019-01-25 17:19:20]	各处 rzs->r
[2019-01-25 17:19:20]	四处 d->vi
[2019-01-25 17:19:20]	大路 n->nz
[2019-01-25 17:19:20]	拨打 v->vd
[2019-01-25 17:19:20]	大跌 v->vn
[2019-01-25 17:19:20]	会话 v->vn
[2019-01-25 17:19:20]	对应 vi->v
[2019-01-25 17:19:20]	有余 m->v
[2019-01-25 17:19:20]	要领 n->nz
[2019-01-25 17:19:20]	下学 v->vd
[2019-01-25 17:19:20]	分号 n->nz
[2019-01-25 17:19:20]	不合 v->n
[2019-01-25 17:19:20]	高等 b->a
[2019-01-25 17:19:20]	老大 a->n
[2019-01-25 17:19:20]	还给 v->vd
[2019-01-25 17:19:20]	对等 vi->vn
[2019-01-25 17:19:20]	有心 v->vd
[2019-01-25 17:19:20]	说法 n->nz
[2019-01-25 17:19:20]	真的 a->d
[2019-01-25 17:19:20]	大喊 v->vd
[2019-01-25 17:19:20]	后天 n->t
[2019-01-25 17:19:20]	回家 vi->v
[2019-01-25 17:19:20]	总会 d->n
[2019-01-25 17:19:20]	好多 m->a
[2019-01-25 17:19:20]	才能 n->v
[2019-01-25 17:19:20]	大奖 n->nz
[2019-01-25 17:19:20]	自大 a->an
[2019-01-25 17:19:20]	无礼 a->ad
[2019-01-25 17:19:20]	自得 an->a
[2019-01-25 17:19:20]	开关 n->v
[2019-01-25 17:19:20]	看不起 v->vn
[2019-01-25 17:19:20]	看得起 v->vn
[2019-01-25 17:19:20]	完了 vi->n
[2019-01-25 17:19:20]	理事 n->nz
[2019-01-25 17:19:20]	一口气 d->n
[2019-01-25 17:19:20]	本心 n->nl
[2019-01-25 17:19:20]	论说 vn->vl
[2019-01-25 17:19:20]	中意 a->n
[2019-01-25 17:19:20]	没用 a->v
[2019-01-25 17:19:20]	天天 d->q
[2019-01-25 17:19:20]	秒钟 n->q
[2019-01-25 17:19:20]	他俩 r->n
[2019-01-25 17:19:20]	年间 f->n
[2019-01-25 17:19:20]	江米 n->nz
[2019-01-25 17:19:20]	省钱 a->v
[2019-01-25 17:19:20]	早起 vi->v
[2019-01-25 17:19:20]	开车 vi->v
[2019-01-25 17:19:20]	千米 q->qv
[2019-01-25 17:19:20]	签定 v->vn
[2019-01-25 17:19:20]	好天 n->nz
[2019-01-25 17:19:20]	日食 n->nz
[2019-01-25 17:19:20]	火烧 n->v
[2019-01-25 17:19:20]	就是 c->n
[2019-01-25 17:19:20]	是不是 v->vd
[2019-01-25 17:19:20]	手指 n->nz
[2019-01-25 17:19:20]	国都 d->n
[2019-01-25 17:19:20]	得手 a->v
[2019-01-25 17:19:20]	大小 n->nz
[2019-01-25 17:19:20]	了得 a->ad
[2019-01-25 17:19:20]	脱钩 vi->v
[2019-01-25 17:19:20]	问号 n->nz
[2019-01-25 17:19:20]	西藏自治区 ns->nz
[2019-01-25 17:19:20]	小便 v->vi
[2019-01-25 17:19:20]	好在 d->v
[2019-01-25 17:19:20]	双眼 n->nz
[2019-01-25 17:19:20]	一角 n->v
[2019-01-25 17:19:20]	一元 b->nz
[2019-01-25 17:19:20]	引号 n->nz
[2019-01-25 17:19:20]	有用 a->n
[2019-01-25 17:19:20]	像片 n->nz
[2019-01-25 17:19:20]	争抢 v->vd
[2019-01-25 17:19:20]	小我 n->nz
[2019-01-25 17:19:20]	文字 n->nz
[2019-01-25 17:19:20]	不好 a->n
[2019-01-25 17:19:20]	下雨 vi->v
[2019-01-25 17:19:20]	多功能 b->n
[2019-01-25 17:19:20]	从未 d->n
[2019-01-25 17:19:20]	南北 f->n
[2019-01-25 17:19:20]	从不 d->n
[2019-01-25 17:19:20]	干什么 r->v
[2019-01-25 17:19:20]	不准 v->n
[2019-01-25 17:19:20]	开门 vd->n
[2019-01-25 17:19:20]	睡着 v->vd
[2019-01-25 17:19:20]	呼吸 v->vi
[2019-01-25 17:19:20]	长达 v->vl
[2019-01-25 17:19:20]	首次 m->n
[2019-01-25 17:19:20]	日间 t->nl
[2019-01-25 17:19:20]	辩护人 n->nz
[2019-01-25 17:19:20]	正在 d->n
[2019-01-25 17:19:20]	下流 a->s
[2019-01-25 17:19:20]	怎么办 ryv->n
[2019-01-25 17:19:20]	你好 vl->n
[2019-01-25 17:19:20]	正数 v->n
[2019-01-25 17:19:20]	三角 n->ns
[2019-01-25 17:19:20]	分区 n->v
[2019-01-25 17:19:20]	回车 vi->v
[2019-01-25 17:19:20]	选项 n->v
[2019-01-25 17:19:20]	打字 vi->vn
[2019-01-25 17:19:20]	百度 nz->mq
[2019-01-25 17:19:20]	同呼吸 vl->nl
[2019-01-25 17:19:20]	记得 v->n
[2019-01-25 17:19:20]	还是 c->n
[2019-01-25 17:19:20]	有点 d->n
[2019-01-25 17:19:20]	吃药 v->n
