[2019-03-26 15:02:58]	本分 a->n
[2019-03-26 15:02:58]	按时 d->n
[2019-03-26 15:02:58]	一定 b->n
[2019-03-26 15:02:58]	不结盟 vi->n
[2019-03-26 15:02:58]	不是 c->n
[2019-03-26 15:02:58]	不能 v->n
[2019-03-26 15:02:58]	不会 v->n
[2019-03-26 15:02:58]	出血 vi->n
[2019-03-26 15:02:58]	打的 v->n
[2019-03-26 15:02:58]	除外 vi->n
[2019-03-26 15:02:58]	春分 t->n
[2019-03-26 15:02:58]	从宽 d->n
[2019-03-26 15:02:58]	从重 d->n
[2019-03-26 15:02:58]	搭建 v->n
[2019-03-26 15:02:58]	大寒 t->n
[2019-03-26 15:02:58]	当面 d->n
[2019-03-26 15:02:58]	会话 v->n
[2019-03-26 15:02:58]	分米 q->n
[2019-03-26 15:02:58]	次要 b->n
[2019-03-26 15:02:58]	成心 d->n
[2019-03-26 15:02:58]	一齐 d->n
[2019-03-26 15:02:58]	还账 v->n
[2019-03-26 15:02:58]	不准 v->n
[2019-03-26 15:02:58]	看不起 v->n
[2019-03-26 15:02:58]	看得起 v->n
[2019-03-26 15:02:58]	小产 v->n
[2019-03-26 15:02:58]	天天 d->n
[2019-03-26 15:02:58]	起名 vi->n
[2019-03-26 15:02:58]	上税 v->n
[2019-03-26 15:02:58]	他俩 r->n
[2019-03-26 15:02:58]	千米 q->n
[2019-03-26 15:02:58]	是不是 v->n
[2019-03-26 15:02:58]	禁不起 v->n
[2019-03-26 15:02:58]	先后 d->n
[2019-03-26 15:02:58]	小便 v->n
[2019-03-26 15:02:58]	小满 t->n
[2019-03-26 15:02:58]	吃药 v->n
[2019-03-26 15:02:58]	一元 b->n
[2019-03-26 15:02:58]	正好 z->n
[2019-03-26 15:02:58]	对证 vn->n
[2019-03-26 15:02:58]	中档 b->n
[2019-03-26 15:02:58]	自修 v->n
[2019-03-26 15:02:58]	到底 d->n
[2019-03-26 15:02:58]	和缓 a->n
[2019-03-26 15:02:58]	人为 b->n
[2019-03-26 15:02:58]	长达 v->n
[2019-03-26 15:02:58]	上流 b->n
[2019-03-26 15:02:58]	喜好 an->n
[2019-03-26 15:02:58]	从中 d->n
[2019-03-26 15:02:58]	各人 rr->n
[2019-03-26 15:02:58]	中选 vi->n
[2019-03-26 15:02:58]	各处 rzs->n
[2019-03-26 15:02:58]	四处 d->n
[2019-03-26 15:02:58]	上岸 vi->n
[2019-03-26 15:02:58]	拨打 v->n
[2019-03-26 15:02:58]	大跌 v->n
[2019-03-26 15:02:58]	好多 m->n
[2019-03-26 15:02:58]	下学 v->n
[2019-03-26 15:02:58]	不合 v->n
[2019-03-26 15:02:58]	高等 b->n
[2019-03-26 15:02:58]	老大 a->n
[2019-03-26 15:02:58]	还给 v->n
[2019-03-26 15:02:58]	对等 vi->n
[2019-03-26 15:02:58]	有心 v->n
[2019-03-26 15:02:58]	真的 a->n
[2019-03-26 15:02:58]	大喊 v->n
[2019-03-26 15:02:58]	总会 d->n
[2019-03-26 15:02:58]	该死 vi->n
[2019-03-26 15:02:58]	一口气 d->n
[2019-03-26 15:02:58]	小气 a->n
[2019-03-26 15:02:58]	论说 vn->n
[2019-03-26 15:02:58]	中意 a->n
[2019-03-26 15:02:58]	生分 a->n
[2019-03-26 15:02:58]	内蒙古自治区 ns->n
[2019-03-26 15:02:58]	年间 f->n
[2019-03-26 15:02:58]	和暖 a->n
[2019-03-26 15:02:58]	省钱 a->n
[2019-03-26 15:02:58]	单方面 b->n
[2019-03-26 15:02:58]	早起 vi->n
[2019-03-26 15:02:58]	签定 v->n
[2019-03-26 15:02:58]	凡间 s->n
[2019-03-26 15:02:58]	就是 c->n
[2019-03-26 15:02:58]	便是 v->n
[2019-03-26 15:02:58]	国都 d->n
[2019-03-26 15:02:58]	首次 m->n
[2019-03-26 15:02:58]	睡着 v->n
[2019-03-26 15:02:58]	了得 a->n
[2019-03-26 15:02:58]	西藏自治区 ns->n
[2019-03-26 15:02:58]	想像 v->n
[2019-03-26 15:02:58]	好在 d->n
[2019-03-26 15:02:58]	往时 t->n
[2019-03-26 15:02:58]	争抢 v->n
[2019-03-26 15:02:58]	正在 d->n
[2019-03-26 15:02:58]	我方 r->n
[2019-03-26 15:02:58]	多功能 b->n
[2019-03-26 15:02:58]	黑白 b->n
[2019-03-26 15:02:58]	南北 f->n
[2019-03-26 15:02:58]	干什么 r->n
[2019-03-26 15:02:58]	不断 d->n
[2019-03-26 15:02:58]	同呼吸 vl->n
[2019-03-26 15:02:58]	日间 t->n
[2019-03-26 15:02:58]	还是 c->n
[2019-03-26 15:02:58]	有点 d->n
[2019-03-26 15:02:58]	下流 a->n
[2019-03-26 15:02:58]	怎么办 ryv->n
[2019-03-26 15:02:58]	您好 nl->n
[2019-03-26 15:02:58]	你好 vl->n
[2019-03-26 15:02:58]	交售 v->n
[2019-03-26 15:02:58]	找到 v->n
[2019-03-26 15:02:58]	从来 d->n
[2019-03-26 15:02:58]	约分 v->n
[2019-03-26 15:02:58]	正数 v->n
[2019-03-26 15:02:58]	他人 rr->n
[2019-03-26 15:02:58]	不论 c->n
[2019-03-26 15:02:58]	不管 c->n
[2019-03-26 15:02:58]	出事 vi->n
[2019-03-26 15:02:58]	从此 d->n
[2019-03-26 15:02:58]	当时 t->n
[2019-03-26 15:02:58]	对话 vi->n
[2019-03-26 15:02:58]	吃饭 vi->n
[2019-03-26 15:02:58]	更新 v->n
[2019-03-26 15:02:58]	讲课 vi->n
[2019-03-26 15:02:58]	尽心 a->n
[2019-03-26 15:02:58]	立方 q->n
[2019-03-26 15:02:58]	没关系 vl->n
[2019-03-26 15:02:58]	遍地 vd->n
[2019-03-26 15:02:58]	开车 vi->n
[2019-03-26 15:02:58]	因此 c->n
[2019-03-26 15:02:58]	将来 t->n
[2019-03-26 15:02:58]	以前 f->n
[2019-03-26 15:02:58]	先前 t->n
[2019-03-26 15:02:58]	早上 t->n
[2019-03-26 15:02:58]	正月 t->n
[2019-03-26 15:02:58]	难看 a->n
[2019-03-26 15:02:58]	对头 a->n
[2019-03-26 15:02:58]	正当 a->n
[2019-03-26 15:02:58]	不容 v->n
[2019-03-26 15:02:58]	出手 vi->n
[2019-03-26 15:02:58]	着手 v->n
[2019-03-26 15:02:58]	不错 a->n
[2019-03-26 15:02:58]	不便 a->n
[2019-03-26 15:02:58]	得手 a->n
[2019-03-26 15:02:58]	说话 vi->n
[2019-03-26 15:02:58]	特等 b->n
[2019-03-26 15:02:58]	住手 vi->n
[2019-03-26 15:02:58]	共事 vi->n
[2019-03-26 15:02:58]	从前 t->n
[2019-03-26 15:02:58]	已往 t->n
[2019-03-26 15:02:58]	低下 a->n
[2019-03-26 15:02:58]	当中 f->n
[2019-03-26 15:02:58]	不易 a->n
[2019-03-26 15:02:58]	不可 d->n
[2019-03-26 15:02:58]	至此 d->n
[2019-03-26 15:02:58]	不顾 v->n
[2019-03-26 15:02:58]	正派 a->n
[2019-03-26 15:02:58]	不然 a->n
[2019-03-26 15:02:58]	某人 rr->n
[2019-03-26 15:02:58]	一角 n->v
[2019-03-26 15:02:58]	除外 vi->v
[2019-03-26 15:02:58]	爱人 n->nz
[2019-03-26 15:02:58]	把手 n->nz
[2019-03-26 15:02:58]	靠山 n->nz
[2019-03-26 15:02:58]	不行 a->v
[2019-03-26 15:02:58]	不能 v->vi
[2019-03-26 15:02:58]	不会 v->vi
[2019-03-26 15:02:58]	车号 n->nz
[2019-03-26 15:02:58]	同党 n->nz
[2019-03-26 15:02:58]	打的 v->vi
[2019-03-26 15:02:58]	除法 n->nz
[2019-03-26 15:02:58]	从重 d->v
[2019-03-26 15:02:58]	搭建 v->vd
[2019-03-26 15:02:58]	四处 d->vi
[2019-03-26 15:02:58]	拨打 v->vd
[2019-03-26 15:02:58]	大跌 v->vn
[2019-03-26 15:02:58]	会话 v->vn
[2019-03-26 15:02:58]	要领 n->nz
[2019-03-26 15:02:58]	下学 v->vd
[2019-03-26 15:02:58]	分号 n->nz
[2019-03-26 15:02:58]	不合 v->n
[2019-03-26 15:02:58]	高等 b->a
[2019-03-26 15:02:58]	还给 v->vd
[2019-03-26 15:02:58]	有心 v->vd
[2019-03-26 15:02:58]	说法 n->nz
[2019-03-26 15:02:58]	大喊 v->vd
[2019-03-26 15:02:58]	好多 m->a
[2019-03-26 15:02:58]	大奖 n->nz
[2019-03-26 15:02:58]	无礼 a->ad
[2019-03-26 15:02:58]	看不起 v->vn
[2019-03-26 15:02:58]	看得起 v->vn
[2019-03-26 15:02:58]	理事 n->nz
[2019-03-26 15:02:58]	本心 n->nl
[2019-03-26 15:02:58]	论说 vn->vl
[2019-03-26 15:02:58]	他俩 r->n
[2019-03-26 15:02:58]	江米 n->nz
[2019-03-26 15:02:58]	千米 q->qv
[2019-03-26 15:02:58]	签定 v->vn
[2019-03-26 15:02:58]	好天 n->nz
[2019-03-26 15:02:58]	日食 n->nz
[2019-03-26 15:02:58]	是不是 v->vd
[2019-03-26 15:02:58]	手指 n->nz
[2019-03-26 15:02:58]	睡着 v->vd
[2019-03-26 15:02:58]	大小 n->nz
[2019-03-26 15:02:58]	了得 a->ad
[2019-03-26 15:02:58]	问号 n->nz
[2019-03-26 15:02:58]	西藏自治区 ns->nz
[2019-03-26 15:02:58]	小便 v->vi
[2019-03-26 15:02:58]	好在 d->v
[2019-03-26 15:02:58]	双眼 n->nz
[2019-03-26 15:02:58]	一元 b->nz
[2019-03-26 15:02:58]	引号 n->nz
[2019-03-26 15:02:58]	像片 n->nz
[2019-03-26 15:02:58]	争抢 v->vd
[2019-03-26 15:02:58]	小我 n->nz
[2019-03-26 15:02:58]	文字 n->nz
[2019-03-26 15:02:58]	部分 m->n
[2019-03-26 15:02:58]	别名 n->nz
[2019-03-26 15:02:58]	和缓 a->ad
[2019-03-26 15:02:58]	按时 d->ad
[2019-03-26 15:02:58]	春分 t->n
[2019-03-26 15:02:58]	知了 n->nz
[2019-03-26 15:02:58]	车次 n->nz
[2019-03-26 15:02:58]	大寒 t->nz
[2019-03-26 15:02:58]	大料 n->nz
[2019-03-26 15:02:58]	当面 d->n
[2019-03-26 15:02:58]	上岸 vi->v
[2019-03-26 15:02:58]	对仗 n->nz
[2019-03-26 15:02:58]	分米 q->qt
[2019-03-26 15:02:58]	副词 n->nz
[2019-03-26 15:02:58]	次要 b->bl
[2019-03-26 15:02:58]	成心 d->v
[2019-03-26 15:02:58]	还账 v->vi
[2019-03-26 15:02:58]	该死 vi->v
[2019-03-26 15:02:58]	长项 n->nz
[2019-03-26 15:02:58]	借条 n->nz
[2019-03-26 15:02:58]	买家 n->nz
[2019-03-26 15:02:58]	天车 n->nz
[2019-03-26 15:02:58]	东家 n->nz
[2019-03-26 15:02:58]	小气 a->ad
[2019-03-26 15:02:58]	小产 v->vi
[2019-03-26 15:02:58]	起名 vi->v
[2019-03-26 15:02:58]	生分 a->ad
[2019-03-26 15:02:58]	上税 v->vi
[2019-03-26 15:02:58]	内蒙古自治区 ns->nz
[2019-03-26 15:02:58]	拟人 n->nz
[2019-03-26 15:02:58]	年岁 n->nl
[2019-03-26 15:02:58]	年事 n->nl
[2019-03-26 15:02:58]	身段 n->nz
[2019-03-26 15:02:58]	凡间 s->n
[2019-03-26 15:02:58]	便是 v->vd
[2019-03-26 15:02:58]	收条 n->nz
[2019-03-26 15:02:58]	禁不起 v->vd
[2019-03-26 15:02:58]	书册 n->nl
[2019-03-26 15:02:58]	水笔 n->nz
[2019-03-26 15:02:58]	时价 n->nl
[2019-03-26 15:02:58]	就义 vi->v
[2019-03-26 15:02:58]	先后 d->ad
[2019-03-26 15:02:58]	想像 v->vd
[2019-03-26 15:02:58]	小寒 t->nz
[2019-03-26 15:02:58]	小满 t->nz
[2019-03-26 15:02:58]	新词 n->nl
[2019-03-26 15:02:58]	往时 t->tg
[2019-03-26 15:02:58]	意旨 n->nl
[2019-03-26 15:02:58]	图章 n->nz
[2019-03-26 15:02:58]	正好 z->tg
[2019-03-26 15:02:58]	正理 n->nl
[2019-03-26 15:02:58]	对证 vn->n
[2019-03-26 15:02:58]	中档 b->nl
[2019-03-26 15:02:58]	我方 r->n
[2019-03-26 15:02:58]	自修 v->vl
[2019-03-26 15:02:58]	才能 n->v
[2019-03-26 15:02:58]	秒钟 n->q
[2019-03-26 15:02:58]	火烧 n->v
[2019-03-26 15:02:58]	大路 n->nz
[2019-03-26 15:02:58]	自力 n->nz
[2019-03-26 15:02:58]	女星 n->nl
[2019-03-26 15:02:58]	申请人 n->nl
[2019-03-26 15:02:58]	美女 n->nl
[2019-03-26 15:02:58]	联系人 n->nl
[2019-03-26 15:02:58]	便条 n->nl
[2019-03-26 15:02:58]	中农 n->nl
[2019-03-26 15:02:58]	人道 n->nl
[2019-03-26 15:02:58]	资本家 n->nl
[2019-03-26 15:02:58]	水车 n->nl
[2019-03-26 15:02:58]	马戏 n->nl
[2019-03-26 15:02:58]	除数 n->nz
[2019-03-26 15:02:58]	周长 n->nz
[2019-03-26 15:02:58]	小数 n->nz
[2019-03-26 15:02:58]	经线 n->nz
[2019-03-26 15:02:58]	副手 n->nz
[2019-03-26 15:02:58]	三角 n->ns
[2019-03-26 15:02:58]	切线 n->nz
[2019-03-26 15:02:58]	本着 p->nl
[2019-03-26 15:02:58]	报到 vi->v
[2019-03-26 15:02:58]	不够 a->n
[2019-03-26 15:02:58]	不满 a->v
[2019-03-26 15:02:58]	不同 a->ad
[2019-03-26 15:02:58]	大使 n->nl
[2019-03-26 15:02:58]	对应 vi->v
[2019-03-26 15:02:58]	海带 n->nl
[2019-03-26 15:02:58]	后天 n->t
[2019-03-26 15:02:58]	回家 vi->v
[2019-03-26 15:02:58]	开关 n->v
[2019-03-26 15:02:58]	完了 vi->n
[2019-03-26 15:02:58]	没用 a->v
[2019-03-26 15:02:58]	难听 a->v
[2019-03-26 15:02:58]	暖和 a->ad
[2019-03-26 15:02:58]	排比 n->nz
[2019-03-26 15:02:58]	前天 n->t
[2019-03-26 15:02:58]	上当 vi->v
[2019-03-26 15:02:58]	受不了 al->n
[2019-03-26 15:02:58]	从而 c->cc
[2019-03-26 15:02:58]	图像 n->nl
[2019-03-26 15:02:58]	脱钩 vi->v
[2019-03-26 15:02:58]	周到 a->an
[2019-03-26 15:02:58]	等同 vd->v
[2019-03-26 15:02:58]	有用 a->n
[2019-03-26 15:02:58]	再见 vi->v
[2019-03-26 15:02:58]	有时候 d->n
[2019-03-26 15:02:58]	由此 d->n
[2019-03-26 15:02:58]	有余 m->v
[2019-03-26 15:02:58]	请愿 vi->vn
[2019-03-26 15:02:58]	内在 b->n
[2019-03-26 15:02:58]	不好 a->n
[2019-03-26 15:02:58]	共命运 vl->nl
[2019-03-26 15:02:58]	小于 nr->v
[2019-03-26 15:02:58]	大人 n->nl
[2019-03-26 15:02:58]	乘法 n->nl
[2019-03-26 15:02:58]	对手 n->nl
[2019-03-26 15:02:58]	对方 n->nl
[2019-03-26 15:02:58]	成人 n->nl
[2019-03-26 15:02:58]	所在 n->nl
[2019-03-26 15:02:58]	全年 n->nl
[2019-03-26 15:02:58]	年轻人 n->nl
[2019-03-26 15:02:58]	双手 n->nl
[2019-03-26 15:02:58]	亮点 n->nl
[2019-03-26 15:02:58]	所长 n->nl
[2019-03-26 15:02:58]	天下 n->nl
[2019-03-26 15:02:58]	先人 n->nl
[2019-03-26 15:02:58]	正常人 n->nl
[2019-03-26 15:02:58]	好人 n->nl
[2019-03-26 15:02:58]	国家队 n->nl
[2019-03-26 15:02:58]	党派 n->nl
[2019-03-26 15:02:58]	乘方 n->nl
[2019-03-26 15:02:58]	嗨 e->nl
[2019-03-26 15:02:58]	个人 n->nl
[2019-03-26 15:02:58]	整年 d->n
[2019-03-26 15:02:58]	有声 b->n
[2019-03-26 15:02:58]	新增 v->n
[2019-03-26 15:02:58]	上册 n->nl
[2019-03-26 15:05:45]	本分 a->n
[2019-03-26 15:05:45]	按时 d->n
[2019-03-26 15:05:45]	一定 b->n
[2019-03-26 15:05:45]	不结盟 vi->n
[2019-03-26 15:05:45]	不是 c->n
[2019-03-26 15:05:45]	不能 v->n
[2019-03-26 15:05:45]	不会 v->n
[2019-03-26 15:05:45]	出血 vi->n
[2019-03-26 15:05:45]	打的 v->n
[2019-03-26 15:05:45]	除外 vi->n
[2019-03-26 15:05:45]	春分 t->n
[2019-03-26 15:05:45]	从宽 d->n
[2019-03-26 15:05:45]	从重 d->n
[2019-03-26 15:05:45]	搭建 v->n
[2019-03-26 15:05:45]	大寒 t->n
[2019-03-26 15:05:45]	当面 d->n
[2019-03-26 15:05:45]	会话 v->n
[2019-03-26 15:05:45]	分米 q->n
[2019-03-26 15:05:45]	次要 b->n
[2019-03-26 15:05:45]	成心 d->n
[2019-03-26 15:05:45]	一齐 d->n
[2019-03-26 15:05:45]	还账 v->n
[2019-03-26 15:05:45]	不准 v->n
[2019-03-26 15:05:45]	看不起 v->n
[2019-03-26 15:05:45]	看得起 v->n
[2019-03-26 15:05:45]	小产 v->n
[2019-03-26 15:05:45]	天天 d->n
[2019-03-26 15:05:45]	起名 vi->n
[2019-03-26 15:05:45]	上税 v->n
[2019-03-26 15:05:45]	他俩 r->n
[2019-03-26 15:05:45]	千米 q->n
[2019-03-26 15:05:45]	是不是 v->n
[2019-03-26 15:05:45]	禁不起 v->n
[2019-03-26 15:05:45]	先后 d->n
[2019-03-26 15:05:45]	小便 v->n
[2019-03-26 15:05:45]	小满 t->n
[2019-03-26 15:05:45]	吃药 v->n
[2019-03-26 15:05:45]	一元 b->n
[2019-03-26 15:05:45]	正好 z->n
[2019-03-26 15:05:45]	对证 vn->n
[2019-03-26 15:05:45]	中档 b->n
[2019-03-26 15:05:45]	自修 v->n
[2019-03-26 15:05:45]	到底 d->n
[2019-03-26 15:05:45]	和缓 a->n
[2019-03-26 15:05:45]	人为 b->n
[2019-03-26 15:05:45]	长达 v->n
[2019-03-26 15:05:45]	上流 b->n
[2019-03-26 15:05:45]	喜好 an->n
[2019-03-26 15:05:45]	从中 d->n
[2019-03-26 15:05:45]	各人 rr->n
[2019-03-26 15:05:45]	中选 vi->n
[2019-03-26 15:05:45]	各处 rzs->n
[2019-03-26 15:05:45]	四处 d->n
[2019-03-26 15:05:45]	上岸 vi->n
[2019-03-26 15:05:45]	拨打 v->n
[2019-03-26 15:05:45]	大跌 v->n
[2019-03-26 15:05:45]	好多 m->n
[2019-03-26 15:05:45]	下学 v->n
[2019-03-26 15:05:45]	不合 v->n
[2019-03-26 15:05:45]	高等 b->n
[2019-03-26 15:05:45]	老大 a->n
[2019-03-26 15:05:45]	还给 v->n
[2019-03-26 15:05:45]	对等 vi->n
[2019-03-26 15:05:45]	有心 v->n
[2019-03-26 15:05:45]	真的 a->n
[2019-03-26 15:05:45]	大喊 v->n
[2019-03-26 15:05:45]	总会 d->n
[2019-03-26 15:05:45]	该死 vi->n
[2019-03-26 15:05:45]	一口气 d->n
[2019-03-26 15:05:45]	小气 a->n
[2019-03-26 15:05:45]	论说 vn->n
[2019-03-26 15:05:45]	中意 a->n
[2019-03-26 15:05:45]	生分 a->n
[2019-03-26 15:05:45]	内蒙古自治区 ns->n
[2019-03-26 15:05:45]	年间 f->n
[2019-03-26 15:05:45]	和暖 a->n
[2019-03-26 15:05:45]	省钱 a->n
[2019-03-26 15:05:45]	单方面 b->n
[2019-03-26 15:05:45]	早起 vi->n
[2019-03-26 15:05:45]	签定 v->n
[2019-03-26 15:05:45]	凡间 s->n
[2019-03-26 15:05:45]	就是 c->n
[2019-03-26 15:05:45]	便是 v->n
[2019-03-26 15:05:45]	国都 d->n
[2019-03-26 15:05:45]	首次 m->n
[2019-03-26 15:05:45]	睡着 v->n
[2019-03-26 15:05:45]	了得 a->n
[2019-03-26 15:05:45]	西藏自治区 ns->n
[2019-03-26 15:05:45]	想像 v->n
[2019-03-26 15:05:45]	好在 d->n
[2019-03-26 15:05:45]	往时 t->n
[2019-03-26 15:05:45]	争抢 v->n
[2019-03-26 15:05:45]	正在 d->n
[2019-03-26 15:05:45]	我方 r->n
[2019-03-26 15:05:45]	多功能 b->n
[2019-03-26 15:05:45]	黑白 b->n
[2019-03-26 15:05:45]	南北 f->n
[2019-03-26 15:05:45]	干什么 r->n
[2019-03-26 15:05:45]	不断 d->n
[2019-03-26 15:05:45]	同呼吸 vl->n
[2019-03-26 15:05:45]	日间 t->n
[2019-03-26 15:05:45]	还是 c->n
[2019-03-26 15:05:45]	有点 d->n
[2019-03-26 15:05:45]	下流 a->n
[2019-03-26 15:05:45]	怎么办 ryv->n
[2019-03-26 15:05:45]	您好 nl->n
[2019-03-26 15:05:45]	你好 vl->n
[2019-03-26 15:05:45]	交售 v->n
[2019-03-26 15:05:45]	找到 v->n
[2019-03-26 15:05:45]	从来 d->n
[2019-03-26 15:05:45]	约分 v->n
[2019-03-26 15:05:45]	正数 v->n
[2019-03-26 15:05:45]	他人 rr->n
[2019-03-26 15:05:45]	不论 c->n
[2019-03-26 15:05:45]	不管 c->n
[2019-03-26 15:05:45]	出事 vi->n
[2019-03-26 15:05:45]	从此 d->n
[2019-03-26 15:05:45]	当时 t->n
[2019-03-26 15:05:45]	对话 vi->n
[2019-03-26 15:05:45]	吃饭 vi->n
[2019-03-26 15:05:45]	更新 v->n
[2019-03-26 15:05:45]	讲课 vi->n
[2019-03-26 15:05:45]	尽心 a->n
[2019-03-26 15:05:45]	立方 q->n
[2019-03-26 15:05:45]	没关系 vl->n
[2019-03-26 15:05:45]	遍地 vd->n
[2019-03-26 15:05:45]	开车 vi->n
[2019-03-26 15:05:45]	因此 c->n
[2019-03-26 15:05:45]	将来 t->n
[2019-03-26 15:05:45]	以前 f->n
[2019-03-26 15:05:45]	先前 t->n
[2019-03-26 15:05:45]	早上 t->n
[2019-03-26 15:05:45]	正月 t->n
[2019-03-26 15:05:45]	难看 a->n
[2019-03-26 15:05:45]	对头 a->n
[2019-03-26 15:05:45]	正当 a->n
[2019-03-26 15:05:45]	不容 v->n
[2019-03-26 15:05:45]	出手 vi->n
[2019-03-26 15:05:45]	着手 v->n
[2019-03-26 15:05:45]	不错 a->n
[2019-03-26 15:05:45]	不便 a->n
[2019-03-26 15:05:45]	得手 a->n
[2019-03-26 15:05:45]	说话 vi->n
[2019-03-26 15:05:45]	特等 b->n
[2019-03-26 15:05:45]	住手 vi->n
[2019-03-26 15:05:45]	共事 vi->n
[2019-03-26 15:05:45]	从前 t->n
[2019-03-26 15:05:45]	已往 t->n
[2019-03-26 15:05:45]	低下 a->n
[2019-03-26 15:05:45]	当中 f->n
[2019-03-26 15:05:45]	不易 a->n
[2019-03-26 15:05:45]	不可 d->n
[2019-03-26 15:05:45]	至此 d->n
[2019-03-26 15:05:45]	不顾 v->n
[2019-03-26 15:05:45]	正派 a->n
[2019-03-26 15:05:45]	不然 a->n
[2019-03-26 15:05:45]	某人 rr->n
[2019-03-26 15:05:45]	一角 n->v
[2019-03-26 15:05:45]	除外 vi->v
[2019-03-26 15:05:45]	爱人 n->nz
[2019-03-26 15:05:45]	把手 n->nz
[2019-03-26 15:05:45]	靠山 n->nz
[2019-03-26 15:05:45]	不行 a->v
[2019-03-26 15:05:45]	不能 v->vi
[2019-03-26 15:05:45]	不会 v->vi
[2019-03-26 15:05:45]	车号 n->nz
[2019-03-26 15:05:45]	同党 n->nz
[2019-03-26 15:05:45]	打的 v->vi
[2019-03-26 15:05:45]	除法 n->nz
[2019-03-26 15:05:45]	从重 d->v
[2019-03-26 15:05:45]	搭建 v->vd
[2019-03-26 15:05:45]	四处 d->vi
[2019-03-26 15:05:45]	拨打 v->vd
[2019-03-26 15:05:45]	大跌 v->vn
[2019-03-26 15:05:45]	会话 v->vn
[2019-03-26 15:05:45]	要领 n->nz
[2019-03-26 15:05:45]	下学 v->vd
[2019-03-26 15:05:45]	分号 n->nz
[2019-03-26 15:05:45]	不合 v->n
[2019-03-26 15:05:45]	高等 b->a
[2019-03-26 15:05:45]	还给 v->vd
[2019-03-26 15:05:45]	有心 v->vd
[2019-03-26 15:05:45]	说法 n->nz
[2019-03-26 15:05:45]	大喊 v->vd
[2019-03-26 15:05:45]	好多 m->a
[2019-03-26 15:05:45]	大奖 n->nz
[2019-03-26 15:05:45]	无礼 a->ad
[2019-03-26 15:05:45]	看不起 v->vn
[2019-03-26 15:05:45]	看得起 v->vn
[2019-03-26 15:05:45]	理事 n->nz
[2019-03-26 15:05:45]	本心 n->nl
[2019-03-26 15:05:45]	论说 vn->vl
[2019-03-26 15:05:45]	他俩 r->n
[2019-03-26 15:05:45]	江米 n->nz
[2019-03-26 15:05:45]	千米 q->qv
[2019-03-26 15:05:45]	签定 v->vn
[2019-03-26 15:05:45]	好天 n->nz
[2019-03-26 15:05:45]	日食 n->nz
[2019-03-26 15:05:45]	是不是 v->vd
[2019-03-26 15:05:45]	手指 n->nz
[2019-03-26 15:05:45]	睡着 v->vd
[2019-03-26 15:05:45]	大小 n->nz
[2019-03-26 15:05:45]	了得 a->ad
[2019-03-26 15:05:45]	问号 n->nz
[2019-03-26 15:05:45]	西藏自治区 ns->nz
[2019-03-26 15:05:45]	小便 v->vi
[2019-03-26 15:05:45]	好在 d->v
[2019-03-26 15:05:45]	双眼 n->nz
[2019-03-26 15:05:45]	一元 b->nz
[2019-03-26 15:05:45]	引号 n->nz
[2019-03-26 15:05:45]	像片 n->nz
[2019-03-26 15:05:45]	争抢 v->vd
[2019-03-26 15:05:45]	小我 n->nz
[2019-03-26 15:05:45]	文字 n->nz
[2019-03-26 15:05:45]	部分 m->n
[2019-03-26 15:05:45]	别名 n->nz
[2019-03-26 15:05:45]	和缓 a->ad
[2019-03-26 15:05:45]	按时 d->ad
[2019-03-26 15:05:45]	春分 t->n
[2019-03-26 15:05:45]	知了 n->nz
[2019-03-26 15:05:45]	车次 n->nz
[2019-03-26 15:05:45]	大寒 t->nz
[2019-03-26 15:05:45]	大料 n->nz
[2019-03-26 15:05:45]	当面 d->n
[2019-03-26 15:05:45]	上岸 vi->v
[2019-03-26 15:05:45]	对仗 n->nz
[2019-03-26 15:05:45]	分米 q->qt
[2019-03-26 15:05:45]	副词 n->nz
[2019-03-26 15:05:45]	次要 b->bl
[2019-03-26 15:05:45]	成心 d->v
[2019-03-26 15:05:45]	还账 v->vi
[2019-03-26 15:05:45]	该死 vi->v
[2019-03-26 15:05:45]	长项 n->nz
[2019-03-26 15:05:45]	借条 n->nz
[2019-03-26 15:05:45]	买家 n->nz
[2019-03-26 15:05:45]	天车 n->nz
[2019-03-26 15:05:45]	东家 n->nz
[2019-03-26 15:05:45]	小气 a->ad
[2019-03-26 15:05:45]	小产 v->vi
[2019-03-26 15:05:45]	起名 vi->v
[2019-03-26 15:05:45]	生分 a->ad
[2019-03-26 15:05:45]	上税 v->vi
[2019-03-26 15:05:45]	内蒙古自治区 ns->nz
[2019-03-26 15:05:45]	拟人 n->nz
[2019-03-26 15:05:45]	年岁 n->nl
[2019-03-26 15:05:45]	年事 n->nl
[2019-03-26 15:05:45]	身段 n->nz
[2019-03-26 15:05:45]	凡间 s->n
[2019-03-26 15:05:45]	便是 v->vd
[2019-03-26 15:05:45]	收条 n->nz
[2019-03-26 15:05:45]	禁不起 v->vd
[2019-03-26 15:05:45]	书册 n->nl
[2019-03-26 15:05:45]	水笔 n->nz
[2019-03-26 15:05:45]	时价 n->nl
[2019-03-26 15:05:45]	就义 vi->v
[2019-03-26 15:05:45]	先后 d->ad
[2019-03-26 15:05:45]	想像 v->vd
[2019-03-26 15:05:45]	小寒 t->nz
[2019-03-26 15:05:45]	小满 t->nz
[2019-03-26 15:05:45]	新词 n->nl
[2019-03-26 15:05:45]	往时 t->tg
[2019-03-26 15:05:45]	意旨 n->nl
[2019-03-26 15:05:45]	图章 n->nz
[2019-03-26 15:05:45]	正好 z->tg
[2019-03-26 15:05:45]	正理 n->nl
[2019-03-26 15:05:45]	对证 vn->n
[2019-03-26 15:05:45]	中档 b->nl
[2019-03-26 15:05:45]	我方 r->n
[2019-03-26 15:05:45]	自修 v->vl
[2019-03-26 15:05:45]	才能 n->v
[2019-03-26 15:05:45]	秒钟 n->q
[2019-03-26 15:05:45]	火烧 n->v
[2019-03-26 15:05:45]	大路 n->nz
[2019-03-26 15:05:45]	自力 n->nz
[2019-03-26 15:05:45]	女星 n->nl
[2019-03-26 15:05:45]	申请人 n->nl
[2019-03-26 15:05:45]	美女 n->nl
[2019-03-26 15:05:45]	联系人 n->nl
[2019-03-26 15:05:45]	便条 n->nl
[2019-03-26 15:05:45]	中农 n->nl
[2019-03-26 15:05:45]	人道 n->nl
[2019-03-26 15:05:45]	资本家 n->nl
[2019-03-26 15:05:45]	水车 n->nl
[2019-03-26 15:05:45]	马戏 n->nl
[2019-03-26 15:05:45]	除数 n->nz
[2019-03-26 15:05:45]	周长 n->nz
[2019-03-26 15:05:45]	小数 n->nz
[2019-03-26 15:05:45]	经线 n->nz
[2019-03-26 15:05:45]	副手 n->nz
[2019-03-26 15:05:45]	三角 n->ns
[2019-03-26 15:05:45]	切线 n->nz
[2019-03-26 15:05:45]	本着 p->nl
[2019-03-26 15:05:45]	报到 vi->v
[2019-03-26 15:05:45]	不够 a->n
[2019-03-26 15:05:45]	不满 a->v
[2019-03-26 15:05:45]	不同 a->ad
[2019-03-26 15:05:45]	大使 n->nl
[2019-03-26 15:05:45]	对应 vi->v
[2019-03-26 15:05:45]	海带 n->nl
[2019-03-26 15:05:45]	后天 n->t
[2019-03-26 15:05:45]	回家 vi->v
[2019-03-26 15:05:45]	开关 n->v
[2019-03-26 15:05:45]	完了 vi->n
[2019-03-26 15:05:45]	没用 a->v
[2019-03-26 15:05:45]	难听 a->v
[2019-03-26 15:05:45]	暖和 a->ad
[2019-03-26 15:05:45]	排比 n->nz
[2019-03-26 15:05:45]	前天 n->t
[2019-03-26 15:05:45]	上当 vi->v
[2019-03-26 15:05:45]	受不了 al->n
[2019-03-26 15:05:45]	从而 c->cc
[2019-03-26 15:05:45]	图像 n->nl
[2019-03-26 15:05:45]	脱钩 vi->v
[2019-03-26 15:05:45]	周到 a->an
[2019-03-26 15:05:45]	等同 vd->v
[2019-03-26 15:05:45]	有用 a->n
[2019-03-26 15:05:45]	再见 vi->v
[2019-03-26 15:05:45]	有时候 d->n
[2019-03-26 15:05:45]	由此 d->n
[2019-03-26 15:05:45]	有余 m->v
[2019-03-26 15:05:45]	请愿 vi->vn
[2019-03-26 15:05:45]	内在 b->n
[2019-03-26 15:05:45]	不好 a->n
[2019-03-26 15:05:45]	共命运 vl->nl
[2019-03-26 15:05:45]	小于 nr->v
[2019-03-26 15:05:45]	大人 n->nl
[2019-03-26 15:05:45]	乘法 n->nl
[2019-03-26 15:05:45]	对手 n->nl
[2019-03-26 15:05:45]	对方 n->nl
[2019-03-26 15:05:45]	成人 n->nl
[2019-03-26 15:05:45]	所在 n->nl
[2019-03-26 15:05:45]	全年 n->nl
[2019-03-26 15:05:45]	年轻人 n->nl
[2019-03-26 15:05:45]	双手 n->nl
[2019-03-26 15:05:45]	亮点 n->nl
[2019-03-26 15:05:45]	所长 n->nl
[2019-03-26 15:05:45]	天下 n->nl
[2019-03-26 15:05:45]	先人 n->nl
[2019-03-26 15:05:45]	正常人 n->nl
[2019-03-26 15:05:45]	好人 n->nl
[2019-03-26 15:05:45]	国家队 n->nl
[2019-03-26 15:05:45]	党派 n->nl
[2019-03-26 15:05:45]	乘方 n->nl
[2019-03-26 15:05:45]	嗨 e->nl
[2019-03-26 15:05:45]	个人 n->nl
[2019-03-26 15:05:45]	整年 d->n
[2019-03-26 15:05:45]	有声 b->n
[2019-03-26 15:05:45]	新增 v->n
[2019-03-26 15:05:45]	上册 n->nl
[2019-03-26 17:40:31]	本分 a->n
[2019-03-26 17:40:31]	按时 d->n
[2019-03-26 17:40:31]	一定 b->n
[2019-03-26 17:40:31]	不结盟 vi->n
[2019-03-26 17:40:31]	不是 c->n
[2019-03-26 17:40:31]	不能 v->n
[2019-03-26 17:40:31]	不会 v->n
[2019-03-26 17:40:31]	出血 vi->n
[2019-03-26 17:40:31]	打的 v->n
[2019-03-26 17:40:31]	除外 vi->n
[2019-03-26 17:40:31]	春分 t->n
[2019-03-26 17:40:31]	从宽 d->n
[2019-03-26 17:40:31]	从重 d->n
[2019-03-26 17:40:31]	搭建 v->n
[2019-03-26 17:40:31]	大寒 t->n
[2019-03-26 17:40:31]	当面 d->n
[2019-03-26 17:40:31]	会话 v->n
[2019-03-26 17:40:31]	分米 q->n
[2019-03-26 17:40:31]	次要 b->n
[2019-03-26 17:40:31]	成心 d->n
[2019-03-26 17:40:31]	一齐 d->n
[2019-03-26 17:40:31]	还账 v->n
[2019-03-26 17:40:31]	不准 v->n
[2019-03-26 17:40:31]	看不起 v->n
[2019-03-26 17:40:31]	看得起 v->n
[2019-03-26 17:40:31]	小产 v->n
[2019-03-26 17:40:31]	天天 d->n
[2019-03-26 17:40:31]	起名 vi->n
[2019-03-26 17:40:31]	上税 v->n
[2019-03-26 17:40:31]	他俩 r->n
[2019-03-26 17:40:31]	千米 q->n
[2019-03-26 17:40:31]	是不是 v->n
[2019-03-26 17:40:31]	禁不起 v->n
[2019-03-26 17:40:31]	先后 d->n
[2019-03-26 17:40:31]	小便 v->n
[2019-03-26 17:40:31]	小满 t->n
[2019-03-26 17:40:31]	吃药 v->n
[2019-03-26 17:40:31]	一元 b->n
[2019-03-26 17:40:31]	正好 z->n
[2019-03-26 17:40:31]	对证 vn->n
[2019-03-26 17:40:31]	中档 b->n
[2019-03-26 17:40:31]	自修 v->n
[2019-03-26 17:40:31]	到底 d->n
[2019-03-26 17:40:31]	和缓 a->n
[2019-03-26 17:40:31]	人为 b->n
[2019-03-26 17:40:31]	长达 v->n
[2019-03-26 17:40:31]	上流 b->n
[2019-03-26 17:40:31]	喜好 an->n
[2019-03-26 17:40:31]	从中 d->n
[2019-03-26 17:40:31]	各人 rr->n
[2019-03-26 17:40:31]	中选 vi->n
[2019-03-26 17:40:31]	各处 rzs->n
[2019-03-26 17:40:31]	四处 d->n
[2019-03-26 17:40:31]	上岸 vi->n
[2019-03-26 17:40:31]	拨打 v->n
[2019-03-26 17:40:31]	大跌 v->n
[2019-03-26 17:40:31]	好多 m->n
[2019-03-26 17:40:31]	下学 v->n
[2019-03-26 17:40:31]	不合 v->n
[2019-03-26 17:40:31]	高等 b->n
[2019-03-26 17:40:31]	老大 a->n
[2019-03-26 17:40:31]	还给 v->n
[2019-03-26 17:40:31]	对等 vi->n
[2019-03-26 17:40:31]	有心 v->n
[2019-03-26 17:40:31]	真的 a->n
[2019-03-26 17:40:31]	大喊 v->n
[2019-03-26 17:40:31]	总会 d->n
[2019-03-26 17:40:31]	该死 vi->n
[2019-03-26 17:40:31]	一口气 d->n
[2019-03-26 17:40:31]	小气 a->n
[2019-03-26 17:40:31]	论说 vn->n
[2019-03-26 17:40:31]	中意 a->n
[2019-03-26 17:40:31]	生分 a->n
[2019-03-26 17:40:31]	内蒙古自治区 ns->n
[2019-03-26 17:40:31]	年间 f->n
[2019-03-26 17:40:31]	和暖 a->n
[2019-03-26 17:40:31]	省钱 a->n
[2019-03-26 17:40:31]	单方面 b->n
[2019-03-26 17:40:31]	早起 vi->n
[2019-03-26 17:40:31]	签定 v->n
[2019-03-26 17:40:31]	凡间 s->n
[2019-03-26 17:40:31]	就是 c->n
[2019-03-26 17:40:31]	便是 v->n
[2019-03-26 17:40:31]	国都 d->n
[2019-03-26 17:40:31]	首次 m->n
[2019-03-26 17:40:31]	睡着 v->n
[2019-03-26 17:40:31]	了得 a->n
[2019-03-26 17:40:31]	西藏自治区 ns->n
[2019-03-26 17:40:31]	想像 v->n
[2019-03-26 17:40:31]	好在 d->n
[2019-03-26 17:40:31]	往时 t->n
[2019-03-26 17:40:31]	争抢 v->n
[2019-03-26 17:40:31]	正在 d->n
[2019-03-26 17:40:31]	我方 r->n
[2019-03-26 17:40:31]	多功能 b->n
[2019-03-26 17:40:31]	黑白 b->n
[2019-03-26 17:40:31]	南北 f->n
[2019-03-26 17:40:31]	干什么 r->n
[2019-03-26 17:40:31]	不断 d->n
[2019-03-26 17:40:31]	同呼吸 vl->n
[2019-03-26 17:40:31]	日间 t->n
[2019-03-26 17:40:31]	还是 c->n
[2019-03-26 17:40:31]	有点 d->n
[2019-03-26 17:40:31]	下流 a->n
[2019-03-26 17:40:31]	怎么办 ryv->n
[2019-03-26 17:40:31]	您好 nl->n
[2019-03-26 17:40:31]	你好 vl->n
[2019-03-26 17:40:31]	交售 v->n
[2019-03-26 17:40:31]	找到 v->n
[2019-03-26 17:40:31]	从来 d->n
[2019-03-26 17:40:31]	约分 v->n
[2019-03-26 17:40:31]	正数 v->n
[2019-03-26 17:40:31]	他人 rr->n
[2019-03-26 17:40:31]	不论 c->n
[2019-03-26 17:40:31]	不管 c->n
[2019-03-26 17:40:31]	出事 vi->n
[2019-03-26 17:40:31]	从此 d->n
[2019-03-26 17:40:31]	当时 t->n
[2019-03-26 17:40:31]	对话 vi->n
[2019-03-26 17:40:31]	吃饭 vi->n
[2019-03-26 17:40:31]	更新 v->n
[2019-03-26 17:40:31]	讲课 vi->n
[2019-03-26 17:40:31]	尽心 a->n
[2019-03-26 17:40:31]	立方 q->n
[2019-03-26 17:40:31]	没关系 vl->n
[2019-03-26 17:40:31]	遍地 vd->n
[2019-03-26 17:40:31]	开车 vi->n
[2019-03-26 17:40:31]	因此 c->n
[2019-03-26 17:40:31]	将来 t->n
[2019-03-26 17:40:31]	以前 f->n
[2019-03-26 17:40:31]	先前 t->n
[2019-03-26 17:40:31]	早上 t->n
[2019-03-26 17:40:31]	正月 t->n
[2019-03-26 17:40:31]	难看 a->n
[2019-03-26 17:40:31]	对头 a->n
[2019-03-26 17:40:31]	正当 a->n
[2019-03-26 17:40:31]	不容 v->n
[2019-03-26 17:40:31]	出手 vi->n
[2019-03-26 17:40:31]	着手 v->n
[2019-03-26 17:40:31]	不错 a->n
[2019-03-26 17:40:31]	不便 a->n
[2019-03-26 17:40:31]	得手 a->n
[2019-03-26 17:40:31]	说话 vi->n
[2019-03-26 17:40:31]	特等 b->n
[2019-03-26 17:40:31]	住手 vi->n
[2019-03-26 17:40:31]	共事 vi->n
[2019-03-26 17:40:31]	从前 t->n
[2019-03-26 17:40:31]	已往 t->n
[2019-03-26 17:40:31]	低下 a->n
[2019-03-26 17:40:31]	当中 f->n
[2019-03-26 17:40:31]	不易 a->n
[2019-03-26 17:40:31]	不可 d->n
[2019-03-26 17:40:31]	至此 d->n
[2019-03-26 17:40:31]	不顾 v->n
[2019-03-26 17:40:31]	正派 a->n
[2019-03-26 17:40:31]	不然 a->n
[2019-03-26 17:40:31]	某人 rr->n
[2019-03-26 17:40:31]	一角 n->v
[2019-03-26 17:40:31]	除外 vi->v
[2019-03-26 17:40:31]	爱人 n->nz
[2019-03-26 17:40:31]	把手 n->nz
[2019-03-26 17:40:31]	靠山 n->nz
[2019-03-26 17:40:31]	不行 a->v
[2019-03-26 17:40:31]	不能 v->vi
[2019-03-26 17:40:31]	不会 v->vi
[2019-03-26 17:40:31]	车号 n->nz
[2019-03-26 17:40:31]	同党 n->nz
[2019-03-26 17:40:31]	打的 v->vi
[2019-03-26 17:40:31]	除法 n->nz
[2019-03-26 17:40:31]	从重 d->v
[2019-03-26 17:40:31]	搭建 v->vd
[2019-03-26 17:40:31]	四处 d->vi
[2019-03-26 17:40:31]	拨打 v->vd
[2019-03-26 17:40:31]	大跌 v->vn
[2019-03-26 17:40:31]	会话 v->vn
[2019-03-26 17:40:31]	要领 n->nz
[2019-03-26 17:40:31]	下学 v->vd
[2019-03-26 17:40:31]	分号 n->nz
[2019-03-26 17:40:31]	不合 v->n
[2019-03-26 17:40:31]	高等 b->a
[2019-03-26 17:40:31]	还给 v->vd
[2019-03-26 17:40:31]	有心 v->vd
[2019-03-26 17:40:31]	说法 n->nz
[2019-03-26 17:40:31]	大喊 v->vd
[2019-03-26 17:40:31]	好多 m->a
[2019-03-26 17:40:31]	大奖 n->nz
[2019-03-26 17:40:31]	无礼 a->ad
[2019-03-26 17:40:31]	看不起 v->vn
[2019-03-26 17:40:31]	看得起 v->vn
[2019-03-26 17:40:31]	理事 n->nz
[2019-03-26 17:40:31]	本心 n->nl
[2019-03-26 17:40:31]	论说 vn->vl
[2019-03-26 17:40:31]	他俩 r->n
[2019-03-26 17:40:31]	江米 n->nz
[2019-03-26 17:40:31]	千米 q->qv
[2019-03-26 17:40:31]	签定 v->vn
[2019-03-26 17:40:31]	好天 n->nz
[2019-03-26 17:40:31]	日食 n->nz
[2019-03-26 17:40:31]	是不是 v->vd
[2019-03-26 17:40:31]	手指 n->nz
[2019-03-26 17:40:31]	睡着 v->vd
[2019-03-26 17:40:31]	大小 n->nz
[2019-03-26 17:40:31]	了得 a->ad
[2019-03-26 17:40:31]	问号 n->nz
[2019-03-26 17:40:31]	西藏自治区 ns->nz
[2019-03-26 17:40:31]	小便 v->vi
[2019-03-26 17:40:31]	好在 d->v
[2019-03-26 17:40:31]	双眼 n->nz
[2019-03-26 17:40:31]	一元 b->nz
[2019-03-26 17:40:31]	引号 n->nz
[2019-03-26 17:40:31]	像片 n->nz
[2019-03-26 17:40:31]	争抢 v->vd
[2019-03-26 17:40:31]	小我 n->nz
[2019-03-26 17:40:31]	文字 n->nz
[2019-03-26 17:40:31]	部分 m->n
[2019-03-26 17:40:31]	别名 n->nz
[2019-03-26 17:40:31]	和缓 a->ad
[2019-03-26 17:40:31]	按时 d->ad
[2019-03-26 17:40:31]	春分 t->n
[2019-03-26 17:40:31]	知了 n->nz
[2019-03-26 17:40:31]	车次 n->nz
[2019-03-26 17:40:31]	大寒 t->nz
[2019-03-26 17:40:31]	大料 n->nz
[2019-03-26 17:40:31]	当面 d->n
[2019-03-26 17:40:31]	上岸 vi->v
[2019-03-26 17:40:31]	对仗 n->nz
[2019-03-26 17:40:31]	分米 q->qt
[2019-03-26 17:40:31]	副词 n->nz
[2019-03-26 17:40:31]	次要 b->bl
[2019-03-26 17:40:31]	成心 d->v
[2019-03-26 17:40:31]	还账 v->vi
[2019-03-26 17:40:31]	该死 vi->v
[2019-03-26 17:40:31]	长项 n->nz
[2019-03-26 17:40:31]	借条 n->nz
[2019-03-26 17:40:31]	买家 n->nz
[2019-03-26 17:40:31]	天车 n->nz
[2019-03-26 17:40:31]	东家 n->nz
[2019-03-26 17:40:31]	小气 a->ad
[2019-03-26 17:40:31]	小产 v->vi
[2019-03-26 17:40:31]	起名 vi->v
[2019-03-26 17:40:31]	生分 a->ad
[2019-03-26 17:40:31]	上税 v->vi
[2019-03-26 17:40:31]	内蒙古自治区 ns->nz
[2019-03-26 17:40:31]	拟人 n->nz
[2019-03-26 17:40:31]	年岁 n->nl
[2019-03-26 17:40:31]	年事 n->nl
[2019-03-26 17:40:31]	身段 n->nz
[2019-03-26 17:40:31]	凡间 s->n
[2019-03-26 17:40:31]	便是 v->vd
[2019-03-26 17:40:31]	收条 n->nz
[2019-03-26 17:40:31]	禁不起 v->vd
[2019-03-26 17:40:31]	书册 n->nl
[2019-03-26 17:40:31]	水笔 n->nz
[2019-03-26 17:40:31]	时价 n->nl
[2019-03-26 17:40:31]	就义 vi->v
[2019-03-26 17:40:31]	先后 d->ad
[2019-03-26 17:40:31]	想像 v->vd
[2019-03-26 17:40:31]	小寒 t->nz
[2019-03-26 17:40:31]	小满 t->nz
[2019-03-26 17:40:31]	新词 n->nl
[2019-03-26 17:40:31]	往时 t->tg
[2019-03-26 17:40:31]	意旨 n->nl
[2019-03-26 17:40:31]	图章 n->nz
[2019-03-26 17:40:31]	正好 z->tg
[2019-03-26 17:40:31]	正理 n->nl
[2019-03-26 17:40:31]	对证 vn->n
[2019-03-26 17:40:31]	中档 b->nl
[2019-03-26 17:40:31]	我方 r->n
[2019-03-26 17:40:31]	自修 v->vl
[2019-03-26 17:40:31]	才能 n->v
[2019-03-26 17:40:31]	秒钟 n->q
[2019-03-26 17:40:31]	火烧 n->v
[2019-03-26 17:40:31]	大路 n->nz
[2019-03-26 17:40:31]	自力 n->nz
[2019-03-26 17:40:31]	女星 n->nl
[2019-03-26 17:40:31]	申请人 n->nl
[2019-03-26 17:40:31]	美女 n->nl
[2019-03-26 17:40:31]	联系人 n->nl
[2019-03-26 17:40:31]	便条 n->nl
[2019-03-26 17:40:31]	中农 n->nl
[2019-03-26 17:40:31]	人道 n->nl
[2019-03-26 17:40:31]	资本家 n->nl
[2019-03-26 17:40:31]	水车 n->nl
[2019-03-26 17:40:31]	马戏 n->nl
[2019-03-26 17:40:31]	除数 n->nz
[2019-03-26 17:40:31]	周长 n->nz
[2019-03-26 17:40:31]	小数 n->nz
[2019-03-26 17:40:31]	经线 n->nz
[2019-03-26 17:40:31]	副手 n->nz
[2019-03-26 17:40:31]	三角 n->ns
[2019-03-26 17:40:31]	切线 n->nz
[2019-03-26 17:40:31]	本着 p->nl
[2019-03-26 17:40:31]	报到 vi->v
[2019-03-26 17:40:31]	不够 a->n
[2019-03-26 17:40:31]	不满 a->v
[2019-03-26 17:40:31]	不同 a->ad
[2019-03-26 17:40:31]	大使 n->nl
[2019-03-26 17:40:31]	对应 vi->v
[2019-03-26 17:40:31]	海带 n->nl
[2019-03-26 17:40:31]	后天 n->t
[2019-03-26 17:40:31]	回家 vi->v
[2019-03-26 17:40:31]	开关 n->v
[2019-03-26 17:40:31]	完了 vi->n
[2019-03-26 17:40:31]	没用 a->v
[2019-03-26 17:40:31]	难听 a->v
[2019-03-26 17:40:31]	暖和 a->ad
[2019-03-26 17:40:31]	排比 n->nz
[2019-03-26 17:40:31]	前天 n->t
[2019-03-26 17:40:31]	上当 vi->v
[2019-03-26 17:40:31]	受不了 al->n
[2019-03-26 17:40:31]	从而 c->cc
[2019-03-26 17:40:31]	图像 n->nl
[2019-03-26 17:40:31]	脱钩 vi->v
[2019-03-26 17:40:31]	周到 a->an
[2019-03-26 17:40:31]	等同 vd->v
[2019-03-26 17:40:31]	有用 a->n
[2019-03-26 17:40:31]	再见 vi->v
[2019-03-26 17:40:31]	有时候 d->n
[2019-03-26 17:40:31]	由此 d->n
[2019-03-26 17:40:31]	有余 m->v
[2019-03-26 17:40:31]	请愿 vi->vn
[2019-03-26 17:40:31]	内在 b->n
[2019-03-26 17:40:31]	不好 a->n
[2019-03-26 17:40:31]	共命运 vl->nl
[2019-03-26 17:40:31]	小于 nr->v
[2019-03-26 17:40:31]	大人 n->nl
[2019-03-26 17:40:31]	乘法 n->nl
[2019-03-26 17:40:31]	对手 n->nl
[2019-03-26 17:40:31]	对方 n->nl
[2019-03-26 17:40:31]	成人 n->nl
[2019-03-26 17:40:31]	所在 n->nl
[2019-03-26 17:40:31]	全年 n->nl
[2019-03-26 17:40:31]	年轻人 n->nl
[2019-03-26 17:40:31]	双手 n->nl
[2019-03-26 17:40:31]	亮点 n->nl
[2019-03-26 17:40:31]	所长 n->nl
[2019-03-26 17:40:31]	天下 n->nl
[2019-03-26 17:40:31]	先人 n->nl
[2019-03-26 17:40:31]	正常人 n->nl
[2019-03-26 17:40:31]	好人 n->nl
[2019-03-26 17:40:31]	国家队 n->nl
[2019-03-26 17:40:31]	党派 n->nl
[2019-03-26 17:40:31]	乘方 n->nl
[2019-03-26 17:40:31]	嗨 e->nl
[2019-03-26 17:40:31]	个人 n->nl
[2019-03-26 17:40:31]	整年 d->n
[2019-03-26 17:40:31]	有声 b->n
[2019-03-26 17:40:31]	新增 v->n
[2019-03-26 17:40:31]	上册 n->nl
