[2019-03-27 10:29:21]	本分 a->n
[2019-03-27 10:29:21]	按时 d->n
[2019-03-27 10:29:21]	一定 b->n
[2019-03-27 10:29:21]	不结盟 vi->n
[2019-03-27 10:29:21]	不是 c->n
[2019-03-27 10:29:21]	不能 v->n
[2019-03-27 10:29:21]	不会 v->n
[2019-03-27 10:29:21]	出血 vi->n
[2019-03-27 10:29:21]	打的 v->n
[2019-03-27 10:29:21]	除外 vi->n
[2019-03-27 10:29:21]	春分 t->n
[2019-03-27 10:29:21]	从宽 d->n
[2019-03-27 10:29:21]	从重 d->n
[2019-03-27 10:29:21]	搭建 v->n
[2019-03-27 10:29:21]	大寒 t->n
[2019-03-27 10:29:21]	当面 d->n
[2019-03-27 10:29:21]	会话 v->n
[2019-03-27 10:29:21]	分米 q->n
[2019-03-27 10:29:21]	次要 b->n
[2019-03-27 10:29:21]	成心 d->n
[2019-03-27 10:29:21]	一齐 d->n
[2019-03-27 10:29:21]	还账 v->n
[2019-03-27 10:29:21]	不准 v->n
[2019-03-27 10:29:21]	看不起 v->n
[2019-03-27 10:29:21]	看得起 v->n
[2019-03-27 10:29:21]	小产 v->n
[2019-03-27 10:29:21]	天天 d->n
[2019-03-27 10:29:21]	起名 vi->n
[2019-03-27 10:29:21]	上税 v->n
[2019-03-27 10:29:21]	他俩 r->n
[2019-03-27 10:29:21]	千米 q->n
[2019-03-27 10:29:21]	是不是 v->n
[2019-03-27 10:29:21]	禁不起 v->n
[2019-03-27 10:29:21]	先后 d->n
[2019-03-27 10:29:21]	小便 v->n
[2019-03-27 10:29:21]	小满 t->n
[2019-03-27 10:29:21]	吃药 v->n
[2019-03-27 10:29:21]	一元 b->n
[2019-03-27 10:29:21]	正好 z->n
[2019-03-27 10:29:21]	对证 vn->n
[2019-03-27 10:29:21]	中档 b->n
[2019-03-27 10:29:21]	自修 v->n
[2019-03-27 10:29:21]	到底 d->n
[2019-03-27 10:29:21]	和缓 a->n
[2019-03-27 10:29:21]	人为 b->n
[2019-03-27 10:29:21]	长达 v->n
[2019-03-27 10:29:21]	上流 b->n
[2019-03-27 10:29:21]	喜好 an->n
[2019-03-27 10:29:21]	从中 d->n
[2019-03-27 10:29:21]	各人 rr->n
[2019-03-27 10:29:21]	中选 vi->n
[2019-03-27 10:29:21]	各处 rzs->n
[2019-03-27 10:29:21]	四处 d->n
[2019-03-27 10:29:21]	上岸 vi->n
[2019-03-27 10:29:21]	拨打 v->n
[2019-03-27 10:29:21]	大跌 v->n
[2019-03-27 10:29:21]	好多 m->n
[2019-03-27 10:29:21]	下学 v->n
[2019-03-27 10:29:21]	不合 v->n
[2019-03-27 10:29:21]	高等 b->n
[2019-03-27 10:29:21]	老大 a->n
[2019-03-27 10:29:21]	还给 v->n
[2019-03-27 10:29:21]	对等 vi->n
[2019-03-27 10:29:21]	有心 v->n
[2019-03-27 10:29:21]	真的 a->n
[2019-03-27 10:29:21]	大喊 v->n
[2019-03-27 10:29:21]	总会 d->n
[2019-03-27 10:29:21]	该死 vi->n
[2019-03-27 10:29:21]	一口气 d->n
[2019-03-27 10:29:21]	小气 a->n
[2019-03-27 10:29:21]	论说 vn->n
[2019-03-27 10:29:21]	中意 a->n
[2019-03-27 10:29:21]	生分 a->n
[2019-03-27 10:29:21]	内蒙古自治区 ns->n
[2019-03-27 10:29:21]	年间 f->n
[2019-03-27 10:29:21]	和暖 a->n
[2019-03-27 10:29:21]	省钱 a->n
[2019-03-27 10:29:21]	单方面 b->n
[2019-03-27 10:29:21]	早起 vi->n
[2019-03-27 10:29:21]	签定 v->n
[2019-03-27 10:29:21]	凡间 s->n
[2019-03-27 10:29:21]	就是 c->n
[2019-03-27 10:29:21]	便是 v->n
[2019-03-27 10:29:21]	国都 d->n
[2019-03-27 10:29:21]	首次 m->n
[2019-03-27 10:29:21]	睡着 v->n
[2019-03-27 10:29:21]	了得 a->n
[2019-03-27 10:29:21]	西藏自治区 ns->n
[2019-03-27 10:29:21]	想像 v->n
[2019-03-27 10:29:21]	好在 d->n
[2019-03-27 10:29:21]	往时 t->n
[2019-03-27 10:29:21]	争抢 v->n
[2019-03-27 10:29:21]	正在 d->n
[2019-03-27 10:29:21]	我方 r->n
[2019-03-27 10:29:21]	多功能 b->n
[2019-03-27 10:29:21]	黑白 b->n
[2019-03-27 10:29:21]	南北 f->n
[2019-03-27 10:29:21]	干什么 r->n
[2019-03-27 10:29:21]	不断 d->n
[2019-03-27 10:29:21]	同呼吸 vl->n
[2019-03-27 10:29:21]	日间 t->n
[2019-03-27 10:29:21]	还是 c->n
[2019-03-27 10:29:21]	有点 d->n
[2019-03-27 10:29:21]	下流 a->n
[2019-03-27 10:29:21]	怎么办 ryv->n
[2019-03-27 10:29:21]	您好 nl->n
[2019-03-27 10:29:21]	你好 vl->n
[2019-03-27 10:29:21]	交售 v->n
[2019-03-27 10:29:21]	找到 v->n
[2019-03-27 10:29:21]	从来 d->n
[2019-03-27 10:29:21]	约分 v->n
[2019-03-27 10:29:21]	正数 v->n
[2019-03-27 10:29:21]	他人 rr->n
[2019-03-27 10:29:21]	不论 c->n
[2019-03-27 10:29:21]	不管 c->n
[2019-03-27 10:29:21]	出事 vi->n
[2019-03-27 10:29:21]	从此 d->n
[2019-03-27 10:29:21]	当时 t->n
[2019-03-27 10:29:21]	对话 vi->n
[2019-03-27 10:29:21]	吃饭 vi->n
[2019-03-27 10:29:21]	更新 v->n
[2019-03-27 10:29:21]	讲课 vi->n
[2019-03-27 10:29:21]	尽心 a->n
[2019-03-27 10:29:21]	立方 q->n
[2019-03-27 10:29:21]	没关系 vl->n
[2019-03-27 10:29:21]	遍地 vd->n
[2019-03-27 10:29:21]	开车 vi->n
[2019-03-27 10:29:21]	因此 c->n
[2019-03-27 10:29:21]	将来 t->n
[2019-03-27 10:29:21]	以前 f->n
[2019-03-27 10:29:21]	先前 t->n
[2019-03-27 10:29:21]	早上 t->n
[2019-03-27 10:29:21]	正月 t->n
[2019-03-27 10:29:21]	难看 a->n
[2019-03-27 10:29:21]	对头 a->n
[2019-03-27 10:29:21]	正当 a->n
[2019-03-27 10:29:21]	不容 v->n
[2019-03-27 10:29:21]	出手 vi->n
[2019-03-27 10:29:21]	着手 v->n
[2019-03-27 10:29:21]	不错 a->n
[2019-03-27 10:29:21]	不便 a->n
[2019-03-27 10:29:21]	得手 a->n
[2019-03-27 10:29:21]	说话 vi->n
[2019-03-27 10:29:21]	特等 b->n
[2019-03-27 10:29:21]	住手 vi->n
[2019-03-27 10:29:21]	共事 vi->n
[2019-03-27 10:29:21]	从前 t->n
[2019-03-27 10:29:21]	已往 t->n
[2019-03-27 10:29:21]	低下 a->n
[2019-03-27 10:29:21]	当中 f->n
[2019-03-27 10:29:21]	不易 a->n
[2019-03-27 10:29:21]	不可 d->n
[2019-03-27 10:29:21]	至此 d->n
[2019-03-27 10:29:21]	不顾 v->n
[2019-03-27 10:29:21]	正派 a->n
[2019-03-27 10:29:21]	不然 a->n
[2019-03-27 10:29:21]	某人 rr->n
[2019-03-27 10:29:21]	一角 n->v
[2019-03-27 10:29:21]	除外 vi->v
[2019-03-27 10:29:21]	爱人 n->nz
[2019-03-27 10:29:21]	把手 n->nz
[2019-03-27 10:29:21]	靠山 n->nz
[2019-03-27 10:29:21]	不行 a->v
[2019-03-27 10:29:21]	不能 v->vi
[2019-03-27 10:29:21]	不会 v->vi
[2019-03-27 10:29:21]	车号 n->nz
[2019-03-27 10:29:21]	同党 n->nz
[2019-03-27 10:29:21]	打的 v->vi
[2019-03-27 10:29:21]	除法 n->nz
[2019-03-27 10:29:21]	从重 d->v
[2019-03-27 10:29:21]	搭建 v->vd
[2019-03-27 10:29:21]	四处 d->vi
[2019-03-27 10:29:21]	拨打 v->vd
[2019-03-27 10:29:21]	大跌 v->vn
[2019-03-27 10:29:21]	会话 v->vn
[2019-03-27 10:29:21]	要领 n->nz
[2019-03-27 10:29:21]	下学 v->vd
[2019-03-27 10:29:21]	分号 n->nz
[2019-03-27 10:29:21]	不合 v->n
[2019-03-27 10:29:21]	高等 b->a
[2019-03-27 10:29:21]	还给 v->vd
[2019-03-27 10:29:21]	有心 v->vd
[2019-03-27 10:29:21]	说法 n->nz
[2019-03-27 10:29:21]	大喊 v->vd
[2019-03-27 10:29:21]	好多 m->a
[2019-03-27 10:29:21]	大奖 n->nz
[2019-03-27 10:29:21]	无礼 a->ad
[2019-03-27 10:29:21]	看不起 v->vn
[2019-03-27 10:29:21]	看得起 v->vn
[2019-03-27 10:29:21]	理事 n->nz
[2019-03-27 10:29:21]	本心 n->nl
[2019-03-27 10:29:21]	论说 vn->vl
[2019-03-27 10:29:21]	他俩 r->n
[2019-03-27 10:29:21]	江米 n->nz
[2019-03-27 10:29:21]	千米 q->qv
[2019-03-27 10:29:21]	签定 v->vn
[2019-03-27 10:29:21]	好天 n->nz
[2019-03-27 10:29:21]	日食 n->nz
[2019-03-27 10:29:21]	是不是 v->vd
[2019-03-27 10:29:21]	手指 n->nz
[2019-03-27 10:29:21]	睡着 v->vd
[2019-03-27 10:29:21]	大小 n->nz
[2019-03-27 10:29:21]	了得 a->ad
[2019-03-27 10:29:21]	问号 n->nz
[2019-03-27 10:29:21]	西藏自治区 ns->nz
[2019-03-27 10:29:21]	小便 v->vi
[2019-03-27 10:29:21]	好在 d->v
[2019-03-27 10:29:21]	双眼 n->nz
[2019-03-27 10:29:21]	一元 b->nz
[2019-03-27 10:29:21]	引号 n->nz
[2019-03-27 10:29:21]	像片 n->nz
[2019-03-27 10:29:21]	争抢 v->vd
[2019-03-27 10:29:21]	小我 n->nz
[2019-03-27 10:29:21]	文字 n->nz
[2019-03-27 10:29:21]	部分 m->n
[2019-03-27 10:29:21]	别名 n->nz
[2019-03-27 10:29:21]	和缓 a->ad
[2019-03-27 10:29:21]	按时 d->ad
[2019-03-27 10:29:21]	春分 t->n
[2019-03-27 10:29:21]	知了 n->nz
[2019-03-27 10:29:21]	车次 n->nz
[2019-03-27 10:29:21]	大寒 t->nz
[2019-03-27 10:29:21]	大料 n->nz
[2019-03-27 10:29:21]	当面 d->n
[2019-03-27 10:29:21]	上岸 vi->v
[2019-03-27 10:29:21]	对仗 n->nz
[2019-03-27 10:29:21]	分米 q->qt
[2019-03-27 10:29:21]	副词 n->nz
[2019-03-27 10:29:21]	次要 b->bl
[2019-03-27 10:29:21]	成心 d->v
[2019-03-27 10:29:21]	还账 v->vi
[2019-03-27 10:29:21]	该死 vi->v
[2019-03-27 10:29:21]	长项 n->nz
[2019-03-27 10:29:21]	借条 n->nz
[2019-03-27 10:29:21]	买家 n->nz
[2019-03-27 10:29:21]	天车 n->nz
[2019-03-27 10:29:21]	东家 n->nz
[2019-03-27 10:29:21]	小气 a->ad
[2019-03-27 10:29:21]	小产 v->vi
[2019-03-27 10:29:21]	起名 vi->v
[2019-03-27 10:29:21]	生分 a->ad
[2019-03-27 10:29:21]	上税 v->vi
[2019-03-27 10:29:21]	内蒙古自治区 ns->nz
[2019-03-27 10:29:21]	拟人 n->nz
[2019-03-27 10:29:21]	年岁 n->nl
[2019-03-27 10:29:21]	年事 n->nl
[2019-03-27 10:29:21]	身段 n->nz
[2019-03-27 10:29:21]	凡间 s->n
[2019-03-27 10:29:21]	便是 v->vd
[2019-03-27 10:29:21]	收条 n->nz
[2019-03-27 10:29:21]	禁不起 v->vd
[2019-03-27 10:29:21]	书册 n->nl
[2019-03-27 10:29:21]	水笔 n->nz
[2019-03-27 10:29:21]	时价 n->nl
[2019-03-27 10:29:21]	就义 vi->v
[2019-03-27 10:29:21]	先后 d->ad
[2019-03-27 10:29:21]	想像 v->vd
[2019-03-27 10:29:21]	小寒 t->nz
[2019-03-27 10:29:21]	小满 t->nz
[2019-03-27 10:29:21]	新词 n->nl
[2019-03-27 10:29:21]	往时 t->tg
[2019-03-27 10:29:21]	意旨 n->nl
[2019-03-27 10:29:21]	图章 n->nz
[2019-03-27 10:29:21]	正好 z->tg
[2019-03-27 10:29:21]	正理 n->nl
[2019-03-27 10:29:21]	对证 vn->n
[2019-03-27 10:29:21]	中档 b->nl
[2019-03-27 10:29:21]	我方 r->n
[2019-03-27 10:29:21]	自修 v->vl
[2019-03-27 10:29:21]	才能 n->v
[2019-03-27 10:29:21]	秒钟 n->q
[2019-03-27 10:29:21]	火烧 n->v
[2019-03-27 10:29:21]	大路 n->nz
[2019-03-27 10:29:21]	自力 n->nz
[2019-03-27 10:29:21]	女星 n->nl
[2019-03-27 10:29:21]	申请人 n->nl
[2019-03-27 10:29:21]	美女 n->nl
[2019-03-27 10:29:21]	联系人 n->nl
[2019-03-27 10:29:21]	便条 n->nl
[2019-03-27 10:29:21]	中农 n->nl
[2019-03-27 10:29:21]	人道 n->nl
[2019-03-27 10:29:21]	资本家 n->nl
[2019-03-27 10:29:21]	水车 n->nl
[2019-03-27 10:29:21]	马戏 n->nl
[2019-03-27 10:29:21]	除数 n->nz
[2019-03-27 10:29:21]	周长 n->nz
[2019-03-27 10:29:21]	小数 n->nz
[2019-03-27 10:29:21]	经线 n->nz
[2019-03-27 10:29:21]	副手 n->nz
[2019-03-27 10:29:21]	三角 n->ns
[2019-03-27 10:29:21]	切线 n->nz
[2019-03-27 10:29:21]	本着 p->nl
[2019-03-27 10:29:21]	报到 vi->v
[2019-03-27 10:29:21]	不够 a->n
[2019-03-27 10:29:21]	不满 a->v
[2019-03-27 10:29:21]	不同 a->ad
[2019-03-27 10:29:21]	大使 n->nl
[2019-03-27 10:29:21]	对应 vi->v
[2019-03-27 10:29:21]	海带 n->nl
[2019-03-27 10:29:21]	后天 n->t
[2019-03-27 10:29:21]	回家 vi->v
[2019-03-27 10:29:21]	开关 n->v
[2019-03-27 10:29:21]	完了 vi->n
[2019-03-27 10:29:21]	没用 a->v
[2019-03-27 10:29:21]	难听 a->v
[2019-03-27 10:29:21]	暖和 a->ad
[2019-03-27 10:29:21]	排比 n->nz
[2019-03-27 10:29:21]	前天 n->t
[2019-03-27 10:29:21]	上当 vi->v
[2019-03-27 10:29:21]	受不了 al->n
[2019-03-27 10:29:21]	从而 c->cc
[2019-03-27 10:29:21]	图像 n->nl
[2019-03-27 10:29:21]	脱钩 vi->v
[2019-03-27 10:29:21]	周到 a->an
[2019-03-27 10:29:21]	等同 vd->v
[2019-03-27 10:29:21]	有用 a->n
[2019-03-27 10:29:21]	再见 vi->v
[2019-03-27 10:29:21]	有时候 d->n
[2019-03-27 10:29:21]	由此 d->n
[2019-03-27 10:29:21]	有余 m->v
[2019-03-27 10:29:21]	请愿 vi->vn
[2019-03-27 10:29:21]	内在 b->n
[2019-03-27 10:29:21]	不好 a->n
[2019-03-27 10:29:21]	共命运 vl->nl
[2019-03-27 10:29:21]	小于 nr->v
[2019-03-27 10:29:21]	大人 n->nl
[2019-03-27 10:29:21]	乘法 n->nl
[2019-03-27 10:29:21]	对手 n->nl
[2019-03-27 10:29:21]	对方 n->nl
[2019-03-27 10:29:21]	成人 n->nl
[2019-03-27 10:29:21]	所在 n->nl
[2019-03-27 10:29:21]	全年 n->nl
[2019-03-27 10:29:21]	年轻人 n->nl
[2019-03-27 10:29:21]	双手 n->nl
[2019-03-27 10:29:21]	亮点 n->nl
[2019-03-27 10:29:21]	所长 n->nl
[2019-03-27 10:29:21]	天下 n->nl
[2019-03-27 10:29:21]	先人 n->nl
[2019-03-27 10:29:21]	正常人 n->nl
[2019-03-27 10:29:21]	好人 n->nl
[2019-03-27 10:29:21]	国家队 n->nl
[2019-03-27 10:29:21]	党派 n->nl
[2019-03-27 10:29:21]	乘方 n->nl
[2019-03-27 10:29:21]	嗨 e->nl
[2019-03-27 10:29:21]	个人 n->nl
[2019-03-27 10:29:21]	整年 d->n
[2019-03-27 10:29:21]	有声 b->n
[2019-03-27 10:29:21]	新增 v->n
[2019-03-27 10:29:21]	上册 n->nl
[2019-03-27 10:55:45]	本分 a->n
[2019-03-27 10:55:45]	按时 d->n
[2019-03-27 10:55:45]	一定 b->n
[2019-03-27 10:55:45]	不结盟 vi->n
[2019-03-27 10:55:45]	不是 c->n
[2019-03-27 10:55:45]	不能 v->n
[2019-03-27 10:55:45]	不会 v->n
[2019-03-27 10:55:45]	出血 vi->n
[2019-03-27 10:55:45]	打的 v->n
[2019-03-27 10:55:45]	除外 vi->n
[2019-03-27 10:55:45]	春分 t->n
[2019-03-27 10:55:45]	从宽 d->n
[2019-03-27 10:55:45]	从重 d->n
[2019-03-27 10:55:45]	搭建 v->n
[2019-03-27 10:55:45]	大寒 t->n
[2019-03-27 10:55:45]	当面 d->n
[2019-03-27 10:55:45]	会话 v->n
[2019-03-27 10:55:45]	分米 q->n
[2019-03-27 10:55:45]	次要 b->n
[2019-03-27 10:55:45]	成心 d->n
[2019-03-27 10:55:45]	一齐 d->n
[2019-03-27 10:55:45]	还账 v->n
[2019-03-27 10:55:45]	不准 v->n
[2019-03-27 10:55:45]	看不起 v->n
[2019-03-27 10:55:45]	看得起 v->n
[2019-03-27 10:55:45]	小产 v->n
[2019-03-27 10:55:45]	天天 d->n
[2019-03-27 10:55:45]	起名 vi->n
[2019-03-27 10:55:45]	上税 v->n
[2019-03-27 10:55:45]	他俩 r->n
[2019-03-27 10:55:45]	千米 q->n
[2019-03-27 10:55:45]	是不是 v->n
[2019-03-27 10:55:45]	禁不起 v->n
[2019-03-27 10:55:45]	先后 d->n
[2019-03-27 10:55:45]	小便 v->n
[2019-03-27 10:55:45]	小满 t->n
[2019-03-27 10:55:45]	吃药 v->n
[2019-03-27 10:55:45]	一元 b->n
[2019-03-27 10:55:45]	正好 z->n
[2019-03-27 10:55:45]	对证 vn->n
[2019-03-27 10:55:45]	中档 b->n
[2019-03-27 10:55:45]	自修 v->n
[2019-03-27 10:55:45]	到底 d->n
[2019-03-27 10:55:45]	和缓 a->n
[2019-03-27 10:55:45]	人为 b->n
[2019-03-27 10:55:45]	长达 v->n
[2019-03-27 10:55:45]	上流 b->n
[2019-03-27 10:55:45]	喜好 an->n
[2019-03-27 10:55:45]	从中 d->n
[2019-03-27 10:55:45]	各人 rr->n
[2019-03-27 10:55:45]	中选 vi->n
[2019-03-27 10:55:45]	各处 rzs->n
[2019-03-27 10:55:45]	四处 d->n
[2019-03-27 10:55:45]	上岸 vi->n
[2019-03-27 10:55:45]	拨打 v->n
[2019-03-27 10:55:45]	大跌 v->n
[2019-03-27 10:55:45]	好多 m->n
[2019-03-27 10:55:45]	下学 v->n
[2019-03-27 10:55:45]	不合 v->n
[2019-03-27 10:55:45]	高等 b->n
[2019-03-27 10:55:45]	老大 a->n
[2019-03-27 10:55:45]	还给 v->n
[2019-03-27 10:55:45]	对等 vi->n
[2019-03-27 10:55:45]	有心 v->n
[2019-03-27 10:55:45]	真的 a->n
[2019-03-27 10:55:45]	大喊 v->n
[2019-03-27 10:55:45]	总会 d->n
[2019-03-27 10:55:45]	该死 vi->n
[2019-03-27 10:55:45]	一口气 d->n
[2019-03-27 10:55:45]	小气 a->n
[2019-03-27 10:55:45]	论说 vn->n
[2019-03-27 10:55:45]	中意 a->n
[2019-03-27 10:55:45]	生分 a->n
[2019-03-27 10:55:45]	内蒙古自治区 ns->n
[2019-03-27 10:55:45]	年间 f->n
[2019-03-27 10:55:45]	和暖 a->n
[2019-03-27 10:55:45]	省钱 a->n
[2019-03-27 10:55:45]	单方面 b->n
[2019-03-27 10:55:45]	早起 vi->n
[2019-03-27 10:55:45]	签定 v->n
[2019-03-27 10:55:45]	凡间 s->n
[2019-03-27 10:55:45]	就是 c->n
[2019-03-27 10:55:45]	便是 v->n
[2019-03-27 10:55:45]	国都 d->n
[2019-03-27 10:55:45]	首次 m->n
[2019-03-27 10:55:45]	睡着 v->n
[2019-03-27 10:55:45]	了得 a->n
[2019-03-27 10:55:45]	西藏自治区 ns->n
[2019-03-27 10:55:45]	想像 v->n
[2019-03-27 10:55:45]	好在 d->n
[2019-03-27 10:55:45]	往时 t->n
[2019-03-27 10:55:45]	争抢 v->n
[2019-03-27 10:55:45]	正在 d->n
[2019-03-27 10:55:45]	我方 r->n
[2019-03-27 10:55:45]	多功能 b->n
[2019-03-27 10:55:45]	黑白 b->n
[2019-03-27 10:55:45]	南北 f->n
[2019-03-27 10:55:45]	干什么 r->n
[2019-03-27 10:55:45]	不断 d->n
[2019-03-27 10:55:45]	同呼吸 vl->n
[2019-03-27 10:55:45]	日间 t->n
[2019-03-27 10:55:45]	还是 c->n
[2019-03-27 10:55:45]	有点 d->n
[2019-03-27 10:55:45]	下流 a->n
[2019-03-27 10:55:45]	怎么办 ryv->n
[2019-03-27 10:55:45]	您好 nl->n
[2019-03-27 10:55:45]	你好 vl->n
[2019-03-27 10:55:45]	交售 v->n
[2019-03-27 10:55:45]	找到 v->n
[2019-03-27 10:55:45]	从来 d->n
[2019-03-27 10:55:45]	约分 v->n
[2019-03-27 10:55:45]	正数 v->n
[2019-03-27 10:55:45]	他人 rr->n
[2019-03-27 10:55:45]	不论 c->n
[2019-03-27 10:55:45]	不管 c->n
[2019-03-27 10:55:45]	出事 vi->n
[2019-03-27 10:55:45]	从此 d->n
[2019-03-27 10:55:45]	当时 t->n
[2019-03-27 10:55:45]	对话 vi->n
[2019-03-27 10:55:45]	吃饭 vi->n
[2019-03-27 10:55:45]	更新 v->n
[2019-03-27 10:55:45]	讲课 vi->n
[2019-03-27 10:55:45]	尽心 a->n
[2019-03-27 10:55:45]	立方 q->n
[2019-03-27 10:55:45]	没关系 vl->n
[2019-03-27 10:55:45]	遍地 vd->n
[2019-03-27 10:55:45]	开车 vi->n
[2019-03-27 10:55:45]	因此 c->n
[2019-03-27 10:55:45]	将来 t->n
[2019-03-27 10:55:45]	以前 f->n
[2019-03-27 10:55:45]	先前 t->n
[2019-03-27 10:55:45]	早上 t->n
[2019-03-27 10:55:45]	正月 t->n
[2019-03-27 10:55:45]	难看 a->n
[2019-03-27 10:55:45]	对头 a->n
[2019-03-27 10:55:45]	正当 a->n
[2019-03-27 10:55:45]	不容 v->n
[2019-03-27 10:55:45]	出手 vi->n
[2019-03-27 10:55:45]	着手 v->n
[2019-03-27 10:55:45]	不错 a->n
[2019-03-27 10:55:45]	不便 a->n
[2019-03-27 10:55:45]	得手 a->n
[2019-03-27 10:55:45]	说话 vi->n
[2019-03-27 10:55:45]	特等 b->n
[2019-03-27 10:55:45]	住手 vi->n
[2019-03-27 10:55:45]	共事 vi->n
[2019-03-27 10:55:45]	从前 t->n
[2019-03-27 10:55:45]	已往 t->n
[2019-03-27 10:55:45]	低下 a->n
[2019-03-27 10:55:45]	当中 f->n
[2019-03-27 10:55:45]	不易 a->n
[2019-03-27 10:55:45]	不可 d->n
[2019-03-27 10:55:45]	至此 d->n
[2019-03-27 10:55:45]	不顾 v->n
[2019-03-27 10:55:45]	正派 a->n
[2019-03-27 10:55:45]	不然 a->n
[2019-03-27 10:55:45]	某人 rr->n
[2019-03-27 10:55:45]	一角 n->v
[2019-03-27 10:55:45]	除外 vi->v
[2019-03-27 10:55:45]	爱人 n->nz
[2019-03-27 10:55:45]	把手 n->nz
[2019-03-27 10:55:45]	靠山 n->nz
[2019-03-27 10:55:45]	不行 a->v
[2019-03-27 10:55:45]	不能 v->vi
[2019-03-27 10:55:45]	不会 v->vi
[2019-03-27 10:55:45]	车号 n->nz
[2019-03-27 10:55:45]	同党 n->nz
[2019-03-27 10:55:45]	打的 v->vi
[2019-03-27 10:55:45]	除法 n->nz
[2019-03-27 10:55:45]	从重 d->v
[2019-03-27 10:55:45]	搭建 v->vd
[2019-03-27 10:55:45]	四处 d->vi
[2019-03-27 10:55:45]	拨打 v->vd
[2019-03-27 10:55:45]	大跌 v->vn
[2019-03-27 10:55:45]	会话 v->vn
[2019-03-27 10:55:45]	要领 n->nz
[2019-03-27 10:55:45]	下学 v->vd
[2019-03-27 10:55:45]	分号 n->nz
[2019-03-27 10:55:45]	不合 v->n
[2019-03-27 10:55:45]	高等 b->a
[2019-03-27 10:55:45]	还给 v->vd
[2019-03-27 10:55:45]	有心 v->vd
[2019-03-27 10:55:45]	说法 n->nz
[2019-03-27 10:55:45]	大喊 v->vd
[2019-03-27 10:55:45]	好多 m->a
[2019-03-27 10:55:45]	大奖 n->nz
[2019-03-27 10:55:45]	无礼 a->ad
[2019-03-27 10:55:45]	看不起 v->vn
[2019-03-27 10:55:45]	看得起 v->vn
[2019-03-27 10:55:45]	理事 n->nz
[2019-03-27 10:55:45]	本心 n->nl
[2019-03-27 10:55:45]	论说 vn->vl
[2019-03-27 10:55:45]	他俩 r->n
[2019-03-27 10:55:45]	江米 n->nz
[2019-03-27 10:55:45]	千米 q->qv
[2019-03-27 10:55:45]	签定 v->vn
[2019-03-27 10:55:45]	好天 n->nz
[2019-03-27 10:55:45]	日食 n->nz
[2019-03-27 10:55:45]	是不是 v->vd
[2019-03-27 10:55:45]	手指 n->nz
[2019-03-27 10:55:45]	睡着 v->vd
[2019-03-27 10:55:45]	大小 n->nz
[2019-03-27 10:55:45]	了得 a->ad
[2019-03-27 10:55:45]	问号 n->nz
[2019-03-27 10:55:45]	西藏自治区 ns->nz
[2019-03-27 10:55:45]	小便 v->vi
[2019-03-27 10:55:45]	好在 d->v
[2019-03-27 10:55:45]	双眼 n->nz
[2019-03-27 10:55:45]	一元 b->nz
[2019-03-27 10:55:45]	引号 n->nz
[2019-03-27 10:55:45]	像片 n->nz
[2019-03-27 10:55:45]	争抢 v->vd
[2019-03-27 10:55:45]	小我 n->nz
[2019-03-27 10:55:45]	文字 n->nz
[2019-03-27 10:55:45]	部分 m->n
[2019-03-27 10:55:45]	别名 n->nz
[2019-03-27 10:55:45]	和缓 a->ad
[2019-03-27 10:55:45]	按时 d->ad
[2019-03-27 10:55:45]	春分 t->n
[2019-03-27 10:55:45]	知了 n->nz
[2019-03-27 10:55:45]	车次 n->nz
[2019-03-27 10:55:45]	大寒 t->nz
[2019-03-27 10:55:45]	大料 n->nz
[2019-03-27 10:55:45]	当面 d->n
[2019-03-27 10:55:45]	上岸 vi->v
[2019-03-27 10:55:45]	对仗 n->nz
[2019-03-27 10:55:45]	分米 q->qt
[2019-03-27 10:55:45]	副词 n->nz
[2019-03-27 10:55:45]	次要 b->bl
[2019-03-27 10:55:45]	成心 d->v
[2019-03-27 10:55:45]	还账 v->vi
[2019-03-27 10:55:45]	该死 vi->v
[2019-03-27 10:55:45]	长项 n->nz
[2019-03-27 10:55:45]	借条 n->nz
[2019-03-27 10:55:45]	买家 n->nz
[2019-03-27 10:55:45]	天车 n->nz
[2019-03-27 10:55:45]	东家 n->nz
[2019-03-27 10:55:45]	小气 a->ad
[2019-03-27 10:55:45]	小产 v->vi
[2019-03-27 10:55:45]	起名 vi->v
[2019-03-27 10:55:45]	生分 a->ad
[2019-03-27 10:55:45]	上税 v->vi
[2019-03-27 10:55:45]	内蒙古自治区 ns->nz
[2019-03-27 10:55:45]	拟人 n->nz
[2019-03-27 10:55:45]	年岁 n->nl
[2019-03-27 10:55:45]	年事 n->nl
[2019-03-27 10:55:45]	身段 n->nz
[2019-03-27 10:55:45]	凡间 s->n
[2019-03-27 10:55:45]	便是 v->vd
[2019-03-27 10:55:45]	收条 n->nz
[2019-03-27 10:55:45]	禁不起 v->vd
[2019-03-27 10:55:45]	书册 n->nl
[2019-03-27 10:55:45]	水笔 n->nz
[2019-03-27 10:55:45]	时价 n->nl
[2019-03-27 10:55:45]	就义 vi->v
[2019-03-27 10:55:45]	先后 d->ad
[2019-03-27 10:55:45]	想像 v->vd
[2019-03-27 10:55:45]	小寒 t->nz
[2019-03-27 10:55:45]	小满 t->nz
[2019-03-27 10:55:45]	新词 n->nl
[2019-03-27 10:55:45]	往时 t->tg
[2019-03-27 10:55:45]	意旨 n->nl
[2019-03-27 10:55:45]	图章 n->nz
[2019-03-27 10:55:45]	正好 z->tg
[2019-03-27 10:55:45]	正理 n->nl
[2019-03-27 10:55:45]	对证 vn->n
[2019-03-27 10:55:45]	中档 b->nl
[2019-03-27 10:55:45]	我方 r->n
[2019-03-27 10:55:45]	自修 v->vl
[2019-03-27 10:55:45]	才能 n->v
[2019-03-27 10:55:45]	秒钟 n->q
[2019-03-27 10:55:45]	火烧 n->v
[2019-03-27 10:55:45]	大路 n->nz
[2019-03-27 10:55:45]	自力 n->nz
[2019-03-27 10:55:45]	女星 n->nl
[2019-03-27 10:55:45]	申请人 n->nl
[2019-03-27 10:55:45]	美女 n->nl
[2019-03-27 10:55:45]	联系人 n->nl
[2019-03-27 10:55:45]	便条 n->nl
[2019-03-27 10:55:45]	中农 n->nl
[2019-03-27 10:55:45]	人道 n->nl
[2019-03-27 10:55:45]	资本家 n->nl
[2019-03-27 10:55:45]	水车 n->nl
[2019-03-27 10:55:45]	马戏 n->nl
[2019-03-27 10:55:45]	除数 n->nz
[2019-03-27 10:55:45]	周长 n->nz
[2019-03-27 10:55:45]	小数 n->nz
[2019-03-27 10:55:45]	经线 n->nz
[2019-03-27 10:55:45]	副手 n->nz
[2019-03-27 10:55:45]	三角 n->ns
[2019-03-27 10:55:45]	切线 n->nz
[2019-03-27 10:55:45]	本着 p->nl
[2019-03-27 10:55:45]	报到 vi->v
[2019-03-27 10:55:45]	不够 a->n
[2019-03-27 10:55:45]	不满 a->v
[2019-03-27 10:55:45]	不同 a->ad
[2019-03-27 10:55:45]	大使 n->nl
[2019-03-27 10:55:45]	对应 vi->v
[2019-03-27 10:55:45]	海带 n->nl
[2019-03-27 10:55:45]	后天 n->t
[2019-03-27 10:55:45]	回家 vi->v
[2019-03-27 10:55:45]	开关 n->v
[2019-03-27 10:55:45]	完了 vi->n
[2019-03-27 10:55:45]	没用 a->v
[2019-03-27 10:55:45]	难听 a->v
[2019-03-27 10:55:45]	暖和 a->ad
[2019-03-27 10:55:45]	排比 n->nz
[2019-03-27 10:55:45]	前天 n->t
[2019-03-27 10:55:45]	上当 vi->v
[2019-03-27 10:55:45]	受不了 al->n
[2019-03-27 10:55:45]	从而 c->cc
[2019-03-27 10:55:45]	图像 n->nl
[2019-03-27 10:55:45]	脱钩 vi->v
[2019-03-27 10:55:45]	周到 a->an
[2019-03-27 10:55:45]	等同 vd->v
[2019-03-27 10:55:45]	有用 a->n
[2019-03-27 10:55:45]	再见 vi->v
[2019-03-27 10:55:45]	有时候 d->n
[2019-03-27 10:55:45]	由此 d->n
[2019-03-27 10:55:45]	有余 m->v
[2019-03-27 10:55:45]	请愿 vi->vn
[2019-03-27 10:55:45]	内在 b->n
[2019-03-27 10:55:45]	不好 a->n
[2019-03-27 10:55:45]	共命运 vl->nl
[2019-03-27 10:55:45]	小于 nr->v
[2019-03-27 10:55:45]	大人 n->nl
[2019-03-27 10:55:45]	乘法 n->nl
[2019-03-27 10:55:45]	对手 n->nl
[2019-03-27 10:55:45]	对方 n->nl
[2019-03-27 10:55:45]	成人 n->nl
[2019-03-27 10:55:45]	所在 n->nl
[2019-03-27 10:55:45]	全年 n->nl
[2019-03-27 10:55:45]	年轻人 n->nl
[2019-03-27 10:55:45]	双手 n->nl
[2019-03-27 10:55:45]	亮点 n->nl
[2019-03-27 10:55:45]	所长 n->nl
[2019-03-27 10:55:45]	天下 n->nl
[2019-03-27 10:55:45]	先人 n->nl
[2019-03-27 10:55:45]	正常人 n->nl
[2019-03-27 10:55:45]	好人 n->nl
[2019-03-27 10:55:45]	国家队 n->nl
[2019-03-27 10:55:45]	党派 n->nl
[2019-03-27 10:55:45]	乘方 n->nl
[2019-03-27 10:55:45]	嗨 e->nl
[2019-03-27 10:55:45]	个人 n->nl
[2019-03-27 10:55:45]	整年 d->n
[2019-03-27 10:55:45]	有声 b->n
[2019-03-27 10:55:45]	新增 v->n
[2019-03-27 10:55:45]	上册 n->nl
