[2019-04-15 16:17:55]	本分 a->n
[2019-04-15 16:17:55]	按时 d->n
[2019-04-15 16:17:55]	一定 b->n
[2019-04-15 16:17:55]	不结盟 vi->n
[2019-04-15 16:17:55]	不是 c->n
[2019-04-15 16:17:55]	不能 v->n
[2019-04-15 16:17:55]	不会 v->n
[2019-04-15 16:17:55]	出血 vi->n
[2019-04-15 16:17:55]	打的 v->n
[2019-04-15 16:17:55]	除外 vi->n
[2019-04-15 16:17:55]	春分 t->n
[2019-04-15 16:17:55]	从宽 d->n
[2019-04-15 16:17:55]	从重 d->n
[2019-04-15 16:17:55]	搭建 v->n
[2019-04-15 16:17:55]	大寒 t->n
[2019-04-15 16:17:55]	当面 d->n
[2019-04-15 16:17:55]	会话 v->n
[2019-04-15 16:17:55]	分米 q->n
[2019-04-15 16:17:55]	次要 b->n
[2019-04-15 16:17:55]	成心 d->n
[2019-04-15 16:17:55]	一齐 d->n
[2019-04-15 16:17:55]	还账 v->n
[2019-04-15 16:17:55]	不准 v->n
[2019-04-15 16:17:55]	看不起 v->n
[2019-04-15 16:17:55]	看得起 v->n
[2019-04-15 16:17:55]	小产 v->n
[2019-04-15 16:17:55]	天天 d->n
[2019-04-15 16:17:55]	起名 vi->n
[2019-04-15 16:17:55]	上税 v->n
[2019-04-15 16:17:55]	他俩 r->n
[2019-04-15 16:17:55]	千米 q->n
[2019-04-15 16:17:55]	是不是 v->n
[2019-04-15 16:17:55]	禁不起 v->n
[2019-04-15 16:17:55]	先后 d->n
[2019-04-15 16:17:55]	小便 v->n
[2019-04-15 16:17:55]	小满 t->n
[2019-04-15 16:17:55]	吃药 v->n
[2019-04-15 16:17:55]	一元 b->n
[2019-04-15 16:17:55]	正好 z->n
[2019-04-15 16:17:55]	对证 vn->n
[2019-04-15 16:17:55]	中档 b->n
[2019-04-15 16:17:55]	自修 v->n
[2019-04-15 16:17:55]	到底 d->n
[2019-04-15 16:17:55]	和缓 a->n
[2019-04-15 16:17:55]	人为 b->n
[2019-04-15 16:17:55]	长达 v->n
[2019-04-15 16:17:55]	上流 b->n
[2019-04-15 16:17:55]	喜好 an->n
[2019-04-15 16:17:55]	从中 d->n
[2019-04-15 16:17:55]	各人 rr->n
[2019-04-15 16:17:55]	中选 vi->n
[2019-04-15 16:17:55]	各处 rzs->n
[2019-04-15 16:17:55]	四处 d->n
[2019-04-15 16:17:55]	上岸 vi->n
[2019-04-15 16:17:55]	拨打 v->n
[2019-04-15 16:17:55]	大跌 v->n
[2019-04-15 16:17:55]	好多 m->n
[2019-04-15 16:17:55]	下学 v->n
[2019-04-15 16:17:55]	不合 v->n
[2019-04-15 16:17:55]	高等 b->n
[2019-04-15 16:17:55]	老大 a->n
[2019-04-15 16:17:55]	还给 v->n
[2019-04-15 16:17:55]	对等 vi->n
[2019-04-15 16:17:55]	有心 v->n
[2019-04-15 16:17:55]	真的 a->n
[2019-04-15 16:17:55]	大喊 v->n
[2019-04-15 16:17:55]	总会 d->n
[2019-04-15 16:17:55]	该死 vi->n
[2019-04-15 16:17:55]	一口气 d->n
[2019-04-15 16:17:55]	小气 a->n
[2019-04-15 16:17:55]	论说 vn->n
[2019-04-15 16:17:55]	中意 a->n
[2019-04-15 16:17:55]	生分 a->n
[2019-04-15 16:17:55]	内蒙古自治区 ns->n
[2019-04-15 16:17:55]	年间 f->n
[2019-04-15 16:17:55]	和暖 a->n
[2019-04-15 16:17:55]	省钱 a->n
[2019-04-15 16:17:55]	单方面 b->n
[2019-04-15 16:17:55]	早起 vi->n
[2019-04-15 16:17:55]	签定 v->n
[2019-04-15 16:17:55]	凡间 s->n
[2019-04-15 16:17:55]	就是 c->n
[2019-04-15 16:17:55]	便是 v->n
[2019-04-15 16:17:55]	国都 d->n
[2019-04-15 16:17:55]	首次 m->n
[2019-04-15 16:17:55]	睡着 v->n
[2019-04-15 16:17:55]	了得 a->n
[2019-04-15 16:17:55]	西藏自治区 ns->n
[2019-04-15 16:17:55]	想像 v->n
[2019-04-15 16:17:55]	好在 d->n
[2019-04-15 16:17:55]	往时 t->n
[2019-04-15 16:17:55]	争抢 v->n
[2019-04-15 16:17:55]	正在 d->n
[2019-04-15 16:17:55]	我方 r->n
[2019-04-15 16:17:55]	多功能 b->n
[2019-04-15 16:17:55]	黑白 b->n
[2019-04-15 16:17:55]	南北 f->n
[2019-04-15 16:17:55]	干什么 r->n
[2019-04-15 16:17:55]	不断 d->n
[2019-04-15 16:17:55]	同呼吸 vl->n
[2019-04-15 16:17:55]	日间 t->n
[2019-04-15 16:17:55]	还是 c->n
[2019-04-15 16:17:55]	有点 d->n
[2019-04-15 16:17:55]	下流 a->n
[2019-04-15 16:17:55]	怎么办 ryv->n
[2019-04-15 16:17:55]	您好 nl->n
[2019-04-15 16:17:55]	你好 vl->n
[2019-04-15 16:17:55]	交售 v->n
[2019-04-15 16:17:55]	找到 v->n
[2019-04-15 16:17:55]	从来 d->n
[2019-04-15 16:17:55]	约分 v->n
[2019-04-15 16:17:55]	正数 v->n
[2019-04-15 16:17:55]	他人 rr->n
[2019-04-15 16:17:55]	不论 c->n
[2019-04-15 16:17:55]	不管 c->n
[2019-04-15 16:17:55]	出事 vi->n
[2019-04-15 16:17:55]	从此 d->n
[2019-04-15 16:17:55]	当时 t->n
[2019-04-15 16:17:55]	对话 vi->n
[2019-04-15 16:17:55]	吃饭 vi->n
[2019-04-15 16:17:55]	更新 v->n
[2019-04-15 16:17:55]	讲课 vi->n
[2019-04-15 16:17:55]	尽心 a->n
[2019-04-15 16:17:55]	立方 q->n
[2019-04-15 16:17:55]	没关系 vl->n
[2019-04-15 16:17:55]	遍地 vd->n
[2019-04-15 16:17:55]	开车 vi->n
[2019-04-15 16:17:55]	因此 c->n
[2019-04-15 16:17:55]	将来 t->n
[2019-04-15 16:17:55]	以前 f->n
[2019-04-15 16:17:55]	先前 t->n
[2019-04-15 16:17:55]	早上 t->n
[2019-04-15 16:17:55]	正月 t->n
[2019-04-15 16:17:55]	难看 a->n
[2019-04-15 16:17:55]	对头 a->n
[2019-04-15 16:17:55]	正当 a->n
[2019-04-15 16:17:55]	不容 v->n
[2019-04-15 16:17:55]	出手 vi->n
[2019-04-15 16:17:55]	着手 v->n
[2019-04-15 16:17:55]	不错 a->n
[2019-04-15 16:17:55]	不便 a->n
[2019-04-15 16:17:55]	得手 a->n
[2019-04-15 16:17:55]	说话 vi->n
[2019-04-15 16:17:55]	特等 b->n
[2019-04-15 16:17:55]	住手 vi->n
[2019-04-15 16:17:55]	共事 vi->n
[2019-04-15 16:17:55]	从前 t->n
[2019-04-15 16:17:55]	已往 t->n
[2019-04-15 16:17:55]	低下 a->n
[2019-04-15 16:17:55]	当中 f->n
[2019-04-15 16:17:55]	不易 a->n
[2019-04-15 16:17:55]	不可 d->n
[2019-04-15 16:17:55]	至此 d->n
[2019-04-15 16:17:55]	不顾 v->n
[2019-04-15 16:17:55]	正派 a->n
[2019-04-15 16:17:55]	不然 a->n
[2019-04-15 16:17:55]	某人 rr->n
[2019-04-15 16:17:55]	一角 n->v
[2019-04-15 16:17:55]	除外 vi->v
[2019-04-15 16:17:55]	爱人 n->nz
[2019-04-15 16:17:55]	把手 n->nz
[2019-04-15 16:17:55]	靠山 n->nz
[2019-04-15 16:17:55]	不行 a->v
[2019-04-15 16:17:55]	不能 v->vi
[2019-04-15 16:17:55]	不会 v->vi
[2019-04-15 16:17:55]	车号 n->nz
[2019-04-15 16:17:55]	同党 n->nz
[2019-04-15 16:17:55]	打的 v->vi
[2019-04-15 16:17:55]	除法 n->nz
[2019-04-15 16:17:55]	从重 d->v
[2019-04-15 16:17:55]	搭建 v->vd
[2019-04-15 16:17:55]	四处 d->vi
[2019-04-15 16:17:55]	拨打 v->vd
[2019-04-15 16:17:55]	大跌 v->vn
[2019-04-15 16:17:55]	会话 v->vn
[2019-04-15 16:17:55]	要领 n->nz
[2019-04-15 16:17:55]	下学 v->vd
[2019-04-15 16:17:55]	分号 n->nz
[2019-04-15 16:17:55]	不合 v->n
[2019-04-15 16:17:55]	高等 b->a
[2019-04-15 16:17:55]	还给 v->vd
[2019-04-15 16:17:55]	有心 v->vd
[2019-04-15 16:17:55]	说法 n->nz
[2019-04-15 16:17:55]	大喊 v->vd
[2019-04-15 16:17:55]	好多 m->a
[2019-04-15 16:17:55]	大奖 n->nz
[2019-04-15 16:17:55]	无礼 a->ad
[2019-04-15 16:17:55]	看不起 v->vn
[2019-04-15 16:17:55]	看得起 v->vn
[2019-04-15 16:17:55]	理事 n->nz
[2019-04-15 16:17:55]	本心 n->nl
[2019-04-15 16:17:55]	论说 vn->vl
[2019-04-15 16:17:55]	他俩 r->n
[2019-04-15 16:17:55]	江米 n->nz
[2019-04-15 16:17:55]	千米 q->qv
[2019-04-15 16:17:55]	签定 v->vn
[2019-04-15 16:17:55]	好天 n->nz
[2019-04-15 16:17:55]	日食 n->nz
[2019-04-15 16:17:55]	是不是 v->vd
[2019-04-15 16:17:55]	手指 n->nz
[2019-04-15 16:17:55]	睡着 v->vd
[2019-04-15 16:17:55]	大小 n->nz
[2019-04-15 16:17:55]	了得 a->ad
[2019-04-15 16:17:55]	问号 n->nz
[2019-04-15 16:17:55]	西藏自治区 ns->nz
[2019-04-15 16:17:55]	小便 v->vi
[2019-04-15 16:17:55]	好在 d->v
[2019-04-15 16:17:55]	双眼 n->nz
[2019-04-15 16:17:55]	一元 b->nz
[2019-04-15 16:17:55]	引号 n->nz
[2019-04-15 16:17:55]	像片 n->nz
[2019-04-15 16:17:55]	争抢 v->vd
[2019-04-15 16:17:55]	小我 n->nz
[2019-04-15 16:17:55]	文字 n->nz
[2019-04-15 16:17:55]	部分 m->n
[2019-04-15 16:17:55]	别名 n->nz
[2019-04-15 16:17:55]	和缓 a->ad
[2019-04-15 16:17:55]	按时 d->ad
[2019-04-15 16:17:55]	春分 t->n
[2019-04-15 16:17:55]	知了 n->nz
[2019-04-15 16:17:55]	车次 n->nz
[2019-04-15 16:17:55]	大寒 t->nz
[2019-04-15 16:17:55]	大料 n->nz
[2019-04-15 16:17:55]	当面 d->n
[2019-04-15 16:17:55]	上岸 vi->v
[2019-04-15 16:17:55]	对仗 n->nz
[2019-04-15 16:17:55]	分米 q->qt
[2019-04-15 16:17:55]	副词 n->nz
[2019-04-15 16:17:55]	次要 b->bl
[2019-04-15 16:17:55]	成心 d->v
[2019-04-15 16:17:55]	还账 v->vi
[2019-04-15 16:17:55]	该死 vi->v
[2019-04-15 16:17:55]	长项 n->nz
[2019-04-15 16:17:55]	借条 n->nz
[2019-04-15 16:17:55]	买家 n->nz
[2019-04-15 16:17:55]	天车 n->nz
[2019-04-15 16:17:55]	东家 n->nz
[2019-04-15 16:17:55]	小气 a->ad
[2019-04-15 16:17:55]	小产 v->vi
[2019-04-15 16:17:55]	起名 vi->v
[2019-04-15 16:17:55]	生分 a->ad
[2019-04-15 16:17:55]	上税 v->vi
[2019-04-15 16:17:55]	内蒙古自治区 ns->nz
[2019-04-15 16:17:55]	拟人 n->nz
[2019-04-15 16:17:55]	年岁 n->nl
[2019-04-15 16:17:55]	年事 n->nl
[2019-04-15 16:17:55]	身段 n->nz
[2019-04-15 16:17:55]	凡间 s->n
[2019-04-15 16:17:55]	便是 v->vd
[2019-04-15 16:17:55]	收条 n->nz
[2019-04-15 16:17:55]	禁不起 v->vd
[2019-04-15 16:17:55]	书册 n->nl
[2019-04-15 16:17:55]	水笔 n->nz
[2019-04-15 16:17:55]	时价 n->nl
[2019-04-15 16:17:55]	就义 vi->v
[2019-04-15 16:17:55]	先后 d->ad
[2019-04-15 16:17:55]	想像 v->vd
[2019-04-15 16:17:55]	小寒 t->nz
[2019-04-15 16:17:55]	小满 t->nz
[2019-04-15 16:17:55]	新词 n->nl
[2019-04-15 16:17:55]	往时 t->tg
[2019-04-15 16:17:55]	意旨 n->nl
[2019-04-15 16:17:55]	图章 n->nz
[2019-04-15 16:17:55]	正好 z->tg
[2019-04-15 16:17:55]	正理 n->nl
[2019-04-15 16:17:55]	对证 vn->n
[2019-04-15 16:17:55]	中档 b->nl
[2019-04-15 16:17:55]	我方 r->n
[2019-04-15 16:17:55]	自修 v->vl
[2019-04-15 16:17:55]	才能 n->v
[2019-04-15 16:17:55]	秒钟 n->q
[2019-04-15 16:17:55]	火烧 n->v
[2019-04-15 16:17:55]	大路 n->nz
[2019-04-15 16:17:55]	自力 n->nz
[2019-04-15 16:17:55]	女星 n->nl
[2019-04-15 16:17:55]	申请人 n->nl
[2019-04-15 16:17:55]	美女 n->nl
[2019-04-15 16:17:55]	联系人 n->nl
[2019-04-15 16:17:55]	便条 n->nl
[2019-04-15 16:17:55]	中农 n->nl
[2019-04-15 16:17:55]	人道 n->nl
[2019-04-15 16:17:55]	资本家 n->nl
[2019-04-15 16:17:55]	水车 n->nl
[2019-04-15 16:17:55]	马戏 n->nl
[2019-04-15 16:17:55]	除数 n->nz
[2019-04-15 16:17:55]	周长 n->nz
[2019-04-15 16:17:55]	小数 n->nz
[2019-04-15 16:17:55]	经线 n->nz
[2019-04-15 16:17:55]	副手 n->nz
[2019-04-15 16:17:55]	三角 n->ns
[2019-04-15 16:17:55]	切线 n->nz
[2019-04-15 16:17:55]	本着 p->nl
[2019-04-15 16:17:55]	报到 vi->v
[2019-04-15 16:17:55]	不够 a->n
[2019-04-15 16:17:55]	不满 a->v
[2019-04-15 16:17:55]	不同 a->ad
[2019-04-15 16:17:55]	大使 n->nl
[2019-04-15 16:17:55]	对应 vi->v
[2019-04-15 16:17:55]	海带 n->nl
[2019-04-15 16:17:55]	后天 n->t
[2019-04-15 16:17:55]	回家 vi->v
[2019-04-15 16:17:55]	开关 n->v
[2019-04-15 16:17:55]	完了 vi->n
[2019-04-15 16:17:55]	没用 a->v
[2019-04-15 16:17:55]	难听 a->v
[2019-04-15 16:17:55]	暖和 a->ad
[2019-04-15 16:17:55]	排比 n->nz
[2019-04-15 16:17:55]	前天 n->t
[2019-04-15 16:17:55]	上当 vi->v
[2019-04-15 16:17:55]	受不了 al->n
[2019-04-15 16:17:55]	从而 c->cc
[2019-04-15 16:17:55]	图像 n->nl
[2019-04-15 16:17:55]	脱钩 vi->v
[2019-04-15 16:17:55]	周到 a->an
[2019-04-15 16:17:55]	等同 vd->v
[2019-04-15 16:17:55]	有用 a->n
[2019-04-15 16:17:55]	再见 vi->v
[2019-04-15 16:17:55]	有时候 d->n
[2019-04-15 16:17:55]	由此 d->n
[2019-04-15 16:17:55]	有余 m->v
[2019-04-15 16:17:55]	请愿 vi->vn
[2019-04-15 16:17:55]	内在 b->n
[2019-04-15 16:17:55]	不好 a->n
[2019-04-15 16:17:55]	共命运 vl->nl
[2019-04-15 16:17:55]	小于 nr->v
[2019-04-15 16:17:55]	大人 n->nl
[2019-04-15 16:17:55]	乘法 n->nl
[2019-04-15 16:17:55]	对手 n->nl
[2019-04-15 16:17:55]	对方 n->nl
[2019-04-15 16:17:55]	成人 n->nl
[2019-04-15 16:17:55]	所在 n->nl
[2019-04-15 16:17:55]	全年 n->nl
[2019-04-15 16:17:55]	年轻人 n->nl
[2019-04-15 16:17:55]	双手 n->nl
[2019-04-15 16:17:55]	亮点 n->nl
[2019-04-15 16:17:55]	所长 n->nl
[2019-04-15 16:17:55]	天下 n->nl
[2019-04-15 16:17:55]	先人 n->nl
[2019-04-15 16:17:55]	正常人 n->nl
[2019-04-15 16:17:55]	好人 n->nl
[2019-04-15 16:17:55]	国家队 n->nl
[2019-04-15 16:17:55]	党派 n->nl
[2019-04-15 16:17:55]	乘方 n->nl
[2019-04-15 16:17:55]	嗨 e->nl
[2019-04-15 16:17:55]	个人 n->nl
[2019-04-15 16:17:55]	整年 d->n
[2019-04-15 16:17:55]	有声 b->n
[2019-04-15 16:17:55]	新增 v->n
[2019-04-15 16:17:55]	上册 n->nl
[2019-04-15 19:43:11]	本分 a->n
[2019-04-15 19:43:11]	按时 d->n
[2019-04-15 19:43:11]	一定 b->n
[2019-04-15 19:43:11]	不结盟 vi->n
[2019-04-15 19:43:11]	不是 c->n
[2019-04-15 19:43:11]	不能 v->n
[2019-04-15 19:43:11]	不会 v->n
[2019-04-15 19:43:11]	出血 vi->n
[2019-04-15 19:43:11]	打的 v->n
[2019-04-15 19:43:11]	除外 vi->n
[2019-04-15 19:43:11]	春分 t->n
[2019-04-15 19:43:11]	从宽 d->n
[2019-04-15 19:43:11]	从重 d->n
[2019-04-15 19:43:11]	搭建 v->n
[2019-04-15 19:43:11]	大寒 t->n
[2019-04-15 19:43:11]	当面 d->n
[2019-04-15 19:43:11]	会话 v->n
[2019-04-15 19:43:11]	分米 q->n
[2019-04-15 19:43:11]	次要 b->n
[2019-04-15 19:43:11]	成心 d->n
[2019-04-15 19:43:11]	一齐 d->n
[2019-04-15 19:43:11]	还账 v->n
[2019-04-15 19:43:11]	不准 v->n
[2019-04-15 19:43:11]	看不起 v->n
[2019-04-15 19:43:11]	看得起 v->n
[2019-04-15 19:43:11]	小产 v->n
[2019-04-15 19:43:11]	天天 d->n
[2019-04-15 19:43:11]	起名 vi->n
[2019-04-15 19:43:11]	上税 v->n
[2019-04-15 19:43:11]	他俩 r->n
[2019-04-15 19:43:11]	千米 q->n
[2019-04-15 19:43:11]	是不是 v->n
[2019-04-15 19:43:11]	禁不起 v->n
[2019-04-15 19:43:11]	先后 d->n
[2019-04-15 19:43:11]	小便 v->n
[2019-04-15 19:43:11]	小满 t->n
[2019-04-15 19:43:11]	吃药 v->n
[2019-04-15 19:43:11]	一元 b->n
[2019-04-15 19:43:11]	正好 z->n
[2019-04-15 19:43:11]	对证 vn->n
[2019-04-15 19:43:11]	中档 b->n
[2019-04-15 19:43:11]	自修 v->n
[2019-04-15 19:43:11]	到底 d->n
[2019-04-15 19:43:11]	和缓 a->n
[2019-04-15 19:43:11]	人为 b->n
[2019-04-15 19:43:11]	长达 v->n
[2019-04-15 19:43:11]	上流 b->n
[2019-04-15 19:43:11]	喜好 an->n
[2019-04-15 19:43:11]	从中 d->n
[2019-04-15 19:43:11]	各人 rr->n
[2019-04-15 19:43:11]	中选 vi->n
[2019-04-15 19:43:11]	各处 rzs->n
[2019-04-15 19:43:11]	四处 d->n
[2019-04-15 19:43:11]	上岸 vi->n
[2019-04-15 19:43:11]	拨打 v->n
[2019-04-15 19:43:11]	大跌 v->n
[2019-04-15 19:43:11]	好多 m->n
[2019-04-15 19:43:11]	下学 v->n
[2019-04-15 19:43:11]	不合 v->n
[2019-04-15 19:43:11]	高等 b->n
[2019-04-15 19:43:11]	老大 a->n
[2019-04-15 19:43:11]	还给 v->n
[2019-04-15 19:43:11]	对等 vi->n
[2019-04-15 19:43:11]	有心 v->n
[2019-04-15 19:43:11]	真的 a->n
[2019-04-15 19:43:11]	大喊 v->n
[2019-04-15 19:43:11]	总会 d->n
[2019-04-15 19:43:11]	该死 vi->n
[2019-04-15 19:43:11]	一口气 d->n
[2019-04-15 19:43:11]	小气 a->n
[2019-04-15 19:43:11]	论说 vn->n
[2019-04-15 19:43:11]	中意 a->n
[2019-04-15 19:43:11]	生分 a->n
[2019-04-15 19:43:11]	内蒙古自治区 ns->n
[2019-04-15 19:43:11]	年间 f->n
[2019-04-15 19:43:11]	和暖 a->n
[2019-04-15 19:43:11]	省钱 a->n
[2019-04-15 19:43:11]	单方面 b->n
[2019-04-15 19:43:11]	早起 vi->n
[2019-04-15 19:43:11]	签定 v->n
[2019-04-15 19:43:11]	凡间 s->n
[2019-04-15 19:43:11]	就是 c->n
[2019-04-15 19:43:11]	便是 v->n
[2019-04-15 19:43:11]	国都 d->n
[2019-04-15 19:43:11]	首次 m->n
[2019-04-15 19:43:11]	睡着 v->n
[2019-04-15 19:43:11]	了得 a->n
[2019-04-15 19:43:11]	西藏自治区 ns->n
[2019-04-15 19:43:11]	想像 v->n
[2019-04-15 19:43:11]	好在 d->n
[2019-04-15 19:43:11]	往时 t->n
[2019-04-15 19:43:11]	争抢 v->n
[2019-04-15 19:43:11]	正在 d->n
[2019-04-15 19:43:11]	我方 r->n
[2019-04-15 19:43:11]	多功能 b->n
[2019-04-15 19:43:11]	黑白 b->n
[2019-04-15 19:43:11]	南北 f->n
[2019-04-15 19:43:11]	干什么 r->n
[2019-04-15 19:43:11]	不断 d->n
[2019-04-15 19:43:11]	同呼吸 vl->n
[2019-04-15 19:43:11]	日间 t->n
[2019-04-15 19:43:11]	还是 c->n
[2019-04-15 19:43:11]	有点 d->n
[2019-04-15 19:43:11]	下流 a->n
[2019-04-15 19:43:11]	怎么办 ryv->n
[2019-04-15 19:43:11]	您好 nl->n
[2019-04-15 19:43:11]	你好 vl->n
[2019-04-15 19:43:11]	交售 v->n
[2019-04-15 19:43:11]	找到 v->n
[2019-04-15 19:43:11]	从来 d->n
[2019-04-15 19:43:11]	约分 v->n
[2019-04-15 19:43:11]	正数 v->n
[2019-04-15 19:43:11]	他人 rr->n
[2019-04-15 19:43:11]	不论 c->n
[2019-04-15 19:43:11]	不管 c->n
[2019-04-15 19:43:11]	出事 vi->n
[2019-04-15 19:43:11]	从此 d->n
[2019-04-15 19:43:11]	当时 t->n
[2019-04-15 19:43:11]	对话 vi->n
[2019-04-15 19:43:11]	吃饭 vi->n
[2019-04-15 19:43:11]	更新 v->n
[2019-04-15 19:43:11]	讲课 vi->n
[2019-04-15 19:43:11]	尽心 a->n
[2019-04-15 19:43:11]	立方 q->n
[2019-04-15 19:43:11]	没关系 vl->n
[2019-04-15 19:43:11]	遍地 vd->n
[2019-04-15 19:43:11]	开车 vi->n
[2019-04-15 19:43:11]	因此 c->n
[2019-04-15 19:43:11]	将来 t->n
[2019-04-15 19:43:11]	以前 f->n
[2019-04-15 19:43:11]	先前 t->n
[2019-04-15 19:43:11]	早上 t->n
[2019-04-15 19:43:11]	正月 t->n
[2019-04-15 19:43:11]	难看 a->n
[2019-04-15 19:43:11]	对头 a->n
[2019-04-15 19:43:11]	正当 a->n
[2019-04-15 19:43:11]	不容 v->n
[2019-04-15 19:43:11]	出手 vi->n
[2019-04-15 19:43:11]	着手 v->n
[2019-04-15 19:43:11]	不错 a->n
[2019-04-15 19:43:11]	不便 a->n
[2019-04-15 19:43:11]	得手 a->n
[2019-04-15 19:43:11]	说话 vi->n
[2019-04-15 19:43:11]	特等 b->n
[2019-04-15 19:43:11]	住手 vi->n
[2019-04-15 19:43:11]	共事 vi->n
[2019-04-15 19:43:11]	从前 t->n
[2019-04-15 19:43:11]	已往 t->n
[2019-04-15 19:43:11]	低下 a->n
[2019-04-15 19:43:11]	当中 f->n
[2019-04-15 19:43:11]	不易 a->n
[2019-04-15 19:43:11]	不可 d->n
[2019-04-15 19:43:11]	至此 d->n
[2019-04-15 19:43:11]	不顾 v->n
[2019-04-15 19:43:11]	正派 a->n
[2019-04-15 19:43:11]	不然 a->n
[2019-04-15 19:43:11]	某人 rr->n
[2019-04-15 19:43:11]	一角 n->v
[2019-04-15 19:43:11]	除外 vi->v
[2019-04-15 19:43:11]	爱人 n->nz
[2019-04-15 19:43:11]	把手 n->nz
[2019-04-15 19:43:11]	靠山 n->nz
[2019-04-15 19:43:11]	不行 a->v
[2019-04-15 19:43:11]	不能 v->vi
[2019-04-15 19:43:11]	不会 v->vi
[2019-04-15 19:43:11]	车号 n->nz
[2019-04-15 19:43:11]	同党 n->nz
[2019-04-15 19:43:11]	打的 v->vi
[2019-04-15 19:43:11]	除法 n->nz
[2019-04-15 19:43:11]	从重 d->v
[2019-04-15 19:43:11]	搭建 v->vd
[2019-04-15 19:43:11]	四处 d->vi
[2019-04-15 19:43:11]	拨打 v->vd
[2019-04-15 19:43:11]	大跌 v->vn
[2019-04-15 19:43:11]	会话 v->vn
[2019-04-15 19:43:11]	要领 n->nz
[2019-04-15 19:43:11]	下学 v->vd
[2019-04-15 19:43:11]	分号 n->nz
[2019-04-15 19:43:11]	不合 v->n
[2019-04-15 19:43:11]	高等 b->a
[2019-04-15 19:43:11]	还给 v->vd
[2019-04-15 19:43:11]	有心 v->vd
[2019-04-15 19:43:11]	说法 n->nz
[2019-04-15 19:43:11]	大喊 v->vd
[2019-04-15 19:43:11]	好多 m->a
[2019-04-15 19:43:11]	大奖 n->nz
[2019-04-15 19:43:11]	无礼 a->ad
[2019-04-15 19:43:11]	看不起 v->vn
[2019-04-15 19:43:11]	看得起 v->vn
[2019-04-15 19:43:11]	理事 n->nz
[2019-04-15 19:43:11]	本心 n->nl
[2019-04-15 19:43:11]	论说 vn->vl
[2019-04-15 19:43:11]	他俩 r->n
[2019-04-15 19:43:11]	江米 n->nz
[2019-04-15 19:43:11]	千米 q->qv
[2019-04-15 19:43:11]	签定 v->vn
[2019-04-15 19:43:11]	好天 n->nz
[2019-04-15 19:43:11]	日食 n->nz
[2019-04-15 19:43:11]	是不是 v->vd
[2019-04-15 19:43:11]	手指 n->nz
[2019-04-15 19:43:11]	睡着 v->vd
[2019-04-15 19:43:11]	大小 n->nz
[2019-04-15 19:43:11]	了得 a->ad
[2019-04-15 19:43:11]	问号 n->nz
[2019-04-15 19:43:11]	西藏自治区 ns->nz
[2019-04-15 19:43:11]	小便 v->vi
[2019-04-15 19:43:11]	好在 d->v
[2019-04-15 19:43:11]	双眼 n->nz
[2019-04-15 19:43:11]	一元 b->nz
[2019-04-15 19:43:11]	引号 n->nz
[2019-04-15 19:43:11]	像片 n->nz
[2019-04-15 19:43:11]	争抢 v->vd
[2019-04-15 19:43:11]	小我 n->nz
[2019-04-15 19:43:11]	文字 n->nz
[2019-04-15 19:43:11]	部分 m->n
[2019-04-15 19:43:11]	别名 n->nz
[2019-04-15 19:43:11]	和缓 a->ad
[2019-04-15 19:43:11]	按时 d->ad
[2019-04-15 19:43:11]	春分 t->n
[2019-04-15 19:43:11]	知了 n->nz
[2019-04-15 19:43:11]	车次 n->nz
[2019-04-15 19:43:11]	大寒 t->nz
[2019-04-15 19:43:11]	大料 n->nz
[2019-04-15 19:43:11]	当面 d->n
[2019-04-15 19:43:11]	上岸 vi->v
[2019-04-15 19:43:11]	对仗 n->nz
[2019-04-15 19:43:11]	分米 q->qt
[2019-04-15 19:43:11]	副词 n->nz
[2019-04-15 19:43:11]	次要 b->bl
[2019-04-15 19:43:11]	成心 d->v
[2019-04-15 19:43:11]	还账 v->vi
[2019-04-15 19:43:11]	该死 vi->v
[2019-04-15 19:43:11]	长项 n->nz
[2019-04-15 19:43:11]	借条 n->nz
[2019-04-15 19:43:11]	买家 n->nz
[2019-04-15 19:43:11]	天车 n->nz
[2019-04-15 19:43:11]	东家 n->nz
[2019-04-15 19:43:11]	小气 a->ad
[2019-04-15 19:43:11]	小产 v->vi
[2019-04-15 19:43:11]	起名 vi->v
[2019-04-15 19:43:11]	生分 a->ad
[2019-04-15 19:43:11]	上税 v->vi
[2019-04-15 19:43:11]	内蒙古自治区 ns->nz
[2019-04-15 19:43:11]	拟人 n->nz
[2019-04-15 19:43:11]	年岁 n->nl
[2019-04-15 19:43:11]	年事 n->nl
[2019-04-15 19:43:11]	身段 n->nz
[2019-04-15 19:43:11]	凡间 s->n
[2019-04-15 19:43:11]	便是 v->vd
[2019-04-15 19:43:11]	收条 n->nz
[2019-04-15 19:43:11]	禁不起 v->vd
[2019-04-15 19:43:11]	书册 n->nl
[2019-04-15 19:43:11]	水笔 n->nz
[2019-04-15 19:43:11]	时价 n->nl
[2019-04-15 19:43:11]	就义 vi->v
[2019-04-15 19:43:11]	先后 d->ad
[2019-04-15 19:43:11]	想像 v->vd
[2019-04-15 19:43:11]	小寒 t->nz
[2019-04-15 19:43:11]	小满 t->nz
[2019-04-15 19:43:11]	新词 n->nl
[2019-04-15 19:43:11]	往时 t->tg
[2019-04-15 19:43:11]	意旨 n->nl
[2019-04-15 19:43:11]	图章 n->nz
[2019-04-15 19:43:11]	正好 z->tg
[2019-04-15 19:43:11]	正理 n->nl
[2019-04-15 19:43:11]	对证 vn->n
[2019-04-15 19:43:11]	中档 b->nl
[2019-04-15 19:43:11]	我方 r->n
[2019-04-15 19:43:11]	自修 v->vl
[2019-04-15 19:43:11]	才能 n->v
[2019-04-15 19:43:11]	秒钟 n->q
[2019-04-15 19:43:11]	火烧 n->v
[2019-04-15 19:43:11]	大路 n->nz
[2019-04-15 19:43:11]	自力 n->nz
[2019-04-15 19:43:11]	女星 n->nl
[2019-04-15 19:43:11]	申请人 n->nl
[2019-04-15 19:43:11]	美女 n->nl
[2019-04-15 19:43:11]	联系人 n->nl
[2019-04-15 19:43:11]	便条 n->nl
[2019-04-15 19:43:11]	中农 n->nl
[2019-04-15 19:43:11]	人道 n->nl
[2019-04-15 19:43:11]	资本家 n->nl
[2019-04-15 19:43:11]	水车 n->nl
[2019-04-15 19:43:11]	马戏 n->nl
[2019-04-15 19:43:11]	除数 n->nz
[2019-04-15 19:43:11]	周长 n->nz
[2019-04-15 19:43:11]	小数 n->nz
[2019-04-15 19:43:11]	经线 n->nz
[2019-04-15 19:43:11]	副手 n->nz
[2019-04-15 19:43:11]	三角 n->ns
[2019-04-15 19:43:11]	切线 n->nz
[2019-04-15 19:43:11]	本着 p->nl
[2019-04-15 19:43:11]	报到 vi->v
[2019-04-15 19:43:11]	不够 a->n
[2019-04-15 19:43:11]	不满 a->v
[2019-04-15 19:43:11]	不同 a->ad
[2019-04-15 19:43:11]	大使 n->nl
[2019-04-15 19:43:11]	对应 vi->v
[2019-04-15 19:43:11]	海带 n->nl
[2019-04-15 19:43:11]	后天 n->t
[2019-04-15 19:43:11]	回家 vi->v
[2019-04-15 19:43:11]	开关 n->v
[2019-04-15 19:43:11]	完了 vi->n
[2019-04-15 19:43:11]	没用 a->v
[2019-04-15 19:43:11]	难听 a->v
[2019-04-15 19:43:11]	暖和 a->ad
[2019-04-15 19:43:11]	排比 n->nz
[2019-04-15 19:43:11]	前天 n->t
[2019-04-15 19:43:11]	上当 vi->v
[2019-04-15 19:43:11]	受不了 al->n
[2019-04-15 19:43:11]	从而 c->cc
[2019-04-15 19:43:11]	图像 n->nl
[2019-04-15 19:43:11]	脱钩 vi->v
[2019-04-15 19:43:11]	周到 a->an
[2019-04-15 19:43:11]	等同 vd->v
[2019-04-15 19:43:11]	有用 a->n
[2019-04-15 19:43:11]	再见 vi->v
[2019-04-15 19:43:11]	有时候 d->n
[2019-04-15 19:43:11]	由此 d->n
[2019-04-15 19:43:11]	有余 m->v
[2019-04-15 19:43:11]	请愿 vi->vn
[2019-04-15 19:43:11]	内在 b->n
[2019-04-15 19:43:11]	不好 a->n
[2019-04-15 19:43:11]	共命运 vl->nl
[2019-04-15 19:43:11]	小于 nr->v
[2019-04-15 19:43:11]	大人 n->nl
[2019-04-15 19:43:11]	乘法 n->nl
[2019-04-15 19:43:11]	对手 n->nl
[2019-04-15 19:43:11]	对方 n->nl
[2019-04-15 19:43:11]	成人 n->nl
[2019-04-15 19:43:11]	所在 n->nl
[2019-04-15 19:43:11]	全年 n->nl
[2019-04-15 19:43:11]	年轻人 n->nl
[2019-04-15 19:43:11]	双手 n->nl
[2019-04-15 19:43:11]	亮点 n->nl
[2019-04-15 19:43:11]	所长 n->nl
[2019-04-15 19:43:11]	天下 n->nl
[2019-04-15 19:43:11]	先人 n->nl
[2019-04-15 19:43:11]	正常人 n->nl
[2019-04-15 19:43:11]	好人 n->nl
[2019-04-15 19:43:11]	国家队 n->nl
[2019-04-15 19:43:11]	党派 n->nl
[2019-04-15 19:43:11]	乘方 n->nl
[2019-04-15 19:43:11]	嗨 e->nl
[2019-04-15 19:43:11]	个人 n->nl
[2019-04-15 19:43:11]	整年 d->n
[2019-04-15 19:43:11]	有声 b->n
[2019-04-15 19:43:11]	新增 v->n
[2019-04-15 19:43:11]	上册 n->nl
[2019-04-15 22:10:01]	本分 a->n
[2019-04-15 22:10:01]	按时 d->n
[2019-04-15 22:10:01]	一定 b->n
[2019-04-15 22:10:01]	不结盟 vi->n
[2019-04-15 22:10:01]	不是 c->n
[2019-04-15 22:10:01]	不能 v->n
[2019-04-15 22:10:01]	不会 v->n
[2019-04-15 22:10:01]	出血 vi->n
[2019-04-15 22:10:01]	打的 v->n
[2019-04-15 22:10:01]	除外 vi->n
[2019-04-15 22:10:01]	春分 t->n
[2019-04-15 22:10:01]	从宽 d->n
[2019-04-15 22:10:01]	从重 d->n
[2019-04-15 22:10:01]	搭建 v->n
[2019-04-15 22:10:01]	大寒 t->n
[2019-04-15 22:10:01]	当面 d->n
[2019-04-15 22:10:01]	会话 v->n
[2019-04-15 22:10:01]	分米 q->n
[2019-04-15 22:10:01]	次要 b->n
[2019-04-15 22:10:01]	成心 d->n
[2019-04-15 22:10:01]	一齐 d->n
[2019-04-15 22:10:01]	还账 v->n
[2019-04-15 22:10:01]	不准 v->n
[2019-04-15 22:10:01]	看不起 v->n
[2019-04-15 22:10:01]	看得起 v->n
[2019-04-15 22:10:01]	小产 v->n
[2019-04-15 22:10:01]	天天 d->n
[2019-04-15 22:10:01]	起名 vi->n
[2019-04-15 22:10:01]	上税 v->n
[2019-04-15 22:10:01]	他俩 r->n
[2019-04-15 22:10:01]	千米 q->n
[2019-04-15 22:10:01]	是不是 v->n
[2019-04-15 22:10:01]	禁不起 v->n
[2019-04-15 22:10:01]	先后 d->n
[2019-04-15 22:10:01]	小便 v->n
[2019-04-15 22:10:01]	小满 t->n
[2019-04-15 22:10:01]	吃药 v->n
[2019-04-15 22:10:01]	一元 b->n
[2019-04-15 22:10:01]	正好 z->n
[2019-04-15 22:10:01]	对证 vn->n
[2019-04-15 22:10:01]	中档 b->n
[2019-04-15 22:10:01]	自修 v->n
[2019-04-15 22:10:01]	到底 d->n
[2019-04-15 22:10:01]	和缓 a->n
[2019-04-15 22:10:01]	人为 b->n
[2019-04-15 22:10:01]	长达 v->n
[2019-04-15 22:10:01]	上流 b->n
[2019-04-15 22:10:01]	喜好 an->n
[2019-04-15 22:10:01]	从中 d->n
[2019-04-15 22:10:01]	各人 rr->n
[2019-04-15 22:10:01]	中选 vi->n
[2019-04-15 22:10:01]	各处 rzs->n
[2019-04-15 22:10:01]	四处 d->n
[2019-04-15 22:10:01]	上岸 vi->n
[2019-04-15 22:10:01]	拨打 v->n
[2019-04-15 22:10:01]	大跌 v->n
[2019-04-15 22:10:01]	好多 m->n
[2019-04-15 22:10:01]	下学 v->n
[2019-04-15 22:10:01]	不合 v->n
[2019-04-15 22:10:01]	高等 b->n
[2019-04-15 22:10:01]	老大 a->n
[2019-04-15 22:10:01]	还给 v->n
[2019-04-15 22:10:01]	对等 vi->n
[2019-04-15 22:10:01]	有心 v->n
[2019-04-15 22:10:01]	真的 a->n
[2019-04-15 22:10:01]	大喊 v->n
[2019-04-15 22:10:01]	总会 d->n
[2019-04-15 22:10:01]	该死 vi->n
[2019-04-15 22:10:01]	一口气 d->n
[2019-04-15 22:10:01]	小气 a->n
[2019-04-15 22:10:01]	论说 vn->n
[2019-04-15 22:10:01]	中意 a->n
[2019-04-15 22:10:01]	生分 a->n
[2019-04-15 22:10:01]	内蒙古自治区 ns->n
[2019-04-15 22:10:01]	年间 f->n
[2019-04-15 22:10:01]	和暖 a->n
[2019-04-15 22:10:01]	省钱 a->n
[2019-04-15 22:10:01]	单方面 b->n
[2019-04-15 22:10:01]	早起 vi->n
[2019-04-15 22:10:01]	签定 v->n
[2019-04-15 22:10:01]	凡间 s->n
[2019-04-15 22:10:01]	就是 c->n
[2019-04-15 22:10:01]	便是 v->n
[2019-04-15 22:10:01]	国都 d->n
[2019-04-15 22:10:01]	首次 m->n
[2019-04-15 22:10:01]	睡着 v->n
[2019-04-15 22:10:01]	了得 a->n
[2019-04-15 22:10:01]	西藏自治区 ns->n
[2019-04-15 22:10:01]	想像 v->n
[2019-04-15 22:10:01]	好在 d->n
[2019-04-15 22:10:01]	往时 t->n
[2019-04-15 22:10:01]	争抢 v->n
[2019-04-15 22:10:01]	正在 d->n
[2019-04-15 22:10:01]	我方 r->n
[2019-04-15 22:10:01]	多功能 b->n
[2019-04-15 22:10:01]	黑白 b->n
[2019-04-15 22:10:01]	南北 f->n
[2019-04-15 22:10:01]	干什么 r->n
[2019-04-15 22:10:01]	不断 d->n
[2019-04-15 22:10:01]	同呼吸 vl->n
[2019-04-15 22:10:01]	日间 t->n
[2019-04-15 22:10:01]	还是 c->n
[2019-04-15 22:10:01]	有点 d->n
[2019-04-15 22:10:01]	下流 a->n
[2019-04-15 22:10:01]	怎么办 ryv->n
[2019-04-15 22:10:01]	您好 nl->n
[2019-04-15 22:10:01]	你好 vl->n
[2019-04-15 22:10:01]	交售 v->n
[2019-04-15 22:10:01]	找到 v->n
[2019-04-15 22:10:01]	从来 d->n
[2019-04-15 22:10:01]	约分 v->n
[2019-04-15 22:10:01]	正数 v->n
[2019-04-15 22:10:01]	他人 rr->n
[2019-04-15 22:10:01]	不论 c->n
[2019-04-15 22:10:01]	不管 c->n
[2019-04-15 22:10:01]	出事 vi->n
[2019-04-15 22:10:01]	从此 d->n
[2019-04-15 22:10:01]	当时 t->n
[2019-04-15 22:10:01]	对话 vi->n
[2019-04-15 22:10:01]	吃饭 vi->n
[2019-04-15 22:10:01]	更新 v->n
[2019-04-15 22:10:01]	讲课 vi->n
[2019-04-15 22:10:01]	尽心 a->n
[2019-04-15 22:10:01]	立方 q->n
[2019-04-15 22:10:01]	没关系 vl->n
[2019-04-15 22:10:01]	遍地 vd->n
[2019-04-15 22:10:01]	开车 vi->n
[2019-04-15 22:10:01]	因此 c->n
[2019-04-15 22:10:01]	将来 t->n
[2019-04-15 22:10:01]	以前 f->n
[2019-04-15 22:10:01]	先前 t->n
[2019-04-15 22:10:01]	早上 t->n
[2019-04-15 22:10:01]	正月 t->n
[2019-04-15 22:10:01]	难看 a->n
[2019-04-15 22:10:01]	对头 a->n
[2019-04-15 22:10:01]	正当 a->n
[2019-04-15 22:10:01]	不容 v->n
[2019-04-15 22:10:01]	出手 vi->n
[2019-04-15 22:10:01]	着手 v->n
[2019-04-15 22:10:01]	不错 a->n
[2019-04-15 22:10:01]	不便 a->n
[2019-04-15 22:10:01]	得手 a->n
[2019-04-15 22:10:01]	说话 vi->n
[2019-04-15 22:10:01]	特等 b->n
[2019-04-15 22:10:01]	住手 vi->n
[2019-04-15 22:10:01]	共事 vi->n
[2019-04-15 22:10:01]	从前 t->n
[2019-04-15 22:10:01]	已往 t->n
[2019-04-15 22:10:01]	低下 a->n
[2019-04-15 22:10:01]	当中 f->n
[2019-04-15 22:10:01]	不易 a->n
[2019-04-15 22:10:01]	不可 d->n
[2019-04-15 22:10:01]	至此 d->n
[2019-04-15 22:10:01]	不顾 v->n
[2019-04-15 22:10:01]	正派 a->n
[2019-04-15 22:10:01]	不然 a->n
[2019-04-15 22:10:01]	某人 rr->n
[2019-04-15 22:10:01]	一角 n->v
[2019-04-15 22:10:01]	除外 vi->v
[2019-04-15 22:10:01]	爱人 n->nz
[2019-04-15 22:10:01]	把手 n->nz
[2019-04-15 22:10:01]	靠山 n->nz
[2019-04-15 22:10:01]	不行 a->v
[2019-04-15 22:10:01]	不能 v->vi
[2019-04-15 22:10:01]	不会 v->vi
[2019-04-15 22:10:01]	车号 n->nz
[2019-04-15 22:10:01]	同党 n->nz
[2019-04-15 22:10:01]	打的 v->vi
[2019-04-15 22:10:01]	除法 n->nz
[2019-04-15 22:10:01]	从重 d->v
[2019-04-15 22:10:01]	搭建 v->vd
[2019-04-15 22:10:01]	四处 d->vi
[2019-04-15 22:10:01]	拨打 v->vd
[2019-04-15 22:10:01]	大跌 v->vn
[2019-04-15 22:10:01]	会话 v->vn
[2019-04-15 22:10:01]	要领 n->nz
[2019-04-15 22:10:01]	下学 v->vd
[2019-04-15 22:10:01]	分号 n->nz
[2019-04-15 22:10:01]	不合 v->n
[2019-04-15 22:10:01]	高等 b->a
[2019-04-15 22:10:01]	还给 v->vd
[2019-04-15 22:10:01]	有心 v->vd
[2019-04-15 22:10:01]	说法 n->nz
[2019-04-15 22:10:01]	大喊 v->vd
[2019-04-15 22:10:01]	好多 m->a
[2019-04-15 22:10:01]	大奖 n->nz
[2019-04-15 22:10:01]	无礼 a->ad
[2019-04-15 22:10:01]	看不起 v->vn
[2019-04-15 22:10:01]	看得起 v->vn
[2019-04-15 22:10:01]	理事 n->nz
[2019-04-15 22:10:01]	本心 n->nl
[2019-04-15 22:10:01]	论说 vn->vl
[2019-04-15 22:10:01]	他俩 r->n
[2019-04-15 22:10:01]	江米 n->nz
[2019-04-15 22:10:01]	千米 q->qv
[2019-04-15 22:10:01]	签定 v->vn
[2019-04-15 22:10:01]	好天 n->nz
[2019-04-15 22:10:01]	日食 n->nz
[2019-04-15 22:10:01]	是不是 v->vd
[2019-04-15 22:10:01]	手指 n->nz
[2019-04-15 22:10:01]	睡着 v->vd
[2019-04-15 22:10:01]	大小 n->nz
[2019-04-15 22:10:01]	了得 a->ad
[2019-04-15 22:10:01]	问号 n->nz
[2019-04-15 22:10:01]	西藏自治区 ns->nz
[2019-04-15 22:10:01]	小便 v->vi
[2019-04-15 22:10:01]	好在 d->v
[2019-04-15 22:10:01]	双眼 n->nz
[2019-04-15 22:10:01]	一元 b->nz
[2019-04-15 22:10:01]	引号 n->nz
[2019-04-15 22:10:01]	像片 n->nz
[2019-04-15 22:10:01]	争抢 v->vd
[2019-04-15 22:10:01]	小我 n->nz
[2019-04-15 22:10:01]	文字 n->nz
[2019-04-15 22:10:01]	部分 m->n
[2019-04-15 22:10:01]	别名 n->nz
[2019-04-15 22:10:01]	和缓 a->ad
[2019-04-15 22:10:01]	按时 d->ad
[2019-04-15 22:10:01]	春分 t->n
[2019-04-15 22:10:01]	知了 n->nz
[2019-04-15 22:10:01]	车次 n->nz
[2019-04-15 22:10:01]	大寒 t->nz
[2019-04-15 22:10:01]	大料 n->nz
[2019-04-15 22:10:01]	当面 d->n
[2019-04-15 22:10:01]	上岸 vi->v
[2019-04-15 22:10:01]	对仗 n->nz
[2019-04-15 22:10:01]	分米 q->qt
[2019-04-15 22:10:01]	副词 n->nz
[2019-04-15 22:10:01]	次要 b->bl
[2019-04-15 22:10:01]	成心 d->v
[2019-04-15 22:10:01]	还账 v->vi
[2019-04-15 22:10:01]	该死 vi->v
[2019-04-15 22:10:01]	长项 n->nz
[2019-04-15 22:10:01]	借条 n->nz
[2019-04-15 22:10:01]	买家 n->nz
[2019-04-15 22:10:01]	天车 n->nz
[2019-04-15 22:10:01]	东家 n->nz
[2019-04-15 22:10:01]	小气 a->ad
[2019-04-15 22:10:01]	小产 v->vi
[2019-04-15 22:10:01]	起名 vi->v
[2019-04-15 22:10:01]	生分 a->ad
[2019-04-15 22:10:01]	上税 v->vi
[2019-04-15 22:10:01]	内蒙古自治区 ns->nz
[2019-04-15 22:10:01]	拟人 n->nz
[2019-04-15 22:10:01]	年岁 n->nl
[2019-04-15 22:10:01]	年事 n->nl
[2019-04-15 22:10:01]	身段 n->nz
[2019-04-15 22:10:01]	凡间 s->n
[2019-04-15 22:10:01]	便是 v->vd
[2019-04-15 22:10:01]	收条 n->nz
[2019-04-15 22:10:01]	禁不起 v->vd
[2019-04-15 22:10:01]	书册 n->nl
[2019-04-15 22:10:01]	水笔 n->nz
[2019-04-15 22:10:01]	时价 n->nl
[2019-04-15 22:10:01]	就义 vi->v
[2019-04-15 22:10:01]	先后 d->ad
[2019-04-15 22:10:01]	想像 v->vd
[2019-04-15 22:10:01]	小寒 t->nz
[2019-04-15 22:10:01]	小满 t->nz
[2019-04-15 22:10:01]	新词 n->nl
[2019-04-15 22:10:01]	往时 t->tg
[2019-04-15 22:10:01]	意旨 n->nl
[2019-04-15 22:10:01]	图章 n->nz
[2019-04-15 22:10:01]	正好 z->tg
[2019-04-15 22:10:01]	正理 n->nl
[2019-04-15 22:10:01]	对证 vn->n
[2019-04-15 22:10:01]	中档 b->nl
[2019-04-15 22:10:01]	我方 r->n
[2019-04-15 22:10:01]	自修 v->vl
[2019-04-15 22:10:01]	才能 n->v
[2019-04-15 22:10:01]	秒钟 n->q
[2019-04-15 22:10:01]	火烧 n->v
[2019-04-15 22:10:01]	大路 n->nz
[2019-04-15 22:10:01]	自力 n->nz
[2019-04-15 22:10:01]	女星 n->nl
[2019-04-15 22:10:01]	申请人 n->nl
[2019-04-15 22:10:01]	美女 n->nl
[2019-04-15 22:10:01]	联系人 n->nl
[2019-04-15 22:10:01]	便条 n->nl
[2019-04-15 22:10:01]	中农 n->nl
[2019-04-15 22:10:01]	人道 n->nl
[2019-04-15 22:10:01]	资本家 n->nl
[2019-04-15 22:10:01]	水车 n->nl
[2019-04-15 22:10:01]	马戏 n->nl
[2019-04-15 22:10:01]	除数 n->nz
[2019-04-15 22:10:01]	周长 n->nz
[2019-04-15 22:10:01]	小数 n->nz
[2019-04-15 22:10:01]	经线 n->nz
[2019-04-15 22:10:01]	副手 n->nz
[2019-04-15 22:10:01]	三角 n->ns
[2019-04-15 22:10:01]	切线 n->nz
[2019-04-15 22:10:01]	本着 p->nl
[2019-04-15 22:10:01]	报到 vi->v
[2019-04-15 22:10:01]	不够 a->n
[2019-04-15 22:10:01]	不满 a->v
[2019-04-15 22:10:01]	不同 a->ad
[2019-04-15 22:10:01]	大使 n->nl
[2019-04-15 22:10:01]	对应 vi->v
[2019-04-15 22:10:01]	海带 n->nl
[2019-04-15 22:10:01]	后天 n->t
[2019-04-15 22:10:01]	回家 vi->v
[2019-04-15 22:10:01]	开关 n->v
[2019-04-15 22:10:01]	完了 vi->n
[2019-04-15 22:10:01]	没用 a->v
[2019-04-15 22:10:01]	难听 a->v
[2019-04-15 22:10:01]	暖和 a->ad
[2019-04-15 22:10:01]	排比 n->nz
[2019-04-15 22:10:01]	前天 n->t
[2019-04-15 22:10:01]	上当 vi->v
[2019-04-15 22:10:01]	受不了 al->n
[2019-04-15 22:10:01]	从而 c->cc
[2019-04-15 22:10:01]	图像 n->nl
[2019-04-15 22:10:01]	脱钩 vi->v
[2019-04-15 22:10:01]	周到 a->an
[2019-04-15 22:10:01]	等同 vd->v
[2019-04-15 22:10:01]	有用 a->n
[2019-04-15 22:10:01]	再见 vi->v
[2019-04-15 22:10:01]	有时候 d->n
[2019-04-15 22:10:01]	由此 d->n
[2019-04-15 22:10:01]	有余 m->v
[2019-04-15 22:10:01]	请愿 vi->vn
[2019-04-15 22:10:01]	内在 b->n
[2019-04-15 22:10:01]	不好 a->n
[2019-04-15 22:10:01]	共命运 vl->nl
[2019-04-15 22:10:01]	小于 nr->v
[2019-04-15 22:10:01]	大人 n->nl
[2019-04-15 22:10:01]	乘法 n->nl
[2019-04-15 22:10:01]	对手 n->nl
[2019-04-15 22:10:01]	对方 n->nl
[2019-04-15 22:10:01]	成人 n->nl
[2019-04-15 22:10:01]	所在 n->nl
[2019-04-15 22:10:01]	全年 n->nl
[2019-04-15 22:10:01]	年轻人 n->nl
[2019-04-15 22:10:01]	双手 n->nl
[2019-04-15 22:10:01]	亮点 n->nl
[2019-04-15 22:10:01]	所长 n->nl
[2019-04-15 22:10:01]	天下 n->nl
[2019-04-15 22:10:01]	先人 n->nl
[2019-04-15 22:10:01]	正常人 n->nl
[2019-04-15 22:10:01]	好人 n->nl
[2019-04-15 22:10:01]	国家队 n->nl
[2019-04-15 22:10:01]	党派 n->nl
[2019-04-15 22:10:01]	乘方 n->nl
[2019-04-15 22:10:01]	嗨 e->nl
[2019-04-15 22:10:01]	个人 n->nl
[2019-04-15 22:10:01]	整年 d->n
[2019-04-15 22:10:01]	有声 b->n
[2019-04-15 22:10:01]	新增 v->n
[2019-04-15 22:10:01]	上册 n->nl
