[2019-03-05 18:02:31]	本分 a->n
[2019-03-05 18:02:31]	按时 d->n
[2019-03-05 18:02:31]	一定 b->n
[2019-03-05 18:02:31]	不结盟 vi->n
[2019-03-05 18:02:31]	不是 c->n
[2019-03-05 18:02:31]	不能 v->n
[2019-03-05 18:02:31]	不会 v->n
[2019-03-05 18:02:31]	出血 vi->n
[2019-03-05 18:02:31]	打的 v->n
[2019-03-05 18:02:31]	除外 vi->n
[2019-03-05 18:02:31]	春分 t->n
[2019-03-05 18:02:31]	从宽 d->n
[2019-03-05 18:02:31]	从重 d->n
[2019-03-05 18:02:31]	搭建 v->n
[2019-03-05 18:02:31]	大寒 t->n
[2019-03-05 18:02:31]	当面 d->n
[2019-03-05 18:02:31]	会话 v->n
[2019-03-05 18:02:31]	分米 q->n
[2019-03-05 18:02:31]	次要 b->n
[2019-03-05 18:02:31]	成心 d->n
[2019-03-05 18:02:31]	一齐 d->n
[2019-03-05 18:02:31]	还账 v->n
[2019-03-05 18:02:31]	不准 v->n
[2019-03-05 18:02:31]	看不起 v->n
[2019-03-05 18:02:31]	看得起 v->n
[2019-03-05 18:02:31]	小产 v->n
[2019-03-05 18:02:31]	天天 d->n
[2019-03-05 18:02:31]	起名 vi->n
[2019-03-05 18:02:31]	上税 v->n
[2019-03-05 18:02:31]	他俩 r->n
[2019-03-05 18:02:31]	千米 q->n
[2019-03-05 18:02:31]	是不是 v->n
[2019-03-05 18:02:31]	禁不起 v->n
[2019-03-05 18:02:31]	先后 d->n
[2019-03-05 18:02:31]	小便 v->n
[2019-03-05 18:02:31]	小满 t->n
[2019-03-05 18:02:31]	吃药 v->n
[2019-03-05 18:02:31]	一元 b->n
[2019-03-05 18:02:31]	正好 z->n
[2019-03-05 18:02:31]	对证 vn->n
[2019-03-05 18:02:31]	中档 b->n
[2019-03-05 18:02:31]	自修 v->n
[2019-03-05 18:02:31]	到底 d->n
[2019-03-05 18:02:31]	和缓 a->n
[2019-03-05 18:02:31]	人为 b->n
[2019-03-05 18:02:31]	长达 v->n
[2019-03-05 18:02:31]	上流 b->n
[2019-03-05 18:02:31]	喜好 an->n
[2019-03-05 18:02:31]	从中 d->n
[2019-03-05 18:02:31]	各人 rr->n
[2019-03-05 18:02:31]	中选 vi->n
[2019-03-05 18:02:31]	各处 rzs->n
[2019-03-05 18:02:31]	四处 d->n
[2019-03-05 18:02:31]	上岸 vi->n
[2019-03-05 18:02:31]	拨打 v->n
[2019-03-05 18:02:31]	大跌 v->n
[2019-03-05 18:02:31]	好多 m->n
[2019-03-05 18:02:31]	下学 v->n
[2019-03-05 18:02:31]	不合 v->n
[2019-03-05 18:02:31]	高等 b->n
[2019-03-05 18:02:31]	老大 a->n
[2019-03-05 18:02:31]	还给 v->n
[2019-03-05 18:02:31]	对等 vi->n
[2019-03-05 18:02:31]	有心 v->n
[2019-03-05 18:02:31]	真的 a->n
[2019-03-05 18:02:31]	大喊 v->n
[2019-03-05 18:02:31]	总会 d->n
[2019-03-05 18:02:31]	该死 vi->n
[2019-03-05 18:02:31]	一口气 d->n
[2019-03-05 18:02:31]	小气 a->n
[2019-03-05 18:02:31]	论说 vn->n
[2019-03-05 18:02:31]	中意 a->n
[2019-03-05 18:02:31]	生分 a->n
[2019-03-05 18:02:31]	内蒙古自治区 ns->n
[2019-03-05 18:02:31]	年间 f->n
[2019-03-05 18:02:31]	和暖 a->n
[2019-03-05 18:02:31]	省钱 a->n
[2019-03-05 18:02:31]	单方面 b->n
[2019-03-05 18:02:31]	早起 vi->n
[2019-03-05 18:02:31]	签定 v->n
[2019-03-05 18:02:31]	凡间 s->n
[2019-03-05 18:02:31]	就是 c->n
[2019-03-05 18:02:31]	便是 v->n
[2019-03-05 18:02:31]	国都 d->n
[2019-03-05 18:02:31]	首次 m->n
[2019-03-05 18:02:31]	睡着 v->n
[2019-03-05 18:02:31]	了得 a->n
[2019-03-05 18:02:31]	西藏自治区 ns->n
[2019-03-05 18:02:31]	想像 v->n
[2019-03-05 18:02:31]	好在 d->n
[2019-03-05 18:02:31]	往时 t->n
[2019-03-05 18:02:31]	争抢 v->n
[2019-03-05 18:02:31]	正在 d->n
[2019-03-05 18:02:31]	我方 r->n
[2019-03-05 18:02:31]	多功能 b->n
[2019-03-05 18:02:31]	黑白 b->n
[2019-03-05 18:02:31]	南北 f->n
[2019-03-05 18:02:31]	干什么 r->n
[2019-03-05 18:02:31]	不断 d->n
[2019-03-05 18:02:31]	同呼吸 vl->n
[2019-03-05 18:02:31]	日间 t->n
[2019-03-05 18:02:31]	还是 c->n
[2019-03-05 18:02:31]	有点 d->n
[2019-03-05 18:02:31]	下流 a->n
[2019-03-05 18:02:31]	怎么办 ryv->n
[2019-03-05 18:02:31]	您好 nl->n
[2019-03-05 18:02:31]	你好 vl->n
[2019-03-05 18:02:31]	交售 v->n
[2019-03-05 18:02:31]	找到 v->n
[2019-03-05 18:02:31]	从来 d->n
[2019-03-05 18:02:31]	约分 v->n
[2019-03-05 18:02:31]	正数 v->n
[2019-03-05 18:02:31]	他人 rr->n
[2019-03-05 18:02:31]	不论 c->n
[2019-03-05 18:02:31]	不管 c->n
[2019-03-05 18:02:31]	出事 vi->n
[2019-03-05 18:02:31]	从此 d->n
[2019-03-05 18:02:31]	当时 t->n
[2019-03-05 18:02:31]	对话 vi->n
[2019-03-05 18:02:31]	吃饭 vi->n
[2019-03-05 18:02:31]	更新 v->n
[2019-03-05 18:02:31]	讲课 vi->n
[2019-03-05 18:02:31]	尽心 a->n
[2019-03-05 18:02:31]	立方 q->n
[2019-03-05 18:02:31]	没关系 vl->n
[2019-03-05 18:02:31]	遍地 vd->n
[2019-03-05 18:02:31]	开车 vi->n
[2019-03-05 18:02:31]	因此 c->n
[2019-03-05 18:02:31]	将来 t->n
[2019-03-05 18:02:31]	以前 f->n
[2019-03-05 18:02:31]	先前 t->n
[2019-03-05 18:02:31]	早上 t->n
[2019-03-05 18:02:31]	正月 t->n
[2019-03-05 18:02:31]	难看 a->n
[2019-03-05 18:02:31]	对头 a->n
[2019-03-05 18:02:31]	正当 a->n
[2019-03-05 18:02:31]	不容 v->n
[2019-03-05 18:02:31]	出手 vi->n
[2019-03-05 18:02:31]	着手 v->n
[2019-03-05 18:02:31]	不错 a->n
[2019-03-05 18:02:31]	不便 a->n
[2019-03-05 18:02:31]	得手 a->n
[2019-03-05 18:02:31]	说话 vi->n
[2019-03-05 18:02:31]	特等 b->n
[2019-03-05 18:02:31]	住手 vi->n
[2019-03-05 18:02:31]	共事 vi->n
[2019-03-05 18:02:31]	从前 t->n
[2019-03-05 18:02:31]	已往 t->n
[2019-03-05 18:02:31]	低下 a->n
[2019-03-05 18:02:31]	当中 f->n
[2019-03-05 18:02:31]	不易 a->n
[2019-03-05 18:02:31]	不可 d->n
[2019-03-05 18:02:31]	至此 d->n
[2019-03-05 18:02:31]	不顾 v->n
[2019-03-05 18:02:31]	正派 a->n
[2019-03-05 18:02:31]	不然 a->n
[2019-03-05 18:02:31]	某人 rr->n
[2019-03-05 18:02:31]	一角 n->v
[2019-03-05 18:02:31]	除外 vi->v
[2019-03-05 18:02:31]	爱人 n->nz
[2019-03-05 18:02:31]	把手 n->nz
[2019-03-05 18:02:31]	靠山 n->nz
[2019-03-05 18:02:31]	不行 a->v
[2019-03-05 18:02:31]	不能 v->vi
[2019-03-05 18:02:31]	不会 v->vi
[2019-03-05 18:02:31]	车号 n->nz
[2019-03-05 18:02:31]	同党 n->nz
[2019-03-05 18:02:31]	打的 v->vi
[2019-03-05 18:02:31]	除法 n->nz
[2019-03-05 18:02:31]	从重 d->v
[2019-03-05 18:02:31]	搭建 v->vd
[2019-03-05 18:02:31]	四处 d->vi
[2019-03-05 18:02:31]	拨打 v->vd
[2019-03-05 18:02:31]	大跌 v->vn
[2019-03-05 18:02:31]	会话 v->vn
[2019-03-05 18:02:31]	要领 n->nz
[2019-03-05 18:02:31]	下学 v->vd
[2019-03-05 18:02:31]	分号 n->nz
[2019-03-05 18:02:31]	不合 v->n
[2019-03-05 18:02:31]	高等 b->a
[2019-03-05 18:02:31]	还给 v->vd
[2019-03-05 18:02:31]	有心 v->vd
[2019-03-05 18:02:31]	说法 n->nz
[2019-03-05 18:02:31]	大喊 v->vd
[2019-03-05 18:02:31]	好多 m->a
[2019-03-05 18:02:31]	大奖 n->nz
[2019-03-05 18:02:31]	无礼 a->ad
[2019-03-05 18:02:31]	看不起 v->vn
[2019-03-05 18:02:31]	看得起 v->vn
[2019-03-05 18:02:31]	理事 n->nz
[2019-03-05 18:02:31]	本心 n->nl
[2019-03-05 18:02:31]	论说 vn->vl
[2019-03-05 18:02:31]	他俩 r->n
[2019-03-05 18:02:31]	江米 n->nz
[2019-03-05 18:02:31]	千米 q->qv
[2019-03-05 18:02:31]	签定 v->vn
[2019-03-05 18:02:31]	好天 n->nz
[2019-03-05 18:02:31]	日食 n->nz
[2019-03-05 18:02:31]	是不是 v->vd
[2019-03-05 18:02:31]	手指 n->nz
[2019-03-05 18:02:31]	睡着 v->vd
[2019-03-05 18:02:31]	大小 n->nz
[2019-03-05 18:02:31]	了得 a->ad
[2019-03-05 18:02:31]	问号 n->nz
[2019-03-05 18:02:31]	西藏自治区 ns->nz
[2019-03-05 18:02:31]	小便 v->vi
[2019-03-05 18:02:31]	好在 d->v
[2019-03-05 18:02:31]	双眼 n->nz
[2019-03-05 18:02:31]	一元 b->nz
[2019-03-05 18:02:31]	引号 n->nz
[2019-03-05 18:02:31]	像片 n->nz
[2019-03-05 18:02:31]	争抢 v->vd
[2019-03-05 18:02:31]	小我 n->nz
[2019-03-05 18:02:31]	文字 n->nz
[2019-03-05 18:02:31]	部分 m->n
[2019-03-05 18:02:31]	别名 n->nz
[2019-03-05 18:02:31]	和缓 a->ad
[2019-03-05 18:02:31]	按时 d->ad
[2019-03-05 18:02:31]	春分 t->n
[2019-03-05 18:02:31]	知了 n->nz
[2019-03-05 18:02:31]	车次 n->nz
[2019-03-05 18:02:31]	大寒 t->nz
[2019-03-05 18:02:31]	大料 n->nz
[2019-03-05 18:02:31]	当面 d->n
[2019-03-05 18:02:31]	上岸 vi->v
[2019-03-05 18:02:31]	对仗 n->nz
[2019-03-05 18:02:31]	分米 q->qt
[2019-03-05 18:02:31]	副词 n->nz
[2019-03-05 18:02:31]	次要 b->bl
[2019-03-05 18:02:31]	成心 d->v
[2019-03-05 18:02:31]	还账 v->vi
[2019-03-05 18:02:31]	该死 vi->v
[2019-03-05 18:02:31]	长项 n->nz
[2019-03-05 18:02:31]	借条 n->nz
[2019-03-05 18:02:31]	买家 n->nz
[2019-03-05 18:02:31]	天车 n->nz
[2019-03-05 18:02:31]	东家 n->nz
[2019-03-05 18:02:31]	小气 a->ad
[2019-03-05 18:02:31]	小产 v->vi
[2019-03-05 18:02:31]	起名 vi->v
[2019-03-05 18:02:31]	生分 a->ad
[2019-03-05 18:02:31]	上税 v->vi
[2019-03-05 18:02:31]	内蒙古自治区 ns->nz
[2019-03-05 18:02:31]	拟人 n->nz
[2019-03-05 18:02:31]	年岁 n->nl
[2019-03-05 18:02:31]	年事 n->nl
[2019-03-05 18:02:31]	身段 n->nz
[2019-03-05 18:02:31]	凡间 s->n
[2019-03-05 18:02:31]	便是 v->vd
[2019-03-05 18:02:31]	收条 n->nz
[2019-03-05 18:02:31]	禁不起 v->vd
[2019-03-05 18:02:31]	书册 n->nl
[2019-03-05 18:02:31]	水笔 n->nz
[2019-03-05 18:02:31]	时价 n->nl
[2019-03-05 18:02:31]	就义 vi->v
[2019-03-05 18:02:31]	先后 d->ad
[2019-03-05 18:02:31]	想像 v->vd
[2019-03-05 18:02:31]	小寒 t->nz
[2019-03-05 18:02:31]	小满 t->nz
[2019-03-05 18:02:31]	新词 n->nl
[2019-03-05 18:02:31]	往时 t->tg
[2019-03-05 18:02:31]	意旨 n->nl
[2019-03-05 18:02:31]	图章 n->nz
[2019-03-05 18:02:31]	正好 z->tg
[2019-03-05 18:02:31]	正理 n->nl
[2019-03-05 18:02:31]	对证 vn->n
[2019-03-05 18:02:31]	中档 b->nl
[2019-03-05 18:02:31]	我方 r->n
[2019-03-05 18:02:31]	自修 v->vl
[2019-03-05 18:02:31]	才能 n->v
[2019-03-05 18:02:31]	秒钟 n->q
[2019-03-05 18:02:31]	火烧 n->v
[2019-03-05 18:02:31]	大路 n->nz
[2019-03-05 18:02:31]	自力 n->nz
[2019-03-05 18:02:31]	女星 n->nl
[2019-03-05 18:02:31]	申请人 n->nl
[2019-03-05 18:02:31]	美女 n->nl
[2019-03-05 18:02:31]	联系人 n->nl
[2019-03-05 18:02:31]	便条 n->nl
[2019-03-05 18:02:31]	中农 n->nl
[2019-03-05 18:02:31]	人道 n->nl
[2019-03-05 18:02:31]	资本家 n->nl
[2019-03-05 18:02:31]	水车 n->nl
[2019-03-05 18:02:31]	马戏 n->nl
[2019-03-05 18:02:31]	除数 n->nz
[2019-03-05 18:02:31]	周长 n->nz
[2019-03-05 18:02:31]	小数 n->nz
[2019-03-05 18:02:31]	经线 n->nz
[2019-03-05 18:02:31]	副手 n->nz
[2019-03-05 18:02:31]	三角 n->ns
[2019-03-05 18:02:31]	切线 n->nz
[2019-03-05 18:02:31]	本着 p->nl
[2019-03-05 18:02:31]	报到 vi->v
[2019-03-05 18:02:31]	不够 a->n
[2019-03-05 18:02:31]	不满 a->v
[2019-03-05 18:02:31]	不同 a->ad
[2019-03-05 18:02:31]	大使 n->nl
[2019-03-05 18:02:31]	对应 vi->v
[2019-03-05 18:02:31]	海带 n->nl
[2019-03-05 18:02:31]	后天 n->t
[2019-03-05 18:02:31]	回家 vi->v
[2019-03-05 18:02:31]	开关 n->v
[2019-03-05 18:02:31]	完了 vi->n
[2019-03-05 18:02:31]	没用 a->v
[2019-03-05 18:02:31]	难听 a->v
[2019-03-05 18:02:31]	暖和 a->ad
[2019-03-05 18:02:31]	排比 n->nz
[2019-03-05 18:02:31]	前天 n->t
[2019-03-05 18:02:31]	上当 vi->v
[2019-03-05 18:02:31]	受不了 al->n
[2019-03-05 18:02:31]	从而 c->cc
[2019-03-05 18:02:31]	图像 n->nl
[2019-03-05 18:02:31]	脱钩 vi->v
[2019-03-05 18:02:31]	周到 a->an
[2019-03-05 18:02:31]	等同 vd->v
[2019-03-05 18:02:31]	有用 a->n
[2019-03-05 18:02:31]	再见 vi->v
[2019-03-05 18:02:31]	有时候 d->n
[2019-03-05 18:02:31]	由此 d->n
[2019-03-05 18:02:31]	有余 m->v
[2019-03-05 18:02:31]	请愿 vi->vn
[2019-03-05 18:02:31]	内在 b->n
[2019-03-05 18:02:31]	不好 a->n
[2019-03-05 18:02:31]	共命运 vl->nl
[2019-03-05 18:02:31]	小于 nr->v
[2019-03-05 18:02:31]	大人 n->nl
[2019-03-05 18:02:31]	乘法 n->nl
[2019-03-05 18:02:31]	对手 n->nl
[2019-03-05 18:02:31]	对方 n->nl
[2019-03-05 18:02:31]	成人 n->nl
[2019-03-05 18:02:31]	所在 n->nl
[2019-03-05 18:02:31]	全年 n->nl
[2019-03-05 18:02:31]	年轻人 n->nl
[2019-03-05 18:02:31]	双手 n->nl
[2019-03-05 18:02:31]	亮点 n->nl
[2019-03-05 18:02:31]	所长 n->nl
[2019-03-05 18:02:31]	天下 n->nl
[2019-03-05 18:02:31]	先人 n->nl
[2019-03-05 18:02:31]	正常人 n->nl
[2019-03-05 18:02:31]	好人 n->nl
[2019-03-05 18:02:31]	国家队 n->nl
[2019-03-05 18:02:31]	党派 n->nl
[2019-03-05 18:02:31]	乘方 n->nl
[2019-03-05 18:02:31]	嗨 e->nl
[2019-03-05 18:02:31]	个人 n->nl
[2019-03-05 18:02:31]	整年 d->n
[2019-03-05 18:02:31]	有声 b->n
[2019-03-05 18:02:31]	新增 v->n
[2019-03-05 18:12:16]	本分 a->n
[2019-03-05 18:12:16]	按时 d->n
[2019-03-05 18:12:16]	一定 b->n
[2019-03-05 18:12:16]	不结盟 vi->n
[2019-03-05 18:12:16]	不是 c->n
[2019-03-05 18:12:16]	不能 v->n
[2019-03-05 18:12:16]	不会 v->n
[2019-03-05 18:12:16]	出血 vi->n
[2019-03-05 18:12:16]	打的 v->n
[2019-03-05 18:12:16]	除外 vi->n
[2019-03-05 18:12:16]	春分 t->n
[2019-03-05 18:12:16]	从宽 d->n
[2019-03-05 18:12:16]	从重 d->n
[2019-03-05 18:12:16]	搭建 v->n
[2019-03-05 18:12:16]	大寒 t->n
[2019-03-05 18:12:16]	当面 d->n
[2019-03-05 18:12:16]	会话 v->n
[2019-03-05 18:12:16]	分米 q->n
[2019-03-05 18:12:16]	次要 b->n
[2019-03-05 18:12:16]	成心 d->n
[2019-03-05 18:12:16]	一齐 d->n
[2019-03-05 18:12:16]	还账 v->n
[2019-03-05 18:12:16]	不准 v->n
[2019-03-05 18:12:16]	看不起 v->n
[2019-03-05 18:12:16]	看得起 v->n
[2019-03-05 18:12:16]	小产 v->n
[2019-03-05 18:12:16]	天天 d->n
[2019-03-05 18:12:16]	起名 vi->n
[2019-03-05 18:12:16]	上税 v->n
[2019-03-05 18:12:16]	他俩 r->n
[2019-03-05 18:12:16]	千米 q->n
[2019-03-05 18:12:16]	是不是 v->n
[2019-03-05 18:12:16]	禁不起 v->n
[2019-03-05 18:12:16]	先后 d->n
[2019-03-05 18:12:16]	小便 v->n
[2019-03-05 18:12:16]	小满 t->n
[2019-03-05 18:12:16]	吃药 v->n
[2019-03-05 18:12:16]	一元 b->n
[2019-03-05 18:12:16]	正好 z->n
[2019-03-05 18:12:16]	对证 vn->n
[2019-03-05 18:12:16]	中档 b->n
[2019-03-05 18:12:16]	自修 v->n
[2019-03-05 18:12:16]	到底 d->n
[2019-03-05 18:12:16]	和缓 a->n
[2019-03-05 18:12:16]	人为 b->n
[2019-03-05 18:12:16]	长达 v->n
[2019-03-05 18:12:16]	上流 b->n
[2019-03-05 18:12:16]	喜好 an->n
[2019-03-05 18:12:16]	从中 d->n
[2019-03-05 18:12:16]	各人 rr->n
[2019-03-05 18:12:16]	中选 vi->n
[2019-03-05 18:12:16]	各处 rzs->n
[2019-03-05 18:12:16]	四处 d->n
[2019-03-05 18:12:16]	上岸 vi->n
[2019-03-05 18:12:16]	拨打 v->n
[2019-03-05 18:12:16]	大跌 v->n
[2019-03-05 18:12:16]	好多 m->n
[2019-03-05 18:12:16]	下学 v->n
[2019-03-05 18:12:16]	不合 v->n
[2019-03-05 18:12:16]	高等 b->n
[2019-03-05 18:12:16]	老大 a->n
[2019-03-05 18:12:16]	还给 v->n
[2019-03-05 18:12:16]	对等 vi->n
[2019-03-05 18:12:16]	有心 v->n
[2019-03-05 18:12:16]	真的 a->n
[2019-03-05 18:12:16]	大喊 v->n
[2019-03-05 18:12:16]	总会 d->n
[2019-03-05 18:12:16]	该死 vi->n
[2019-03-05 18:12:16]	一口气 d->n
[2019-03-05 18:12:16]	小气 a->n
[2019-03-05 18:12:16]	论说 vn->n
[2019-03-05 18:12:16]	中意 a->n
[2019-03-05 18:12:16]	生分 a->n
[2019-03-05 18:12:16]	内蒙古自治区 ns->n
[2019-03-05 18:12:16]	年间 f->n
[2019-03-05 18:12:16]	和暖 a->n
[2019-03-05 18:12:16]	省钱 a->n
[2019-03-05 18:12:16]	单方面 b->n
[2019-03-05 18:12:16]	早起 vi->n
[2019-03-05 18:12:16]	签定 v->n
[2019-03-05 18:12:16]	凡间 s->n
[2019-03-05 18:12:16]	就是 c->n
[2019-03-05 18:12:16]	便是 v->n
[2019-03-05 18:12:16]	国都 d->n
[2019-03-05 18:12:16]	首次 m->n
[2019-03-05 18:12:16]	睡着 v->n
[2019-03-05 18:12:16]	了得 a->n
[2019-03-05 18:12:16]	西藏自治区 ns->n
[2019-03-05 18:12:16]	想像 v->n
[2019-03-05 18:12:16]	好在 d->n
[2019-03-05 18:12:16]	往时 t->n
[2019-03-05 18:12:16]	争抢 v->n
[2019-03-05 18:12:16]	正在 d->n
[2019-03-05 18:12:16]	我方 r->n
[2019-03-05 18:12:16]	多功能 b->n
[2019-03-05 18:12:16]	黑白 b->n
[2019-03-05 18:12:16]	南北 f->n
[2019-03-05 18:12:16]	干什么 r->n
[2019-03-05 18:12:16]	不断 d->n
[2019-03-05 18:12:16]	同呼吸 vl->n
[2019-03-05 18:12:16]	日间 t->n
[2019-03-05 18:12:16]	还是 c->n
[2019-03-05 18:12:16]	有点 d->n
[2019-03-05 18:12:16]	下流 a->n
[2019-03-05 18:12:16]	怎么办 ryv->n
[2019-03-05 18:12:16]	您好 nl->n
[2019-03-05 18:12:16]	你好 vl->n
[2019-03-05 18:12:16]	交售 v->n
[2019-03-05 18:12:16]	找到 v->n
[2019-03-05 18:12:16]	从来 d->n
[2019-03-05 18:12:16]	约分 v->n
[2019-03-05 18:12:16]	正数 v->n
[2019-03-05 18:12:16]	他人 rr->n
[2019-03-05 18:12:16]	不论 c->n
[2019-03-05 18:12:16]	不管 c->n
[2019-03-05 18:12:16]	出事 vi->n
[2019-03-05 18:12:16]	从此 d->n
[2019-03-05 18:12:16]	当时 t->n
[2019-03-05 18:12:16]	对话 vi->n
[2019-03-05 18:12:16]	吃饭 vi->n
[2019-03-05 18:12:16]	更新 v->n
[2019-03-05 18:12:16]	讲课 vi->n
[2019-03-05 18:12:16]	尽心 a->n
[2019-03-05 18:12:16]	立方 q->n
[2019-03-05 18:12:16]	没关系 vl->n
[2019-03-05 18:12:16]	遍地 vd->n
[2019-03-05 18:12:16]	开车 vi->n
[2019-03-05 18:12:16]	因此 c->n
[2019-03-05 18:12:16]	将来 t->n
[2019-03-05 18:12:16]	以前 f->n
[2019-03-05 18:12:16]	先前 t->n
[2019-03-05 18:12:16]	早上 t->n
[2019-03-05 18:12:16]	正月 t->n
[2019-03-05 18:12:16]	难看 a->n
[2019-03-05 18:12:16]	对头 a->n
[2019-03-05 18:12:16]	正当 a->n
[2019-03-05 18:12:16]	不容 v->n
[2019-03-05 18:12:16]	出手 vi->n
[2019-03-05 18:12:16]	着手 v->n
[2019-03-05 18:12:16]	不错 a->n
[2019-03-05 18:12:16]	不便 a->n
[2019-03-05 18:12:16]	得手 a->n
[2019-03-05 18:12:16]	说话 vi->n
[2019-03-05 18:12:16]	特等 b->n
[2019-03-05 18:12:16]	住手 vi->n
[2019-03-05 18:12:16]	共事 vi->n
[2019-03-05 18:12:16]	从前 t->n
[2019-03-05 18:12:16]	已往 t->n
[2019-03-05 18:12:16]	低下 a->n
[2019-03-05 18:12:16]	当中 f->n
[2019-03-05 18:12:16]	不易 a->n
[2019-03-05 18:12:16]	不可 d->n
[2019-03-05 18:12:16]	至此 d->n
[2019-03-05 18:12:16]	不顾 v->n
[2019-03-05 18:12:16]	正派 a->n
[2019-03-05 18:12:16]	不然 a->n
[2019-03-05 18:12:16]	某人 rr->n
[2019-03-05 18:12:16]	一角 n->v
[2019-03-05 18:12:16]	除外 vi->v
[2019-03-05 18:12:16]	爱人 n->nz
[2019-03-05 18:12:16]	把手 n->nz
[2019-03-05 18:12:16]	靠山 n->nz
[2019-03-05 18:12:16]	不行 a->v
[2019-03-05 18:12:16]	不能 v->vi
[2019-03-05 18:12:16]	不会 v->vi
[2019-03-05 18:12:16]	车号 n->nz
[2019-03-05 18:12:16]	同党 n->nz
[2019-03-05 18:12:16]	打的 v->vi
[2019-03-05 18:12:16]	除法 n->nz
[2019-03-05 18:12:16]	从重 d->v
[2019-03-05 18:12:16]	搭建 v->vd
[2019-03-05 18:12:16]	四处 d->vi
[2019-03-05 18:12:16]	拨打 v->vd
[2019-03-05 18:12:16]	大跌 v->vn
[2019-03-05 18:12:16]	会话 v->vn
[2019-03-05 18:12:16]	要领 n->nz
[2019-03-05 18:12:16]	下学 v->vd
[2019-03-05 18:12:16]	分号 n->nz
[2019-03-05 18:12:16]	不合 v->n
[2019-03-05 18:12:16]	高等 b->a
[2019-03-05 18:12:16]	还给 v->vd
[2019-03-05 18:12:16]	有心 v->vd
[2019-03-05 18:12:16]	说法 n->nz
[2019-03-05 18:12:16]	大喊 v->vd
[2019-03-05 18:12:16]	好多 m->a
[2019-03-05 18:12:16]	大奖 n->nz
[2019-03-05 18:12:16]	无礼 a->ad
[2019-03-05 18:12:16]	看不起 v->vn
[2019-03-05 18:12:16]	看得起 v->vn
[2019-03-05 18:12:16]	理事 n->nz
[2019-03-05 18:12:16]	本心 n->nl
[2019-03-05 18:12:16]	论说 vn->vl
[2019-03-05 18:12:16]	他俩 r->n
[2019-03-05 18:12:16]	江米 n->nz
[2019-03-05 18:12:16]	千米 q->qv
[2019-03-05 18:12:16]	签定 v->vn
[2019-03-05 18:12:16]	好天 n->nz
[2019-03-05 18:12:16]	日食 n->nz
[2019-03-05 18:12:16]	是不是 v->vd
[2019-03-05 18:12:16]	手指 n->nz
[2019-03-05 18:12:16]	睡着 v->vd
[2019-03-05 18:12:16]	大小 n->nz
[2019-03-05 18:12:16]	了得 a->ad
[2019-03-05 18:12:16]	问号 n->nz
[2019-03-05 18:12:16]	西藏自治区 ns->nz
[2019-03-05 18:12:16]	小便 v->vi
[2019-03-05 18:12:16]	好在 d->v
[2019-03-05 18:12:16]	双眼 n->nz
[2019-03-05 18:12:16]	一元 b->nz
[2019-03-05 18:12:16]	引号 n->nz
[2019-03-05 18:12:16]	像片 n->nz
[2019-03-05 18:12:16]	争抢 v->vd
[2019-03-05 18:12:16]	小我 n->nz
[2019-03-05 18:12:16]	文字 n->nz
[2019-03-05 18:12:16]	部分 m->n
[2019-03-05 18:12:16]	别名 n->nz
[2019-03-05 18:12:16]	和缓 a->ad
[2019-03-05 18:12:16]	按时 d->ad
[2019-03-05 18:12:16]	春分 t->n
[2019-03-05 18:12:16]	知了 n->nz
[2019-03-05 18:12:16]	车次 n->nz
[2019-03-05 18:12:16]	大寒 t->nz
[2019-03-05 18:12:16]	大料 n->nz
[2019-03-05 18:12:16]	当面 d->n
[2019-03-05 18:12:16]	上岸 vi->v
[2019-03-05 18:12:16]	对仗 n->nz
[2019-03-05 18:12:16]	分米 q->qt
[2019-03-05 18:12:16]	副词 n->nz
[2019-03-05 18:12:16]	次要 b->bl
[2019-03-05 18:12:16]	成心 d->v
[2019-03-05 18:12:16]	还账 v->vi
[2019-03-05 18:12:16]	该死 vi->v
[2019-03-05 18:12:16]	长项 n->nz
[2019-03-05 18:12:16]	借条 n->nz
[2019-03-05 18:12:16]	买家 n->nz
[2019-03-05 18:12:16]	天车 n->nz
[2019-03-05 18:12:16]	东家 n->nz
[2019-03-05 18:12:16]	小气 a->ad
[2019-03-05 18:12:16]	小产 v->vi
[2019-03-05 18:12:16]	起名 vi->v
[2019-03-05 18:12:16]	生分 a->ad
[2019-03-05 18:12:16]	上税 v->vi
[2019-03-05 18:12:16]	内蒙古自治区 ns->nz
[2019-03-05 18:12:16]	拟人 n->nz
[2019-03-05 18:12:16]	年岁 n->nl
[2019-03-05 18:12:16]	年事 n->nl
[2019-03-05 18:12:16]	身段 n->nz
[2019-03-05 18:12:16]	凡间 s->n
[2019-03-05 18:12:16]	便是 v->vd
[2019-03-05 18:12:16]	收条 n->nz
[2019-03-05 18:12:16]	禁不起 v->vd
[2019-03-05 18:12:16]	书册 n->nl
[2019-03-05 18:12:16]	水笔 n->nz
[2019-03-05 18:12:16]	时价 n->nl
[2019-03-05 18:12:16]	就义 vi->v
[2019-03-05 18:12:16]	先后 d->ad
[2019-03-05 18:12:16]	想像 v->vd
[2019-03-05 18:12:16]	小寒 t->nz
[2019-03-05 18:12:16]	小满 t->nz
[2019-03-05 18:12:16]	新词 n->nl
[2019-03-05 18:12:16]	往时 t->tg
[2019-03-05 18:12:16]	意旨 n->nl
[2019-03-05 18:12:16]	图章 n->nz
[2019-03-05 18:12:16]	正好 z->tg
[2019-03-05 18:12:16]	正理 n->nl
[2019-03-05 18:12:16]	对证 vn->n
[2019-03-05 18:12:16]	中档 b->nl
[2019-03-05 18:12:16]	我方 r->n
[2019-03-05 18:12:16]	自修 v->vl
[2019-03-05 18:12:16]	才能 n->v
[2019-03-05 18:12:16]	秒钟 n->q
[2019-03-05 18:12:16]	火烧 n->v
[2019-03-05 18:12:16]	大路 n->nz
[2019-03-05 18:12:16]	自力 n->nz
[2019-03-05 18:12:16]	女星 n->nl
[2019-03-05 18:12:16]	申请人 n->nl
[2019-03-05 18:12:16]	美女 n->nl
[2019-03-05 18:12:16]	联系人 n->nl
[2019-03-05 18:12:16]	便条 n->nl
[2019-03-05 18:12:16]	中农 n->nl
[2019-03-05 18:12:16]	人道 n->nl
[2019-03-05 18:12:16]	资本家 n->nl
[2019-03-05 18:12:16]	水车 n->nl
[2019-03-05 18:12:16]	马戏 n->nl
[2019-03-05 18:12:16]	除数 n->nz
[2019-03-05 18:12:16]	周长 n->nz
[2019-03-05 18:12:16]	小数 n->nz
[2019-03-05 18:12:16]	经线 n->nz
[2019-03-05 18:12:16]	副手 n->nz
[2019-03-05 18:12:16]	三角 n->ns
[2019-03-05 18:12:16]	切线 n->nz
[2019-03-05 18:12:16]	本着 p->nl
[2019-03-05 18:12:16]	报到 vi->v
[2019-03-05 18:12:16]	不够 a->n
[2019-03-05 18:12:16]	不满 a->v
[2019-03-05 18:12:16]	不同 a->ad
[2019-03-05 18:12:16]	大使 n->nl
[2019-03-05 18:12:16]	对应 vi->v
[2019-03-05 18:12:16]	海带 n->nl
[2019-03-05 18:12:16]	后天 n->t
[2019-03-05 18:12:16]	回家 vi->v
[2019-03-05 18:12:16]	开关 n->v
[2019-03-05 18:12:16]	完了 vi->n
[2019-03-05 18:12:16]	没用 a->v
[2019-03-05 18:12:16]	难听 a->v
[2019-03-05 18:12:16]	暖和 a->ad
[2019-03-05 18:12:16]	排比 n->nz
[2019-03-05 18:12:16]	前天 n->t
[2019-03-05 18:12:16]	上当 vi->v
[2019-03-05 18:12:16]	受不了 al->n
[2019-03-05 18:12:16]	从而 c->cc
[2019-03-05 18:12:16]	图像 n->nl
[2019-03-05 18:12:16]	脱钩 vi->v
[2019-03-05 18:12:16]	周到 a->an
[2019-03-05 18:12:16]	等同 vd->v
[2019-03-05 18:12:16]	有用 a->n
[2019-03-05 18:12:16]	再见 vi->v
[2019-03-05 18:12:16]	有时候 d->n
[2019-03-05 18:12:16]	由此 d->n
[2019-03-05 18:12:16]	有余 m->v
[2019-03-05 18:12:16]	请愿 vi->vn
[2019-03-05 18:12:16]	内在 b->n
[2019-03-05 18:12:16]	不好 a->n
[2019-03-05 18:12:16]	共命运 vl->nl
[2019-03-05 18:12:16]	小于 nr->v
[2019-03-05 18:12:16]	大人 n->nl
[2019-03-05 18:12:16]	乘法 n->nl
[2019-03-05 18:12:16]	对手 n->nl
[2019-03-05 18:12:16]	对方 n->nl
[2019-03-05 18:12:16]	成人 n->nl
[2019-03-05 18:12:16]	所在 n->nl
[2019-03-05 18:12:16]	全年 n->nl
[2019-03-05 18:12:16]	年轻人 n->nl
[2019-03-05 18:12:16]	双手 n->nl
[2019-03-05 18:12:16]	亮点 n->nl
[2019-03-05 18:12:16]	所长 n->nl
[2019-03-05 18:12:16]	天下 n->nl
[2019-03-05 18:12:16]	先人 n->nl
[2019-03-05 18:12:16]	正常人 n->nl
[2019-03-05 18:12:16]	好人 n->nl
[2019-03-05 18:12:16]	国家队 n->nl
[2019-03-05 18:12:16]	党派 n->nl
[2019-03-05 18:12:16]	乘方 n->nl
[2019-03-05 18:12:16]	嗨 e->nl
[2019-03-05 18:12:16]	个人 n->nl
[2019-03-05 18:12:16]	整年 d->n
[2019-03-05 18:12:16]	有声 b->n
[2019-03-05 18:12:16]	新增 v->n
[2019-03-05 18:17:54]	本分 a->n
[2019-03-05 18:17:54]	按时 d->n
[2019-03-05 18:17:54]	一定 b->n
[2019-03-05 18:17:54]	不结盟 vi->n
[2019-03-05 18:17:54]	不是 c->n
[2019-03-05 18:17:54]	不能 v->n
[2019-03-05 18:17:54]	不会 v->n
[2019-03-05 18:17:54]	出血 vi->n
[2019-03-05 18:17:54]	打的 v->n
[2019-03-05 18:17:54]	除外 vi->n
[2019-03-05 18:17:54]	春分 t->n
[2019-03-05 18:17:54]	从宽 d->n
[2019-03-05 18:17:54]	从重 d->n
[2019-03-05 18:17:54]	搭建 v->n
[2019-03-05 18:17:54]	大寒 t->n
[2019-03-05 18:17:54]	当面 d->n
[2019-03-05 18:17:54]	会话 v->n
[2019-03-05 18:17:54]	分米 q->n
[2019-03-05 18:17:54]	次要 b->n
[2019-03-05 18:17:54]	成心 d->n
[2019-03-05 18:17:54]	一齐 d->n
[2019-03-05 18:17:54]	还账 v->n
[2019-03-05 18:17:54]	不准 v->n
[2019-03-05 18:17:54]	看不起 v->n
[2019-03-05 18:17:54]	看得起 v->n
[2019-03-05 18:17:54]	小产 v->n
[2019-03-05 18:17:54]	天天 d->n
[2019-03-05 18:17:54]	起名 vi->n
[2019-03-05 18:17:54]	上税 v->n
[2019-03-05 18:17:54]	他俩 r->n
[2019-03-05 18:17:54]	千米 q->n
[2019-03-05 18:17:54]	是不是 v->n
[2019-03-05 18:17:54]	禁不起 v->n
[2019-03-05 18:17:54]	先后 d->n
[2019-03-05 18:17:54]	小便 v->n
[2019-03-05 18:17:54]	小满 t->n
[2019-03-05 18:17:54]	吃药 v->n
[2019-03-05 18:17:54]	一元 b->n
[2019-03-05 18:17:54]	正好 z->n
[2019-03-05 18:17:54]	对证 vn->n
[2019-03-05 18:17:54]	中档 b->n
[2019-03-05 18:17:54]	自修 v->n
[2019-03-05 18:17:54]	到底 d->n
[2019-03-05 18:17:54]	和缓 a->n
[2019-03-05 18:17:54]	人为 b->n
[2019-03-05 18:17:54]	长达 v->n
[2019-03-05 18:17:54]	上流 b->n
[2019-03-05 18:17:54]	喜好 an->n
[2019-03-05 18:17:54]	从中 d->n
[2019-03-05 18:17:54]	各人 rr->n
[2019-03-05 18:17:54]	中选 vi->n
[2019-03-05 18:17:54]	各处 rzs->n
[2019-03-05 18:17:54]	四处 d->n
[2019-03-05 18:17:54]	上岸 vi->n
[2019-03-05 18:17:54]	拨打 v->n
[2019-03-05 18:17:54]	大跌 v->n
[2019-03-05 18:17:54]	好多 m->n
[2019-03-05 18:17:54]	下学 v->n
[2019-03-05 18:17:54]	不合 v->n
[2019-03-05 18:17:54]	高等 b->n
[2019-03-05 18:17:54]	老大 a->n
[2019-03-05 18:17:54]	还给 v->n
[2019-03-05 18:17:54]	对等 vi->n
[2019-03-05 18:17:54]	有心 v->n
[2019-03-05 18:17:54]	真的 a->n
[2019-03-05 18:17:54]	大喊 v->n
[2019-03-05 18:17:54]	总会 d->n
[2019-03-05 18:17:54]	该死 vi->n
[2019-03-05 18:17:54]	一口气 d->n
[2019-03-05 18:17:54]	小气 a->n
[2019-03-05 18:17:54]	论说 vn->n
[2019-03-05 18:17:54]	中意 a->n
[2019-03-05 18:17:54]	生分 a->n
[2019-03-05 18:17:54]	内蒙古自治区 ns->n
[2019-03-05 18:17:54]	年间 f->n
[2019-03-05 18:17:54]	和暖 a->n
[2019-03-05 18:17:54]	省钱 a->n
[2019-03-05 18:17:54]	单方面 b->n
[2019-03-05 18:17:54]	早起 vi->n
[2019-03-05 18:17:54]	签定 v->n
[2019-03-05 18:17:54]	凡间 s->n
[2019-03-05 18:17:54]	就是 c->n
[2019-03-05 18:17:54]	便是 v->n
[2019-03-05 18:17:54]	国都 d->n
[2019-03-05 18:17:54]	首次 m->n
[2019-03-05 18:17:54]	睡着 v->n
[2019-03-05 18:17:54]	了得 a->n
[2019-03-05 18:17:54]	西藏自治区 ns->n
[2019-03-05 18:17:54]	想像 v->n
[2019-03-05 18:17:54]	好在 d->n
[2019-03-05 18:17:54]	往时 t->n
[2019-03-05 18:17:54]	争抢 v->n
[2019-03-05 18:17:54]	正在 d->n
[2019-03-05 18:17:54]	我方 r->n
[2019-03-05 18:17:54]	多功能 b->n
[2019-03-05 18:17:54]	黑白 b->n
[2019-03-05 18:17:54]	南北 f->n
[2019-03-05 18:17:54]	干什么 r->n
[2019-03-05 18:17:54]	不断 d->n
[2019-03-05 18:17:54]	同呼吸 vl->n
[2019-03-05 18:17:54]	日间 t->n
[2019-03-05 18:17:54]	还是 c->n
[2019-03-05 18:17:54]	有点 d->n
[2019-03-05 18:17:54]	下流 a->n
[2019-03-05 18:17:54]	怎么办 ryv->n
[2019-03-05 18:17:54]	您好 nl->n
[2019-03-05 18:17:54]	你好 vl->n
[2019-03-05 18:17:54]	交售 v->n
[2019-03-05 18:17:54]	找到 v->n
[2019-03-05 18:17:54]	从来 d->n
[2019-03-05 18:17:54]	约分 v->n
[2019-03-05 18:17:54]	正数 v->n
[2019-03-05 18:17:54]	他人 rr->n
[2019-03-05 18:17:54]	不论 c->n
[2019-03-05 18:17:54]	不管 c->n
[2019-03-05 18:17:54]	出事 vi->n
[2019-03-05 18:17:54]	从此 d->n
[2019-03-05 18:17:54]	当时 t->n
[2019-03-05 18:17:54]	对话 vi->n
[2019-03-05 18:17:54]	吃饭 vi->n
[2019-03-05 18:17:54]	更新 v->n
[2019-03-05 18:17:54]	讲课 vi->n
[2019-03-05 18:17:54]	尽心 a->n
[2019-03-05 18:17:54]	立方 q->n
[2019-03-05 18:17:54]	没关系 vl->n
[2019-03-05 18:17:54]	遍地 vd->n
[2019-03-05 18:17:54]	开车 vi->n
[2019-03-05 18:17:54]	因此 c->n
[2019-03-05 18:17:54]	将来 t->n
[2019-03-05 18:17:54]	以前 f->n
[2019-03-05 18:17:54]	先前 t->n
[2019-03-05 18:17:54]	早上 t->n
[2019-03-05 18:17:54]	正月 t->n
[2019-03-05 18:17:54]	难看 a->n
[2019-03-05 18:17:54]	对头 a->n
[2019-03-05 18:17:54]	正当 a->n
[2019-03-05 18:17:54]	不容 v->n
[2019-03-05 18:17:54]	出手 vi->n
[2019-03-05 18:17:54]	着手 v->n
[2019-03-05 18:17:54]	不错 a->n
[2019-03-05 18:17:54]	不便 a->n
[2019-03-05 18:17:54]	得手 a->n
[2019-03-05 18:17:54]	说话 vi->n
[2019-03-05 18:17:54]	特等 b->n
[2019-03-05 18:17:54]	住手 vi->n
[2019-03-05 18:17:54]	共事 vi->n
[2019-03-05 18:17:54]	从前 t->n
[2019-03-05 18:17:54]	已往 t->n
[2019-03-05 18:17:54]	低下 a->n
[2019-03-05 18:17:54]	当中 f->n
[2019-03-05 18:17:54]	不易 a->n
[2019-03-05 18:17:54]	不可 d->n
[2019-03-05 18:17:54]	至此 d->n
[2019-03-05 18:17:54]	不顾 v->n
[2019-03-05 18:17:54]	正派 a->n
[2019-03-05 18:17:54]	不然 a->n
[2019-03-05 18:17:54]	某人 rr->n
[2019-03-05 18:17:54]	一角 n->v
[2019-03-05 18:17:54]	除外 vi->v
[2019-03-05 18:17:54]	爱人 n->nz
[2019-03-05 18:17:54]	把手 n->nz
[2019-03-05 18:17:54]	靠山 n->nz
[2019-03-05 18:17:54]	不行 a->v
[2019-03-05 18:17:54]	不能 v->vi
[2019-03-05 18:17:54]	不会 v->vi
[2019-03-05 18:17:54]	车号 n->nz
[2019-03-05 18:17:54]	同党 n->nz
[2019-03-05 18:17:54]	打的 v->vi
[2019-03-05 18:17:54]	除法 n->nz
[2019-03-05 18:17:54]	从重 d->v
[2019-03-05 18:17:54]	搭建 v->vd
[2019-03-05 18:17:54]	四处 d->vi
[2019-03-05 18:17:54]	拨打 v->vd
[2019-03-05 18:17:54]	大跌 v->vn
[2019-03-05 18:17:54]	会话 v->vn
[2019-03-05 18:17:54]	要领 n->nz
[2019-03-05 18:17:54]	下学 v->vd
[2019-03-05 18:17:54]	分号 n->nz
[2019-03-05 18:17:54]	不合 v->n
[2019-03-05 18:17:54]	高等 b->a
[2019-03-05 18:17:54]	还给 v->vd
[2019-03-05 18:17:54]	有心 v->vd
[2019-03-05 18:17:54]	说法 n->nz
[2019-03-05 18:17:54]	大喊 v->vd
[2019-03-05 18:17:54]	好多 m->a
[2019-03-05 18:17:54]	大奖 n->nz
[2019-03-05 18:17:54]	无礼 a->ad
[2019-03-05 18:17:54]	看不起 v->vn
[2019-03-05 18:17:54]	看得起 v->vn
[2019-03-05 18:17:54]	理事 n->nz
[2019-03-05 18:17:54]	本心 n->nl
[2019-03-05 18:17:54]	论说 vn->vl
[2019-03-05 18:17:54]	他俩 r->n
[2019-03-05 18:17:54]	江米 n->nz
[2019-03-05 18:17:54]	千米 q->qv
[2019-03-05 18:17:54]	签定 v->vn
[2019-03-05 18:17:54]	好天 n->nz
[2019-03-05 18:17:54]	日食 n->nz
[2019-03-05 18:17:54]	是不是 v->vd
[2019-03-05 18:17:54]	手指 n->nz
[2019-03-05 18:17:54]	睡着 v->vd
[2019-03-05 18:17:54]	大小 n->nz
[2019-03-05 18:17:54]	了得 a->ad
[2019-03-05 18:17:54]	问号 n->nz
[2019-03-05 18:17:54]	西藏自治区 ns->nz
[2019-03-05 18:17:54]	小便 v->vi
[2019-03-05 18:17:54]	好在 d->v
[2019-03-05 18:17:54]	双眼 n->nz
[2019-03-05 18:17:54]	一元 b->nz
[2019-03-05 18:17:54]	引号 n->nz
[2019-03-05 18:17:54]	像片 n->nz
[2019-03-05 18:17:54]	争抢 v->vd
[2019-03-05 18:17:54]	小我 n->nz
[2019-03-05 18:17:54]	文字 n->nz
[2019-03-05 18:17:54]	部分 m->n
[2019-03-05 18:17:54]	别名 n->nz
[2019-03-05 18:17:54]	和缓 a->ad
[2019-03-05 18:17:54]	按时 d->ad
[2019-03-05 18:17:54]	春分 t->n
[2019-03-05 18:17:54]	知了 n->nz
[2019-03-05 18:17:54]	车次 n->nz
[2019-03-05 18:17:54]	大寒 t->nz
[2019-03-05 18:17:54]	大料 n->nz
[2019-03-05 18:17:54]	当面 d->n
[2019-03-05 18:17:54]	上岸 vi->v
[2019-03-05 18:17:54]	对仗 n->nz
[2019-03-05 18:17:54]	分米 q->qt
[2019-03-05 18:17:54]	副词 n->nz
[2019-03-05 18:17:54]	次要 b->bl
[2019-03-05 18:17:54]	成心 d->v
[2019-03-05 18:17:54]	还账 v->vi
[2019-03-05 18:17:54]	该死 vi->v
[2019-03-05 18:17:54]	长项 n->nz
[2019-03-05 18:17:54]	借条 n->nz
[2019-03-05 18:17:54]	买家 n->nz
[2019-03-05 18:17:54]	天车 n->nz
[2019-03-05 18:17:54]	东家 n->nz
[2019-03-05 18:17:54]	小气 a->ad
[2019-03-05 18:17:54]	小产 v->vi
[2019-03-05 18:17:54]	起名 vi->v
[2019-03-05 18:17:54]	生分 a->ad
[2019-03-05 18:17:54]	上税 v->vi
[2019-03-05 18:17:54]	内蒙古自治区 ns->nz
[2019-03-05 18:17:54]	拟人 n->nz
[2019-03-05 18:17:54]	年岁 n->nl
[2019-03-05 18:17:54]	年事 n->nl
[2019-03-05 18:17:54]	身段 n->nz
[2019-03-05 18:17:54]	凡间 s->n
[2019-03-05 18:17:54]	便是 v->vd
[2019-03-05 18:17:54]	收条 n->nz
[2019-03-05 18:17:54]	禁不起 v->vd
[2019-03-05 18:17:54]	书册 n->nl
[2019-03-05 18:17:54]	水笔 n->nz
[2019-03-05 18:17:54]	时价 n->nl
[2019-03-05 18:17:54]	就义 vi->v
[2019-03-05 18:17:54]	先后 d->ad
[2019-03-05 18:17:54]	想像 v->vd
[2019-03-05 18:17:54]	小寒 t->nz
[2019-03-05 18:17:54]	小满 t->nz
[2019-03-05 18:17:54]	新词 n->nl
[2019-03-05 18:17:54]	往时 t->tg
[2019-03-05 18:17:54]	意旨 n->nl
[2019-03-05 18:17:54]	图章 n->nz
[2019-03-05 18:17:54]	正好 z->tg
[2019-03-05 18:17:54]	正理 n->nl
[2019-03-05 18:17:54]	对证 vn->n
[2019-03-05 18:17:54]	中档 b->nl
[2019-03-05 18:17:54]	我方 r->n
[2019-03-05 18:17:54]	自修 v->vl
[2019-03-05 18:17:54]	才能 n->v
[2019-03-05 18:17:54]	秒钟 n->q
[2019-03-05 18:17:54]	火烧 n->v
[2019-03-05 18:17:54]	大路 n->nz
[2019-03-05 18:17:54]	自力 n->nz
[2019-03-05 18:17:54]	女星 n->nl
[2019-03-05 18:17:54]	申请人 n->nl
[2019-03-05 18:17:54]	美女 n->nl
[2019-03-05 18:17:54]	联系人 n->nl
[2019-03-05 18:17:54]	便条 n->nl
[2019-03-05 18:17:54]	中农 n->nl
[2019-03-05 18:17:54]	人道 n->nl
[2019-03-05 18:17:54]	资本家 n->nl
[2019-03-05 18:17:54]	水车 n->nl
[2019-03-05 18:17:54]	马戏 n->nl
[2019-03-05 18:17:54]	除数 n->nz
[2019-03-05 18:17:54]	周长 n->nz
[2019-03-05 18:17:54]	小数 n->nz
[2019-03-05 18:17:54]	经线 n->nz
[2019-03-05 18:17:54]	副手 n->nz
[2019-03-05 18:17:54]	三角 n->ns
[2019-03-05 18:17:54]	切线 n->nz
[2019-03-05 18:17:54]	本着 p->nl
[2019-03-05 18:17:54]	报到 vi->v
[2019-03-05 18:17:54]	不够 a->n
[2019-03-05 18:17:54]	不满 a->v
[2019-03-05 18:17:54]	不同 a->ad
[2019-03-05 18:17:54]	大使 n->nl
[2019-03-05 18:17:54]	对应 vi->v
[2019-03-05 18:17:54]	海带 n->nl
[2019-03-05 18:17:54]	后天 n->t
[2019-03-05 18:17:54]	回家 vi->v
[2019-03-05 18:17:54]	开关 n->v
[2019-03-05 18:17:54]	完了 vi->n
[2019-03-05 18:17:54]	没用 a->v
[2019-03-05 18:17:54]	难听 a->v
[2019-03-05 18:17:54]	暖和 a->ad
[2019-03-05 18:17:54]	排比 n->nz
[2019-03-05 18:17:54]	前天 n->t
[2019-03-05 18:17:54]	上当 vi->v
[2019-03-05 18:17:54]	受不了 al->n
[2019-03-05 18:17:54]	从而 c->cc
[2019-03-05 18:17:54]	图像 n->nl
[2019-03-05 18:17:54]	脱钩 vi->v
[2019-03-05 18:17:54]	周到 a->an
[2019-03-05 18:17:54]	等同 vd->v
[2019-03-05 18:17:54]	有用 a->n
[2019-03-05 18:17:54]	再见 vi->v
[2019-03-05 18:17:54]	有时候 d->n
[2019-03-05 18:17:54]	由此 d->n
[2019-03-05 18:17:54]	有余 m->v
[2019-03-05 18:17:54]	请愿 vi->vn
[2019-03-05 18:17:54]	内在 b->n
[2019-03-05 18:17:54]	不好 a->n
[2019-03-05 18:17:54]	共命运 vl->nl
[2019-03-05 18:17:54]	小于 nr->v
[2019-03-05 18:17:54]	大人 n->nl
[2019-03-05 18:17:54]	乘法 n->nl
[2019-03-05 18:17:54]	对手 n->nl
[2019-03-05 18:17:54]	对方 n->nl
[2019-03-05 18:17:54]	成人 n->nl
[2019-03-05 18:17:54]	所在 n->nl
[2019-03-05 18:17:54]	全年 n->nl
[2019-03-05 18:17:54]	年轻人 n->nl
[2019-03-05 18:17:54]	双手 n->nl
[2019-03-05 18:17:54]	亮点 n->nl
[2019-03-05 18:17:54]	所长 n->nl
[2019-03-05 18:17:54]	天下 n->nl
[2019-03-05 18:17:54]	先人 n->nl
[2019-03-05 18:17:54]	正常人 n->nl
[2019-03-05 18:17:54]	好人 n->nl
[2019-03-05 18:17:54]	国家队 n->nl
[2019-03-05 18:17:54]	党派 n->nl
[2019-03-05 18:17:54]	乘方 n->nl
[2019-03-05 18:17:54]	嗨 e->nl
[2019-03-05 18:17:54]	个人 n->nl
[2019-03-05 18:17:54]	整年 d->n
[2019-03-05 18:17:54]	有声 b->n
[2019-03-05 18:17:54]	新增 v->n
