[2019-03-13 14:02:23]	本分 a->n
[2019-03-13 14:02:23]	按时 d->n
[2019-03-13 14:02:23]	一定 b->n
[2019-03-13 14:02:23]	不结盟 vi->n
[2019-03-13 14:02:23]	不是 c->n
[2019-03-13 14:02:23]	不能 v->n
[2019-03-13 14:02:23]	不会 v->n
[2019-03-13 14:02:23]	出血 vi->n
[2019-03-13 14:02:23]	打的 v->n
[2019-03-13 14:02:23]	除外 vi->n
[2019-03-13 14:02:23]	春分 t->n
[2019-03-13 14:02:23]	从宽 d->n
[2019-03-13 14:02:23]	从重 d->n
[2019-03-13 14:02:23]	搭建 v->n
[2019-03-13 14:02:23]	大寒 t->n
[2019-03-13 14:02:23]	当面 d->n
[2019-03-13 14:02:23]	会话 v->n
[2019-03-13 14:02:23]	分米 q->n
[2019-03-13 14:02:23]	次要 b->n
[2019-03-13 14:02:23]	成心 d->n
[2019-03-13 14:02:23]	一齐 d->n
[2019-03-13 14:02:23]	还账 v->n
[2019-03-13 14:02:23]	不准 v->n
[2019-03-13 14:02:23]	看不起 v->n
[2019-03-13 14:02:23]	看得起 v->n
[2019-03-13 14:02:23]	小产 v->n
[2019-03-13 14:02:23]	天天 d->n
[2019-03-13 14:02:23]	起名 vi->n
[2019-03-13 14:02:23]	上税 v->n
[2019-03-13 14:02:23]	他俩 r->n
[2019-03-13 14:02:23]	千米 q->n
[2019-03-13 14:02:23]	是不是 v->n
[2019-03-13 14:02:23]	禁不起 v->n
[2019-03-13 14:02:23]	先后 d->n
[2019-03-13 14:02:23]	小便 v->n
[2019-03-13 14:02:23]	小满 t->n
[2019-03-13 14:02:23]	吃药 v->n
[2019-03-13 14:02:23]	一元 b->n
[2019-03-13 14:02:23]	正好 z->n
[2019-03-13 14:02:23]	对证 vn->n
[2019-03-13 14:02:23]	中档 b->n
[2019-03-13 14:02:23]	自修 v->n
[2019-03-13 14:02:23]	到底 d->n
[2019-03-13 14:02:23]	和缓 a->n
[2019-03-13 14:02:23]	人为 b->n
[2019-03-13 14:02:23]	长达 v->n
[2019-03-13 14:02:23]	上流 b->n
[2019-03-13 14:02:23]	喜好 an->n
[2019-03-13 14:02:23]	从中 d->n
[2019-03-13 14:02:23]	各人 rr->n
[2019-03-13 14:02:23]	中选 vi->n
[2019-03-13 14:02:23]	各处 rzs->n
[2019-03-13 14:02:23]	四处 d->n
[2019-03-13 14:02:23]	上岸 vi->n
[2019-03-13 14:02:23]	拨打 v->n
[2019-03-13 14:02:23]	大跌 v->n
[2019-03-13 14:02:23]	好多 m->n
[2019-03-13 14:02:23]	下学 v->n
[2019-03-13 14:02:23]	不合 v->n
[2019-03-13 14:02:23]	高等 b->n
[2019-03-13 14:02:23]	老大 a->n
[2019-03-13 14:02:23]	还给 v->n
[2019-03-13 14:02:23]	对等 vi->n
[2019-03-13 14:02:23]	有心 v->n
[2019-03-13 14:02:23]	真的 a->n
[2019-03-13 14:02:23]	大喊 v->n
[2019-03-13 14:02:23]	总会 d->n
[2019-03-13 14:02:23]	该死 vi->n
[2019-03-13 14:02:23]	一口气 d->n
[2019-03-13 14:02:23]	小气 a->n
[2019-03-13 14:02:23]	论说 vn->n
[2019-03-13 14:02:23]	中意 a->n
[2019-03-13 14:02:23]	生分 a->n
[2019-03-13 14:02:23]	内蒙古自治区 ns->n
[2019-03-13 14:02:23]	年间 f->n
[2019-03-13 14:02:23]	和暖 a->n
[2019-03-13 14:02:23]	省钱 a->n
[2019-03-13 14:02:23]	单方面 b->n
[2019-03-13 14:02:23]	早起 vi->n
[2019-03-13 14:02:23]	签定 v->n
[2019-03-13 14:02:23]	凡间 s->n
[2019-03-13 14:02:23]	就是 c->n
[2019-03-13 14:02:23]	便是 v->n
[2019-03-13 14:02:23]	国都 d->n
[2019-03-13 14:02:23]	首次 m->n
[2019-03-13 14:02:23]	睡着 v->n
[2019-03-13 14:02:23]	了得 a->n
[2019-03-13 14:02:23]	西藏自治区 ns->n
[2019-03-13 14:02:23]	想像 v->n
[2019-03-13 14:02:23]	好在 d->n
[2019-03-13 14:02:23]	往时 t->n
[2019-03-13 14:02:23]	争抢 v->n
[2019-03-13 14:02:23]	正在 d->n
[2019-03-13 14:02:23]	我方 r->n
[2019-03-13 14:02:23]	多功能 b->n
[2019-03-13 14:02:23]	黑白 b->n
[2019-03-13 14:02:23]	南北 f->n
[2019-03-13 14:02:23]	干什么 r->n
[2019-03-13 14:02:23]	不断 d->n
[2019-03-13 14:02:23]	同呼吸 vl->n
[2019-03-13 14:02:23]	日间 t->n
[2019-03-13 14:02:23]	还是 c->n
[2019-03-13 14:02:23]	有点 d->n
[2019-03-13 14:02:23]	下流 a->n
[2019-03-13 14:02:23]	怎么办 ryv->n
[2019-03-13 14:02:23]	您好 nl->n
[2019-03-13 14:02:23]	你好 vl->n
[2019-03-13 14:02:23]	交售 v->n
[2019-03-13 14:02:23]	找到 v->n
[2019-03-13 14:02:23]	从来 d->n
[2019-03-13 14:02:23]	约分 v->n
[2019-03-13 14:02:23]	正数 v->n
[2019-03-13 14:02:23]	他人 rr->n
[2019-03-13 14:02:23]	不论 c->n
[2019-03-13 14:02:23]	不管 c->n
[2019-03-13 14:02:23]	出事 vi->n
[2019-03-13 14:02:23]	从此 d->n
[2019-03-13 14:02:23]	当时 t->n
[2019-03-13 14:02:23]	对话 vi->n
[2019-03-13 14:02:23]	吃饭 vi->n
[2019-03-13 14:02:23]	更新 v->n
[2019-03-13 14:02:23]	讲课 vi->n
[2019-03-13 14:02:23]	尽心 a->n
[2019-03-13 14:02:23]	立方 q->n
[2019-03-13 14:02:23]	没关系 vl->n
[2019-03-13 14:02:23]	遍地 vd->n
[2019-03-13 14:02:23]	开车 vi->n
[2019-03-13 14:02:23]	因此 c->n
[2019-03-13 14:02:23]	将来 t->n
[2019-03-13 14:02:23]	以前 f->n
[2019-03-13 14:02:23]	先前 t->n
[2019-03-13 14:02:23]	早上 t->n
[2019-03-13 14:02:23]	正月 t->n
[2019-03-13 14:02:23]	难看 a->n
[2019-03-13 14:02:23]	对头 a->n
[2019-03-13 14:02:23]	正当 a->n
[2019-03-13 14:02:23]	不容 v->n
[2019-03-13 14:02:23]	出手 vi->n
[2019-03-13 14:02:23]	着手 v->n
[2019-03-13 14:02:23]	不错 a->n
[2019-03-13 14:02:23]	不便 a->n
[2019-03-13 14:02:23]	得手 a->n
[2019-03-13 14:02:23]	说话 vi->n
[2019-03-13 14:02:23]	特等 b->n
[2019-03-13 14:02:23]	住手 vi->n
[2019-03-13 14:02:23]	共事 vi->n
[2019-03-13 14:02:23]	从前 t->n
[2019-03-13 14:02:23]	已往 t->n
[2019-03-13 14:02:23]	低下 a->n
[2019-03-13 14:02:23]	当中 f->n
[2019-03-13 14:02:23]	不易 a->n
[2019-03-13 14:02:23]	不可 d->n
[2019-03-13 14:02:23]	至此 d->n
[2019-03-13 14:02:23]	不顾 v->n
[2019-03-13 14:02:23]	正派 a->n
[2019-03-13 14:02:23]	不然 a->n
[2019-03-13 14:02:23]	某人 rr->n
[2019-03-13 14:02:23]	一角 n->v
[2019-03-13 14:02:23]	除外 vi->v
[2019-03-13 14:02:23]	爱人 n->nz
[2019-03-13 14:02:23]	把手 n->nz
[2019-03-13 14:02:23]	靠山 n->nz
[2019-03-13 14:02:23]	不行 a->v
[2019-03-13 14:02:23]	不能 v->vi
[2019-03-13 14:02:23]	不会 v->vi
[2019-03-13 14:02:23]	车号 n->nz
[2019-03-13 14:02:23]	同党 n->nz
[2019-03-13 14:02:23]	打的 v->vi
[2019-03-13 14:02:23]	除法 n->nz
[2019-03-13 14:02:23]	从重 d->v
[2019-03-13 14:02:23]	搭建 v->vd
[2019-03-13 14:02:23]	四处 d->vi
[2019-03-13 14:02:23]	拨打 v->vd
[2019-03-13 14:02:23]	大跌 v->vn
[2019-03-13 14:02:23]	会话 v->vn
[2019-03-13 14:02:23]	要领 n->nz
[2019-03-13 14:02:23]	下学 v->vd
[2019-03-13 14:02:23]	分号 n->nz
[2019-03-13 14:02:23]	不合 v->n
[2019-03-13 14:02:23]	高等 b->a
[2019-03-13 14:02:23]	还给 v->vd
[2019-03-13 14:02:23]	有心 v->vd
[2019-03-13 14:02:23]	说法 n->nz
[2019-03-13 14:02:23]	大喊 v->vd
[2019-03-13 14:02:23]	好多 m->a
[2019-03-13 14:02:23]	大奖 n->nz
[2019-03-13 14:02:23]	无礼 a->ad
[2019-03-13 14:02:23]	看不起 v->vn
[2019-03-13 14:02:23]	看得起 v->vn
[2019-03-13 14:02:23]	理事 n->nz
[2019-03-13 14:02:23]	本心 n->nl
[2019-03-13 14:02:23]	论说 vn->vl
[2019-03-13 14:02:23]	他俩 r->n
[2019-03-13 14:02:23]	江米 n->nz
[2019-03-13 14:02:23]	千米 q->qv
[2019-03-13 14:02:23]	签定 v->vn
[2019-03-13 14:02:23]	好天 n->nz
[2019-03-13 14:02:23]	日食 n->nz
[2019-03-13 14:02:23]	是不是 v->vd
[2019-03-13 14:02:23]	手指 n->nz
[2019-03-13 14:02:23]	睡着 v->vd
[2019-03-13 14:02:23]	大小 n->nz
[2019-03-13 14:02:23]	了得 a->ad
[2019-03-13 14:02:23]	问号 n->nz
[2019-03-13 14:02:23]	西藏自治区 ns->nz
[2019-03-13 14:02:23]	小便 v->vi
[2019-03-13 14:02:23]	好在 d->v
[2019-03-13 14:02:23]	双眼 n->nz
[2019-03-13 14:02:23]	一元 b->nz
[2019-03-13 14:02:23]	引号 n->nz
[2019-03-13 14:02:23]	像片 n->nz
[2019-03-13 14:02:23]	争抢 v->vd
[2019-03-13 14:02:23]	小我 n->nz
[2019-03-13 14:02:23]	文字 n->nz
[2019-03-13 14:02:23]	部分 m->n
[2019-03-13 14:02:23]	别名 n->nz
[2019-03-13 14:02:23]	和缓 a->ad
[2019-03-13 14:02:23]	按时 d->ad
[2019-03-13 14:02:23]	春分 t->n
[2019-03-13 14:02:23]	知了 n->nz
[2019-03-13 14:02:23]	车次 n->nz
[2019-03-13 14:02:23]	大寒 t->nz
[2019-03-13 14:02:23]	大料 n->nz
[2019-03-13 14:02:23]	当面 d->n
[2019-03-13 14:02:23]	上岸 vi->v
[2019-03-13 14:02:23]	对仗 n->nz
[2019-03-13 14:02:23]	分米 q->qt
[2019-03-13 14:02:23]	副词 n->nz
[2019-03-13 14:02:23]	次要 b->bl
[2019-03-13 14:02:23]	成心 d->v
[2019-03-13 14:02:23]	还账 v->vi
[2019-03-13 14:02:23]	该死 vi->v
[2019-03-13 14:02:23]	长项 n->nz
[2019-03-13 14:02:23]	借条 n->nz
[2019-03-13 14:02:23]	买家 n->nz
[2019-03-13 14:02:23]	天车 n->nz
[2019-03-13 14:02:23]	东家 n->nz
[2019-03-13 14:02:23]	小气 a->ad
[2019-03-13 14:02:23]	小产 v->vi
[2019-03-13 14:02:23]	起名 vi->v
[2019-03-13 14:02:23]	生分 a->ad
[2019-03-13 14:02:23]	上税 v->vi
[2019-03-13 14:02:23]	内蒙古自治区 ns->nz
[2019-03-13 14:02:23]	拟人 n->nz
[2019-03-13 14:02:23]	年岁 n->nl
[2019-03-13 14:02:23]	年事 n->nl
[2019-03-13 14:02:23]	身段 n->nz
[2019-03-13 14:02:23]	凡间 s->n
[2019-03-13 14:02:23]	便是 v->vd
[2019-03-13 14:02:23]	收条 n->nz
[2019-03-13 14:02:23]	禁不起 v->vd
[2019-03-13 14:02:23]	书册 n->nl
[2019-03-13 14:02:23]	水笔 n->nz
[2019-03-13 14:02:23]	时价 n->nl
[2019-03-13 14:02:23]	就义 vi->v
[2019-03-13 14:02:23]	先后 d->ad
[2019-03-13 14:02:23]	想像 v->vd
[2019-03-13 14:02:23]	小寒 t->nz
[2019-03-13 14:02:23]	小满 t->nz
[2019-03-13 14:02:23]	新词 n->nl
[2019-03-13 14:02:23]	往时 t->tg
[2019-03-13 14:02:23]	意旨 n->nl
[2019-03-13 14:02:23]	图章 n->nz
[2019-03-13 14:02:23]	正好 z->tg
[2019-03-13 14:02:23]	正理 n->nl
[2019-03-13 14:02:23]	对证 vn->n
[2019-03-13 14:02:23]	中档 b->nl
[2019-03-13 14:02:23]	我方 r->n
[2019-03-13 14:02:23]	自修 v->vl
[2019-03-13 14:02:23]	才能 n->v
[2019-03-13 14:02:23]	秒钟 n->q
[2019-03-13 14:02:23]	火烧 n->v
[2019-03-13 14:02:23]	大路 n->nz
[2019-03-13 14:02:23]	自力 n->nz
[2019-03-13 14:02:23]	女星 n->nl
[2019-03-13 14:02:23]	申请人 n->nl
[2019-03-13 14:02:23]	美女 n->nl
[2019-03-13 14:02:23]	联系人 n->nl
[2019-03-13 14:02:23]	便条 n->nl
[2019-03-13 14:02:23]	中农 n->nl
[2019-03-13 14:02:23]	人道 n->nl
[2019-03-13 14:02:23]	资本家 n->nl
[2019-03-13 14:02:23]	水车 n->nl
[2019-03-13 14:02:23]	马戏 n->nl
[2019-03-13 14:02:23]	除数 n->nz
[2019-03-13 14:02:23]	周长 n->nz
[2019-03-13 14:02:23]	小数 n->nz
[2019-03-13 14:02:23]	经线 n->nz
[2019-03-13 14:02:23]	副手 n->nz
[2019-03-13 14:02:23]	三角 n->ns
[2019-03-13 14:02:23]	切线 n->nz
[2019-03-13 14:02:23]	本着 p->nl
[2019-03-13 14:02:23]	报到 vi->v
[2019-03-13 14:02:23]	不够 a->n
[2019-03-13 14:02:23]	不满 a->v
[2019-03-13 14:02:23]	不同 a->ad
[2019-03-13 14:02:23]	大使 n->nl
[2019-03-13 14:02:23]	对应 vi->v
[2019-03-13 14:02:23]	海带 n->nl
[2019-03-13 14:02:23]	后天 n->t
[2019-03-13 14:02:23]	回家 vi->v
[2019-03-13 14:02:23]	开关 n->v
[2019-03-13 14:02:23]	完了 vi->n
[2019-03-13 14:02:23]	没用 a->v
[2019-03-13 14:02:23]	难听 a->v
[2019-03-13 14:02:23]	暖和 a->ad
[2019-03-13 14:02:23]	排比 n->nz
[2019-03-13 14:02:23]	前天 n->t
[2019-03-13 14:02:23]	上当 vi->v
[2019-03-13 14:02:23]	受不了 al->n
[2019-03-13 14:02:23]	从而 c->cc
[2019-03-13 14:02:23]	图像 n->nl
[2019-03-13 14:02:23]	脱钩 vi->v
[2019-03-13 14:02:23]	周到 a->an
[2019-03-13 14:02:23]	等同 vd->v
[2019-03-13 14:02:23]	有用 a->n
[2019-03-13 14:02:23]	再见 vi->v
[2019-03-13 14:02:23]	有时候 d->n
[2019-03-13 14:02:23]	由此 d->n
[2019-03-13 14:02:23]	有余 m->v
[2019-03-13 14:02:23]	请愿 vi->vn
[2019-03-13 14:02:23]	内在 b->n
[2019-03-13 14:02:23]	不好 a->n
[2019-03-13 14:02:23]	共命运 vl->nl
[2019-03-13 14:02:23]	小于 nr->v
[2019-03-13 14:02:23]	大人 n->nl
[2019-03-13 14:02:23]	乘法 n->nl
[2019-03-13 14:02:23]	对手 n->nl
[2019-03-13 14:02:23]	对方 n->nl
[2019-03-13 14:02:23]	成人 n->nl
[2019-03-13 14:02:23]	所在 n->nl
[2019-03-13 14:02:23]	全年 n->nl
[2019-03-13 14:02:23]	年轻人 n->nl
[2019-03-13 14:02:23]	双手 n->nl
[2019-03-13 14:02:23]	亮点 n->nl
[2019-03-13 14:02:23]	所长 n->nl
[2019-03-13 14:02:23]	天下 n->nl
[2019-03-13 14:02:23]	先人 n->nl
[2019-03-13 14:02:23]	正常人 n->nl
[2019-03-13 14:02:23]	好人 n->nl
[2019-03-13 14:02:23]	国家队 n->nl
[2019-03-13 14:02:23]	党派 n->nl
[2019-03-13 14:02:23]	乘方 n->nl
[2019-03-13 14:02:23]	嗨 e->nl
[2019-03-13 14:02:23]	个人 n->nl
[2019-03-13 14:02:23]	整年 d->n
[2019-03-13 14:02:23]	有声 b->n
[2019-03-13 14:02:23]	新增 v->n
[2019-03-13 14:05:33]	本分 a->n
[2019-03-13 14:05:33]	按时 d->n
[2019-03-13 14:05:33]	一定 b->n
[2019-03-13 14:05:33]	不结盟 vi->n
[2019-03-13 14:05:33]	不是 c->n
[2019-03-13 14:05:33]	不能 v->n
[2019-03-13 14:05:33]	不会 v->n
[2019-03-13 14:05:33]	出血 vi->n
[2019-03-13 14:05:33]	打的 v->n
[2019-03-13 14:05:33]	除外 vi->n
[2019-03-13 14:05:33]	春分 t->n
[2019-03-13 14:05:33]	从宽 d->n
[2019-03-13 14:05:33]	从重 d->n
[2019-03-13 14:05:33]	搭建 v->n
[2019-03-13 14:05:33]	大寒 t->n
[2019-03-13 14:05:33]	当面 d->n
[2019-03-13 14:05:33]	会话 v->n
[2019-03-13 14:05:33]	分米 q->n
[2019-03-13 14:05:33]	次要 b->n
[2019-03-13 14:05:33]	成心 d->n
[2019-03-13 14:05:33]	一齐 d->n
[2019-03-13 14:05:33]	还账 v->n
[2019-03-13 14:05:33]	不准 v->n
[2019-03-13 14:05:33]	看不起 v->n
[2019-03-13 14:05:33]	看得起 v->n
[2019-03-13 14:05:33]	小产 v->n
[2019-03-13 14:05:33]	天天 d->n
[2019-03-13 14:05:33]	起名 vi->n
[2019-03-13 14:05:33]	上税 v->n
[2019-03-13 14:05:33]	他俩 r->n
[2019-03-13 14:05:33]	千米 q->n
[2019-03-13 14:05:33]	是不是 v->n
[2019-03-13 14:05:33]	禁不起 v->n
[2019-03-13 14:05:33]	先后 d->n
[2019-03-13 14:05:33]	小便 v->n
[2019-03-13 14:05:33]	小满 t->n
[2019-03-13 14:05:33]	吃药 v->n
[2019-03-13 14:05:33]	一元 b->n
[2019-03-13 14:05:33]	正好 z->n
[2019-03-13 14:05:33]	对证 vn->n
[2019-03-13 14:05:33]	中档 b->n
[2019-03-13 14:05:33]	自修 v->n
[2019-03-13 14:05:33]	到底 d->n
[2019-03-13 14:05:33]	和缓 a->n
[2019-03-13 14:05:33]	人为 b->n
[2019-03-13 14:05:33]	长达 v->n
[2019-03-13 14:05:33]	上流 b->n
[2019-03-13 14:05:33]	喜好 an->n
[2019-03-13 14:05:33]	从中 d->n
[2019-03-13 14:05:33]	各人 rr->n
[2019-03-13 14:05:33]	中选 vi->n
[2019-03-13 14:05:33]	各处 rzs->n
[2019-03-13 14:05:33]	四处 d->n
[2019-03-13 14:05:33]	上岸 vi->n
[2019-03-13 14:05:33]	拨打 v->n
[2019-03-13 14:05:33]	大跌 v->n
[2019-03-13 14:05:33]	好多 m->n
[2019-03-13 14:05:33]	下学 v->n
[2019-03-13 14:05:33]	不合 v->n
[2019-03-13 14:05:33]	高等 b->n
[2019-03-13 14:05:33]	老大 a->n
[2019-03-13 14:05:33]	还给 v->n
[2019-03-13 14:05:33]	对等 vi->n
[2019-03-13 14:05:33]	有心 v->n
[2019-03-13 14:05:33]	真的 a->n
[2019-03-13 14:05:33]	大喊 v->n
[2019-03-13 14:05:33]	总会 d->n
[2019-03-13 14:05:33]	该死 vi->n
[2019-03-13 14:05:33]	一口气 d->n
[2019-03-13 14:05:33]	小气 a->n
[2019-03-13 14:05:33]	论说 vn->n
[2019-03-13 14:05:33]	中意 a->n
[2019-03-13 14:05:33]	生分 a->n
[2019-03-13 14:05:33]	内蒙古自治区 ns->n
[2019-03-13 14:05:33]	年间 f->n
[2019-03-13 14:05:33]	和暖 a->n
[2019-03-13 14:05:33]	省钱 a->n
[2019-03-13 14:05:33]	单方面 b->n
[2019-03-13 14:05:33]	早起 vi->n
[2019-03-13 14:05:33]	签定 v->n
[2019-03-13 14:05:33]	凡间 s->n
[2019-03-13 14:05:33]	就是 c->n
[2019-03-13 14:05:33]	便是 v->n
[2019-03-13 14:05:33]	国都 d->n
[2019-03-13 14:05:33]	首次 m->n
[2019-03-13 14:05:33]	睡着 v->n
[2019-03-13 14:05:33]	了得 a->n
[2019-03-13 14:05:33]	西藏自治区 ns->n
[2019-03-13 14:05:33]	想像 v->n
[2019-03-13 14:05:33]	好在 d->n
[2019-03-13 14:05:33]	往时 t->n
[2019-03-13 14:05:33]	争抢 v->n
[2019-03-13 14:05:33]	正在 d->n
[2019-03-13 14:05:33]	我方 r->n
[2019-03-13 14:05:33]	多功能 b->n
[2019-03-13 14:05:33]	黑白 b->n
[2019-03-13 14:05:33]	南北 f->n
[2019-03-13 14:05:33]	干什么 r->n
[2019-03-13 14:05:33]	不断 d->n
[2019-03-13 14:05:33]	同呼吸 vl->n
[2019-03-13 14:05:33]	日间 t->n
[2019-03-13 14:05:33]	还是 c->n
[2019-03-13 14:05:33]	有点 d->n
[2019-03-13 14:05:33]	下流 a->n
[2019-03-13 14:05:33]	怎么办 ryv->n
[2019-03-13 14:05:33]	您好 nl->n
[2019-03-13 14:05:33]	你好 vl->n
[2019-03-13 14:05:33]	交售 v->n
[2019-03-13 14:05:33]	找到 v->n
[2019-03-13 14:05:33]	从来 d->n
[2019-03-13 14:05:33]	约分 v->n
[2019-03-13 14:05:33]	正数 v->n
[2019-03-13 14:05:33]	他人 rr->n
[2019-03-13 14:05:33]	不论 c->n
[2019-03-13 14:05:33]	不管 c->n
[2019-03-13 14:05:33]	出事 vi->n
[2019-03-13 14:05:33]	从此 d->n
[2019-03-13 14:05:33]	当时 t->n
[2019-03-13 14:05:33]	对话 vi->n
[2019-03-13 14:05:33]	吃饭 vi->n
[2019-03-13 14:05:33]	更新 v->n
[2019-03-13 14:05:33]	讲课 vi->n
[2019-03-13 14:05:33]	尽心 a->n
[2019-03-13 14:05:33]	立方 q->n
[2019-03-13 14:05:33]	没关系 vl->n
[2019-03-13 14:05:33]	遍地 vd->n
[2019-03-13 14:05:33]	开车 vi->n
[2019-03-13 14:05:33]	因此 c->n
[2019-03-13 14:05:33]	将来 t->n
[2019-03-13 14:05:33]	以前 f->n
[2019-03-13 14:05:33]	先前 t->n
[2019-03-13 14:05:33]	早上 t->n
[2019-03-13 14:05:33]	正月 t->n
[2019-03-13 14:05:33]	难看 a->n
[2019-03-13 14:05:33]	对头 a->n
[2019-03-13 14:05:33]	正当 a->n
[2019-03-13 14:05:33]	不容 v->n
[2019-03-13 14:05:33]	出手 vi->n
[2019-03-13 14:05:33]	着手 v->n
[2019-03-13 14:05:33]	不错 a->n
[2019-03-13 14:05:33]	不便 a->n
[2019-03-13 14:05:33]	得手 a->n
[2019-03-13 14:05:33]	说话 vi->n
[2019-03-13 14:05:33]	特等 b->n
[2019-03-13 14:05:33]	住手 vi->n
[2019-03-13 14:05:33]	共事 vi->n
[2019-03-13 14:05:33]	从前 t->n
[2019-03-13 14:05:33]	已往 t->n
[2019-03-13 14:05:33]	低下 a->n
[2019-03-13 14:05:33]	当中 f->n
[2019-03-13 14:05:33]	不易 a->n
[2019-03-13 14:05:33]	不可 d->n
[2019-03-13 14:05:33]	至此 d->n
[2019-03-13 14:05:33]	不顾 v->n
[2019-03-13 14:05:33]	正派 a->n
[2019-03-13 14:05:33]	不然 a->n
[2019-03-13 14:05:33]	某人 rr->n
[2019-03-13 14:05:33]	一角 n->v
[2019-03-13 14:05:33]	除外 vi->v
[2019-03-13 14:05:33]	爱人 n->nz
[2019-03-13 14:05:33]	把手 n->nz
[2019-03-13 14:05:33]	靠山 n->nz
[2019-03-13 14:05:33]	不行 a->v
[2019-03-13 14:05:33]	不能 v->vi
[2019-03-13 14:05:33]	不会 v->vi
[2019-03-13 14:05:33]	车号 n->nz
[2019-03-13 14:05:33]	同党 n->nz
[2019-03-13 14:05:33]	打的 v->vi
[2019-03-13 14:05:33]	除法 n->nz
[2019-03-13 14:05:33]	从重 d->v
[2019-03-13 14:05:33]	搭建 v->vd
[2019-03-13 14:05:33]	四处 d->vi
[2019-03-13 14:05:33]	拨打 v->vd
[2019-03-13 14:05:33]	大跌 v->vn
[2019-03-13 14:05:33]	会话 v->vn
[2019-03-13 14:05:33]	要领 n->nz
[2019-03-13 14:05:33]	下学 v->vd
[2019-03-13 14:05:33]	分号 n->nz
[2019-03-13 14:05:33]	不合 v->n
[2019-03-13 14:05:33]	高等 b->a
[2019-03-13 14:05:33]	还给 v->vd
[2019-03-13 14:05:33]	有心 v->vd
[2019-03-13 14:05:33]	说法 n->nz
[2019-03-13 14:05:33]	大喊 v->vd
[2019-03-13 14:05:33]	好多 m->a
[2019-03-13 14:05:33]	大奖 n->nz
[2019-03-13 14:05:33]	无礼 a->ad
[2019-03-13 14:05:33]	看不起 v->vn
[2019-03-13 14:05:33]	看得起 v->vn
[2019-03-13 14:05:33]	理事 n->nz
[2019-03-13 14:05:33]	本心 n->nl
[2019-03-13 14:05:33]	论说 vn->vl
[2019-03-13 14:05:33]	他俩 r->n
[2019-03-13 14:05:33]	江米 n->nz
[2019-03-13 14:05:33]	千米 q->qv
[2019-03-13 14:05:33]	签定 v->vn
[2019-03-13 14:05:33]	好天 n->nz
[2019-03-13 14:05:33]	日食 n->nz
[2019-03-13 14:05:33]	是不是 v->vd
[2019-03-13 14:05:33]	手指 n->nz
[2019-03-13 14:05:33]	睡着 v->vd
[2019-03-13 14:05:33]	大小 n->nz
[2019-03-13 14:05:33]	了得 a->ad
[2019-03-13 14:05:33]	问号 n->nz
[2019-03-13 14:05:33]	西藏自治区 ns->nz
[2019-03-13 14:05:33]	小便 v->vi
[2019-03-13 14:05:33]	好在 d->v
[2019-03-13 14:05:33]	双眼 n->nz
[2019-03-13 14:05:33]	一元 b->nz
[2019-03-13 14:05:33]	引号 n->nz
[2019-03-13 14:05:33]	像片 n->nz
[2019-03-13 14:05:33]	争抢 v->vd
[2019-03-13 14:05:33]	小我 n->nz
[2019-03-13 14:05:33]	文字 n->nz
[2019-03-13 14:05:33]	部分 m->n
[2019-03-13 14:05:33]	别名 n->nz
[2019-03-13 14:05:33]	和缓 a->ad
[2019-03-13 14:05:33]	按时 d->ad
[2019-03-13 14:05:33]	春分 t->n
[2019-03-13 14:05:33]	知了 n->nz
[2019-03-13 14:05:33]	车次 n->nz
[2019-03-13 14:05:33]	大寒 t->nz
[2019-03-13 14:05:33]	大料 n->nz
[2019-03-13 14:05:33]	当面 d->n
[2019-03-13 14:05:33]	上岸 vi->v
[2019-03-13 14:05:33]	对仗 n->nz
[2019-03-13 14:05:33]	分米 q->qt
[2019-03-13 14:05:33]	副词 n->nz
[2019-03-13 14:05:33]	次要 b->bl
[2019-03-13 14:05:33]	成心 d->v
[2019-03-13 14:05:33]	还账 v->vi
[2019-03-13 14:05:33]	该死 vi->v
[2019-03-13 14:05:33]	长项 n->nz
[2019-03-13 14:05:33]	借条 n->nz
[2019-03-13 14:05:33]	买家 n->nz
[2019-03-13 14:05:33]	天车 n->nz
[2019-03-13 14:05:33]	东家 n->nz
[2019-03-13 14:05:33]	小气 a->ad
[2019-03-13 14:05:33]	小产 v->vi
[2019-03-13 14:05:33]	起名 vi->v
[2019-03-13 14:05:33]	生分 a->ad
[2019-03-13 14:05:33]	上税 v->vi
[2019-03-13 14:05:33]	内蒙古自治区 ns->nz
[2019-03-13 14:05:33]	拟人 n->nz
[2019-03-13 14:05:33]	年岁 n->nl
[2019-03-13 14:05:33]	年事 n->nl
[2019-03-13 14:05:33]	身段 n->nz
[2019-03-13 14:05:33]	凡间 s->n
[2019-03-13 14:05:33]	便是 v->vd
[2019-03-13 14:05:33]	收条 n->nz
[2019-03-13 14:05:33]	禁不起 v->vd
[2019-03-13 14:05:33]	书册 n->nl
[2019-03-13 14:05:33]	水笔 n->nz
[2019-03-13 14:05:33]	时价 n->nl
[2019-03-13 14:05:33]	就义 vi->v
[2019-03-13 14:05:33]	先后 d->ad
[2019-03-13 14:05:33]	想像 v->vd
[2019-03-13 14:05:33]	小寒 t->nz
[2019-03-13 14:05:33]	小满 t->nz
[2019-03-13 14:05:33]	新词 n->nl
[2019-03-13 14:05:33]	往时 t->tg
[2019-03-13 14:05:33]	意旨 n->nl
[2019-03-13 14:05:33]	图章 n->nz
[2019-03-13 14:05:33]	正好 z->tg
[2019-03-13 14:05:33]	正理 n->nl
[2019-03-13 14:05:33]	对证 vn->n
[2019-03-13 14:05:33]	中档 b->nl
[2019-03-13 14:05:33]	我方 r->n
[2019-03-13 14:05:33]	自修 v->vl
[2019-03-13 14:05:33]	才能 n->v
[2019-03-13 14:05:33]	秒钟 n->q
[2019-03-13 14:05:33]	火烧 n->v
[2019-03-13 14:05:33]	大路 n->nz
[2019-03-13 14:05:33]	自力 n->nz
[2019-03-13 14:05:33]	女星 n->nl
[2019-03-13 14:05:33]	申请人 n->nl
[2019-03-13 14:05:33]	美女 n->nl
[2019-03-13 14:05:33]	联系人 n->nl
[2019-03-13 14:05:33]	便条 n->nl
[2019-03-13 14:05:33]	中农 n->nl
[2019-03-13 14:05:33]	人道 n->nl
[2019-03-13 14:05:33]	资本家 n->nl
[2019-03-13 14:05:33]	水车 n->nl
[2019-03-13 14:05:33]	马戏 n->nl
[2019-03-13 14:05:33]	除数 n->nz
[2019-03-13 14:05:33]	周长 n->nz
[2019-03-13 14:05:33]	小数 n->nz
[2019-03-13 14:05:33]	经线 n->nz
[2019-03-13 14:05:33]	副手 n->nz
[2019-03-13 14:05:33]	三角 n->ns
[2019-03-13 14:05:33]	切线 n->nz
[2019-03-13 14:05:33]	本着 p->nl
[2019-03-13 14:05:33]	报到 vi->v
[2019-03-13 14:05:33]	不够 a->n
[2019-03-13 14:05:33]	不满 a->v
[2019-03-13 14:05:33]	不同 a->ad
[2019-03-13 14:05:33]	大使 n->nl
[2019-03-13 14:05:33]	对应 vi->v
[2019-03-13 14:05:33]	海带 n->nl
[2019-03-13 14:05:33]	后天 n->t
[2019-03-13 14:05:33]	回家 vi->v
[2019-03-13 14:05:33]	开关 n->v
[2019-03-13 14:05:33]	完了 vi->n
[2019-03-13 14:05:33]	没用 a->v
[2019-03-13 14:05:33]	难听 a->v
[2019-03-13 14:05:33]	暖和 a->ad
[2019-03-13 14:05:33]	排比 n->nz
[2019-03-13 14:05:33]	前天 n->t
[2019-03-13 14:05:33]	上当 vi->v
[2019-03-13 14:05:33]	受不了 al->n
[2019-03-13 14:05:33]	从而 c->cc
[2019-03-13 14:05:33]	图像 n->nl
[2019-03-13 14:05:33]	脱钩 vi->v
[2019-03-13 14:05:33]	周到 a->an
[2019-03-13 14:05:33]	等同 vd->v
[2019-03-13 14:05:33]	有用 a->n
[2019-03-13 14:05:33]	再见 vi->v
[2019-03-13 14:05:33]	有时候 d->n
[2019-03-13 14:05:33]	由此 d->n
[2019-03-13 14:05:33]	有余 m->v
[2019-03-13 14:05:33]	请愿 vi->vn
[2019-03-13 14:05:33]	内在 b->n
[2019-03-13 14:05:33]	不好 a->n
[2019-03-13 14:05:33]	共命运 vl->nl
[2019-03-13 14:05:33]	小于 nr->v
[2019-03-13 14:05:33]	大人 n->nl
[2019-03-13 14:05:33]	乘法 n->nl
[2019-03-13 14:05:33]	对手 n->nl
[2019-03-13 14:05:33]	对方 n->nl
[2019-03-13 14:05:33]	成人 n->nl
[2019-03-13 14:05:33]	所在 n->nl
[2019-03-13 14:05:33]	全年 n->nl
[2019-03-13 14:05:33]	年轻人 n->nl
[2019-03-13 14:05:33]	双手 n->nl
[2019-03-13 14:05:33]	亮点 n->nl
[2019-03-13 14:05:33]	所长 n->nl
[2019-03-13 14:05:33]	天下 n->nl
[2019-03-13 14:05:33]	先人 n->nl
[2019-03-13 14:05:33]	正常人 n->nl
[2019-03-13 14:05:33]	好人 n->nl
[2019-03-13 14:05:33]	国家队 n->nl
[2019-03-13 14:05:33]	党派 n->nl
[2019-03-13 14:05:33]	乘方 n->nl
[2019-03-13 14:05:33]	嗨 e->nl
[2019-03-13 14:05:33]	个人 n->nl
[2019-03-13 14:05:33]	整年 d->n
[2019-03-13 14:05:33]	有声 b->n
[2019-03-13 14:05:33]	新增 v->n
[2019-03-13 14:06:03]	本分 a->n
[2019-03-13 14:06:03]	按时 d->n
[2019-03-13 14:06:03]	一定 b->n
[2019-03-13 14:06:03]	不结盟 vi->n
[2019-03-13 14:06:03]	不是 c->n
[2019-03-13 14:06:03]	不能 v->n
[2019-03-13 14:06:03]	不会 v->n
[2019-03-13 14:06:03]	出血 vi->n
[2019-03-13 14:06:03]	打的 v->n
[2019-03-13 14:06:03]	除外 vi->n
[2019-03-13 14:06:03]	春分 t->n
[2019-03-13 14:06:03]	从宽 d->n
[2019-03-13 14:06:03]	从重 d->n
[2019-03-13 14:06:03]	搭建 v->n
[2019-03-13 14:06:03]	大寒 t->n
[2019-03-13 14:06:03]	当面 d->n
[2019-03-13 14:06:03]	会话 v->n
[2019-03-13 14:06:03]	分米 q->n
[2019-03-13 14:06:03]	次要 b->n
[2019-03-13 14:06:03]	成心 d->n
[2019-03-13 14:06:03]	一齐 d->n
[2019-03-13 14:06:03]	还账 v->n
[2019-03-13 14:06:03]	不准 v->n
[2019-03-13 14:06:03]	看不起 v->n
[2019-03-13 14:06:03]	看得起 v->n
[2019-03-13 14:06:03]	小产 v->n
[2019-03-13 14:06:03]	天天 d->n
[2019-03-13 14:06:03]	起名 vi->n
[2019-03-13 14:06:03]	上税 v->n
[2019-03-13 14:06:03]	他俩 r->n
[2019-03-13 14:06:03]	千米 q->n
[2019-03-13 14:06:03]	是不是 v->n
[2019-03-13 14:06:03]	禁不起 v->n
[2019-03-13 14:06:03]	先后 d->n
[2019-03-13 14:06:03]	小便 v->n
[2019-03-13 14:06:03]	小满 t->n
[2019-03-13 14:06:03]	吃药 v->n
[2019-03-13 14:06:03]	一元 b->n
[2019-03-13 14:06:03]	正好 z->n
[2019-03-13 14:06:03]	对证 vn->n
[2019-03-13 14:06:03]	中档 b->n
[2019-03-13 14:06:03]	自修 v->n
[2019-03-13 14:06:03]	到底 d->n
[2019-03-13 14:06:03]	和缓 a->n
[2019-03-13 14:06:03]	人为 b->n
[2019-03-13 14:06:03]	长达 v->n
[2019-03-13 14:06:03]	上流 b->n
[2019-03-13 14:06:03]	喜好 an->n
[2019-03-13 14:06:03]	从中 d->n
[2019-03-13 14:06:03]	各人 rr->n
[2019-03-13 14:06:03]	中选 vi->n
[2019-03-13 14:06:03]	各处 rzs->n
[2019-03-13 14:06:03]	四处 d->n
[2019-03-13 14:06:03]	上岸 vi->n
[2019-03-13 14:06:03]	拨打 v->n
[2019-03-13 14:06:03]	大跌 v->n
[2019-03-13 14:06:03]	好多 m->n
[2019-03-13 14:06:03]	下学 v->n
[2019-03-13 14:06:03]	不合 v->n
[2019-03-13 14:06:03]	高等 b->n
[2019-03-13 14:06:03]	老大 a->n
[2019-03-13 14:06:03]	还给 v->n
[2019-03-13 14:06:03]	对等 vi->n
[2019-03-13 14:06:03]	有心 v->n
[2019-03-13 14:06:03]	真的 a->n
[2019-03-13 14:06:03]	大喊 v->n
[2019-03-13 14:06:03]	总会 d->n
[2019-03-13 14:06:03]	该死 vi->n
[2019-03-13 14:06:03]	一口气 d->n
[2019-03-13 14:06:03]	小气 a->n
[2019-03-13 14:06:03]	论说 vn->n
[2019-03-13 14:06:03]	中意 a->n
[2019-03-13 14:06:03]	生分 a->n
[2019-03-13 14:06:03]	内蒙古自治区 ns->n
[2019-03-13 14:06:03]	年间 f->n
[2019-03-13 14:06:03]	和暖 a->n
[2019-03-13 14:06:03]	省钱 a->n
[2019-03-13 14:06:03]	单方面 b->n
[2019-03-13 14:06:03]	早起 vi->n
[2019-03-13 14:06:03]	签定 v->n
[2019-03-13 14:06:03]	凡间 s->n
[2019-03-13 14:06:03]	就是 c->n
[2019-03-13 14:06:03]	便是 v->n
[2019-03-13 14:06:03]	国都 d->n
[2019-03-13 14:06:03]	首次 m->n
[2019-03-13 14:06:03]	睡着 v->n
[2019-03-13 14:06:03]	了得 a->n
[2019-03-13 14:06:03]	西藏自治区 ns->n
[2019-03-13 14:06:03]	想像 v->n
[2019-03-13 14:06:03]	好在 d->n
[2019-03-13 14:06:03]	往时 t->n
[2019-03-13 14:06:03]	争抢 v->n
[2019-03-13 14:06:03]	正在 d->n
[2019-03-13 14:06:03]	我方 r->n
[2019-03-13 14:06:03]	多功能 b->n
[2019-03-13 14:06:03]	黑白 b->n
[2019-03-13 14:06:03]	南北 f->n
[2019-03-13 14:06:03]	干什么 r->n
[2019-03-13 14:06:03]	不断 d->n
[2019-03-13 14:06:03]	同呼吸 vl->n
[2019-03-13 14:06:03]	日间 t->n
[2019-03-13 14:06:03]	还是 c->n
[2019-03-13 14:06:03]	有点 d->n
[2019-03-13 14:06:03]	下流 a->n
[2019-03-13 14:06:03]	怎么办 ryv->n
[2019-03-13 14:06:03]	您好 nl->n
[2019-03-13 14:06:03]	你好 vl->n
[2019-03-13 14:06:03]	交售 v->n
[2019-03-13 14:06:03]	找到 v->n
[2019-03-13 14:06:03]	从来 d->n
[2019-03-13 14:06:03]	约分 v->n
[2019-03-13 14:06:03]	正数 v->n
[2019-03-13 14:06:03]	他人 rr->n
[2019-03-13 14:06:03]	不论 c->n
[2019-03-13 14:06:03]	不管 c->n
[2019-03-13 14:06:03]	出事 vi->n
[2019-03-13 14:06:03]	从此 d->n
[2019-03-13 14:06:03]	当时 t->n
[2019-03-13 14:06:03]	对话 vi->n
[2019-03-13 14:06:03]	吃饭 vi->n
[2019-03-13 14:06:03]	更新 v->n
[2019-03-13 14:06:03]	讲课 vi->n
[2019-03-13 14:06:03]	尽心 a->n
[2019-03-13 14:06:03]	立方 q->n
[2019-03-13 14:06:03]	没关系 vl->n
[2019-03-13 14:06:03]	遍地 vd->n
[2019-03-13 14:06:03]	开车 vi->n
[2019-03-13 14:06:03]	因此 c->n
[2019-03-13 14:06:03]	将来 t->n
[2019-03-13 14:06:03]	以前 f->n
[2019-03-13 14:06:03]	先前 t->n
[2019-03-13 14:06:03]	早上 t->n
[2019-03-13 14:06:03]	正月 t->n
[2019-03-13 14:06:03]	难看 a->n
[2019-03-13 14:06:03]	对头 a->n
[2019-03-13 14:06:03]	正当 a->n
[2019-03-13 14:06:03]	不容 v->n
[2019-03-13 14:06:03]	出手 vi->n
[2019-03-13 14:06:03]	着手 v->n
[2019-03-13 14:06:03]	不错 a->n
[2019-03-13 14:06:03]	不便 a->n
[2019-03-13 14:06:03]	得手 a->n
[2019-03-13 14:06:03]	说话 vi->n
[2019-03-13 14:06:03]	特等 b->n
[2019-03-13 14:06:03]	住手 vi->n
[2019-03-13 14:06:03]	共事 vi->n
[2019-03-13 14:06:03]	从前 t->n
[2019-03-13 14:06:03]	已往 t->n
[2019-03-13 14:06:03]	低下 a->n
[2019-03-13 14:06:03]	当中 f->n
[2019-03-13 14:06:03]	不易 a->n
[2019-03-13 14:06:03]	不可 d->n
[2019-03-13 14:06:03]	至此 d->n
[2019-03-13 14:06:03]	不顾 v->n
[2019-03-13 14:06:03]	正派 a->n
[2019-03-13 14:06:03]	不然 a->n
[2019-03-13 14:06:03]	某人 rr->n
[2019-03-13 14:06:03]	一角 n->v
[2019-03-13 14:06:03]	除外 vi->v
[2019-03-13 14:06:03]	爱人 n->nz
[2019-03-13 14:06:03]	把手 n->nz
[2019-03-13 14:06:03]	靠山 n->nz
[2019-03-13 14:06:03]	不行 a->v
[2019-03-13 14:06:03]	不能 v->vi
[2019-03-13 14:06:03]	不会 v->vi
[2019-03-13 14:06:03]	车号 n->nz
[2019-03-13 14:06:03]	同党 n->nz
[2019-03-13 14:06:03]	打的 v->vi
[2019-03-13 14:06:03]	除法 n->nz
[2019-03-13 14:06:03]	从重 d->v
[2019-03-13 14:06:03]	搭建 v->vd
[2019-03-13 14:06:03]	四处 d->vi
[2019-03-13 14:06:03]	拨打 v->vd
[2019-03-13 14:06:03]	大跌 v->vn
[2019-03-13 14:06:03]	会话 v->vn
[2019-03-13 14:06:03]	要领 n->nz
[2019-03-13 14:06:03]	下学 v->vd
[2019-03-13 14:06:03]	分号 n->nz
[2019-03-13 14:06:03]	不合 v->n
[2019-03-13 14:06:03]	高等 b->a
[2019-03-13 14:06:03]	还给 v->vd
[2019-03-13 14:06:03]	有心 v->vd
[2019-03-13 14:06:03]	说法 n->nz
[2019-03-13 14:06:03]	大喊 v->vd
[2019-03-13 14:06:03]	好多 m->a
[2019-03-13 14:06:03]	大奖 n->nz
[2019-03-13 14:06:03]	无礼 a->ad
[2019-03-13 14:06:03]	看不起 v->vn
[2019-03-13 14:06:03]	看得起 v->vn
[2019-03-13 14:06:03]	理事 n->nz
[2019-03-13 14:06:03]	本心 n->nl
[2019-03-13 14:06:03]	论说 vn->vl
[2019-03-13 14:06:03]	他俩 r->n
[2019-03-13 14:06:03]	江米 n->nz
[2019-03-13 14:06:03]	千米 q->qv
[2019-03-13 14:06:03]	签定 v->vn
[2019-03-13 14:06:03]	好天 n->nz
[2019-03-13 14:06:03]	日食 n->nz
[2019-03-13 14:06:03]	是不是 v->vd
[2019-03-13 14:06:03]	手指 n->nz
[2019-03-13 14:06:03]	睡着 v->vd
[2019-03-13 14:06:03]	大小 n->nz
[2019-03-13 14:06:03]	了得 a->ad
[2019-03-13 14:06:03]	问号 n->nz
[2019-03-13 14:06:03]	西藏自治区 ns->nz
[2019-03-13 14:06:03]	小便 v->vi
[2019-03-13 14:06:03]	好在 d->v
[2019-03-13 14:06:03]	双眼 n->nz
[2019-03-13 14:06:03]	一元 b->nz
[2019-03-13 14:06:03]	引号 n->nz
[2019-03-13 14:06:03]	像片 n->nz
[2019-03-13 14:06:03]	争抢 v->vd
[2019-03-13 14:06:03]	小我 n->nz
[2019-03-13 14:06:03]	文字 n->nz
[2019-03-13 14:06:03]	部分 m->n
[2019-03-13 14:06:03]	别名 n->nz
[2019-03-13 14:06:03]	和缓 a->ad
[2019-03-13 14:06:03]	按时 d->ad
[2019-03-13 14:06:03]	春分 t->n
[2019-03-13 14:06:03]	知了 n->nz
[2019-03-13 14:06:03]	车次 n->nz
[2019-03-13 14:06:03]	大寒 t->nz
[2019-03-13 14:06:03]	大料 n->nz
[2019-03-13 14:06:03]	当面 d->n
[2019-03-13 14:06:03]	上岸 vi->v
[2019-03-13 14:06:03]	对仗 n->nz
[2019-03-13 14:06:03]	分米 q->qt
[2019-03-13 14:06:03]	副词 n->nz
[2019-03-13 14:06:03]	次要 b->bl
[2019-03-13 14:06:03]	成心 d->v
[2019-03-13 14:06:03]	还账 v->vi
[2019-03-13 14:06:03]	该死 vi->v
[2019-03-13 14:06:03]	长项 n->nz
[2019-03-13 14:06:03]	借条 n->nz
[2019-03-13 14:06:03]	买家 n->nz
[2019-03-13 14:06:03]	天车 n->nz
[2019-03-13 14:06:03]	东家 n->nz
[2019-03-13 14:06:03]	小气 a->ad
[2019-03-13 14:06:03]	小产 v->vi
[2019-03-13 14:06:03]	起名 vi->v
[2019-03-13 14:06:03]	生分 a->ad
[2019-03-13 14:06:03]	上税 v->vi
[2019-03-13 14:06:03]	内蒙古自治区 ns->nz
[2019-03-13 14:06:03]	拟人 n->nz
[2019-03-13 14:06:03]	年岁 n->nl
[2019-03-13 14:06:03]	年事 n->nl
[2019-03-13 14:06:03]	身段 n->nz
[2019-03-13 14:06:03]	凡间 s->n
[2019-03-13 14:06:03]	便是 v->vd
[2019-03-13 14:06:03]	收条 n->nz
[2019-03-13 14:06:03]	禁不起 v->vd
[2019-03-13 14:06:03]	书册 n->nl
[2019-03-13 14:06:03]	水笔 n->nz
[2019-03-13 14:06:03]	时价 n->nl
[2019-03-13 14:06:03]	就义 vi->v
[2019-03-13 14:06:03]	先后 d->ad
[2019-03-13 14:06:03]	想像 v->vd
[2019-03-13 14:06:03]	小寒 t->nz
[2019-03-13 14:06:03]	小满 t->nz
[2019-03-13 14:06:03]	新词 n->nl
[2019-03-13 14:06:03]	往时 t->tg
[2019-03-13 14:06:03]	意旨 n->nl
[2019-03-13 14:06:03]	图章 n->nz
[2019-03-13 14:06:03]	正好 z->tg
[2019-03-13 14:06:03]	正理 n->nl
[2019-03-13 14:06:03]	对证 vn->n
[2019-03-13 14:06:03]	中档 b->nl
[2019-03-13 14:06:03]	我方 r->n
[2019-03-13 14:06:03]	自修 v->vl
[2019-03-13 14:06:03]	才能 n->v
[2019-03-13 14:06:03]	秒钟 n->q
[2019-03-13 14:06:03]	火烧 n->v
[2019-03-13 14:06:03]	大路 n->nz
[2019-03-13 14:06:03]	自力 n->nz
[2019-03-13 14:06:03]	女星 n->nl
[2019-03-13 14:06:03]	申请人 n->nl
[2019-03-13 14:06:03]	美女 n->nl
[2019-03-13 14:06:03]	联系人 n->nl
[2019-03-13 14:06:03]	便条 n->nl
[2019-03-13 14:06:03]	中农 n->nl
[2019-03-13 14:06:03]	人道 n->nl
[2019-03-13 14:06:03]	资本家 n->nl
[2019-03-13 14:06:03]	水车 n->nl
[2019-03-13 14:06:03]	马戏 n->nl
[2019-03-13 14:06:03]	除数 n->nz
[2019-03-13 14:06:03]	周长 n->nz
[2019-03-13 14:06:03]	小数 n->nz
[2019-03-13 14:06:03]	经线 n->nz
[2019-03-13 14:06:03]	副手 n->nz
[2019-03-13 14:06:03]	三角 n->ns
[2019-03-13 14:06:03]	切线 n->nz
[2019-03-13 14:06:03]	本着 p->nl
[2019-03-13 14:06:03]	报到 vi->v
[2019-03-13 14:06:03]	不够 a->n
[2019-03-13 14:06:03]	不满 a->v
[2019-03-13 14:06:03]	不同 a->ad
[2019-03-13 14:06:03]	大使 n->nl
[2019-03-13 14:06:03]	对应 vi->v
[2019-03-13 14:06:03]	海带 n->nl
[2019-03-13 14:06:03]	后天 n->t
[2019-03-13 14:06:03]	回家 vi->v
[2019-03-13 14:06:03]	开关 n->v
[2019-03-13 14:06:03]	完了 vi->n
[2019-03-13 14:06:03]	没用 a->v
[2019-03-13 14:06:03]	难听 a->v
[2019-03-13 14:06:03]	暖和 a->ad
[2019-03-13 14:06:03]	排比 n->nz
[2019-03-13 14:06:03]	前天 n->t
[2019-03-13 14:06:03]	上当 vi->v
[2019-03-13 14:06:03]	受不了 al->n
[2019-03-13 14:06:03]	从而 c->cc
[2019-03-13 14:06:03]	图像 n->nl
[2019-03-13 14:06:03]	脱钩 vi->v
[2019-03-13 14:06:03]	周到 a->an
[2019-03-13 14:06:03]	等同 vd->v
[2019-03-13 14:06:03]	有用 a->n
[2019-03-13 14:06:03]	再见 vi->v
[2019-03-13 14:06:03]	有时候 d->n
[2019-03-13 14:06:03]	由此 d->n
[2019-03-13 14:06:03]	有余 m->v
[2019-03-13 14:06:03]	请愿 vi->vn
[2019-03-13 14:06:03]	内在 b->n
[2019-03-13 14:06:03]	不好 a->n
[2019-03-13 14:06:03]	共命运 vl->nl
[2019-03-13 14:06:03]	小于 nr->v
[2019-03-13 14:06:03]	大人 n->nl
[2019-03-13 14:06:03]	乘法 n->nl
[2019-03-13 14:06:03]	对手 n->nl
[2019-03-13 14:06:03]	对方 n->nl
[2019-03-13 14:06:03]	成人 n->nl
[2019-03-13 14:06:03]	所在 n->nl
[2019-03-13 14:06:03]	全年 n->nl
[2019-03-13 14:06:03]	年轻人 n->nl
[2019-03-13 14:06:03]	双手 n->nl
[2019-03-13 14:06:03]	亮点 n->nl
[2019-03-13 14:06:03]	所长 n->nl
[2019-03-13 14:06:03]	天下 n->nl
[2019-03-13 14:06:03]	先人 n->nl
[2019-03-13 14:06:03]	正常人 n->nl
[2019-03-13 14:06:03]	好人 n->nl
[2019-03-13 14:06:03]	国家队 n->nl
[2019-03-13 14:06:03]	党派 n->nl
[2019-03-13 14:06:03]	乘方 n->nl
[2019-03-13 14:06:03]	嗨 e->nl
[2019-03-13 14:06:03]	个人 n->nl
[2019-03-13 14:06:03]	整年 d->n
[2019-03-13 14:06:03]	有声 b->n
[2019-03-13 14:06:03]	新增 v->n
[2019-03-13 14:28:42]	本分 a->n
[2019-03-13 14:28:42]	按时 d->n
[2019-03-13 14:28:42]	一定 b->n
[2019-03-13 14:28:42]	不结盟 vi->n
[2019-03-13 14:28:42]	不是 c->n
[2019-03-13 14:28:42]	不能 v->n
[2019-03-13 14:28:42]	不会 v->n
[2019-03-13 14:28:42]	出血 vi->n
[2019-03-13 14:28:42]	打的 v->n
[2019-03-13 14:28:42]	除外 vi->n
[2019-03-13 14:28:42]	春分 t->n
[2019-03-13 14:28:42]	从宽 d->n
[2019-03-13 14:28:42]	从重 d->n
[2019-03-13 14:28:42]	搭建 v->n
[2019-03-13 14:28:42]	大寒 t->n
[2019-03-13 14:28:42]	当面 d->n
[2019-03-13 14:28:42]	会话 v->n
[2019-03-13 14:28:42]	分米 q->n
[2019-03-13 14:28:42]	次要 b->n
[2019-03-13 14:28:42]	成心 d->n
[2019-03-13 14:28:42]	一齐 d->n
[2019-03-13 14:28:42]	还账 v->n
[2019-03-13 14:28:42]	不准 v->n
[2019-03-13 14:28:42]	看不起 v->n
[2019-03-13 14:28:42]	看得起 v->n
[2019-03-13 14:28:42]	小产 v->n
[2019-03-13 14:28:42]	天天 d->n
[2019-03-13 14:28:42]	起名 vi->n
[2019-03-13 14:28:42]	上税 v->n
[2019-03-13 14:28:42]	他俩 r->n
[2019-03-13 14:28:42]	千米 q->n
[2019-03-13 14:28:42]	是不是 v->n
[2019-03-13 14:28:42]	禁不起 v->n
[2019-03-13 14:28:42]	先后 d->n
[2019-03-13 14:28:42]	小便 v->n
[2019-03-13 14:28:42]	小满 t->n
[2019-03-13 14:28:42]	吃药 v->n
[2019-03-13 14:28:42]	一元 b->n
[2019-03-13 14:28:42]	正好 z->n
[2019-03-13 14:28:42]	对证 vn->n
[2019-03-13 14:28:42]	中档 b->n
[2019-03-13 14:28:42]	自修 v->n
[2019-03-13 14:28:42]	到底 d->n
[2019-03-13 14:28:42]	和缓 a->n
[2019-03-13 14:28:42]	人为 b->n
[2019-03-13 14:28:42]	长达 v->n
[2019-03-13 14:28:42]	上流 b->n
[2019-03-13 14:28:42]	喜好 an->n
[2019-03-13 14:28:42]	从中 d->n
[2019-03-13 14:28:42]	各人 rr->n
[2019-03-13 14:28:42]	中选 vi->n
[2019-03-13 14:28:42]	各处 rzs->n
[2019-03-13 14:28:42]	四处 d->n
[2019-03-13 14:28:42]	上岸 vi->n
[2019-03-13 14:28:42]	拨打 v->n
[2019-03-13 14:28:42]	大跌 v->n
[2019-03-13 14:28:42]	好多 m->n
[2019-03-13 14:28:42]	下学 v->n
[2019-03-13 14:28:42]	不合 v->n
[2019-03-13 14:28:42]	高等 b->n
[2019-03-13 14:28:42]	老大 a->n
[2019-03-13 14:28:42]	还给 v->n
[2019-03-13 14:28:42]	对等 vi->n
[2019-03-13 14:28:42]	有心 v->n
[2019-03-13 14:28:42]	真的 a->n
[2019-03-13 14:28:42]	大喊 v->n
[2019-03-13 14:28:42]	总会 d->n
[2019-03-13 14:28:42]	该死 vi->n
[2019-03-13 14:28:42]	一口气 d->n
[2019-03-13 14:28:42]	小气 a->n
[2019-03-13 14:28:42]	论说 vn->n
[2019-03-13 14:28:42]	中意 a->n
[2019-03-13 14:28:42]	生分 a->n
[2019-03-13 14:28:42]	内蒙古自治区 ns->n
[2019-03-13 14:28:42]	年间 f->n
[2019-03-13 14:28:42]	和暖 a->n
[2019-03-13 14:28:42]	省钱 a->n
[2019-03-13 14:28:42]	单方面 b->n
[2019-03-13 14:28:42]	早起 vi->n
[2019-03-13 14:28:42]	签定 v->n
[2019-03-13 14:28:42]	凡间 s->n
[2019-03-13 14:28:42]	就是 c->n
[2019-03-13 14:28:42]	便是 v->n
[2019-03-13 14:28:42]	国都 d->n
[2019-03-13 14:28:42]	首次 m->n
[2019-03-13 14:28:42]	睡着 v->n
[2019-03-13 14:28:42]	了得 a->n
[2019-03-13 14:28:42]	西藏自治区 ns->n
[2019-03-13 14:28:42]	想像 v->n
[2019-03-13 14:28:42]	好在 d->n
[2019-03-13 14:28:42]	往时 t->n
[2019-03-13 14:28:42]	争抢 v->n
[2019-03-13 14:28:42]	正在 d->n
[2019-03-13 14:28:42]	我方 r->n
[2019-03-13 14:28:42]	多功能 b->n
[2019-03-13 14:28:42]	黑白 b->n
[2019-03-13 14:28:42]	南北 f->n
[2019-03-13 14:28:42]	干什么 r->n
[2019-03-13 14:28:42]	不断 d->n
[2019-03-13 14:28:42]	同呼吸 vl->n
[2019-03-13 14:28:42]	日间 t->n
[2019-03-13 14:28:42]	还是 c->n
[2019-03-13 14:28:42]	有点 d->n
[2019-03-13 14:28:42]	下流 a->n
[2019-03-13 14:28:42]	怎么办 ryv->n
[2019-03-13 14:28:42]	您好 nl->n
[2019-03-13 14:28:42]	你好 vl->n
[2019-03-13 14:28:42]	交售 v->n
[2019-03-13 14:28:42]	找到 v->n
[2019-03-13 14:28:42]	从来 d->n
[2019-03-13 14:28:42]	约分 v->n
[2019-03-13 14:28:42]	正数 v->n
[2019-03-13 14:28:42]	他人 rr->n
[2019-03-13 14:28:42]	不论 c->n
[2019-03-13 14:28:42]	不管 c->n
[2019-03-13 14:28:42]	出事 vi->n
[2019-03-13 14:28:42]	从此 d->n
[2019-03-13 14:28:42]	当时 t->n
[2019-03-13 14:28:42]	对话 vi->n
[2019-03-13 14:28:42]	吃饭 vi->n
[2019-03-13 14:28:42]	更新 v->n
[2019-03-13 14:28:42]	讲课 vi->n
[2019-03-13 14:28:42]	尽心 a->n
[2019-03-13 14:28:42]	立方 q->n
[2019-03-13 14:28:42]	没关系 vl->n
[2019-03-13 14:28:42]	遍地 vd->n
[2019-03-13 14:28:42]	开车 vi->n
[2019-03-13 14:28:42]	因此 c->n
[2019-03-13 14:28:42]	将来 t->n
[2019-03-13 14:28:42]	以前 f->n
[2019-03-13 14:28:42]	先前 t->n
[2019-03-13 14:28:42]	早上 t->n
[2019-03-13 14:28:42]	正月 t->n
[2019-03-13 14:28:42]	难看 a->n
[2019-03-13 14:28:42]	对头 a->n
[2019-03-13 14:28:42]	正当 a->n
[2019-03-13 14:28:42]	不容 v->n
[2019-03-13 14:28:42]	出手 vi->n
[2019-03-13 14:28:42]	着手 v->n
[2019-03-13 14:28:42]	不错 a->n
[2019-03-13 14:28:42]	不便 a->n
[2019-03-13 14:28:42]	得手 a->n
[2019-03-13 14:28:42]	说话 vi->n
[2019-03-13 14:28:42]	特等 b->n
[2019-03-13 14:28:42]	住手 vi->n
[2019-03-13 14:28:42]	共事 vi->n
[2019-03-13 14:28:42]	从前 t->n
[2019-03-13 14:28:42]	已往 t->n
[2019-03-13 14:28:42]	低下 a->n
[2019-03-13 14:28:42]	当中 f->n
[2019-03-13 14:28:42]	不易 a->n
[2019-03-13 14:28:42]	不可 d->n
[2019-03-13 14:28:42]	至此 d->n
[2019-03-13 14:28:42]	不顾 v->n
[2019-03-13 14:28:42]	正派 a->n
[2019-03-13 14:28:42]	不然 a->n
[2019-03-13 14:28:42]	某人 rr->n
[2019-03-13 14:28:42]	一角 n->v
[2019-03-13 14:28:42]	除外 vi->v
[2019-03-13 14:28:42]	爱人 n->nz
[2019-03-13 14:28:42]	把手 n->nz
[2019-03-13 14:28:42]	靠山 n->nz
[2019-03-13 14:28:42]	不行 a->v
[2019-03-13 14:28:42]	不能 v->vi
[2019-03-13 14:28:42]	不会 v->vi
[2019-03-13 14:28:42]	车号 n->nz
[2019-03-13 14:28:42]	同党 n->nz
[2019-03-13 14:28:42]	打的 v->vi
[2019-03-13 14:28:42]	除法 n->nz
[2019-03-13 14:28:42]	从重 d->v
[2019-03-13 14:28:42]	搭建 v->vd
[2019-03-13 14:28:42]	四处 d->vi
[2019-03-13 14:28:42]	拨打 v->vd
[2019-03-13 14:28:42]	大跌 v->vn
[2019-03-13 14:28:42]	会话 v->vn
[2019-03-13 14:28:42]	要领 n->nz
[2019-03-13 14:28:42]	下学 v->vd
[2019-03-13 14:28:42]	分号 n->nz
[2019-03-13 14:28:42]	不合 v->n
[2019-03-13 14:28:42]	高等 b->a
[2019-03-13 14:28:42]	还给 v->vd
[2019-03-13 14:28:42]	有心 v->vd
[2019-03-13 14:28:42]	说法 n->nz
[2019-03-13 14:28:42]	大喊 v->vd
[2019-03-13 14:28:42]	好多 m->a
[2019-03-13 14:28:42]	大奖 n->nz
[2019-03-13 14:28:42]	无礼 a->ad
[2019-03-13 14:28:42]	看不起 v->vn
[2019-03-13 14:28:42]	看得起 v->vn
[2019-03-13 14:28:42]	理事 n->nz
[2019-03-13 14:28:42]	本心 n->nl
[2019-03-13 14:28:42]	论说 vn->vl
[2019-03-13 14:28:42]	他俩 r->n
[2019-03-13 14:28:42]	江米 n->nz
[2019-03-13 14:28:42]	千米 q->qv
[2019-03-13 14:28:42]	签定 v->vn
[2019-03-13 14:28:42]	好天 n->nz
[2019-03-13 14:28:42]	日食 n->nz
[2019-03-13 14:28:42]	是不是 v->vd
[2019-03-13 14:28:42]	手指 n->nz
[2019-03-13 14:28:42]	睡着 v->vd
[2019-03-13 14:28:42]	大小 n->nz
[2019-03-13 14:28:42]	了得 a->ad
[2019-03-13 14:28:42]	问号 n->nz
[2019-03-13 14:28:42]	西藏自治区 ns->nz
[2019-03-13 14:28:42]	小便 v->vi
[2019-03-13 14:28:42]	好在 d->v
[2019-03-13 14:28:42]	双眼 n->nz
[2019-03-13 14:28:42]	一元 b->nz
[2019-03-13 14:28:42]	引号 n->nz
[2019-03-13 14:28:42]	像片 n->nz
[2019-03-13 14:28:42]	争抢 v->vd
[2019-03-13 14:28:42]	小我 n->nz
[2019-03-13 14:28:42]	文字 n->nz
[2019-03-13 14:28:42]	部分 m->n
[2019-03-13 14:28:42]	别名 n->nz
[2019-03-13 14:28:42]	和缓 a->ad
[2019-03-13 14:28:42]	按时 d->ad
[2019-03-13 14:28:42]	春分 t->n
[2019-03-13 14:28:42]	知了 n->nz
[2019-03-13 14:28:42]	车次 n->nz
[2019-03-13 14:28:42]	大寒 t->nz
[2019-03-13 14:28:42]	大料 n->nz
[2019-03-13 14:28:42]	当面 d->n
[2019-03-13 14:28:42]	上岸 vi->v
[2019-03-13 14:28:42]	对仗 n->nz
[2019-03-13 14:28:42]	分米 q->qt
[2019-03-13 14:28:42]	副词 n->nz
[2019-03-13 14:28:42]	次要 b->bl
[2019-03-13 14:28:42]	成心 d->v
[2019-03-13 14:28:42]	还账 v->vi
[2019-03-13 14:28:42]	该死 vi->v
[2019-03-13 14:28:42]	长项 n->nz
[2019-03-13 14:28:42]	借条 n->nz
[2019-03-13 14:28:42]	买家 n->nz
[2019-03-13 14:28:42]	天车 n->nz
[2019-03-13 14:28:42]	东家 n->nz
[2019-03-13 14:28:42]	小气 a->ad
[2019-03-13 14:28:42]	小产 v->vi
[2019-03-13 14:28:42]	起名 vi->v
[2019-03-13 14:28:42]	生分 a->ad
[2019-03-13 14:28:42]	上税 v->vi
[2019-03-13 14:28:42]	内蒙古自治区 ns->nz
[2019-03-13 14:28:42]	拟人 n->nz
[2019-03-13 14:28:42]	年岁 n->nl
[2019-03-13 14:28:42]	年事 n->nl
[2019-03-13 14:28:42]	身段 n->nz
[2019-03-13 14:28:42]	凡间 s->n
[2019-03-13 14:28:42]	便是 v->vd
[2019-03-13 14:28:42]	收条 n->nz
[2019-03-13 14:28:42]	禁不起 v->vd
[2019-03-13 14:28:42]	书册 n->nl
[2019-03-13 14:28:42]	水笔 n->nz
[2019-03-13 14:28:42]	时价 n->nl
[2019-03-13 14:28:42]	就义 vi->v
[2019-03-13 14:28:42]	先后 d->ad
[2019-03-13 14:28:42]	想像 v->vd
[2019-03-13 14:28:42]	小寒 t->nz
[2019-03-13 14:28:42]	小满 t->nz
[2019-03-13 14:28:42]	新词 n->nl
[2019-03-13 14:28:42]	往时 t->tg
[2019-03-13 14:28:42]	意旨 n->nl
[2019-03-13 14:28:42]	图章 n->nz
[2019-03-13 14:28:42]	正好 z->tg
[2019-03-13 14:28:42]	正理 n->nl
[2019-03-13 14:28:42]	对证 vn->n
[2019-03-13 14:28:42]	中档 b->nl
[2019-03-13 14:28:42]	我方 r->n
[2019-03-13 14:28:42]	自修 v->vl
[2019-03-13 14:28:42]	才能 n->v
[2019-03-13 14:28:42]	秒钟 n->q
[2019-03-13 14:28:42]	火烧 n->v
[2019-03-13 14:28:42]	大路 n->nz
[2019-03-13 14:28:42]	自力 n->nz
[2019-03-13 14:28:42]	女星 n->nl
[2019-03-13 14:28:42]	申请人 n->nl
[2019-03-13 14:28:42]	美女 n->nl
[2019-03-13 14:28:42]	联系人 n->nl
[2019-03-13 14:28:42]	便条 n->nl
[2019-03-13 14:28:42]	中农 n->nl
[2019-03-13 14:28:42]	人道 n->nl
[2019-03-13 14:28:42]	资本家 n->nl
[2019-03-13 14:28:42]	水车 n->nl
[2019-03-13 14:28:42]	马戏 n->nl
[2019-03-13 14:28:42]	除数 n->nz
[2019-03-13 14:28:42]	周长 n->nz
[2019-03-13 14:28:42]	小数 n->nz
[2019-03-13 14:28:42]	经线 n->nz
[2019-03-13 14:28:42]	副手 n->nz
[2019-03-13 14:28:42]	三角 n->ns
[2019-03-13 14:28:42]	切线 n->nz
[2019-03-13 14:28:42]	本着 p->nl
[2019-03-13 14:28:42]	报到 vi->v
[2019-03-13 14:28:42]	不够 a->n
[2019-03-13 14:28:42]	不满 a->v
[2019-03-13 14:28:42]	不同 a->ad
[2019-03-13 14:28:42]	大使 n->nl
[2019-03-13 14:28:42]	对应 vi->v
[2019-03-13 14:28:42]	海带 n->nl
[2019-03-13 14:28:42]	后天 n->t
[2019-03-13 14:28:42]	回家 vi->v
[2019-03-13 14:28:42]	开关 n->v
[2019-03-13 14:28:42]	完了 vi->n
[2019-03-13 14:28:42]	没用 a->v
[2019-03-13 14:28:42]	难听 a->v
[2019-03-13 14:28:42]	暖和 a->ad
[2019-03-13 14:28:42]	排比 n->nz
[2019-03-13 14:28:42]	前天 n->t
[2019-03-13 14:28:42]	上当 vi->v
[2019-03-13 14:28:42]	受不了 al->n
[2019-03-13 14:28:42]	从而 c->cc
[2019-03-13 14:28:42]	图像 n->nl
[2019-03-13 14:28:42]	脱钩 vi->v
[2019-03-13 14:28:42]	周到 a->an
[2019-03-13 14:28:42]	等同 vd->v
[2019-03-13 14:28:42]	有用 a->n
[2019-03-13 14:28:42]	再见 vi->v
[2019-03-13 14:28:42]	有时候 d->n
[2019-03-13 14:28:42]	由此 d->n
[2019-03-13 14:28:42]	有余 m->v
[2019-03-13 14:28:42]	请愿 vi->vn
[2019-03-13 14:28:42]	内在 b->n
[2019-03-13 14:28:42]	不好 a->n
[2019-03-13 14:28:42]	共命运 vl->nl
[2019-03-13 14:28:42]	小于 nr->v
[2019-03-13 14:28:42]	大人 n->nl
[2019-03-13 14:28:42]	乘法 n->nl
[2019-03-13 14:28:42]	对手 n->nl
[2019-03-13 14:28:42]	对方 n->nl
[2019-03-13 14:28:42]	成人 n->nl
[2019-03-13 14:28:42]	所在 n->nl
[2019-03-13 14:28:42]	全年 n->nl
[2019-03-13 14:28:42]	年轻人 n->nl
[2019-03-13 14:28:42]	双手 n->nl
[2019-03-13 14:28:42]	亮点 n->nl
[2019-03-13 14:28:42]	所长 n->nl
[2019-03-13 14:28:42]	天下 n->nl
[2019-03-13 14:28:42]	先人 n->nl
[2019-03-13 14:28:42]	正常人 n->nl
[2019-03-13 14:28:42]	好人 n->nl
[2019-03-13 14:28:42]	国家队 n->nl
[2019-03-13 14:28:42]	党派 n->nl
[2019-03-13 14:28:42]	乘方 n->nl
[2019-03-13 14:28:42]	嗨 e->nl
[2019-03-13 14:28:42]	个人 n->nl
[2019-03-13 14:28:42]	整年 d->n
[2019-03-13 14:28:42]	有声 b->n
[2019-03-13 14:28:42]	新增 v->n
[2019-03-13 14:37:28]	本分 a->n
[2019-03-13 14:37:28]	按时 d->n
[2019-03-13 14:37:28]	一定 b->n
[2019-03-13 14:37:28]	不结盟 vi->n
[2019-03-13 14:37:28]	不是 c->n
[2019-03-13 14:37:28]	不能 v->n
[2019-03-13 14:37:28]	不会 v->n
[2019-03-13 14:37:28]	出血 vi->n
[2019-03-13 14:37:28]	打的 v->n
[2019-03-13 14:37:28]	除外 vi->n
[2019-03-13 14:37:28]	春分 t->n
[2019-03-13 14:37:28]	从宽 d->n
[2019-03-13 14:37:28]	从重 d->n
[2019-03-13 14:37:28]	搭建 v->n
[2019-03-13 14:37:28]	大寒 t->n
[2019-03-13 14:37:28]	当面 d->n
[2019-03-13 14:37:28]	会话 v->n
[2019-03-13 14:37:28]	分米 q->n
[2019-03-13 14:37:28]	次要 b->n
[2019-03-13 14:37:28]	成心 d->n
[2019-03-13 14:37:28]	一齐 d->n
[2019-03-13 14:37:28]	还账 v->n
[2019-03-13 14:37:28]	不准 v->n
[2019-03-13 14:37:28]	看不起 v->n
[2019-03-13 14:37:28]	看得起 v->n
[2019-03-13 14:37:28]	小产 v->n
[2019-03-13 14:37:28]	天天 d->n
[2019-03-13 14:37:28]	起名 vi->n
[2019-03-13 14:37:28]	上税 v->n
[2019-03-13 14:37:28]	他俩 r->n
[2019-03-13 14:37:28]	千米 q->n
[2019-03-13 14:37:28]	是不是 v->n
[2019-03-13 14:37:28]	禁不起 v->n
[2019-03-13 14:37:28]	先后 d->n
[2019-03-13 14:37:28]	小便 v->n
[2019-03-13 14:37:28]	小满 t->n
[2019-03-13 14:37:28]	吃药 v->n
[2019-03-13 14:37:28]	一元 b->n
[2019-03-13 14:37:28]	正好 z->n
[2019-03-13 14:37:28]	对证 vn->n
[2019-03-13 14:37:28]	中档 b->n
[2019-03-13 14:37:28]	自修 v->n
[2019-03-13 14:37:28]	到底 d->n
[2019-03-13 14:37:28]	和缓 a->n
[2019-03-13 14:37:28]	人为 b->n
[2019-03-13 14:37:28]	长达 v->n
[2019-03-13 14:37:28]	上流 b->n
[2019-03-13 14:37:28]	喜好 an->n
[2019-03-13 14:37:28]	从中 d->n
[2019-03-13 14:37:28]	各人 rr->n
[2019-03-13 14:37:28]	中选 vi->n
[2019-03-13 14:37:28]	各处 rzs->n
[2019-03-13 14:37:28]	四处 d->n
[2019-03-13 14:37:28]	上岸 vi->n
[2019-03-13 14:37:28]	拨打 v->n
[2019-03-13 14:37:28]	大跌 v->n
[2019-03-13 14:37:28]	好多 m->n
[2019-03-13 14:37:28]	下学 v->n
[2019-03-13 14:37:28]	不合 v->n
[2019-03-13 14:37:28]	高等 b->n
[2019-03-13 14:37:28]	老大 a->n
[2019-03-13 14:37:28]	还给 v->n
[2019-03-13 14:37:28]	对等 vi->n
[2019-03-13 14:37:28]	有心 v->n
[2019-03-13 14:37:28]	真的 a->n
[2019-03-13 14:37:28]	大喊 v->n
[2019-03-13 14:37:28]	总会 d->n
[2019-03-13 14:37:28]	该死 vi->n
[2019-03-13 14:37:28]	一口气 d->n
[2019-03-13 14:37:28]	小气 a->n
[2019-03-13 14:37:28]	论说 vn->n
[2019-03-13 14:37:28]	中意 a->n
[2019-03-13 14:37:28]	生分 a->n
[2019-03-13 14:37:28]	内蒙古自治区 ns->n
[2019-03-13 14:37:28]	年间 f->n
[2019-03-13 14:37:28]	和暖 a->n
[2019-03-13 14:37:28]	省钱 a->n
[2019-03-13 14:37:28]	单方面 b->n
[2019-03-13 14:37:28]	早起 vi->n
[2019-03-13 14:37:28]	签定 v->n
[2019-03-13 14:37:28]	凡间 s->n
[2019-03-13 14:37:28]	就是 c->n
[2019-03-13 14:37:28]	便是 v->n
[2019-03-13 14:37:28]	国都 d->n
[2019-03-13 14:37:28]	首次 m->n
[2019-03-13 14:37:28]	睡着 v->n
[2019-03-13 14:37:28]	了得 a->n
[2019-03-13 14:37:28]	西藏自治区 ns->n
[2019-03-13 14:37:28]	想像 v->n
[2019-03-13 14:37:28]	好在 d->n
[2019-03-13 14:37:28]	往时 t->n
[2019-03-13 14:37:28]	争抢 v->n
[2019-03-13 14:37:28]	正在 d->n
[2019-03-13 14:37:28]	我方 r->n
[2019-03-13 14:37:28]	多功能 b->n
[2019-03-13 14:37:28]	黑白 b->n
[2019-03-13 14:37:28]	南北 f->n
[2019-03-13 14:37:28]	干什么 r->n
[2019-03-13 14:37:28]	不断 d->n
[2019-03-13 14:37:28]	同呼吸 vl->n
[2019-03-13 14:37:28]	日间 t->n
[2019-03-13 14:37:28]	还是 c->n
[2019-03-13 14:37:28]	有点 d->n
[2019-03-13 14:37:28]	下流 a->n
[2019-03-13 14:37:28]	怎么办 ryv->n
[2019-03-13 14:37:28]	您好 nl->n
[2019-03-13 14:37:28]	你好 vl->n
[2019-03-13 14:37:28]	交售 v->n
[2019-03-13 14:37:28]	找到 v->n
[2019-03-13 14:37:28]	从来 d->n
[2019-03-13 14:37:28]	约分 v->n
[2019-03-13 14:37:28]	正数 v->n
[2019-03-13 14:37:28]	他人 rr->n
[2019-03-13 14:37:28]	不论 c->n
[2019-03-13 14:37:28]	不管 c->n
[2019-03-13 14:37:28]	出事 vi->n
[2019-03-13 14:37:28]	从此 d->n
[2019-03-13 14:37:28]	当时 t->n
[2019-03-13 14:37:28]	对话 vi->n
[2019-03-13 14:37:28]	吃饭 vi->n
[2019-03-13 14:37:28]	更新 v->n
[2019-03-13 14:37:28]	讲课 vi->n
[2019-03-13 14:37:28]	尽心 a->n
[2019-03-13 14:37:28]	立方 q->n
[2019-03-13 14:37:28]	没关系 vl->n
[2019-03-13 14:37:28]	遍地 vd->n
[2019-03-13 14:37:28]	开车 vi->n
[2019-03-13 14:37:28]	因此 c->n
[2019-03-13 14:37:28]	将来 t->n
[2019-03-13 14:37:28]	以前 f->n
[2019-03-13 14:37:28]	先前 t->n
[2019-03-13 14:37:28]	早上 t->n
[2019-03-13 14:37:28]	正月 t->n
[2019-03-13 14:37:28]	难看 a->n
[2019-03-13 14:37:28]	对头 a->n
[2019-03-13 14:37:28]	正当 a->n
[2019-03-13 14:37:28]	不容 v->n
[2019-03-13 14:37:28]	出手 vi->n
[2019-03-13 14:37:28]	着手 v->n
[2019-03-13 14:37:28]	不错 a->n
[2019-03-13 14:37:28]	不便 a->n
[2019-03-13 14:37:28]	得手 a->n
[2019-03-13 14:37:28]	说话 vi->n
[2019-03-13 14:37:28]	特等 b->n
[2019-03-13 14:37:28]	住手 vi->n
[2019-03-13 14:37:28]	共事 vi->n
[2019-03-13 14:37:28]	从前 t->n
[2019-03-13 14:37:28]	已往 t->n
[2019-03-13 14:37:28]	低下 a->n
[2019-03-13 14:37:28]	当中 f->n
[2019-03-13 14:37:28]	不易 a->n
[2019-03-13 14:37:28]	不可 d->n
[2019-03-13 14:37:28]	至此 d->n
[2019-03-13 14:37:28]	不顾 v->n
[2019-03-13 14:37:28]	正派 a->n
[2019-03-13 14:37:28]	不然 a->n
[2019-03-13 14:37:28]	某人 rr->n
[2019-03-13 14:37:28]	一角 n->v
[2019-03-13 14:37:28]	除外 vi->v
[2019-03-13 14:37:28]	爱人 n->nz
[2019-03-13 14:37:28]	把手 n->nz
[2019-03-13 14:37:28]	靠山 n->nz
[2019-03-13 14:37:28]	不行 a->v
[2019-03-13 14:37:28]	不能 v->vi
[2019-03-13 14:37:28]	不会 v->vi
[2019-03-13 14:37:28]	车号 n->nz
[2019-03-13 14:37:28]	同党 n->nz
[2019-03-13 14:37:28]	打的 v->vi
[2019-03-13 14:37:28]	除法 n->nz
[2019-03-13 14:37:28]	从重 d->v
[2019-03-13 14:37:28]	搭建 v->vd
[2019-03-13 14:37:28]	四处 d->vi
[2019-03-13 14:37:28]	拨打 v->vd
[2019-03-13 14:37:28]	大跌 v->vn
[2019-03-13 14:37:28]	会话 v->vn
[2019-03-13 14:37:28]	要领 n->nz
[2019-03-13 14:37:28]	下学 v->vd
[2019-03-13 14:37:28]	分号 n->nz
[2019-03-13 14:37:28]	不合 v->n
[2019-03-13 14:37:28]	高等 b->a
[2019-03-13 14:37:28]	还给 v->vd
[2019-03-13 14:37:28]	有心 v->vd
[2019-03-13 14:37:28]	说法 n->nz
[2019-03-13 14:37:28]	大喊 v->vd
[2019-03-13 14:37:28]	好多 m->a
[2019-03-13 14:37:28]	大奖 n->nz
[2019-03-13 14:37:28]	无礼 a->ad
[2019-03-13 14:37:28]	看不起 v->vn
[2019-03-13 14:37:28]	看得起 v->vn
[2019-03-13 14:37:28]	理事 n->nz
[2019-03-13 14:37:28]	本心 n->nl
[2019-03-13 14:37:28]	论说 vn->vl
[2019-03-13 14:37:28]	他俩 r->n
[2019-03-13 14:37:28]	江米 n->nz
[2019-03-13 14:37:28]	千米 q->qv
[2019-03-13 14:37:28]	签定 v->vn
[2019-03-13 14:37:28]	好天 n->nz
[2019-03-13 14:37:28]	日食 n->nz
[2019-03-13 14:37:28]	是不是 v->vd
[2019-03-13 14:37:28]	手指 n->nz
[2019-03-13 14:37:28]	睡着 v->vd
[2019-03-13 14:37:28]	大小 n->nz
[2019-03-13 14:37:28]	了得 a->ad
[2019-03-13 14:37:28]	问号 n->nz
[2019-03-13 14:37:28]	西藏自治区 ns->nz
[2019-03-13 14:37:28]	小便 v->vi
[2019-03-13 14:37:28]	好在 d->v
[2019-03-13 14:37:28]	双眼 n->nz
[2019-03-13 14:37:28]	一元 b->nz
[2019-03-13 14:37:28]	引号 n->nz
[2019-03-13 14:37:28]	像片 n->nz
[2019-03-13 14:37:28]	争抢 v->vd
[2019-03-13 14:37:28]	小我 n->nz
[2019-03-13 14:37:28]	文字 n->nz
[2019-03-13 14:37:28]	部分 m->n
[2019-03-13 14:37:28]	别名 n->nz
[2019-03-13 14:37:28]	和缓 a->ad
[2019-03-13 14:37:28]	按时 d->ad
[2019-03-13 14:37:28]	春分 t->n
[2019-03-13 14:37:28]	知了 n->nz
[2019-03-13 14:37:28]	车次 n->nz
[2019-03-13 14:37:28]	大寒 t->nz
[2019-03-13 14:37:28]	大料 n->nz
[2019-03-13 14:37:28]	当面 d->n
[2019-03-13 14:37:28]	上岸 vi->v
[2019-03-13 14:37:28]	对仗 n->nz
[2019-03-13 14:37:28]	分米 q->qt
[2019-03-13 14:37:28]	副词 n->nz
[2019-03-13 14:37:28]	次要 b->bl
[2019-03-13 14:37:28]	成心 d->v
[2019-03-13 14:37:28]	还账 v->vi
[2019-03-13 14:37:28]	该死 vi->v
[2019-03-13 14:37:28]	长项 n->nz
[2019-03-13 14:37:28]	借条 n->nz
[2019-03-13 14:37:28]	买家 n->nz
[2019-03-13 14:37:28]	天车 n->nz
[2019-03-13 14:37:28]	东家 n->nz
[2019-03-13 14:37:28]	小气 a->ad
[2019-03-13 14:37:28]	小产 v->vi
[2019-03-13 14:37:28]	起名 vi->v
[2019-03-13 14:37:28]	生分 a->ad
[2019-03-13 14:37:28]	上税 v->vi
[2019-03-13 14:37:28]	内蒙古自治区 ns->nz
[2019-03-13 14:37:28]	拟人 n->nz
[2019-03-13 14:37:28]	年岁 n->nl
[2019-03-13 14:37:28]	年事 n->nl
[2019-03-13 14:37:28]	身段 n->nz
[2019-03-13 14:37:28]	凡间 s->n
[2019-03-13 14:37:28]	便是 v->vd
[2019-03-13 14:37:28]	收条 n->nz
[2019-03-13 14:37:28]	禁不起 v->vd
[2019-03-13 14:37:28]	书册 n->nl
[2019-03-13 14:37:28]	水笔 n->nz
[2019-03-13 14:37:28]	时价 n->nl
[2019-03-13 14:37:28]	就义 vi->v
[2019-03-13 14:37:28]	先后 d->ad
[2019-03-13 14:37:28]	想像 v->vd
[2019-03-13 14:37:28]	小寒 t->nz
[2019-03-13 14:37:28]	小满 t->nz
[2019-03-13 14:37:28]	新词 n->nl
[2019-03-13 14:37:28]	往时 t->tg
[2019-03-13 14:37:28]	意旨 n->nl
[2019-03-13 14:37:28]	图章 n->nz
[2019-03-13 14:37:28]	正好 z->tg
[2019-03-13 14:37:28]	正理 n->nl
[2019-03-13 14:37:28]	对证 vn->n
[2019-03-13 14:37:28]	中档 b->nl
[2019-03-13 14:37:28]	我方 r->n
[2019-03-13 14:37:28]	自修 v->vl
[2019-03-13 14:37:28]	才能 n->v
[2019-03-13 14:37:28]	秒钟 n->q
[2019-03-13 14:37:28]	火烧 n->v
[2019-03-13 14:37:28]	大路 n->nz
[2019-03-13 14:37:28]	自力 n->nz
[2019-03-13 14:37:28]	女星 n->nl
[2019-03-13 14:37:28]	申请人 n->nl
[2019-03-13 14:37:28]	美女 n->nl
[2019-03-13 14:37:28]	联系人 n->nl
[2019-03-13 14:37:28]	便条 n->nl
[2019-03-13 14:37:28]	中农 n->nl
[2019-03-13 14:37:28]	人道 n->nl
[2019-03-13 14:37:28]	资本家 n->nl
[2019-03-13 14:37:28]	水车 n->nl
[2019-03-13 14:37:28]	马戏 n->nl
[2019-03-13 14:37:28]	除数 n->nz
[2019-03-13 14:37:28]	周长 n->nz
[2019-03-13 14:37:28]	小数 n->nz
[2019-03-13 14:37:28]	经线 n->nz
[2019-03-13 14:37:28]	副手 n->nz
[2019-03-13 14:37:28]	三角 n->ns
[2019-03-13 14:37:28]	切线 n->nz
[2019-03-13 14:37:28]	本着 p->nl
[2019-03-13 14:37:28]	报到 vi->v
[2019-03-13 14:37:28]	不够 a->n
[2019-03-13 14:37:28]	不满 a->v
[2019-03-13 14:37:28]	不同 a->ad
[2019-03-13 14:37:28]	大使 n->nl
[2019-03-13 14:37:28]	对应 vi->v
[2019-03-13 14:37:28]	海带 n->nl
[2019-03-13 14:37:28]	后天 n->t
[2019-03-13 14:37:28]	回家 vi->v
[2019-03-13 14:37:28]	开关 n->v
[2019-03-13 14:37:28]	完了 vi->n
[2019-03-13 14:37:28]	没用 a->v
[2019-03-13 14:37:28]	难听 a->v
[2019-03-13 14:37:28]	暖和 a->ad
[2019-03-13 14:37:28]	排比 n->nz
[2019-03-13 14:37:28]	前天 n->t
[2019-03-13 14:37:28]	上当 vi->v
[2019-03-13 14:37:28]	受不了 al->n
[2019-03-13 14:37:28]	从而 c->cc
[2019-03-13 14:37:28]	图像 n->nl
[2019-03-13 14:37:28]	脱钩 vi->v
[2019-03-13 14:37:28]	周到 a->an
[2019-03-13 14:37:28]	等同 vd->v
[2019-03-13 14:37:28]	有用 a->n
[2019-03-13 14:37:28]	再见 vi->v
[2019-03-13 14:37:28]	有时候 d->n
[2019-03-13 14:37:28]	由此 d->n
[2019-03-13 14:37:28]	有余 m->v
[2019-03-13 14:37:28]	请愿 vi->vn
[2019-03-13 14:37:28]	内在 b->n
[2019-03-13 14:37:28]	不好 a->n
[2019-03-13 14:37:28]	共命运 vl->nl
[2019-03-13 14:37:28]	小于 nr->v
[2019-03-13 14:37:28]	大人 n->nl
[2019-03-13 14:37:28]	乘法 n->nl
[2019-03-13 14:37:28]	对手 n->nl
[2019-03-13 14:37:28]	对方 n->nl
[2019-03-13 14:37:28]	成人 n->nl
[2019-03-13 14:37:28]	所在 n->nl
[2019-03-13 14:37:28]	全年 n->nl
[2019-03-13 14:37:28]	年轻人 n->nl
[2019-03-13 14:37:28]	双手 n->nl
[2019-03-13 14:37:28]	亮点 n->nl
[2019-03-13 14:37:28]	所长 n->nl
[2019-03-13 14:37:28]	天下 n->nl
[2019-03-13 14:37:28]	先人 n->nl
[2019-03-13 14:37:28]	正常人 n->nl
[2019-03-13 14:37:28]	好人 n->nl
[2019-03-13 14:37:28]	国家队 n->nl
[2019-03-13 14:37:28]	党派 n->nl
[2019-03-13 14:37:28]	乘方 n->nl
[2019-03-13 14:37:28]	嗨 e->nl
[2019-03-13 14:37:28]	个人 n->nl
[2019-03-13 14:37:28]	整年 d->n
[2019-03-13 14:37:28]	有声 b->n
[2019-03-13 14:37:28]	新增 v->n
[2019-03-13 15:17:51]	本分 a->n
[2019-03-13 15:17:51]	按时 d->n
[2019-03-13 15:17:51]	一定 b->n
[2019-03-13 15:17:51]	不结盟 vi->n
[2019-03-13 15:17:51]	不是 c->n
[2019-03-13 15:17:51]	不能 v->n
[2019-03-13 15:17:51]	不会 v->n
[2019-03-13 15:17:51]	出血 vi->n
[2019-03-13 15:17:51]	打的 v->n
[2019-03-13 15:17:51]	除外 vi->n
[2019-03-13 15:17:51]	春分 t->n
[2019-03-13 15:17:51]	从宽 d->n
[2019-03-13 15:17:51]	从重 d->n
[2019-03-13 15:17:51]	搭建 v->n
[2019-03-13 15:17:51]	大寒 t->n
[2019-03-13 15:17:51]	当面 d->n
[2019-03-13 15:17:51]	会话 v->n
[2019-03-13 15:17:51]	分米 q->n
[2019-03-13 15:17:51]	次要 b->n
[2019-03-13 15:17:51]	成心 d->n
[2019-03-13 15:17:51]	一齐 d->n
[2019-03-13 15:17:51]	还账 v->n
[2019-03-13 15:17:51]	不准 v->n
[2019-03-13 15:17:51]	看不起 v->n
[2019-03-13 15:17:51]	看得起 v->n
[2019-03-13 15:17:51]	小产 v->n
[2019-03-13 15:17:51]	天天 d->n
[2019-03-13 15:17:51]	起名 vi->n
[2019-03-13 15:17:51]	上税 v->n
[2019-03-13 15:17:51]	他俩 r->n
[2019-03-13 15:17:51]	千米 q->n
[2019-03-13 15:17:51]	是不是 v->n
[2019-03-13 15:17:51]	禁不起 v->n
[2019-03-13 15:17:51]	先后 d->n
[2019-03-13 15:17:51]	小便 v->n
[2019-03-13 15:17:51]	小满 t->n
[2019-03-13 15:17:51]	吃药 v->n
[2019-03-13 15:17:51]	一元 b->n
[2019-03-13 15:17:51]	正好 z->n
[2019-03-13 15:17:51]	对证 vn->n
[2019-03-13 15:17:51]	中档 b->n
[2019-03-13 15:17:51]	自修 v->n
[2019-03-13 15:17:51]	到底 d->n
[2019-03-13 15:17:51]	和缓 a->n
[2019-03-13 15:17:51]	人为 b->n
[2019-03-13 15:17:51]	长达 v->n
[2019-03-13 15:17:51]	上流 b->n
[2019-03-13 15:17:51]	喜好 an->n
[2019-03-13 15:17:51]	从中 d->n
[2019-03-13 15:17:51]	各人 rr->n
[2019-03-13 15:17:51]	中选 vi->n
[2019-03-13 15:17:51]	各处 rzs->n
[2019-03-13 15:17:51]	四处 d->n
[2019-03-13 15:17:51]	上岸 vi->n
[2019-03-13 15:17:51]	拨打 v->n
[2019-03-13 15:17:51]	大跌 v->n
[2019-03-13 15:17:51]	好多 m->n
[2019-03-13 15:17:51]	下学 v->n
[2019-03-13 15:17:51]	不合 v->n
[2019-03-13 15:17:51]	高等 b->n
[2019-03-13 15:17:51]	老大 a->n
[2019-03-13 15:17:51]	还给 v->n
[2019-03-13 15:17:51]	对等 vi->n
[2019-03-13 15:17:51]	有心 v->n
[2019-03-13 15:17:51]	真的 a->n
[2019-03-13 15:17:51]	大喊 v->n
[2019-03-13 15:17:51]	总会 d->n
[2019-03-13 15:17:51]	该死 vi->n
[2019-03-13 15:17:51]	一口气 d->n
[2019-03-13 15:17:51]	小气 a->n
[2019-03-13 15:17:51]	论说 vn->n
[2019-03-13 15:17:51]	中意 a->n
[2019-03-13 15:17:51]	生分 a->n
[2019-03-13 15:17:51]	内蒙古自治区 ns->n
[2019-03-13 15:17:51]	年间 f->n
[2019-03-13 15:17:51]	和暖 a->n
[2019-03-13 15:17:51]	省钱 a->n
[2019-03-13 15:17:51]	单方面 b->n
[2019-03-13 15:17:51]	早起 vi->n
[2019-03-13 15:17:51]	签定 v->n
[2019-03-13 15:17:51]	凡间 s->n
[2019-03-13 15:17:51]	就是 c->n
[2019-03-13 15:17:51]	便是 v->n
[2019-03-13 15:17:51]	国都 d->n
[2019-03-13 15:17:51]	首次 m->n
[2019-03-13 15:17:51]	睡着 v->n
[2019-03-13 15:17:51]	了得 a->n
[2019-03-13 15:17:51]	西藏自治区 ns->n
[2019-03-13 15:17:51]	想像 v->n
[2019-03-13 15:17:51]	好在 d->n
[2019-03-13 15:17:51]	往时 t->n
[2019-03-13 15:17:51]	争抢 v->n
[2019-03-13 15:17:51]	正在 d->n
[2019-03-13 15:17:51]	我方 r->n
[2019-03-13 15:17:51]	多功能 b->n
[2019-03-13 15:17:51]	黑白 b->n
[2019-03-13 15:17:51]	南北 f->n
[2019-03-13 15:17:51]	干什么 r->n
[2019-03-13 15:17:51]	不断 d->n
[2019-03-13 15:17:51]	同呼吸 vl->n
[2019-03-13 15:17:51]	日间 t->n
[2019-03-13 15:17:51]	还是 c->n
[2019-03-13 15:17:51]	有点 d->n
[2019-03-13 15:17:51]	下流 a->n
[2019-03-13 15:17:51]	怎么办 ryv->n
[2019-03-13 15:17:51]	您好 nl->n
[2019-03-13 15:17:51]	你好 vl->n
[2019-03-13 15:17:51]	交售 v->n
[2019-03-13 15:17:51]	找到 v->n
[2019-03-13 15:17:51]	从来 d->n
[2019-03-13 15:17:51]	约分 v->n
[2019-03-13 15:17:51]	正数 v->n
[2019-03-13 15:17:51]	他人 rr->n
[2019-03-13 15:17:51]	不论 c->n
[2019-03-13 15:17:51]	不管 c->n
[2019-03-13 15:17:51]	出事 vi->n
[2019-03-13 15:17:51]	从此 d->n
[2019-03-13 15:17:51]	当时 t->n
[2019-03-13 15:17:51]	对话 vi->n
[2019-03-13 15:17:51]	吃饭 vi->n
[2019-03-13 15:17:51]	更新 v->n
[2019-03-13 15:17:51]	讲课 vi->n
[2019-03-13 15:17:51]	尽心 a->n
[2019-03-13 15:17:51]	立方 q->n
[2019-03-13 15:17:51]	没关系 vl->n
[2019-03-13 15:17:51]	遍地 vd->n
[2019-03-13 15:17:51]	开车 vi->n
[2019-03-13 15:17:51]	因此 c->n
[2019-03-13 15:17:51]	将来 t->n
[2019-03-13 15:17:51]	以前 f->n
[2019-03-13 15:17:51]	先前 t->n
[2019-03-13 15:17:51]	早上 t->n
[2019-03-13 15:17:51]	正月 t->n
[2019-03-13 15:17:51]	难看 a->n
[2019-03-13 15:17:51]	对头 a->n
[2019-03-13 15:17:51]	正当 a->n
[2019-03-13 15:17:51]	不容 v->n
[2019-03-13 15:17:51]	出手 vi->n
[2019-03-13 15:17:51]	着手 v->n
[2019-03-13 15:17:51]	不错 a->n
[2019-03-13 15:17:51]	不便 a->n
[2019-03-13 15:17:51]	得手 a->n
[2019-03-13 15:17:51]	说话 vi->n
[2019-03-13 15:17:51]	特等 b->n
[2019-03-13 15:17:51]	住手 vi->n
[2019-03-13 15:17:51]	共事 vi->n
[2019-03-13 15:17:51]	从前 t->n
[2019-03-13 15:17:51]	已往 t->n
[2019-03-13 15:17:51]	低下 a->n
[2019-03-13 15:17:51]	当中 f->n
[2019-03-13 15:17:51]	不易 a->n
[2019-03-13 15:17:51]	不可 d->n
[2019-03-13 15:17:51]	至此 d->n
[2019-03-13 15:17:51]	不顾 v->n
[2019-03-13 15:17:51]	正派 a->n
[2019-03-13 15:17:51]	不然 a->n
[2019-03-13 15:17:51]	某人 rr->n
[2019-03-13 15:17:51]	一角 n->v
[2019-03-13 15:17:51]	除外 vi->v
[2019-03-13 15:17:51]	爱人 n->nz
[2019-03-13 15:17:51]	把手 n->nz
[2019-03-13 15:17:51]	靠山 n->nz
[2019-03-13 15:17:51]	不行 a->v
[2019-03-13 15:17:51]	不能 v->vi
[2019-03-13 15:17:51]	不会 v->vi
[2019-03-13 15:17:51]	车号 n->nz
[2019-03-13 15:17:51]	同党 n->nz
[2019-03-13 15:17:51]	打的 v->vi
[2019-03-13 15:17:51]	除法 n->nz
[2019-03-13 15:17:51]	从重 d->v
[2019-03-13 15:17:51]	搭建 v->vd
[2019-03-13 15:17:51]	四处 d->vi
[2019-03-13 15:17:51]	拨打 v->vd
[2019-03-13 15:17:51]	大跌 v->vn
[2019-03-13 15:17:51]	会话 v->vn
[2019-03-13 15:17:51]	要领 n->nz
[2019-03-13 15:17:51]	下学 v->vd
[2019-03-13 15:17:51]	分号 n->nz
[2019-03-13 15:17:51]	不合 v->n
[2019-03-13 15:17:51]	高等 b->a
[2019-03-13 15:17:51]	还给 v->vd
[2019-03-13 15:17:51]	有心 v->vd
[2019-03-13 15:17:51]	说法 n->nz
[2019-03-13 15:17:51]	大喊 v->vd
[2019-03-13 15:17:51]	好多 m->a
[2019-03-13 15:17:51]	大奖 n->nz
[2019-03-13 15:17:51]	无礼 a->ad
[2019-03-13 15:17:51]	看不起 v->vn
[2019-03-13 15:17:51]	看得起 v->vn
[2019-03-13 15:17:51]	理事 n->nz
[2019-03-13 15:17:51]	本心 n->nl
[2019-03-13 15:17:51]	论说 vn->vl
[2019-03-13 15:17:51]	他俩 r->n
[2019-03-13 15:17:51]	江米 n->nz
[2019-03-13 15:17:51]	千米 q->qv
[2019-03-13 15:17:51]	签定 v->vn
[2019-03-13 15:17:51]	好天 n->nz
[2019-03-13 15:17:51]	日食 n->nz
[2019-03-13 15:17:51]	是不是 v->vd
[2019-03-13 15:17:51]	手指 n->nz
[2019-03-13 15:17:51]	睡着 v->vd
[2019-03-13 15:17:51]	大小 n->nz
[2019-03-13 15:17:51]	了得 a->ad
[2019-03-13 15:17:51]	问号 n->nz
[2019-03-13 15:17:51]	西藏自治区 ns->nz
[2019-03-13 15:17:51]	小便 v->vi
[2019-03-13 15:17:51]	好在 d->v
[2019-03-13 15:17:51]	双眼 n->nz
[2019-03-13 15:17:51]	一元 b->nz
[2019-03-13 15:17:51]	引号 n->nz
[2019-03-13 15:17:51]	像片 n->nz
[2019-03-13 15:17:51]	争抢 v->vd
[2019-03-13 15:17:51]	小我 n->nz
[2019-03-13 15:17:51]	文字 n->nz
[2019-03-13 15:17:51]	部分 m->n
[2019-03-13 15:17:51]	别名 n->nz
[2019-03-13 15:17:51]	和缓 a->ad
[2019-03-13 15:17:51]	按时 d->ad
[2019-03-13 15:17:51]	春分 t->n
[2019-03-13 15:17:51]	知了 n->nz
[2019-03-13 15:17:51]	车次 n->nz
[2019-03-13 15:17:51]	大寒 t->nz
[2019-03-13 15:17:51]	大料 n->nz
[2019-03-13 15:17:51]	当面 d->n
[2019-03-13 15:17:51]	上岸 vi->v
[2019-03-13 15:17:51]	对仗 n->nz
[2019-03-13 15:17:51]	分米 q->qt
[2019-03-13 15:17:51]	副词 n->nz
[2019-03-13 15:17:51]	次要 b->bl
[2019-03-13 15:17:51]	成心 d->v
[2019-03-13 15:17:51]	还账 v->vi
[2019-03-13 15:17:51]	该死 vi->v
[2019-03-13 15:17:51]	长项 n->nz
[2019-03-13 15:17:51]	借条 n->nz
[2019-03-13 15:17:51]	买家 n->nz
[2019-03-13 15:17:51]	天车 n->nz
[2019-03-13 15:17:51]	东家 n->nz
[2019-03-13 15:17:51]	小气 a->ad
[2019-03-13 15:17:51]	小产 v->vi
[2019-03-13 15:17:51]	起名 vi->v
[2019-03-13 15:17:51]	生分 a->ad
[2019-03-13 15:17:51]	上税 v->vi
[2019-03-13 15:17:51]	内蒙古自治区 ns->nz
[2019-03-13 15:17:51]	拟人 n->nz
[2019-03-13 15:17:51]	年岁 n->nl
[2019-03-13 15:17:51]	年事 n->nl
[2019-03-13 15:17:51]	身段 n->nz
[2019-03-13 15:17:51]	凡间 s->n
[2019-03-13 15:17:51]	便是 v->vd
[2019-03-13 15:17:51]	收条 n->nz
[2019-03-13 15:17:51]	禁不起 v->vd
[2019-03-13 15:17:51]	书册 n->nl
[2019-03-13 15:17:51]	水笔 n->nz
[2019-03-13 15:17:51]	时价 n->nl
[2019-03-13 15:17:51]	就义 vi->v
[2019-03-13 15:17:51]	先后 d->ad
[2019-03-13 15:17:51]	想像 v->vd
[2019-03-13 15:17:51]	小寒 t->nz
[2019-03-13 15:17:51]	小满 t->nz
[2019-03-13 15:17:51]	新词 n->nl
[2019-03-13 15:17:51]	往时 t->tg
[2019-03-13 15:17:51]	意旨 n->nl
[2019-03-13 15:17:51]	图章 n->nz
[2019-03-13 15:17:51]	正好 z->tg
[2019-03-13 15:17:51]	正理 n->nl
[2019-03-13 15:17:51]	对证 vn->n
[2019-03-13 15:17:51]	中档 b->nl
[2019-03-13 15:17:51]	我方 r->n
[2019-03-13 15:17:51]	自修 v->vl
[2019-03-13 15:17:51]	才能 n->v
[2019-03-13 15:17:51]	秒钟 n->q
[2019-03-13 15:17:51]	火烧 n->v
[2019-03-13 15:17:51]	大路 n->nz
[2019-03-13 15:17:51]	自力 n->nz
[2019-03-13 15:17:51]	女星 n->nl
[2019-03-13 15:17:51]	申请人 n->nl
[2019-03-13 15:17:51]	美女 n->nl
[2019-03-13 15:17:51]	联系人 n->nl
[2019-03-13 15:17:51]	便条 n->nl
[2019-03-13 15:17:51]	中农 n->nl
[2019-03-13 15:17:51]	人道 n->nl
[2019-03-13 15:17:51]	资本家 n->nl
[2019-03-13 15:17:51]	水车 n->nl
[2019-03-13 15:17:51]	马戏 n->nl
[2019-03-13 15:17:51]	除数 n->nz
[2019-03-13 15:17:51]	周长 n->nz
[2019-03-13 15:17:51]	小数 n->nz
[2019-03-13 15:17:51]	经线 n->nz
[2019-03-13 15:17:51]	副手 n->nz
[2019-03-13 15:17:51]	三角 n->ns
[2019-03-13 15:17:51]	切线 n->nz
[2019-03-13 15:17:51]	本着 p->nl
[2019-03-13 15:17:51]	报到 vi->v
[2019-03-13 15:17:51]	不够 a->n
[2019-03-13 15:17:51]	不满 a->v
[2019-03-13 15:17:51]	不同 a->ad
[2019-03-13 15:17:51]	大使 n->nl
[2019-03-13 15:17:51]	对应 vi->v
[2019-03-13 15:17:51]	海带 n->nl
[2019-03-13 15:17:51]	后天 n->t
[2019-03-13 15:17:51]	回家 vi->v
[2019-03-13 15:17:51]	开关 n->v
[2019-03-13 15:17:51]	完了 vi->n
[2019-03-13 15:17:51]	没用 a->v
[2019-03-13 15:17:51]	难听 a->v
[2019-03-13 15:17:51]	暖和 a->ad
[2019-03-13 15:17:51]	排比 n->nz
[2019-03-13 15:17:51]	前天 n->t
[2019-03-13 15:17:51]	上当 vi->v
[2019-03-13 15:17:51]	受不了 al->n
[2019-03-13 15:17:51]	从而 c->cc
[2019-03-13 15:17:51]	图像 n->nl
[2019-03-13 15:17:51]	脱钩 vi->v
[2019-03-13 15:17:51]	周到 a->an
[2019-03-13 15:17:51]	等同 vd->v
[2019-03-13 15:17:51]	有用 a->n
[2019-03-13 15:17:51]	再见 vi->v
[2019-03-13 15:17:51]	有时候 d->n
[2019-03-13 15:17:51]	由此 d->n
[2019-03-13 15:17:51]	有余 m->v
[2019-03-13 15:17:51]	请愿 vi->vn
[2019-03-13 15:17:51]	内在 b->n
[2019-03-13 15:17:51]	不好 a->n
[2019-03-13 15:17:51]	共命运 vl->nl
[2019-03-13 15:17:51]	小于 nr->v
[2019-03-13 15:17:51]	大人 n->nl
[2019-03-13 15:17:51]	乘法 n->nl
[2019-03-13 15:17:51]	对手 n->nl
[2019-03-13 15:17:51]	对方 n->nl
[2019-03-13 15:17:51]	成人 n->nl
[2019-03-13 15:17:51]	所在 n->nl
[2019-03-13 15:17:51]	全年 n->nl
[2019-03-13 15:17:51]	年轻人 n->nl
[2019-03-13 15:17:51]	双手 n->nl
[2019-03-13 15:17:51]	亮点 n->nl
[2019-03-13 15:17:51]	所长 n->nl
[2019-03-13 15:17:51]	天下 n->nl
[2019-03-13 15:17:51]	先人 n->nl
[2019-03-13 15:17:51]	正常人 n->nl
[2019-03-13 15:17:51]	好人 n->nl
[2019-03-13 15:17:51]	国家队 n->nl
[2019-03-13 15:17:51]	党派 n->nl
[2019-03-13 15:17:51]	乘方 n->nl
[2019-03-13 15:17:51]	嗨 e->nl
[2019-03-13 15:17:51]	个人 n->nl
[2019-03-13 15:17:51]	整年 d->n
[2019-03-13 15:17:51]	有声 b->n
[2019-03-13 15:17:51]	新增 v->n
