[2019-04-11 09:29:39]	本分 a->n
[2019-04-11 09:29:39]	按时 d->n
[2019-04-11 09:29:39]	一定 b->n
[2019-04-11 09:29:39]	不结盟 vi->n
[2019-04-11 09:29:39]	不是 c->n
[2019-04-11 09:29:39]	不能 v->n
[2019-04-11 09:29:39]	不会 v->n
[2019-04-11 09:29:39]	出血 vi->n
[2019-04-11 09:29:39]	打的 v->n
[2019-04-11 09:29:39]	除外 vi->n
[2019-04-11 09:29:39]	春分 t->n
[2019-04-11 09:29:39]	从宽 d->n
[2019-04-11 09:29:39]	从重 d->n
[2019-04-11 09:29:39]	搭建 v->n
[2019-04-11 09:29:39]	大寒 t->n
[2019-04-11 09:29:39]	当面 d->n
[2019-04-11 09:29:39]	会话 v->n
[2019-04-11 09:29:39]	分米 q->n
[2019-04-11 09:29:39]	次要 b->n
[2019-04-11 09:29:39]	成心 d->n
[2019-04-11 09:29:39]	一齐 d->n
[2019-04-11 09:29:39]	还账 v->n
[2019-04-11 09:29:39]	不准 v->n
[2019-04-11 09:29:39]	看不起 v->n
[2019-04-11 09:29:39]	看得起 v->n
[2019-04-11 09:29:39]	小产 v->n
[2019-04-11 09:29:39]	天天 d->n
[2019-04-11 09:29:39]	起名 vi->n
[2019-04-11 09:29:39]	上税 v->n
[2019-04-11 09:29:39]	他俩 r->n
[2019-04-11 09:29:39]	千米 q->n
[2019-04-11 09:29:39]	是不是 v->n
[2019-04-11 09:29:39]	禁不起 v->n
[2019-04-11 09:29:39]	先后 d->n
[2019-04-11 09:29:39]	小便 v->n
[2019-04-11 09:29:39]	小满 t->n
[2019-04-11 09:29:39]	吃药 v->n
[2019-04-11 09:29:39]	一元 b->n
[2019-04-11 09:29:39]	正好 z->n
[2019-04-11 09:29:39]	对证 vn->n
[2019-04-11 09:29:39]	中档 b->n
[2019-04-11 09:29:39]	自修 v->n
[2019-04-11 09:29:39]	到底 d->n
[2019-04-11 09:29:39]	和缓 a->n
[2019-04-11 09:29:39]	人为 b->n
[2019-04-11 09:29:39]	长达 v->n
[2019-04-11 09:29:39]	上流 b->n
[2019-04-11 09:29:39]	喜好 an->n
[2019-04-11 09:29:39]	从中 d->n
[2019-04-11 09:29:39]	各人 rr->n
[2019-04-11 09:29:39]	中选 vi->n
[2019-04-11 09:29:39]	各处 rzs->n
[2019-04-11 09:29:39]	四处 d->n
[2019-04-11 09:29:39]	上岸 vi->n
[2019-04-11 09:29:39]	拨打 v->n
[2019-04-11 09:29:39]	大跌 v->n
[2019-04-11 09:29:39]	好多 m->n
[2019-04-11 09:29:39]	下学 v->n
[2019-04-11 09:29:39]	不合 v->n
[2019-04-11 09:29:39]	高等 b->n
[2019-04-11 09:29:39]	老大 a->n
[2019-04-11 09:29:39]	还给 v->n
[2019-04-11 09:29:39]	对等 vi->n
[2019-04-11 09:29:39]	有心 v->n
[2019-04-11 09:29:39]	真的 a->n
[2019-04-11 09:29:39]	大喊 v->n
[2019-04-11 09:29:39]	总会 d->n
[2019-04-11 09:29:39]	该死 vi->n
[2019-04-11 09:29:39]	一口气 d->n
[2019-04-11 09:29:39]	小气 a->n
[2019-04-11 09:29:39]	论说 vn->n
[2019-04-11 09:29:39]	中意 a->n
[2019-04-11 09:29:39]	生分 a->n
[2019-04-11 09:29:39]	内蒙古自治区 ns->n
[2019-04-11 09:29:39]	年间 f->n
[2019-04-11 09:29:39]	和暖 a->n
[2019-04-11 09:29:39]	省钱 a->n
[2019-04-11 09:29:39]	单方面 b->n
[2019-04-11 09:29:39]	早起 vi->n
[2019-04-11 09:29:39]	签定 v->n
[2019-04-11 09:29:39]	凡间 s->n
[2019-04-11 09:29:39]	就是 c->n
[2019-04-11 09:29:39]	便是 v->n
[2019-04-11 09:29:39]	国都 d->n
[2019-04-11 09:29:39]	首次 m->n
[2019-04-11 09:29:39]	睡着 v->n
[2019-04-11 09:29:39]	了得 a->n
[2019-04-11 09:29:39]	西藏自治区 ns->n
[2019-04-11 09:29:39]	想像 v->n
[2019-04-11 09:29:39]	好在 d->n
[2019-04-11 09:29:39]	往时 t->n
[2019-04-11 09:29:39]	争抢 v->n
[2019-04-11 09:29:39]	正在 d->n
[2019-04-11 09:29:39]	我方 r->n
[2019-04-11 09:29:39]	多功能 b->n
[2019-04-11 09:29:39]	黑白 b->n
[2019-04-11 09:29:39]	南北 f->n
[2019-04-11 09:29:39]	干什么 r->n
[2019-04-11 09:29:39]	不断 d->n
[2019-04-11 09:29:39]	同呼吸 vl->n
[2019-04-11 09:29:39]	日间 t->n
[2019-04-11 09:29:39]	还是 c->n
[2019-04-11 09:29:39]	有点 d->n
[2019-04-11 09:29:39]	下流 a->n
[2019-04-11 09:29:39]	怎么办 ryv->n
[2019-04-11 09:29:39]	您好 nl->n
[2019-04-11 09:29:39]	你好 vl->n
[2019-04-11 09:29:39]	交售 v->n
[2019-04-11 09:29:39]	找到 v->n
[2019-04-11 09:29:39]	从来 d->n
[2019-04-11 09:29:39]	约分 v->n
[2019-04-11 09:29:39]	正数 v->n
[2019-04-11 09:29:39]	他人 rr->n
[2019-04-11 09:29:39]	不论 c->n
[2019-04-11 09:29:39]	不管 c->n
[2019-04-11 09:29:39]	出事 vi->n
[2019-04-11 09:29:39]	从此 d->n
[2019-04-11 09:29:39]	当时 t->n
[2019-04-11 09:29:39]	对话 vi->n
[2019-04-11 09:29:39]	吃饭 vi->n
[2019-04-11 09:29:39]	更新 v->n
[2019-04-11 09:29:39]	讲课 vi->n
[2019-04-11 09:29:39]	尽心 a->n
[2019-04-11 09:29:39]	立方 q->n
[2019-04-11 09:29:39]	没关系 vl->n
[2019-04-11 09:29:39]	遍地 vd->n
[2019-04-11 09:29:39]	开车 vi->n
[2019-04-11 09:29:39]	因此 c->n
[2019-04-11 09:29:39]	将来 t->n
[2019-04-11 09:29:39]	以前 f->n
[2019-04-11 09:29:39]	先前 t->n
[2019-04-11 09:29:39]	早上 t->n
[2019-04-11 09:29:39]	正月 t->n
[2019-04-11 09:29:39]	难看 a->n
[2019-04-11 09:29:39]	对头 a->n
[2019-04-11 09:29:39]	正当 a->n
[2019-04-11 09:29:39]	不容 v->n
[2019-04-11 09:29:39]	出手 vi->n
[2019-04-11 09:29:39]	着手 v->n
[2019-04-11 09:29:39]	不错 a->n
[2019-04-11 09:29:39]	不便 a->n
[2019-04-11 09:29:39]	得手 a->n
[2019-04-11 09:29:39]	说话 vi->n
[2019-04-11 09:29:39]	特等 b->n
[2019-04-11 09:29:39]	住手 vi->n
[2019-04-11 09:29:39]	共事 vi->n
[2019-04-11 09:29:39]	从前 t->n
[2019-04-11 09:29:39]	已往 t->n
[2019-04-11 09:29:39]	低下 a->n
[2019-04-11 09:29:39]	当中 f->n
[2019-04-11 09:29:39]	不易 a->n
[2019-04-11 09:29:39]	不可 d->n
[2019-04-11 09:29:39]	至此 d->n
[2019-04-11 09:29:39]	不顾 v->n
[2019-04-11 09:29:39]	正派 a->n
[2019-04-11 09:29:39]	不然 a->n
[2019-04-11 09:29:39]	某人 rr->n
[2019-04-11 09:29:39]	一角 n->v
[2019-04-11 09:29:39]	除外 vi->v
[2019-04-11 09:29:39]	爱人 n->nz
[2019-04-11 09:29:39]	把手 n->nz
[2019-04-11 09:29:39]	靠山 n->nz
[2019-04-11 09:29:39]	不行 a->v
[2019-04-11 09:29:39]	不能 v->vi
[2019-04-11 09:29:39]	不会 v->vi
[2019-04-11 09:29:39]	车号 n->nz
[2019-04-11 09:29:39]	同党 n->nz
[2019-04-11 09:29:39]	打的 v->vi
[2019-04-11 09:29:39]	除法 n->nz
[2019-04-11 09:29:39]	从重 d->v
[2019-04-11 09:29:39]	搭建 v->vd
[2019-04-11 09:29:39]	四处 d->vi
[2019-04-11 09:29:39]	拨打 v->vd
[2019-04-11 09:29:39]	大跌 v->vn
[2019-04-11 09:29:39]	会话 v->vn
[2019-04-11 09:29:39]	要领 n->nz
[2019-04-11 09:29:39]	下学 v->vd
[2019-04-11 09:29:39]	分号 n->nz
[2019-04-11 09:29:39]	不合 v->n
[2019-04-11 09:29:39]	高等 b->a
[2019-04-11 09:29:39]	还给 v->vd
[2019-04-11 09:29:39]	有心 v->vd
[2019-04-11 09:29:39]	说法 n->nz
[2019-04-11 09:29:39]	大喊 v->vd
[2019-04-11 09:29:39]	好多 m->a
[2019-04-11 09:29:39]	大奖 n->nz
[2019-04-11 09:29:39]	无礼 a->ad
[2019-04-11 09:29:39]	看不起 v->vn
[2019-04-11 09:29:39]	看得起 v->vn
[2019-04-11 09:29:39]	理事 n->nz
[2019-04-11 09:29:39]	本心 n->nl
[2019-04-11 09:29:39]	论说 vn->vl
[2019-04-11 09:29:39]	他俩 r->n
[2019-04-11 09:29:39]	江米 n->nz
[2019-04-11 09:29:39]	千米 q->qv
[2019-04-11 09:29:39]	签定 v->vn
[2019-04-11 09:29:39]	好天 n->nz
[2019-04-11 09:29:39]	日食 n->nz
[2019-04-11 09:29:39]	是不是 v->vd
[2019-04-11 09:29:39]	手指 n->nz
[2019-04-11 09:29:39]	睡着 v->vd
[2019-04-11 09:29:39]	大小 n->nz
[2019-04-11 09:29:39]	了得 a->ad
[2019-04-11 09:29:39]	问号 n->nz
[2019-04-11 09:29:39]	西藏自治区 ns->nz
[2019-04-11 09:29:39]	小便 v->vi
[2019-04-11 09:29:39]	好在 d->v
[2019-04-11 09:29:39]	双眼 n->nz
[2019-04-11 09:29:39]	一元 b->nz
[2019-04-11 09:29:39]	引号 n->nz
[2019-04-11 09:29:39]	像片 n->nz
[2019-04-11 09:29:39]	争抢 v->vd
[2019-04-11 09:29:39]	小我 n->nz
[2019-04-11 09:29:39]	文字 n->nz
[2019-04-11 09:29:39]	部分 m->n
[2019-04-11 09:29:39]	别名 n->nz
[2019-04-11 09:29:39]	和缓 a->ad
[2019-04-11 09:29:39]	按时 d->ad
[2019-04-11 09:29:39]	春分 t->n
[2019-04-11 09:29:39]	知了 n->nz
[2019-04-11 09:29:39]	车次 n->nz
[2019-04-11 09:29:39]	大寒 t->nz
[2019-04-11 09:29:39]	大料 n->nz
[2019-04-11 09:29:39]	当面 d->n
[2019-04-11 09:29:39]	上岸 vi->v
[2019-04-11 09:29:39]	对仗 n->nz
[2019-04-11 09:29:39]	分米 q->qt
[2019-04-11 09:29:39]	副词 n->nz
[2019-04-11 09:29:39]	次要 b->bl
[2019-04-11 09:29:39]	成心 d->v
[2019-04-11 09:29:39]	还账 v->vi
[2019-04-11 09:29:39]	该死 vi->v
[2019-04-11 09:29:39]	长项 n->nz
[2019-04-11 09:29:39]	借条 n->nz
[2019-04-11 09:29:39]	买家 n->nz
[2019-04-11 09:29:39]	天车 n->nz
[2019-04-11 09:29:39]	东家 n->nz
[2019-04-11 09:29:39]	小气 a->ad
[2019-04-11 09:29:39]	小产 v->vi
[2019-04-11 09:29:39]	起名 vi->v
[2019-04-11 09:29:39]	生分 a->ad
[2019-04-11 09:29:39]	上税 v->vi
[2019-04-11 09:29:39]	内蒙古自治区 ns->nz
[2019-04-11 09:29:39]	拟人 n->nz
[2019-04-11 09:29:39]	年岁 n->nl
[2019-04-11 09:29:39]	年事 n->nl
[2019-04-11 09:29:39]	身段 n->nz
[2019-04-11 09:29:39]	凡间 s->n
[2019-04-11 09:29:39]	便是 v->vd
[2019-04-11 09:29:39]	收条 n->nz
[2019-04-11 09:29:39]	禁不起 v->vd
[2019-04-11 09:29:39]	书册 n->nl
[2019-04-11 09:29:39]	水笔 n->nz
[2019-04-11 09:29:39]	时价 n->nl
[2019-04-11 09:29:39]	就义 vi->v
[2019-04-11 09:29:39]	先后 d->ad
[2019-04-11 09:29:39]	想像 v->vd
[2019-04-11 09:29:39]	小寒 t->nz
[2019-04-11 09:29:39]	小满 t->nz
[2019-04-11 09:29:39]	新词 n->nl
[2019-04-11 09:29:39]	往时 t->tg
[2019-04-11 09:29:39]	意旨 n->nl
[2019-04-11 09:29:39]	图章 n->nz
[2019-04-11 09:29:39]	正好 z->tg
[2019-04-11 09:29:39]	正理 n->nl
[2019-04-11 09:29:39]	对证 vn->n
[2019-04-11 09:29:39]	中档 b->nl
[2019-04-11 09:29:39]	我方 r->n
[2019-04-11 09:29:39]	自修 v->vl
[2019-04-11 09:29:39]	才能 n->v
[2019-04-11 09:29:39]	秒钟 n->q
[2019-04-11 09:29:39]	火烧 n->v
[2019-04-11 09:29:39]	大路 n->nz
[2019-04-11 09:29:39]	自力 n->nz
[2019-04-11 09:29:39]	女星 n->nl
[2019-04-11 09:29:39]	申请人 n->nl
[2019-04-11 09:29:39]	美女 n->nl
[2019-04-11 09:29:39]	联系人 n->nl
[2019-04-11 09:29:39]	便条 n->nl
[2019-04-11 09:29:39]	中农 n->nl
[2019-04-11 09:29:39]	人道 n->nl
[2019-04-11 09:29:39]	资本家 n->nl
[2019-04-11 09:29:39]	水车 n->nl
[2019-04-11 09:29:39]	马戏 n->nl
[2019-04-11 09:29:39]	除数 n->nz
[2019-04-11 09:29:39]	周长 n->nz
[2019-04-11 09:29:39]	小数 n->nz
[2019-04-11 09:29:39]	经线 n->nz
[2019-04-11 09:29:39]	副手 n->nz
[2019-04-11 09:29:39]	三角 n->ns
[2019-04-11 09:29:39]	切线 n->nz
[2019-04-11 09:29:39]	本着 p->nl
[2019-04-11 09:29:39]	报到 vi->v
[2019-04-11 09:29:39]	不够 a->n
[2019-04-11 09:29:39]	不满 a->v
[2019-04-11 09:29:39]	不同 a->ad
[2019-04-11 09:29:39]	大使 n->nl
[2019-04-11 09:29:39]	对应 vi->v
[2019-04-11 09:29:39]	海带 n->nl
[2019-04-11 09:29:39]	后天 n->t
[2019-04-11 09:29:39]	回家 vi->v
[2019-04-11 09:29:39]	开关 n->v
[2019-04-11 09:29:39]	完了 vi->n
[2019-04-11 09:29:39]	没用 a->v
[2019-04-11 09:29:39]	难听 a->v
[2019-04-11 09:29:39]	暖和 a->ad
[2019-04-11 09:29:39]	排比 n->nz
[2019-04-11 09:29:39]	前天 n->t
[2019-04-11 09:29:39]	上当 vi->v
[2019-04-11 09:29:39]	受不了 al->n
[2019-04-11 09:29:39]	从而 c->cc
[2019-04-11 09:29:39]	图像 n->nl
[2019-04-11 09:29:39]	脱钩 vi->v
[2019-04-11 09:29:39]	周到 a->an
[2019-04-11 09:29:39]	等同 vd->v
[2019-04-11 09:29:39]	有用 a->n
[2019-04-11 09:29:39]	再见 vi->v
[2019-04-11 09:29:39]	有时候 d->n
[2019-04-11 09:29:39]	由此 d->n
[2019-04-11 09:29:39]	有余 m->v
[2019-04-11 09:29:39]	请愿 vi->vn
[2019-04-11 09:29:39]	内在 b->n
[2019-04-11 09:29:39]	不好 a->n
[2019-04-11 09:29:39]	共命运 vl->nl
[2019-04-11 09:29:39]	小于 nr->v
[2019-04-11 09:29:39]	大人 n->nl
[2019-04-11 09:29:39]	乘法 n->nl
[2019-04-11 09:29:39]	对手 n->nl
[2019-04-11 09:29:39]	对方 n->nl
[2019-04-11 09:29:39]	成人 n->nl
[2019-04-11 09:29:39]	所在 n->nl
[2019-04-11 09:29:39]	全年 n->nl
[2019-04-11 09:29:39]	年轻人 n->nl
[2019-04-11 09:29:39]	双手 n->nl
[2019-04-11 09:29:39]	亮点 n->nl
[2019-04-11 09:29:39]	所长 n->nl
[2019-04-11 09:29:39]	天下 n->nl
[2019-04-11 09:29:39]	先人 n->nl
[2019-04-11 09:29:39]	正常人 n->nl
[2019-04-11 09:29:39]	好人 n->nl
[2019-04-11 09:29:39]	国家队 n->nl
[2019-04-11 09:29:39]	党派 n->nl
[2019-04-11 09:29:39]	乘方 n->nl
[2019-04-11 09:29:39]	嗨 e->nl
[2019-04-11 09:29:39]	个人 n->nl
[2019-04-11 09:29:39]	整年 d->n
[2019-04-11 09:29:39]	有声 b->n
[2019-04-11 09:29:39]	新增 v->n
[2019-04-11 09:29:39]	上册 n->nl
