[2019-03-19 15:45:35]	本分 a->n
[2019-03-19 15:45:35]	按时 d->n
[2019-03-19 15:45:35]	一定 b->n
[2019-03-19 15:45:35]	不结盟 vi->n
[2019-03-19 15:45:35]	不是 c->n
[2019-03-19 15:45:35]	不能 v->n
[2019-03-19 15:45:35]	不会 v->n
[2019-03-19 15:45:35]	出血 vi->n
[2019-03-19 15:45:35]	打的 v->n
[2019-03-19 15:45:35]	除外 vi->n
[2019-03-19 15:45:35]	春分 t->n
[2019-03-19 15:45:35]	从宽 d->n
[2019-03-19 15:45:35]	从重 d->n
[2019-03-19 15:45:35]	搭建 v->n
[2019-03-19 15:45:35]	大寒 t->n
[2019-03-19 15:45:35]	当面 d->n
[2019-03-19 15:45:35]	会话 v->n
[2019-03-19 15:45:35]	分米 q->n
[2019-03-19 15:45:35]	次要 b->n
[2019-03-19 15:45:35]	成心 d->n
[2019-03-19 15:45:35]	一齐 d->n
[2019-03-19 15:45:35]	还账 v->n
[2019-03-19 15:45:35]	不准 v->n
[2019-03-19 15:45:35]	看不起 v->n
[2019-03-19 15:45:35]	看得起 v->n
[2019-03-19 15:45:35]	小产 v->n
[2019-03-19 15:45:35]	天天 d->n
[2019-03-19 15:45:35]	起名 vi->n
[2019-03-19 15:45:35]	上税 v->n
[2019-03-19 15:45:35]	他俩 r->n
[2019-03-19 15:45:35]	千米 q->n
[2019-03-19 15:45:35]	是不是 v->n
[2019-03-19 15:45:35]	禁不起 v->n
[2019-03-19 15:45:35]	先后 d->n
[2019-03-19 15:45:35]	小便 v->n
[2019-03-19 15:45:35]	小满 t->n
[2019-03-19 15:45:35]	吃药 v->n
[2019-03-19 15:45:35]	一元 b->n
[2019-03-19 15:45:35]	正好 z->n
[2019-03-19 15:45:35]	对证 vn->n
[2019-03-19 15:45:35]	中档 b->n
[2019-03-19 15:45:35]	自修 v->n
[2019-03-19 15:45:35]	到底 d->n
[2019-03-19 15:45:35]	和缓 a->n
[2019-03-19 15:45:35]	人为 b->n
[2019-03-19 15:45:35]	长达 v->n
[2019-03-19 15:45:35]	上流 b->n
[2019-03-19 15:45:35]	喜好 an->n
[2019-03-19 15:45:35]	从中 d->n
[2019-03-19 15:45:35]	各人 rr->n
[2019-03-19 15:45:35]	中选 vi->n
[2019-03-19 15:45:35]	各处 rzs->n
[2019-03-19 15:45:35]	四处 d->n
[2019-03-19 15:45:35]	上岸 vi->n
[2019-03-19 15:45:35]	拨打 v->n
[2019-03-19 15:45:35]	大跌 v->n
[2019-03-19 15:45:35]	好多 m->n
[2019-03-19 15:45:35]	下学 v->n
[2019-03-19 15:45:35]	不合 v->n
[2019-03-19 15:45:35]	高等 b->n
[2019-03-19 15:45:35]	老大 a->n
[2019-03-19 15:45:35]	还给 v->n
[2019-03-19 15:45:35]	对等 vi->n
[2019-03-19 15:45:35]	有心 v->n
[2019-03-19 15:45:35]	真的 a->n
[2019-03-19 15:45:35]	大喊 v->n
[2019-03-19 15:45:35]	总会 d->n
[2019-03-19 15:45:35]	该死 vi->n
[2019-03-19 15:45:35]	一口气 d->n
[2019-03-19 15:45:35]	小气 a->n
[2019-03-19 15:45:35]	论说 vn->n
[2019-03-19 15:45:35]	中意 a->n
[2019-03-19 15:45:35]	生分 a->n
[2019-03-19 15:45:35]	内蒙古自治区 ns->n
[2019-03-19 15:45:35]	年间 f->n
[2019-03-19 15:45:35]	和暖 a->n
[2019-03-19 15:45:35]	省钱 a->n
[2019-03-19 15:45:35]	单方面 b->n
[2019-03-19 15:45:35]	早起 vi->n
[2019-03-19 15:45:35]	签定 v->n
[2019-03-19 15:45:35]	凡间 s->n
[2019-03-19 15:45:35]	就是 c->n
[2019-03-19 15:45:35]	便是 v->n
[2019-03-19 15:45:35]	国都 d->n
[2019-03-19 15:45:35]	首次 m->n
[2019-03-19 15:45:35]	睡着 v->n
[2019-03-19 15:45:35]	了得 a->n
[2019-03-19 15:45:35]	西藏自治区 ns->n
[2019-03-19 15:45:35]	想像 v->n
[2019-03-19 15:45:35]	好在 d->n
[2019-03-19 15:45:35]	往时 t->n
[2019-03-19 15:45:35]	争抢 v->n
[2019-03-19 15:45:35]	正在 d->n
[2019-03-19 15:45:35]	我方 r->n
[2019-03-19 15:45:35]	多功能 b->n
[2019-03-19 15:45:35]	黑白 b->n
[2019-03-19 15:45:35]	南北 f->n
[2019-03-19 15:45:35]	干什么 r->n
[2019-03-19 15:45:35]	不断 d->n
[2019-03-19 15:45:35]	同呼吸 vl->n
[2019-03-19 15:45:35]	日间 t->n
[2019-03-19 15:45:35]	还是 c->n
[2019-03-19 15:45:35]	有点 d->n
[2019-03-19 15:45:35]	下流 a->n
[2019-03-19 15:45:35]	怎么办 ryv->n
[2019-03-19 15:45:35]	您好 nl->n
[2019-03-19 15:45:35]	你好 vl->n
[2019-03-19 15:45:35]	交售 v->n
[2019-03-19 15:45:35]	找到 v->n
[2019-03-19 15:45:35]	从来 d->n
[2019-03-19 15:45:35]	约分 v->n
[2019-03-19 15:45:35]	正数 v->n
[2019-03-19 15:45:35]	他人 rr->n
[2019-03-19 15:45:35]	不论 c->n
[2019-03-19 15:45:35]	不管 c->n
[2019-03-19 15:45:35]	出事 vi->n
[2019-03-19 15:45:35]	从此 d->n
[2019-03-19 15:45:35]	当时 t->n
[2019-03-19 15:45:35]	对话 vi->n
[2019-03-19 15:45:35]	吃饭 vi->n
[2019-03-19 15:45:35]	更新 v->n
[2019-03-19 15:45:35]	讲课 vi->n
[2019-03-19 15:45:35]	尽心 a->n
[2019-03-19 15:45:35]	立方 q->n
[2019-03-19 15:45:35]	没关系 vl->n
[2019-03-19 15:45:35]	遍地 vd->n
[2019-03-19 15:45:35]	开车 vi->n
[2019-03-19 15:45:35]	因此 c->n
[2019-03-19 15:45:35]	将来 t->n
[2019-03-19 15:45:35]	以前 f->n
[2019-03-19 15:45:35]	先前 t->n
[2019-03-19 15:45:35]	早上 t->n
[2019-03-19 15:45:35]	正月 t->n
[2019-03-19 15:45:35]	难看 a->n
[2019-03-19 15:45:35]	对头 a->n
[2019-03-19 15:45:35]	正当 a->n
[2019-03-19 15:45:35]	不容 v->n
[2019-03-19 15:45:35]	出手 vi->n
[2019-03-19 15:45:35]	着手 v->n
[2019-03-19 15:45:35]	不错 a->n
[2019-03-19 15:45:35]	不便 a->n
[2019-03-19 15:45:35]	得手 a->n
[2019-03-19 15:45:35]	说话 vi->n
[2019-03-19 15:45:35]	特等 b->n
[2019-03-19 15:45:35]	住手 vi->n
[2019-03-19 15:45:35]	共事 vi->n
[2019-03-19 15:45:35]	从前 t->n
[2019-03-19 15:45:35]	已往 t->n
[2019-03-19 15:45:35]	低下 a->n
[2019-03-19 15:45:35]	当中 f->n
[2019-03-19 15:45:35]	不易 a->n
[2019-03-19 15:45:35]	不可 d->n
[2019-03-19 15:45:35]	至此 d->n
[2019-03-19 15:45:35]	不顾 v->n
[2019-03-19 15:45:35]	正派 a->n
[2019-03-19 15:45:35]	不然 a->n
[2019-03-19 15:45:35]	某人 rr->n
[2019-03-19 15:45:35]	一角 n->v
[2019-03-19 15:45:35]	除外 vi->v
[2019-03-19 15:45:35]	爱人 n->nz
[2019-03-19 15:45:35]	把手 n->nz
[2019-03-19 15:45:35]	靠山 n->nz
[2019-03-19 15:45:35]	不行 a->v
[2019-03-19 15:45:35]	不能 v->vi
[2019-03-19 15:45:35]	不会 v->vi
[2019-03-19 15:45:35]	车号 n->nz
[2019-03-19 15:45:35]	同党 n->nz
[2019-03-19 15:45:35]	打的 v->vi
[2019-03-19 15:45:35]	除法 n->nz
[2019-03-19 15:45:35]	从重 d->v
[2019-03-19 15:45:35]	搭建 v->vd
[2019-03-19 15:45:35]	四处 d->vi
[2019-03-19 15:45:35]	拨打 v->vd
[2019-03-19 15:45:35]	大跌 v->vn
[2019-03-19 15:45:35]	会话 v->vn
[2019-03-19 15:45:35]	要领 n->nz
[2019-03-19 15:45:35]	下学 v->vd
[2019-03-19 15:45:35]	分号 n->nz
[2019-03-19 15:45:35]	不合 v->n
[2019-03-19 15:45:35]	高等 b->a
[2019-03-19 15:45:35]	还给 v->vd
[2019-03-19 15:45:35]	有心 v->vd
[2019-03-19 15:45:35]	说法 n->nz
[2019-03-19 15:45:35]	大喊 v->vd
[2019-03-19 15:45:35]	好多 m->a
[2019-03-19 15:45:35]	大奖 n->nz
[2019-03-19 15:45:35]	无礼 a->ad
[2019-03-19 15:45:35]	看不起 v->vn
[2019-03-19 15:45:35]	看得起 v->vn
[2019-03-19 15:45:35]	理事 n->nz
[2019-03-19 15:45:35]	本心 n->nl
[2019-03-19 15:45:35]	论说 vn->vl
[2019-03-19 15:45:35]	他俩 r->n
[2019-03-19 15:45:35]	江米 n->nz
[2019-03-19 15:45:35]	千米 q->qv
[2019-03-19 15:45:35]	签定 v->vn
[2019-03-19 15:45:35]	好天 n->nz
[2019-03-19 15:45:35]	日食 n->nz
[2019-03-19 15:45:35]	是不是 v->vd
[2019-03-19 15:45:35]	手指 n->nz
[2019-03-19 15:45:35]	睡着 v->vd
[2019-03-19 15:45:35]	大小 n->nz
[2019-03-19 15:45:35]	了得 a->ad
[2019-03-19 15:45:35]	问号 n->nz
[2019-03-19 15:45:35]	西藏自治区 ns->nz
[2019-03-19 15:45:35]	小便 v->vi
[2019-03-19 15:45:35]	好在 d->v
[2019-03-19 15:45:35]	双眼 n->nz
[2019-03-19 15:45:35]	一元 b->nz
[2019-03-19 15:45:35]	引号 n->nz
[2019-03-19 15:45:35]	像片 n->nz
[2019-03-19 15:45:35]	争抢 v->vd
[2019-03-19 15:45:35]	小我 n->nz
[2019-03-19 15:45:35]	文字 n->nz
[2019-03-19 15:45:35]	部分 m->n
[2019-03-19 15:45:35]	别名 n->nz
[2019-03-19 15:45:35]	和缓 a->ad
[2019-03-19 15:45:35]	按时 d->ad
[2019-03-19 15:45:35]	春分 t->n
[2019-03-19 15:45:35]	知了 n->nz
[2019-03-19 15:45:35]	车次 n->nz
[2019-03-19 15:45:35]	大寒 t->nz
[2019-03-19 15:45:35]	大料 n->nz
[2019-03-19 15:45:35]	当面 d->n
[2019-03-19 15:45:35]	上岸 vi->v
[2019-03-19 15:45:35]	对仗 n->nz
[2019-03-19 15:45:35]	分米 q->qt
[2019-03-19 15:45:35]	副词 n->nz
[2019-03-19 15:45:35]	次要 b->bl
[2019-03-19 15:45:35]	成心 d->v
[2019-03-19 15:45:35]	还账 v->vi
[2019-03-19 15:45:35]	该死 vi->v
[2019-03-19 15:45:35]	长项 n->nz
[2019-03-19 15:45:35]	借条 n->nz
[2019-03-19 15:45:35]	买家 n->nz
[2019-03-19 15:45:35]	天车 n->nz
[2019-03-19 15:45:35]	东家 n->nz
[2019-03-19 15:45:35]	小气 a->ad
[2019-03-19 15:45:35]	小产 v->vi
[2019-03-19 15:45:35]	起名 vi->v
[2019-03-19 15:45:35]	生分 a->ad
[2019-03-19 15:45:35]	上税 v->vi
[2019-03-19 15:45:35]	内蒙古自治区 ns->nz
[2019-03-19 15:45:35]	拟人 n->nz
[2019-03-19 15:45:35]	年岁 n->nl
[2019-03-19 15:45:35]	年事 n->nl
[2019-03-19 15:45:35]	身段 n->nz
[2019-03-19 15:45:35]	凡间 s->n
[2019-03-19 15:45:35]	便是 v->vd
[2019-03-19 15:45:35]	收条 n->nz
[2019-03-19 15:45:35]	禁不起 v->vd
[2019-03-19 15:45:35]	书册 n->nl
[2019-03-19 15:45:35]	水笔 n->nz
[2019-03-19 15:45:35]	时价 n->nl
[2019-03-19 15:45:35]	就义 vi->v
[2019-03-19 15:45:35]	先后 d->ad
[2019-03-19 15:45:35]	想像 v->vd
[2019-03-19 15:45:35]	小寒 t->nz
[2019-03-19 15:45:35]	小满 t->nz
[2019-03-19 15:45:35]	新词 n->nl
[2019-03-19 15:45:35]	往时 t->tg
[2019-03-19 15:45:35]	意旨 n->nl
[2019-03-19 15:45:35]	图章 n->nz
[2019-03-19 15:45:35]	正好 z->tg
[2019-03-19 15:45:35]	正理 n->nl
[2019-03-19 15:45:35]	对证 vn->n
[2019-03-19 15:45:35]	中档 b->nl
[2019-03-19 15:45:35]	我方 r->n
[2019-03-19 15:45:35]	自修 v->vl
[2019-03-19 15:45:35]	才能 n->v
[2019-03-19 15:45:35]	秒钟 n->q
[2019-03-19 15:45:35]	火烧 n->v
[2019-03-19 15:45:35]	大路 n->nz
[2019-03-19 15:45:35]	自力 n->nz
[2019-03-19 15:45:35]	女星 n->nl
[2019-03-19 15:45:35]	申请人 n->nl
[2019-03-19 15:45:35]	美女 n->nl
[2019-03-19 15:45:35]	联系人 n->nl
[2019-03-19 15:45:35]	便条 n->nl
[2019-03-19 15:45:35]	中农 n->nl
[2019-03-19 15:45:35]	人道 n->nl
[2019-03-19 15:45:35]	资本家 n->nl
[2019-03-19 15:45:35]	水车 n->nl
[2019-03-19 15:45:35]	马戏 n->nl
[2019-03-19 15:45:35]	除数 n->nz
[2019-03-19 15:45:35]	周长 n->nz
[2019-03-19 15:45:35]	小数 n->nz
[2019-03-19 15:45:35]	经线 n->nz
[2019-03-19 15:45:35]	副手 n->nz
[2019-03-19 15:45:35]	三角 n->ns
[2019-03-19 15:45:35]	切线 n->nz
[2019-03-19 15:45:35]	本着 p->nl
[2019-03-19 15:45:35]	报到 vi->v
[2019-03-19 15:45:35]	不够 a->n
[2019-03-19 15:45:35]	不满 a->v
[2019-03-19 15:45:35]	不同 a->ad
[2019-03-19 15:45:35]	大使 n->nl
[2019-03-19 15:45:35]	对应 vi->v
[2019-03-19 15:45:35]	海带 n->nl
[2019-03-19 15:45:35]	后天 n->t
[2019-03-19 15:45:35]	回家 vi->v
[2019-03-19 15:45:35]	开关 n->v
[2019-03-19 15:45:35]	完了 vi->n
[2019-03-19 15:45:35]	没用 a->v
[2019-03-19 15:45:35]	难听 a->v
[2019-03-19 15:45:35]	暖和 a->ad
[2019-03-19 15:45:35]	排比 n->nz
[2019-03-19 15:45:35]	前天 n->t
[2019-03-19 15:45:35]	上当 vi->v
[2019-03-19 15:45:35]	受不了 al->n
[2019-03-19 15:45:35]	从而 c->cc
[2019-03-19 15:45:35]	图像 n->nl
[2019-03-19 15:45:35]	脱钩 vi->v
[2019-03-19 15:45:35]	周到 a->an
[2019-03-19 15:45:35]	等同 vd->v
[2019-03-19 15:45:35]	有用 a->n
[2019-03-19 15:45:35]	再见 vi->v
[2019-03-19 15:45:35]	有时候 d->n
[2019-03-19 15:45:35]	由此 d->n
[2019-03-19 15:45:35]	有余 m->v
[2019-03-19 15:45:35]	请愿 vi->vn
[2019-03-19 15:45:35]	内在 b->n
[2019-03-19 15:45:35]	不好 a->n
[2019-03-19 15:45:35]	共命运 vl->nl
[2019-03-19 15:45:35]	小于 nr->v
[2019-03-19 15:45:35]	大人 n->nl
[2019-03-19 15:45:35]	乘法 n->nl
[2019-03-19 15:45:35]	对手 n->nl
[2019-03-19 15:45:35]	对方 n->nl
[2019-03-19 15:45:35]	成人 n->nl
[2019-03-19 15:45:35]	所在 n->nl
[2019-03-19 15:45:35]	全年 n->nl
[2019-03-19 15:45:35]	年轻人 n->nl
[2019-03-19 15:45:35]	双手 n->nl
[2019-03-19 15:45:35]	亮点 n->nl
[2019-03-19 15:45:35]	所长 n->nl
[2019-03-19 15:45:35]	天下 n->nl
[2019-03-19 15:45:35]	先人 n->nl
[2019-03-19 15:45:35]	正常人 n->nl
[2019-03-19 15:45:35]	好人 n->nl
[2019-03-19 15:45:35]	国家队 n->nl
[2019-03-19 15:45:35]	党派 n->nl
[2019-03-19 15:45:35]	乘方 n->nl
[2019-03-19 15:45:35]	嗨 e->nl
[2019-03-19 15:45:35]	个人 n->nl
[2019-03-19 15:45:35]	整年 d->n
[2019-03-19 15:45:35]	有声 b->n
[2019-03-19 15:45:35]	新增 v->n
[2019-03-19 15:45:35]	上册 n->nl
