[2019-01-09 17:03:51]	爱 b->v
[2019-01-09 17:03:51]	安 ag->v
[2019-01-09 17:03:51]	安定 a->an
[2019-01-09 17:03:51]	本分 a->n
[2019-01-09 17:03:51]	宁静 a->an
[2019-01-09 17:03:51]	安宁 a->an
[2019-01-09 17:03:51]	安谧 a->an
[2019-01-09 17:03:51]	和缓 a->ad
[2019-01-09 17:03:51]	太平 a->ns
[2019-01-09 17:03:51]	安全 a->an
[2019-01-09 17:03:51]	安慰 a->v
[2019-01-09 17:03:51]	按时 d->ad
[2019-01-09 17:03:51]	昂首 vd->vi
[2019-01-09 17:03:51]	昂扬 a->v
[2019-01-09 17:03:51]	后悔 a->v
[2019-01-09 17:03:51]	八宝粥 n->gms
[2019-01-09 17:03:51]	把 m->v
[2019-01-09 17:03:51]	百合 n->nr
[2019-01-09 17:03:51]	绊 ng->v
[2019-01-09 17:03:51]	棒 a->ng
[2019-01-09 17:03:51]	包 n->v
[2019-01-09 17:03:51]	折 ng->vi
[2019-01-09 17:03:51]	叠 q->v
[2019-01-09 17:03:51]	包子 n->gms
[2019-01-09 17:03:51]	保安 b->n
[2019-01-09 17:03:51]	保障 n->v
[2019-01-09 17:03:51]	保健 b->n
[2019-01-09 17:03:51]	封闭 a->v
[2019-01-09 17:03:51]	保险 a->n
[2019-01-09 17:03:51]	保证 n->v
[2019-01-09 17:03:51]	不好意思 a->vl
[2019-01-09 17:03:51]	背 a->v
[2019-01-09 17:03:51]	被 d->pbei
[2019-01-09 17:03:51]	必然 b->n
[2019-01-09 17:03:51]	一定 b->d
[2019-01-09 17:03:51]	边 b->n
[2019-01-09 17:03:51]	边缘 b->n
[2019-01-09 17:03:51]	边防 b->n
[2019-01-09 17:03:51]	边陲 n->s
[2019-01-09 17:03:51]	变化 v->vn
[2019-01-09 17:03:51]	标准 a->n
[2019-01-09 17:03:51]	规范 a->v
[2019-01-09 17:03:51]	飞跃 vi->vn
[2019-01-09 17:03:51]	口头 d->n
[2019-01-09 17:03:51]	表现 n->v
[2019-01-09 17:03:51]	别名 n->nz
[2019-01-09 17:03:51]	做作 a->v
[2019-01-09 17:03:51]	拨 q->v
[2019-01-09 17:03:51]	奔腾 nz->vi
[2019-01-09 17:03:51]	盘剥 v->vn
[2019-01-09 17:03:51]	补偿 v->vn
[2019-01-09 17:03:51]	甭 d->v
[2019-01-09 17:03:51]	不安 a->an
[2019-01-09 17:03:51]	焦虑 a->an
[2019-01-09 17:03:51]	恐慌 a->an
[2019-01-09 17:03:51]	不满 a->an
[2019-01-09 17:03:51]	例外 n->vi
[2019-01-09 17:03:51]	不幸 a->n
[2019-01-09 17:03:51]	部分 m->n
[2019-01-09 17:03:51]	华 ag->b
[2019-01-09 17:03:51]	愧疚 a->an
[2019-01-09 17:03:51]	辉煌 a->an
[2019-01-09 17:03:51]	绚烂 a->an
[2019-01-09 17:03:51]	仓储 n->vn
[2019-01-09 17:03:51]	费心 a->v
[2019-01-09 17:03:51]	迥异 a->z
[2019-01-09 17:03:51]	叶 n->ng
[2019-01-09 17:03:51]	拆解 v->vn
[2019-01-09 17:03:51]	知了 n->nz
[2019-01-09 17:03:51]	长春 ns->nz
[2019-01-09 17:03:51]	经常 b->d
[2019-01-09 17:03:51]	超 h->v
[2019-01-09 17:03:51]	超产 v->vn
[2019-01-09 17:03:51]	超支 n->v
[2019-01-09 17:03:51]	车次 n->nz
[2019-01-09 17:03:51]	沉淀 n->vi
[2019-01-09 17:03:51]	尽职 vd->vi
[2019-01-09 17:03:51]	诚心 a->n
[2019-01-09 17:03:51]	党羽 n->nz
[2019-01-09 17:03:51]	冲突 vi->vn
[2019-01-09 17:03:51]	倾心 ad->vi
[2019-01-09 17:03:51]	喜好 an->v
[2019-01-09 17:03:51]	空洞 a->n
[2019-01-09 17:03:51]	抽样 vd->vi
[2019-01-09 17:03:51]	臭豆腐 n->gms
[2019-01-09 17:03:51]	出口 n->vi
[2019-01-09 17:03:51]	肇事 vi->vn
[2019-01-09 17:03:51]	出租 n->v
[2019-01-09 17:03:51]	先期 b->d
[2019-01-09 17:03:51]	除外 vi->v
[2019-01-09 17:03:51]	装 n->v
[2019-01-09 17:03:51]	传统 a->n
[2019-01-09 17:03:51]	船 n->gjtgj
[2019-01-09 17:03:51]	轮船 n->gjtgj
[2019-01-09 17:03:51]	船舶 n->gjtgj
[2019-01-09 17:03:51]	春分 t->n
[2019-01-09 17:03:51]	刺 n->v
[2019-01-09 17:03:51]	睿智 a->an
[2019-01-09 17:03:51]	智慧 a->n
[2019-01-09 17:03:51]	从 d->p
[2019-01-09 17:03:51]	自 d->p
[2019-01-09 17:03:51]	粗心 a->an
[2019-01-09 17:03:51]	大意 a->n
[2019-01-09 17:03:51]	酸 a->n
[2019-01-09 17:03:51]	摩擦 v->vn
[2019-01-09 17:03:51]	坎坷 a->an
[2019-01-09 17:03:51]	错误 a->n
[2019-01-09 17:03:51]	达标 vd->vi
[2019-01-09 17:03:51]	答复 n->v
[2019-01-09 17:03:51]	打 p->v
[2019-01-09 17:03:51]	狩猎 n->vi
[2019-01-09 17:03:51]	打算 n->v
[2019-01-09 17:03:51]	大寒 t->nz
[2019-01-09 17:03:51]	大家 n->rr
[2019-01-09 17:03:51]	大料 n->nz
[2019-01-09 17:03:51]	大致 b->d
[2019-01-09 17:03:51]	呆 a->v
[2019-01-09 17:03:51]	代办 n->v
[2019-01-09 17:03:51]	代理 n->v
[2019-01-09 17:03:51]	带 n->v
[2019-01-09 17:03:51]	带子 n->v
[2019-01-09 17:03:51]	条 ng->q
[2019-01-09 17:03:51]	戴 nr1->v
[2019-01-09 17:03:51]	单 b->d
[2019-01-09 17:03:51]	单独 b->d
[2019-01-09 17:03:51]	当面 d->n
[2019-01-09 17:03:51]	那天 r->t
[2019-01-09 17:03:51]	挡 n->v
[2019-01-09 17:03:51]	的 n->ude1
[2019-01-09 17:03:51]	得 ude3->v
[2019-01-09 17:03:51]	到 p->v
[2019-01-09 17:03:51]	倒 d->vi
[2019-01-09 17:03:51]	偷 d->v
[2019-01-09 17:03:51]	道德 a->n
[2019-01-09 17:03:51]	道教 n->nz
[2019-01-09 17:03:51]	上岸 vi->v
[2019-01-09 17:03:51]	等 n->v
[2019-01-09 17:03:51]	地铁 n->gjtgj
[2019-01-09 17:03:51]	光 a->n
[2019-01-09 17:03:51]	光辉 a->n
[2019-01-09 17:03:51]	顶 f->v
[2019-01-09 17:03:51]	定额 d->n
[2019-01-09 17:03:51]	定期 b->d
[2019-01-09 17:03:51]	东 b->f
[2019-01-09 17:03:51]	东乡族 ns->nz
[2019-01-09 17:03:51]	全部 m->ad
[2019-01-09 17:03:51]	斗争 vi->vn
[2019-01-09 17:03:51]	独立 a->v
[2019-01-09 17:03:51]	自力 n->nr
[2019-01-09 17:03:51]	渡 ng->v
[2019-01-09 17:03:51]	端 ng->v
[2019-01-09 17:03:51]	端正 a->v
[2019-01-09 17:03:51]	断 d->v
[2019-01-09 17:03:51]	对仗 n->nz
[2019-01-09 17:03:51]	多 a->m
[2019-01-09 17:03:51]	饿 a->v
[2019-01-09 17:03:51]	发 ng->v
[2019-01-09 17:03:51]	带头 vd->vi
[2019-01-09 17:03:51]	发糕 n->gms
[2019-01-09 17:03:51]	施展 nr->v
[2019-01-09 17:03:51]	发烧 b->vi
[2019-01-09 17:03:51]	无力 a->vi
[2019-01-09 17:03:51]	法 b->n
[2019-01-09 17:03:51]	庭审 n->v
[2019-01-09 17:03:51]	帆船 n->gjtgj
[2019-01-09 17:03:51]	繁荣 a->an
[2019-01-09 17:03:51]	重复 a->v
[2019-01-09 17:03:51]	来回 d->vi
[2019-01-09 17:03:51]	反面 b->n
[2019-01-09 17:03:51]	反应 n->vi
[2019-01-09 17:03:51]	犯罪 vi->vn
[2019-01-09 17:03:51]	范 ng->nr1
[2019-01-09 17:03:51]	方 a->d
[2019-01-09 17:03:51]	方便面 n->gms
[2019-01-09 17:03:51]	防汛 vi->vn
[2019-01-09 17:03:51]	飞机 n->gjtgj
[2019-01-09 17:03:51]	肥 a->n
[2019-01-09 17:03:51]	分布 vd->vi
[2019-01-09 17:03:51]	分离 vd->vi
[2019-01-09 17:03:51]	分米 q->qt
[2019-01-09 17:03:51]	生气 a->n
[2019-01-09 17:03:51]	风光 a->n
[2019-01-09 17:03:51]	封 ng->v
[2019-01-09 17:03:51]	冯 m->nr1
[2019-01-09 17:03:51]	抚恤 vi->vn
[2019-01-09 17:03:51]	远望 nz->v
[2019-01-09 17:03:51]	腐败 a->an
[2019-01-09 17:03:51]	负责 a->v
[2019-01-09 17:03:51]	中兴 ns->nz
[2019-01-09 17:03:51]	副词 n->nz
[2019-01-09 17:03:51]	付 q->v
[2019-01-09 17:03:51]	次要 b->bl
[2019-01-09 17:03:51]	富 a->vg
[2019-01-09 17:03:51]	富有 a->v
[2019-01-09 17:03:51]	富余 a->vn
[2019-01-09 17:03:51]	盖 d->v
[2019-01-09 17:03:51]	扣 ng->v
[2019-01-09 17:03:51]	干 a->v
[2019-01-09 17:03:51]	甘 ad->ag
[2019-01-09 17:03:51]	感动 a->v
[2019-01-09 17:03:51]	感冒 n->vi
[2019-01-09 17:03:51]	不久 d->m
[2019-01-09 17:03:51]	方才 d->nr
[2019-01-09 17:03:51]	高贵 a->nr
[2019-01-09 17:03:51]	年老 a->vi
[2019-01-09 17:03:51]	革命 a->vn
[2019-01-09 17:03:51]	解 ng->v
[2019-01-09 17:03:51]	根据 n->p
[2019-01-09 17:03:51]	据 ng->p
[2019-01-09 17:03:51]	跟随 p->v
[2019-01-09 17:03:51]	随着 d->p
[2019-01-09 17:03:51]	更年期 n->t
[2019-01-09 17:03:51]	工作 n->vn
[2019-01-09 17:03:51]	公开 a->v
[2019-01-09 17:03:51]	巩固 a->v
[2019-01-09 17:03:51]	共产党 n->nz
[2019-01-09 17:03:51]	奉献 n->v
[2019-01-09 17:03:51]	够 a->v
[2019-01-09 17:03:51]	孤立 a->v
[2019-01-09 17:03:51]	孤僻 a->an
[2019-01-09 17:03:51]	鼓 a->v
[2019-01-09 17:03:51]	彭 m->nr1
[2019-01-09 17:03:51]	鼓舞 a->v
[2019-01-09 17:03:51]	固定 a->v
[2019-01-09 17:03:51]	稳定 a->an
[2019-01-09 17:03:51]	传奇 a->n
[2019-01-09 17:03:51]	故意 b->d
[2019-01-09 17:03:51]	有意 d->vi
[2019-01-09 17:03:51]	成心 d->v
[2019-01-09 17:03:51]	顾 ng->v
[2019-01-09 17:03:51]	挂 q->v
[2019-01-09 17:03:51]	关切 a->v
[2019-01-09 17:03:51]	论断 n->vn
[2019-01-09 17:03:51]	臣 n->ng
[2019-01-09 17:03:51]	管理 v->vn
[2019-01-09 17:03:51]	管制 v->vn
[2019-01-09 17:03:51]	光明 a->n
[2019-01-09 17:03:51]	亮 a->vi
[2019-01-09 17:03:51]	归结 n->vi
[2019-01-09 17:03:51]	鬼 a->n
[2019-01-09 17:03:51]	邪 a->ag
[2019-01-09 17:03:51]	滚 ng->vi
[2019-01-09 17:03:51]	国庆 n->t
[2019-01-09 17:03:51]	干脆 a->d
[2019-01-09 17:03:51]	断然 b->d
[2019-01-09 17:03:51]	果然 c->d
[2019-01-09 17:03:51]	果真 c->d
[2019-01-09 17:03:51]	过期 vd->vi
[2019-01-09 17:03:51]	海口 n->ns
[2019-01-09 17:03:51]	琼 b->nr1
[2019-01-09 17:03:51]	叫 n->vi
[2019-01-09 17:03:51]	汉堡包 n->gms
[2019-01-09 17:03:51]	数码 b->n
[2019-01-09 17:03:51]	合资 b->vi
[2019-01-09 17:03:51]	集资 vd->vi
[2019-01-09 17:03:51]	合伙 vd->vi
[2019-01-09 17:03:51]	合股 vd->vi
[2019-01-09 17:03:51]	和 ag->cc
[2019-01-09 17:03:51]	集合 n->v
[2019-01-09 17:03:51]	与 cc->p
[2019-01-09 17:03:51]	同 cc->p
[2019-01-09 17:03:51]	并 cc->d
[2019-01-09 17:03:51]	狠 a->d
[2019-01-09 17:03:51]	狠心 a->an
[2019-01-09 17:03:51]	横 a->v
[2019-01-09 17:03:51]	哄 o->v
[2019-01-09 17:03:51]	后期 f->t
[2019-01-09 17:03:51]	胡 d->nr1
[2019-01-09 17:03:51]	湖 b->n
[2019-01-09 17:03:51]	迷惑 a->v
[2019-01-09 17:03:51]	依稀 a->d
[2019-01-09 17:03:51]	互相 b->d
[2019-01-09 17:03:51]	花 a->n
[2019-01-09 17:03:51]	花卷 n->gms
[2019-01-09 17:03:51]	滑冰 n->vn
[2019-01-09 17:03:51]	滑雪 vi->vn
[2019-01-09 17:03:51]	化验 n->v
[2019-01-09 17:03:51]	打扮 n->v
[2019-01-09 17:03:51]	还账 v->vi
[2019-01-09 17:03:51]	涣散 a->v
[2019-01-09 17:03:51]	怪诞 a->an
[2019-01-09 17:03:51]	黄色 b->n
[2019-01-09 17:03:51]	回头 d->vi
[2019-01-09 17:03:51]	会 n->v
[2019-01-09 17:03:51]	馄饨 n->gms
[2019-01-09 17:03:51]	活动 a->vn
[2019-01-09 17:03:51]	该死 vi->v
[2019-01-09 17:03:51]	活 a->n
[2019-01-09 17:03:51]	火车 n->gjtgj
[2019-01-09 17:03:51]	机械 a->n
[2019-01-09 17:03:51]	缉私 vi->vn
[2019-01-09 17:03:51]	狂热 a->an
[2019-01-09 17:03:51]	极端 a->n
[2019-01-09 17:03:51]	集邮 vi->vn
[2019-01-09 17:03:51]	集中 a->v
[2019-01-09 17:03:51]	挤 a->v
[2019-01-09 17:03:51]	运算 vi->vn
[2019-01-09 17:03:51]	记录 n->v
[2019-01-09 17:03:51]	记载 n->v
[2019-01-09 17:03:51]	纪念 n->v
[2019-01-09 17:03:51]	长项 n->nz
[2019-01-09 17:03:51]	加班 vd->vi
[2019-01-09 17:03:51]	夹 b->v
[2019-01-09 17:03:51]	家 k->n
[2019-01-09 17:03:51]	值 a->n
[2019-01-09 17:03:51]	尖端 b->n
[2019-01-09 17:03:51]	坚定 a->v
[2019-01-09 17:03:51]	监察 v->vn
[2019-01-09 17:03:51]	调查 n->v
[2019-01-09 17:03:51]	方便 a->v
[2019-01-09 17:03:51]	便利 a->an
[2019-01-09 17:03:51]	间接 a->b
[2019-01-09 17:03:51]	建设 n->vn
[2019-01-09 17:03:51]	健全 a->v
[2019-01-09 17:03:51]	讲究 a->v
[2019-01-09 17:03:51]	降价 vd->vi
[2019-01-09 17:03:51]	坦白 a->v
[2019-01-09 17:03:51]	灌 ng->v
[2019-01-09 17:03:51]	娇气 a->n
[2019-01-09 17:03:51]	骄傲 a->an
[2019-01-09 17:03:51]	饺子 n->gms
[2019-01-09 17:03:51]	教 ng->v
[2019-01-09 17:03:51]	教育 v->vn
[2019-01-09 17:03:51]	接力 n->vn
[2019-01-09 17:03:51]	结果 c->n
[2019-01-09 17:03:51]	结业 vd->vi
[2019-01-09 17:03:51]	解放 a->v
[2019-01-09 17:03:51]	解放战争 n->nz
[2019-01-09 17:03:51]	借 p->v
[2019-01-09 17:03:51]	租 ng->v
[2019-01-09 17:03:51]	借贷 n->v
[2019-01-09 17:03:51]	借条 n->nz
[2019-01-09 17:03:51]	金 b->ng
[2019-01-09 17:03:51]	尽力 d->vi
[2019-01-09 17:03:51]	全力 d->n
[2019-01-09 17:03:51]	尽心 a->v
[2019-01-09 17:03:51]	进步 a->vn
[2019-01-09 17:03:51]	临近 a->v
[2019-01-09 17:03:51]	经过 n->p
[2019-01-09 17:03:51]	经济 a->n
[2019-01-09 17:03:51]	经营 n->v
[2019-01-09 17:03:51]	精神 a->n
[2019-01-09 17:03:51]	感慨 a->v
[2019-01-09 17:03:51]	警惕 a->v
[2019-01-09 17:03:51]	敬业 a->vi
[2019-01-09 17:03:51]	就 c->d
[2019-01-09 17:03:51]	举 ag->v
[2019-01-09 17:03:51]	举重 n->vn
[2019-01-09 17:03:51]	行 a->vi
[2019-01-09 17:03:51]	锯 n->v
[2019-01-09 17:03:51]	卷 ng->v
[2019-01-09 17:03:51]	决定 n->v
[2019-01-09 17:03:51]	决赛 vi->vn
[2019-01-09 17:03:51]	决心 d->n
[2019-01-09 17:03:51]	开创 n->v
[2019-01-09 17:03:51]	开放 a->v
[2019-01-09 17:03:51]	开阔 a->v
[2019-01-09 17:03:51]	伊始 t->vi
[2019-01-09 17:03:51]	初叶 f->t
[2019-01-09 17:03:51]	初始 b->t
[2019-01-09 17:03:51]	初步 b->d
[2019-01-09 17:03:51]	看 u->v
[2019-01-09 17:03:51]	测验 v->vn
[2019-01-09 17:03:51]	考验 v->vn
[2019-01-09 17:03:51]	烤鸭 n->gms
[2019-01-09 17:03:51]	靠 ng->v
[2019-01-09 17:03:51]	科学 a->n
[2019-01-09 17:03:51]	可怜 a->v
[2019-01-09 17:03:51]	可惜 a->v
[2019-01-09 17:03:51]	可以 a->v
[2019-01-09 17:03:51]	能 d->v
[2019-01-09 17:03:51]	克 b->vg
[2019-01-09 17:03:51]	客观 a->n
[2019-01-09 17:03:51]	买家 n->nz
[2019-01-09 17:03:51]	肯定 a->v
[2019-01-09 17:03:51]	空 a->v
[2019-01-09 17:03:51]	口 f->n
[2019-01-09 17:03:51]	苦 a->an
[2019-01-09 17:03:51]	苦涩 a->an
[2019-01-09 17:03:51]	苦闷 a->an
[2019-01-09 17:03:51]	迷茫 a->an
[2019-01-09 17:03:51]	苦恼 a->an
[2019-01-09 17:03:51]	迷惘 a->an
[2019-01-09 17:03:51]	夸张 n->vi
[2019-01-09 17:03:51]	跨 ng->v
[2019-01-09 17:03:51]	越 b->d
[2019-01-09 17:03:51]	匡 nr1->vg
[2019-01-09 17:03:51]	捆 ng->v
[2019-01-09 17:03:51]	困惑 a->an
[2019-01-09 17:03:51]	疑惑 an->v
[2019-01-09 17:03:51]	困难 a->an
[2019-01-09 17:03:51]	拉 b->v
[2019-01-09 17:03:51]	腊八粥 n->gms
[2019-01-09 17:03:51]	来 f->vf
[2019-01-09 17:03:51]	天车 n->nz
[2019-01-09 17:03:51]	懈怠 a->an
[2019-01-09 17:03:51]	劳动 vi->vn
[2019-01-09 17:03:51]	坚韧 a->an
[2019-01-09 17:03:51]	铭刻 n->v
[2019-01-09 17:03:51]	铭记 n->v
[2019-01-09 17:03:51]	东家 n->nz
[2019-01-09 17:03:51]	了 ule->y
[2019-01-09 17:03:51]	累 a->v
[2019-01-09 17:03:51]	疲劳 a->an
[2019-01-09 17:03:51]	困倦 a->an
[2019-01-09 17:03:51]	倦怠 a->an
[2019-01-09 17:03:51]	礼貌 a->an
[2019-01-09 17:03:51]	李 ng->nr1
[2019-01-09 17:03:51]	理想 a->n
[2019-01-09 17:03:51]	理性 b->n
[2019-01-09 17:03:51]	连 d->n
[2019-01-09 17:03:51]	盟 n->ng
[2019-01-09 17:03:51]	联系 n->v
[2019-01-09 17:03:51]	练习 n->v
[2019-01-09 17:03:51]	辽 b->tg
[2019-01-09 17:03:51]	劣 a->ag
[2019-01-09 17:03:51]	林 n->ng
[2019-01-09 17:03:51]	小气 a->ad
[2019-01-09 17:03:51]	零售 v->vn
[2019-01-09 17:03:51]	另外 c->rz
[2019-01-09 17:03:51]	小产 v->vi
[2019-01-09 17:03:51]	流行 a->v
[2019-01-09 17:03:51]	柳 n->ng
[2019-01-09 17:03:51]	漏 ng->v
[2019-01-09 17:03:51]	滴 q->v
[2019-01-09 17:03:51]	露 ng->v
[2019-01-09 17:03:51]	旅游 vi->vn
[2019-01-09 17:03:51]	动感 b->n
[2019-01-09 17:03:51]	乱 a->d
[2019-01-09 17:03:51]	轮班 vd->vn
[2019-01-09 17:03:51]	转 ng->v
[2019-01-09 17:03:51]	麻 a->n
[2019-01-09 17:03:51]	麻烦 a->an
[2019-01-09 17:03:51]	烦恼 a->an
[2019-01-09 17:03:51]	马 b->n
[2019-01-09 17:03:51]	馒头 n->gms
[2019-01-09 17:03:51]	满 a->v
[2019-01-09 17:03:51]	满足 a->v
[2019-01-09 17:03:51]	忙 a->v
[2019-01-09 17:03:51]	蒙 b->vi
[2019-01-09 17:03:51]	毛 a->nr1
[2019-01-09 17:03:51]	矛盾 a->an
[2019-01-09 17:03:51]	冒险 vd->vi
[2019-01-09 17:03:51]	贸易 v->vn
[2019-01-09 17:03:51]	没有 d->v
[2019-01-09 17:03:51]	无 d->v
[2019-01-09 17:03:51]	美 a->b
[2019-01-09 17:03:51]	住院 vd->vi
[2019-01-09 17:03:51]	耳语 n->vi
[2019-01-09 17:03:51]	秘密 a->n
[2019-01-09 17:03:51]	机密 a->n
[2019-01-09 17:03:51]	免费 vd->vi
[2019-01-09 17:03:51]	勉强 a->v
[2019-01-09 17:03:51]	民主 a->an
[2019-01-09 17:03:51]	起名 vi->v
[2019-01-09 17:03:51]	模范 a->n
[2019-01-09 17:03:51]	模拟 b->v
[2019-01-09 17:03:51]	磨 n->v
[2019-01-09 17:03:51]	生分 a->ad
[2019-01-09 17:03:51]	墨 b->n
[2019-01-09 17:03:51]	母 b->ng
[2019-01-09 17:03:51]	木 a->ng
[2019-01-09 17:03:51]	捐款 n->vi
[2019-01-09 17:03:51]	拿 p->v
[2019-01-09 17:03:51]	上税 v->vi
[2019-01-09 17:03:51]	委屈 a->v
[2019-01-09 17:03:51]	悲痛 a->an
[2019-01-09 17:03:51]	内蒙古自治区 ns->nz
[2019-01-09 17:03:51]	倪 x->n
[2019-01-09 17:03:51]	拟人 n->nz
[2019-01-09 17:03:51]	年 n->qt
[2019-01-09 17:03:51]	年岁 n->nl
[2019-01-09 17:03:51]	年事 n->nl
[2019-01-09 17:03:51]	凝眸 vd->vi
[2019-01-09 17:03:51]	牛 ag->n
[2019-01-09 17:03:51]	努力 a->an
[2019-01-09 17:03:51]	暖 a->v
[2019-01-09 17:03:51]	温暖 a->an
[2019-01-09 17:03:51]	温热 a->an
[2019-01-09 17:03:51]	和暖 a->an
[2019-01-09 17:03:51]	偶尔 b->d
[2019-01-09 17:03:51]	扑 o->v
[2019-01-09 17:03:51]	攀 b->v
[2019-01-09 17:03:51]	拍 ng->v
[2019-01-09 17:03:51]	排 n->v
[2019-01-09 17:03:51]	排队 n->vi
[2019-01-09 17:03:51]	派出所 n->gms
[2019-01-09 17:03:51]	派遣 v->gms
[2019-01-09 17:03:51]	派出 v->gms
[2019-01-09 17:03:51]	判断 n->v
[2019-01-09 17:03:51]	抛 nr1->v
[2019-01-09 17:03:51]	配套 a->v
[2019-01-09 17:03:51]	烹饪 n->vi
[2019-01-09 17:03:51]	相知 n->v
[2019-01-09 17:03:51]	捧 q->v
[2019-01-09 17:03:51]	批发 v->vn
[2019-01-09 17:03:51]	偏 a->d
[2019-01-09 17:03:51]	单方面 b->n
[2019-01-09 17:03:51]	飘 a->v
[2019-01-09 17:03:51]	撇 q->v
[2019-01-09 17:03:51]	应邀 vd->vi
[2019-01-09 17:03:51]	平 a->v
[2019-01-09 17:03:51]	通常 b->d
[2019-01-09 17:03:51]	破 a->v
[2019-01-09 17:03:51]	铺 n->v
[2019-01-09 17:03:51]	普及 a->v
[2019-01-09 17:03:51]	遍地 vd->vi
[2019-01-09 17:03:51]	限期 n->vi
[2019-01-09 17:03:51]	奇怪 a->v
[2019-01-09 17:03:51]	祷告 v->vn
[2019-01-09 17:03:51]	辗转 vd->vi
[2019-01-09 17:03:51]	蜿蜒 v->z
[2019-01-09 17:03:51]	启示 v->vn
[2019-01-09 17:03:51]	矜持 a->an
[2019-01-09 17:03:51]	署名 n->vi
[2019-01-09 17:03:51]	签名 n->vi
[2019-01-09 17:03:51]	前天 n->t
[2019-01-09 17:03:51]	壮 a->v
[2019-01-09 17:03:51]	争 ng->v
[2019-01-09 17:03:51]	乔木 n->nr
[2019-01-09 17:03:51]	切 ag->v
[2019-01-09 17:03:51]	亲近 a->v
[2019-01-09 17:03:51]	明确 a->v
[2019-01-09 17:03:51]	纯洁 a->v
[2019-01-09 17:03:51]	清明 a->t
[2019-01-09 17:03:51]	晴 an->vi
[2019-01-09 17:03:51]	让 p->v
[2019-01-09 17:03:51]	祝 ng->v
[2019-01-09 17:03:51]	贺 ng->vg
[2019-01-09 17:03:51]	秋 ng->tg
[2019-01-09 17:03:51]	求 ng->v
[2019-01-09 17:03:51]	曲 ag->n
[2019-01-09 17:03:51]	出 q->vf
[2019-01-09 17:03:51]	泉 n->ng
[2019-01-09 17:03:51]	缺 n->v
[2019-01-09 17:03:51]	欠缺 a->vi
[2019-01-09 17:03:51]	火 a->n
[2019-01-09 17:03:51]	夏 ng->tg
[2019-01-09 17:03:51]	热情 a->an
[2019-01-09 17:03:51]	热气球 n->gjtgj
[2019-01-09 17:03:51]	热心 a->v
[2019-01-09 17:03:51]	热忱 a->an
[2019-01-09 17:03:51]	热诚 a->an
[2019-01-09 17:03:51]	委任 n->v
[2019-01-09 17:03:51]	依旧 d->z
[2019-01-09 17:03:51]	照旧 d->v
[2019-01-09 17:03:51]	肉 a->n
[2019-01-09 17:03:51]	肉 a->gms
[2019-01-09 17:03:51]	撒 n->v
[2019-01-09 17:03:51]	塞 b->v
[2019-01-09 17:03:51]	堵 a->v
[2019-01-09 17:03:51]	信步 vd->vi
[2019-01-09 17:03:51]	土 a->n
[2019-01-09 17:03:51]	上 b->f
[2019-01-09 17:03:51]	设计 n->v
[2019-01-09 17:03:51]	摄像 n->vi
[2019-01-09 17:03:51]	申请 n->v
[2019-01-09 17:03:51]	全身 b->n
[2019-01-09 17:03:51]	体 k->ng
[2019-01-09 17:03:51]	身段 n->nz
[2019-01-09 17:03:51]	深入 a->v
[2019-01-09 17:03:51]	深度 ad->n
[2019-01-09 17:03:51]	神气 a->n
[2019-01-09 17:03:51]	升 q->v
[2019-01-09 17:03:51]	增值 n->vi
[2019-01-09 17:03:51]	生 a->v
[2019-01-09 17:03:51]	生产 n->v
[2019-01-09 17:03:51]	出产 n->v
[2019-01-09 17:03:51]	生活 vi->vn
[2019-01-09 17:03:51]	胜利 ad->vi
[2019-01-09 17:03:51]	失落 a->v
[2019-01-09 17:03:51]	狮 n->ng
[2019-01-09 17:03:51]	滋润 a->v
[2019-01-09 17:03:51]	温润 a->an
[2019-01-09 17:03:51]	石 b->ng
[2019-01-09 17:03:51]	时刻 d->n
[2019-01-09 17:03:51]	实践 n->v
[2019-01-09 17:03:51]	实质 a->n
[2019-01-09 17:03:51]	示范 vi->vn
[2019-01-09 17:03:51]	凡间 s->n
[2019-01-09 17:03:51]	是 ng->vshi
[2019-01-09 17:03:51]	便是 v->vd
[2019-01-09 17:03:51]	是否 d->v
[2019-01-09 17:03:51]	释迦牟尼 n->nrf
[2019-01-09 17:03:51]	收条 n->nz
[2019-01-09 17:03:51]	手 k->n
[2019-01-09 17:03:51]	手工 d->n
[2019-01-09 17:03:51]	守法 vd->vi
[2019-01-09 17:03:51]	首创 nz->v
[2019-01-09 17:03:51]	首先 c->d
[2019-01-09 17:03:51]	初 d->f
[2019-01-09 17:03:51]	最初 b->d
[2019-01-09 17:03:51]	禁不起 v->vd
[2019-01-09 17:03:51]	本 d->rz
[2019-01-09 17:03:51]	册 ng->q
[2019-01-09 17:03:51]	书册 n->nl
[2019-01-09 17:03:51]	疏松 a->vn
[2019-01-09 17:03:51]	熟悉 a->v
[2019-01-09 17:03:51]	属实 a->v
[2019-01-09 17:03:51]	鼠 n->ng
[2019-01-09 17:03:51]	竖 n->v
[2019-01-09 17:03:51]	刷 o->v
[2019-01-09 17:03:51]	帅 ng->nr1
[2019-01-09 17:03:51]	水笔 n->nz
[2019-01-09 17:03:51]	说 ng->v
[2019-01-09 17:03:51]	讲 ng->v
[2019-01-09 17:03:51]	司 n->ng
[2019-01-09 17:03:51]	松 a->v
[2019-01-09 17:03:51]	松懈 a->v
[2019-01-09 17:03:51]	宋 nr1->tg
[2019-01-09 17:03:51]	孙 n->nr1
[2019-01-09 17:03:51]	孙子 n->nr
[2019-01-09 17:03:51]	锁 n->v
[2019-01-09 17:03:51]	塔 b->n
[2019-01-09 17:03:51]	贪吃 an->v
[2019-01-09 17:03:51]	贪心 a->v
[2019-01-09 17:03:51]	弹 ng->v
[2019-01-09 17:03:51]	烫 a->v
[2019-01-09 17:03:51]	特别 a->d
[2019-01-09 17:03:51]	希罕 a->v
[2019-01-09 17:03:51]	疼痛 a->an
[2019-01-09 17:03:51]	挑剔 a->v
[2019-01-09 17:03:51]	提成 n->vi
[2019-01-09 17:03:51]	提议 n->v
[2019-01-09 17:03:51]	田野 n->nr
[2019-01-09 17:03:51]	唐 b->tg
[2019-01-09 17:03:51]	甘甜 a->an
[2019-01-09 17:03:51]	担 ng->v
[2019-01-09 17:03:51]	调控 v->vn
[2019-01-09 17:03:51]	跳 q->vi
[2019-01-09 17:03:51]	跳水 vi->vn
[2019-01-09 17:03:51]	跳远 vi->vn
[2019-01-09 17:03:51]	听 q->v
[2019-01-09 17:03:51]	通信 vi->vn
[2019-01-09 17:03:51]	同时 c->n
[2019-01-09 17:03:51]	同期 d->f
[2019-01-09 17:03:51]	统一 a->v
[2019-01-09 17:03:51]	痛苦 a->an
[2019-01-09 17:03:51]	头 k->n
[2019-01-09 17:03:51]	投资 n->v
[2019-01-09 17:03:51]	投入 a->v
[2019-01-09 17:03:51]	突出 a->v
[2019-01-09 17:03:51]	团结 a->v
[2019-01-09 17:03:51]	托 ng->v
[2019-01-09 17:03:51]	歪 a->v
[2019-01-09 17:03:51]	倾斜 vd->vi
[2019-01-09 17:03:51]	斜 a->v
[2019-01-09 17:03:51]	弯 a->v
[2019-01-09 17:03:51]	完善 a->v
[2019-01-09 17:03:51]	玩 ng->v
[2019-01-09 17:03:51]	夜晚 n->t
[2019-01-09 17:03:51]	夜间 f->t
[2019-01-09 17:03:51]	万 d->m
[2019-01-09 17:03:51]	万一 c->d
[2019-01-09 17:03:51]	联网 vd->vi
[2019-01-09 17:03:51]	望 ng->v
[2019-01-09 17:03:51]	无益 a->vi
[2019-01-09 17:03:51]	危险 a->an
[2019-01-09 17:03:51]	威风 a->an
[2019-01-09 17:03:51]	霸气 an->n
[2019-01-09 17:03:51]	微 a->nz
[2019-01-09 17:03:51]	违法 vd->vi
[2019-01-09 17:03:51]	相反 d->vi
[2019-01-09 17:03:51]	浩瀚 a->z
[2019-01-09 17:03:51]	卫生 a->an
[2019-01-09 17:03:51]	位 ng->q
[2019-01-09 17:03:51]	喂 e->v
[2019-01-09 17:03:51]	问候 v->vn
[2019-01-09 17:03:51]	温和 a->nr
[2019-01-09 17:03:51]	刻薄 a->an
[2019-01-09 17:03:51]	文明 a->n
[2019-01-09 17:03:51]	闻 ng->v
[2019-01-09 17:03:51]	问 ng->v
[2019-01-09 17:03:51]	咨询 v->vn
[2019-01-09 17:03:51]	无轨电车 nl->gjtgj
[2019-01-09 17:03:51]	无限 a->vi
[2019-01-09 17:03:51]	无穷 d->z
[2019-01-09 17:03:51]	时价 n->nl
[2019-01-09 17:03:51]	东西 f->n
[2019-01-09 17:03:51]	误工 vi->vn
[2019-01-09 17:03:51]	西 b->f
[2019-01-09 17:03:51]	希望 n->v
[2019-01-09 17:03:51]	就义 vi->v
[2019-01-09 17:03:51]	舍身 d->v
[2019-01-09 17:03:51]	习 ng->vg
[2019-01-09 17:03:51]	系统 a->n
[2019-01-09 17:03:51]	地 n->nz
[2019-01-09 17:03:51]	先后 d->ad
[2019-01-09 17:03:51]	娇艳 a->an
[2019-01-09 17:03:51]	现代 n->t
[2019-01-09 17:03:51]	现实 a->n
[2019-01-09 17:03:51]	相当 d->vi
[2019-01-09 17:03:51]	等同 vd->vi
[2019-01-09 17:03:51]	同样 b->d
[2019-01-09 17:03:51]	香 a->n
[2019-01-09 17:03:51]	想像 v->vd
[2019-01-09 17:03:51]	向 dg->p
[2019-01-09 17:03:51]	朝 b->p
[2019-01-09 17:03:51]	象 n->ng
[2019-01-09 17:03:51]	像 d->v
[2019-01-09 17:03:51]	仿佛 d->v
[2019-01-09 17:03:51]	似 d->vg
[2019-01-09 17:03:51]	飘逸 a->v
[2019-01-09 17:03:51]	童 b->ng
[2019-01-09 17:03:51]	小寒 t->nz
[2019-01-09 17:03:51]	小满 t->nz
[2019-01-09 17:03:51]	小雪 n->nr
[2019-01-09 17:03:51]	艰辛 a->an
[2019-01-09 17:03:51]	辛酸 a->an
[2019-01-09 17:03:51]	新词 n->nl
[2019-01-09 17:03:51]	信 ag->n
[2019-01-09 17:03:51]	信用 a->n
[2019-01-09 17:03:51]	兴奋 a->v
[2019-01-09 17:03:51]	成 a->v
[2019-01-09 17:03:51]	形象 a->n
[2019-01-09 17:03:51]	醒 ng->v
[2019-01-09 17:03:51]	幸福 a->happ
[2019-01-09 17:03:51]	性 k->ng
[2019-01-09 17:03:51]	姓 n->v
[2019-01-09 17:03:51]	名 ag->q
[2019-01-09 17:03:51]	邪恶 a->an
[2019-01-09 17:03:51]	胸 n->ng
[2019-01-09 17:03:51]	公 ad->ng
[2019-01-09 17:03:51]	休假 n->vi
[2019-01-09 17:03:51]	虚伪 a->an
[2019-01-09 17:03:51]	徐 ag->nr1
[2019-01-09 17:03:51]	许 dg->m
[2019-01-09 17:03:51]	学龄 b->n
[2019-01-09 17:03:51]	压抑 a->v
[2019-01-09 17:03:51]	鸭 n->ng
[2019-01-09 17:03:51]	延长 ns->v
[2019-01-09 17:03:51]	延期 vd->vi
[2019-01-09 17:03:51]	缓期 vd->vi
[2019-01-09 17:03:51]	严正 a->nr
[2019-01-09 17:03:51]	高温 an->n
[2019-01-09 17:03:51]	火热 a->z
[2019-01-09 17:03:51]	研究 n->v
[2019-01-09 17:03:51]	演习 v->vn
[2019-01-09 17:03:51]	杨 ng->nr1
[2019-01-09 17:03:51]	阳性 b->n
[2019-01-09 17:03:51]	仰泳 vi->vn
[2019-01-09 17:03:51]	也 b->d
[2019-01-09 17:03:51]	进行 vn->vx
[2019-01-09 17:03:51]	布 b->n
[2019-01-09 17:03:51]	穿戴 n->v
[2019-01-09 17:03:51]	依靠 n->v
[2019-01-09 17:03:51]	移动 v->vn
[2019-01-09 17:03:51]	遗传 n->vn
[2019-01-09 17:03:51]	遗憾 a->sorr
[2019-01-09 17:03:51]	遗存 vi->vn
[2019-01-09 17:03:51]	往时 t->tg
[2019-01-09 17:03:51]	义务 d->n
[2019-01-09 17:03:51]	艺术 a->n
[2019-01-09 17:03:51]	意旨 n->nl
[2019-01-09 17:03:51]	因为 c->p
[2019-01-09 17:03:51]	由于 c->p
[2019-01-09 17:03:51]	银 b->ng
[2019-01-09 17:03:51]	引 ng->v
[2019-01-09 17:03:51]	隐蔽 a->v
[2019-01-09 17:03:51]	隐秘 a->n
[2019-01-09 17:03:51]	印染 v->vn
[2019-01-09 17:03:51]	印 b->v
[2019-01-09 17:03:51]	图章 n->nz
[2019-01-09 17:03:51]	应当 d->v
[2019-01-09 17:03:51]	俊杰 n->nr
[2019-01-09 17:03:51]	影响 n->v
[2019-01-09 17:03:51]	拥挤 a->vi
[2019-01-09 17:03:51]	勇于 d->v
[2019-01-09 17:03:51]	骁勇 a->an
[2019-01-09 17:03:51]	用 ng->p
[2019-01-09 17:03:51]	以 b->p
[2019-01-09 17:03:51]	优胜 a->vi
[2019-01-09 17:03:51]	优先 ad->v
[2019-01-09 17:03:51]	悠远 an->z
[2019-01-09 17:03:51]	油条 n->gms
[2019-01-09 17:03:51]	友善 a->nr
[2019-01-09 17:03:51]	又 c->d
[2019-01-09 17:03:51]	右 a->f
[2019-01-09 17:03:51]	于 ng->p
[2019-01-09 17:03:51]	初赛 n->vi
[2019-01-09 17:03:51]	预言 n->v
[2019-01-09 17:03:51]	冤枉 a->v
[2019-01-09 17:03:51]	原来 b->d
[2019-01-09 17:03:51]	原本 d->n
[2019-01-09 17:03:51]	原则 d->n
[2019-01-09 17:03:51]	圆 a->vg
[2019-01-09 17:03:51]	约会 n->vi
[2019-01-09 17:03:51]	局限 n->vi
[2019-01-09 17:03:51]	云 b->n
[2019-01-09 17:03:51]	正好 z->tg
[2019-01-09 17:03:51]	在 d->p
[2019-01-09 17:03:51]	当 ng->p
[2019-01-09 17:03:51]	暂时 b->d
[2019-01-09 17:03:51]	眼前 s->t
[2019-01-09 17:03:51]	负债 n->vi
[2019-01-09 17:03:51]	站 n->vi
[2019-01-09 17:03:51]	把握 n->v
[2019-01-09 17:03:51]	左右 f->m
[2019-01-09 17:03:51]	折价 vd->vi
[2019-01-09 17:03:51]	真 a->d
[2019-01-09 17:03:51]	实际 a->n
[2019-01-09 17:03:51]	真心 ad->n
[2019-01-09 17:03:51]	衷心 b->d
[2019-01-09 17:03:51]	振动 vi->vn
[2019-01-09 17:03:51]	颠簸 vd->vi
[2019-01-09 17:03:51]	振荡 vi->vn
[2019-01-09 17:03:51]	争议 n->vn
[2019-01-09 17:03:51]	整体 m->n
[2019-01-09 17:03:51]	正 a->d
[2019-01-09 17:03:51]	正面 a->n
[2019-01-09 17:03:51]	正理 n->nl
[2019-01-09 17:03:51]	证明 n->v
[2019-01-09 17:03:51]	对证 vn->n
[2019-01-09 17:03:51]	对照 p->v
[2019-01-09 17:03:51]	说明 n->v
[2019-01-09 17:03:51]	消费 n->vn
[2019-01-09 17:03:51]	明白 a->v
[2019-01-09 17:03:51]	了然 a->v
[2019-01-09 17:03:51]	知 ag->v
[2019-01-09 17:03:51]	直 a->d
[2019-01-09 17:03:51]	直线 d->n
[2019-01-09 17:03:51]	张 ng->q
[2019-01-09 17:03:51]	指挥 n->v
[2019-01-09 17:03:51]	指导 n->v
[2019-01-09 17:03:51]	中档 b->nl
[2019-01-09 17:03:51]	中国 ns->nz
[2019-01-09 17:03:51]	华夏 n->nz
[2019-01-09 17:03:51]	中央 f->n
[2019-01-09 17:03:51]	忠诚 a->v
[2019-01-09 17:03:51]	种 ng->v
[2019-01-09 17:03:51]	重 a->v
[2019-01-09 17:03:51]	关键 a->n
[2019-01-09 17:03:51]	重视 a->v
[2019-01-09 17:03:51]	周 ag->nr1
[2019-01-09 17:03:51]	昼夜 d->n
[2019-01-09 17:03:51]	皱 n->v
[2019-01-09 17:03:51]	朱 ag->nr1
[2019-01-09 17:03:51]	竹 n->ng
[2019-01-09 17:03:51]	主观 a->n
[2019-01-09 17:03:51]	主演 n->v
[2019-01-09 17:03:51]	助理 b->n
[2019-01-09 17:03:51]	大名鼎鼎 al->vl
[2019-01-09 17:03:51]	专门 b->d
[2019-01-09 17:03:51]	专注 a->vi
[2019-01-09 17:03:51]	埋头 vd->vi
[2019-01-09 17:03:51]	专业 a->n
[2019-01-09 17:03:51]	拐弯 n->vi
[2019-01-09 17:03:51]	华美 a->nz
[2019-01-09 17:03:51]	台 b->n
[2019-01-09 17:03:51]	我方 r->n
[2019-01-09 17:03:51]	自强 vd->vi
[2019-01-09 17:03:51]	自主 vd->vi
[2019-01-09 17:03:51]	自然 a->n
[2019-01-09 17:03:51]	自信 a->v
[2019-01-09 17:03:51]	自修 v->vl
[2019-01-09 17:03:51]	综合 a->vn
[2019-01-09 17:03:51]	总结 n->v
[2019-01-09 17:03:51]	纵横 n->v
[2019-01-09 17:03:51]	走私 b->v
[2019-01-09 17:03:51]	构成 n->v
[2019-01-09 17:03:51]	太 a->d
[2019-01-09 17:03:51]	到底 d->vi
[2019-01-09 17:03:51]	孝顺 a->v
[2019-01-09 17:03:51]	遵照 p->v
[2019-01-09 17:03:51]	作 ng->v
[2019-01-09 17:03:51]	零 a->m
[2019-01-09 17:03:51]	一 d->m
[2019-01-09 17:03:51]	九 b->m
[2019-01-09 17:03:51]	低价 ad->n
[2019-01-09 17:03:51]	火车站 n->gjtgj
[2019-01-09 17:03:51]	小时候 n->t
[2019-01-09 17:03:51]	综合性 b->n
[2019-01-09 17:03:51]	高价 d->n
[2019-01-09 17:03:51]	中考 n->v
[2019-01-09 17:03:51]	无效 a->vi
[2019-01-09 17:03:51]	爱人 n->nz
[2019-01-09 17:03:51]	把手 n->nz
[2019-01-09 17:03:51]	人为 b->d
[2019-01-09 17:03:51]	靠山 n->nz
[2019-01-09 17:03:51]	他人 rr->r
[2019-01-09 17:03:51]	不结盟 vi->vn
[2019-01-09 17:03:51]	不是 c->n
[2019-01-09 17:03:51]	不行 a->v
[2019-01-09 17:03:51]	不能 v->vi
[2019-01-09 17:03:51]	不会 v->vi
[2019-01-09 17:03:51]	车号 n->nz
[2019-01-09 17:03:51]	同党 n->nz
[2019-01-09 17:03:51]	上流 b->n
[2019-01-09 17:03:51]	出血 vi->v
[2019-01-09 17:03:51]	打的 v->vi
[2019-01-09 17:03:51]	除法 n->nz
[2019-01-09 17:03:51]	从中 d->n
[2019-01-09 17:03:51]	从宽 d->v
[2019-01-09 17:03:51]	从重 d->v
[2019-01-09 17:03:51]	搭建 v->vd
[2019-01-09 17:03:51]	各人 rr->r
[2019-01-09 17:03:51]	中选 vi->v
[2019-01-09 17:03:51]	各处 rzs->r
[2019-01-09 17:03:51]	四处 d->vi
[2019-01-09 17:03:51]	大路 n->nz
[2019-01-09 17:03:51]	拨打 v->vd
[2019-01-09 17:03:51]	大跌 v->vn
[2019-01-09 17:03:51]	会话 v->vn
[2019-01-09 17:03:51]	对应 vi->v
[2019-01-09 17:03:51]	有余 m->v
[2019-01-09 17:03:51]	要领 n->nz
[2019-01-09 17:03:51]	下学 v->vd
[2019-01-09 17:03:51]	分号 n->nz
[2019-01-09 17:03:51]	不合 v->n
[2019-01-09 17:03:51]	高等 b->a
[2019-01-09 17:03:51]	老大 a->n
[2019-01-09 17:03:51]	还给 v->vd
[2019-01-09 17:03:51]	对等 vi->vn
[2019-01-09 17:03:51]	有心 v->vd
[2019-01-09 17:03:51]	说法 n->nz
[2019-01-09 17:03:51]	真的 a->d
[2019-01-09 17:03:51]	大喊 v->vd
[2019-01-09 17:03:51]	后天 n->t
[2019-01-09 17:03:51]	回家 vi->v
[2019-01-09 17:03:51]	总会 d->n
[2019-01-09 17:03:51]	好多 m->a
[2019-01-09 17:03:51]	才能 n->v
[2019-01-09 17:03:51]	大奖 n->nz
[2019-01-09 17:03:51]	自大 a->an
[2019-01-09 17:03:51]	无礼 a->ad
[2019-01-09 17:03:51]	自得 an->a
[2019-01-09 17:03:51]	开关 n->v
[2019-01-09 17:03:51]	看不起 v->vn
[2019-01-09 17:03:51]	看得起 v->vn
[2019-01-09 17:03:51]	完了 vi->n
[2019-01-09 17:03:51]	理事 n->nz
[2019-01-09 17:03:51]	一口气 d->n
[2019-01-09 17:03:51]	本心 n->nl
[2019-01-09 17:03:51]	论说 vn->vl
[2019-01-09 17:03:51]	中意 a->n
[2019-01-09 17:03:51]	没用 a->v
[2019-01-09 17:03:51]	天天 d->q
[2019-01-09 17:03:51]	秒钟 n->q
[2019-01-09 17:03:51]	他俩 r->n
[2019-01-09 17:03:51]	年间 f->n
[2019-01-09 17:03:51]	江米 n->nz
[2019-01-09 17:03:51]	省钱 a->v
[2019-01-09 17:03:51]	早起 vi->v
[2019-01-09 17:03:51]	开车 vi->v
[2019-01-09 17:03:51]	千米 q->qv
[2019-01-09 17:03:51]	签定 v->vn
[2019-01-09 17:03:51]	好天 n->nz
[2019-01-09 17:03:51]	日食 n->nz
[2019-01-09 17:03:51]	火烧 n->v
[2019-01-09 17:03:51]	就是 c->n
[2019-01-09 17:03:51]	是不是 v->vd
[2019-01-09 17:03:51]	手指 n->nz
[2019-01-09 17:03:51]	国都 d->n
[2019-01-09 17:03:51]	得手 a->v
[2019-01-09 17:03:51]	大小 n->nz
[2019-01-09 17:03:51]	了得 a->ad
[2019-01-09 17:03:51]	脱钩 vi->v
[2019-01-09 17:03:51]	问号 n->nz
[2019-01-09 17:03:51]	西藏自治区 ns->nz
[2019-01-09 17:03:51]	小便 v->vi
[2019-01-09 17:03:51]	好在 d->v
[2019-01-09 17:03:51]	双眼 n->nz
[2019-01-09 17:03:51]	一角 n->v
[2019-01-09 17:03:51]	一元 b->nz
[2019-01-09 17:03:51]	引号 n->nz
[2019-01-09 17:03:51]	有用 a->n
[2019-01-09 17:03:51]	像片 n->nz
[2019-01-09 17:03:51]	争抢 v->vd
[2019-01-09 17:03:51]	小我 n->nz
[2019-01-09 17:03:51]	文字 n->nz
[2019-01-09 17:03:51]	不好 a->n
[2019-01-09 17:03:51]	下雨 vi->v
[2019-01-09 17:03:51]	多功能 b->n
[2019-01-09 17:03:51]	从未 d->n
[2019-01-09 17:03:51]	南北 f->n
[2019-01-09 17:03:51]	从不 d->n
[2019-01-09 17:03:51]	干什么 r->v
[2019-01-09 17:03:51]	不准 v->n
[2019-01-09 17:03:51]	开门 vd->n
[2019-01-09 17:03:51]	睡着 v->vd
[2019-01-09 17:03:51]	呼吸 v->vi
[2019-01-09 17:03:51]	长达 v->vl
[2019-01-09 17:03:51]	首次 m->n
[2019-01-09 17:03:51]	日间 t->nl
[2019-01-09 17:03:51]	辩护人 n->nz
[2019-01-09 17:03:51]	正在 d->n
[2019-01-09 17:03:51]	下流 a->s
[2019-01-09 17:03:51]	怎么办 ryv->n
[2019-01-09 17:03:51]	你好 vl->n
[2019-01-09 17:03:51]	正数 v->n
[2019-01-09 17:03:51]	三角 n->ns
[2019-01-09 17:03:51]	分区 n->v
[2019-01-09 17:03:51]	回车 vi->v
[2019-01-09 17:03:51]	选项 n->v
[2019-01-09 17:03:51]	打字 vi->vn
[2019-01-09 17:03:51]	百度 nz->mq
[2019-01-09 17:03:51]	同呼吸 vl->nl
[2019-01-09 17:03:51]	记得 v->n
[2019-01-09 17:03:51]	还是 c->n
[2019-01-09 17:03:51]	有点 d->n
[2019-01-09 17:03:51]	吃药 v->n
