[2019-01-26 16:09:48]	爱 b->v
[2019-01-26 16:09:48]	安 ag->v
[2019-01-26 16:09:48]	安定 a->an
[2019-01-26 16:09:48]	本分 a->n
[2019-01-26 16:09:48]	宁静 a->an
[2019-01-26 16:09:48]	安宁 a->an
[2019-01-26 16:09:48]	安谧 a->an
[2019-01-26 16:09:48]	和缓 a->ad
[2019-01-26 16:09:48]	太平 a->ns
[2019-01-26 16:09:48]	安全 a->an
[2019-01-26 16:09:48]	安慰 a->v
[2019-01-26 16:09:48]	按时 d->ad
[2019-01-26 16:09:48]	昂首 vd->vi
[2019-01-26 16:09:48]	昂扬 a->v
[2019-01-26 16:09:48]	后悔 a->v
[2019-01-26 16:09:48]	八宝粥 n->gms
[2019-01-26 16:09:48]	把 m->v
[2019-01-26 16:09:48]	百合 n->nr
[2019-01-26 16:09:48]	绊 ng->v
[2019-01-26 16:09:48]	棒 a->ng
[2019-01-26 16:09:48]	包 n->v
[2019-01-26 16:09:48]	折 ng->vi
[2019-01-26 16:09:48]	叠 q->v
[2019-01-26 16:09:48]	包子 n->gms
[2019-01-26 16:09:48]	保安 b->n
[2019-01-26 16:09:48]	保障 n->v
[2019-01-26 16:09:48]	保健 b->n
[2019-01-26 16:09:48]	封闭 a->v
[2019-01-26 16:09:48]	保险 a->n
[2019-01-26 16:09:48]	保证 n->v
[2019-01-26 16:09:48]	不好意思 a->vl
[2019-01-26 16:09:48]	背 a->v
[2019-01-26 16:09:48]	被 d->pbei
[2019-01-26 16:09:48]	必然 b->n
[2019-01-26 16:09:48]	一定 b->d
[2019-01-26 16:09:48]	边 b->n
[2019-01-26 16:09:48]	边缘 b->n
[2019-01-26 16:09:48]	边防 b->n
[2019-01-26 16:09:48]	边陲 n->s
[2019-01-26 16:09:48]	变化 v->vn
[2019-01-26 16:09:48]	标准 a->n
[2019-01-26 16:09:48]	规范 a->v
[2019-01-26 16:09:48]	飞跃 vi->vn
[2019-01-26 16:09:48]	口头 d->n
[2019-01-26 16:09:48]	表现 n->v
[2019-01-26 16:09:48]	别名 n->nz
[2019-01-26 16:09:48]	做作 a->v
[2019-01-26 16:09:48]	拨 q->v
[2019-01-26 16:09:48]	奔腾 nz->vi
[2019-01-26 16:09:48]	盘剥 v->vn
[2019-01-26 16:09:48]	补偿 v->vn
[2019-01-26 16:09:48]	甭 d->v
[2019-01-26 16:09:48]	不安 a->an
[2019-01-26 16:09:48]	焦虑 a->an
[2019-01-26 16:09:48]	恐慌 a->an
[2019-01-26 16:09:48]	不满 a->an
[2019-01-26 16:09:48]	例外 n->vi
[2019-01-26 16:09:48]	不幸 a->n
[2019-01-26 16:09:48]	部分 m->n
[2019-01-26 16:09:48]	华 ag->b
[2019-01-26 16:09:48]	愧疚 a->an
[2019-01-26 16:09:48]	辉煌 a->an
[2019-01-26 16:09:48]	绚烂 a->an
[2019-01-26 16:09:48]	仓储 n->vn
[2019-01-26 16:09:48]	费心 a->v
[2019-01-26 16:09:48]	迥异 a->z
[2019-01-26 16:09:48]	叶 n->ng
[2019-01-26 16:09:48]	拆解 v->vn
[2019-01-26 16:09:48]	知了 n->nz
[2019-01-26 16:09:48]	长春 ns->nz
[2019-01-26 16:09:48]	经常 b->d
[2019-01-26 16:09:48]	超 h->v
[2019-01-26 16:09:48]	超产 v->vn
[2019-01-26 16:09:48]	超支 n->v
[2019-01-26 16:09:48]	车次 n->nz
[2019-01-26 16:09:48]	沉淀 n->vi
[2019-01-26 16:09:48]	尽职 vd->vi
[2019-01-26 16:09:48]	诚心 a->n
[2019-01-26 16:09:48]	党羽 n->nz
[2019-01-26 16:09:48]	冲突 vi->vn
[2019-01-26 16:09:48]	倾心 ad->vi
[2019-01-26 16:09:48]	喜好 an->v
[2019-01-26 16:09:48]	空洞 a->n
[2019-01-26 16:09:48]	抽样 vd->vi
[2019-01-26 16:09:48]	臭豆腐 n->gms
[2019-01-26 16:09:48]	出口 n->vi
[2019-01-26 16:09:48]	肇事 vi->vn
[2019-01-26 16:09:48]	出租 n->v
[2019-01-26 16:09:48]	先期 b->d
[2019-01-26 16:09:48]	除外 vi->v
[2019-01-26 16:09:48]	装 n->v
[2019-01-26 16:09:48]	传统 a->n
[2019-01-26 16:09:48]	船 n->gjtgj
[2019-01-26 16:09:48]	轮船 n->gjtgj
[2019-01-26 16:09:48]	船舶 n->gjtgj
[2019-01-26 16:09:48]	春分 t->n
[2019-01-26 16:09:48]	刺 n->v
[2019-01-26 16:09:48]	睿智 a->an
[2019-01-26 16:09:48]	智慧 a->n
[2019-01-26 16:09:48]	从 d->p
[2019-01-26 16:09:48]	自 d->p
[2019-01-26 16:09:48]	粗心 a->an
[2019-01-26 16:09:48]	大意 a->n
[2019-01-26 16:09:48]	酸 a->n
[2019-01-26 16:09:48]	摩擦 v->vn
[2019-01-26 16:09:48]	坎坷 a->an
[2019-01-26 16:09:48]	错误 a->n
[2019-01-26 16:09:48]	达标 vd->vi
[2019-01-26 16:09:48]	答复 n->v
[2019-01-26 16:09:48]	打 p->v
[2019-01-26 16:09:48]	狩猎 n->vi
[2019-01-26 16:09:48]	打算 n->v
[2019-01-26 16:09:48]	大寒 t->nz
[2019-01-26 16:09:48]	大家 n->rr
[2019-01-26 16:09:48]	大料 n->nz
[2019-01-26 16:09:48]	大致 b->d
[2019-01-26 16:09:48]	呆 a->v
[2019-01-26 16:09:48]	代办 n->v
[2019-01-26 16:09:48]	代理 n->v
[2019-01-26 16:09:48]	带 n->v
[2019-01-26 16:09:48]	带子 n->v
[2019-01-26 16:09:48]	条 ng->q
[2019-01-26 16:09:48]	戴 nr1->v
[2019-01-26 16:09:48]	单 b->d
[2019-01-26 16:09:48]	单独 b->d
[2019-01-26 16:09:48]	当面 d->n
[2019-01-26 16:09:48]	那天 r->t
[2019-01-26 16:09:48]	挡 n->v
[2019-01-26 16:09:48]	的 n->ude1
[2019-01-26 16:09:48]	得 ude3->v
[2019-01-26 16:09:48]	到 p->v
[2019-01-26 16:09:48]	倒 d->vi
[2019-01-26 16:09:48]	偷 d->v
[2019-01-26 16:09:48]	道德 a->n
[2019-01-26 16:09:48]	道教 n->nz
[2019-01-26 16:09:48]	上岸 vi->v
[2019-01-26 16:09:48]	等 n->v
[2019-01-26 16:09:48]	地铁 n->gjtgj
[2019-01-26 16:09:48]	光 a->n
[2019-01-26 16:09:48]	光辉 a->n
[2019-01-26 16:09:48]	顶 f->v
[2019-01-26 16:09:48]	定额 d->n
[2019-01-26 16:09:48]	定期 b->d
[2019-01-26 16:09:48]	东 b->f
[2019-01-26 16:09:48]	东乡族 ns->nz
[2019-01-26 16:09:48]	全部 m->ad
[2019-01-26 16:09:48]	斗争 vi->vn
[2019-01-26 16:09:48]	独立 a->v
[2019-01-26 16:09:48]	自力 n->nr
[2019-01-26 16:09:48]	渡 ng->v
[2019-01-26 16:09:48]	端 ng->v
[2019-01-26 16:09:48]	端正 a->v
[2019-01-26 16:09:48]	断 d->v
[2019-01-26 16:09:48]	对仗 n->nz
[2019-01-26 16:09:48]	多 a->m
[2019-01-26 16:09:48]	饿 a->v
[2019-01-26 16:09:48]	发 ng->v
[2019-01-26 16:09:48]	带头 vd->vi
[2019-01-26 16:09:48]	发糕 n->gms
[2019-01-26 16:09:48]	施展 nr->v
[2019-01-26 16:09:48]	发烧 b->vi
[2019-01-26 16:09:48]	无力 a->vi
[2019-01-26 16:09:48]	法 b->n
[2019-01-26 16:09:48]	庭审 n->v
[2019-01-26 16:09:48]	帆船 n->gjtgj
[2019-01-26 16:09:48]	繁荣 a->an
[2019-01-26 16:09:48]	重复 a->v
[2019-01-26 16:09:48]	来回 d->vi
[2019-01-26 16:09:48]	反面 b->n
[2019-01-26 16:09:48]	反应 n->vi
[2019-01-26 16:09:48]	犯罪 vi->vn
[2019-01-26 16:09:48]	范 ng->nr1
[2019-01-26 16:09:48]	方 a->d
[2019-01-26 16:09:48]	方便面 n->gms
[2019-01-26 16:09:48]	防汛 vi->vn
[2019-01-26 16:09:48]	飞机 n->gjtgj
[2019-01-26 16:09:48]	肥 a->n
[2019-01-26 16:09:48]	分布 vd->vi
[2019-01-26 16:09:48]	分离 vd->vi
[2019-01-26 16:09:48]	分米 q->qt
[2019-01-26 16:09:48]	生气 a->n
[2019-01-26 16:09:48]	风光 a->n
[2019-01-26 16:09:48]	封 ng->v
[2019-01-26 16:09:48]	冯 m->nr1
[2019-01-26 16:09:48]	抚恤 vi->vn
[2019-01-26 16:09:48]	远望 nz->v
[2019-01-26 16:09:48]	腐败 a->an
[2019-01-26 16:09:48]	负责 a->v
[2019-01-26 16:09:48]	中兴 ns->nz
[2019-01-26 16:09:48]	副词 n->nz
[2019-01-26 16:09:48]	付 q->v
[2019-01-26 16:09:48]	次要 b->bl
[2019-01-26 16:09:48]	富 a->vg
[2019-01-26 16:09:48]	富有 a->v
[2019-01-26 16:09:48]	富余 a->vn
[2019-01-26 16:09:48]	盖 d->v
[2019-01-26 16:09:48]	扣 ng->v
[2019-01-26 16:09:48]	干 a->v
[2019-01-26 16:09:48]	甘 ad->ag
[2019-01-26 16:09:48]	感动 a->v
[2019-01-26 16:09:48]	感冒 n->vi
[2019-01-26 16:09:48]	不久 d->m
[2019-01-26 16:09:48]	方才 d->nr
[2019-01-26 16:09:48]	高贵 a->nr
[2019-01-26 16:09:48]	年老 a->vi
[2019-01-26 16:09:48]	革命 a->vn
[2019-01-26 16:09:48]	解 ng->v
[2019-01-26 16:09:48]	根据 n->p
[2019-01-26 16:09:48]	据 ng->p
[2019-01-26 16:09:48]	跟随 p->v
[2019-01-26 16:09:48]	随着 d->p
[2019-01-26 16:09:48]	更年期 n->t
[2019-01-26 16:09:48]	工作 n->vn
[2019-01-26 16:09:48]	公开 a->v
[2019-01-26 16:09:48]	巩固 a->v
[2019-01-26 16:09:48]	共产党 n->nz
[2019-01-26 16:09:48]	奉献 n->v
[2019-01-26 16:09:48]	够 a->v
[2019-01-26 16:09:48]	孤立 a->v
[2019-01-26 16:09:48]	孤僻 a->an
[2019-01-26 16:09:48]	鼓 a->v
[2019-01-26 16:09:48]	彭 m->nr1
[2019-01-26 16:09:48]	鼓舞 a->v
[2019-01-26 16:09:48]	固定 a->v
[2019-01-26 16:09:48]	稳定 a->an
[2019-01-26 16:09:48]	传奇 a->n
[2019-01-26 16:09:48]	故意 b->d
[2019-01-26 16:09:48]	有意 d->vi
[2019-01-26 16:09:48]	成心 d->v
[2019-01-26 16:09:48]	顾 ng->v
[2019-01-26 16:09:48]	挂 q->v
[2019-01-26 16:09:48]	关切 a->v
[2019-01-26 16:09:48]	论断 n->vn
[2019-01-26 16:09:48]	臣 n->ng
[2019-01-26 16:09:48]	管理 v->vn
[2019-01-26 16:09:48]	管制 v->vn
[2019-01-26 16:09:48]	光明 a->n
[2019-01-26 16:09:48]	亮 a->vi
[2019-01-26 16:09:48]	归结 n->vi
[2019-01-26 16:09:48]	鬼 a->n
[2019-01-26 16:09:48]	邪 a->ag
[2019-01-26 16:09:48]	滚 ng->vi
[2019-01-26 16:09:48]	国庆 n->t
[2019-01-26 16:09:48]	干脆 a->d
[2019-01-26 16:09:48]	断然 b->d
[2019-01-26 16:09:48]	果然 c->d
[2019-01-26 16:09:48]	果真 c->d
[2019-01-26 16:09:48]	过期 vd->vi
[2019-01-26 16:09:48]	海口 n->ns
[2019-01-26 16:09:48]	琼 b->nr1
[2019-01-26 16:09:48]	叫 n->vi
[2019-01-26 16:09:48]	汉堡包 n->gms
[2019-01-26 16:09:48]	数码 b->n
[2019-01-26 16:09:48]	合资 b->vi
[2019-01-26 16:09:48]	集资 vd->vi
[2019-01-26 16:09:48]	合伙 vd->vi
[2019-01-26 16:09:48]	合股 vd->vi
[2019-01-26 16:09:48]	和 ag->cc
[2019-01-26 16:09:48]	集合 n->v
[2019-01-26 16:09:48]	与 cc->p
[2019-01-26 16:09:48]	同 cc->p
[2019-01-26 16:09:48]	并 cc->d
[2019-01-26 16:09:48]	狠 a->d
[2019-01-26 16:09:48]	狠心 a->an
[2019-01-26 16:09:48]	横 a->v
[2019-01-26 16:09:48]	哄 o->v
[2019-01-26 16:09:48]	后期 f->t
[2019-01-26 16:09:48]	胡 d->nr1
[2019-01-26 16:09:48]	湖 b->n
[2019-01-26 16:09:48]	迷惑 a->v
[2019-01-26 16:09:48]	依稀 a->d
[2019-01-26 16:09:48]	互相 b->d
[2019-01-26 16:09:48]	花 a->n
[2019-01-26 16:09:48]	花卷 n->gms
[2019-01-26 16:09:48]	滑冰 n->vn
[2019-01-26 16:09:48]	滑雪 vi->vn
[2019-01-26 16:09:48]	化验 n->v
[2019-01-26 16:09:48]	打扮 n->v
[2019-01-26 16:09:48]	还账 v->vi
[2019-01-26 16:09:48]	涣散 a->v
[2019-01-26 16:09:48]	怪诞 a->an
[2019-01-26 16:09:48]	黄色 b->n
[2019-01-26 16:09:48]	回头 d->vi
[2019-01-26 16:09:48]	会 n->v
[2019-01-26 16:09:48]	馄饨 n->gms
[2019-01-26 16:09:48]	活动 a->vn
[2019-01-26 16:09:48]	该死 vi->v
[2019-01-26 16:09:48]	活 a->n
[2019-01-26 16:09:48]	火车 n->gjtgj
[2019-01-26 16:09:48]	机械 a->n
[2019-01-26 16:09:48]	缉私 vi->vn
[2019-01-26 16:09:48]	狂热 a->an
[2019-01-26 16:09:48]	极端 a->n
[2019-01-26 16:09:48]	集邮 vi->vn
[2019-01-26 16:09:48]	集中 a->v
[2019-01-26 16:09:48]	挤 a->v
[2019-01-26 16:09:48]	运算 vi->vn
[2019-01-26 16:09:48]	记录 n->v
[2019-01-26 16:09:48]	记载 n->v
[2019-01-26 16:09:48]	纪念 n->v
[2019-01-26 16:09:48]	长项 n->nz
[2019-01-26 16:09:48]	加班 vd->vi
[2019-01-26 16:09:48]	夹 b->v
[2019-01-26 16:09:48]	家 k->n
[2019-01-26 16:09:48]	值 a->n
[2019-01-26 16:09:48]	尖端 b->n
[2019-01-26 16:09:48]	坚定 a->v
[2019-01-26 16:09:48]	监察 v->vn
[2019-01-26 16:09:48]	调查 n->v
[2019-01-26 16:09:48]	方便 a->v
[2019-01-26 16:09:48]	便利 a->an
[2019-01-26 16:09:48]	间接 a->b
[2019-01-26 16:09:48]	建设 n->vn
[2019-01-26 16:09:48]	健全 a->v
[2019-01-26 16:09:48]	讲究 a->v
[2019-01-26 16:09:48]	降价 vd->vi
[2019-01-26 16:09:48]	坦白 a->v
[2019-01-26 16:09:48]	灌 ng->v
[2019-01-26 16:09:48]	娇气 a->n
[2019-01-26 16:09:48]	骄傲 a->an
[2019-01-26 16:09:48]	饺子 n->gms
[2019-01-26 16:09:48]	教 ng->v
[2019-01-26 16:09:48]	教育 v->vn
[2019-01-26 16:09:48]	接力 n->vn
[2019-01-26 16:09:48]	结果 c->n
[2019-01-26 16:09:48]	结业 vd->vi
[2019-01-26 16:09:48]	解放 a->v
[2019-01-26 16:09:48]	解放战争 n->nz
[2019-01-26 16:09:48]	借 p->v
[2019-01-26 16:09:48]	租 ng->v
[2019-01-26 16:09:48]	借贷 n->v
[2019-01-26 16:09:48]	借条 n->nz
[2019-01-26 16:09:48]	金 b->ng
[2019-01-26 16:09:48]	尽力 d->vi
[2019-01-26 16:09:48]	全力 d->n
[2019-01-26 16:09:48]	尽心 a->v
[2019-01-26 16:09:48]	进步 a->vn
[2019-01-26 16:09:48]	临近 a->v
[2019-01-26 16:09:48]	经过 n->p
[2019-01-26 16:09:48]	经济 a->n
[2019-01-26 16:09:48]	经营 n->v
[2019-01-26 16:09:48]	精神 a->n
[2019-01-26 16:09:48]	感慨 a->v
[2019-01-26 16:09:48]	警惕 a->v
[2019-01-26 16:09:48]	敬业 a->vi
[2019-01-26 16:09:48]	就 c->d
[2019-01-26 16:09:48]	举 ag->v
[2019-01-26 16:09:48]	举重 n->vn
[2019-01-26 16:09:48]	行 a->vi
[2019-01-26 16:09:48]	锯 n->v
[2019-01-26 16:09:48]	卷 ng->v
[2019-01-26 16:09:48]	决定 n->v
[2019-01-26 16:09:48]	决赛 vi->vn
[2019-01-26 16:09:48]	决心 d->n
[2019-01-26 16:09:48]	开创 n->v
[2019-01-26 16:09:48]	开放 a->v
[2019-01-26 16:09:48]	开阔 a->v
[2019-01-26 16:09:48]	伊始 t->vi
[2019-01-26 16:09:48]	初叶 f->t
[2019-01-26 16:09:48]	初始 b->t
[2019-01-26 16:09:48]	初步 b->d
[2019-01-26 16:09:48]	看 u->v
[2019-01-26 16:09:48]	测验 v->vn
[2019-01-26 16:09:48]	考验 v->vn
[2019-01-26 16:09:48]	烤鸭 n->gms
[2019-01-26 16:09:48]	靠 ng->v
[2019-01-26 16:09:48]	科学 a->n
[2019-01-26 16:09:48]	可怜 a->v
[2019-01-26 16:09:48]	可惜 a->v
[2019-01-26 16:09:48]	可以 a->v
[2019-01-26 16:09:48]	能 d->v
[2019-01-26 16:09:48]	克 b->vg
[2019-01-26 16:09:48]	客观 a->n
[2019-01-26 16:09:48]	买家 n->nz
[2019-01-26 16:09:48]	肯定 a->v
[2019-01-26 16:09:48]	空 a->v
[2019-01-26 16:09:48]	口 f->n
[2019-01-26 16:09:48]	苦 a->an
[2019-01-26 16:09:48]	苦涩 a->an
[2019-01-26 16:09:48]	苦闷 a->an
[2019-01-26 16:09:48]	迷茫 a->an
[2019-01-26 16:09:48]	苦恼 a->an
[2019-01-26 16:09:48]	迷惘 a->an
[2019-01-26 16:09:48]	夸张 n->vi
[2019-01-26 16:09:48]	跨 ng->v
[2019-01-26 16:09:48]	越 b->d
[2019-01-26 16:09:48]	匡 nr1->vg
[2019-01-26 16:09:48]	捆 ng->v
[2019-01-26 16:09:48]	困惑 a->an
[2019-01-26 16:09:48]	疑惑 an->v
[2019-01-26 16:09:48]	困难 a->an
[2019-01-26 16:09:48]	拉 b->v
[2019-01-26 16:09:48]	腊八粥 n->gms
[2019-01-26 16:09:48]	来 f->vf
[2019-01-26 16:09:48]	天车 n->nz
[2019-01-26 16:09:48]	懈怠 a->an
[2019-01-26 16:09:48]	劳动 vi->vn
[2019-01-26 16:09:48]	坚韧 a->an
[2019-01-26 16:09:48]	铭刻 n->v
[2019-01-26 16:09:48]	铭记 n->v
[2019-01-26 16:09:48]	东家 n->nz
[2019-01-26 16:09:48]	了 ule->y
[2019-01-26 16:09:48]	累 a->v
[2019-01-26 16:09:48]	疲劳 a->an
[2019-01-26 16:09:48]	困倦 a->an
[2019-01-26 16:09:48]	倦怠 a->an
[2019-01-26 16:09:48]	礼貌 a->an
[2019-01-26 16:09:48]	李 ng->nr1
[2019-01-26 16:09:48]	理想 a->n
[2019-01-26 16:09:48]	理性 b->n
[2019-01-26 16:09:48]	连 d->n
[2019-01-26 16:09:48]	盟 n->ng
[2019-01-26 16:09:48]	联系 n->v
[2019-01-26 16:09:48]	练习 n->v
[2019-01-26 16:09:48]	辽 b->tg
[2019-01-26 16:09:48]	劣 a->ag
[2019-01-26 16:09:48]	林 n->ng
[2019-01-26 16:09:48]	小气 a->ad
[2019-01-26 16:09:48]	零售 v->vn
[2019-01-26 16:09:48]	另外 c->rz
[2019-01-26 16:09:48]	小产 v->vi
[2019-01-26 16:09:48]	流行 a->v
[2019-01-26 16:09:48]	柳 n->ng
[2019-01-26 16:09:48]	漏 ng->v
[2019-01-26 16:09:48]	滴 q->v
[2019-01-26 16:09:48]	露 ng->v
[2019-01-26 16:09:48]	旅游 vi->vn
[2019-01-26 16:09:48]	动感 b->n
[2019-01-26 16:09:48]	乱 a->d
[2019-01-26 16:09:48]	轮班 vd->vn
[2019-01-26 16:09:48]	转 ng->v
[2019-01-26 16:09:48]	麻 a->n
[2019-01-26 16:09:48]	麻烦 a->an
[2019-01-26 16:09:48]	烦恼 a->an
[2019-01-26 16:09:48]	马 b->n
[2019-01-26 16:09:48]	馒头 n->gms
[2019-01-26 16:09:48]	满 a->v
[2019-01-26 16:09:48]	满足 a->v
[2019-01-26 16:09:48]	忙 a->v
[2019-01-26 16:09:48]	蒙 b->vi
[2019-01-26 16:09:48]	毛 a->nr1
[2019-01-26 16:09:48]	矛盾 a->an
[2019-01-26 16:09:48]	冒险 vd->vi
[2019-01-26 16:09:48]	贸易 v->vn
[2019-01-26 16:09:48]	没有 d->v
[2019-01-26 16:09:48]	无 d->v
[2019-01-26 16:09:48]	美 a->b
[2019-01-26 16:09:48]	住院 vd->vi
[2019-01-26 16:09:48]	耳语 n->vi
[2019-01-26 16:09:48]	秘密 a->n
[2019-01-26 16:09:48]	机密 a->n
[2019-01-26 16:09:48]	免费 vd->vi
[2019-01-26 16:09:48]	勉强 a->v
[2019-01-26 16:09:48]	民主 a->an
[2019-01-26 16:09:48]	起名 vi->v
[2019-01-26 16:09:48]	模范 a->n
[2019-01-26 16:09:48]	模拟 b->v
[2019-01-26 16:09:48]	磨 n->v
[2019-01-26 16:09:48]	生分 a->ad
[2019-01-26 16:09:48]	墨 b->n
[2019-01-26 16:09:48]	母 b->ng
[2019-01-26 16:09:48]	木 a->ng
[2019-01-26 16:09:48]	捐款 n->vi
[2019-01-26 16:09:48]	拿 p->v
[2019-01-26 16:09:48]	上税 v->vi
[2019-01-26 16:09:48]	委屈 a->v
[2019-01-26 16:09:48]	悲痛 a->an
[2019-01-26 16:09:48]	内蒙古自治区 ns->nz
[2019-01-26 16:09:48]	倪 x->n
[2019-01-26 16:09:48]	拟人 n->nz
[2019-01-26 16:09:48]	年 n->qt
[2019-01-26 16:09:48]	年岁 n->nl
[2019-01-26 16:09:48]	年事 n->nl
[2019-01-26 16:09:48]	凝眸 vd->vi
[2019-01-26 16:09:48]	牛 ag->n
[2019-01-26 16:09:48]	努力 a->an
[2019-01-26 16:09:48]	暖 a->v
[2019-01-26 16:09:48]	温暖 a->an
[2019-01-26 16:09:48]	温热 a->an
[2019-01-26 16:09:48]	和暖 a->an
[2019-01-26 16:09:48]	偶尔 b->d
[2019-01-26 16:09:48]	扑 o->v
[2019-01-26 16:09:48]	攀 b->v
[2019-01-26 16:09:48]	拍 ng->v
[2019-01-26 16:09:48]	排 n->v
[2019-01-26 16:09:48]	排队 n->vi
[2019-01-26 16:09:48]	派出所 n->gms
[2019-01-26 16:09:48]	派遣 v->gms
[2019-01-26 16:09:48]	派出 v->gms
[2019-01-26 16:09:48]	判断 n->v
[2019-01-26 16:09:48]	抛 nr1->v
[2019-01-26 16:09:48]	配套 a->v
[2019-01-26 16:09:48]	烹饪 n->vi
[2019-01-26 16:09:48]	相知 n->v
[2019-01-26 16:09:48]	捧 q->v
[2019-01-26 16:09:48]	批发 v->vn
[2019-01-26 16:09:48]	偏 a->d
[2019-01-26 16:09:48]	单方面 b->n
[2019-01-26 16:09:48]	飘 a->v
[2019-01-26 16:09:48]	撇 q->v
[2019-01-26 16:09:48]	应邀 vd->vi
[2019-01-26 16:09:48]	平 a->v
[2019-01-26 16:09:48]	通常 b->d
[2019-01-26 16:09:48]	破 a->v
[2019-01-26 16:09:48]	铺 n->v
[2019-01-26 16:09:48]	普及 a->v
[2019-01-26 16:09:48]	遍地 vd->vi
[2019-01-26 16:09:48]	限期 n->vi
[2019-01-26 16:09:48]	奇怪 a->v
[2019-01-26 16:09:48]	祷告 v->vn
[2019-01-26 16:09:48]	辗转 vd->vi
[2019-01-26 16:09:48]	蜿蜒 v->z
[2019-01-26 16:09:48]	启示 v->vn
[2019-01-26 16:09:48]	矜持 a->an
[2019-01-26 16:09:48]	署名 n->vi
[2019-01-26 16:09:48]	签名 n->vi
[2019-01-26 16:09:48]	前天 n->t
[2019-01-26 16:09:48]	壮 a->v
[2019-01-26 16:09:48]	争 ng->v
[2019-01-26 16:09:48]	乔木 n->nr
[2019-01-26 16:09:48]	切 ag->v
[2019-01-26 16:09:48]	亲近 a->v
[2019-01-26 16:09:48]	明确 a->v
[2019-01-26 16:09:48]	纯洁 a->v
[2019-01-26 16:09:48]	清明 a->t
[2019-01-26 16:09:48]	晴 an->vi
[2019-01-26 16:09:48]	让 p->v
[2019-01-26 16:09:48]	祝 ng->v
[2019-01-26 16:09:48]	贺 ng->vg
[2019-01-26 16:09:48]	秋 ng->tg
[2019-01-26 16:09:48]	求 ng->v
[2019-01-26 16:09:48]	曲 ag->n
[2019-01-26 16:09:48]	出 q->vf
[2019-01-26 16:09:48]	泉 n->ng
[2019-01-26 16:09:48]	缺 n->v
[2019-01-26 16:09:48]	欠缺 a->vi
[2019-01-26 16:09:48]	火 a->n
[2019-01-26 16:09:48]	夏 ng->tg
[2019-01-26 16:09:48]	热情 a->an
[2019-01-26 16:09:48]	热气球 n->gjtgj
[2019-01-26 16:09:48]	热心 a->v
[2019-01-26 16:09:48]	热忱 a->an
[2019-01-26 16:09:48]	热诚 a->an
[2019-01-26 16:09:48]	委任 n->v
[2019-01-26 16:09:48]	依旧 d->z
[2019-01-26 16:09:48]	照旧 d->v
[2019-01-26 16:09:48]	肉 a->n
[2019-01-26 16:09:48]	肉 a->gms
[2019-01-26 16:09:48]	撒 n->v
[2019-01-26 16:09:48]	塞 b->v
[2019-01-26 16:09:48]	堵 a->v
[2019-01-26 16:09:48]	信步 vd->vi
[2019-01-26 16:09:48]	土 a->n
[2019-01-26 16:09:48]	上 b->f
[2019-01-26 16:09:48]	设计 n->v
[2019-01-26 16:09:48]	摄像 n->vi
[2019-01-26 16:09:48]	申请 n->v
[2019-01-26 16:09:48]	全身 b->n
[2019-01-26 16:09:48]	体 k->ng
[2019-01-26 16:09:48]	身段 n->nz
[2019-01-26 16:09:48]	深入 a->v
[2019-01-26 16:09:48]	深度 ad->n
[2019-01-26 16:09:48]	神气 a->n
[2019-01-26 16:09:48]	升 q->v
[2019-01-26 16:09:48]	增值 n->vi
[2019-01-26 16:09:48]	生 a->v
[2019-01-26 16:09:48]	生产 n->v
[2019-01-26 16:09:48]	出产 n->v
[2019-01-26 16:09:48]	生活 vi->vn
[2019-01-26 16:09:48]	胜利 ad->vi
[2019-01-26 16:09:48]	失落 a->v
[2019-01-26 16:09:48]	狮 n->ng
[2019-01-26 16:09:48]	滋润 a->v
[2019-01-26 16:09:48]	温润 a->an
[2019-01-26 16:09:48]	石 b->ng
[2019-01-26 16:09:48]	时刻 d->n
[2019-01-26 16:09:48]	实践 n->v
[2019-01-26 16:09:48]	实质 a->n
[2019-01-26 16:09:48]	示范 vi->vn
[2019-01-26 16:09:48]	凡间 s->n
[2019-01-26 16:09:48]	是 ng->vshi
[2019-01-26 16:09:48]	便是 v->vd
[2019-01-26 16:09:48]	是否 d->v
[2019-01-26 16:09:48]	释迦牟尼 n->nrf
[2019-01-26 16:09:48]	收条 n->nz
[2019-01-26 16:09:48]	手 k->n
[2019-01-26 16:09:48]	手工 d->n
[2019-01-26 16:09:48]	守法 vd->vi
[2019-01-26 16:09:48]	首创 nz->v
[2019-01-26 16:09:48]	首先 c->d
[2019-01-26 16:09:48]	初 d->f
[2019-01-26 16:09:48]	最初 b->d
[2019-01-26 16:09:48]	禁不起 v->vd
[2019-01-26 16:09:48]	本 d->rz
[2019-01-26 16:09:48]	册 ng->q
[2019-01-26 16:09:48]	书册 n->nl
[2019-01-26 16:09:48]	疏松 a->vn
[2019-01-26 16:09:48]	熟悉 a->v
[2019-01-26 16:09:48]	属实 a->v
[2019-01-26 16:09:48]	鼠 n->ng
[2019-01-26 16:09:48]	竖 n->v
[2019-01-26 16:09:48]	刷 o->v
[2019-01-26 16:09:48]	帅 ng->nr1
[2019-01-26 16:09:48]	水笔 n->nz
[2019-01-26 16:09:48]	说 ng->v
[2019-01-26 16:09:48]	讲 ng->v
[2019-01-26 16:09:48]	司 n->ng
[2019-01-26 16:09:48]	松 a->v
[2019-01-26 16:09:48]	松懈 a->v
[2019-01-26 16:09:48]	宋 nr1->tg
[2019-01-26 16:09:48]	孙 n->nr1
[2019-01-26 16:09:48]	孙子 n->nr
[2019-01-26 16:09:48]	锁 n->v
[2019-01-26 16:09:48]	塔 b->n
[2019-01-26 16:09:48]	贪吃 an->v
[2019-01-26 16:09:48]	贪心 a->v
[2019-01-26 16:09:48]	弹 ng->v
[2019-01-26 16:09:48]	烫 a->v
[2019-01-26 16:09:48]	特别 a->d
[2019-01-26 16:09:48]	希罕 a->v
[2019-01-26 16:09:48]	疼痛 a->an
[2019-01-26 16:09:48]	挑剔 a->v
[2019-01-26 16:09:48]	提成 n->vi
[2019-01-26 16:09:48]	提议 n->v
[2019-01-26 16:09:48]	田野 n->nr
[2019-01-26 16:09:48]	唐 b->tg
[2019-01-26 16:09:48]	甘甜 a->an
[2019-01-26 16:09:48]	担 ng->v
[2019-01-26 16:09:48]	调控 v->vn
[2019-01-26 16:09:48]	跳 q->vi
[2019-01-26 16:09:48]	跳水 vi->vn
[2019-01-26 16:09:48]	跳远 vi->vn
[2019-01-26 16:09:48]	听 q->v
[2019-01-26 16:09:48]	通信 vi->vn
[2019-01-26 16:09:48]	同时 c->n
[2019-01-26 16:09:48]	同期 d->f
[2019-01-26 16:09:48]	统一 a->v
[2019-01-26 16:09:48]	痛苦 a->an
[2019-01-26 16:09:48]	头 k->n
[2019-01-26 16:09:48]	投资 n->v
[2019-01-26 16:09:48]	投入 a->v
[2019-01-26 16:09:48]	突出 a->v
[2019-01-26 16:09:48]	团结 a->v
[2019-01-26 16:09:48]	托 ng->v
[2019-01-26 16:09:48]	歪 a->v
[2019-01-26 16:09:48]	倾斜 vd->vi
[2019-01-26 16:09:48]	斜 a->v
[2019-01-26 16:09:48]	弯 a->v
[2019-01-26 16:09:48]	完善 a->v
[2019-01-26 16:09:48]	玩 ng->v
[2019-01-26 16:09:48]	夜晚 n->t
[2019-01-26 16:09:48]	夜间 f->t
[2019-01-26 16:09:48]	万 d->m
[2019-01-26 16:09:48]	万一 c->d
[2019-01-26 16:09:48]	联网 vd->vi
[2019-01-26 16:09:48]	望 ng->v
[2019-01-26 16:09:48]	无益 a->vi
[2019-01-26 16:09:48]	危险 a->an
[2019-01-26 16:09:48]	威风 a->an
[2019-01-26 16:09:48]	霸气 an->n
[2019-01-26 16:09:48]	微 a->nz
[2019-01-26 16:09:48]	违法 vd->vi
[2019-01-26 16:09:48]	相反 d->vi
[2019-01-26 16:09:48]	浩瀚 a->z
[2019-01-26 16:09:48]	卫生 a->an
[2019-01-26 16:09:48]	位 ng->q
[2019-01-26 16:09:48]	喂 e->v
[2019-01-26 16:09:48]	问候 v->vn
[2019-01-26 16:09:48]	温和 a->nr
[2019-01-26 16:09:48]	刻薄 a->an
[2019-01-26 16:09:48]	文明 a->n
[2019-01-26 16:09:48]	闻 ng->v
[2019-01-26 16:09:48]	问 ng->v
[2019-01-26 16:09:48]	咨询 v->vn
[2019-01-26 16:09:48]	无轨电车 nl->gjtgj
[2019-01-26 16:09:48]	无限 a->vi
[2019-01-26 16:09:48]	无穷 d->z
[2019-01-26 16:09:48]	时价 n->nl
[2019-01-26 16:09:48]	东西 f->n
[2019-01-26 16:09:48]	误工 vi->vn
[2019-01-26 16:09:48]	西 b->f
[2019-01-26 16:09:48]	希望 n->v
[2019-01-26 16:09:48]	就义 vi->v
[2019-01-26 16:09:48]	舍身 d->v
[2019-01-26 16:09:48]	习 ng->vg
[2019-01-26 16:09:48]	系统 a->n
[2019-01-26 16:09:48]	地 n->nz
[2019-01-26 16:09:48]	先后 d->ad
[2019-01-26 16:09:48]	娇艳 a->an
[2019-01-26 16:09:48]	现代 n->t
[2019-01-26 16:09:48]	现实 a->n
[2019-01-26 16:09:48]	相当 d->vi
[2019-01-26 16:09:48]	等同 vd->vi
[2019-01-26 16:09:48]	同样 b->d
[2019-01-26 16:09:48]	香 a->n
[2019-01-26 16:09:48]	想像 v->vd
[2019-01-26 16:09:48]	向 dg->p
[2019-01-26 16:09:48]	朝 b->p
[2019-01-26 16:09:48]	象 n->ng
[2019-01-26 16:09:48]	像 d->v
[2019-01-26 16:09:48]	仿佛 d->v
[2019-01-26 16:09:48]	似 d->vg
[2019-01-26 16:09:48]	飘逸 a->v
[2019-01-26 16:09:48]	童 b->ng
[2019-01-26 16:09:48]	小寒 t->nz
[2019-01-26 16:09:48]	小满 t->nz
[2019-01-26 16:09:48]	小雪 n->nr
[2019-01-26 16:09:48]	艰辛 a->an
[2019-01-26 16:09:48]	辛酸 a->an
[2019-01-26 16:09:48]	新词 n->nl
[2019-01-26 16:09:48]	信 ag->n
[2019-01-26 16:09:48]	信用 a->n
[2019-01-26 16:09:48]	兴奋 a->v
[2019-01-26 16:09:48]	成 a->v
[2019-01-26 16:09:48]	形象 a->n
[2019-01-26 16:09:48]	醒 ng->v
[2019-01-26 16:09:48]	幸福 a->happ
[2019-01-26 16:09:48]	性 k->ng
[2019-01-26 16:09:48]	姓 n->v
[2019-01-26 16:09:48]	名 ag->q
[2019-01-26 16:09:48]	邪恶 a->an
[2019-01-26 16:09:48]	胸 n->ng
[2019-01-26 16:09:48]	公 ad->ng
[2019-01-26 16:09:48]	休假 n->vi
[2019-01-26 16:09:48]	虚伪 a->an
[2019-01-26 16:09:48]	徐 ag->nr1
[2019-01-26 16:09:48]	许 dg->m
[2019-01-26 16:09:48]	学龄 b->n
[2019-01-26 16:09:48]	压抑 a->v
[2019-01-26 16:09:48]	鸭 n->ng
[2019-01-26 16:09:48]	延长 ns->v
[2019-01-26 16:09:48]	延期 vd->vi
[2019-01-26 16:09:48]	缓期 vd->vi
[2019-01-26 16:09:48]	严正 a->nr
[2019-01-26 16:09:48]	高温 an->n
[2019-01-26 16:09:48]	火热 a->z
[2019-01-26 16:09:48]	研究 n->v
[2019-01-26 16:09:48]	演习 v->vn
[2019-01-26 16:09:48]	杨 ng->nr1
[2019-01-26 16:09:48]	阳性 b->n
[2019-01-26 16:09:48]	仰泳 vi->vn
[2019-01-26 16:09:48]	也 b->d
[2019-01-26 16:09:48]	进行 vn->vx
[2019-01-26 16:09:48]	布 b->n
[2019-01-26 16:09:48]	穿戴 n->v
[2019-01-26 16:09:48]	依靠 n->v
[2019-01-26 16:09:48]	移动 v->vn
[2019-01-26 16:09:48]	遗传 n->vn
[2019-01-26 16:09:48]	遗憾 a->sorr
[2019-01-26 16:09:48]	遗存 vi->vn
[2019-01-26 16:09:48]	往时 t->tg
[2019-01-26 16:09:48]	义务 d->n
[2019-01-26 16:09:48]	艺术 a->n
[2019-01-26 16:09:48]	意旨 n->nl
[2019-01-26 16:09:48]	因为 c->p
[2019-01-26 16:09:48]	由于 c->p
[2019-01-26 16:09:48]	银 b->ng
[2019-01-26 16:09:48]	引 ng->v
[2019-01-26 16:09:48]	隐蔽 a->v
[2019-01-26 16:09:48]	隐秘 a->n
[2019-01-26 16:09:48]	印染 v->vn
[2019-01-26 16:09:48]	印 b->v
[2019-01-26 16:09:48]	图章 n->nz
[2019-01-26 16:09:48]	应当 d->v
[2019-01-26 16:09:48]	俊杰 n->nr
[2019-01-26 16:09:48]	影响 n->v
[2019-01-26 16:09:48]	拥挤 a->vi
[2019-01-26 16:09:48]	勇于 d->v
[2019-01-26 16:09:48]	骁勇 a->an
[2019-01-26 16:09:48]	用 ng->p
[2019-01-26 16:09:48]	以 b->p
[2019-01-26 16:09:48]	优胜 a->vi
[2019-01-26 16:09:48]	优先 ad->v
[2019-01-26 16:09:48]	悠远 an->z
[2019-01-26 16:09:48]	油条 n->gms
[2019-01-26 16:09:48]	友善 a->nr
[2019-01-26 16:09:48]	又 c->d
[2019-01-26 16:09:48]	右 a->f
[2019-01-26 16:09:48]	于 ng->p
[2019-01-26 16:09:48]	初赛 n->vi
[2019-01-26 16:09:48]	预言 n->v
[2019-01-26 16:09:48]	冤枉 a->v
[2019-01-26 16:09:48]	原来 b->d
[2019-01-26 16:09:48]	原本 d->n
[2019-01-26 16:09:48]	原则 d->n
[2019-01-26 16:09:48]	圆 a->vg
[2019-01-26 16:09:48]	约会 n->vi
[2019-01-26 16:09:48]	局限 n->vi
[2019-01-26 16:09:48]	云 b->n
[2019-01-26 16:09:48]	正好 z->tg
[2019-01-26 16:09:48]	在 d->p
[2019-01-26 16:09:48]	当 ng->p
[2019-01-26 16:09:48]	暂时 b->d
[2019-01-26 16:09:48]	眼前 s->t
[2019-01-26 16:09:48]	负债 n->vi
[2019-01-26 16:09:48]	站 n->vi
[2019-01-26 16:09:48]	把握 n->v
[2019-01-26 16:09:48]	左右 f->m
[2019-01-26 16:09:48]	折价 vd->vi
[2019-01-26 16:09:48]	真 a->d
[2019-01-26 16:09:48]	实际 a->n
[2019-01-26 16:09:48]	真心 ad->n
[2019-01-26 16:09:48]	衷心 b->d
[2019-01-26 16:09:48]	振动 vi->vn
[2019-01-26 16:09:48]	颠簸 vd->vi
[2019-01-26 16:09:48]	振荡 vi->vn
[2019-01-26 16:09:48]	争议 n->vn
[2019-01-26 16:09:48]	整体 m->n
[2019-01-26 16:09:48]	正 a->d
[2019-01-26 16:09:48]	正面 a->n
[2019-01-26 16:09:48]	正理 n->nl
[2019-01-26 16:09:48]	证明 n->v
[2019-01-26 16:09:48]	对证 vn->n
[2019-01-26 16:09:48]	对照 p->v
[2019-01-26 16:09:48]	说明 n->v
[2019-01-26 16:09:48]	消费 n->vn
[2019-01-26 16:09:48]	明白 a->v
[2019-01-26 16:09:48]	了然 a->v
[2019-01-26 16:09:48]	知 ag->v
[2019-01-26 16:09:48]	直 a->d
[2019-01-26 16:09:48]	直线 d->n
[2019-01-26 16:09:48]	张 ng->q
[2019-01-26 16:09:48]	指挥 n->v
[2019-01-26 16:09:48]	指导 n->v
[2019-01-26 16:09:48]	中档 b->nl
[2019-01-26 16:09:48]	中国 ns->nz
[2019-01-26 16:09:48]	华夏 n->nz
[2019-01-26 16:09:48]	中央 f->n
[2019-01-26 16:09:48]	忠诚 a->v
[2019-01-26 16:09:48]	种 ng->v
[2019-01-26 16:09:48]	重 a->v
[2019-01-26 16:09:48]	关键 a->n
[2019-01-26 16:09:48]	重视 a->v
[2019-01-26 16:09:48]	周 ag->nr1
[2019-01-26 16:09:48]	昼夜 d->n
[2019-01-26 16:09:48]	皱 n->v
[2019-01-26 16:09:48]	朱 ag->nr1
[2019-01-26 16:09:48]	竹 n->ng
[2019-01-26 16:09:48]	主观 a->n
[2019-01-26 16:09:48]	主演 n->v
[2019-01-26 16:09:48]	助理 b->n
[2019-01-26 16:09:48]	大名鼎鼎 al->vl
[2019-01-26 16:09:48]	专门 b->d
[2019-01-26 16:09:48]	专注 a->vi
[2019-01-26 16:09:48]	埋头 vd->vi
[2019-01-26 16:09:48]	专业 a->n
[2019-01-26 16:09:48]	拐弯 n->vi
[2019-01-26 16:09:48]	华美 a->nz
[2019-01-26 16:09:48]	台 b->n
[2019-01-26 16:09:48]	我方 r->n
[2019-01-26 16:09:48]	自强 vd->vi
[2019-01-26 16:09:48]	自主 vd->vi
[2019-01-26 16:09:48]	自然 a->n
[2019-01-26 16:09:48]	自信 a->v
[2019-01-26 16:09:48]	自修 v->vl
[2019-01-26 16:09:48]	综合 a->vn
[2019-01-26 16:09:48]	总结 n->v
[2019-01-26 16:09:48]	纵横 n->v
[2019-01-26 16:09:48]	走私 b->v
[2019-01-26 16:09:48]	构成 n->v
[2019-01-26 16:09:48]	太 a->d
[2019-01-26 16:09:48]	到底 d->vi
[2019-01-26 16:09:48]	孝顺 a->v
[2019-01-26 16:09:48]	遵照 p->v
[2019-01-26 16:09:48]	作 ng->v
[2019-01-26 16:09:48]	零 a->m
[2019-01-26 16:09:48]	一 d->m
[2019-01-26 16:09:48]	九 b->m
[2019-01-26 16:09:48]	低价 ad->n
[2019-01-26 16:09:48]	火车站 n->gjtgj
[2019-01-26 16:09:48]	小时候 n->t
[2019-01-26 16:09:48]	综合性 b->n
[2019-01-26 16:09:48]	高价 d->n
[2019-01-26 16:09:48]	中考 n->v
[2019-01-26 16:09:48]	无效 a->vi
[2019-01-26 16:09:48]	爱人 n->nz
[2019-01-26 16:09:48]	把手 n->nz
[2019-01-26 16:09:48]	人为 b->d
[2019-01-26 16:09:48]	靠山 n->nz
[2019-01-26 16:09:48]	他人 rr->r
[2019-01-26 16:09:48]	不结盟 vi->vn
[2019-01-26 16:09:48]	不是 c->n
[2019-01-26 16:09:48]	不行 a->v
[2019-01-26 16:09:48]	不能 v->vi
[2019-01-26 16:09:48]	不会 v->vi
[2019-01-26 16:09:48]	车号 n->nz
[2019-01-26 16:09:48]	同党 n->nz
[2019-01-26 16:09:48]	上流 b->n
[2019-01-26 16:09:48]	出血 vi->v
[2019-01-26 16:09:48]	打的 v->vi
[2019-01-26 16:09:48]	除法 n->nz
[2019-01-26 16:09:48]	从中 d->n
[2019-01-26 16:09:48]	从宽 d->v
[2019-01-26 16:09:48]	从重 d->v
[2019-01-26 16:09:48]	搭建 v->vd
[2019-01-26 16:09:48]	各人 rr->r
[2019-01-26 16:09:48]	中选 vi->v
[2019-01-26 16:09:48]	各处 rzs->r
[2019-01-26 16:09:48]	四处 d->vi
[2019-01-26 16:09:48]	大路 n->nz
[2019-01-26 16:09:48]	拨打 v->vd
[2019-01-26 16:09:48]	大跌 v->vn
[2019-01-26 16:09:48]	会话 v->vn
[2019-01-26 16:09:48]	对应 vi->v
[2019-01-26 16:09:48]	有余 m->v
[2019-01-26 16:09:48]	要领 n->nz
[2019-01-26 16:09:48]	下学 v->vd
[2019-01-26 16:09:48]	分号 n->nz
[2019-01-26 16:09:48]	不合 v->n
[2019-01-26 16:09:48]	高等 b->a
[2019-01-26 16:09:48]	老大 a->n
[2019-01-26 16:09:48]	还给 v->vd
[2019-01-26 16:09:48]	对等 vi->vn
[2019-01-26 16:09:48]	有心 v->vd
[2019-01-26 16:09:48]	说法 n->nz
[2019-01-26 16:09:48]	真的 a->d
[2019-01-26 16:09:48]	大喊 v->vd
[2019-01-26 16:09:48]	后天 n->t
[2019-01-26 16:09:48]	回家 vi->v
[2019-01-26 16:09:48]	总会 d->n
[2019-01-26 16:09:48]	好多 m->a
[2019-01-26 16:09:48]	才能 n->v
[2019-01-26 16:09:48]	大奖 n->nz
[2019-01-26 16:09:48]	自大 a->an
[2019-01-26 16:09:48]	无礼 a->ad
[2019-01-26 16:09:48]	自得 an->a
[2019-01-26 16:09:48]	开关 n->v
[2019-01-26 16:09:48]	看不起 v->vn
[2019-01-26 16:09:48]	看得起 v->vn
[2019-01-26 16:09:48]	完了 vi->n
[2019-01-26 16:09:48]	理事 n->nz
[2019-01-26 16:09:48]	一口气 d->n
[2019-01-26 16:09:48]	本心 n->nl
[2019-01-26 16:09:48]	论说 vn->vl
[2019-01-26 16:09:48]	中意 a->n
[2019-01-26 16:09:48]	没用 a->v
[2019-01-26 16:09:48]	天天 d->q
[2019-01-26 16:09:48]	秒钟 n->q
[2019-01-26 16:09:48]	他俩 r->n
[2019-01-26 16:09:48]	年间 f->n
[2019-01-26 16:09:48]	江米 n->nz
[2019-01-26 16:09:48]	省钱 a->v
[2019-01-26 16:09:48]	早起 vi->v
[2019-01-26 16:09:48]	开车 vi->v
[2019-01-26 16:09:48]	千米 q->qv
[2019-01-26 16:09:48]	签定 v->vn
[2019-01-26 16:09:48]	好天 n->nz
[2019-01-26 16:09:48]	日食 n->nz
[2019-01-26 16:09:48]	火烧 n->v
[2019-01-26 16:09:48]	就是 c->n
[2019-01-26 16:09:48]	是不是 v->vd
[2019-01-26 16:09:48]	手指 n->nz
[2019-01-26 16:09:48]	国都 d->n
[2019-01-26 16:09:48]	得手 a->v
[2019-01-26 16:09:48]	大小 n->nz
[2019-01-26 16:09:48]	了得 a->ad
[2019-01-26 16:09:48]	脱钩 vi->v
[2019-01-26 16:09:48]	问号 n->nz
[2019-01-26 16:09:48]	西藏自治区 ns->nz
[2019-01-26 16:09:48]	小便 v->vi
[2019-01-26 16:09:48]	好在 d->v
[2019-01-26 16:09:48]	双眼 n->nz
[2019-01-26 16:09:48]	一角 n->v
[2019-01-26 16:09:48]	一元 b->nz
[2019-01-26 16:09:48]	引号 n->nz
[2019-01-26 16:09:48]	有用 a->n
[2019-01-26 16:09:48]	像片 n->nz
[2019-01-26 16:09:48]	争抢 v->vd
[2019-01-26 16:09:48]	小我 n->nz
[2019-01-26 16:09:48]	文字 n->nz
[2019-01-26 16:09:48]	不好 a->n
[2019-01-26 16:09:48]	下雨 vi->v
[2019-01-26 16:09:48]	多功能 b->n
[2019-01-26 16:09:48]	从未 d->n
[2019-01-26 16:09:48]	南北 f->n
[2019-01-26 16:09:48]	从不 d->n
[2019-01-26 16:09:48]	干什么 r->v
[2019-01-26 16:09:48]	不准 v->n
[2019-01-26 16:09:48]	开门 vd->n
[2019-01-26 16:09:48]	睡着 v->vd
[2019-01-26 16:09:48]	呼吸 v->vi
[2019-01-26 16:09:48]	长达 v->vl
[2019-01-26 16:09:48]	首次 m->n
[2019-01-26 16:09:48]	日间 t->nl
[2019-01-26 16:09:48]	辩护人 n->nz
[2019-01-26 16:09:48]	正在 d->n
[2019-01-26 16:09:48]	下流 a->s
[2019-01-26 16:09:48]	怎么办 ryv->n
[2019-01-26 16:09:48]	你好 vl->n
[2019-01-26 16:09:48]	正数 v->n
[2019-01-26 16:09:48]	三角 n->ns
[2019-01-26 16:09:48]	分区 n->v
[2019-01-26 16:09:48]	回车 vi->v
[2019-01-26 16:09:48]	选项 n->v
[2019-01-26 16:09:48]	打字 vi->vn
[2019-01-26 16:09:48]	百度 nz->mq
[2019-01-26 16:09:48]	同呼吸 vl->nl
[2019-01-26 16:09:48]	记得 v->n
[2019-01-26 16:09:48]	还是 c->n
[2019-01-26 16:09:48]	有点 d->n
[2019-01-26 16:09:48]	吃药 v->n
[2019-01-26 16:10:43]	爱 b->v
[2019-01-26 16:10:43]	安 ag->v
[2019-01-26 16:10:43]	安定 a->an
[2019-01-26 16:10:43]	本分 a->n
[2019-01-26 16:10:43]	宁静 a->an
[2019-01-26 16:10:43]	安宁 a->an
[2019-01-26 16:10:43]	安谧 a->an
[2019-01-26 16:10:43]	和缓 a->ad
[2019-01-26 16:10:43]	太平 a->ns
[2019-01-26 16:10:43]	安全 a->an
[2019-01-26 16:10:43]	安慰 a->v
[2019-01-26 16:10:43]	按时 d->ad
[2019-01-26 16:10:43]	昂首 vd->vi
[2019-01-26 16:10:43]	昂扬 a->v
[2019-01-26 16:10:43]	后悔 a->v
[2019-01-26 16:10:43]	八宝粥 n->gms
[2019-01-26 16:10:43]	把 m->v
[2019-01-26 16:10:43]	百合 n->nr
[2019-01-26 16:10:43]	绊 ng->v
[2019-01-26 16:10:43]	棒 a->ng
[2019-01-26 16:10:43]	包 n->v
[2019-01-26 16:10:43]	折 ng->vi
[2019-01-26 16:10:43]	叠 q->v
[2019-01-26 16:10:43]	包子 n->gms
[2019-01-26 16:10:43]	保安 b->n
[2019-01-26 16:10:43]	保障 n->v
[2019-01-26 16:10:43]	保健 b->n
[2019-01-26 16:10:43]	封闭 a->v
[2019-01-26 16:10:43]	保险 a->n
[2019-01-26 16:10:43]	保证 n->v
[2019-01-26 16:10:43]	不好意思 a->vl
[2019-01-26 16:10:43]	背 a->v
[2019-01-26 16:10:43]	被 d->pbei
[2019-01-26 16:10:43]	必然 b->n
[2019-01-26 16:10:43]	一定 b->d
[2019-01-26 16:10:43]	边 b->n
[2019-01-26 16:10:43]	边缘 b->n
[2019-01-26 16:10:43]	边防 b->n
[2019-01-26 16:10:43]	边陲 n->s
[2019-01-26 16:10:43]	变化 v->vn
[2019-01-26 16:10:43]	标准 a->n
[2019-01-26 16:10:43]	规范 a->v
[2019-01-26 16:10:43]	飞跃 vi->vn
[2019-01-26 16:10:43]	口头 d->n
[2019-01-26 16:10:43]	表现 n->v
[2019-01-26 16:10:43]	别名 n->nz
[2019-01-26 16:10:43]	做作 a->v
[2019-01-26 16:10:43]	拨 q->v
[2019-01-26 16:10:43]	奔腾 nz->vi
[2019-01-26 16:10:43]	盘剥 v->vn
[2019-01-26 16:10:43]	补偿 v->vn
[2019-01-26 16:10:43]	甭 d->v
[2019-01-26 16:10:43]	不安 a->an
[2019-01-26 16:10:43]	焦虑 a->an
[2019-01-26 16:10:43]	恐慌 a->an
[2019-01-26 16:10:43]	不满 a->an
[2019-01-26 16:10:43]	例外 n->vi
[2019-01-26 16:10:43]	不幸 a->n
[2019-01-26 16:10:43]	部分 m->n
[2019-01-26 16:10:43]	华 ag->b
[2019-01-26 16:10:43]	愧疚 a->an
[2019-01-26 16:10:43]	辉煌 a->an
[2019-01-26 16:10:43]	绚烂 a->an
[2019-01-26 16:10:43]	仓储 n->vn
[2019-01-26 16:10:43]	费心 a->v
[2019-01-26 16:10:43]	迥异 a->z
[2019-01-26 16:10:43]	叶 n->ng
[2019-01-26 16:10:43]	拆解 v->vn
[2019-01-26 16:10:43]	知了 n->nz
[2019-01-26 16:10:43]	长春 ns->nz
[2019-01-26 16:10:43]	经常 b->d
[2019-01-26 16:10:43]	超 h->v
[2019-01-26 16:10:43]	超产 v->vn
[2019-01-26 16:10:43]	超支 n->v
[2019-01-26 16:10:43]	车次 n->nz
[2019-01-26 16:10:43]	沉淀 n->vi
[2019-01-26 16:10:43]	尽职 vd->vi
[2019-01-26 16:10:43]	诚心 a->n
[2019-01-26 16:10:43]	党羽 n->nz
[2019-01-26 16:10:43]	冲突 vi->vn
[2019-01-26 16:10:43]	倾心 ad->vi
[2019-01-26 16:10:43]	喜好 an->v
[2019-01-26 16:10:43]	空洞 a->n
[2019-01-26 16:10:43]	抽样 vd->vi
[2019-01-26 16:10:43]	臭豆腐 n->gms
[2019-01-26 16:10:43]	出口 n->vi
[2019-01-26 16:10:43]	肇事 vi->vn
[2019-01-26 16:10:43]	出租 n->v
[2019-01-26 16:10:43]	先期 b->d
[2019-01-26 16:10:43]	除外 vi->v
[2019-01-26 16:10:43]	装 n->v
[2019-01-26 16:10:43]	传统 a->n
[2019-01-26 16:10:43]	船 n->gjtgj
[2019-01-26 16:10:43]	轮船 n->gjtgj
[2019-01-26 16:10:43]	船舶 n->gjtgj
[2019-01-26 16:10:43]	春分 t->n
[2019-01-26 16:10:43]	刺 n->v
[2019-01-26 16:10:43]	睿智 a->an
[2019-01-26 16:10:43]	智慧 a->n
[2019-01-26 16:10:43]	从 d->p
[2019-01-26 16:10:43]	自 d->p
[2019-01-26 16:10:43]	粗心 a->an
[2019-01-26 16:10:43]	大意 a->n
[2019-01-26 16:10:43]	酸 a->n
[2019-01-26 16:10:43]	摩擦 v->vn
[2019-01-26 16:10:43]	坎坷 a->an
[2019-01-26 16:10:43]	错误 a->n
[2019-01-26 16:10:43]	达标 vd->vi
[2019-01-26 16:10:43]	答复 n->v
[2019-01-26 16:10:43]	打 p->v
[2019-01-26 16:10:43]	狩猎 n->vi
[2019-01-26 16:10:43]	打算 n->v
[2019-01-26 16:10:43]	大寒 t->nz
[2019-01-26 16:10:43]	大家 n->rr
[2019-01-26 16:10:43]	大料 n->nz
[2019-01-26 16:10:43]	大致 b->d
[2019-01-26 16:10:43]	呆 a->v
[2019-01-26 16:10:43]	代办 n->v
[2019-01-26 16:10:43]	代理 n->v
[2019-01-26 16:10:43]	带 n->v
[2019-01-26 16:10:43]	带子 n->v
[2019-01-26 16:10:43]	条 ng->q
[2019-01-26 16:10:43]	戴 nr1->v
[2019-01-26 16:10:43]	单 b->d
[2019-01-26 16:10:43]	单独 b->d
[2019-01-26 16:10:43]	当面 d->n
[2019-01-26 16:10:43]	那天 r->t
[2019-01-26 16:10:43]	挡 n->v
[2019-01-26 16:10:43]	的 n->ude1
[2019-01-26 16:10:43]	得 ude3->v
[2019-01-26 16:10:43]	到 p->v
[2019-01-26 16:10:43]	倒 d->vi
[2019-01-26 16:10:43]	偷 d->v
[2019-01-26 16:10:43]	道德 a->n
[2019-01-26 16:10:43]	道教 n->nz
[2019-01-26 16:10:43]	上岸 vi->v
[2019-01-26 16:10:43]	等 n->v
[2019-01-26 16:10:43]	地铁 n->gjtgj
[2019-01-26 16:10:43]	光 a->n
[2019-01-26 16:10:43]	光辉 a->n
[2019-01-26 16:10:43]	顶 f->v
[2019-01-26 16:10:43]	定额 d->n
[2019-01-26 16:10:43]	定期 b->d
[2019-01-26 16:10:43]	东 b->f
[2019-01-26 16:10:43]	东乡族 ns->nz
[2019-01-26 16:10:43]	全部 m->ad
[2019-01-26 16:10:43]	斗争 vi->vn
[2019-01-26 16:10:43]	独立 a->v
[2019-01-26 16:10:43]	自力 n->nr
[2019-01-26 16:10:43]	渡 ng->v
[2019-01-26 16:10:43]	端 ng->v
[2019-01-26 16:10:43]	端正 a->v
[2019-01-26 16:10:43]	断 d->v
[2019-01-26 16:10:43]	对仗 n->nz
[2019-01-26 16:10:43]	多 a->m
[2019-01-26 16:10:43]	饿 a->v
[2019-01-26 16:10:43]	发 ng->v
[2019-01-26 16:10:43]	带头 vd->vi
[2019-01-26 16:10:43]	发糕 n->gms
[2019-01-26 16:10:43]	施展 nr->v
[2019-01-26 16:10:43]	发烧 b->vi
[2019-01-26 16:10:43]	无力 a->vi
[2019-01-26 16:10:43]	法 b->n
[2019-01-26 16:10:43]	庭审 n->v
[2019-01-26 16:10:43]	帆船 n->gjtgj
[2019-01-26 16:10:43]	繁荣 a->an
[2019-01-26 16:10:43]	重复 a->v
[2019-01-26 16:10:43]	来回 d->vi
[2019-01-26 16:10:43]	反面 b->n
[2019-01-26 16:10:43]	反应 n->vi
[2019-01-26 16:10:43]	犯罪 vi->vn
[2019-01-26 16:10:43]	范 ng->nr1
[2019-01-26 16:10:43]	方 a->d
[2019-01-26 16:10:43]	方便面 n->gms
[2019-01-26 16:10:43]	防汛 vi->vn
[2019-01-26 16:10:43]	飞机 n->gjtgj
[2019-01-26 16:10:43]	肥 a->n
[2019-01-26 16:10:43]	分布 vd->vi
[2019-01-26 16:10:43]	分离 vd->vi
[2019-01-26 16:10:43]	分米 q->qt
[2019-01-26 16:10:43]	生气 a->n
[2019-01-26 16:10:43]	风光 a->n
[2019-01-26 16:10:43]	封 ng->v
[2019-01-26 16:10:43]	冯 m->nr1
[2019-01-26 16:10:43]	抚恤 vi->vn
[2019-01-26 16:10:43]	远望 nz->v
[2019-01-26 16:10:43]	腐败 a->an
[2019-01-26 16:10:43]	负责 a->v
[2019-01-26 16:10:43]	中兴 ns->nz
[2019-01-26 16:10:43]	副词 n->nz
[2019-01-26 16:10:43]	付 q->v
[2019-01-26 16:10:43]	次要 b->bl
[2019-01-26 16:10:43]	富 a->vg
[2019-01-26 16:10:43]	富有 a->v
[2019-01-26 16:10:43]	富余 a->vn
[2019-01-26 16:10:43]	盖 d->v
[2019-01-26 16:10:43]	扣 ng->v
[2019-01-26 16:10:43]	干 a->v
[2019-01-26 16:10:43]	甘 ad->ag
[2019-01-26 16:10:43]	感动 a->v
[2019-01-26 16:10:43]	感冒 n->vi
[2019-01-26 16:10:43]	不久 d->m
[2019-01-26 16:10:43]	方才 d->nr
[2019-01-26 16:10:43]	高贵 a->nr
[2019-01-26 16:10:43]	年老 a->vi
[2019-01-26 16:10:43]	革命 a->vn
[2019-01-26 16:10:43]	解 ng->v
[2019-01-26 16:10:43]	根据 n->p
[2019-01-26 16:10:43]	据 ng->p
[2019-01-26 16:10:43]	跟随 p->v
[2019-01-26 16:10:43]	随着 d->p
[2019-01-26 16:10:43]	更年期 n->t
[2019-01-26 16:10:43]	工作 n->vn
[2019-01-26 16:10:43]	公开 a->v
[2019-01-26 16:10:43]	巩固 a->v
[2019-01-26 16:10:43]	共产党 n->nz
[2019-01-26 16:10:43]	奉献 n->v
[2019-01-26 16:10:43]	够 a->v
[2019-01-26 16:10:43]	孤立 a->v
[2019-01-26 16:10:43]	孤僻 a->an
[2019-01-26 16:10:43]	鼓 a->v
[2019-01-26 16:10:43]	彭 m->nr1
[2019-01-26 16:10:43]	鼓舞 a->v
[2019-01-26 16:10:43]	固定 a->v
[2019-01-26 16:10:43]	稳定 a->an
[2019-01-26 16:10:43]	传奇 a->n
[2019-01-26 16:10:43]	故意 b->d
[2019-01-26 16:10:43]	有意 d->vi
[2019-01-26 16:10:43]	成心 d->v
[2019-01-26 16:10:43]	顾 ng->v
[2019-01-26 16:10:43]	挂 q->v
[2019-01-26 16:10:43]	关切 a->v
[2019-01-26 16:10:43]	论断 n->vn
[2019-01-26 16:10:43]	臣 n->ng
[2019-01-26 16:10:43]	管理 v->vn
[2019-01-26 16:10:43]	管制 v->vn
[2019-01-26 16:10:43]	光明 a->n
[2019-01-26 16:10:43]	亮 a->vi
[2019-01-26 16:10:43]	归结 n->vi
[2019-01-26 16:10:43]	鬼 a->n
[2019-01-26 16:10:43]	邪 a->ag
[2019-01-26 16:10:43]	滚 ng->vi
[2019-01-26 16:10:43]	国庆 n->t
[2019-01-26 16:10:43]	干脆 a->d
[2019-01-26 16:10:43]	断然 b->d
[2019-01-26 16:10:43]	果然 c->d
[2019-01-26 16:10:43]	果真 c->d
[2019-01-26 16:10:43]	过期 vd->vi
[2019-01-26 16:10:43]	海口 n->ns
[2019-01-26 16:10:43]	琼 b->nr1
[2019-01-26 16:10:43]	叫 n->vi
[2019-01-26 16:10:43]	汉堡包 n->gms
[2019-01-26 16:10:43]	数码 b->n
[2019-01-26 16:10:43]	合资 b->vi
[2019-01-26 16:10:43]	集资 vd->vi
[2019-01-26 16:10:43]	合伙 vd->vi
[2019-01-26 16:10:43]	合股 vd->vi
[2019-01-26 16:10:43]	和 ag->cc
[2019-01-26 16:10:43]	集合 n->v
[2019-01-26 16:10:43]	与 cc->p
[2019-01-26 16:10:43]	同 cc->p
[2019-01-26 16:10:43]	并 cc->d
[2019-01-26 16:10:43]	狠 a->d
[2019-01-26 16:10:43]	狠心 a->an
[2019-01-26 16:10:43]	横 a->v
[2019-01-26 16:10:43]	哄 o->v
[2019-01-26 16:10:43]	后期 f->t
[2019-01-26 16:10:43]	胡 d->nr1
[2019-01-26 16:10:43]	湖 b->n
[2019-01-26 16:10:43]	迷惑 a->v
[2019-01-26 16:10:43]	依稀 a->d
[2019-01-26 16:10:43]	互相 b->d
[2019-01-26 16:10:43]	花 a->n
[2019-01-26 16:10:43]	花卷 n->gms
[2019-01-26 16:10:43]	滑冰 n->vn
[2019-01-26 16:10:43]	滑雪 vi->vn
[2019-01-26 16:10:43]	化验 n->v
[2019-01-26 16:10:43]	打扮 n->v
[2019-01-26 16:10:43]	还账 v->vi
[2019-01-26 16:10:43]	涣散 a->v
[2019-01-26 16:10:43]	怪诞 a->an
[2019-01-26 16:10:43]	黄色 b->n
[2019-01-26 16:10:43]	回头 d->vi
[2019-01-26 16:10:43]	会 n->v
[2019-01-26 16:10:43]	馄饨 n->gms
[2019-01-26 16:10:43]	活动 a->vn
[2019-01-26 16:10:43]	该死 vi->v
[2019-01-26 16:10:43]	活 a->n
[2019-01-26 16:10:44]	火车 n->gjtgj
[2019-01-26 16:10:44]	机械 a->n
[2019-01-26 16:10:44]	缉私 vi->vn
[2019-01-26 16:10:44]	狂热 a->an
[2019-01-26 16:10:44]	极端 a->n
[2019-01-26 16:10:44]	集邮 vi->vn
[2019-01-26 16:10:44]	集中 a->v
[2019-01-26 16:10:44]	挤 a->v
[2019-01-26 16:10:44]	运算 vi->vn
[2019-01-26 16:10:44]	记录 n->v
[2019-01-26 16:10:44]	记载 n->v
[2019-01-26 16:10:44]	纪念 n->v
[2019-01-26 16:10:44]	长项 n->nz
[2019-01-26 16:10:44]	加班 vd->vi
[2019-01-26 16:10:44]	夹 b->v
[2019-01-26 16:10:44]	家 k->n
[2019-01-26 16:10:44]	值 a->n
[2019-01-26 16:10:44]	尖端 b->n
[2019-01-26 16:10:44]	坚定 a->v
[2019-01-26 16:10:44]	监察 v->vn
[2019-01-26 16:10:44]	调查 n->v
[2019-01-26 16:10:44]	方便 a->v
[2019-01-26 16:10:44]	便利 a->an
[2019-01-26 16:10:44]	间接 a->b
[2019-01-26 16:10:44]	建设 n->vn
[2019-01-26 16:10:44]	健全 a->v
[2019-01-26 16:10:44]	讲究 a->v
[2019-01-26 16:10:44]	降价 vd->vi
[2019-01-26 16:10:44]	坦白 a->v
[2019-01-26 16:10:44]	灌 ng->v
[2019-01-26 16:10:44]	娇气 a->n
[2019-01-26 16:10:44]	骄傲 a->an
[2019-01-26 16:10:44]	饺子 n->gms
[2019-01-26 16:10:44]	教 ng->v
[2019-01-26 16:10:44]	教育 v->vn
[2019-01-26 16:10:44]	接力 n->vn
[2019-01-26 16:10:44]	结果 c->n
[2019-01-26 16:10:44]	结业 vd->vi
[2019-01-26 16:10:44]	解放 a->v
[2019-01-26 16:10:44]	解放战争 n->nz
[2019-01-26 16:10:44]	借 p->v
[2019-01-26 16:10:44]	租 ng->v
[2019-01-26 16:10:44]	借贷 n->v
[2019-01-26 16:10:44]	借条 n->nz
[2019-01-26 16:10:44]	金 b->ng
[2019-01-26 16:10:44]	尽力 d->vi
[2019-01-26 16:10:44]	全力 d->n
[2019-01-26 16:10:44]	尽心 a->v
[2019-01-26 16:10:44]	进步 a->vn
[2019-01-26 16:10:44]	临近 a->v
[2019-01-26 16:10:44]	经过 n->p
[2019-01-26 16:10:44]	经济 a->n
[2019-01-26 16:10:44]	经营 n->v
[2019-01-26 16:10:44]	精神 a->n
[2019-01-26 16:10:44]	感慨 a->v
[2019-01-26 16:10:44]	警惕 a->v
[2019-01-26 16:10:44]	敬业 a->vi
[2019-01-26 16:10:44]	就 c->d
[2019-01-26 16:10:44]	举 ag->v
[2019-01-26 16:10:44]	举重 n->vn
[2019-01-26 16:10:44]	行 a->vi
[2019-01-26 16:10:44]	锯 n->v
[2019-01-26 16:10:44]	卷 ng->v
[2019-01-26 16:10:44]	决定 n->v
[2019-01-26 16:10:44]	决赛 vi->vn
[2019-01-26 16:10:44]	决心 d->n
[2019-01-26 16:10:44]	开创 n->v
[2019-01-26 16:10:44]	开放 a->v
[2019-01-26 16:10:44]	开阔 a->v
[2019-01-26 16:10:44]	伊始 t->vi
[2019-01-26 16:10:44]	初叶 f->t
[2019-01-26 16:10:44]	初始 b->t
[2019-01-26 16:10:44]	初步 b->d
[2019-01-26 16:10:44]	看 u->v
[2019-01-26 16:10:44]	测验 v->vn
[2019-01-26 16:10:44]	考验 v->vn
[2019-01-26 16:10:44]	烤鸭 n->gms
[2019-01-26 16:10:44]	靠 ng->v
[2019-01-26 16:10:44]	科学 a->n
[2019-01-26 16:10:44]	可怜 a->v
[2019-01-26 16:10:44]	可惜 a->v
[2019-01-26 16:10:44]	可以 a->v
[2019-01-26 16:10:44]	能 d->v
[2019-01-26 16:10:44]	克 b->vg
[2019-01-26 16:10:44]	客观 a->n
[2019-01-26 16:10:44]	买家 n->nz
[2019-01-26 16:10:44]	肯定 a->v
[2019-01-26 16:10:44]	空 a->v
[2019-01-26 16:10:44]	口 f->n
[2019-01-26 16:10:44]	苦 a->an
[2019-01-26 16:10:44]	苦涩 a->an
[2019-01-26 16:10:44]	苦闷 a->an
[2019-01-26 16:10:44]	迷茫 a->an
[2019-01-26 16:10:44]	苦恼 a->an
[2019-01-26 16:10:44]	迷惘 a->an
[2019-01-26 16:10:44]	夸张 n->vi
[2019-01-26 16:10:44]	跨 ng->v
[2019-01-26 16:10:44]	越 b->d
[2019-01-26 16:10:44]	匡 nr1->vg
[2019-01-26 16:10:44]	捆 ng->v
[2019-01-26 16:10:44]	困惑 a->an
[2019-01-26 16:10:44]	疑惑 an->v
[2019-01-26 16:10:44]	困难 a->an
[2019-01-26 16:10:44]	拉 b->v
[2019-01-26 16:10:44]	腊八粥 n->gms
[2019-01-26 16:10:44]	来 f->vf
[2019-01-26 16:10:44]	天车 n->nz
[2019-01-26 16:10:44]	懈怠 a->an
[2019-01-26 16:10:44]	劳动 vi->vn
[2019-01-26 16:10:44]	坚韧 a->an
[2019-01-26 16:10:44]	铭刻 n->v
[2019-01-26 16:10:44]	铭记 n->v
[2019-01-26 16:10:44]	东家 n->nz
[2019-01-26 16:10:44]	了 ule->y
[2019-01-26 16:10:44]	累 a->v
[2019-01-26 16:10:44]	疲劳 a->an
[2019-01-26 16:10:44]	困倦 a->an
[2019-01-26 16:10:44]	倦怠 a->an
[2019-01-26 16:10:44]	礼貌 a->an
[2019-01-26 16:10:44]	李 ng->nr1
[2019-01-26 16:10:44]	理想 a->n
[2019-01-26 16:10:44]	理性 b->n
[2019-01-26 16:10:44]	连 d->n
[2019-01-26 16:10:44]	盟 n->ng
[2019-01-26 16:10:44]	联系 n->v
[2019-01-26 16:10:44]	练习 n->v
[2019-01-26 16:10:44]	辽 b->tg
[2019-01-26 16:10:44]	劣 a->ag
[2019-01-26 16:10:44]	林 n->ng
[2019-01-26 16:10:44]	小气 a->ad
[2019-01-26 16:10:44]	零售 v->vn
[2019-01-26 16:10:44]	另外 c->rz
[2019-01-26 16:10:44]	小产 v->vi
[2019-01-26 16:10:44]	流行 a->v
[2019-01-26 16:10:44]	柳 n->ng
[2019-01-26 16:10:44]	漏 ng->v
[2019-01-26 16:10:44]	滴 q->v
[2019-01-26 16:10:44]	露 ng->v
[2019-01-26 16:10:44]	旅游 vi->vn
[2019-01-26 16:10:44]	动感 b->n
[2019-01-26 16:10:44]	乱 a->d
[2019-01-26 16:10:44]	轮班 vd->vn
[2019-01-26 16:10:44]	转 ng->v
[2019-01-26 16:10:44]	麻 a->n
[2019-01-26 16:10:44]	麻烦 a->an
[2019-01-26 16:10:44]	烦恼 a->an
[2019-01-26 16:10:44]	马 b->n
[2019-01-26 16:10:44]	馒头 n->gms
[2019-01-26 16:10:44]	满 a->v
[2019-01-26 16:10:44]	满足 a->v
[2019-01-26 16:10:44]	忙 a->v
[2019-01-26 16:10:44]	蒙 b->vi
[2019-01-26 16:10:44]	毛 a->nr1
[2019-01-26 16:10:44]	矛盾 a->an
[2019-01-26 16:10:44]	冒险 vd->vi
[2019-01-26 16:10:44]	贸易 v->vn
[2019-01-26 16:10:44]	没有 d->v
[2019-01-26 16:10:44]	无 d->v
[2019-01-26 16:10:44]	美 a->b
[2019-01-26 16:10:44]	住院 vd->vi
[2019-01-26 16:10:44]	耳语 n->vi
[2019-01-26 16:10:44]	秘密 a->n
[2019-01-26 16:10:44]	机密 a->n
[2019-01-26 16:10:44]	免费 vd->vi
[2019-01-26 16:10:44]	勉强 a->v
[2019-01-26 16:10:44]	民主 a->an
[2019-01-26 16:10:44]	起名 vi->v
[2019-01-26 16:10:44]	模范 a->n
[2019-01-26 16:10:44]	模拟 b->v
[2019-01-26 16:10:44]	磨 n->v
[2019-01-26 16:10:44]	生分 a->ad
[2019-01-26 16:10:44]	墨 b->n
[2019-01-26 16:10:44]	母 b->ng
[2019-01-26 16:10:44]	木 a->ng
[2019-01-26 16:10:44]	捐款 n->vi
[2019-01-26 16:10:44]	拿 p->v
[2019-01-26 16:10:44]	上税 v->vi
[2019-01-26 16:10:44]	委屈 a->v
[2019-01-26 16:10:44]	悲痛 a->an
[2019-01-26 16:10:44]	内蒙古自治区 ns->nz
[2019-01-26 16:10:44]	倪 x->n
[2019-01-26 16:10:44]	拟人 n->nz
[2019-01-26 16:10:44]	年 n->qt
[2019-01-26 16:10:44]	年岁 n->nl
[2019-01-26 16:10:44]	年事 n->nl
[2019-01-26 16:10:44]	凝眸 vd->vi
[2019-01-26 16:10:44]	牛 ag->n
[2019-01-26 16:10:44]	努力 a->an
[2019-01-26 16:10:44]	暖 a->v
[2019-01-26 16:10:44]	温暖 a->an
[2019-01-26 16:10:44]	温热 a->an
[2019-01-26 16:10:44]	和暖 a->an
[2019-01-26 16:10:44]	偶尔 b->d
[2019-01-26 16:10:44]	扑 o->v
[2019-01-26 16:10:44]	攀 b->v
[2019-01-26 16:10:44]	拍 ng->v
[2019-01-26 16:10:44]	排 n->v
[2019-01-26 16:10:44]	排队 n->vi
[2019-01-26 16:10:44]	派出所 n->gms
[2019-01-26 16:10:44]	派遣 v->gms
[2019-01-26 16:10:44]	派出 v->gms
[2019-01-26 16:10:44]	判断 n->v
[2019-01-26 16:10:44]	抛 nr1->v
[2019-01-26 16:10:44]	配套 a->v
[2019-01-26 16:10:44]	烹饪 n->vi
[2019-01-26 16:10:44]	相知 n->v
[2019-01-26 16:10:44]	捧 q->v
[2019-01-26 16:10:44]	批发 v->vn
[2019-01-26 16:10:44]	偏 a->d
[2019-01-26 16:10:44]	单方面 b->n
[2019-01-26 16:10:44]	飘 a->v
[2019-01-26 16:10:44]	撇 q->v
[2019-01-26 16:10:44]	应邀 vd->vi
[2019-01-26 16:10:44]	平 a->v
[2019-01-26 16:10:44]	通常 b->d
[2019-01-26 16:10:44]	破 a->v
[2019-01-26 16:10:44]	铺 n->v
[2019-01-26 16:10:44]	普及 a->v
[2019-01-26 16:10:44]	遍地 vd->vi
[2019-01-26 16:10:44]	限期 n->vi
[2019-01-26 16:10:44]	奇怪 a->v
[2019-01-26 16:10:44]	祷告 v->vn
[2019-01-26 16:10:44]	辗转 vd->vi
[2019-01-26 16:10:44]	蜿蜒 v->z
[2019-01-26 16:10:44]	启示 v->vn
[2019-01-26 16:10:44]	矜持 a->an
[2019-01-26 16:10:44]	署名 n->vi
[2019-01-26 16:10:44]	签名 n->vi
[2019-01-26 16:10:44]	前天 n->t
[2019-01-26 16:10:44]	壮 a->v
[2019-01-26 16:10:44]	争 ng->v
[2019-01-26 16:10:44]	乔木 n->nr
[2019-01-26 16:10:44]	切 ag->v
[2019-01-26 16:10:44]	亲近 a->v
[2019-01-26 16:10:44]	明确 a->v
[2019-01-26 16:10:44]	纯洁 a->v
[2019-01-26 16:10:44]	清明 a->t
[2019-01-26 16:10:44]	晴 an->vi
[2019-01-26 16:10:44]	让 p->v
[2019-01-26 16:10:44]	祝 ng->v
[2019-01-26 16:10:44]	贺 ng->vg
[2019-01-26 16:10:44]	秋 ng->tg
[2019-01-26 16:10:44]	求 ng->v
[2019-01-26 16:10:44]	曲 ag->n
[2019-01-26 16:10:44]	出 q->vf
[2019-01-26 16:10:44]	泉 n->ng
[2019-01-26 16:10:44]	缺 n->v
[2019-01-26 16:10:44]	欠缺 a->vi
[2019-01-26 16:10:44]	火 a->n
[2019-01-26 16:10:44]	夏 ng->tg
[2019-01-26 16:10:44]	热情 a->an
[2019-01-26 16:10:44]	热气球 n->gjtgj
[2019-01-26 16:10:44]	热心 a->v
[2019-01-26 16:10:44]	热忱 a->an
[2019-01-26 16:10:44]	热诚 a->an
[2019-01-26 16:10:44]	委任 n->v
[2019-01-26 16:10:44]	依旧 d->z
[2019-01-26 16:10:44]	照旧 d->v
[2019-01-26 16:10:44]	肉 a->n
[2019-01-26 16:10:44]	肉 a->gms
[2019-01-26 16:10:44]	撒 n->v
[2019-01-26 16:10:44]	塞 b->v
[2019-01-26 16:10:44]	堵 a->v
[2019-01-26 16:10:44]	信步 vd->vi
[2019-01-26 16:10:44]	土 a->n
[2019-01-26 16:10:44]	上 b->f
[2019-01-26 16:10:44]	设计 n->v
[2019-01-26 16:10:44]	摄像 n->vi
[2019-01-26 16:10:44]	申请 n->v
[2019-01-26 16:10:44]	全身 b->n
[2019-01-26 16:10:44]	体 k->ng
[2019-01-26 16:10:44]	身段 n->nz
[2019-01-26 16:10:44]	深入 a->v
[2019-01-26 16:10:44]	深度 ad->n
[2019-01-26 16:10:44]	神气 a->n
[2019-01-26 16:10:44]	升 q->v
[2019-01-26 16:10:44]	增值 n->vi
[2019-01-26 16:10:44]	生 a->v
[2019-01-26 16:10:44]	生产 n->v
[2019-01-26 16:10:44]	出产 n->v
[2019-01-26 16:10:44]	生活 vi->vn
[2019-01-26 16:10:44]	胜利 ad->vi
[2019-01-26 16:10:44]	失落 a->v
[2019-01-26 16:10:44]	狮 n->ng
[2019-01-26 16:10:44]	滋润 a->v
[2019-01-26 16:10:44]	温润 a->an
[2019-01-26 16:10:44]	石 b->ng
[2019-01-26 16:10:44]	时刻 d->n
[2019-01-26 16:10:44]	实践 n->v
[2019-01-26 16:10:44]	实质 a->n
[2019-01-26 16:10:44]	示范 vi->vn
[2019-01-26 16:10:44]	凡间 s->n
[2019-01-26 16:10:44]	是 ng->vshi
[2019-01-26 16:10:44]	便是 v->vd
[2019-01-26 16:10:44]	是否 d->v
[2019-01-26 16:10:44]	释迦牟尼 n->nrf
[2019-01-26 16:10:44]	收条 n->nz
[2019-01-26 16:10:44]	手 k->n
[2019-01-26 16:10:44]	手工 d->n
[2019-01-26 16:10:44]	守法 vd->vi
[2019-01-26 16:10:44]	首创 nz->v
[2019-01-26 16:10:44]	首先 c->d
[2019-01-26 16:10:44]	初 d->f
[2019-01-26 16:10:44]	最初 b->d
[2019-01-26 16:10:44]	禁不起 v->vd
[2019-01-26 16:10:44]	本 d->rz
[2019-01-26 16:10:44]	册 ng->q
[2019-01-26 16:10:44]	书册 n->nl
[2019-01-26 16:10:44]	疏松 a->vn
[2019-01-26 16:10:44]	熟悉 a->v
[2019-01-26 16:10:44]	属实 a->v
[2019-01-26 16:10:44]	鼠 n->ng
[2019-01-26 16:10:44]	竖 n->v
[2019-01-26 16:10:44]	刷 o->v
[2019-01-26 16:10:44]	帅 ng->nr1
[2019-01-26 16:10:44]	水笔 n->nz
[2019-01-26 16:10:44]	说 ng->v
[2019-01-26 16:10:44]	讲 ng->v
[2019-01-26 16:10:44]	司 n->ng
[2019-01-26 16:10:44]	松 a->v
[2019-01-26 16:10:44]	松懈 a->v
[2019-01-26 16:10:44]	宋 nr1->tg
[2019-01-26 16:10:44]	孙 n->nr1
[2019-01-26 16:10:44]	孙子 n->nr
[2019-01-26 16:10:44]	锁 n->v
[2019-01-26 16:10:44]	塔 b->n
[2019-01-26 16:10:44]	贪吃 an->v
[2019-01-26 16:10:44]	贪心 a->v
[2019-01-26 16:10:44]	弹 ng->v
[2019-01-26 16:10:44]	烫 a->v
[2019-01-26 16:10:44]	特别 a->d
[2019-01-26 16:10:44]	希罕 a->v
[2019-01-26 16:10:44]	疼痛 a->an
[2019-01-26 16:10:44]	挑剔 a->v
[2019-01-26 16:10:44]	提成 n->vi
[2019-01-26 16:10:44]	提议 n->v
[2019-01-26 16:10:44]	田野 n->nr
[2019-01-26 16:10:44]	唐 b->tg
[2019-01-26 16:10:44]	甘甜 a->an
[2019-01-26 16:10:44]	担 ng->v
[2019-01-26 16:10:44]	调控 v->vn
[2019-01-26 16:10:44]	跳 q->vi
[2019-01-26 16:10:44]	跳水 vi->vn
[2019-01-26 16:10:44]	跳远 vi->vn
[2019-01-26 16:10:44]	听 q->v
[2019-01-26 16:10:44]	通信 vi->vn
[2019-01-26 16:10:44]	同时 c->n
[2019-01-26 16:10:44]	同期 d->f
[2019-01-26 16:10:44]	统一 a->v
[2019-01-26 16:10:44]	痛苦 a->an
[2019-01-26 16:10:44]	头 k->n
[2019-01-26 16:10:44]	投资 n->v
[2019-01-26 16:10:44]	投入 a->v
[2019-01-26 16:10:44]	突出 a->v
[2019-01-26 16:10:44]	团结 a->v
[2019-01-26 16:10:44]	托 ng->v
[2019-01-26 16:10:44]	歪 a->v
[2019-01-26 16:10:44]	倾斜 vd->vi
[2019-01-26 16:10:44]	斜 a->v
[2019-01-26 16:10:44]	弯 a->v
[2019-01-26 16:10:44]	完善 a->v
[2019-01-26 16:10:44]	玩 ng->v
[2019-01-26 16:10:44]	夜晚 n->t
[2019-01-26 16:10:44]	夜间 f->t
[2019-01-26 16:10:44]	万 d->m
[2019-01-26 16:10:44]	万一 c->d
[2019-01-26 16:10:44]	联网 vd->vi
[2019-01-26 16:10:44]	望 ng->v
[2019-01-26 16:10:44]	无益 a->vi
[2019-01-26 16:10:44]	危险 a->an
[2019-01-26 16:10:44]	威风 a->an
[2019-01-26 16:10:44]	霸气 an->n
[2019-01-26 16:10:44]	微 a->nz
[2019-01-26 16:10:44]	违法 vd->vi
[2019-01-26 16:10:44]	相反 d->vi
[2019-01-26 16:10:44]	浩瀚 a->z
[2019-01-26 16:10:44]	卫生 a->an
[2019-01-26 16:10:44]	位 ng->q
[2019-01-26 16:10:44]	喂 e->v
[2019-01-26 16:10:44]	问候 v->vn
[2019-01-26 16:10:44]	温和 a->nr
[2019-01-26 16:10:44]	刻薄 a->an
[2019-01-26 16:10:44]	文明 a->n
[2019-01-26 16:10:44]	闻 ng->v
[2019-01-26 16:10:44]	问 ng->v
[2019-01-26 16:10:44]	咨询 v->vn
[2019-01-26 16:10:44]	无轨电车 nl->gjtgj
[2019-01-26 16:10:44]	无限 a->vi
[2019-01-26 16:10:44]	无穷 d->z
[2019-01-26 16:10:44]	时价 n->nl
[2019-01-26 16:10:44]	东西 f->n
[2019-01-26 16:10:44]	误工 vi->vn
[2019-01-26 16:10:44]	西 b->f
[2019-01-26 16:10:44]	希望 n->v
[2019-01-26 16:10:44]	就义 vi->v
[2019-01-26 16:10:44]	舍身 d->v
[2019-01-26 16:10:44]	习 ng->vg
[2019-01-26 16:10:44]	系统 a->n
[2019-01-26 16:10:44]	地 n->nz
[2019-01-26 16:10:44]	先后 d->ad
[2019-01-26 16:10:44]	娇艳 a->an
[2019-01-26 16:10:44]	现代 n->t
[2019-01-26 16:10:44]	现实 a->n
[2019-01-26 16:10:44]	相当 d->vi
[2019-01-26 16:10:44]	等同 vd->vi
[2019-01-26 16:10:44]	同样 b->d
[2019-01-26 16:10:44]	香 a->n
[2019-01-26 16:10:44]	想像 v->vd
[2019-01-26 16:10:44]	向 dg->p
[2019-01-26 16:10:44]	朝 b->p
[2019-01-26 16:10:44]	象 n->ng
[2019-01-26 16:10:44]	像 d->v
[2019-01-26 16:10:44]	仿佛 d->v
[2019-01-26 16:10:44]	似 d->vg
[2019-01-26 16:10:44]	飘逸 a->v
[2019-01-26 16:10:44]	童 b->ng
[2019-01-26 16:10:44]	小寒 t->nz
[2019-01-26 16:10:44]	小满 t->nz
[2019-01-26 16:10:44]	小雪 n->nr
[2019-01-26 16:10:44]	艰辛 a->an
[2019-01-26 16:10:44]	辛酸 a->an
[2019-01-26 16:10:44]	新词 n->nl
[2019-01-26 16:10:44]	信 ag->n
[2019-01-26 16:10:44]	信用 a->n
[2019-01-26 16:10:44]	兴奋 a->v
[2019-01-26 16:10:44]	成 a->v
[2019-01-26 16:10:44]	形象 a->n
[2019-01-26 16:10:44]	醒 ng->v
[2019-01-26 16:10:44]	幸福 a->happ
[2019-01-26 16:10:44]	性 k->ng
[2019-01-26 16:10:44]	姓 n->v
[2019-01-26 16:10:44]	名 ag->q
[2019-01-26 16:10:44]	邪恶 a->an
[2019-01-26 16:10:44]	胸 n->ng
[2019-01-26 16:10:44]	公 ad->ng
[2019-01-26 16:10:44]	休假 n->vi
[2019-01-26 16:10:44]	虚伪 a->an
[2019-01-26 16:10:44]	徐 ag->nr1
[2019-01-26 16:10:44]	许 dg->m
[2019-01-26 16:10:44]	学龄 b->n
[2019-01-26 16:10:44]	压抑 a->v
[2019-01-26 16:10:44]	鸭 n->ng
[2019-01-26 16:10:44]	延长 ns->v
[2019-01-26 16:10:44]	延期 vd->vi
[2019-01-26 16:10:44]	缓期 vd->vi
[2019-01-26 16:10:44]	严正 a->nr
[2019-01-26 16:10:44]	高温 an->n
[2019-01-26 16:10:44]	火热 a->z
[2019-01-26 16:10:44]	研究 n->v
[2019-01-26 16:10:44]	演习 v->vn
[2019-01-26 16:10:44]	杨 ng->nr1
[2019-01-26 16:10:44]	阳性 b->n
[2019-01-26 16:10:44]	仰泳 vi->vn
[2019-01-26 16:10:44]	也 b->d
[2019-01-26 16:10:44]	进行 vn->vx
[2019-01-26 16:10:44]	布 b->n
[2019-01-26 16:10:44]	穿戴 n->v
[2019-01-26 16:10:44]	依靠 n->v
[2019-01-26 16:10:44]	移动 v->vn
[2019-01-26 16:10:44]	遗传 n->vn
[2019-01-26 16:10:44]	遗憾 a->sorr
[2019-01-26 16:10:44]	遗存 vi->vn
[2019-01-26 16:10:44]	往时 t->tg
[2019-01-26 16:10:44]	义务 d->n
[2019-01-26 16:10:44]	艺术 a->n
[2019-01-26 16:10:44]	意旨 n->nl
[2019-01-26 16:10:44]	因为 c->p
[2019-01-26 16:10:44]	由于 c->p
[2019-01-26 16:10:44]	银 b->ng
[2019-01-26 16:10:44]	引 ng->v
[2019-01-26 16:10:44]	隐蔽 a->v
[2019-01-26 16:10:44]	隐秘 a->n
[2019-01-26 16:10:44]	印染 v->vn
[2019-01-26 16:10:44]	印 b->v
[2019-01-26 16:10:44]	图章 n->nz
[2019-01-26 16:10:44]	应当 d->v
[2019-01-26 16:10:44]	俊杰 n->nr
[2019-01-26 16:10:44]	影响 n->v
[2019-01-26 16:10:44]	拥挤 a->vi
[2019-01-26 16:10:44]	勇于 d->v
[2019-01-26 16:10:44]	骁勇 a->an
[2019-01-26 16:10:44]	用 ng->p
[2019-01-26 16:10:44]	以 b->p
[2019-01-26 16:10:44]	优胜 a->vi
[2019-01-26 16:10:44]	优先 ad->v
[2019-01-26 16:10:44]	悠远 an->z
[2019-01-26 16:10:44]	油条 n->gms
[2019-01-26 16:10:44]	友善 a->nr
[2019-01-26 16:10:44]	又 c->d
[2019-01-26 16:10:44]	右 a->f
[2019-01-26 16:10:44]	于 ng->p
[2019-01-26 16:10:44]	初赛 n->vi
[2019-01-26 16:10:44]	预言 n->v
[2019-01-26 16:10:44]	冤枉 a->v
[2019-01-26 16:10:44]	原来 b->d
[2019-01-26 16:10:44]	原本 d->n
[2019-01-26 16:10:44]	原则 d->n
[2019-01-26 16:10:44]	圆 a->vg
[2019-01-26 16:10:44]	约会 n->vi
[2019-01-26 16:10:44]	局限 n->vi
[2019-01-26 16:10:44]	云 b->n
[2019-01-26 16:10:44]	正好 z->tg
[2019-01-26 16:10:44]	在 d->p
[2019-01-26 16:10:44]	当 ng->p
[2019-01-26 16:10:44]	暂时 b->d
[2019-01-26 16:10:44]	眼前 s->t
[2019-01-26 16:10:44]	负债 n->vi
[2019-01-26 16:10:44]	站 n->vi
[2019-01-26 16:10:44]	把握 n->v
[2019-01-26 16:10:44]	左右 f->m
[2019-01-26 16:10:44]	折价 vd->vi
[2019-01-26 16:10:44]	真 a->d
[2019-01-26 16:10:44]	实际 a->n
[2019-01-26 16:10:44]	真心 ad->n
[2019-01-26 16:10:44]	衷心 b->d
[2019-01-26 16:10:44]	振动 vi->vn
[2019-01-26 16:10:44]	颠簸 vd->vi
[2019-01-26 16:10:44]	振荡 vi->vn
[2019-01-26 16:10:44]	争议 n->vn
[2019-01-26 16:10:44]	整体 m->n
[2019-01-26 16:10:44]	正 a->d
[2019-01-26 16:10:44]	正面 a->n
[2019-01-26 16:10:44]	正理 n->nl
[2019-01-26 16:10:44]	证明 n->v
[2019-01-26 16:10:44]	对证 vn->n
[2019-01-26 16:10:44]	对照 p->v
[2019-01-26 16:10:44]	说明 n->v
[2019-01-26 16:10:44]	消费 n->vn
[2019-01-26 16:10:44]	明白 a->v
[2019-01-26 16:10:44]	了然 a->v
[2019-01-26 16:10:44]	知 ag->v
[2019-01-26 16:10:44]	直 a->d
[2019-01-26 16:10:44]	直线 d->n
[2019-01-26 16:10:44]	张 ng->q
[2019-01-26 16:10:44]	指挥 n->v
[2019-01-26 16:10:44]	指导 n->v
[2019-01-26 16:10:44]	中档 b->nl
[2019-01-26 16:10:44]	中国 ns->nz
[2019-01-26 16:10:44]	华夏 n->nz
[2019-01-26 16:10:44]	中央 f->n
[2019-01-26 16:10:44]	忠诚 a->v
[2019-01-26 16:10:44]	种 ng->v
[2019-01-26 16:10:44]	重 a->v
[2019-01-26 16:10:44]	关键 a->n
[2019-01-26 16:10:44]	重视 a->v
[2019-01-26 16:10:44]	周 ag->nr1
[2019-01-26 16:10:44]	昼夜 d->n
[2019-01-26 16:10:44]	皱 n->v
[2019-01-26 16:10:44]	朱 ag->nr1
[2019-01-26 16:10:44]	竹 n->ng
[2019-01-26 16:10:44]	主观 a->n
[2019-01-26 16:10:44]	主演 n->v
[2019-01-26 16:10:44]	助理 b->n
[2019-01-26 16:10:44]	大名鼎鼎 al->vl
[2019-01-26 16:10:44]	专门 b->d
[2019-01-26 16:10:44]	专注 a->vi
[2019-01-26 16:10:44]	埋头 vd->vi
[2019-01-26 16:10:44]	专业 a->n
[2019-01-26 16:10:44]	拐弯 n->vi
[2019-01-26 16:10:44]	华美 a->nz
[2019-01-26 16:10:44]	台 b->n
[2019-01-26 16:10:44]	我方 r->n
[2019-01-26 16:10:44]	自强 vd->vi
[2019-01-26 16:10:44]	自主 vd->vi
[2019-01-26 16:10:44]	自然 a->n
[2019-01-26 16:10:44]	自信 a->v
[2019-01-26 16:10:44]	自修 v->vl
[2019-01-26 16:10:44]	综合 a->vn
[2019-01-26 16:10:44]	总结 n->v
[2019-01-26 16:10:44]	纵横 n->v
[2019-01-26 16:10:44]	走私 b->v
[2019-01-26 16:10:44]	构成 n->v
[2019-01-26 16:10:44]	太 a->d
[2019-01-26 16:10:44]	到底 d->vi
[2019-01-26 16:10:44]	孝顺 a->v
[2019-01-26 16:10:44]	遵照 p->v
[2019-01-26 16:10:44]	作 ng->v
[2019-01-26 16:10:44]	零 a->m
[2019-01-26 16:10:44]	一 d->m
[2019-01-26 16:10:44]	九 b->m
[2019-01-26 16:10:44]	低价 ad->n
[2019-01-26 16:10:44]	火车站 n->gjtgj
[2019-01-26 16:10:44]	小时候 n->t
[2019-01-26 16:10:44]	综合性 b->n
[2019-01-26 16:10:44]	高价 d->n
[2019-01-26 16:10:44]	中考 n->v
[2019-01-26 16:10:44]	无效 a->vi
[2019-01-26 16:10:44]	爱人 n->nz
[2019-01-26 16:10:44]	把手 n->nz
[2019-01-26 16:10:44]	人为 b->d
[2019-01-26 16:10:44]	靠山 n->nz
[2019-01-26 16:10:44]	他人 rr->r
[2019-01-26 16:10:44]	不结盟 vi->vn
[2019-01-26 16:10:44]	不是 c->n
[2019-01-26 16:10:44]	不行 a->v
[2019-01-26 16:10:44]	不能 v->vi
[2019-01-26 16:10:44]	不会 v->vi
[2019-01-26 16:10:44]	车号 n->nz
[2019-01-26 16:10:44]	同党 n->nz
[2019-01-26 16:10:44]	上流 b->n
[2019-01-26 16:10:44]	出血 vi->v
[2019-01-26 16:10:44]	打的 v->vi
[2019-01-26 16:10:44]	除法 n->nz
[2019-01-26 16:10:44]	从中 d->n
[2019-01-26 16:10:44]	从宽 d->v
[2019-01-26 16:10:44]	从重 d->v
[2019-01-26 16:10:44]	搭建 v->vd
[2019-01-26 16:10:44]	各人 rr->r
[2019-01-26 16:10:44]	中选 vi->v
[2019-01-26 16:10:44]	各处 rzs->r
[2019-01-26 16:10:44]	四处 d->vi
[2019-01-26 16:10:44]	大路 n->nz
[2019-01-26 16:10:44]	拨打 v->vd
[2019-01-26 16:10:44]	大跌 v->vn
[2019-01-26 16:10:44]	会话 v->vn
[2019-01-26 16:10:44]	对应 vi->v
[2019-01-26 16:10:44]	有余 m->v
[2019-01-26 16:10:44]	要领 n->nz
[2019-01-26 16:10:44]	下学 v->vd
[2019-01-26 16:10:44]	分号 n->nz
[2019-01-26 16:10:44]	不合 v->n
[2019-01-26 16:10:44]	高等 b->a
[2019-01-26 16:10:44]	老大 a->n
[2019-01-26 16:10:44]	还给 v->vd
[2019-01-26 16:10:44]	对等 vi->vn
[2019-01-26 16:10:44]	有心 v->vd
[2019-01-26 16:10:44]	说法 n->nz
[2019-01-26 16:10:44]	真的 a->d
[2019-01-26 16:10:44]	大喊 v->vd
[2019-01-26 16:10:44]	后天 n->t
[2019-01-26 16:10:44]	回家 vi->v
[2019-01-26 16:10:44]	总会 d->n
[2019-01-26 16:10:44]	好多 m->a
[2019-01-26 16:10:44]	才能 n->v
[2019-01-26 16:10:44]	大奖 n->nz
[2019-01-26 16:10:44]	自大 a->an
[2019-01-26 16:10:44]	无礼 a->ad
[2019-01-26 16:10:44]	自得 an->a
[2019-01-26 16:10:44]	开关 n->v
[2019-01-26 16:10:44]	看不起 v->vn
[2019-01-26 16:10:44]	看得起 v->vn
[2019-01-26 16:10:44]	完了 vi->n
[2019-01-26 16:10:44]	理事 n->nz
[2019-01-26 16:10:44]	一口气 d->n
[2019-01-26 16:10:44]	本心 n->nl
[2019-01-26 16:10:44]	论说 vn->vl
[2019-01-26 16:10:44]	中意 a->n
[2019-01-26 16:10:44]	没用 a->v
[2019-01-26 16:10:44]	天天 d->q
[2019-01-26 16:10:44]	秒钟 n->q
[2019-01-26 16:10:44]	他俩 r->n
[2019-01-26 16:10:44]	年间 f->n
[2019-01-26 16:10:44]	江米 n->nz
[2019-01-26 16:10:44]	省钱 a->v
[2019-01-26 16:10:44]	早起 vi->v
[2019-01-26 16:10:44]	开车 vi->v
[2019-01-26 16:10:44]	千米 q->qv
[2019-01-26 16:10:44]	签定 v->vn
[2019-01-26 16:10:44]	好天 n->nz
[2019-01-26 16:10:44]	日食 n->nz
[2019-01-26 16:10:44]	火烧 n->v
[2019-01-26 16:10:44]	就是 c->n
[2019-01-26 16:10:44]	是不是 v->vd
[2019-01-26 16:10:44]	手指 n->nz
[2019-01-26 16:10:44]	国都 d->n
[2019-01-26 16:10:44]	得手 a->v
[2019-01-26 16:10:44]	大小 n->nz
[2019-01-26 16:10:44]	了得 a->ad
[2019-01-26 16:10:44]	脱钩 vi->v
[2019-01-26 16:10:44]	问号 n->nz
[2019-01-26 16:10:44]	西藏自治区 ns->nz
[2019-01-26 16:10:44]	小便 v->vi
[2019-01-26 16:10:44]	好在 d->v
[2019-01-26 16:10:44]	双眼 n->nz
[2019-01-26 16:10:44]	一角 n->v
[2019-01-26 16:10:44]	一元 b->nz
[2019-01-26 16:10:44]	引号 n->nz
[2019-01-26 16:10:44]	有用 a->n
[2019-01-26 16:10:44]	像片 n->nz
[2019-01-26 16:10:44]	争抢 v->vd
[2019-01-26 16:10:44]	小我 n->nz
[2019-01-26 16:10:44]	文字 n->nz
[2019-01-26 16:10:44]	不好 a->n
[2019-01-26 16:10:44]	下雨 vi->v
[2019-01-26 16:10:44]	多功能 b->n
[2019-01-26 16:10:44]	从未 d->n
[2019-01-26 16:10:44]	南北 f->n
[2019-01-26 16:10:44]	从不 d->n
[2019-01-26 16:10:44]	干什么 r->v
[2019-01-26 16:10:44]	不准 v->n
[2019-01-26 16:10:44]	开门 vd->n
[2019-01-26 16:10:44]	睡着 v->vd
[2019-01-26 16:10:44]	呼吸 v->vi
[2019-01-26 16:10:44]	长达 v->vl
[2019-01-26 16:10:44]	首次 m->n
[2019-01-26 16:10:44]	日间 t->nl
[2019-01-26 16:10:44]	辩护人 n->nz
[2019-01-26 16:10:44]	正在 d->n
[2019-01-26 16:10:44]	下流 a->s
[2019-01-26 16:10:44]	怎么办 ryv->n
[2019-01-26 16:10:44]	你好 vl->n
[2019-01-26 16:10:44]	正数 v->n
[2019-01-26 16:10:44]	三角 n->ns
[2019-01-26 16:10:44]	分区 n->v
[2019-01-26 16:10:44]	回车 vi->v
[2019-01-26 16:10:44]	选项 n->v
[2019-01-26 16:10:44]	打字 vi->vn
[2019-01-26 16:10:44]	百度 nz->mq
[2019-01-26 16:10:44]	同呼吸 vl->nl
[2019-01-26 16:10:44]	记得 v->n
[2019-01-26 16:10:44]	还是 c->n
[2019-01-26 16:10:44]	有点 d->n
[2019-01-26 16:10:44]	吃药 v->n
[2019-01-26 16:11:30]	爱 b->v
[2019-01-26 16:11:30]	安 ag->v
[2019-01-26 16:11:30]	安定 a->an
[2019-01-26 16:11:30]	本分 a->n
[2019-01-26 16:11:30]	宁静 a->an
[2019-01-26 16:11:30]	安宁 a->an
[2019-01-26 16:11:30]	安谧 a->an
[2019-01-26 16:11:30]	和缓 a->ad
[2019-01-26 16:11:30]	太平 a->ns
[2019-01-26 16:11:30]	安全 a->an
[2019-01-26 16:11:30]	安慰 a->v
[2019-01-26 16:11:30]	按时 d->ad
[2019-01-26 16:11:30]	昂首 vd->vi
[2019-01-26 16:11:30]	昂扬 a->v
[2019-01-26 16:11:30]	后悔 a->v
[2019-01-26 16:11:30]	八宝粥 n->gms
[2019-01-26 16:11:30]	把 m->v
[2019-01-26 16:11:30]	百合 n->nr
[2019-01-26 16:11:30]	绊 ng->v
[2019-01-26 16:11:30]	棒 a->ng
[2019-01-26 16:11:30]	包 n->v
[2019-01-26 16:11:30]	折 ng->vi
[2019-01-26 16:11:30]	叠 q->v
[2019-01-26 16:11:30]	包子 n->gms
[2019-01-26 16:11:30]	保安 b->n
[2019-01-26 16:11:30]	保障 n->v
[2019-01-26 16:11:30]	保健 b->n
[2019-01-26 16:11:30]	封闭 a->v
[2019-01-26 16:11:30]	保险 a->n
[2019-01-26 16:11:30]	保证 n->v
[2019-01-26 16:11:30]	不好意思 a->vl
[2019-01-26 16:11:30]	背 a->v
[2019-01-26 16:11:30]	被 d->pbei
[2019-01-26 16:11:30]	必然 b->n
[2019-01-26 16:11:30]	一定 b->d
[2019-01-26 16:11:30]	边 b->n
[2019-01-26 16:11:30]	边缘 b->n
[2019-01-26 16:11:30]	边防 b->n
[2019-01-26 16:11:30]	边陲 n->s
[2019-01-26 16:11:30]	变化 v->vn
[2019-01-26 16:11:30]	标准 a->n
[2019-01-26 16:11:30]	规范 a->v
[2019-01-26 16:11:30]	飞跃 vi->vn
[2019-01-26 16:11:30]	口头 d->n
[2019-01-26 16:11:30]	表现 n->v
[2019-01-26 16:11:30]	别名 n->nz
[2019-01-26 16:11:30]	做作 a->v
[2019-01-26 16:11:30]	拨 q->v
[2019-01-26 16:11:30]	奔腾 nz->vi
[2019-01-26 16:11:30]	盘剥 v->vn
[2019-01-26 16:11:30]	补偿 v->vn
[2019-01-26 16:11:30]	甭 d->v
[2019-01-26 16:11:30]	不安 a->an
[2019-01-26 16:11:30]	焦虑 a->an
[2019-01-26 16:11:30]	恐慌 a->an
[2019-01-26 16:11:30]	不满 a->an
[2019-01-26 16:11:30]	例外 n->vi
[2019-01-26 16:11:30]	不幸 a->n
[2019-01-26 16:11:30]	部分 m->n
[2019-01-26 16:11:30]	华 ag->b
[2019-01-26 16:11:30]	愧疚 a->an
[2019-01-26 16:11:30]	辉煌 a->an
[2019-01-26 16:11:30]	绚烂 a->an
[2019-01-26 16:11:30]	仓储 n->vn
[2019-01-26 16:11:30]	费心 a->v
[2019-01-26 16:11:30]	迥异 a->z
[2019-01-26 16:11:30]	叶 n->ng
[2019-01-26 16:11:30]	拆解 v->vn
[2019-01-26 16:11:30]	知了 n->nz
[2019-01-26 16:11:30]	长春 ns->nz
[2019-01-26 16:11:30]	经常 b->d
[2019-01-26 16:11:30]	超 h->v
[2019-01-26 16:11:30]	超产 v->vn
[2019-01-26 16:11:30]	超支 n->v
[2019-01-26 16:11:30]	车次 n->nz
[2019-01-26 16:11:30]	沉淀 n->vi
[2019-01-26 16:11:30]	尽职 vd->vi
[2019-01-26 16:11:30]	诚心 a->n
[2019-01-26 16:11:30]	党羽 n->nz
[2019-01-26 16:11:30]	冲突 vi->vn
[2019-01-26 16:11:30]	倾心 ad->vi
[2019-01-26 16:11:30]	喜好 an->v
[2019-01-26 16:11:30]	空洞 a->n
[2019-01-26 16:11:30]	抽样 vd->vi
[2019-01-26 16:11:30]	臭豆腐 n->gms
[2019-01-26 16:11:30]	出口 n->vi
[2019-01-26 16:11:30]	肇事 vi->vn
[2019-01-26 16:11:30]	出租 n->v
[2019-01-26 16:11:30]	先期 b->d
[2019-01-26 16:11:30]	除外 vi->v
[2019-01-26 16:11:30]	装 n->v
[2019-01-26 16:11:30]	传统 a->n
[2019-01-26 16:11:30]	船 n->gjtgj
[2019-01-26 16:11:30]	轮船 n->gjtgj
[2019-01-26 16:11:30]	船舶 n->gjtgj
[2019-01-26 16:11:30]	春分 t->n
[2019-01-26 16:11:30]	刺 n->v
[2019-01-26 16:11:30]	睿智 a->an
[2019-01-26 16:11:30]	智慧 a->n
[2019-01-26 16:11:30]	从 d->p
[2019-01-26 16:11:30]	自 d->p
[2019-01-26 16:11:30]	粗心 a->an
[2019-01-26 16:11:30]	大意 a->n
[2019-01-26 16:11:30]	酸 a->n
[2019-01-26 16:11:30]	摩擦 v->vn
[2019-01-26 16:11:30]	坎坷 a->an
[2019-01-26 16:11:30]	错误 a->n
[2019-01-26 16:11:30]	达标 vd->vi
[2019-01-26 16:11:30]	答复 n->v
[2019-01-26 16:11:30]	打 p->v
[2019-01-26 16:11:30]	狩猎 n->vi
[2019-01-26 16:11:30]	打算 n->v
[2019-01-26 16:11:30]	大寒 t->nz
[2019-01-26 16:11:30]	大家 n->rr
[2019-01-26 16:11:30]	大料 n->nz
[2019-01-26 16:11:30]	大致 b->d
[2019-01-26 16:11:30]	呆 a->v
[2019-01-26 16:11:30]	代办 n->v
[2019-01-26 16:11:30]	代理 n->v
[2019-01-26 16:11:30]	带 n->v
[2019-01-26 16:11:30]	带子 n->v
[2019-01-26 16:11:30]	条 ng->q
[2019-01-26 16:11:30]	戴 nr1->v
[2019-01-26 16:11:30]	单 b->d
[2019-01-26 16:11:30]	单独 b->d
[2019-01-26 16:11:30]	当面 d->n
[2019-01-26 16:11:30]	那天 r->t
[2019-01-26 16:11:30]	挡 n->v
[2019-01-26 16:11:30]	的 n->ude1
[2019-01-26 16:11:30]	得 ude3->v
[2019-01-26 16:11:30]	到 p->v
[2019-01-26 16:11:30]	倒 d->vi
[2019-01-26 16:11:30]	偷 d->v
[2019-01-26 16:11:30]	道德 a->n
[2019-01-26 16:11:30]	道教 n->nz
[2019-01-26 16:11:30]	上岸 vi->v
[2019-01-26 16:11:30]	等 n->v
[2019-01-26 16:11:31]	地铁 n->gjtgj
[2019-01-26 16:11:31]	光 a->n
[2019-01-26 16:11:31]	光辉 a->n
[2019-01-26 16:11:31]	顶 f->v
[2019-01-26 16:11:31]	定额 d->n
[2019-01-26 16:11:31]	定期 b->d
[2019-01-26 16:11:31]	东 b->f
[2019-01-26 16:11:31]	东乡族 ns->nz
[2019-01-26 16:11:31]	全部 m->ad
[2019-01-26 16:11:31]	斗争 vi->vn
[2019-01-26 16:11:31]	独立 a->v
[2019-01-26 16:11:31]	自力 n->nr
[2019-01-26 16:11:31]	渡 ng->v
[2019-01-26 16:11:31]	端 ng->v
[2019-01-26 16:11:31]	端正 a->v
[2019-01-26 16:11:31]	断 d->v
[2019-01-26 16:11:31]	对仗 n->nz
[2019-01-26 16:11:31]	多 a->m
[2019-01-26 16:11:31]	饿 a->v
[2019-01-26 16:11:31]	发 ng->v
[2019-01-26 16:11:31]	带头 vd->vi
[2019-01-26 16:11:31]	发糕 n->gms
[2019-01-26 16:11:31]	施展 nr->v
[2019-01-26 16:11:31]	发烧 b->vi
[2019-01-26 16:11:31]	无力 a->vi
[2019-01-26 16:11:31]	法 b->n
[2019-01-26 16:11:31]	庭审 n->v
[2019-01-26 16:11:31]	帆船 n->gjtgj
[2019-01-26 16:11:31]	繁荣 a->an
[2019-01-26 16:11:31]	重复 a->v
[2019-01-26 16:11:31]	来回 d->vi
[2019-01-26 16:11:31]	反面 b->n
[2019-01-26 16:11:31]	反应 n->vi
[2019-01-26 16:11:31]	犯罪 vi->vn
[2019-01-26 16:11:31]	范 ng->nr1
[2019-01-26 16:11:31]	方 a->d
[2019-01-26 16:11:31]	方便面 n->gms
[2019-01-26 16:11:31]	防汛 vi->vn
[2019-01-26 16:11:31]	飞机 n->gjtgj
[2019-01-26 16:11:31]	肥 a->n
[2019-01-26 16:11:31]	分布 vd->vi
[2019-01-26 16:11:31]	分离 vd->vi
[2019-01-26 16:11:31]	分米 q->qt
[2019-01-26 16:11:31]	生气 a->n
[2019-01-26 16:11:31]	风光 a->n
[2019-01-26 16:11:31]	封 ng->v
[2019-01-26 16:11:31]	冯 m->nr1
[2019-01-26 16:11:31]	抚恤 vi->vn
[2019-01-26 16:11:31]	远望 nz->v
[2019-01-26 16:11:31]	腐败 a->an
[2019-01-26 16:11:31]	负责 a->v
[2019-01-26 16:11:31]	中兴 ns->nz
[2019-01-26 16:11:31]	副词 n->nz
[2019-01-26 16:11:31]	付 q->v
[2019-01-26 16:11:31]	次要 b->bl
[2019-01-26 16:11:31]	富 a->vg
[2019-01-26 16:11:31]	富有 a->v
[2019-01-26 16:11:31]	富余 a->vn
[2019-01-26 16:11:31]	盖 d->v
[2019-01-26 16:11:31]	扣 ng->v
[2019-01-26 16:11:31]	干 a->v
[2019-01-26 16:11:31]	甘 ad->ag
[2019-01-26 16:11:31]	感动 a->v
[2019-01-26 16:11:31]	感冒 n->vi
[2019-01-26 16:11:31]	不久 d->m
[2019-01-26 16:11:31]	方才 d->nr
[2019-01-26 16:11:31]	高贵 a->nr
[2019-01-26 16:11:31]	年老 a->vi
[2019-01-26 16:11:31]	革命 a->vn
[2019-01-26 16:11:31]	解 ng->v
[2019-01-26 16:11:31]	根据 n->p
[2019-01-26 16:11:31]	据 ng->p
[2019-01-26 16:11:31]	跟随 p->v
[2019-01-26 16:11:31]	随着 d->p
[2019-01-26 16:11:31]	更年期 n->t
[2019-01-26 16:11:31]	工作 n->vn
[2019-01-26 16:11:31]	公开 a->v
[2019-01-26 16:11:31]	巩固 a->v
[2019-01-26 16:11:31]	共产党 n->nz
[2019-01-26 16:11:31]	奉献 n->v
[2019-01-26 16:11:31]	够 a->v
[2019-01-26 16:11:31]	孤立 a->v
[2019-01-26 16:11:31]	孤僻 a->an
[2019-01-26 16:11:31]	鼓 a->v
[2019-01-26 16:11:31]	彭 m->nr1
[2019-01-26 16:11:31]	鼓舞 a->v
[2019-01-26 16:11:31]	固定 a->v
[2019-01-26 16:11:31]	稳定 a->an
[2019-01-26 16:11:31]	传奇 a->n
[2019-01-26 16:11:31]	故意 b->d
[2019-01-26 16:11:31]	有意 d->vi
[2019-01-26 16:11:31]	成心 d->v
[2019-01-26 16:11:31]	顾 ng->v
[2019-01-26 16:11:31]	挂 q->v
[2019-01-26 16:11:31]	关切 a->v
[2019-01-26 16:11:31]	论断 n->vn
[2019-01-26 16:11:31]	臣 n->ng
[2019-01-26 16:11:31]	管理 v->vn
[2019-01-26 16:11:31]	管制 v->vn
[2019-01-26 16:11:31]	光明 a->n
[2019-01-26 16:11:31]	亮 a->vi
[2019-01-26 16:11:31]	归结 n->vi
[2019-01-26 16:11:31]	鬼 a->n
[2019-01-26 16:11:31]	邪 a->ag
[2019-01-26 16:11:31]	滚 ng->vi
[2019-01-26 16:11:31]	国庆 n->t
[2019-01-26 16:11:31]	干脆 a->d
[2019-01-26 16:11:31]	断然 b->d
[2019-01-26 16:11:31]	果然 c->d
[2019-01-26 16:11:31]	果真 c->d
[2019-01-26 16:11:31]	过期 vd->vi
[2019-01-26 16:11:31]	海口 n->ns
[2019-01-26 16:11:31]	琼 b->nr1
[2019-01-26 16:11:31]	叫 n->vi
[2019-01-26 16:11:31]	汉堡包 n->gms
[2019-01-26 16:11:31]	数码 b->n
[2019-01-26 16:11:31]	合资 b->vi
[2019-01-26 16:11:31]	集资 vd->vi
[2019-01-26 16:11:31]	合伙 vd->vi
[2019-01-26 16:11:31]	合股 vd->vi
[2019-01-26 16:11:31]	和 ag->cc
[2019-01-26 16:11:31]	集合 n->v
[2019-01-26 16:11:31]	与 cc->p
[2019-01-26 16:11:31]	同 cc->p
[2019-01-26 16:11:31]	并 cc->d
[2019-01-26 16:11:31]	狠 a->d
[2019-01-26 16:11:31]	狠心 a->an
[2019-01-26 16:11:31]	横 a->v
[2019-01-26 16:11:31]	哄 o->v
[2019-01-26 16:11:31]	后期 f->t
[2019-01-26 16:11:31]	胡 d->nr1
[2019-01-26 16:11:31]	湖 b->n
[2019-01-26 16:11:31]	迷惑 a->v
[2019-01-26 16:11:31]	依稀 a->d
[2019-01-26 16:11:31]	互相 b->d
[2019-01-26 16:11:31]	花 a->n
[2019-01-26 16:11:31]	花卷 n->gms
[2019-01-26 16:11:31]	滑冰 n->vn
[2019-01-26 16:11:31]	滑雪 vi->vn
[2019-01-26 16:11:31]	化验 n->v
[2019-01-26 16:11:31]	打扮 n->v
[2019-01-26 16:11:31]	还账 v->vi
[2019-01-26 16:11:31]	涣散 a->v
[2019-01-26 16:11:31]	怪诞 a->an
[2019-01-26 16:11:31]	黄色 b->n
[2019-01-26 16:11:31]	回头 d->vi
[2019-01-26 16:11:31]	会 n->v
[2019-01-26 16:11:31]	馄饨 n->gms
[2019-01-26 16:11:31]	活动 a->vn
[2019-01-26 16:11:31]	该死 vi->v
[2019-01-26 16:11:31]	活 a->n
[2019-01-26 16:11:31]	火车 n->gjtgj
[2019-01-26 16:11:31]	机械 a->n
[2019-01-26 16:11:31]	缉私 vi->vn
[2019-01-26 16:11:31]	狂热 a->an
[2019-01-26 16:11:31]	极端 a->n
[2019-01-26 16:11:31]	集邮 vi->vn
[2019-01-26 16:11:31]	集中 a->v
[2019-01-26 16:11:31]	挤 a->v
[2019-01-26 16:11:31]	运算 vi->vn
[2019-01-26 16:11:31]	记录 n->v
[2019-01-26 16:11:31]	记载 n->v
[2019-01-26 16:11:31]	纪念 n->v
[2019-01-26 16:11:31]	长项 n->nz
[2019-01-26 16:11:31]	加班 vd->vi
[2019-01-26 16:11:31]	夹 b->v
[2019-01-26 16:11:31]	家 k->n
[2019-01-26 16:11:31]	值 a->n
[2019-01-26 16:11:31]	尖端 b->n
[2019-01-26 16:11:31]	坚定 a->v
[2019-01-26 16:11:31]	监察 v->vn
[2019-01-26 16:11:31]	调查 n->v
[2019-01-26 16:11:31]	方便 a->v
[2019-01-26 16:11:31]	便利 a->an
[2019-01-26 16:11:31]	间接 a->b
[2019-01-26 16:11:31]	建设 n->vn
[2019-01-26 16:11:31]	健全 a->v
[2019-01-26 16:11:31]	讲究 a->v
[2019-01-26 16:11:31]	降价 vd->vi
[2019-01-26 16:11:31]	坦白 a->v
[2019-01-26 16:11:31]	灌 ng->v
[2019-01-26 16:11:31]	娇气 a->n
[2019-01-26 16:11:31]	骄傲 a->an
[2019-01-26 16:11:31]	饺子 n->gms
[2019-01-26 16:11:31]	教 ng->v
[2019-01-26 16:11:31]	教育 v->vn
[2019-01-26 16:11:31]	接力 n->vn
[2019-01-26 16:11:31]	结果 c->n
[2019-01-26 16:11:31]	结业 vd->vi
[2019-01-26 16:11:31]	解放 a->v
[2019-01-26 16:11:31]	解放战争 n->nz
[2019-01-26 16:11:31]	借 p->v
[2019-01-26 16:11:31]	租 ng->v
[2019-01-26 16:11:31]	借贷 n->v
[2019-01-26 16:11:31]	借条 n->nz
[2019-01-26 16:11:31]	金 b->ng
[2019-01-26 16:11:31]	尽力 d->vi
[2019-01-26 16:11:31]	全力 d->n
[2019-01-26 16:11:31]	尽心 a->v
[2019-01-26 16:11:31]	进步 a->vn
[2019-01-26 16:11:31]	临近 a->v
[2019-01-26 16:11:31]	经过 n->p
[2019-01-26 16:11:31]	经济 a->n
[2019-01-26 16:11:31]	经营 n->v
[2019-01-26 16:11:31]	精神 a->n
[2019-01-26 16:11:31]	感慨 a->v
[2019-01-26 16:11:31]	警惕 a->v
[2019-01-26 16:11:31]	敬业 a->vi
[2019-01-26 16:11:31]	就 c->d
[2019-01-26 16:11:31]	举 ag->v
[2019-01-26 16:11:31]	举重 n->vn
[2019-01-26 16:11:31]	行 a->vi
[2019-01-26 16:11:31]	锯 n->v
[2019-01-26 16:11:31]	卷 ng->v
[2019-01-26 16:11:31]	决定 n->v
[2019-01-26 16:11:31]	决赛 vi->vn
[2019-01-26 16:11:31]	决心 d->n
[2019-01-26 16:11:31]	开创 n->v
[2019-01-26 16:11:31]	开放 a->v
[2019-01-26 16:11:31]	开阔 a->v
[2019-01-26 16:11:31]	伊始 t->vi
[2019-01-26 16:11:31]	初叶 f->t
[2019-01-26 16:11:31]	初始 b->t
[2019-01-26 16:11:31]	初步 b->d
[2019-01-26 16:11:31]	看 u->v
[2019-01-26 16:11:31]	测验 v->vn
[2019-01-26 16:11:31]	考验 v->vn
[2019-01-26 16:11:31]	烤鸭 n->gms
[2019-01-26 16:11:31]	靠 ng->v
[2019-01-26 16:11:31]	科学 a->n
[2019-01-26 16:11:31]	可怜 a->v
[2019-01-26 16:11:31]	可惜 a->v
[2019-01-26 16:11:31]	可以 a->v
[2019-01-26 16:11:31]	能 d->v
[2019-01-26 16:11:31]	克 b->vg
[2019-01-26 16:11:31]	客观 a->n
[2019-01-26 16:11:31]	买家 n->nz
[2019-01-26 16:11:31]	肯定 a->v
[2019-01-26 16:11:31]	空 a->v
[2019-01-26 16:11:31]	口 f->n
[2019-01-26 16:11:31]	苦 a->an
[2019-01-26 16:11:31]	苦涩 a->an
[2019-01-26 16:11:31]	苦闷 a->an
[2019-01-26 16:11:31]	迷茫 a->an
[2019-01-26 16:11:31]	苦恼 a->an
[2019-01-26 16:11:31]	迷惘 a->an
[2019-01-26 16:11:31]	夸张 n->vi
[2019-01-26 16:11:31]	跨 ng->v
[2019-01-26 16:11:31]	越 b->d
[2019-01-26 16:11:31]	匡 nr1->vg
[2019-01-26 16:11:31]	捆 ng->v
[2019-01-26 16:11:31]	困惑 a->an
[2019-01-26 16:11:31]	疑惑 an->v
[2019-01-26 16:11:31]	困难 a->an
[2019-01-26 16:11:31]	拉 b->v
[2019-01-26 16:11:31]	腊八粥 n->gms
[2019-01-26 16:11:31]	来 f->vf
[2019-01-26 16:11:31]	天车 n->nz
[2019-01-26 16:11:31]	懈怠 a->an
[2019-01-26 16:11:31]	劳动 vi->vn
[2019-01-26 16:11:31]	坚韧 a->an
[2019-01-26 16:11:31]	铭刻 n->v
[2019-01-26 16:11:31]	铭记 n->v
[2019-01-26 16:11:31]	东家 n->nz
[2019-01-26 16:11:31]	了 ule->y
[2019-01-26 16:11:31]	累 a->v
[2019-01-26 16:11:31]	疲劳 a->an
[2019-01-26 16:11:31]	困倦 a->an
[2019-01-26 16:11:31]	倦怠 a->an
[2019-01-26 16:11:31]	礼貌 a->an
[2019-01-26 16:11:31]	李 ng->nr1
[2019-01-26 16:11:31]	理想 a->n
[2019-01-26 16:11:31]	理性 b->n
[2019-01-26 16:11:31]	连 d->n
[2019-01-26 16:11:31]	盟 n->ng
[2019-01-26 16:11:31]	联系 n->v
[2019-01-26 16:11:31]	练习 n->v
[2019-01-26 16:11:31]	辽 b->tg
[2019-01-26 16:11:31]	劣 a->ag
[2019-01-26 16:11:31]	林 n->ng
[2019-01-26 16:11:31]	小气 a->ad
[2019-01-26 16:11:31]	零售 v->vn
[2019-01-26 16:11:31]	另外 c->rz
[2019-01-26 16:11:31]	小产 v->vi
[2019-01-26 16:11:31]	流行 a->v
[2019-01-26 16:11:31]	柳 n->ng
[2019-01-26 16:11:31]	漏 ng->v
[2019-01-26 16:11:31]	滴 q->v
[2019-01-26 16:11:31]	露 ng->v
[2019-01-26 16:11:31]	旅游 vi->vn
[2019-01-26 16:11:31]	动感 b->n
[2019-01-26 16:11:31]	乱 a->d
[2019-01-26 16:11:31]	轮班 vd->vn
[2019-01-26 16:11:31]	转 ng->v
[2019-01-26 16:11:31]	麻 a->n
[2019-01-26 16:11:31]	麻烦 a->an
[2019-01-26 16:11:31]	烦恼 a->an
[2019-01-26 16:11:31]	马 b->n
[2019-01-26 16:11:31]	馒头 n->gms
[2019-01-26 16:11:31]	满 a->v
[2019-01-26 16:11:31]	满足 a->v
[2019-01-26 16:11:31]	忙 a->v
[2019-01-26 16:11:31]	蒙 b->vi
[2019-01-26 16:11:31]	毛 a->nr1
[2019-01-26 16:11:31]	矛盾 a->an
[2019-01-26 16:11:31]	冒险 vd->vi
[2019-01-26 16:11:31]	贸易 v->vn
[2019-01-26 16:11:31]	没有 d->v
[2019-01-26 16:11:31]	无 d->v
[2019-01-26 16:11:31]	美 a->b
[2019-01-26 16:11:31]	住院 vd->vi
[2019-01-26 16:11:31]	耳语 n->vi
[2019-01-26 16:11:31]	秘密 a->n
[2019-01-26 16:11:31]	机密 a->n
[2019-01-26 16:11:31]	免费 vd->vi
[2019-01-26 16:11:31]	勉强 a->v
[2019-01-26 16:11:31]	民主 a->an
[2019-01-26 16:11:31]	起名 vi->v
[2019-01-26 16:11:31]	模范 a->n
[2019-01-26 16:11:31]	模拟 b->v
[2019-01-26 16:11:31]	磨 n->v
[2019-01-26 16:11:31]	生分 a->ad
[2019-01-26 16:11:31]	墨 b->n
[2019-01-26 16:11:31]	母 b->ng
[2019-01-26 16:11:31]	木 a->ng
[2019-01-26 16:11:31]	捐款 n->vi
[2019-01-26 16:11:31]	拿 p->v
[2019-01-26 16:11:31]	上税 v->vi
[2019-01-26 16:11:31]	委屈 a->v
[2019-01-26 16:11:31]	悲痛 a->an
[2019-01-26 16:11:31]	内蒙古自治区 ns->nz
[2019-01-26 16:11:31]	倪 x->n
[2019-01-26 16:11:31]	拟人 n->nz
[2019-01-26 16:11:31]	年 n->qt
[2019-01-26 16:11:31]	年岁 n->nl
[2019-01-26 16:11:31]	年事 n->nl
[2019-01-26 16:11:31]	凝眸 vd->vi
[2019-01-26 16:11:31]	牛 ag->n
[2019-01-26 16:11:31]	努力 a->an
[2019-01-26 16:11:31]	暖 a->v
[2019-01-26 16:11:31]	温暖 a->an
[2019-01-26 16:11:31]	温热 a->an
[2019-01-26 16:11:31]	和暖 a->an
[2019-01-26 16:11:31]	偶尔 b->d
[2019-01-26 16:11:31]	扑 o->v
[2019-01-26 16:11:31]	攀 b->v
[2019-01-26 16:11:31]	拍 ng->v
[2019-01-26 16:11:31]	排 n->v
[2019-01-26 16:11:31]	排队 n->vi
[2019-01-26 16:11:31]	派出所 n->gms
[2019-01-26 16:11:31]	派遣 v->gms
[2019-01-26 16:11:31]	派出 v->gms
[2019-01-26 16:11:31]	判断 n->v
[2019-01-26 16:11:31]	抛 nr1->v
[2019-01-26 16:11:31]	配套 a->v
[2019-01-26 16:11:31]	烹饪 n->vi
[2019-01-26 16:11:31]	相知 n->v
[2019-01-26 16:11:31]	捧 q->v
[2019-01-26 16:11:31]	批发 v->vn
[2019-01-26 16:11:31]	偏 a->d
[2019-01-26 16:11:31]	单方面 b->n
[2019-01-26 16:11:31]	飘 a->v
[2019-01-26 16:11:31]	撇 q->v
[2019-01-26 16:11:31]	应邀 vd->vi
[2019-01-26 16:11:31]	平 a->v
[2019-01-26 16:11:31]	通常 b->d
[2019-01-26 16:11:31]	破 a->v
[2019-01-26 16:11:31]	铺 n->v
[2019-01-26 16:11:31]	普及 a->v
[2019-01-26 16:11:31]	遍地 vd->vi
[2019-01-26 16:11:31]	限期 n->vi
[2019-01-26 16:11:31]	奇怪 a->v
[2019-01-26 16:11:31]	祷告 v->vn
[2019-01-26 16:11:31]	辗转 vd->vi
[2019-01-26 16:11:31]	蜿蜒 v->z
[2019-01-26 16:11:31]	启示 v->vn
[2019-01-26 16:11:31]	矜持 a->an
[2019-01-26 16:11:31]	署名 n->vi
[2019-01-26 16:11:31]	签名 n->vi
[2019-01-26 16:11:31]	前天 n->t
[2019-01-26 16:11:31]	壮 a->v
[2019-01-26 16:11:31]	争 ng->v
[2019-01-26 16:11:31]	乔木 n->nr
[2019-01-26 16:11:31]	切 ag->v
[2019-01-26 16:11:31]	亲近 a->v
[2019-01-26 16:11:31]	明确 a->v
[2019-01-26 16:11:31]	纯洁 a->v
[2019-01-26 16:11:31]	清明 a->t
[2019-01-26 16:11:31]	晴 an->vi
[2019-01-26 16:11:31]	让 p->v
[2019-01-26 16:11:31]	祝 ng->v
[2019-01-26 16:11:31]	贺 ng->vg
[2019-01-26 16:11:31]	秋 ng->tg
[2019-01-26 16:11:31]	求 ng->v
[2019-01-26 16:11:31]	曲 ag->n
[2019-01-26 16:11:31]	出 q->vf
[2019-01-26 16:11:31]	泉 n->ng
[2019-01-26 16:11:31]	缺 n->v
[2019-01-26 16:11:31]	欠缺 a->vi
[2019-01-26 16:11:31]	火 a->n
[2019-01-26 16:11:31]	夏 ng->tg
[2019-01-26 16:11:31]	热情 a->an
[2019-01-26 16:11:31]	热气球 n->gjtgj
[2019-01-26 16:11:31]	热心 a->v
[2019-01-26 16:11:31]	热忱 a->an
[2019-01-26 16:11:31]	热诚 a->an
[2019-01-26 16:11:31]	委任 n->v
[2019-01-26 16:11:31]	依旧 d->z
[2019-01-26 16:11:31]	照旧 d->v
[2019-01-26 16:11:31]	肉 a->n
[2019-01-26 16:11:31]	肉 a->gms
[2019-01-26 16:11:31]	撒 n->v
[2019-01-26 16:11:31]	塞 b->v
[2019-01-26 16:11:31]	堵 a->v
[2019-01-26 16:11:31]	信步 vd->vi
[2019-01-26 16:11:31]	土 a->n
[2019-01-26 16:11:31]	上 b->f
[2019-01-26 16:11:31]	设计 n->v
[2019-01-26 16:11:31]	摄像 n->vi
[2019-01-26 16:11:31]	申请 n->v
[2019-01-26 16:11:31]	全身 b->n
[2019-01-26 16:11:31]	体 k->ng
[2019-01-26 16:11:31]	身段 n->nz
[2019-01-26 16:11:31]	深入 a->v
[2019-01-26 16:11:31]	深度 ad->n
[2019-01-26 16:11:31]	神气 a->n
[2019-01-26 16:11:31]	升 q->v
[2019-01-26 16:11:31]	增值 n->vi
[2019-01-26 16:11:31]	生 a->v
[2019-01-26 16:11:31]	生产 n->v
[2019-01-26 16:11:31]	出产 n->v
[2019-01-26 16:11:31]	生活 vi->vn
[2019-01-26 16:11:31]	胜利 ad->vi
[2019-01-26 16:11:31]	失落 a->v
[2019-01-26 16:11:31]	狮 n->ng
[2019-01-26 16:11:31]	滋润 a->v
[2019-01-26 16:11:31]	温润 a->an
[2019-01-26 16:11:31]	石 b->ng
[2019-01-26 16:11:31]	时刻 d->n
[2019-01-26 16:11:31]	实践 n->v
[2019-01-26 16:11:31]	实质 a->n
[2019-01-26 16:11:31]	示范 vi->vn
[2019-01-26 16:11:31]	凡间 s->n
[2019-01-26 16:11:31]	是 ng->vshi
[2019-01-26 16:11:31]	便是 v->vd
[2019-01-26 16:11:31]	是否 d->v
[2019-01-26 16:11:31]	释迦牟尼 n->nrf
[2019-01-26 16:11:31]	收条 n->nz
[2019-01-26 16:11:31]	手 k->n
[2019-01-26 16:11:31]	手工 d->n
[2019-01-26 16:11:31]	守法 vd->vi
[2019-01-26 16:11:31]	首创 nz->v
[2019-01-26 16:11:31]	首先 c->d
[2019-01-26 16:11:31]	初 d->f
[2019-01-26 16:11:31]	最初 b->d
[2019-01-26 16:11:31]	禁不起 v->vd
[2019-01-26 16:11:31]	本 d->rz
[2019-01-26 16:11:31]	册 ng->q
[2019-01-26 16:11:31]	书册 n->nl
[2019-01-26 16:11:31]	疏松 a->vn
[2019-01-26 16:11:31]	熟悉 a->v
[2019-01-26 16:11:31]	属实 a->v
[2019-01-26 16:11:31]	鼠 n->ng
[2019-01-26 16:11:31]	竖 n->v
[2019-01-26 16:11:31]	刷 o->v
[2019-01-26 16:11:31]	帅 ng->nr1
[2019-01-26 16:11:31]	水笔 n->nz
[2019-01-26 16:11:31]	说 ng->v
[2019-01-26 16:11:31]	讲 ng->v
[2019-01-26 16:11:31]	司 n->ng
[2019-01-26 16:11:31]	松 a->v
[2019-01-26 16:11:31]	松懈 a->v
[2019-01-26 16:11:31]	宋 nr1->tg
[2019-01-26 16:11:31]	孙 n->nr1
[2019-01-26 16:11:31]	孙子 n->nr
[2019-01-26 16:11:31]	锁 n->v
[2019-01-26 16:11:31]	塔 b->n
[2019-01-26 16:11:31]	贪吃 an->v
[2019-01-26 16:11:31]	贪心 a->v
[2019-01-26 16:11:31]	弹 ng->v
[2019-01-26 16:11:31]	烫 a->v
[2019-01-26 16:11:31]	特别 a->d
[2019-01-26 16:11:31]	希罕 a->v
[2019-01-26 16:11:31]	疼痛 a->an
[2019-01-26 16:11:31]	挑剔 a->v
[2019-01-26 16:11:31]	提成 n->vi
[2019-01-26 16:11:31]	提议 n->v
[2019-01-26 16:11:31]	田野 n->nr
[2019-01-26 16:11:31]	唐 b->tg
[2019-01-26 16:11:31]	甘甜 a->an
[2019-01-26 16:11:31]	担 ng->v
[2019-01-26 16:11:31]	调控 v->vn
[2019-01-26 16:11:31]	跳 q->vi
[2019-01-26 16:11:31]	跳水 vi->vn
[2019-01-26 16:11:31]	跳远 vi->vn
[2019-01-26 16:11:31]	听 q->v
[2019-01-26 16:11:31]	通信 vi->vn
[2019-01-26 16:11:31]	同时 c->n
[2019-01-26 16:11:31]	同期 d->f
[2019-01-26 16:11:31]	统一 a->v
[2019-01-26 16:11:31]	痛苦 a->an
[2019-01-26 16:11:31]	头 k->n
[2019-01-26 16:11:31]	投资 n->v
[2019-01-26 16:11:31]	投入 a->v
[2019-01-26 16:11:31]	突出 a->v
[2019-01-26 16:11:31]	团结 a->v
[2019-01-26 16:11:31]	托 ng->v
[2019-01-26 16:11:31]	歪 a->v
[2019-01-26 16:11:31]	倾斜 vd->vi
[2019-01-26 16:11:31]	斜 a->v
[2019-01-26 16:11:31]	弯 a->v
[2019-01-26 16:11:31]	完善 a->v
[2019-01-26 16:11:31]	玩 ng->v
[2019-01-26 16:11:31]	夜晚 n->t
[2019-01-26 16:11:31]	夜间 f->t
[2019-01-26 16:11:31]	万 d->m
[2019-01-26 16:11:31]	万一 c->d
[2019-01-26 16:11:31]	联网 vd->vi
[2019-01-26 16:11:31]	望 ng->v
[2019-01-26 16:11:31]	无益 a->vi
[2019-01-26 16:11:31]	危险 a->an
[2019-01-26 16:11:31]	威风 a->an
[2019-01-26 16:11:31]	霸气 an->n
[2019-01-26 16:11:31]	微 a->nz
[2019-01-26 16:11:31]	违法 vd->vi
[2019-01-26 16:11:31]	相反 d->vi
[2019-01-26 16:11:31]	浩瀚 a->z
[2019-01-26 16:11:31]	卫生 a->an
[2019-01-26 16:11:31]	位 ng->q
[2019-01-26 16:11:31]	喂 e->v
[2019-01-26 16:11:31]	问候 v->vn
[2019-01-26 16:11:31]	温和 a->nr
[2019-01-26 16:11:31]	刻薄 a->an
[2019-01-26 16:11:31]	文明 a->n
[2019-01-26 16:11:31]	闻 ng->v
[2019-01-26 16:11:31]	问 ng->v
[2019-01-26 16:11:31]	咨询 v->vn
[2019-01-26 16:11:31]	无轨电车 nl->gjtgj
[2019-01-26 16:11:31]	无限 a->vi
[2019-01-26 16:11:31]	无穷 d->z
[2019-01-26 16:11:31]	时价 n->nl
[2019-01-26 16:11:31]	东西 f->n
[2019-01-26 16:11:31]	误工 vi->vn
[2019-01-26 16:11:31]	西 b->f
[2019-01-26 16:11:31]	希望 n->v
[2019-01-26 16:11:31]	就义 vi->v
[2019-01-26 16:11:31]	舍身 d->v
[2019-01-26 16:11:31]	习 ng->vg
[2019-01-26 16:11:31]	系统 a->n
[2019-01-26 16:11:31]	地 n->nz
[2019-01-26 16:11:31]	先后 d->ad
[2019-01-26 16:11:31]	娇艳 a->an
[2019-01-26 16:11:31]	现代 n->t
[2019-01-26 16:11:31]	现实 a->n
[2019-01-26 16:11:31]	相当 d->vi
[2019-01-26 16:11:31]	等同 vd->vi
[2019-01-26 16:11:31]	同样 b->d
[2019-01-26 16:11:31]	香 a->n
[2019-01-26 16:11:31]	想像 v->vd
[2019-01-26 16:11:31]	向 dg->p
[2019-01-26 16:11:31]	朝 b->p
[2019-01-26 16:11:31]	象 n->ng
[2019-01-26 16:11:31]	像 d->v
[2019-01-26 16:11:31]	仿佛 d->v
[2019-01-26 16:11:31]	似 d->vg
[2019-01-26 16:11:31]	飘逸 a->v
[2019-01-26 16:11:31]	童 b->ng
[2019-01-26 16:11:31]	小寒 t->nz
[2019-01-26 16:11:31]	小满 t->nz
[2019-01-26 16:11:31]	小雪 n->nr
[2019-01-26 16:11:31]	艰辛 a->an
[2019-01-26 16:11:31]	辛酸 a->an
[2019-01-26 16:11:31]	新词 n->nl
[2019-01-26 16:11:31]	信 ag->n
[2019-01-26 16:11:31]	信用 a->n
[2019-01-26 16:11:31]	兴奋 a->v
[2019-01-26 16:11:31]	成 a->v
[2019-01-26 16:11:31]	形象 a->n
[2019-01-26 16:11:31]	醒 ng->v
[2019-01-26 16:11:31]	幸福 a->happ
[2019-01-26 16:11:31]	性 k->ng
[2019-01-26 16:11:31]	姓 n->v
[2019-01-26 16:11:31]	名 ag->q
[2019-01-26 16:11:31]	邪恶 a->an
[2019-01-26 16:11:31]	胸 n->ng
[2019-01-26 16:11:31]	公 ad->ng
[2019-01-26 16:11:31]	休假 n->vi
[2019-01-26 16:11:31]	虚伪 a->an
[2019-01-26 16:11:31]	徐 ag->nr1
[2019-01-26 16:11:31]	许 dg->m
[2019-01-26 16:11:31]	学龄 b->n
[2019-01-26 16:11:31]	压抑 a->v
[2019-01-26 16:11:31]	鸭 n->ng
[2019-01-26 16:11:31]	延长 ns->v
[2019-01-26 16:11:31]	延期 vd->vi
[2019-01-26 16:11:31]	缓期 vd->vi
[2019-01-26 16:11:31]	严正 a->nr
[2019-01-26 16:11:31]	高温 an->n
[2019-01-26 16:11:31]	火热 a->z
[2019-01-26 16:11:31]	研究 n->v
[2019-01-26 16:11:31]	演习 v->vn
[2019-01-26 16:11:31]	杨 ng->nr1
[2019-01-26 16:11:31]	阳性 b->n
[2019-01-26 16:11:31]	仰泳 vi->vn
[2019-01-26 16:11:31]	也 b->d
[2019-01-26 16:11:31]	进行 vn->vx
[2019-01-26 16:11:31]	布 b->n
[2019-01-26 16:11:31]	穿戴 n->v
[2019-01-26 16:11:31]	依靠 n->v
[2019-01-26 16:11:31]	移动 v->vn
[2019-01-26 16:11:31]	遗传 n->vn
[2019-01-26 16:11:31]	遗憾 a->sorr
[2019-01-26 16:11:31]	遗存 vi->vn
[2019-01-26 16:11:31]	往时 t->tg
[2019-01-26 16:11:31]	义务 d->n
[2019-01-26 16:11:31]	艺术 a->n
[2019-01-26 16:11:31]	意旨 n->nl
[2019-01-26 16:11:31]	因为 c->p
[2019-01-26 16:11:31]	由于 c->p
[2019-01-26 16:11:31]	银 b->ng
[2019-01-26 16:11:31]	引 ng->v
[2019-01-26 16:11:31]	隐蔽 a->v
[2019-01-26 16:11:31]	隐秘 a->n
[2019-01-26 16:11:31]	印染 v->vn
[2019-01-26 16:11:31]	印 b->v
[2019-01-26 16:11:31]	图章 n->nz
[2019-01-26 16:11:31]	应当 d->v
[2019-01-26 16:11:31]	俊杰 n->nr
[2019-01-26 16:11:31]	影响 n->v
[2019-01-26 16:11:31]	拥挤 a->vi
[2019-01-26 16:11:31]	勇于 d->v
[2019-01-26 16:11:31]	骁勇 a->an
[2019-01-26 16:11:31]	用 ng->p
[2019-01-26 16:11:31]	以 b->p
[2019-01-26 16:11:31]	优胜 a->vi
[2019-01-26 16:11:31]	优先 ad->v
[2019-01-26 16:11:31]	悠远 an->z
[2019-01-26 16:11:31]	油条 n->gms
[2019-01-26 16:11:31]	友善 a->nr
[2019-01-26 16:11:31]	又 c->d
[2019-01-26 16:11:31]	右 a->f
[2019-01-26 16:11:31]	于 ng->p
[2019-01-26 16:11:31]	初赛 n->vi
[2019-01-26 16:11:31]	预言 n->v
[2019-01-26 16:11:31]	冤枉 a->v
[2019-01-26 16:11:31]	原来 b->d
[2019-01-26 16:11:31]	原本 d->n
[2019-01-26 16:11:31]	原则 d->n
[2019-01-26 16:11:31]	圆 a->vg
[2019-01-26 16:11:31]	约会 n->vi
[2019-01-26 16:11:31]	局限 n->vi
[2019-01-26 16:11:31]	云 b->n
[2019-01-26 16:11:31]	正好 z->tg
[2019-01-26 16:11:31]	在 d->p
[2019-01-26 16:11:31]	当 ng->p
[2019-01-26 16:11:31]	暂时 b->d
[2019-01-26 16:11:31]	眼前 s->t
[2019-01-26 16:11:31]	负债 n->vi
[2019-01-26 16:11:31]	站 n->vi
[2019-01-26 16:11:31]	把握 n->v
[2019-01-26 16:11:31]	左右 f->m
[2019-01-26 16:11:31]	折价 vd->vi
[2019-01-26 16:11:31]	真 a->d
[2019-01-26 16:11:31]	实际 a->n
[2019-01-26 16:11:31]	真心 ad->n
[2019-01-26 16:11:31]	衷心 b->d
[2019-01-26 16:11:31]	振动 vi->vn
[2019-01-26 16:11:31]	颠簸 vd->vi
[2019-01-26 16:11:31]	振荡 vi->vn
[2019-01-26 16:11:31]	争议 n->vn
[2019-01-26 16:11:31]	整体 m->n
[2019-01-26 16:11:31]	正 a->d
[2019-01-26 16:11:31]	正面 a->n
[2019-01-26 16:11:31]	正理 n->nl
[2019-01-26 16:11:31]	证明 n->v
[2019-01-26 16:11:31]	对证 vn->n
[2019-01-26 16:11:31]	对照 p->v
[2019-01-26 16:11:31]	说明 n->v
[2019-01-26 16:11:31]	消费 n->vn
[2019-01-26 16:11:31]	明白 a->v
[2019-01-26 16:11:31]	了然 a->v
[2019-01-26 16:11:31]	知 ag->v
[2019-01-26 16:11:31]	直 a->d
[2019-01-26 16:11:31]	直线 d->n
[2019-01-26 16:11:31]	张 ng->q
[2019-01-26 16:11:31]	指挥 n->v
[2019-01-26 16:11:31]	指导 n->v
[2019-01-26 16:11:31]	中档 b->nl
[2019-01-26 16:11:31]	中国 ns->nz
[2019-01-26 16:11:31]	华夏 n->nz
[2019-01-26 16:11:31]	中央 f->n
[2019-01-26 16:11:31]	忠诚 a->v
[2019-01-26 16:11:31]	种 ng->v
[2019-01-26 16:11:31]	重 a->v
[2019-01-26 16:11:31]	关键 a->n
[2019-01-26 16:11:31]	重视 a->v
[2019-01-26 16:11:31]	周 ag->nr1
[2019-01-26 16:11:31]	昼夜 d->n
[2019-01-26 16:11:31]	皱 n->v
[2019-01-26 16:11:31]	朱 ag->nr1
[2019-01-26 16:11:31]	竹 n->ng
[2019-01-26 16:11:31]	主观 a->n
[2019-01-26 16:11:31]	主演 n->v
[2019-01-26 16:11:31]	助理 b->n
[2019-01-26 16:11:31]	大名鼎鼎 al->vl
[2019-01-26 16:11:31]	专门 b->d
[2019-01-26 16:11:31]	专注 a->vi
[2019-01-26 16:11:31]	埋头 vd->vi
[2019-01-26 16:11:31]	专业 a->n
[2019-01-26 16:11:31]	拐弯 n->vi
[2019-01-26 16:11:31]	华美 a->nz
[2019-01-26 16:11:31]	台 b->n
[2019-01-26 16:11:31]	我方 r->n
[2019-01-26 16:11:31]	自强 vd->vi
[2019-01-26 16:11:31]	自主 vd->vi
[2019-01-26 16:11:31]	自然 a->n
[2019-01-26 16:11:31]	自信 a->v
[2019-01-26 16:11:31]	自修 v->vl
[2019-01-26 16:11:31]	综合 a->vn
[2019-01-26 16:11:31]	总结 n->v
[2019-01-26 16:11:31]	纵横 n->v
[2019-01-26 16:11:31]	走私 b->v
[2019-01-26 16:11:31]	构成 n->v
[2019-01-26 16:11:31]	太 a->d
[2019-01-26 16:11:31]	到底 d->vi
[2019-01-26 16:11:31]	孝顺 a->v
[2019-01-26 16:11:31]	遵照 p->v
[2019-01-26 16:11:31]	作 ng->v
[2019-01-26 16:11:31]	零 a->m
[2019-01-26 16:11:31]	一 d->m
[2019-01-26 16:11:31]	九 b->m
[2019-01-26 16:11:31]	低价 ad->n
[2019-01-26 16:11:31]	火车站 n->gjtgj
[2019-01-26 16:11:31]	小时候 n->t
[2019-01-26 16:11:31]	综合性 b->n
[2019-01-26 16:11:31]	高价 d->n
[2019-01-26 16:11:31]	中考 n->v
[2019-01-26 16:11:31]	无效 a->vi
[2019-01-26 16:11:31]	爱人 n->nz
[2019-01-26 16:11:31]	把手 n->nz
[2019-01-26 16:11:31]	人为 b->d
[2019-01-26 16:11:31]	靠山 n->nz
[2019-01-26 16:11:31]	他人 rr->r
[2019-01-26 16:11:31]	不结盟 vi->vn
[2019-01-26 16:11:31]	不是 c->n
[2019-01-26 16:11:31]	不行 a->v
[2019-01-26 16:11:31]	不能 v->vi
[2019-01-26 16:11:31]	不会 v->vi
[2019-01-26 16:11:31]	车号 n->nz
[2019-01-26 16:11:31]	同党 n->nz
[2019-01-26 16:11:31]	上流 b->n
[2019-01-26 16:11:31]	出血 vi->v
[2019-01-26 16:11:31]	打的 v->vi
[2019-01-26 16:11:31]	除法 n->nz
[2019-01-26 16:11:31]	从中 d->n
[2019-01-26 16:11:31]	从宽 d->v
[2019-01-26 16:11:31]	从重 d->v
[2019-01-26 16:11:31]	搭建 v->vd
[2019-01-26 16:11:31]	各人 rr->r
[2019-01-26 16:11:31]	中选 vi->v
[2019-01-26 16:11:31]	各处 rzs->r
[2019-01-26 16:11:31]	四处 d->vi
[2019-01-26 16:11:31]	大路 n->nz
[2019-01-26 16:11:31]	拨打 v->vd
[2019-01-26 16:11:31]	大跌 v->vn
[2019-01-26 16:11:31]	会话 v->vn
[2019-01-26 16:11:31]	对应 vi->v
[2019-01-26 16:11:31]	有余 m->v
[2019-01-26 16:11:31]	要领 n->nz
[2019-01-26 16:11:31]	下学 v->vd
[2019-01-26 16:11:31]	分号 n->nz
[2019-01-26 16:11:31]	不合 v->n
[2019-01-26 16:11:31]	高等 b->a
[2019-01-26 16:11:31]	老大 a->n
[2019-01-26 16:11:31]	还给 v->vd
[2019-01-26 16:11:31]	对等 vi->vn
[2019-01-26 16:11:31]	有心 v->vd
[2019-01-26 16:11:31]	说法 n->nz
[2019-01-26 16:11:31]	真的 a->d
[2019-01-26 16:11:31]	大喊 v->vd
[2019-01-26 16:11:31]	后天 n->t
[2019-01-26 16:11:31]	回家 vi->v
[2019-01-26 16:11:31]	总会 d->n
[2019-01-26 16:11:31]	好多 m->a
[2019-01-26 16:11:31]	才能 n->v
[2019-01-26 16:11:31]	大奖 n->nz
[2019-01-26 16:11:31]	自大 a->an
[2019-01-26 16:11:31]	无礼 a->ad
[2019-01-26 16:11:31]	自得 an->a
[2019-01-26 16:11:31]	开关 n->v
[2019-01-26 16:11:31]	看不起 v->vn
[2019-01-26 16:11:31]	看得起 v->vn
[2019-01-26 16:11:31]	完了 vi->n
[2019-01-26 16:11:31]	理事 n->nz
[2019-01-26 16:11:31]	一口气 d->n
[2019-01-26 16:11:31]	本心 n->nl
[2019-01-26 16:11:31]	论说 vn->vl
[2019-01-26 16:11:31]	中意 a->n
[2019-01-26 16:11:31]	没用 a->v
[2019-01-26 16:11:31]	天天 d->q
[2019-01-26 16:11:31]	秒钟 n->q
[2019-01-26 16:11:31]	他俩 r->n
[2019-01-26 16:11:31]	年间 f->n
[2019-01-26 16:11:31]	江米 n->nz
[2019-01-26 16:11:31]	省钱 a->v
[2019-01-26 16:11:31]	早起 vi->v
[2019-01-26 16:11:31]	开车 vi->v
[2019-01-26 16:11:31]	千米 q->qv
[2019-01-26 16:11:31]	签定 v->vn
[2019-01-26 16:11:31]	好天 n->nz
[2019-01-26 16:11:31]	日食 n->nz
[2019-01-26 16:11:31]	火烧 n->v
[2019-01-26 16:11:31]	就是 c->n
[2019-01-26 16:11:31]	是不是 v->vd
[2019-01-26 16:11:31]	手指 n->nz
[2019-01-26 16:11:31]	国都 d->n
[2019-01-26 16:11:31]	得手 a->v
[2019-01-26 16:11:31]	大小 n->nz
[2019-01-26 16:11:31]	了得 a->ad
[2019-01-26 16:11:31]	脱钩 vi->v
[2019-01-26 16:11:31]	问号 n->nz
[2019-01-26 16:11:31]	西藏自治区 ns->nz
[2019-01-26 16:11:31]	小便 v->vi
[2019-01-26 16:11:31]	好在 d->v
[2019-01-26 16:11:31]	双眼 n->nz
[2019-01-26 16:11:31]	一角 n->v
[2019-01-26 16:11:31]	一元 b->nz
[2019-01-26 16:11:31]	引号 n->nz
[2019-01-26 16:11:31]	有用 a->n
[2019-01-26 16:11:31]	像片 n->nz
[2019-01-26 16:11:31]	争抢 v->vd
[2019-01-26 16:11:31]	小我 n->nz
[2019-01-26 16:11:31]	文字 n->nz
[2019-01-26 16:11:31]	不好 a->n
[2019-01-26 16:11:31]	下雨 vi->v
[2019-01-26 16:11:31]	多功能 b->n
[2019-01-26 16:11:31]	从未 d->n
[2019-01-26 16:11:31]	南北 f->n
[2019-01-26 16:11:31]	从不 d->n
[2019-01-26 16:11:31]	干什么 r->v
[2019-01-26 16:11:31]	不准 v->n
[2019-01-26 16:11:31]	开门 vd->n
[2019-01-26 16:11:31]	睡着 v->vd
[2019-01-26 16:11:31]	呼吸 v->vi
[2019-01-26 16:11:31]	长达 v->vl
[2019-01-26 16:11:31]	首次 m->n
[2019-01-26 16:11:31]	日间 t->nl
[2019-01-26 16:11:31]	辩护人 n->nz
[2019-01-26 16:11:31]	正在 d->n
[2019-01-26 16:11:31]	下流 a->s
[2019-01-26 16:11:31]	怎么办 ryv->n
[2019-01-26 16:11:31]	你好 vl->n
[2019-01-26 16:11:31]	正数 v->n
[2019-01-26 16:11:31]	三角 n->ns
[2019-01-26 16:11:31]	分区 n->v
[2019-01-26 16:11:31]	回车 vi->v
[2019-01-26 16:11:31]	选项 n->v
[2019-01-26 16:11:31]	打字 vi->vn
[2019-01-26 16:11:31]	百度 nz->mq
[2019-01-26 16:11:31]	同呼吸 vl->nl
[2019-01-26 16:11:31]	记得 v->n
[2019-01-26 16:11:31]	还是 c->n
[2019-01-26 16:11:31]	有点 d->n
[2019-01-26 16:11:31]	吃药 v->n
