[2019-04-25 13:47:05]	到校 v->n
[2019-04-25 13:47:05]	一对 mq->n
[2019-04-25 13:47:05]	本分 a->n
[2019-04-25 13:47:05]	按时 d->n
[2019-04-25 13:47:05]	一定 b->n
[2019-04-25 13:47:05]	不结盟 vi->n
[2019-04-25 13:47:05]	不是 c->n
[2019-04-25 13:47:05]	不能 v->n
[2019-04-25 13:47:05]	不会 v->n
[2019-04-25 13:47:05]	出血 vi->n
[2019-04-25 13:47:05]	打的 v->n
[2019-04-25 13:47:05]	除外 vi->n
[2019-04-25 13:47:05]	春分 t->n
[2019-04-25 13:47:05]	从宽 d->n
[2019-04-25 13:47:05]	从重 d->n
[2019-04-25 13:47:05]	搭建 v->n
[2019-04-25 13:47:05]	大寒 t->n
[2019-04-25 13:47:05]	当面 d->n
[2019-04-25 13:47:05]	会话 v->n
[2019-04-25 13:47:05]	分米 q->n
[2019-04-25 13:47:05]	次要 b->n
[2019-04-25 13:47:05]	成心 d->n
[2019-04-25 13:47:05]	一齐 d->n
[2019-04-25 13:47:05]	还账 v->n
[2019-04-25 13:47:05]	不准 v->n
[2019-04-25 13:47:05]	看不起 v->n
[2019-04-25 13:47:05]	看得起 v->n
[2019-04-25 13:47:05]	小产 v->n
[2019-04-25 13:47:05]	天天 d->n
[2019-04-25 13:47:05]	起名 vi->n
[2019-04-25 13:47:05]	上税 v->n
[2019-04-25 13:47:05]	他俩 r->n
[2019-04-25 13:47:05]	千米 q->n
[2019-04-25 13:47:05]	是不是 v->n
[2019-04-25 13:47:05]	禁不起 v->n
[2019-04-25 13:47:05]	先后 d->n
[2019-04-25 13:47:05]	小便 v->n
[2019-04-25 13:47:05]	小满 t->n
[2019-04-25 13:47:05]	吃药 v->n
[2019-04-25 13:47:05]	一元 b->n
[2019-04-25 13:47:05]	正好 z->n
[2019-04-25 13:47:05]	对证 vn->n
[2019-04-25 13:47:05]	中档 b->n
[2019-04-25 13:47:05]	自修 v->n
[2019-04-25 13:47:05]	到底 d->n
[2019-04-25 13:47:05]	和缓 a->n
[2019-04-25 13:47:05]	人为 b->n
[2019-04-25 13:47:05]	长达 v->n
[2019-04-25 13:47:05]	上流 b->n
[2019-04-25 13:47:05]	喜好 an->n
[2019-04-25 13:47:05]	从中 d->n
[2019-04-25 13:47:05]	各人 rr->n
[2019-04-25 13:47:05]	中选 vi->n
[2019-04-25 13:47:05]	各处 rzs->n
[2019-04-25 13:47:05]	四处 d->n
[2019-04-25 13:47:05]	上岸 vi->n
[2019-04-25 13:47:05]	拨打 v->n
[2019-04-25 13:47:05]	大跌 v->n
[2019-04-25 13:47:05]	好多 m->n
[2019-04-25 13:47:05]	下学 v->n
[2019-04-25 13:47:05]	不合 v->n
[2019-04-25 13:47:05]	高等 b->n
[2019-04-25 13:47:05]	老大 a->n
[2019-04-25 13:47:05]	还给 v->n
[2019-04-25 13:47:05]	对等 vi->n
[2019-04-25 13:47:05]	有心 v->n
[2019-04-25 13:47:05]	真的 a->n
[2019-04-25 13:47:05]	大喊 v->n
[2019-04-25 13:47:05]	总会 d->n
[2019-04-25 13:47:05]	该死 vi->n
[2019-04-25 13:47:05]	一口气 d->n
[2019-04-25 13:47:05]	小气 a->n
[2019-04-25 13:47:05]	论说 vn->n
[2019-04-25 13:47:05]	中意 a->n
[2019-04-25 13:47:05]	生分 a->n
[2019-04-25 13:47:05]	内蒙古自治区 ns->n
[2019-04-25 13:47:05]	年间 f->n
[2019-04-25 13:47:05]	和暖 a->n
[2019-04-25 13:47:05]	省钱 a->n
[2019-04-25 13:47:05]	单方面 b->n
[2019-04-25 13:47:05]	早起 vi->n
[2019-04-25 13:47:05]	签定 v->n
[2019-04-25 13:47:05]	凡间 s->n
[2019-04-25 13:47:05]	就是 c->n
[2019-04-25 13:47:05]	便是 v->n
[2019-04-25 13:47:05]	国都 d->n
[2019-04-25 13:47:05]	首次 m->n
[2019-04-25 13:47:05]	睡着 v->n
[2019-04-25 13:47:05]	了得 a->n
[2019-04-25 13:47:05]	西藏自治区 ns->n
[2019-04-25 13:47:05]	想像 v->n
[2019-04-25 13:47:05]	好在 d->n
[2019-04-25 13:47:05]	往时 t->n
[2019-04-25 13:47:05]	争抢 v->n
[2019-04-25 13:47:05]	正在 d->n
[2019-04-25 13:47:05]	我方 r->n
[2019-04-25 13:47:05]	多功能 b->n
[2019-04-25 13:47:05]	黑白 b->n
[2019-04-25 13:47:05]	南北 f->n
[2019-04-25 13:47:05]	干什么 r->n
[2019-04-25 13:47:05]	不断 d->n
[2019-04-25 13:47:05]	同呼吸 vl->n
[2019-04-25 13:47:05]	日间 t->n
[2019-04-25 13:47:05]	还是 c->n
[2019-04-25 13:47:05]	有点 d->n
[2019-04-25 13:47:05]	下流 a->n
[2019-04-25 13:47:05]	怎么办 ryv->n
[2019-04-25 13:47:05]	您好 nl->n
[2019-04-25 13:47:05]	你好 vl->n
[2019-04-25 13:47:05]	交售 v->n
[2019-04-25 13:47:05]	找到 v->n
[2019-04-25 13:47:05]	从来 d->n
[2019-04-25 13:47:05]	约分 v->n
[2019-04-25 13:47:05]	正数 v->n
[2019-04-25 13:47:05]	他人 rr->n
[2019-04-25 13:47:05]	不论 c->n
[2019-04-25 13:47:05]	不管 c->n
[2019-04-25 13:47:05]	出事 vi->n
[2019-04-25 13:47:05]	从此 d->n
[2019-04-25 13:47:05]	当时 t->n
[2019-04-25 13:47:05]	对话 vi->n
[2019-04-25 13:47:05]	吃饭 vi->n
[2019-04-25 13:47:05]	更新 v->n
[2019-04-25 13:47:05]	讲课 vi->n
[2019-04-25 13:47:05]	尽心 a->n
[2019-04-25 13:47:05]	立方 q->n
[2019-04-25 13:47:05]	没关系 vl->n
[2019-04-25 13:47:05]	遍地 vd->n
[2019-04-25 13:47:05]	开车 vi->n
[2019-04-25 13:47:05]	因此 c->n
[2019-04-25 13:47:05]	将来 t->n
[2019-04-25 13:47:05]	以前 f->n
[2019-04-25 13:47:05]	先前 t->n
[2019-04-25 13:47:05]	早上 t->n
[2019-04-25 13:47:05]	正月 t->n
[2019-04-25 13:47:05]	难看 a->n
[2019-04-25 13:47:05]	对头 a->n
[2019-04-25 13:47:05]	正当 a->n
[2019-04-25 13:47:05]	不容 v->n
[2019-04-25 13:47:05]	出手 vi->n
[2019-04-25 13:47:05]	着手 v->n
[2019-04-25 13:47:05]	不错 a->n
[2019-04-25 13:47:05]	不便 a->n
[2019-04-25 13:47:05]	得手 a->n
[2019-04-25 13:47:05]	说话 vi->n
[2019-04-25 13:47:05]	特等 b->n
[2019-04-25 13:47:05]	住手 vi->n
[2019-04-25 13:47:05]	共事 vi->n
[2019-04-25 13:47:05]	从前 t->n
[2019-04-25 13:47:05]	已往 t->n
[2019-04-25 13:47:05]	低下 a->n
[2019-04-25 13:47:05]	当中 f->n
[2019-04-25 13:47:05]	不易 a->n
[2019-04-25 13:47:05]	不可 d->n
[2019-04-25 13:47:05]	至此 d->n
[2019-04-25 13:47:05]	不顾 v->n
[2019-04-25 13:47:05]	正派 a->n
[2019-04-25 13:47:05]	不然 a->n
[2019-04-25 13:47:05]	某人 rr->n
[2019-04-25 13:47:05]	一角 n->v
[2019-04-25 13:47:05]	除外 vi->v
[2019-04-25 13:47:05]	爱人 n->nz
[2019-04-25 13:47:05]	把手 n->nz
[2019-04-25 13:47:05]	靠山 n->nz
[2019-04-25 13:47:05]	不行 a->v
[2019-04-25 13:47:05]	不能 v->vi
[2019-04-25 13:47:05]	不会 v->vi
[2019-04-25 13:47:05]	车号 n->nz
[2019-04-25 13:47:05]	同党 n->nz
[2019-04-25 13:47:05]	打的 v->vi
[2019-04-25 13:47:05]	除法 n->nz
[2019-04-25 13:47:05]	从重 d->v
[2019-04-25 13:47:05]	搭建 v->vd
[2019-04-25 13:47:05]	四处 d->vi
[2019-04-25 13:47:05]	拨打 v->vd
[2019-04-25 13:47:05]	大跌 v->vn
[2019-04-25 13:47:05]	会话 v->vn
[2019-04-25 13:47:05]	要领 n->nz
[2019-04-25 13:47:05]	下学 v->vd
[2019-04-25 13:47:05]	分号 n->nz
[2019-04-25 13:47:05]	不合 v->n
[2019-04-25 13:47:05]	高等 b->a
[2019-04-25 13:47:05]	还给 v->vd
[2019-04-25 13:47:05]	有心 v->vd
[2019-04-25 13:47:05]	说法 n->nz
[2019-04-25 13:47:05]	大喊 v->vd
[2019-04-25 13:47:05]	好多 m->a
[2019-04-25 13:47:05]	大奖 n->nz
[2019-04-25 13:47:05]	无礼 a->ad
[2019-04-25 13:47:05]	看不起 v->vn
[2019-04-25 13:47:05]	看得起 v->vn
[2019-04-25 13:47:05]	理事 n->nz
[2019-04-25 13:47:05]	本心 n->nl
[2019-04-25 13:47:05]	论说 vn->vl
[2019-04-25 13:47:05]	他俩 r->n
[2019-04-25 13:47:05]	江米 n->nz
[2019-04-25 13:47:05]	千米 q->qv
[2019-04-25 13:47:05]	签定 v->vn
[2019-04-25 13:47:05]	好天 n->nz
[2019-04-25 13:47:05]	日食 n->nz
[2019-04-25 13:47:05]	是不是 v->vd
[2019-04-25 13:47:05]	手指 n->nz
[2019-04-25 13:47:05]	睡着 v->vd
[2019-04-25 13:47:05]	大小 n->nz
[2019-04-25 13:47:05]	了得 a->ad
[2019-04-25 13:47:05]	问号 n->nz
[2019-04-25 13:47:05]	西藏自治区 ns->nz
[2019-04-25 13:47:05]	小便 v->vi
[2019-04-25 13:47:05]	好在 d->v
[2019-04-25 13:47:05]	双眼 n->nz
[2019-04-25 13:47:05]	一元 b->nz
[2019-04-25 13:47:05]	引号 n->nz
[2019-04-25 13:47:05]	像片 n->nz
[2019-04-25 13:47:05]	争抢 v->vd
[2019-04-25 13:47:05]	小我 n->nz
[2019-04-25 13:47:05]	文字 n->nz
[2019-04-25 13:47:05]	部分 m->n
[2019-04-25 13:47:05]	别名 n->nz
[2019-04-25 13:47:05]	和缓 a->ad
[2019-04-25 13:47:05]	按时 d->ad
[2019-04-25 13:47:05]	春分 t->n
[2019-04-25 13:47:05]	知了 n->nz
[2019-04-25 13:47:05]	车次 n->nz
[2019-04-25 13:47:05]	大寒 t->nz
[2019-04-25 13:47:05]	大料 n->nz
[2019-04-25 13:47:05]	当面 d->n
[2019-04-25 13:47:05]	上岸 vi->v
[2019-04-25 13:47:05]	对仗 n->nz
[2019-04-25 13:47:05]	分米 q->qt
[2019-04-25 13:47:05]	副词 n->nz
[2019-04-25 13:47:05]	次要 b->bl
[2019-04-25 13:47:05]	成心 d->v
[2019-04-25 13:47:05]	还账 v->vi
[2019-04-25 13:47:05]	该死 vi->v
[2019-04-25 13:47:05]	长项 n->nz
[2019-04-25 13:47:05]	借条 n->nz
[2019-04-25 13:47:05]	买家 n->nz
[2019-04-25 13:47:05]	天车 n->nz
[2019-04-25 13:47:05]	东家 n->nz
[2019-04-25 13:47:05]	小气 a->ad
[2019-04-25 13:47:05]	小产 v->vi
[2019-04-25 13:47:05]	起名 vi->v
[2019-04-25 13:47:05]	生分 a->ad
[2019-04-25 13:47:05]	上税 v->vi
[2019-04-25 13:47:05]	内蒙古自治区 ns->nz
[2019-04-25 13:47:05]	拟人 n->nz
[2019-04-25 13:47:05]	年岁 n->nl
[2019-04-25 13:47:05]	年事 n->nl
[2019-04-25 13:47:05]	身段 n->nz
[2019-04-25 13:47:05]	凡间 s->n
[2019-04-25 13:47:05]	便是 v->vd
[2019-04-25 13:47:05]	收条 n->nz
[2019-04-25 13:47:05]	禁不起 v->vd
[2019-04-25 13:47:05]	书册 n->nl
[2019-04-25 13:47:05]	水笔 n->nz
[2019-04-25 13:47:05]	时价 n->nl
[2019-04-25 13:47:05]	就义 vi->v
[2019-04-25 13:47:05]	先后 d->ad
[2019-04-25 13:47:05]	想像 v->vd
[2019-04-25 13:47:05]	小寒 t->nz
[2019-04-25 13:47:05]	小满 t->nz
[2019-04-25 13:47:05]	新词 n->nl
[2019-04-25 13:47:05]	往时 t->tg
[2019-04-25 13:47:05]	意旨 n->nl
[2019-04-25 13:47:05]	图章 n->nz
[2019-04-25 13:47:05]	正好 z->tg
[2019-04-25 13:47:05]	正理 n->nl
[2019-04-25 13:47:05]	对证 vn->n
[2019-04-25 13:47:05]	中档 b->nl
[2019-04-25 13:47:05]	我方 r->n
[2019-04-25 13:47:05]	自修 v->vl
[2019-04-25 13:47:05]	才能 n->v
[2019-04-25 13:47:05]	秒钟 n->q
[2019-04-25 13:47:05]	火烧 n->v
[2019-04-25 13:47:05]	大路 n->nz
[2019-04-25 13:47:05]	自力 n->nz
[2019-04-25 13:47:05]	女星 n->nl
[2019-04-25 13:47:05]	申请人 n->nl
[2019-04-25 13:47:05]	美女 n->nl
[2019-04-25 13:47:05]	联系人 n->nl
[2019-04-25 13:47:05]	便条 n->nl
[2019-04-25 13:47:05]	中农 n->nl
[2019-04-25 13:47:05]	人道 n->nl
[2019-04-25 13:47:05]	资本家 n->nl
[2019-04-25 13:47:05]	水车 n->nl
[2019-04-25 13:47:05]	马戏 n->nl
[2019-04-25 13:47:05]	除数 n->nz
[2019-04-25 13:47:05]	周长 n->nz
[2019-04-25 13:47:05]	小数 n->nz
[2019-04-25 13:47:05]	经线 n->nz
[2019-04-25 13:47:05]	副手 n->nz
[2019-04-25 13:47:05]	三角 n->ns
[2019-04-25 13:47:05]	切线 n->nz
[2019-04-25 13:47:05]	本着 p->nl
[2019-04-25 13:47:05]	报到 vi->v
[2019-04-25 13:47:05]	不够 a->n
[2019-04-25 13:47:05]	不满 a->v
[2019-04-25 13:47:05]	不同 a->ad
[2019-04-25 13:47:05]	大使 n->nl
[2019-04-25 13:47:05]	对应 vi->v
[2019-04-25 13:47:05]	海带 n->nl
[2019-04-25 13:47:05]	后天 n->t
[2019-04-25 13:47:05]	回家 vi->v
[2019-04-25 13:47:05]	开关 n->v
[2019-04-25 13:47:05]	完了 vi->n
[2019-04-25 13:47:05]	没用 a->v
[2019-04-25 13:47:05]	难听 a->v
[2019-04-25 13:47:05]	暖和 a->ad
[2019-04-25 13:47:05]	排比 n->nz
[2019-04-25 13:47:05]	前天 n->t
[2019-04-25 13:47:05]	上当 vi->v
[2019-04-25 13:47:05]	受不了 al->n
[2019-04-25 13:47:05]	从而 c->cc
[2019-04-25 13:47:05]	图像 n->nl
[2019-04-25 13:47:05]	脱钩 vi->v
[2019-04-25 13:47:05]	周到 a->an
[2019-04-25 13:47:05]	等同 vd->v
[2019-04-25 13:47:05]	有用 a->n
[2019-04-25 13:47:05]	再见 vi->v
[2019-04-25 13:47:05]	有时候 d->n
[2019-04-25 13:47:05]	由此 d->n
[2019-04-25 13:47:05]	有余 m->v
[2019-04-25 13:47:05]	请愿 vi->vn
[2019-04-25 13:47:05]	内在 b->n
[2019-04-25 13:47:05]	不好 a->n
[2019-04-25 13:47:05]	共命运 vl->nl
[2019-04-25 13:47:05]	小于 nr->v
[2019-04-25 13:47:05]	大人 n->nl
[2019-04-25 13:47:05]	乘法 n->nl
[2019-04-25 13:47:05]	对手 n->nl
[2019-04-25 13:47:05]	对方 n->nl
[2019-04-25 13:47:05]	成人 n->nl
[2019-04-25 13:47:05]	所在 n->nl
[2019-04-25 13:47:05]	全年 n->nl
[2019-04-25 13:47:05]	年轻人 n->nl
[2019-04-25 13:47:05]	双手 n->nl
[2019-04-25 13:47:05]	亮点 n->nl
[2019-04-25 13:47:05]	所长 n->nl
[2019-04-25 13:47:05]	天下 n->nl
[2019-04-25 13:47:05]	先人 n->nl
[2019-04-25 13:47:05]	正常人 n->nl
[2019-04-25 13:47:05]	好人 n->nl
[2019-04-25 13:47:05]	国家队 n->nl
[2019-04-25 13:47:05]	党派 n->nl
[2019-04-25 13:47:05]	乘方 n->nl
[2019-04-25 13:47:05]	嗨 e->nl
[2019-04-25 13:47:05]	个人 n->nl
[2019-04-25 13:47:05]	整年 d->n
[2019-04-25 13:47:05]	有声 b->n
[2019-04-25 13:47:05]	新增 v->n
[2019-04-25 13:47:05]	上册 n->nl
