[2019-04-29 14:35:40]	到校 v->n
[2019-04-29 14:35:40]	到校 v->n
[2019-04-29 14:35:40]	一对 mq->n
[2019-04-29 14:35:40]	一对 mq->n
[2019-04-29 14:35:40]	本分 a->n
[2019-04-29 14:35:40]	本分 a->n
[2019-04-29 14:35:40]	按时 d->n
[2019-04-29 14:35:40]	按时 d->n
[2019-04-29 14:35:40]	一定 b->n
[2019-04-29 14:35:40]	一定 b->n
[2019-04-29 14:35:40]	不结盟 vi->n
[2019-04-29 14:35:40]	不结盟 vi->n
[2019-04-29 14:35:40]	不是 c->n
[2019-04-29 14:35:40]	不是 c->n
[2019-04-29 14:35:40]	不能 v->n
[2019-04-29 14:35:40]	不能 v->n
[2019-04-29 14:35:40]	不会 v->n
[2019-04-29 14:35:40]	不会 v->n
[2019-04-29 14:35:40]	出血 vi->n
[2019-04-29 14:35:40]	出血 vi->n
[2019-04-29 14:35:40]	打的 v->n
[2019-04-29 14:35:40]	打的 v->n
[2019-04-29 14:35:40]	除外 vi->n
[2019-04-29 14:35:40]	除外 vi->n
[2019-04-29 14:35:40]	春分 t->n
[2019-04-29 14:35:40]	春分 t->n
[2019-04-29 14:35:40]	从宽 d->n
[2019-04-29 14:35:40]	从宽 d->n
[2019-04-29 14:35:40]	从重 d->n
[2019-04-29 14:35:40]	从重 d->n
[2019-04-29 14:35:40]	搭建 v->n
[2019-04-29 14:35:40]	搭建 v->n
[2019-04-29 14:35:40]	大寒 t->n
[2019-04-29 14:35:40]	大寒 t->n
[2019-04-29 14:35:40]	当面 d->n
[2019-04-29 14:35:40]	当面 d->n
[2019-04-29 14:35:40]	会话 v->n
[2019-04-29 14:35:40]	会话 v->n
[2019-04-29 14:35:40]	分米 q->n
[2019-04-29 14:35:40]	分米 q->n
[2019-04-29 14:35:40]	次要 b->n
[2019-04-29 14:35:40]	次要 b->n
[2019-04-29 14:35:40]	成心 d->n
[2019-04-29 14:35:40]	成心 d->n
[2019-04-29 14:35:40]	一齐 d->n
[2019-04-29 14:35:40]	一齐 d->n
[2019-04-29 14:35:40]	还账 v->n
[2019-04-29 14:35:40]	还账 v->n
[2019-04-29 14:35:40]	不准 v->n
[2019-04-29 14:35:40]	不准 v->n
[2019-04-29 14:35:40]	看不起 v->n
[2019-04-29 14:35:40]	看不起 v->n
[2019-04-29 14:35:40]	看得起 v->n
[2019-04-29 14:35:40]	看得起 v->n
[2019-04-29 14:35:40]	小产 v->n
[2019-04-29 14:35:40]	小产 v->n
[2019-04-29 14:35:40]	天天 d->n
[2019-04-29 14:35:40]	天天 d->n
[2019-04-29 14:35:40]	起名 vi->n
[2019-04-29 14:35:40]	起名 vi->n
[2019-04-29 14:35:40]	上税 v->n
[2019-04-29 14:35:40]	上税 v->n
[2019-04-29 14:35:40]	他俩 r->n
[2019-04-29 14:35:40]	他俩 r->n
[2019-04-29 14:35:40]	千米 q->n
[2019-04-29 14:35:40]	千米 q->n
[2019-04-29 14:35:40]	是不是 v->n
[2019-04-29 14:35:40]	是不是 v->n
[2019-04-29 14:35:40]	禁不起 v->n
[2019-04-29 14:35:40]	禁不起 v->n
[2019-04-29 14:35:40]	先后 d->n
[2019-04-29 14:35:40]	先后 d->n
[2019-04-29 14:35:40]	小便 v->n
[2019-04-29 14:35:40]	小便 v->n
[2019-04-29 14:35:40]	小满 t->n
[2019-04-29 14:35:40]	小满 t->n
[2019-04-29 14:35:40]	吃药 v->n
[2019-04-29 14:35:40]	吃药 v->n
[2019-04-29 14:35:40]	一元 b->n
[2019-04-29 14:35:40]	一元 b->n
[2019-04-29 14:35:40]	正好 z->n
[2019-04-29 14:35:40]	正好 z->n
[2019-04-29 14:35:40]	对证 vn->n
[2019-04-29 14:35:40]	对证 vn->n
[2019-04-29 14:35:40]	中档 b->n
[2019-04-29 14:35:40]	中档 b->n
[2019-04-29 14:35:40]	自修 v->n
[2019-04-29 14:35:40]	自修 v->n
[2019-04-29 14:35:40]	到底 d->n
[2019-04-29 14:35:40]	到底 d->n
[2019-04-29 14:35:40]	和缓 a->n
[2019-04-29 14:35:40]	和缓 a->n
[2019-04-29 14:35:40]	人为 b->n
[2019-04-29 14:35:40]	人为 b->n
[2019-04-29 14:35:40]	长达 v->n
[2019-04-29 14:35:40]	长达 v->n
[2019-04-29 14:35:40]	上流 b->n
[2019-04-29 14:35:40]	上流 b->n
[2019-04-29 14:35:40]	喜好 an->n
[2019-04-29 14:35:40]	喜好 an->n
[2019-04-29 14:35:40]	从中 d->n
[2019-04-29 14:35:40]	从中 d->n
[2019-04-29 14:35:40]	各人 rr->n
[2019-04-29 14:35:40]	各人 rr->n
[2019-04-29 14:35:40]	中选 vi->n
[2019-04-29 14:35:40]	中选 vi->n
[2019-04-29 14:35:40]	各处 rzs->n
[2019-04-29 14:35:40]	各处 rzs->n
[2019-04-29 14:35:40]	四处 d->n
[2019-04-29 14:35:40]	四处 d->n
[2019-04-29 14:35:40]	上岸 vi->n
[2019-04-29 14:35:40]	上岸 vi->n
[2019-04-29 14:35:40]	拨打 v->n
[2019-04-29 14:35:40]	拨打 v->n
[2019-04-29 14:35:40]	大跌 v->n
[2019-04-29 14:35:40]	大跌 v->n
[2019-04-29 14:35:40]	好多 m->n
[2019-04-29 14:35:40]	好多 m->n
[2019-04-29 14:35:40]	下学 v->n
[2019-04-29 14:35:40]	下学 v->n
[2019-04-29 14:35:40]	不合 v->n
[2019-04-29 14:35:40]	不合 v->n
[2019-04-29 14:35:40]	高等 b->n
[2019-04-29 14:35:40]	高等 b->n
[2019-04-29 14:35:40]	老大 a->n
[2019-04-29 14:35:40]	老大 a->n
[2019-04-29 14:35:40]	还给 v->n
[2019-04-29 14:35:40]	还给 v->n
[2019-04-29 14:35:40]	对等 vi->n
[2019-04-29 14:35:40]	对等 vi->n
[2019-04-29 14:35:40]	有心 v->n
[2019-04-29 14:35:40]	有心 v->n
[2019-04-29 14:35:40]	真的 a->n
[2019-04-29 14:35:40]	真的 a->n
[2019-04-29 14:35:40]	大喊 v->n
[2019-04-29 14:35:40]	大喊 v->n
[2019-04-29 14:35:40]	总会 d->n
[2019-04-29 14:35:40]	总会 d->n
[2019-04-29 14:35:40]	该死 vi->n
[2019-04-29 14:35:40]	该死 vi->n
[2019-04-29 14:35:40]	一口气 d->n
[2019-04-29 14:35:40]	一口气 d->n
[2019-04-29 14:35:40]	小气 a->n
[2019-04-29 14:35:40]	小气 a->n
[2019-04-29 14:35:40]	论说 vn->n
[2019-04-29 14:35:40]	论说 vn->n
[2019-04-29 14:35:40]	中意 a->n
[2019-04-29 14:35:40]	中意 a->n
[2019-04-29 14:35:40]	生分 a->n
[2019-04-29 14:35:40]	生分 a->n
[2019-04-29 14:35:40]	内蒙古自治区 ns->n
[2019-04-29 14:35:40]	内蒙古自治区 ns->n
[2019-04-29 14:35:40]	年间 f->n
[2019-04-29 14:35:40]	年间 f->n
[2019-04-29 14:35:40]	和暖 a->n
[2019-04-29 14:35:40]	和暖 a->n
[2019-04-29 14:35:40]	省钱 a->n
[2019-04-29 14:35:40]	省钱 a->n
[2019-04-29 14:35:40]	单方面 b->n
[2019-04-29 14:35:40]	单方面 b->n
[2019-04-29 14:35:40]	早起 vi->n
[2019-04-29 14:35:40]	早起 vi->n
[2019-04-29 14:35:40]	签定 v->n
[2019-04-29 14:35:40]	签定 v->n
[2019-04-29 14:35:40]	凡间 s->n
[2019-04-29 14:35:40]	凡间 s->n
[2019-04-29 14:35:40]	就是 c->n
[2019-04-29 14:35:40]	就是 c->n
[2019-04-29 14:35:40]	便是 v->n
[2019-04-29 14:35:40]	便是 v->n
[2019-04-29 14:35:40]	国都 d->n
[2019-04-29 14:35:40]	国都 d->n
[2019-04-29 14:35:40]	首次 m->n
[2019-04-29 14:35:40]	首次 m->n
[2019-04-29 14:35:40]	睡着 v->n
[2019-04-29 14:35:40]	睡着 v->n
[2019-04-29 14:35:40]	了得 a->n
[2019-04-29 14:35:40]	了得 a->n
[2019-04-29 14:35:40]	西藏自治区 ns->n
[2019-04-29 14:35:40]	西藏自治区 ns->n
[2019-04-29 14:35:40]	想像 v->n
[2019-04-29 14:35:40]	想像 v->n
[2019-04-29 14:35:40]	好在 d->n
[2019-04-29 14:35:40]	好在 d->n
[2019-04-29 14:35:40]	往时 t->n
[2019-04-29 14:35:40]	往时 t->n
[2019-04-29 14:35:40]	争抢 v->n
[2019-04-29 14:35:40]	争抢 v->n
[2019-04-29 14:35:40]	正在 d->n
[2019-04-29 14:35:40]	正在 d->n
[2019-04-29 14:35:40]	我方 r->n
[2019-04-29 14:35:40]	我方 r->n
[2019-04-29 14:35:40]	多功能 b->n
[2019-04-29 14:35:40]	多功能 b->n
[2019-04-29 14:35:40]	黑白 b->n
[2019-04-29 14:35:40]	黑白 b->n
[2019-04-29 14:35:40]	南北 f->n
[2019-04-29 14:35:40]	南北 f->n
[2019-04-29 14:35:40]	干什么 r->n
[2019-04-29 14:35:40]	干什么 r->n
[2019-04-29 14:35:40]	不断 d->n
[2019-04-29 14:35:40]	不断 d->n
[2019-04-29 14:35:40]	同呼吸 vl->n
[2019-04-29 14:35:40]	同呼吸 vl->n
[2019-04-29 14:35:40]	日间 t->n
[2019-04-29 14:35:40]	日间 t->n
[2019-04-29 14:35:40]	还是 c->n
[2019-04-29 14:35:40]	还是 c->n
[2019-04-29 14:35:40]	有点 d->n
[2019-04-29 14:35:40]	有点 d->n
[2019-04-29 14:35:40]	下流 a->n
[2019-04-29 14:35:40]	下流 a->n
[2019-04-29 14:35:40]	怎么办 ryv->n
[2019-04-29 14:35:40]	怎么办 ryv->n
[2019-04-29 14:35:40]	您好 nl->n
[2019-04-29 14:35:40]	您好 nl->n
[2019-04-29 14:35:40]	你好 vl->n
[2019-04-29 14:35:40]	你好 vl->n
[2019-04-29 14:35:40]	交售 v->n
[2019-04-29 14:35:40]	交售 v->n
[2019-04-29 14:35:40]	找到 v->n
[2019-04-29 14:35:40]	找到 v->n
[2019-04-29 14:35:40]	从来 d->n
[2019-04-29 14:35:40]	从来 d->n
[2019-04-29 14:35:40]	约分 v->n
[2019-04-29 14:35:40]	约分 v->n
[2019-04-29 14:35:40]	正数 v->n
[2019-04-29 14:35:40]	正数 v->n
[2019-04-29 14:35:40]	他人 rr->n
[2019-04-29 14:35:40]	他人 rr->n
[2019-04-29 14:35:40]	不论 c->n
[2019-04-29 14:35:40]	不论 c->n
[2019-04-29 14:35:40]	不管 c->n
[2019-04-29 14:35:40]	不管 c->n
[2019-04-29 14:35:40]	出事 vi->n
[2019-04-29 14:35:40]	出事 vi->n
[2019-04-29 14:35:40]	从此 d->n
[2019-04-29 14:35:40]	从此 d->n
[2019-04-29 14:35:40]	当时 t->n
[2019-04-29 14:35:40]	当时 t->n
[2019-04-29 14:35:40]	对话 vi->n
[2019-04-29 14:35:40]	对话 vi->n
[2019-04-29 14:35:40]	吃饭 vi->n
[2019-04-29 14:35:40]	吃饭 vi->n
[2019-04-29 14:35:40]	更新 v->n
[2019-04-29 14:35:40]	更新 v->n
[2019-04-29 14:35:40]	讲课 vi->n
[2019-04-29 14:35:40]	讲课 vi->n
[2019-04-29 14:35:40]	尽心 a->n
[2019-04-29 14:35:40]	尽心 a->n
[2019-04-29 14:35:40]	立方 q->n
[2019-04-29 14:35:40]	立方 q->n
[2019-04-29 14:35:40]	没关系 vl->n
[2019-04-29 14:35:40]	没关系 vl->n
[2019-04-29 14:35:40]	遍地 vd->n
[2019-04-29 14:35:40]	遍地 vd->n
[2019-04-29 14:35:40]	开车 vi->n
[2019-04-29 14:35:40]	开车 vi->n
[2019-04-29 14:35:40]	因此 c->n
[2019-04-29 14:35:40]	因此 c->n
[2019-04-29 14:35:40]	将来 t->n
[2019-04-29 14:35:40]	将来 t->n
[2019-04-29 14:35:40]	以前 f->n
[2019-04-29 14:35:40]	以前 f->n
[2019-04-29 14:35:40]	先前 t->n
[2019-04-29 14:35:40]	先前 t->n
[2019-04-29 14:35:40]	早上 t->n
[2019-04-29 14:35:40]	早上 t->n
[2019-04-29 14:35:40]	正月 t->n
[2019-04-29 14:35:40]	正月 t->n
[2019-04-29 14:35:40]	难看 a->n
[2019-04-29 14:35:40]	难看 a->n
[2019-04-29 14:35:40]	对头 a->n
[2019-04-29 14:35:40]	对头 a->n
[2019-04-29 14:35:40]	正当 a->n
[2019-04-29 14:35:40]	正当 a->n
[2019-04-29 14:35:40]	不容 v->n
[2019-04-29 14:35:40]	不容 v->n
[2019-04-29 14:35:40]	出手 vi->n
[2019-04-29 14:35:40]	出手 vi->n
[2019-04-29 14:35:40]	着手 v->n
[2019-04-29 14:35:40]	着手 v->n
[2019-04-29 14:35:40]	不错 a->n
[2019-04-29 14:35:40]	不错 a->n
[2019-04-29 14:35:40]	不便 a->n
[2019-04-29 14:35:40]	不便 a->n
[2019-04-29 14:35:40]	得手 a->n
[2019-04-29 14:35:40]	得手 a->n
[2019-04-29 14:35:40]	说话 vi->n
[2019-04-29 14:35:40]	说话 vi->n
[2019-04-29 14:35:40]	特等 b->n
[2019-04-29 14:35:40]	特等 b->n
[2019-04-29 14:35:40]	住手 vi->n
[2019-04-29 14:35:40]	住手 vi->n
[2019-04-29 14:35:40]	共事 vi->n
[2019-04-29 14:35:40]	共事 vi->n
[2019-04-29 14:35:40]	从前 t->n
[2019-04-29 14:35:40]	从前 t->n
[2019-04-29 14:35:40]	已往 t->n
[2019-04-29 14:35:40]	已往 t->n
[2019-04-29 14:35:40]	低下 a->n
[2019-04-29 14:35:40]	低下 a->n
[2019-04-29 14:35:40]	当中 f->n
[2019-04-29 14:35:40]	当中 f->n
[2019-04-29 14:35:40]	不易 a->n
[2019-04-29 14:35:40]	不易 a->n
[2019-04-29 14:35:40]	不可 d->n
[2019-04-29 14:35:40]	不可 d->n
[2019-04-29 14:35:40]	至此 d->n
[2019-04-29 14:35:40]	至此 d->n
[2019-04-29 14:35:40]	不顾 v->n
[2019-04-29 14:35:40]	不顾 v->n
[2019-04-29 14:35:40]	正派 a->n
[2019-04-29 14:35:40]	正派 a->n
[2019-04-29 14:35:40]	不然 a->n
[2019-04-29 14:35:40]	不然 a->n
[2019-04-29 14:35:40]	某人 rr->n
[2019-04-29 14:35:40]	某人 rr->n
[2019-04-29 14:35:40]	一角 n->v
[2019-04-29 14:35:40]	一角 n->v
[2019-04-29 14:35:40]	除外 vi->v
[2019-04-29 14:35:40]	除外 vi->v
[2019-04-29 14:35:40]	爱人 n->nz
[2019-04-29 14:35:40]	爱人 n->nz
[2019-04-29 14:35:40]	把手 n->nz
[2019-04-29 14:35:40]	把手 n->nz
[2019-04-29 14:35:40]	靠山 n->nz
[2019-04-29 14:35:40]	靠山 n->nz
[2019-04-29 14:35:40]	不行 a->v
[2019-04-29 14:35:40]	不行 a->v
[2019-04-29 14:35:40]	不能 v->vi
[2019-04-29 14:35:40]	不能 v->vi
[2019-04-29 14:35:40]	不会 v->vi
[2019-04-29 14:35:40]	不会 v->vi
[2019-04-29 14:35:40]	车号 n->nz
[2019-04-29 14:35:40]	车号 n->nz
[2019-04-29 14:35:40]	同党 n->nz
[2019-04-29 14:35:40]	同党 n->nz
[2019-04-29 14:35:40]	打的 v->vi
[2019-04-29 14:35:40]	打的 v->vi
[2019-04-29 14:35:40]	除法 n->nz
[2019-04-29 14:35:40]	除法 n->nz
[2019-04-29 14:35:40]	从重 d->v
[2019-04-29 14:35:40]	从重 d->v
[2019-04-29 14:35:40]	搭建 v->vd
[2019-04-29 14:35:40]	搭建 v->vd
[2019-04-29 14:35:40]	四处 d->vi
[2019-04-29 14:35:40]	四处 d->vi
[2019-04-29 14:35:40]	拨打 v->vd
[2019-04-29 14:35:40]	拨打 v->vd
[2019-04-29 14:35:40]	大跌 v->vn
[2019-04-29 14:35:40]	大跌 v->vn
[2019-04-29 14:35:40]	会话 v->vn
[2019-04-29 14:35:40]	会话 v->vn
[2019-04-29 14:35:40]	要领 n->nz
[2019-04-29 14:35:40]	要领 n->nz
[2019-04-29 14:35:40]	下学 v->vd
[2019-04-29 14:35:40]	下学 v->vd
[2019-04-29 14:35:40]	分号 n->nz
[2019-04-29 14:35:40]	分号 n->nz
[2019-04-29 14:35:40]	不合 v->n
[2019-04-29 14:35:40]	不合 v->n
[2019-04-29 14:35:40]	高等 b->a
[2019-04-29 14:35:40]	高等 b->a
[2019-04-29 14:35:40]	还给 v->vd
[2019-04-29 14:35:40]	还给 v->vd
[2019-04-29 14:35:40]	有心 v->vd
[2019-04-29 14:35:40]	有心 v->vd
[2019-04-29 14:35:40]	说法 n->nz
[2019-04-29 14:35:40]	说法 n->nz
[2019-04-29 14:35:40]	大喊 v->vd
[2019-04-29 14:35:40]	大喊 v->vd
[2019-04-29 14:35:40]	好多 m->a
[2019-04-29 14:35:40]	好多 m->a
[2019-04-29 14:35:40]	大奖 n->nz
[2019-04-29 14:35:40]	大奖 n->nz
[2019-04-29 14:35:40]	无礼 a->ad
[2019-04-29 14:35:40]	无礼 a->ad
[2019-04-29 14:35:40]	看不起 v->vn
[2019-04-29 14:35:40]	看不起 v->vn
[2019-04-29 14:35:40]	看得起 v->vn
[2019-04-29 14:35:40]	看得起 v->vn
[2019-04-29 14:35:40]	理事 n->nz
[2019-04-29 14:35:40]	理事 n->nz
[2019-04-29 14:35:40]	本心 n->nl
[2019-04-29 14:35:40]	本心 n->nl
[2019-04-29 14:35:40]	论说 vn->vl
[2019-04-29 14:35:40]	论说 vn->vl
[2019-04-29 14:35:40]	他俩 r->n
[2019-04-29 14:35:40]	他俩 r->n
[2019-04-29 14:35:40]	江米 n->nz
[2019-04-29 14:35:40]	江米 n->nz
[2019-04-29 14:35:40]	千米 q->qv
[2019-04-29 14:35:40]	千米 q->qv
[2019-04-29 14:35:40]	签定 v->vn
[2019-04-29 14:35:40]	签定 v->vn
[2019-04-29 14:35:40]	好天 n->nz
[2019-04-29 14:35:40]	好天 n->nz
[2019-04-29 14:35:40]	日食 n->nz
[2019-04-29 14:35:40]	日食 n->nz
[2019-04-29 14:35:40]	是不是 v->vd
[2019-04-29 14:35:40]	是不是 v->vd
[2019-04-29 14:35:40]	手指 n->nz
[2019-04-29 14:35:40]	手指 n->nz
[2019-04-29 14:35:40]	睡着 v->vd
[2019-04-29 14:35:40]	睡着 v->vd
[2019-04-29 14:35:40]	大小 n->nz
[2019-04-29 14:35:40]	大小 n->nz
[2019-04-29 14:35:40]	了得 a->ad
[2019-04-29 14:35:40]	了得 a->ad
[2019-04-29 14:35:40]	问号 n->nz
[2019-04-29 14:35:40]	问号 n->nz
[2019-04-29 14:35:40]	西藏自治区 ns->nz
[2019-04-29 14:35:40]	西藏自治区 ns->nz
[2019-04-29 14:35:40]	小便 v->vi
[2019-04-29 14:35:40]	小便 v->vi
[2019-04-29 14:35:40]	好在 d->v
[2019-04-29 14:35:40]	好在 d->v
[2019-04-29 14:35:40]	双眼 n->nz
[2019-04-29 14:35:40]	双眼 n->nz
[2019-04-29 14:35:40]	一元 b->nz
[2019-04-29 14:35:40]	一元 b->nz
[2019-04-29 14:35:40]	引号 n->nz
[2019-04-29 14:35:40]	引号 n->nz
[2019-04-29 14:35:40]	像片 n->nz
[2019-04-29 14:35:40]	像片 n->nz
[2019-04-29 14:35:40]	争抢 v->vd
[2019-04-29 14:35:40]	争抢 v->vd
[2019-04-29 14:35:40]	小我 n->nz
[2019-04-29 14:35:40]	小我 n->nz
[2019-04-29 14:35:40]	文字 n->nz
[2019-04-29 14:35:40]	文字 n->nz
[2019-04-29 14:35:40]	部分 m->n
[2019-04-29 14:35:40]	部分 m->n
[2019-04-29 14:35:40]	别名 n->nz
[2019-04-29 14:35:40]	别名 n->nz
[2019-04-29 14:35:40]	和缓 a->ad
[2019-04-29 14:35:40]	和缓 a->ad
[2019-04-29 14:35:40]	按时 d->ad
[2019-04-29 14:35:40]	按时 d->ad
[2019-04-29 14:35:40]	春分 t->n
[2019-04-29 14:35:40]	春分 t->n
[2019-04-29 14:35:40]	知了 n->nz
[2019-04-29 14:35:40]	知了 n->nz
[2019-04-29 14:35:40]	车次 n->nz
[2019-04-29 14:35:40]	车次 n->nz
[2019-04-29 14:35:40]	大寒 t->nz
[2019-04-29 14:35:40]	大寒 t->nz
[2019-04-29 14:35:40]	大料 n->nz
[2019-04-29 14:35:40]	大料 n->nz
[2019-04-29 14:35:40]	当面 d->n
[2019-04-29 14:35:40]	当面 d->n
[2019-04-29 14:35:40]	上岸 vi->v
[2019-04-29 14:35:40]	上岸 vi->v
[2019-04-29 14:35:40]	对仗 n->nz
[2019-04-29 14:35:40]	对仗 n->nz
[2019-04-29 14:35:40]	分米 q->qt
[2019-04-29 14:35:40]	分米 q->qt
[2019-04-29 14:35:40]	副词 n->nz
[2019-04-29 14:35:40]	副词 n->nz
[2019-04-29 14:35:40]	次要 b->bl
[2019-04-29 14:35:40]	次要 b->bl
[2019-04-29 14:35:40]	成心 d->v
[2019-04-29 14:35:40]	成心 d->v
[2019-04-29 14:35:40]	还账 v->vi
[2019-04-29 14:35:40]	还账 v->vi
[2019-04-29 14:35:40]	该死 vi->v
[2019-04-29 14:35:40]	该死 vi->v
[2019-04-29 14:35:40]	长项 n->nz
[2019-04-29 14:35:40]	长项 n->nz
[2019-04-29 14:35:40]	借条 n->nz
[2019-04-29 14:35:40]	借条 n->nz
[2019-04-29 14:35:40]	买家 n->nz
[2019-04-29 14:35:40]	买家 n->nz
[2019-04-29 14:35:40]	天车 n->nz
[2019-04-29 14:35:40]	天车 n->nz
[2019-04-29 14:35:40]	东家 n->nz
[2019-04-29 14:35:40]	东家 n->nz
[2019-04-29 14:35:40]	小气 a->ad
[2019-04-29 14:35:40]	小气 a->ad
[2019-04-29 14:35:40]	小产 v->vi
[2019-04-29 14:35:40]	小产 v->vi
[2019-04-29 14:35:40]	起名 vi->v
[2019-04-29 14:35:40]	起名 vi->v
[2019-04-29 14:35:40]	生分 a->ad
[2019-04-29 14:35:40]	生分 a->ad
[2019-04-29 14:35:40]	上税 v->vi
[2019-04-29 14:35:40]	上税 v->vi
[2019-04-29 14:35:40]	内蒙古自治区 ns->nz
[2019-04-29 14:35:40]	内蒙古自治区 ns->nz
[2019-04-29 14:35:40]	拟人 n->nz
[2019-04-29 14:35:40]	拟人 n->nz
[2019-04-29 14:35:40]	年岁 n->nl
[2019-04-29 14:35:40]	年岁 n->nl
[2019-04-29 14:35:40]	年事 n->nl
[2019-04-29 14:35:40]	年事 n->nl
[2019-04-29 14:35:40]	身段 n->nz
[2019-04-29 14:35:40]	身段 n->nz
[2019-04-29 14:35:40]	凡间 s->n
[2019-04-29 14:35:40]	凡间 s->n
[2019-04-29 14:35:40]	便是 v->vd
[2019-04-29 14:35:40]	便是 v->vd
[2019-04-29 14:35:40]	收条 n->nz
[2019-04-29 14:35:40]	收条 n->nz
[2019-04-29 14:35:40]	禁不起 v->vd
[2019-04-29 14:35:40]	禁不起 v->vd
[2019-04-29 14:35:40]	书册 n->nl
[2019-04-29 14:35:40]	书册 n->nl
[2019-04-29 14:35:40]	水笔 n->nz
[2019-04-29 14:35:40]	水笔 n->nz
[2019-04-29 14:35:40]	时价 n->nl
[2019-04-29 14:35:40]	时价 n->nl
[2019-04-29 14:35:40]	就义 vi->v
[2019-04-29 14:35:40]	就义 vi->v
[2019-04-29 14:35:40]	先后 d->ad
[2019-04-29 14:35:40]	先后 d->ad
[2019-04-29 14:35:40]	想像 v->vd
[2019-04-29 14:35:40]	想像 v->vd
[2019-04-29 14:35:40]	小寒 t->nz
[2019-04-29 14:35:40]	小寒 t->nz
[2019-04-29 14:35:40]	小满 t->nz
[2019-04-29 14:35:40]	小满 t->nz
[2019-04-29 14:35:40]	新词 n->nl
[2019-04-29 14:35:40]	新词 n->nl
[2019-04-29 14:35:40]	往时 t->tg
[2019-04-29 14:35:40]	往时 t->tg
[2019-04-29 14:35:40]	意旨 n->nl
[2019-04-29 14:35:40]	意旨 n->nl
[2019-04-29 14:35:40]	图章 n->nz
[2019-04-29 14:35:40]	图章 n->nz
[2019-04-29 14:35:40]	正好 z->tg
[2019-04-29 14:35:40]	正好 z->tg
[2019-04-29 14:35:40]	正理 n->nl
[2019-04-29 14:35:40]	正理 n->nl
[2019-04-29 14:35:40]	对证 vn->n
[2019-04-29 14:35:40]	对证 vn->n
[2019-04-29 14:35:40]	中档 b->nl
[2019-04-29 14:35:40]	中档 b->nl
[2019-04-29 14:35:40]	我方 r->n
[2019-04-29 14:35:40]	我方 r->n
[2019-04-29 14:35:40]	自修 v->vl
[2019-04-29 14:35:40]	自修 v->vl
[2019-04-29 14:35:40]	才能 n->v
[2019-04-29 14:35:40]	才能 n->v
[2019-04-29 14:35:40]	秒钟 n->q
[2019-04-29 14:35:40]	秒钟 n->q
[2019-04-29 14:35:40]	火烧 n->v
[2019-04-29 14:35:40]	火烧 n->v
[2019-04-29 14:35:40]	大路 n->nz
[2019-04-29 14:35:40]	大路 n->nz
[2019-04-29 14:35:40]	自力 n->nz
[2019-04-29 14:35:40]	自力 n->nz
[2019-04-29 14:35:40]	女星 n->nl
[2019-04-29 14:35:40]	女星 n->nl
[2019-04-29 14:35:40]	申请人 n->nl
[2019-04-29 14:35:40]	申请人 n->nl
[2019-04-29 14:35:40]	美女 n->nl
[2019-04-29 14:35:40]	美女 n->nl
[2019-04-29 14:35:40]	联系人 n->nl
[2019-04-29 14:35:40]	联系人 n->nl
[2019-04-29 14:35:40]	便条 n->nl
[2019-04-29 14:35:40]	便条 n->nl
[2019-04-29 14:35:40]	中农 n->nl
[2019-04-29 14:35:40]	中农 n->nl
[2019-04-29 14:35:40]	人道 n->nl
[2019-04-29 14:35:40]	人道 n->nl
[2019-04-29 14:35:40]	资本家 n->nl
[2019-04-29 14:35:40]	资本家 n->nl
[2019-04-29 14:35:40]	水车 n->nl
[2019-04-29 14:35:40]	水车 n->nl
[2019-04-29 14:35:40]	马戏 n->nl
[2019-04-29 14:35:40]	马戏 n->nl
[2019-04-29 14:35:40]	除数 n->nz
[2019-04-29 14:35:40]	除数 n->nz
[2019-04-29 14:35:40]	周长 n->nz
[2019-04-29 14:35:40]	周长 n->nz
[2019-04-29 14:35:40]	小数 n->nz
[2019-04-29 14:35:40]	小数 n->nz
[2019-04-29 14:35:40]	经线 n->nz
[2019-04-29 14:35:40]	经线 n->nz
[2019-04-29 14:35:40]	副手 n->nz
[2019-04-29 14:35:40]	副手 n->nz
[2019-04-29 14:35:40]	三角 n->ns
[2019-04-29 14:35:40]	三角 n->ns
[2019-04-29 14:35:40]	切线 n->nz
[2019-04-29 14:35:40]	切线 n->nz
[2019-04-29 14:35:40]	本着 p->nl
[2019-04-29 14:35:40]	本着 p->nl
[2019-04-29 14:35:40]	报到 vi->v
[2019-04-29 14:35:40]	报到 vi->v
[2019-04-29 14:35:40]	不够 a->n
[2019-04-29 14:35:40]	不够 a->n
[2019-04-29 14:35:40]	不满 a->v
[2019-04-29 14:35:40]	不满 a->v
[2019-04-29 14:35:40]	不同 a->ad
[2019-04-29 14:35:40]	不同 a->ad
[2019-04-29 14:35:40]	大使 n->nl
[2019-04-29 14:35:40]	大使 n->nl
[2019-04-29 14:35:40]	对应 vi->v
[2019-04-29 14:35:40]	对应 vi->v
[2019-04-29 14:35:40]	海带 n->nl
[2019-04-29 14:35:40]	海带 n->nl
[2019-04-29 14:35:40]	后天 n->t
[2019-04-29 14:35:40]	后天 n->t
[2019-04-29 14:35:40]	回家 vi->v
[2019-04-29 14:35:40]	回家 vi->v
[2019-04-29 14:35:40]	开关 n->v
[2019-04-29 14:35:40]	开关 n->v
[2019-04-29 14:35:40]	完了 vi->n
[2019-04-29 14:35:40]	完了 vi->n
[2019-04-29 14:35:40]	没用 a->v
[2019-04-29 14:35:40]	没用 a->v
[2019-04-29 14:35:40]	难听 a->v
[2019-04-29 14:35:40]	难听 a->v
[2019-04-29 14:35:40]	暖和 a->ad
[2019-04-29 14:35:40]	暖和 a->ad
[2019-04-29 14:35:40]	排比 n->nz
[2019-04-29 14:35:40]	排比 n->nz
[2019-04-29 14:35:40]	前天 n->t
[2019-04-29 14:35:40]	前天 n->t
[2019-04-29 14:35:40]	上当 vi->v
[2019-04-29 14:35:40]	上当 vi->v
[2019-04-29 14:35:40]	受不了 al->n
[2019-04-29 14:35:40]	受不了 al->n
[2019-04-29 14:35:40]	从而 c->cc
[2019-04-29 14:35:40]	从而 c->cc
[2019-04-29 14:35:40]	图像 n->nl
[2019-04-29 14:35:40]	图像 n->nl
[2019-04-29 14:35:40]	脱钩 vi->v
[2019-04-29 14:35:40]	脱钩 vi->v
[2019-04-29 14:35:40]	周到 a->an
[2019-04-29 14:35:40]	周到 a->an
[2019-04-29 14:35:40]	等同 vd->v
[2019-04-29 14:35:40]	等同 vd->v
[2019-04-29 14:35:40]	有用 a->n
[2019-04-29 14:35:40]	有用 a->n
[2019-04-29 14:35:40]	再见 vi->v
[2019-04-29 14:35:40]	再见 vi->v
[2019-04-29 14:35:40]	有时候 d->n
[2019-04-29 14:35:40]	有时候 d->n
[2019-04-29 14:35:40]	由此 d->n
[2019-04-29 14:35:40]	由此 d->n
[2019-04-29 14:35:40]	有余 m->v
[2019-04-29 14:35:40]	有余 m->v
[2019-04-29 14:35:40]	请愿 vi->vn
[2019-04-29 14:35:40]	请愿 vi->vn
[2019-04-29 14:35:40]	内在 b->n
[2019-04-29 14:35:40]	内在 b->n
[2019-04-29 14:35:40]	不好 a->n
[2019-04-29 14:35:40]	不好 a->n
[2019-04-29 14:35:40]	共命运 vl->nl
[2019-04-29 14:35:40]	共命运 vl->nl
[2019-04-29 14:35:40]	小于 nr->v
[2019-04-29 14:35:40]	小于 nr->v
[2019-04-29 14:35:40]	大人 n->nl
[2019-04-29 14:35:40]	大人 n->nl
[2019-04-29 14:35:40]	乘法 n->nl
[2019-04-29 14:35:40]	乘法 n->nl
[2019-04-29 14:35:40]	对手 n->nl
[2019-04-29 14:35:40]	对手 n->nl
[2019-04-29 14:35:40]	对方 n->nl
[2019-04-29 14:35:40]	对方 n->nl
[2019-04-29 14:35:40]	成人 n->nl
[2019-04-29 14:35:40]	成人 n->nl
[2019-04-29 14:35:40]	所在 n->nl
[2019-04-29 14:35:40]	所在 n->nl
[2019-04-29 14:35:40]	全年 n->nl
[2019-04-29 14:35:40]	全年 n->nl
[2019-04-29 14:35:40]	年轻人 n->nl
[2019-04-29 14:35:40]	年轻人 n->nl
[2019-04-29 14:35:40]	双手 n->nl
[2019-04-29 14:35:40]	双手 n->nl
[2019-04-29 14:35:40]	亮点 n->nl
[2019-04-29 14:35:40]	亮点 n->nl
[2019-04-29 14:35:40]	所长 n->nl
[2019-04-29 14:35:40]	所长 n->nl
[2019-04-29 14:35:40]	天下 n->nl
[2019-04-29 14:35:40]	天下 n->nl
[2019-04-29 14:35:40]	先人 n->nl
[2019-04-29 14:35:40]	先人 n->nl
[2019-04-29 14:35:40]	正常人 n->nl
[2019-04-29 14:35:40]	正常人 n->nl
[2019-04-29 14:35:40]	好人 n->nl
[2019-04-29 14:35:40]	好人 n->nl
[2019-04-29 14:35:40]	国家队 n->nl
[2019-04-29 14:35:40]	国家队 n->nl
[2019-04-29 14:35:40]	党派 n->nl
[2019-04-29 14:35:40]	党派 n->nl
[2019-04-29 14:35:40]	乘方 n->nl
[2019-04-29 14:35:40]	乘方 n->nl
[2019-04-29 14:35:40]	嗨 e->nl
[2019-04-29 14:35:40]	嗨 e->nl
[2019-04-29 14:35:40]	个人 n->nl
[2019-04-29 14:35:40]	个人 n->nl
[2019-04-29 14:35:40]	整年 d->n
[2019-04-29 14:35:40]	整年 d->n
[2019-04-29 14:35:40]	有声 b->n
[2019-04-29 14:35:40]	有声 b->n
[2019-04-29 14:35:40]	新增 v->n
[2019-04-29 14:35:40]	新增 v->n
[2019-04-29 14:35:40]	上册 n->nl
[2019-04-29 14:35:40]	上册 n->nl
[2019-04-29 14:35:40]	到校 v->n
[2019-04-29 14:35:40]	一对 mq->n
[2019-04-29 14:35:40]	本分 a->n
[2019-04-29 14:35:40]	按时 d->n
[2019-04-29 14:35:40]	一定 b->n
[2019-04-29 14:35:40]	不结盟 vi->n
[2019-04-29 14:35:40]	不是 c->n
[2019-04-29 14:35:40]	不能 v->n
[2019-04-29 14:35:40]	不会 v->n
[2019-04-29 14:35:40]	出血 vi->n
[2019-04-29 14:35:40]	打的 v->n
[2019-04-29 14:35:40]	除外 vi->n
[2019-04-29 14:35:40]	春分 t->n
[2019-04-29 14:35:40]	从宽 d->n
[2019-04-29 14:35:40]	从重 d->n
[2019-04-29 14:35:40]	搭建 v->n
[2019-04-29 14:35:40]	大寒 t->n
[2019-04-29 14:35:40]	当面 d->n
[2019-04-29 14:35:40]	会话 v->n
[2019-04-29 14:35:40]	分米 q->n
[2019-04-29 14:35:40]	次要 b->n
[2019-04-29 14:35:40]	成心 d->n
[2019-04-29 14:35:40]	一齐 d->n
[2019-04-29 14:35:40]	还账 v->n
[2019-04-29 14:35:40]	不准 v->n
[2019-04-29 14:35:40]	看不起 v->n
[2019-04-29 14:35:40]	看得起 v->n
[2019-04-29 14:35:40]	小产 v->n
[2019-04-29 14:35:40]	天天 d->n
[2019-04-29 14:35:40]	起名 vi->n
[2019-04-29 14:35:40]	上税 v->n
[2019-04-29 14:35:40]	他俩 r->n
[2019-04-29 14:35:40]	千米 q->n
[2019-04-29 14:35:40]	是不是 v->n
[2019-04-29 14:35:40]	禁不起 v->n
[2019-04-29 14:35:40]	先后 d->n
[2019-04-29 14:35:40]	小便 v->n
[2019-04-29 14:35:40]	小满 t->n
[2019-04-29 14:35:40]	吃药 v->n
[2019-04-29 14:35:40]	一元 b->n
[2019-04-29 14:35:40]	正好 z->n
[2019-04-29 14:35:40]	对证 vn->n
[2019-04-29 14:35:40]	中档 b->n
[2019-04-29 14:35:40]	自修 v->n
[2019-04-29 14:35:40]	到底 d->n
[2019-04-29 14:35:40]	和缓 a->n
[2019-04-29 14:35:40]	人为 b->n
[2019-04-29 14:35:40]	长达 v->n
[2019-04-29 14:35:40]	上流 b->n
[2019-04-29 14:35:40]	喜好 an->n
[2019-04-29 14:35:40]	从中 d->n
[2019-04-29 14:35:40]	各人 rr->n
[2019-04-29 14:35:40]	中选 vi->n
[2019-04-29 14:35:40]	各处 rzs->n
[2019-04-29 14:35:40]	四处 d->n
[2019-04-29 14:35:40]	上岸 vi->n
[2019-04-29 14:35:40]	拨打 v->n
[2019-04-29 14:35:40]	大跌 v->n
[2019-04-29 14:35:40]	好多 m->n
[2019-04-29 14:35:40]	下学 v->n
[2019-04-29 14:35:40]	不合 v->n
[2019-04-29 14:35:40]	高等 b->n
[2019-04-29 14:35:40]	老大 a->n
[2019-04-29 14:35:40]	还给 v->n
[2019-04-29 14:35:40]	对等 vi->n
[2019-04-29 14:35:40]	有心 v->n
[2019-04-29 14:35:40]	真的 a->n
[2019-04-29 14:35:40]	大喊 v->n
[2019-04-29 14:35:40]	总会 d->n
[2019-04-29 14:35:40]	该死 vi->n
[2019-04-29 14:35:40]	一口气 d->n
[2019-04-29 14:35:40]	小气 a->n
[2019-04-29 14:35:40]	论说 vn->n
[2019-04-29 14:35:40]	中意 a->n
[2019-04-29 14:35:40]	生分 a->n
[2019-04-29 14:35:40]	内蒙古自治区 ns->n
[2019-04-29 14:35:40]	年间 f->n
[2019-04-29 14:35:40]	和暖 a->n
[2019-04-29 14:35:40]	省钱 a->n
[2019-04-29 14:35:40]	单方面 b->n
[2019-04-29 14:35:40]	早起 vi->n
[2019-04-29 14:35:40]	签定 v->n
[2019-04-29 14:35:40]	凡间 s->n
[2019-04-29 14:35:40]	就是 c->n
[2019-04-29 14:35:40]	便是 v->n
[2019-04-29 14:35:40]	国都 d->n
[2019-04-29 14:35:40]	首次 m->n
[2019-04-29 14:35:40]	睡着 v->n
[2019-04-29 14:35:40]	了得 a->n
[2019-04-29 14:35:40]	西藏自治区 ns->n
[2019-04-29 14:35:40]	想像 v->n
[2019-04-29 14:35:40]	好在 d->n
[2019-04-29 14:35:40]	往时 t->n
[2019-04-29 14:35:40]	争抢 v->n
[2019-04-29 14:35:40]	正在 d->n
[2019-04-29 14:35:40]	我方 r->n
[2019-04-29 14:35:40]	多功能 b->n
[2019-04-29 14:35:40]	黑白 b->n
[2019-04-29 14:35:40]	南北 f->n
[2019-04-29 14:35:40]	干什么 r->n
[2019-04-29 14:35:40]	不断 d->n
[2019-04-29 14:35:40]	同呼吸 vl->n
[2019-04-29 14:35:40]	日间 t->n
[2019-04-29 14:35:40]	还是 c->n
[2019-04-29 14:35:40]	有点 d->n
[2019-04-29 14:35:40]	下流 a->n
[2019-04-29 14:35:40]	怎么办 ryv->n
[2019-04-29 14:35:40]	您好 nl->n
[2019-04-29 14:35:40]	你好 vl->n
[2019-04-29 14:35:40]	交售 v->n
[2019-04-29 14:35:40]	找到 v->n
[2019-04-29 14:35:40]	从来 d->n
[2019-04-29 14:35:40]	约分 v->n
[2019-04-29 14:35:40]	正数 v->n
[2019-04-29 14:35:40]	他人 rr->n
[2019-04-29 14:35:40]	不论 c->n
[2019-04-29 14:35:40]	不管 c->n
[2019-04-29 14:35:40]	出事 vi->n
[2019-04-29 14:35:40]	从此 d->n
[2019-04-29 14:35:40]	当时 t->n
[2019-04-29 14:35:40]	对话 vi->n
[2019-04-29 14:35:40]	吃饭 vi->n
[2019-04-29 14:35:40]	更新 v->n
[2019-04-29 14:35:40]	讲课 vi->n
[2019-04-29 14:35:40]	尽心 a->n
[2019-04-29 14:35:40]	立方 q->n
[2019-04-29 14:35:40]	没关系 vl->n
[2019-04-29 14:35:40]	遍地 vd->n
[2019-04-29 14:35:40]	开车 vi->n
[2019-04-29 14:35:40]	因此 c->n
[2019-04-29 14:35:40]	将来 t->n
[2019-04-29 14:35:40]	以前 f->n
[2019-04-29 14:35:40]	先前 t->n
[2019-04-29 14:35:40]	早上 t->n
[2019-04-29 14:35:40]	正月 t->n
[2019-04-29 14:35:40]	难看 a->n
[2019-04-29 14:35:40]	对头 a->n
[2019-04-29 14:35:40]	正当 a->n
[2019-04-29 14:35:40]	不容 v->n
[2019-04-29 14:35:40]	出手 vi->n
[2019-04-29 14:35:40]	着手 v->n
[2019-04-29 14:35:40]	不错 a->n
[2019-04-29 14:35:40]	不便 a->n
[2019-04-29 14:35:40]	得手 a->n
[2019-04-29 14:35:40]	说话 vi->n
[2019-04-29 14:35:40]	特等 b->n
[2019-04-29 14:35:40]	住手 vi->n
[2019-04-29 14:35:40]	共事 vi->n
[2019-04-29 14:35:40]	从前 t->n
[2019-04-29 14:35:40]	已往 t->n
[2019-04-29 14:35:40]	低下 a->n
[2019-04-29 14:35:40]	当中 f->n
[2019-04-29 14:35:40]	不易 a->n
[2019-04-29 14:35:40]	不可 d->n
[2019-04-29 14:35:40]	至此 d->n
[2019-04-29 14:35:40]	不顾 v->n
[2019-04-29 14:35:40]	正派 a->n
[2019-04-29 14:35:40]	不然 a->n
[2019-04-29 14:35:40]	某人 rr->n
[2019-04-29 14:35:40]	一角 n->v
[2019-04-29 14:35:40]	除外 vi->v
[2019-04-29 14:35:40]	爱人 n->nz
[2019-04-29 14:35:40]	把手 n->nz
[2019-04-29 14:35:40]	靠山 n->nz
[2019-04-29 14:35:40]	不行 a->v
[2019-04-29 14:35:40]	不能 v->vi
[2019-04-29 14:35:40]	不会 v->vi
[2019-04-29 14:35:40]	车号 n->nz
[2019-04-29 14:35:40]	同党 n->nz
[2019-04-29 14:35:40]	打的 v->vi
[2019-04-29 14:35:40]	除法 n->nz
[2019-04-29 14:35:40]	从重 d->v
[2019-04-29 14:35:40]	搭建 v->vd
[2019-04-29 14:35:40]	四处 d->vi
[2019-04-29 14:35:40]	拨打 v->vd
[2019-04-29 14:35:40]	大跌 v->vn
[2019-04-29 14:35:40]	会话 v->vn
[2019-04-29 14:35:40]	要领 n->nz
[2019-04-29 14:35:40]	下学 v->vd
[2019-04-29 14:35:40]	分号 n->nz
[2019-04-29 14:35:40]	不合 v->n
[2019-04-29 14:35:40]	高等 b->a
[2019-04-29 14:35:40]	还给 v->vd
[2019-04-29 14:35:40]	有心 v->vd
[2019-04-29 14:35:40]	说法 n->nz
[2019-04-29 14:35:40]	大喊 v->vd
[2019-04-29 14:35:40]	好多 m->a
[2019-04-29 14:35:40]	大奖 n->nz
[2019-04-29 14:35:40]	无礼 a->ad
[2019-04-29 14:35:40]	看不起 v->vn
[2019-04-29 14:35:40]	看得起 v->vn
[2019-04-29 14:35:40]	理事 n->nz
[2019-04-29 14:35:40]	本心 n->nl
[2019-04-29 14:35:40]	论说 vn->vl
[2019-04-29 14:35:40]	他俩 r->n
[2019-04-29 14:35:40]	江米 n->nz
[2019-04-29 14:35:40]	千米 q->qv
[2019-04-29 14:35:40]	签定 v->vn
[2019-04-29 14:35:40]	好天 n->nz
[2019-04-29 14:35:40]	日食 n->nz
[2019-04-29 14:35:40]	是不是 v->vd
[2019-04-29 14:35:40]	手指 n->nz
[2019-04-29 14:35:40]	睡着 v->vd
[2019-04-29 14:35:40]	大小 n->nz
[2019-04-29 14:35:40]	了得 a->ad
[2019-04-29 14:35:40]	问号 n->nz
[2019-04-29 14:35:40]	西藏自治区 ns->nz
[2019-04-29 14:35:40]	小便 v->vi
[2019-04-29 14:35:40]	好在 d->v
[2019-04-29 14:35:40]	双眼 n->nz
[2019-04-29 14:35:40]	一元 b->nz
[2019-04-29 14:35:40]	引号 n->nz
[2019-04-29 14:35:40]	像片 n->nz
[2019-04-29 14:35:40]	争抢 v->vd
[2019-04-29 14:35:40]	小我 n->nz
[2019-04-29 14:35:40]	文字 n->nz
[2019-04-29 14:35:40]	部分 m->n
[2019-04-29 14:35:40]	别名 n->nz
[2019-04-29 14:35:40]	和缓 a->ad
[2019-04-29 14:35:40]	按时 d->ad
[2019-04-29 14:35:40]	春分 t->n
[2019-04-29 14:35:40]	知了 n->nz
[2019-04-29 14:35:40]	车次 n->nz
[2019-04-29 14:35:40]	大寒 t->nz
[2019-04-29 14:35:40]	大料 n->nz
[2019-04-29 14:35:40]	当面 d->n
[2019-04-29 14:35:40]	上岸 vi->v
[2019-04-29 14:35:40]	对仗 n->nz
[2019-04-29 14:35:40]	分米 q->qt
[2019-04-29 14:35:40]	副词 n->nz
[2019-04-29 14:35:40]	次要 b->bl
[2019-04-29 14:35:40]	成心 d->v
[2019-04-29 14:35:40]	还账 v->vi
[2019-04-29 14:35:40]	该死 vi->v
[2019-04-29 14:35:40]	长项 n->nz
[2019-04-29 14:35:40]	借条 n->nz
[2019-04-29 14:35:40]	买家 n->nz
[2019-04-29 14:35:40]	天车 n->nz
[2019-04-29 14:35:40]	东家 n->nz
[2019-04-29 14:35:40]	小气 a->ad
[2019-04-29 14:35:40]	小产 v->vi
[2019-04-29 14:35:40]	起名 vi->v
[2019-04-29 14:35:40]	生分 a->ad
[2019-04-29 14:35:40]	上税 v->vi
[2019-04-29 14:35:40]	内蒙古自治区 ns->nz
[2019-04-29 14:35:40]	拟人 n->nz
[2019-04-29 14:35:40]	年岁 n->nl
[2019-04-29 14:35:40]	年事 n->nl
[2019-04-29 14:35:40]	身段 n->nz
[2019-04-29 14:35:40]	凡间 s->n
[2019-04-29 14:35:40]	便是 v->vd
[2019-04-29 14:35:40]	收条 n->nz
[2019-04-29 14:35:40]	禁不起 v->vd
[2019-04-29 14:35:40]	书册 n->nl
[2019-04-29 14:35:40]	水笔 n->nz
[2019-04-29 14:35:40]	时价 n->nl
[2019-04-29 14:35:40]	就义 vi->v
[2019-04-29 14:35:40]	先后 d->ad
[2019-04-29 14:35:40]	想像 v->vd
[2019-04-29 14:35:40]	小寒 t->nz
[2019-04-29 14:35:40]	小满 t->nz
[2019-04-29 14:35:40]	新词 n->nl
[2019-04-29 14:35:40]	往时 t->tg
[2019-04-29 14:35:40]	意旨 n->nl
[2019-04-29 14:35:40]	图章 n->nz
[2019-04-29 14:35:40]	正好 z->tg
[2019-04-29 14:35:40]	正理 n->nl
[2019-04-29 14:35:40]	对证 vn->n
[2019-04-29 14:35:40]	中档 b->nl
[2019-04-29 14:35:40]	我方 r->n
[2019-04-29 14:35:40]	自修 v->vl
[2019-04-29 14:35:40]	才能 n->v
[2019-04-29 14:35:40]	秒钟 n->q
[2019-04-29 14:35:40]	火烧 n->v
[2019-04-29 14:35:40]	大路 n->nz
[2019-04-29 14:35:40]	自力 n->nz
[2019-04-29 14:35:40]	女星 n->nl
[2019-04-29 14:35:40]	申请人 n->nl
[2019-04-29 14:35:40]	美女 n->nl
[2019-04-29 14:35:40]	联系人 n->nl
[2019-04-29 14:35:40]	便条 n->nl
[2019-04-29 14:35:40]	中农 n->nl
[2019-04-29 14:35:40]	人道 n->nl
[2019-04-29 14:35:40]	资本家 n->nl
[2019-04-29 14:35:40]	水车 n->nl
[2019-04-29 14:35:40]	马戏 n->nl
[2019-04-29 14:35:40]	除数 n->nz
[2019-04-29 14:35:40]	周长 n->nz
[2019-04-29 14:35:40]	小数 n->nz
[2019-04-29 14:35:40]	经线 n->nz
[2019-04-29 14:35:40]	副手 n->nz
[2019-04-29 14:35:40]	三角 n->ns
[2019-04-29 14:35:40]	切线 n->nz
[2019-04-29 14:35:40]	本着 p->nl
[2019-04-29 14:35:40]	报到 vi->v
[2019-04-29 14:35:40]	不够 a->n
[2019-04-29 14:35:40]	不满 a->v
[2019-04-29 14:35:40]	不同 a->ad
[2019-04-29 14:35:40]	大使 n->nl
[2019-04-29 14:35:40]	对应 vi->v
[2019-04-29 14:35:40]	海带 n->nl
[2019-04-29 14:35:40]	后天 n->t
[2019-04-29 14:35:40]	回家 vi->v
[2019-04-29 14:35:40]	开关 n->v
[2019-04-29 14:35:40]	完了 vi->n
[2019-04-29 14:35:40]	没用 a->v
[2019-04-29 14:35:40]	难听 a->v
[2019-04-29 14:35:40]	暖和 a->ad
[2019-04-29 14:35:40]	排比 n->nz
[2019-04-29 14:35:40]	前天 n->t
[2019-04-29 14:35:40]	上当 vi->v
[2019-04-29 14:35:40]	受不了 al->n
[2019-04-29 14:35:40]	从而 c->cc
[2019-04-29 14:35:40]	图像 n->nl
[2019-04-29 14:35:40]	脱钩 vi->v
[2019-04-29 14:35:40]	周到 a->an
[2019-04-29 14:35:40]	等同 vd->v
[2019-04-29 14:35:40]	有用 a->n
[2019-04-29 14:35:40]	再见 vi->v
[2019-04-29 14:35:40]	有时候 d->n
[2019-04-29 14:35:40]	由此 d->n
[2019-04-29 14:35:40]	有余 m->v
[2019-04-29 14:35:40]	请愿 vi->vn
[2019-04-29 14:35:40]	内在 b->n
[2019-04-29 14:35:40]	不好 a->n
[2019-04-29 14:35:40]	共命运 vl->nl
[2019-04-29 14:35:40]	小于 nr->v
[2019-04-29 14:35:40]	大人 n->nl
[2019-04-29 14:35:40]	乘法 n->nl
[2019-04-29 14:35:40]	对手 n->nl
[2019-04-29 14:35:40]	对方 n->nl
[2019-04-29 14:35:40]	成人 n->nl
[2019-04-29 14:35:40]	所在 n->nl
[2019-04-29 14:35:40]	全年 n->nl
[2019-04-29 14:35:40]	年轻人 n->nl
[2019-04-29 14:35:40]	双手 n->nl
[2019-04-29 14:35:40]	亮点 n->nl
[2019-04-29 14:35:40]	所长 n->nl
[2019-04-29 14:35:40]	天下 n->nl
[2019-04-29 14:35:40]	先人 n->nl
[2019-04-29 14:35:40]	正常人 n->nl
[2019-04-29 14:35:40]	好人 n->nl
[2019-04-29 14:35:40]	国家队 n->nl
[2019-04-29 14:35:40]	党派 n->nl
[2019-04-29 14:35:40]	乘方 n->nl
[2019-04-29 14:35:40]	嗨 e->nl
[2019-04-29 14:35:40]	个人 n->nl
[2019-04-29 14:35:40]	整年 d->n
[2019-04-29 14:35:40]	有声 b->n
[2019-04-29 14:35:40]	新增 v->n
[2019-04-29 14:35:40]	上册 n->nl
[2019-04-29 14:35:40]	到校 v->n
[2019-04-29 14:35:40]	一对 mq->n
[2019-04-29 14:35:40]	本分 a->n
[2019-04-29 14:35:40]	按时 d->n
[2019-04-29 14:35:40]	一定 b->n
[2019-04-29 14:35:40]	不结盟 vi->n
[2019-04-29 14:35:40]	不是 c->n
[2019-04-29 14:35:40]	不能 v->n
[2019-04-29 14:35:40]	不会 v->n
[2019-04-29 14:35:40]	出血 vi->n
[2019-04-29 14:35:40]	打的 v->n
[2019-04-29 14:35:40]	除外 vi->n
[2019-04-29 14:35:40]	春分 t->n
[2019-04-29 14:35:40]	从宽 d->n
[2019-04-29 14:35:40]	从重 d->n
[2019-04-29 14:35:40]	搭建 v->n
[2019-04-29 14:35:40]	大寒 t->n
[2019-04-29 14:35:40]	当面 d->n
[2019-04-29 14:35:40]	会话 v->n
[2019-04-29 14:35:40]	分米 q->n
[2019-04-29 14:35:40]	次要 b->n
[2019-04-29 14:35:40]	成心 d->n
[2019-04-29 14:35:40]	一齐 d->n
[2019-04-29 14:35:40]	还账 v->n
[2019-04-29 14:35:40]	不准 v->n
[2019-04-29 14:35:40]	看不起 v->n
[2019-04-29 14:35:40]	看得起 v->n
[2019-04-29 14:35:40]	小产 v->n
[2019-04-29 14:35:40]	天天 d->n
[2019-04-29 14:35:40]	起名 vi->n
[2019-04-29 14:35:40]	上税 v->n
[2019-04-29 14:35:40]	他俩 r->n
[2019-04-29 14:35:40]	千米 q->n
[2019-04-29 14:35:40]	是不是 v->n
[2019-04-29 14:35:40]	禁不起 v->n
[2019-04-29 14:35:40]	先后 d->n
[2019-04-29 14:35:40]	小便 v->n
[2019-04-29 14:35:40]	小满 t->n
[2019-04-29 14:35:40]	吃药 v->n
[2019-04-29 14:35:40]	一元 b->n
[2019-04-29 14:35:40]	正好 z->n
[2019-04-29 14:35:40]	对证 vn->n
[2019-04-29 14:35:40]	中档 b->n
[2019-04-29 14:35:40]	自修 v->n
[2019-04-29 14:35:40]	到底 d->n
[2019-04-29 14:35:40]	和缓 a->n
[2019-04-29 14:35:40]	人为 b->n
[2019-04-29 14:35:40]	长达 v->n
[2019-04-29 14:35:40]	上流 b->n
[2019-04-29 14:35:40]	喜好 an->n
[2019-04-29 14:35:40]	从中 d->n
[2019-04-29 14:35:40]	各人 rr->n
[2019-04-29 14:35:40]	中选 vi->n
[2019-04-29 14:35:40]	各处 rzs->n
[2019-04-29 14:35:40]	四处 d->n
[2019-04-29 14:35:40]	上岸 vi->n
[2019-04-29 14:35:40]	拨打 v->n
[2019-04-29 14:35:40]	大跌 v->n
[2019-04-29 14:35:40]	好多 m->n
[2019-04-29 14:35:40]	下学 v->n
[2019-04-29 14:35:40]	不合 v->n
[2019-04-29 14:35:40]	高等 b->n
[2019-04-29 14:35:40]	老大 a->n
[2019-04-29 14:35:40]	还给 v->n
[2019-04-29 14:35:40]	对等 vi->n
[2019-04-29 14:35:40]	有心 v->n
[2019-04-29 14:35:40]	真的 a->n
[2019-04-29 14:35:40]	大喊 v->n
[2019-04-29 14:35:40]	总会 d->n
[2019-04-29 14:35:40]	该死 vi->n
[2019-04-29 14:35:40]	一口气 d->n
[2019-04-29 14:35:40]	小气 a->n
[2019-04-29 14:35:40]	论说 vn->n
[2019-04-29 14:35:40]	中意 a->n
[2019-04-29 14:35:40]	生分 a->n
[2019-04-29 14:35:40]	内蒙古自治区 ns->n
[2019-04-29 14:35:40]	年间 f->n
[2019-04-29 14:35:40]	和暖 a->n
[2019-04-29 14:35:40]	省钱 a->n
[2019-04-29 14:35:40]	单方面 b->n
[2019-04-29 14:35:40]	早起 vi->n
[2019-04-29 14:35:40]	签定 v->n
[2019-04-29 14:35:40]	凡间 s->n
[2019-04-29 14:35:40]	就是 c->n
[2019-04-29 14:35:40]	便是 v->n
[2019-04-29 14:35:40]	国都 d->n
[2019-04-29 14:35:40]	首次 m->n
[2019-04-29 14:35:40]	睡着 v->n
[2019-04-29 14:35:40]	了得 a->n
[2019-04-29 14:35:40]	西藏自治区 ns->n
[2019-04-29 14:35:40]	想像 v->n
[2019-04-29 14:35:40]	好在 d->n
[2019-04-29 14:35:40]	往时 t->n
[2019-04-29 14:35:40]	争抢 v->n
[2019-04-29 14:35:40]	正在 d->n
[2019-04-29 14:35:40]	我方 r->n
[2019-04-29 14:35:40]	多功能 b->n
[2019-04-29 14:35:40]	黑白 b->n
[2019-04-29 14:35:40]	南北 f->n
[2019-04-29 14:35:40]	干什么 r->n
[2019-04-29 14:35:40]	不断 d->n
[2019-04-29 14:35:40]	同呼吸 vl->n
[2019-04-29 14:35:40]	日间 t->n
[2019-04-29 14:35:40]	还是 c->n
[2019-04-29 14:35:40]	有点 d->n
[2019-04-29 14:35:40]	下流 a->n
[2019-04-29 14:35:40]	怎么办 ryv->n
[2019-04-29 14:35:40]	您好 nl->n
[2019-04-29 14:35:40]	你好 vl->n
[2019-04-29 14:35:40]	交售 v->n
[2019-04-29 14:35:40]	找到 v->n
[2019-04-29 14:35:40]	从来 d->n
[2019-04-29 14:35:40]	约分 v->n
[2019-04-29 14:35:40]	正数 v->n
[2019-04-29 14:35:40]	他人 rr->n
[2019-04-29 14:35:40]	不论 c->n
[2019-04-29 14:35:40]	不管 c->n
[2019-04-29 14:35:40]	出事 vi->n
[2019-04-29 14:35:40]	从此 d->n
[2019-04-29 14:35:40]	当时 t->n
[2019-04-29 14:35:40]	对话 vi->n
[2019-04-29 14:35:40]	吃饭 vi->n
[2019-04-29 14:35:40]	更新 v->n
[2019-04-29 14:35:40]	讲课 vi->n
[2019-04-29 14:35:40]	尽心 a->n
[2019-04-29 14:35:40]	立方 q->n
[2019-04-29 14:35:40]	没关系 vl->n
[2019-04-29 14:35:40]	遍地 vd->n
[2019-04-29 14:35:40]	开车 vi->n
[2019-04-29 14:35:40]	因此 c->n
[2019-04-29 14:35:40]	将来 t->n
[2019-04-29 14:35:40]	以前 f->n
[2019-04-29 14:35:40]	先前 t->n
[2019-04-29 14:35:40]	早上 t->n
[2019-04-29 14:35:40]	正月 t->n
[2019-04-29 14:35:40]	难看 a->n
[2019-04-29 14:35:40]	对头 a->n
[2019-04-29 14:35:40]	正当 a->n
[2019-04-29 14:35:40]	不容 v->n
[2019-04-29 14:35:40]	出手 vi->n
[2019-04-29 14:35:40]	着手 v->n
[2019-04-29 14:35:40]	不错 a->n
[2019-04-29 14:35:40]	不便 a->n
[2019-04-29 14:35:40]	得手 a->n
[2019-04-29 14:35:40]	说话 vi->n
[2019-04-29 14:35:40]	特等 b->n
[2019-04-29 14:35:40]	住手 vi->n
[2019-04-29 14:35:40]	共事 vi->n
[2019-04-29 14:35:40]	从前 t->n
[2019-04-29 14:35:40]	已往 t->n
[2019-04-29 14:35:40]	低下 a->n
[2019-04-29 14:35:40]	当中 f->n
[2019-04-29 14:35:40]	不易 a->n
[2019-04-29 14:35:40]	不可 d->n
[2019-04-29 14:35:40]	至此 d->n
[2019-04-29 14:35:40]	不顾 v->n
[2019-04-29 14:35:40]	正派 a->n
[2019-04-29 14:35:40]	不然 a->n
[2019-04-29 14:35:40]	某人 rr->n
[2019-04-29 14:35:40]	一角 n->v
[2019-04-29 14:35:40]	除外 vi->v
[2019-04-29 14:35:40]	爱人 n->nz
[2019-04-29 14:35:40]	把手 n->nz
[2019-04-29 14:35:40]	靠山 n->nz
[2019-04-29 14:35:40]	不行 a->v
[2019-04-29 14:35:40]	不能 v->vi
[2019-04-29 14:35:40]	不会 v->vi
[2019-04-29 14:35:40]	车号 n->nz
[2019-04-29 14:35:40]	同党 n->nz
[2019-04-29 14:35:40]	打的 v->vi
[2019-04-29 14:35:40]	除法 n->nz
[2019-04-29 14:35:40]	从重 d->v
[2019-04-29 14:35:40]	搭建 v->vd
[2019-04-29 14:35:40]	四处 d->vi
[2019-04-29 14:35:40]	拨打 v->vd
[2019-04-29 14:35:40]	大跌 v->vn
[2019-04-29 14:35:40]	会话 v->vn
[2019-04-29 14:35:40]	要领 n->nz
[2019-04-29 14:35:40]	下学 v->vd
[2019-04-29 14:35:40]	分号 n->nz
[2019-04-29 14:35:40]	不合 v->n
[2019-04-29 14:35:40]	高等 b->a
[2019-04-29 14:35:40]	还给 v->vd
[2019-04-29 14:35:40]	有心 v->vd
[2019-04-29 14:35:40]	说法 n->nz
[2019-04-29 14:35:40]	大喊 v->vd
[2019-04-29 14:35:40]	好多 m->a
[2019-04-29 14:35:40]	大奖 n->nz
[2019-04-29 14:35:40]	无礼 a->ad
[2019-04-29 14:35:40]	看不起 v->vn
[2019-04-29 14:35:40]	看得起 v->vn
[2019-04-29 14:35:40]	理事 n->nz
[2019-04-29 14:35:40]	本心 n->nl
[2019-04-29 14:35:40]	论说 vn->vl
[2019-04-29 14:35:40]	他俩 r->n
[2019-04-29 14:35:40]	江米 n->nz
[2019-04-29 14:35:40]	千米 q->qv
[2019-04-29 14:35:40]	签定 v->vn
[2019-04-29 14:35:40]	好天 n->nz
[2019-04-29 14:35:40]	日食 n->nz
[2019-04-29 14:35:40]	是不是 v->vd
[2019-04-29 14:35:40]	手指 n->nz
[2019-04-29 14:35:40]	睡着 v->vd
[2019-04-29 14:35:40]	大小 n->nz
[2019-04-29 14:35:40]	了得 a->ad
[2019-04-29 14:35:40]	问号 n->nz
[2019-04-29 14:35:40]	西藏自治区 ns->nz
[2019-04-29 14:35:40]	小便 v->vi
[2019-04-29 14:35:40]	好在 d->v
[2019-04-29 14:35:40]	双眼 n->nz
[2019-04-29 14:35:40]	一元 b->nz
[2019-04-29 14:35:40]	引号 n->nz
[2019-04-29 14:35:40]	像片 n->nz
[2019-04-29 14:35:40]	争抢 v->vd
[2019-04-29 14:35:40]	小我 n->nz
[2019-04-29 14:35:40]	文字 n->nz
[2019-04-29 14:35:40]	部分 m->n
[2019-04-29 14:35:40]	别名 n->nz
[2019-04-29 14:35:40]	和缓 a->ad
[2019-04-29 14:35:40]	按时 d->ad
[2019-04-29 14:35:40]	春分 t->n
[2019-04-29 14:35:40]	知了 n->nz
[2019-04-29 14:35:40]	车次 n->nz
[2019-04-29 14:35:40]	大寒 t->nz
[2019-04-29 14:35:40]	大料 n->nz
[2019-04-29 14:35:40]	当面 d->n
[2019-04-29 14:35:40]	上岸 vi->v
[2019-04-29 14:35:40]	对仗 n->nz
[2019-04-29 14:35:40]	分米 q->qt
[2019-04-29 14:35:40]	副词 n->nz
[2019-04-29 14:35:40]	次要 b->bl
[2019-04-29 14:35:40]	成心 d->v
[2019-04-29 14:35:40]	还账 v->vi
[2019-04-29 14:35:40]	该死 vi->v
[2019-04-29 14:35:40]	长项 n->nz
[2019-04-29 14:35:40]	借条 n->nz
[2019-04-29 14:35:40]	买家 n->nz
[2019-04-29 14:35:40]	天车 n->nz
[2019-04-29 14:35:40]	东家 n->nz
[2019-04-29 14:35:40]	小气 a->ad
[2019-04-29 14:35:40]	小产 v->vi
[2019-04-29 14:35:40]	起名 vi->v
[2019-04-29 14:35:40]	生分 a->ad
[2019-04-29 14:35:40]	上税 v->vi
[2019-04-29 14:35:40]	内蒙古自治区 ns->nz
[2019-04-29 14:35:40]	拟人 n->nz
[2019-04-29 14:35:40]	年岁 n->nl
[2019-04-29 14:35:40]	年事 n->nl
[2019-04-29 14:35:40]	身段 n->nz
[2019-04-29 14:35:40]	凡间 s->n
[2019-04-29 14:35:40]	便是 v->vd
[2019-04-29 14:35:40]	收条 n->nz
[2019-04-29 14:35:40]	禁不起 v->vd
[2019-04-29 14:35:40]	书册 n->nl
[2019-04-29 14:35:40]	水笔 n->nz
[2019-04-29 14:35:40]	时价 n->nl
[2019-04-29 14:35:40]	就义 vi->v
[2019-04-29 14:35:40]	先后 d->ad
[2019-04-29 14:35:40]	想像 v->vd
[2019-04-29 14:35:40]	小寒 t->nz
[2019-04-29 14:35:40]	小满 t->nz
[2019-04-29 14:35:40]	新词 n->nl
[2019-04-29 14:35:40]	往时 t->tg
[2019-04-29 14:35:40]	意旨 n->nl
[2019-04-29 14:35:40]	图章 n->nz
[2019-04-29 14:35:40]	正好 z->tg
[2019-04-29 14:35:40]	正理 n->nl
[2019-04-29 14:35:40]	对证 vn->n
[2019-04-29 14:35:40]	中档 b->nl
[2019-04-29 14:35:40]	我方 r->n
[2019-04-29 14:35:40]	自修 v->vl
[2019-04-29 14:35:40]	才能 n->v
[2019-04-29 14:35:40]	秒钟 n->q
[2019-04-29 14:35:40]	火烧 n->v
[2019-04-29 14:35:40]	大路 n->nz
[2019-04-29 14:35:40]	自力 n->nz
[2019-04-29 14:35:40]	女星 n->nl
[2019-04-29 14:35:40]	申请人 n->nl
[2019-04-29 14:35:40]	美女 n->nl
[2019-04-29 14:35:40]	联系人 n->nl
[2019-04-29 14:35:40]	便条 n->nl
[2019-04-29 14:35:40]	中农 n->nl
[2019-04-29 14:35:40]	人道 n->nl
[2019-04-29 14:35:40]	资本家 n->nl
[2019-04-29 14:35:40]	水车 n->nl
[2019-04-29 14:35:40]	马戏 n->nl
[2019-04-29 14:35:40]	除数 n->nz
[2019-04-29 14:35:40]	周长 n->nz
[2019-04-29 14:35:40]	小数 n->nz
[2019-04-29 14:35:40]	经线 n->nz
[2019-04-29 14:35:40]	副手 n->nz
[2019-04-29 14:35:40]	三角 n->ns
[2019-04-29 14:35:40]	切线 n->nz
[2019-04-29 14:35:40]	本着 p->nl
[2019-04-29 14:35:40]	报到 vi->v
[2019-04-29 14:35:40]	不够 a->n
[2019-04-29 14:35:40]	不满 a->v
[2019-04-29 14:35:40]	不同 a->ad
[2019-04-29 14:35:40]	大使 n->nl
[2019-04-29 14:35:40]	对应 vi->v
[2019-04-29 14:35:40]	海带 n->nl
[2019-04-29 14:35:40]	后天 n->t
[2019-04-29 14:35:40]	回家 vi->v
[2019-04-29 14:35:40]	开关 n->v
[2019-04-29 14:35:40]	完了 vi->n
[2019-04-29 14:35:40]	没用 a->v
[2019-04-29 14:35:40]	难听 a->v
[2019-04-29 14:35:40]	暖和 a->ad
[2019-04-29 14:35:40]	排比 n->nz
[2019-04-29 14:35:40]	前天 n->t
[2019-04-29 14:35:40]	上当 vi->v
[2019-04-29 14:35:40]	受不了 al->n
[2019-04-29 14:35:40]	从而 c->cc
[2019-04-29 14:35:40]	图像 n->nl
[2019-04-29 14:35:40]	脱钩 vi->v
[2019-04-29 14:35:40]	周到 a->an
[2019-04-29 14:35:40]	等同 vd->v
[2019-04-29 14:35:40]	有用 a->n
[2019-04-29 14:35:40]	再见 vi->v
[2019-04-29 14:35:40]	有时候 d->n
[2019-04-29 14:35:40]	由此 d->n
[2019-04-29 14:35:40]	有余 m->v
[2019-04-29 14:35:40]	请愿 vi->vn
[2019-04-29 14:35:40]	内在 b->n
[2019-04-29 14:35:40]	不好 a->n
[2019-04-29 14:35:40]	共命运 vl->nl
[2019-04-29 14:35:40]	小于 nr->v
[2019-04-29 14:35:40]	大人 n->nl
[2019-04-29 14:35:40]	乘法 n->nl
[2019-04-29 14:35:40]	对手 n->nl
[2019-04-29 14:35:40]	对方 n->nl
[2019-04-29 14:35:40]	成人 n->nl
[2019-04-29 14:35:40]	所在 n->nl
[2019-04-29 14:35:40]	全年 n->nl
[2019-04-29 14:35:40]	年轻人 n->nl
[2019-04-29 14:35:40]	双手 n->nl
[2019-04-29 14:35:40]	亮点 n->nl
[2019-04-29 14:35:40]	所长 n->nl
[2019-04-29 14:35:40]	天下 n->nl
[2019-04-29 14:35:40]	先人 n->nl
[2019-04-29 14:35:40]	正常人 n->nl
[2019-04-29 14:35:40]	好人 n->nl
[2019-04-29 14:35:40]	国家队 n->nl
[2019-04-29 14:35:40]	党派 n->nl
[2019-04-29 14:35:40]	乘方 n->nl
[2019-04-29 14:35:40]	嗨 e->nl
[2019-04-29 14:35:40]	个人 n->nl
[2019-04-29 14:35:40]	整年 d->n
[2019-04-29 14:35:40]	有声 b->n
[2019-04-29 14:35:40]	新增 v->n
[2019-04-29 14:35:40]	上册 n->nl
[2019-04-29 14:36:06]	到校 v->n
[2019-04-29 14:36:06]	一对 mq->n
[2019-04-29 14:36:06]	本分 a->n
[2019-04-29 14:36:06]	按时 d->n
[2019-04-29 14:36:06]	一定 b->n
[2019-04-29 14:36:06]	不结盟 vi->n
[2019-04-29 14:36:06]	不是 c->n
[2019-04-29 14:36:06]	不能 v->n
[2019-04-29 14:36:06]	不会 v->n
[2019-04-29 14:36:06]	出血 vi->n
[2019-04-29 14:36:06]	打的 v->n
[2019-04-29 14:36:06]	除外 vi->n
[2019-04-29 14:36:06]	春分 t->n
[2019-04-29 14:36:06]	从宽 d->n
[2019-04-29 14:36:06]	从重 d->n
[2019-04-29 14:36:06]	搭建 v->n
[2019-04-29 14:36:06]	大寒 t->n
[2019-04-29 14:36:06]	当面 d->n
[2019-04-29 14:36:06]	会话 v->n
[2019-04-29 14:36:06]	分米 q->n
[2019-04-29 14:36:06]	次要 b->n
[2019-04-29 14:36:06]	成心 d->n
[2019-04-29 14:36:06]	一齐 d->n
[2019-04-29 14:36:06]	还账 v->n
[2019-04-29 14:36:06]	不准 v->n
[2019-04-29 14:36:06]	看不起 v->n
[2019-04-29 14:36:06]	看得起 v->n
[2019-04-29 14:36:06]	小产 v->n
[2019-04-29 14:36:06]	天天 d->n
[2019-04-29 14:36:06]	起名 vi->n
[2019-04-29 14:36:06]	上税 v->n
[2019-04-29 14:36:06]	他俩 r->n
[2019-04-29 14:36:06]	千米 q->n
[2019-04-29 14:36:06]	是不是 v->n
[2019-04-29 14:36:06]	禁不起 v->n
[2019-04-29 14:36:06]	先后 d->n
[2019-04-29 14:36:06]	小便 v->n
[2019-04-29 14:36:06]	小满 t->n
[2019-04-29 14:36:06]	吃药 v->n
[2019-04-29 14:36:06]	一元 b->n
[2019-04-29 14:36:06]	正好 z->n
[2019-04-29 14:36:06]	对证 vn->n
[2019-04-29 14:36:06]	中档 b->n
[2019-04-29 14:36:06]	自修 v->n
[2019-04-29 14:36:06]	到底 d->n
[2019-04-29 14:36:06]	和缓 a->n
[2019-04-29 14:36:06]	人为 b->n
[2019-04-29 14:36:06]	长达 v->n
[2019-04-29 14:36:06]	上流 b->n
[2019-04-29 14:36:06]	喜好 an->n
[2019-04-29 14:36:06]	从中 d->n
[2019-04-29 14:36:06]	各人 rr->n
[2019-04-29 14:36:06]	中选 vi->n
[2019-04-29 14:36:06]	各处 rzs->n
[2019-04-29 14:36:06]	四处 d->n
[2019-04-29 14:36:06]	上岸 vi->n
[2019-04-29 14:36:06]	拨打 v->n
[2019-04-29 14:36:06]	大跌 v->n
[2019-04-29 14:36:06]	好多 m->n
[2019-04-29 14:36:06]	下学 v->n
[2019-04-29 14:36:06]	不合 v->n
[2019-04-29 14:36:06]	高等 b->n
[2019-04-29 14:36:06]	老大 a->n
[2019-04-29 14:36:06]	还给 v->n
[2019-04-29 14:36:06]	对等 vi->n
[2019-04-29 14:36:06]	有心 v->n
[2019-04-29 14:36:06]	真的 a->n
[2019-04-29 14:36:06]	大喊 v->n
[2019-04-29 14:36:06]	总会 d->n
[2019-04-29 14:36:06]	该死 vi->n
[2019-04-29 14:36:06]	一口气 d->n
[2019-04-29 14:36:06]	小气 a->n
[2019-04-29 14:36:06]	论说 vn->n
[2019-04-29 14:36:06]	中意 a->n
[2019-04-29 14:36:06]	生分 a->n
[2019-04-29 14:36:06]	内蒙古自治区 ns->n
[2019-04-29 14:36:06]	年间 f->n
[2019-04-29 14:36:06]	和暖 a->n
[2019-04-29 14:36:06]	省钱 a->n
[2019-04-29 14:36:06]	单方面 b->n
[2019-04-29 14:36:06]	早起 vi->n
[2019-04-29 14:36:06]	签定 v->n
[2019-04-29 14:36:06]	凡间 s->n
[2019-04-29 14:36:06]	就是 c->n
[2019-04-29 14:36:06]	便是 v->n
[2019-04-29 14:36:06]	国都 d->n
[2019-04-29 14:36:06]	首次 m->n
[2019-04-29 14:36:06]	睡着 v->n
[2019-04-29 14:36:06]	了得 a->n
[2019-04-29 14:36:06]	西藏自治区 ns->n
[2019-04-29 14:36:06]	想像 v->n
[2019-04-29 14:36:06]	好在 d->n
[2019-04-29 14:36:06]	往时 t->n
[2019-04-29 14:36:06]	争抢 v->n
[2019-04-29 14:36:06]	正在 d->n
[2019-04-29 14:36:06]	我方 r->n
[2019-04-29 14:36:06]	多功能 b->n
[2019-04-29 14:36:06]	黑白 b->n
[2019-04-29 14:36:06]	南北 f->n
[2019-04-29 14:36:06]	干什么 r->n
[2019-04-29 14:36:06]	不断 d->n
[2019-04-29 14:36:06]	同呼吸 vl->n
[2019-04-29 14:36:06]	日间 t->n
[2019-04-29 14:36:06]	还是 c->n
[2019-04-29 14:36:06]	有点 d->n
[2019-04-29 14:36:06]	下流 a->n
[2019-04-29 14:36:06]	怎么办 ryv->n
[2019-04-29 14:36:06]	您好 nl->n
[2019-04-29 14:36:06]	你好 vl->n
[2019-04-29 14:36:06]	交售 v->n
[2019-04-29 14:36:06]	找到 v->n
[2019-04-29 14:36:06]	从来 d->n
[2019-04-29 14:36:06]	约分 v->n
[2019-04-29 14:36:06]	正数 v->n
[2019-04-29 14:36:06]	他人 rr->n
[2019-04-29 14:36:06]	不论 c->n
[2019-04-29 14:36:06]	不管 c->n
[2019-04-29 14:36:06]	出事 vi->n
[2019-04-29 14:36:06]	从此 d->n
[2019-04-29 14:36:06]	当时 t->n
[2019-04-29 14:36:06]	对话 vi->n
[2019-04-29 14:36:06]	吃饭 vi->n
[2019-04-29 14:36:06]	更新 v->n
[2019-04-29 14:36:06]	讲课 vi->n
[2019-04-29 14:36:06]	尽心 a->n
[2019-04-29 14:36:06]	立方 q->n
[2019-04-29 14:36:06]	没关系 vl->n
[2019-04-29 14:36:06]	遍地 vd->n
[2019-04-29 14:36:06]	开车 vi->n
[2019-04-29 14:36:06]	因此 c->n
[2019-04-29 14:36:06]	将来 t->n
[2019-04-29 14:36:06]	以前 f->n
[2019-04-29 14:36:06]	先前 t->n
[2019-04-29 14:36:06]	早上 t->n
[2019-04-29 14:36:06]	正月 t->n
[2019-04-29 14:36:06]	难看 a->n
[2019-04-29 14:36:06]	对头 a->n
[2019-04-29 14:36:06]	正当 a->n
[2019-04-29 14:36:06]	不容 v->n
[2019-04-29 14:36:06]	出手 vi->n
[2019-04-29 14:36:06]	着手 v->n
[2019-04-29 14:36:06]	不错 a->n
[2019-04-29 14:36:06]	不便 a->n
[2019-04-29 14:36:06]	得手 a->n
[2019-04-29 14:36:06]	说话 vi->n
[2019-04-29 14:36:06]	特等 b->n
[2019-04-29 14:36:06]	住手 vi->n
[2019-04-29 14:36:06]	共事 vi->n
[2019-04-29 14:36:06]	从前 t->n
[2019-04-29 14:36:06]	已往 t->n
[2019-04-29 14:36:06]	低下 a->n
[2019-04-29 14:36:06]	当中 f->n
[2019-04-29 14:36:06]	不易 a->n
[2019-04-29 14:36:06]	不可 d->n
[2019-04-29 14:36:06]	至此 d->n
[2019-04-29 14:36:06]	不顾 v->n
[2019-04-29 14:36:06]	正派 a->n
[2019-04-29 14:36:06]	不然 a->n
[2019-04-29 14:36:06]	某人 rr->n
[2019-04-29 14:36:06]	一角 n->v
[2019-04-29 14:36:06]	除外 vi->v
[2019-04-29 14:36:06]	爱人 n->nz
[2019-04-29 14:36:06]	把手 n->nz
[2019-04-29 14:36:06]	靠山 n->nz
[2019-04-29 14:36:06]	不行 a->v
[2019-04-29 14:36:06]	不能 v->vi
[2019-04-29 14:36:06]	不会 v->vi
[2019-04-29 14:36:06]	车号 n->nz
[2019-04-29 14:36:06]	同党 n->nz
[2019-04-29 14:36:06]	打的 v->vi
[2019-04-29 14:36:06]	除法 n->nz
[2019-04-29 14:36:06]	从重 d->v
[2019-04-29 14:36:06]	搭建 v->vd
[2019-04-29 14:36:06]	四处 d->vi
[2019-04-29 14:36:06]	拨打 v->vd
[2019-04-29 14:36:06]	大跌 v->vn
[2019-04-29 14:36:06]	会话 v->vn
[2019-04-29 14:36:06]	要领 n->nz
[2019-04-29 14:36:06]	下学 v->vd
[2019-04-29 14:36:06]	分号 n->nz
[2019-04-29 14:36:06]	不合 v->n
[2019-04-29 14:36:06]	高等 b->a
[2019-04-29 14:36:06]	还给 v->vd
[2019-04-29 14:36:06]	有心 v->vd
[2019-04-29 14:36:06]	说法 n->nz
[2019-04-29 14:36:06]	大喊 v->vd
[2019-04-29 14:36:06]	好多 m->a
[2019-04-29 14:36:06]	大奖 n->nz
[2019-04-29 14:36:06]	无礼 a->ad
[2019-04-29 14:36:06]	看不起 v->vn
[2019-04-29 14:36:06]	看得起 v->vn
[2019-04-29 14:36:06]	理事 n->nz
[2019-04-29 14:36:06]	本心 n->nl
[2019-04-29 14:36:06]	论说 vn->vl
[2019-04-29 14:36:06]	他俩 r->n
[2019-04-29 14:36:06]	江米 n->nz
[2019-04-29 14:36:06]	千米 q->qv
[2019-04-29 14:36:06]	签定 v->vn
[2019-04-29 14:36:06]	好天 n->nz
[2019-04-29 14:36:06]	日食 n->nz
[2019-04-29 14:36:06]	是不是 v->vd
[2019-04-29 14:36:06]	手指 n->nz
[2019-04-29 14:36:06]	睡着 v->vd
[2019-04-29 14:36:06]	大小 n->nz
[2019-04-29 14:36:06]	了得 a->ad
[2019-04-29 14:36:06]	问号 n->nz
[2019-04-29 14:36:06]	西藏自治区 ns->nz
[2019-04-29 14:36:06]	小便 v->vi
[2019-04-29 14:36:06]	好在 d->v
[2019-04-29 14:36:06]	双眼 n->nz
[2019-04-29 14:36:06]	一元 b->nz
[2019-04-29 14:36:06]	引号 n->nz
[2019-04-29 14:36:06]	像片 n->nz
[2019-04-29 14:36:06]	争抢 v->vd
[2019-04-29 14:36:06]	小我 n->nz
[2019-04-29 14:36:06]	文字 n->nz
[2019-04-29 14:36:06]	部分 m->n
[2019-04-29 14:36:06]	别名 n->nz
[2019-04-29 14:36:06]	和缓 a->ad
[2019-04-29 14:36:06]	按时 d->ad
[2019-04-29 14:36:06]	春分 t->n
[2019-04-29 14:36:06]	知了 n->nz
[2019-04-29 14:36:06]	车次 n->nz
[2019-04-29 14:36:06]	大寒 t->nz
[2019-04-29 14:36:06]	大料 n->nz
[2019-04-29 14:36:06]	当面 d->n
[2019-04-29 14:36:06]	上岸 vi->v
[2019-04-29 14:36:06]	对仗 n->nz
[2019-04-29 14:36:06]	分米 q->qt
[2019-04-29 14:36:06]	副词 n->nz
[2019-04-29 14:36:06]	次要 b->bl
[2019-04-29 14:36:06]	成心 d->v
[2019-04-29 14:36:06]	还账 v->vi
[2019-04-29 14:36:06]	该死 vi->v
[2019-04-29 14:36:06]	长项 n->nz
[2019-04-29 14:36:06]	借条 n->nz
[2019-04-29 14:36:06]	买家 n->nz
[2019-04-29 14:36:06]	天车 n->nz
[2019-04-29 14:36:06]	东家 n->nz
[2019-04-29 14:36:06]	小气 a->ad
[2019-04-29 14:36:06]	小产 v->vi
[2019-04-29 14:36:06]	起名 vi->v
[2019-04-29 14:36:06]	生分 a->ad
[2019-04-29 14:36:06]	上税 v->vi
[2019-04-29 14:36:06]	内蒙古自治区 ns->nz
[2019-04-29 14:36:06]	拟人 n->nz
[2019-04-29 14:36:06]	年岁 n->nl
[2019-04-29 14:36:06]	年事 n->nl
[2019-04-29 14:36:06]	身段 n->nz
[2019-04-29 14:36:06]	凡间 s->n
[2019-04-29 14:36:06]	便是 v->vd
[2019-04-29 14:36:06]	收条 n->nz
[2019-04-29 14:36:06]	禁不起 v->vd
[2019-04-29 14:36:06]	书册 n->nl
[2019-04-29 14:36:06]	水笔 n->nz
[2019-04-29 14:36:06]	时价 n->nl
[2019-04-29 14:36:06]	就义 vi->v
[2019-04-29 14:36:06]	先后 d->ad
[2019-04-29 14:36:06]	想像 v->vd
[2019-04-29 14:36:06]	小寒 t->nz
[2019-04-29 14:36:06]	小满 t->nz
[2019-04-29 14:36:06]	新词 n->nl
[2019-04-29 14:36:06]	往时 t->tg
[2019-04-29 14:36:06]	意旨 n->nl
[2019-04-29 14:36:06]	图章 n->nz
[2019-04-29 14:36:06]	正好 z->tg
[2019-04-29 14:36:06]	正理 n->nl
[2019-04-29 14:36:06]	对证 vn->n
[2019-04-29 14:36:06]	中档 b->nl
[2019-04-29 14:36:06]	我方 r->n
[2019-04-29 14:36:06]	自修 v->vl
[2019-04-29 14:36:06]	才能 n->v
[2019-04-29 14:36:06]	秒钟 n->q
[2019-04-29 14:36:06]	火烧 n->v
[2019-04-29 14:36:06]	大路 n->nz
[2019-04-29 14:36:06]	自力 n->nz
[2019-04-29 14:36:06]	女星 n->nl
[2019-04-29 14:36:06]	申请人 n->nl
[2019-04-29 14:36:06]	美女 n->nl
[2019-04-29 14:36:06]	联系人 n->nl
[2019-04-29 14:36:06]	便条 n->nl
[2019-04-29 14:36:06]	中农 n->nl
[2019-04-29 14:36:06]	人道 n->nl
[2019-04-29 14:36:06]	资本家 n->nl
[2019-04-29 14:36:06]	水车 n->nl
[2019-04-29 14:36:06]	马戏 n->nl
[2019-04-29 14:36:06]	除数 n->nz
[2019-04-29 14:36:06]	周长 n->nz
[2019-04-29 14:36:06]	小数 n->nz
[2019-04-29 14:36:06]	经线 n->nz
[2019-04-29 14:36:06]	副手 n->nz
[2019-04-29 14:36:06]	三角 n->ns
[2019-04-29 14:36:06]	切线 n->nz
[2019-04-29 14:36:06]	本着 p->nl
[2019-04-29 14:36:06]	报到 vi->v
[2019-04-29 14:36:06]	不够 a->n
[2019-04-29 14:36:06]	不满 a->v
[2019-04-29 14:36:06]	不同 a->ad
[2019-04-29 14:36:06]	大使 n->nl
[2019-04-29 14:36:06]	对应 vi->v
[2019-04-29 14:36:06]	海带 n->nl
[2019-04-29 14:36:06]	后天 n->t
[2019-04-29 14:36:06]	回家 vi->v
[2019-04-29 14:36:06]	开关 n->v
[2019-04-29 14:36:06]	完了 vi->n
[2019-04-29 14:36:06]	没用 a->v
[2019-04-29 14:36:06]	难听 a->v
[2019-04-29 14:36:06]	暖和 a->ad
[2019-04-29 14:36:06]	排比 n->nz
[2019-04-29 14:36:06]	前天 n->t
[2019-04-29 14:36:06]	上当 vi->v
[2019-04-29 14:36:06]	受不了 al->n
[2019-04-29 14:36:06]	从而 c->cc
[2019-04-29 14:36:06]	图像 n->nl
[2019-04-29 14:36:06]	脱钩 vi->v
[2019-04-29 14:36:06]	周到 a->an
[2019-04-29 14:36:06]	等同 vd->v
[2019-04-29 14:36:06]	有用 a->n
[2019-04-29 14:36:06]	再见 vi->v
[2019-04-29 14:36:06]	有时候 d->n
[2019-04-29 14:36:06]	由此 d->n
[2019-04-29 14:36:06]	有余 m->v
[2019-04-29 14:36:06]	请愿 vi->vn
[2019-04-29 14:36:06]	内在 b->n
[2019-04-29 14:36:06]	不好 a->n
[2019-04-29 14:36:06]	共命运 vl->nl
[2019-04-29 14:36:06]	小于 nr->v
[2019-04-29 14:36:06]	大人 n->nl
[2019-04-29 14:36:06]	乘法 n->nl
[2019-04-29 14:36:06]	对手 n->nl
[2019-04-29 14:36:06]	对方 n->nl
[2019-04-29 14:36:06]	成人 n->nl
[2019-04-29 14:36:06]	所在 n->nl
[2019-04-29 14:36:06]	全年 n->nl
[2019-04-29 14:36:06]	年轻人 n->nl
[2019-04-29 14:36:06]	双手 n->nl
[2019-04-29 14:36:06]	亮点 n->nl
[2019-04-29 14:36:06]	所长 n->nl
[2019-04-29 14:36:06]	天下 n->nl
[2019-04-29 14:36:06]	先人 n->nl
[2019-04-29 14:36:06]	正常人 n->nl
[2019-04-29 14:36:06]	好人 n->nl
[2019-04-29 14:36:06]	国家队 n->nl
[2019-04-29 14:36:06]	党派 n->nl
[2019-04-29 14:36:06]	乘方 n->nl
[2019-04-29 14:36:06]	嗨 e->nl
[2019-04-29 14:36:06]	个人 n->nl
[2019-04-29 14:36:06]	整年 d->n
[2019-04-29 14:36:06]	有声 b->n
[2019-04-29 14:36:06]	新增 v->n
[2019-04-29 14:36:06]	上册 n->nl
[2019-04-29 14:36:06]	到校 v->n
[2019-04-29 14:36:06]	一对 mq->n
[2019-04-29 14:36:06]	本分 a->n
[2019-04-29 14:36:06]	按时 d->n
[2019-04-29 14:36:06]	一定 b->n
[2019-04-29 14:36:06]	不结盟 vi->n
[2019-04-29 14:36:06]	不是 c->n
[2019-04-29 14:36:06]	不能 v->n
[2019-04-29 14:36:06]	不会 v->n
[2019-04-29 14:36:06]	出血 vi->n
[2019-04-29 14:36:06]	打的 v->n
[2019-04-29 14:36:06]	除外 vi->n
[2019-04-29 14:36:06]	春分 t->n
[2019-04-29 14:36:06]	从宽 d->n
[2019-04-29 14:36:06]	从重 d->n
[2019-04-29 14:36:06]	搭建 v->n
[2019-04-29 14:36:06]	大寒 t->n
[2019-04-29 14:36:06]	当面 d->n
[2019-04-29 14:36:06]	会话 v->n
[2019-04-29 14:36:06]	分米 q->n
[2019-04-29 14:36:06]	次要 b->n
[2019-04-29 14:36:06]	成心 d->n
[2019-04-29 14:36:06]	一齐 d->n
[2019-04-29 14:36:06]	还账 v->n
[2019-04-29 14:36:06]	不准 v->n
[2019-04-29 14:36:06]	看不起 v->n
[2019-04-29 14:36:06]	看得起 v->n
[2019-04-29 14:36:06]	小产 v->n
[2019-04-29 14:36:06]	天天 d->n
[2019-04-29 14:36:06]	起名 vi->n
[2019-04-29 14:36:06]	上税 v->n
[2019-04-29 14:36:06]	他俩 r->n
[2019-04-29 14:36:06]	千米 q->n
[2019-04-29 14:36:06]	是不是 v->n
[2019-04-29 14:36:06]	禁不起 v->n
[2019-04-29 14:36:06]	先后 d->n
[2019-04-29 14:36:06]	小便 v->n
[2019-04-29 14:36:06]	小满 t->n
[2019-04-29 14:36:06]	吃药 v->n
[2019-04-29 14:36:06]	一元 b->n
[2019-04-29 14:36:06]	正好 z->n
[2019-04-29 14:36:06]	对证 vn->n
[2019-04-29 14:36:06]	中档 b->n
[2019-04-29 14:36:06]	自修 v->n
[2019-04-29 14:36:06]	到底 d->n
[2019-04-29 14:36:06]	和缓 a->n
[2019-04-29 14:36:06]	人为 b->n
[2019-04-29 14:36:06]	长达 v->n
[2019-04-29 14:36:06]	上流 b->n
[2019-04-29 14:36:06]	喜好 an->n
[2019-04-29 14:36:06]	从中 d->n
[2019-04-29 14:36:06]	各人 rr->n
[2019-04-29 14:36:06]	中选 vi->n
[2019-04-29 14:36:06]	各处 rzs->n
[2019-04-29 14:36:06]	四处 d->n
[2019-04-29 14:36:06]	上岸 vi->n
[2019-04-29 14:36:06]	拨打 v->n
[2019-04-29 14:36:06]	大跌 v->n
[2019-04-29 14:36:06]	好多 m->n
[2019-04-29 14:36:06]	下学 v->n
[2019-04-29 14:36:06]	不合 v->n
[2019-04-29 14:36:06]	高等 b->n
[2019-04-29 14:36:06]	老大 a->n
[2019-04-29 14:36:06]	还给 v->n
[2019-04-29 14:36:06]	对等 vi->n
[2019-04-29 14:36:06]	有心 v->n
[2019-04-29 14:36:06]	真的 a->n
[2019-04-29 14:36:06]	大喊 v->n
[2019-04-29 14:36:06]	总会 d->n
[2019-04-29 14:36:06]	该死 vi->n
[2019-04-29 14:36:06]	一口气 d->n
[2019-04-29 14:36:06]	小气 a->n
[2019-04-29 14:36:06]	论说 vn->n
[2019-04-29 14:36:06]	中意 a->n
[2019-04-29 14:36:06]	生分 a->n
[2019-04-29 14:36:06]	内蒙古自治区 ns->n
[2019-04-29 14:36:06]	年间 f->n
[2019-04-29 14:36:06]	和暖 a->n
[2019-04-29 14:36:06]	省钱 a->n
[2019-04-29 14:36:06]	单方面 b->n
[2019-04-29 14:36:06]	早起 vi->n
[2019-04-29 14:36:06]	签定 v->n
[2019-04-29 14:36:06]	凡间 s->n
[2019-04-29 14:36:06]	就是 c->n
[2019-04-29 14:36:06]	便是 v->n
[2019-04-29 14:36:06]	国都 d->n
[2019-04-29 14:36:06]	首次 m->n
[2019-04-29 14:36:06]	睡着 v->n
[2019-04-29 14:36:06]	了得 a->n
[2019-04-29 14:36:06]	西藏自治区 ns->n
[2019-04-29 14:36:06]	想像 v->n
[2019-04-29 14:36:06]	好在 d->n
[2019-04-29 14:36:06]	往时 t->n
[2019-04-29 14:36:06]	争抢 v->n
[2019-04-29 14:36:06]	正在 d->n
[2019-04-29 14:36:06]	我方 r->n
[2019-04-29 14:36:06]	多功能 b->n
[2019-04-29 14:36:06]	黑白 b->n
[2019-04-29 14:36:06]	南北 f->n
[2019-04-29 14:36:06]	干什么 r->n
[2019-04-29 14:36:06]	不断 d->n
[2019-04-29 14:36:06]	同呼吸 vl->n
[2019-04-29 14:36:06]	日间 t->n
[2019-04-29 14:36:06]	还是 c->n
[2019-04-29 14:36:06]	有点 d->n
[2019-04-29 14:36:06]	下流 a->n
[2019-04-29 14:36:06]	怎么办 ryv->n
[2019-04-29 14:36:06]	您好 nl->n
[2019-04-29 14:36:06]	你好 vl->n
[2019-04-29 14:36:06]	交售 v->n
[2019-04-29 14:36:06]	找到 v->n
[2019-04-29 14:36:06]	从来 d->n
[2019-04-29 14:36:06]	约分 v->n
[2019-04-29 14:36:06]	正数 v->n
[2019-04-29 14:36:06]	他人 rr->n
[2019-04-29 14:36:06]	不论 c->n
[2019-04-29 14:36:06]	不管 c->n
[2019-04-29 14:36:06]	出事 vi->n
[2019-04-29 14:36:06]	从此 d->n
[2019-04-29 14:36:06]	当时 t->n
[2019-04-29 14:36:06]	对话 vi->n
[2019-04-29 14:36:06]	吃饭 vi->n
[2019-04-29 14:36:06]	更新 v->n
[2019-04-29 14:36:06]	讲课 vi->n
[2019-04-29 14:36:06]	尽心 a->n
[2019-04-29 14:36:06]	立方 q->n
[2019-04-29 14:36:06]	没关系 vl->n
[2019-04-29 14:36:06]	遍地 vd->n
[2019-04-29 14:36:06]	开车 vi->n
[2019-04-29 14:36:06]	因此 c->n
[2019-04-29 14:36:06]	将来 t->n
[2019-04-29 14:36:06]	以前 f->n
[2019-04-29 14:36:06]	先前 t->n
[2019-04-29 14:36:06]	早上 t->n
[2019-04-29 14:36:06]	正月 t->n
[2019-04-29 14:36:06]	难看 a->n
[2019-04-29 14:36:06]	对头 a->n
[2019-04-29 14:36:06]	正当 a->n
[2019-04-29 14:36:06]	不容 v->n
[2019-04-29 14:36:06]	出手 vi->n
[2019-04-29 14:36:06]	着手 v->n
[2019-04-29 14:36:06]	不错 a->n
[2019-04-29 14:36:06]	不便 a->n
[2019-04-29 14:36:06]	得手 a->n
[2019-04-29 14:36:06]	说话 vi->n
[2019-04-29 14:36:06]	特等 b->n
[2019-04-29 14:36:06]	住手 vi->n
[2019-04-29 14:36:06]	共事 vi->n
[2019-04-29 14:36:06]	从前 t->n
[2019-04-29 14:36:06]	已往 t->n
[2019-04-29 14:36:06]	低下 a->n
[2019-04-29 14:36:06]	当中 f->n
[2019-04-29 14:36:06]	不易 a->n
[2019-04-29 14:36:06]	不可 d->n
[2019-04-29 14:36:06]	至此 d->n
[2019-04-29 14:36:06]	不顾 v->n
[2019-04-29 14:36:06]	正派 a->n
[2019-04-29 14:36:06]	不然 a->n
[2019-04-29 14:36:06]	某人 rr->n
[2019-04-29 14:36:06]	一角 n->v
[2019-04-29 14:36:06]	除外 vi->v
[2019-04-29 14:36:06]	爱人 n->nz
[2019-04-29 14:36:06]	把手 n->nz
[2019-04-29 14:36:06]	靠山 n->nz
[2019-04-29 14:36:06]	不行 a->v
[2019-04-29 14:36:06]	不能 v->vi
[2019-04-29 14:36:06]	不会 v->vi
[2019-04-29 14:36:06]	车号 n->nz
[2019-04-29 14:36:06]	同党 n->nz
[2019-04-29 14:36:06]	打的 v->vi
[2019-04-29 14:36:06]	除法 n->nz
[2019-04-29 14:36:06]	从重 d->v
[2019-04-29 14:36:06]	搭建 v->vd
[2019-04-29 14:36:06]	四处 d->vi
[2019-04-29 14:36:06]	拨打 v->vd
[2019-04-29 14:36:06]	大跌 v->vn
[2019-04-29 14:36:06]	会话 v->vn
[2019-04-29 14:36:06]	要领 n->nz
[2019-04-29 14:36:06]	下学 v->vd
[2019-04-29 14:36:06]	分号 n->nz
[2019-04-29 14:36:06]	不合 v->n
[2019-04-29 14:36:06]	高等 b->a
[2019-04-29 14:36:06]	还给 v->vd
[2019-04-29 14:36:06]	有心 v->vd
[2019-04-29 14:36:06]	说法 n->nz
[2019-04-29 14:36:06]	大喊 v->vd
[2019-04-29 14:36:06]	好多 m->a
[2019-04-29 14:36:06]	大奖 n->nz
[2019-04-29 14:36:06]	无礼 a->ad
[2019-04-29 14:36:06]	看不起 v->vn
[2019-04-29 14:36:06]	看得起 v->vn
[2019-04-29 14:36:06]	理事 n->nz
[2019-04-29 14:36:06]	本心 n->nl
[2019-04-29 14:36:06]	论说 vn->vl
[2019-04-29 14:36:06]	他俩 r->n
[2019-04-29 14:36:06]	江米 n->nz
[2019-04-29 14:36:06]	千米 q->qv
[2019-04-29 14:36:06]	签定 v->vn
[2019-04-29 14:36:06]	好天 n->nz
[2019-04-29 14:36:06]	日食 n->nz
[2019-04-29 14:36:06]	是不是 v->vd
[2019-04-29 14:36:06]	手指 n->nz
[2019-04-29 14:36:06]	睡着 v->vd
[2019-04-29 14:36:06]	大小 n->nz
[2019-04-29 14:36:06]	了得 a->ad
[2019-04-29 14:36:06]	问号 n->nz
[2019-04-29 14:36:06]	西藏自治区 ns->nz
[2019-04-29 14:36:06]	小便 v->vi
[2019-04-29 14:36:06]	好在 d->v
[2019-04-29 14:36:06]	双眼 n->nz
[2019-04-29 14:36:06]	一元 b->nz
[2019-04-29 14:36:06]	引号 n->nz
[2019-04-29 14:36:06]	像片 n->nz
[2019-04-29 14:36:06]	争抢 v->vd
[2019-04-29 14:36:06]	小我 n->nz
[2019-04-29 14:36:06]	文字 n->nz
[2019-04-29 14:36:06]	部分 m->n
[2019-04-29 14:36:06]	别名 n->nz
[2019-04-29 14:36:06]	和缓 a->ad
[2019-04-29 14:36:06]	按时 d->ad
[2019-04-29 14:36:06]	春分 t->n
[2019-04-29 14:36:06]	知了 n->nz
[2019-04-29 14:36:06]	车次 n->nz
[2019-04-29 14:36:06]	大寒 t->nz
[2019-04-29 14:36:06]	大料 n->nz
[2019-04-29 14:36:06]	当面 d->n
[2019-04-29 14:36:06]	上岸 vi->v
[2019-04-29 14:36:06]	对仗 n->nz
[2019-04-29 14:36:06]	分米 q->qt
[2019-04-29 14:36:06]	副词 n->nz
[2019-04-29 14:36:06]	次要 b->bl
[2019-04-29 14:36:06]	成心 d->v
[2019-04-29 14:36:06]	还账 v->vi
[2019-04-29 14:36:06]	该死 vi->v
[2019-04-29 14:36:06]	长项 n->nz
[2019-04-29 14:36:06]	借条 n->nz
[2019-04-29 14:36:06]	买家 n->nz
[2019-04-29 14:36:06]	天车 n->nz
[2019-04-29 14:36:06]	东家 n->nz
[2019-04-29 14:36:06]	小气 a->ad
[2019-04-29 14:36:06]	小产 v->vi
[2019-04-29 14:36:06]	起名 vi->v
[2019-04-29 14:36:06]	生分 a->ad
[2019-04-29 14:36:06]	上税 v->vi
[2019-04-29 14:36:06]	内蒙古自治区 ns->nz
[2019-04-29 14:36:06]	拟人 n->nz
[2019-04-29 14:36:06]	年岁 n->nl
[2019-04-29 14:36:06]	年事 n->nl
[2019-04-29 14:36:06]	身段 n->nz
[2019-04-29 14:36:06]	凡间 s->n
[2019-04-29 14:36:06]	便是 v->vd
[2019-04-29 14:36:06]	收条 n->nz
[2019-04-29 14:36:06]	禁不起 v->vd
[2019-04-29 14:36:06]	书册 n->nl
[2019-04-29 14:36:06]	水笔 n->nz
[2019-04-29 14:36:06]	时价 n->nl
[2019-04-29 14:36:06]	就义 vi->v
[2019-04-29 14:36:06]	先后 d->ad
[2019-04-29 14:36:06]	想像 v->vd
[2019-04-29 14:36:06]	小寒 t->nz
[2019-04-29 14:36:06]	小满 t->nz
[2019-04-29 14:36:06]	新词 n->nl
[2019-04-29 14:36:06]	往时 t->tg
[2019-04-29 14:36:06]	意旨 n->nl
[2019-04-29 14:36:06]	图章 n->nz
[2019-04-29 14:36:06]	正好 z->tg
[2019-04-29 14:36:06]	正理 n->nl
[2019-04-29 14:36:06]	对证 vn->n
[2019-04-29 14:36:06]	中档 b->nl
[2019-04-29 14:36:06]	我方 r->n
[2019-04-29 14:36:06]	自修 v->vl
[2019-04-29 14:36:06]	才能 n->v
[2019-04-29 14:36:06]	秒钟 n->q
[2019-04-29 14:36:06]	火烧 n->v
[2019-04-29 14:36:06]	大路 n->nz
[2019-04-29 14:36:06]	自力 n->nz
[2019-04-29 14:36:06]	女星 n->nl
[2019-04-29 14:36:06]	申请人 n->nl
[2019-04-29 14:36:06]	美女 n->nl
[2019-04-29 14:36:06]	联系人 n->nl
[2019-04-29 14:36:06]	便条 n->nl
[2019-04-29 14:36:06]	中农 n->nl
[2019-04-29 14:36:06]	人道 n->nl
[2019-04-29 14:36:06]	资本家 n->nl
[2019-04-29 14:36:06]	水车 n->nl
[2019-04-29 14:36:06]	马戏 n->nl
[2019-04-29 14:36:06]	除数 n->nz
[2019-04-29 14:36:06]	周长 n->nz
[2019-04-29 14:36:06]	小数 n->nz
[2019-04-29 14:36:06]	经线 n->nz
[2019-04-29 14:36:06]	副手 n->nz
[2019-04-29 14:36:06]	三角 n->ns
[2019-04-29 14:36:06]	切线 n->nz
[2019-04-29 14:36:06]	本着 p->nl
[2019-04-29 14:36:06]	报到 vi->v
[2019-04-29 14:36:06]	不够 a->n
[2019-04-29 14:36:06]	不满 a->v
[2019-04-29 14:36:06]	不同 a->ad
[2019-04-29 14:36:06]	大使 n->nl
[2019-04-29 14:36:06]	对应 vi->v
[2019-04-29 14:36:06]	海带 n->nl
[2019-04-29 14:36:06]	后天 n->t
[2019-04-29 14:36:06]	回家 vi->v
[2019-04-29 14:36:06]	开关 n->v
[2019-04-29 14:36:06]	完了 vi->n
[2019-04-29 14:36:06]	没用 a->v
[2019-04-29 14:36:06]	难听 a->v
[2019-04-29 14:36:06]	暖和 a->ad
[2019-04-29 14:36:06]	排比 n->nz
[2019-04-29 14:36:06]	前天 n->t
[2019-04-29 14:36:06]	上当 vi->v
[2019-04-29 14:36:06]	受不了 al->n
[2019-04-29 14:36:06]	从而 c->cc
[2019-04-29 14:36:06]	图像 n->nl
[2019-04-29 14:36:06]	脱钩 vi->v
[2019-04-29 14:36:06]	周到 a->an
[2019-04-29 14:36:06]	等同 vd->v
[2019-04-29 14:36:06]	有用 a->n
[2019-04-29 14:36:06]	再见 vi->v
[2019-04-29 14:36:06]	有时候 d->n
[2019-04-29 14:36:06]	由此 d->n
[2019-04-29 14:36:06]	有余 m->v
[2019-04-29 14:36:06]	请愿 vi->vn
[2019-04-29 14:36:06]	内在 b->n
[2019-04-29 14:36:06]	不好 a->n
[2019-04-29 14:36:06]	共命运 vl->nl
[2019-04-29 14:36:06]	小于 nr->v
[2019-04-29 14:36:06]	大人 n->nl
[2019-04-29 14:36:06]	乘法 n->nl
[2019-04-29 14:36:06]	对手 n->nl
[2019-04-29 14:36:06]	对方 n->nl
[2019-04-29 14:36:06]	成人 n->nl
[2019-04-29 14:36:06]	所在 n->nl
[2019-04-29 14:36:06]	全年 n->nl
[2019-04-29 14:36:06]	年轻人 n->nl
[2019-04-29 14:36:06]	双手 n->nl
[2019-04-29 14:36:06]	亮点 n->nl
[2019-04-29 14:36:06]	所长 n->nl
[2019-04-29 14:36:06]	天下 n->nl
[2019-04-29 14:36:06]	先人 n->nl
[2019-04-29 14:36:06]	正常人 n->nl
[2019-04-29 14:36:06]	好人 n->nl
[2019-04-29 14:36:06]	国家队 n->nl
[2019-04-29 14:36:06]	党派 n->nl
[2019-04-29 14:36:06]	乘方 n->nl
[2019-04-29 14:36:06]	嗨 e->nl
[2019-04-29 14:36:06]	个人 n->nl
[2019-04-29 14:36:06]	整年 d->n
[2019-04-29 14:36:06]	有声 b->n
[2019-04-29 14:36:06]	新增 v->n
[2019-04-29 14:36:06]	上册 n->nl
[2019-04-29 14:36:06]	到校 v->n
[2019-04-29 14:36:06]	一对 mq->n
[2019-04-29 14:36:06]	本分 a->n
[2019-04-29 14:36:06]	按时 d->n
[2019-04-29 14:36:06]	一定 b->n
[2019-04-29 14:36:06]	不结盟 vi->n
[2019-04-29 14:36:06]	不是 c->n
[2019-04-29 14:36:06]	不能 v->n
[2019-04-29 14:36:06]	不会 v->n
[2019-04-29 14:36:06]	出血 vi->n
[2019-04-29 14:36:06]	打的 v->n
[2019-04-29 14:36:06]	除外 vi->n
[2019-04-29 14:36:06]	春分 t->n
[2019-04-29 14:36:06]	从宽 d->n
[2019-04-29 14:36:06]	从重 d->n
[2019-04-29 14:36:06]	搭建 v->n
[2019-04-29 14:36:06]	大寒 t->n
[2019-04-29 14:36:06]	当面 d->n
[2019-04-29 14:36:06]	会话 v->n
[2019-04-29 14:36:06]	分米 q->n
[2019-04-29 14:36:06]	次要 b->n
[2019-04-29 14:36:06]	成心 d->n
[2019-04-29 14:36:06]	一齐 d->n
[2019-04-29 14:36:06]	还账 v->n
[2019-04-29 14:36:06]	不准 v->n
[2019-04-29 14:36:06]	看不起 v->n
[2019-04-29 14:36:06]	看得起 v->n
[2019-04-29 14:36:06]	小产 v->n
[2019-04-29 14:36:06]	天天 d->n
[2019-04-29 14:36:06]	起名 vi->n
[2019-04-29 14:36:06]	上税 v->n
[2019-04-29 14:36:06]	他俩 r->n
[2019-04-29 14:36:06]	千米 q->n
[2019-04-29 14:36:06]	是不是 v->n
[2019-04-29 14:36:06]	禁不起 v->n
[2019-04-29 14:36:06]	先后 d->n
[2019-04-29 14:36:06]	小便 v->n
[2019-04-29 14:36:06]	小满 t->n
[2019-04-29 14:36:06]	吃药 v->n
[2019-04-29 14:36:06]	一元 b->n
[2019-04-29 14:36:06]	正好 z->n
[2019-04-29 14:36:06]	对证 vn->n
[2019-04-29 14:36:06]	中档 b->n
[2019-04-29 14:36:06]	自修 v->n
[2019-04-29 14:36:06]	到底 d->n
[2019-04-29 14:36:06]	和缓 a->n
[2019-04-29 14:36:06]	人为 b->n
[2019-04-29 14:36:06]	长达 v->n
[2019-04-29 14:36:06]	上流 b->n
[2019-04-29 14:36:06]	喜好 an->n
[2019-04-29 14:36:06]	从中 d->n
[2019-04-29 14:36:06]	各人 rr->n
[2019-04-29 14:36:06]	中选 vi->n
[2019-04-29 14:36:06]	各处 rzs->n
[2019-04-29 14:36:06]	四处 d->n
[2019-04-29 14:36:06]	上岸 vi->n
[2019-04-29 14:36:06]	拨打 v->n
[2019-04-29 14:36:06]	大跌 v->n
[2019-04-29 14:36:06]	好多 m->n
[2019-04-29 14:36:06]	下学 v->n
[2019-04-29 14:36:06]	不合 v->n
[2019-04-29 14:36:06]	高等 b->n
[2019-04-29 14:36:06]	老大 a->n
[2019-04-29 14:36:06]	还给 v->n
[2019-04-29 14:36:06]	对等 vi->n
[2019-04-29 14:36:06]	有心 v->n
[2019-04-29 14:36:06]	真的 a->n
[2019-04-29 14:36:06]	大喊 v->n
[2019-04-29 14:36:06]	总会 d->n
[2019-04-29 14:36:06]	该死 vi->n
[2019-04-29 14:36:06]	一口气 d->n
[2019-04-29 14:36:06]	小气 a->n
[2019-04-29 14:36:06]	论说 vn->n
[2019-04-29 14:36:06]	中意 a->n
[2019-04-29 14:36:06]	生分 a->n
[2019-04-29 14:36:06]	内蒙古自治区 ns->n
[2019-04-29 14:36:06]	年间 f->n
[2019-04-29 14:36:06]	和暖 a->n
[2019-04-29 14:36:06]	省钱 a->n
[2019-04-29 14:36:06]	单方面 b->n
[2019-04-29 14:36:06]	早起 vi->n
[2019-04-29 14:36:06]	签定 v->n
[2019-04-29 14:36:06]	凡间 s->n
[2019-04-29 14:36:06]	就是 c->n
[2019-04-29 14:36:06]	便是 v->n
[2019-04-29 14:36:06]	国都 d->n
[2019-04-29 14:36:06]	首次 m->n
[2019-04-29 14:36:06]	睡着 v->n
[2019-04-29 14:36:06]	了得 a->n
[2019-04-29 14:36:06]	西藏自治区 ns->n
[2019-04-29 14:36:06]	想像 v->n
[2019-04-29 14:36:06]	好在 d->n
[2019-04-29 14:36:06]	往时 t->n
[2019-04-29 14:36:06]	争抢 v->n
[2019-04-29 14:36:06]	正在 d->n
[2019-04-29 14:36:06]	我方 r->n
[2019-04-29 14:36:06]	多功能 b->n
[2019-04-29 14:36:06]	黑白 b->n
[2019-04-29 14:36:06]	南北 f->n
[2019-04-29 14:36:06]	干什么 r->n
[2019-04-29 14:36:06]	不断 d->n
[2019-04-29 14:36:06]	同呼吸 vl->n
[2019-04-29 14:36:06]	日间 t->n
[2019-04-29 14:36:06]	还是 c->n
[2019-04-29 14:36:06]	有点 d->n
[2019-04-29 14:36:06]	下流 a->n
[2019-04-29 14:36:06]	怎么办 ryv->n
[2019-04-29 14:36:06]	您好 nl->n
[2019-04-29 14:36:06]	你好 vl->n
[2019-04-29 14:36:06]	交售 v->n
[2019-04-29 14:36:06]	找到 v->n
[2019-04-29 14:36:06]	从来 d->n
[2019-04-29 14:36:06]	约分 v->n
[2019-04-29 14:36:06]	正数 v->n
[2019-04-29 14:36:06]	他人 rr->n
[2019-04-29 14:36:06]	不论 c->n
[2019-04-29 14:36:06]	不管 c->n
[2019-04-29 14:36:06]	出事 vi->n
[2019-04-29 14:36:06]	从此 d->n
[2019-04-29 14:36:06]	当时 t->n
[2019-04-29 14:36:06]	对话 vi->n
[2019-04-29 14:36:06]	吃饭 vi->n
[2019-04-29 14:36:06]	更新 v->n
[2019-04-29 14:36:06]	讲课 vi->n
[2019-04-29 14:36:06]	尽心 a->n
[2019-04-29 14:36:06]	立方 q->n
[2019-04-29 14:36:06]	没关系 vl->n
[2019-04-29 14:36:06]	遍地 vd->n
[2019-04-29 14:36:06]	开车 vi->n
[2019-04-29 14:36:06]	因此 c->n
[2019-04-29 14:36:06]	将来 t->n
[2019-04-29 14:36:06]	以前 f->n
[2019-04-29 14:36:06]	先前 t->n
[2019-04-29 14:36:06]	早上 t->n
[2019-04-29 14:36:06]	正月 t->n
[2019-04-29 14:36:06]	难看 a->n
[2019-04-29 14:36:06]	对头 a->n
[2019-04-29 14:36:06]	正当 a->n
[2019-04-29 14:36:06]	不容 v->n
[2019-04-29 14:36:06]	出手 vi->n
[2019-04-29 14:36:06]	着手 v->n
[2019-04-29 14:36:06]	不错 a->n
[2019-04-29 14:36:06]	不便 a->n
[2019-04-29 14:36:06]	得手 a->n
[2019-04-29 14:36:06]	说话 vi->n
[2019-04-29 14:36:06]	特等 b->n
[2019-04-29 14:36:06]	住手 vi->n
[2019-04-29 14:36:06]	共事 vi->n
[2019-04-29 14:36:06]	从前 t->n
[2019-04-29 14:36:06]	已往 t->n
[2019-04-29 14:36:06]	低下 a->n
[2019-04-29 14:36:06]	当中 f->n
[2019-04-29 14:36:06]	不易 a->n
[2019-04-29 14:36:06]	不可 d->n
[2019-04-29 14:36:06]	至此 d->n
[2019-04-29 14:36:06]	不顾 v->n
[2019-04-29 14:36:06]	正派 a->n
[2019-04-29 14:36:06]	不然 a->n
[2019-04-29 14:36:06]	某人 rr->n
[2019-04-29 14:36:06]	一角 n->v
[2019-04-29 14:36:06]	除外 vi->v
[2019-04-29 14:36:06]	爱人 n->nz
[2019-04-29 14:36:06]	把手 n->nz
[2019-04-29 14:36:06]	靠山 n->nz
[2019-04-29 14:36:06]	不行 a->v
[2019-04-29 14:36:06]	不能 v->vi
[2019-04-29 14:36:06]	不会 v->vi
[2019-04-29 14:36:06]	车号 n->nz
[2019-04-29 14:36:06]	同党 n->nz
[2019-04-29 14:36:06]	打的 v->vi
[2019-04-29 14:36:06]	除法 n->nz
[2019-04-29 14:36:06]	从重 d->v
[2019-04-29 14:36:06]	搭建 v->vd
[2019-04-29 14:36:06]	四处 d->vi
[2019-04-29 14:36:06]	拨打 v->vd
[2019-04-29 14:36:06]	大跌 v->vn
[2019-04-29 14:36:06]	会话 v->vn
[2019-04-29 14:36:06]	要领 n->nz
[2019-04-29 14:36:06]	下学 v->vd
[2019-04-29 14:36:06]	分号 n->nz
[2019-04-29 14:36:06]	不合 v->n
[2019-04-29 14:36:06]	高等 b->a
[2019-04-29 14:36:06]	还给 v->vd
[2019-04-29 14:36:06]	有心 v->vd
[2019-04-29 14:36:06]	说法 n->nz
[2019-04-29 14:36:06]	大喊 v->vd
[2019-04-29 14:36:06]	好多 m->a
[2019-04-29 14:36:06]	大奖 n->nz
[2019-04-29 14:36:06]	无礼 a->ad
[2019-04-29 14:36:06]	看不起 v->vn
[2019-04-29 14:36:06]	看得起 v->vn
[2019-04-29 14:36:06]	理事 n->nz
[2019-04-29 14:36:06]	本心 n->nl
[2019-04-29 14:36:06]	论说 vn->vl
[2019-04-29 14:36:06]	他俩 r->n
[2019-04-29 14:36:06]	江米 n->nz
[2019-04-29 14:36:06]	千米 q->qv
[2019-04-29 14:36:06]	签定 v->vn
[2019-04-29 14:36:06]	好天 n->nz
[2019-04-29 14:36:06]	日食 n->nz
[2019-04-29 14:36:06]	是不是 v->vd
[2019-04-29 14:36:06]	手指 n->nz
[2019-04-29 14:36:06]	睡着 v->vd
[2019-04-29 14:36:06]	大小 n->nz
[2019-04-29 14:36:06]	了得 a->ad
[2019-04-29 14:36:06]	问号 n->nz
[2019-04-29 14:36:06]	西藏自治区 ns->nz
[2019-04-29 14:36:06]	小便 v->vi
[2019-04-29 14:36:06]	好在 d->v
[2019-04-29 14:36:06]	双眼 n->nz
[2019-04-29 14:36:06]	一元 b->nz
[2019-04-29 14:36:06]	引号 n->nz
[2019-04-29 14:36:06]	像片 n->nz
[2019-04-29 14:36:06]	争抢 v->vd
[2019-04-29 14:36:06]	小我 n->nz
[2019-04-29 14:36:06]	文字 n->nz
[2019-04-29 14:36:06]	部分 m->n
[2019-04-29 14:36:06]	别名 n->nz
[2019-04-29 14:36:06]	和缓 a->ad
[2019-04-29 14:36:06]	按时 d->ad
[2019-04-29 14:36:06]	春分 t->n
[2019-04-29 14:36:06]	知了 n->nz
[2019-04-29 14:36:06]	车次 n->nz
[2019-04-29 14:36:06]	大寒 t->nz
[2019-04-29 14:36:06]	大料 n->nz
[2019-04-29 14:36:06]	当面 d->n
[2019-04-29 14:36:06]	上岸 vi->v
[2019-04-29 14:36:06]	对仗 n->nz
[2019-04-29 14:36:06]	分米 q->qt
[2019-04-29 14:36:06]	副词 n->nz
[2019-04-29 14:36:06]	次要 b->bl
[2019-04-29 14:36:06]	成心 d->v
[2019-04-29 14:36:06]	还账 v->vi
[2019-04-29 14:36:06]	该死 vi->v
[2019-04-29 14:36:06]	长项 n->nz
[2019-04-29 14:36:06]	借条 n->nz
[2019-04-29 14:36:06]	买家 n->nz
[2019-04-29 14:36:06]	天车 n->nz
[2019-04-29 14:36:06]	东家 n->nz
[2019-04-29 14:36:06]	小气 a->ad
[2019-04-29 14:36:06]	小产 v->vi
[2019-04-29 14:36:06]	起名 vi->v
[2019-04-29 14:36:06]	生分 a->ad
[2019-04-29 14:36:06]	上税 v->vi
[2019-04-29 14:36:06]	内蒙古自治区 ns->nz
[2019-04-29 14:36:06]	拟人 n->nz
[2019-04-29 14:36:06]	年岁 n->nl
[2019-04-29 14:36:06]	年事 n->nl
[2019-04-29 14:36:06]	身段 n->nz
[2019-04-29 14:36:06]	凡间 s->n
[2019-04-29 14:36:06]	便是 v->vd
[2019-04-29 14:36:06]	收条 n->nz
[2019-04-29 14:36:06]	禁不起 v->vd
[2019-04-29 14:36:06]	书册 n->nl
[2019-04-29 14:36:06]	水笔 n->nz
[2019-04-29 14:36:06]	时价 n->nl
[2019-04-29 14:36:06]	就义 vi->v
[2019-04-29 14:36:06]	先后 d->ad
[2019-04-29 14:36:06]	想像 v->vd
[2019-04-29 14:36:06]	小寒 t->nz
[2019-04-29 14:36:06]	小满 t->nz
[2019-04-29 14:36:06]	新词 n->nl
[2019-04-29 14:36:06]	往时 t->tg
[2019-04-29 14:36:06]	意旨 n->nl
[2019-04-29 14:36:06]	图章 n->nz
[2019-04-29 14:36:06]	正好 z->tg
[2019-04-29 14:36:06]	正理 n->nl
[2019-04-29 14:36:06]	对证 vn->n
[2019-04-29 14:36:06]	中档 b->nl
[2019-04-29 14:36:06]	我方 r->n
[2019-04-29 14:36:06]	自修 v->vl
[2019-04-29 14:36:06]	才能 n->v
[2019-04-29 14:36:06]	秒钟 n->q
[2019-04-29 14:36:06]	火烧 n->v
[2019-04-29 14:36:06]	大路 n->nz
[2019-04-29 14:36:06]	自力 n->nz
[2019-04-29 14:36:06]	女星 n->nl
[2019-04-29 14:36:06]	申请人 n->nl
[2019-04-29 14:36:06]	美女 n->nl
[2019-04-29 14:36:06]	联系人 n->nl
[2019-04-29 14:36:06]	便条 n->nl
[2019-04-29 14:36:06]	中农 n->nl
[2019-04-29 14:36:06]	人道 n->nl
[2019-04-29 14:36:06]	资本家 n->nl
[2019-04-29 14:36:06]	水车 n->nl
[2019-04-29 14:36:06]	马戏 n->nl
[2019-04-29 14:36:06]	除数 n->nz
[2019-04-29 14:36:06]	周长 n->nz
[2019-04-29 14:36:06]	小数 n->nz
[2019-04-29 14:36:06]	经线 n->nz
[2019-04-29 14:36:06]	副手 n->nz
[2019-04-29 14:36:06]	三角 n->ns
[2019-04-29 14:36:06]	切线 n->nz
[2019-04-29 14:36:06]	本着 p->nl
[2019-04-29 14:36:06]	报到 vi->v
[2019-04-29 14:36:06]	不够 a->n
[2019-04-29 14:36:06]	不满 a->v
[2019-04-29 14:36:06]	不同 a->ad
[2019-04-29 14:36:06]	大使 n->nl
[2019-04-29 14:36:06]	对应 vi->v
[2019-04-29 14:36:06]	海带 n->nl
[2019-04-29 14:36:06]	后天 n->t
[2019-04-29 14:36:06]	回家 vi->v
[2019-04-29 14:36:06]	开关 n->v
[2019-04-29 14:36:06]	完了 vi->n
[2019-04-29 14:36:06]	没用 a->v
[2019-04-29 14:36:06]	难听 a->v
[2019-04-29 14:36:06]	暖和 a->ad
[2019-04-29 14:36:06]	排比 n->nz
[2019-04-29 14:36:06]	前天 n->t
[2019-04-29 14:36:06]	上当 vi->v
[2019-04-29 14:36:06]	受不了 al->n
[2019-04-29 14:36:06]	从而 c->cc
[2019-04-29 14:36:06]	图像 n->nl
[2019-04-29 14:36:06]	脱钩 vi->v
[2019-04-29 14:36:06]	周到 a->an
[2019-04-29 14:36:06]	等同 vd->v
[2019-04-29 14:36:06]	有用 a->n
[2019-04-29 14:36:06]	再见 vi->v
[2019-04-29 14:36:06]	有时候 d->n
[2019-04-29 14:36:06]	由此 d->n
[2019-04-29 14:36:06]	有余 m->v
[2019-04-29 14:36:06]	请愿 vi->vn
[2019-04-29 14:36:06]	内在 b->n
[2019-04-29 14:36:06]	不好 a->n
[2019-04-29 14:36:06]	共命运 vl->nl
[2019-04-29 14:36:06]	小于 nr->v
[2019-04-29 14:36:06]	大人 n->nl
[2019-04-29 14:36:06]	乘法 n->nl
[2019-04-29 14:36:06]	对手 n->nl
[2019-04-29 14:36:06]	对方 n->nl
[2019-04-29 14:36:06]	成人 n->nl
[2019-04-29 14:36:06]	所在 n->nl
[2019-04-29 14:36:06]	全年 n->nl
[2019-04-29 14:36:06]	年轻人 n->nl
[2019-04-29 14:36:06]	双手 n->nl
[2019-04-29 14:36:06]	亮点 n->nl
[2019-04-29 14:36:06]	所长 n->nl
[2019-04-29 14:36:06]	天下 n->nl
[2019-04-29 14:36:06]	先人 n->nl
[2019-04-29 14:36:06]	正常人 n->nl
[2019-04-29 14:36:06]	好人 n->nl
[2019-04-29 14:36:06]	国家队 n->nl
[2019-04-29 14:36:06]	党派 n->nl
[2019-04-29 14:36:06]	乘方 n->nl
[2019-04-29 14:36:06]	嗨 e->nl
[2019-04-29 14:36:06]	个人 n->nl
[2019-04-29 14:36:06]	整年 d->n
[2019-04-29 14:36:06]	有声 b->n
[2019-04-29 14:36:06]	新增 v->n
[2019-04-29 14:36:06]	上册 n->nl
[2019-04-29 14:36:06]	到校 v->n
[2019-04-29 14:36:06]	一对 mq->n
[2019-04-29 14:36:06]	本分 a->n
[2019-04-29 14:36:06]	按时 d->n
[2019-04-29 14:36:06]	一定 b->n
[2019-04-29 14:36:06]	不结盟 vi->n
[2019-04-29 14:36:06]	不是 c->n
[2019-04-29 14:36:06]	不能 v->n
[2019-04-29 14:36:06]	不会 v->n
[2019-04-29 14:36:06]	出血 vi->n
[2019-04-29 14:36:06]	打的 v->n
[2019-04-29 14:36:06]	除外 vi->n
[2019-04-29 14:36:06]	春分 t->n
[2019-04-29 14:36:06]	从宽 d->n
[2019-04-29 14:36:06]	从重 d->n
[2019-04-29 14:36:06]	搭建 v->n
[2019-04-29 14:36:06]	大寒 t->n
[2019-04-29 14:36:06]	当面 d->n
[2019-04-29 14:36:06]	会话 v->n
[2019-04-29 14:36:06]	分米 q->n
[2019-04-29 14:36:06]	次要 b->n
[2019-04-29 14:36:06]	成心 d->n
[2019-04-29 14:36:06]	一齐 d->n
[2019-04-29 14:36:06]	还账 v->n
[2019-04-29 14:36:06]	不准 v->n
[2019-04-29 14:36:06]	看不起 v->n
[2019-04-29 14:36:06]	看得起 v->n
[2019-04-29 14:36:06]	小产 v->n
[2019-04-29 14:36:06]	天天 d->n
[2019-04-29 14:36:06]	起名 vi->n
[2019-04-29 14:36:06]	上税 v->n
[2019-04-29 14:36:06]	他俩 r->n
[2019-04-29 14:36:06]	千米 q->n
[2019-04-29 14:36:06]	是不是 v->n
[2019-04-29 14:36:06]	禁不起 v->n
[2019-04-29 14:36:06]	先后 d->n
[2019-04-29 14:36:06]	小便 v->n
[2019-04-29 14:36:06]	小满 t->n
[2019-04-29 14:36:06]	吃药 v->n
[2019-04-29 14:36:06]	一元 b->n
[2019-04-29 14:36:06]	正好 z->n
[2019-04-29 14:36:06]	对证 vn->n
[2019-04-29 14:36:06]	中档 b->n
[2019-04-29 14:36:06]	自修 v->n
[2019-04-29 14:36:06]	到底 d->n
[2019-04-29 14:36:06]	和缓 a->n
[2019-04-29 14:36:06]	人为 b->n
[2019-04-29 14:36:06]	长达 v->n
[2019-04-29 14:36:06]	上流 b->n
[2019-04-29 14:36:06]	喜好 an->n
[2019-04-29 14:36:06]	从中 d->n
[2019-04-29 14:36:06]	各人 rr->n
[2019-04-29 14:36:06]	中选 vi->n
[2019-04-29 14:36:06]	各处 rzs->n
[2019-04-29 14:36:06]	四处 d->n
[2019-04-29 14:36:06]	上岸 vi->n
[2019-04-29 14:36:06]	拨打 v->n
[2019-04-29 14:36:06]	大跌 v->n
[2019-04-29 14:36:06]	好多 m->n
[2019-04-29 14:36:06]	下学 v->n
[2019-04-29 14:36:06]	不合 v->n
[2019-04-29 14:36:06]	高等 b->n
[2019-04-29 14:36:06]	老大 a->n
[2019-04-29 14:36:06]	还给 v->n
[2019-04-29 14:36:06]	对等 vi->n
[2019-04-29 14:36:06]	有心 v->n
[2019-04-29 14:36:06]	真的 a->n
[2019-04-29 14:36:06]	大喊 v->n
[2019-04-29 14:36:06]	总会 d->n
[2019-04-29 14:36:06]	该死 vi->n
[2019-04-29 14:36:06]	一口气 d->n
[2019-04-29 14:36:06]	小气 a->n
[2019-04-29 14:36:06]	论说 vn->n
[2019-04-29 14:36:06]	中意 a->n
[2019-04-29 14:36:06]	生分 a->n
[2019-04-29 14:36:06]	内蒙古自治区 ns->n
[2019-04-29 14:36:06]	年间 f->n
[2019-04-29 14:36:06]	和暖 a->n
[2019-04-29 14:36:06]	省钱 a->n
[2019-04-29 14:36:06]	单方面 b->n
[2019-04-29 14:36:06]	早起 vi->n
[2019-04-29 14:36:06]	签定 v->n
[2019-04-29 14:36:06]	凡间 s->n
[2019-04-29 14:36:06]	就是 c->n
[2019-04-29 14:36:06]	便是 v->n
[2019-04-29 14:36:06]	国都 d->n
[2019-04-29 14:36:06]	首次 m->n
[2019-04-29 14:36:06]	睡着 v->n
[2019-04-29 14:36:06]	了得 a->n
[2019-04-29 14:36:06]	西藏自治区 ns->n
[2019-04-29 14:36:06]	想像 v->n
[2019-04-29 14:36:06]	好在 d->n
[2019-04-29 14:36:06]	往时 t->n
[2019-04-29 14:36:06]	争抢 v->n
[2019-04-29 14:36:06]	正在 d->n
[2019-04-29 14:36:06]	我方 r->n
[2019-04-29 14:36:06]	多功能 b->n
[2019-04-29 14:36:06]	黑白 b->n
[2019-04-29 14:36:06]	南北 f->n
[2019-04-29 14:36:06]	干什么 r->n
[2019-04-29 14:36:06]	不断 d->n
[2019-04-29 14:36:06]	同呼吸 vl->n
[2019-04-29 14:36:06]	日间 t->n
[2019-04-29 14:36:06]	还是 c->n
[2019-04-29 14:36:06]	有点 d->n
[2019-04-29 14:36:06]	下流 a->n
[2019-04-29 14:36:06]	怎么办 ryv->n
[2019-04-29 14:36:06]	您好 nl->n
[2019-04-29 14:36:06]	你好 vl->n
[2019-04-29 14:36:06]	交售 v->n
[2019-04-29 14:36:06]	找到 v->n
[2019-04-29 14:36:06]	从来 d->n
[2019-04-29 14:36:06]	约分 v->n
[2019-04-29 14:36:06]	正数 v->n
[2019-04-29 14:36:06]	他人 rr->n
[2019-04-29 14:36:06]	不论 c->n
[2019-04-29 14:36:06]	不管 c->n
[2019-04-29 14:36:06]	出事 vi->n
[2019-04-29 14:36:06]	从此 d->n
[2019-04-29 14:36:06]	当时 t->n
[2019-04-29 14:36:06]	对话 vi->n
[2019-04-29 14:36:06]	吃饭 vi->n
[2019-04-29 14:36:06]	更新 v->n
[2019-04-29 14:36:06]	讲课 vi->n
[2019-04-29 14:36:06]	尽心 a->n
[2019-04-29 14:36:06]	立方 q->n
[2019-04-29 14:36:06]	没关系 vl->n
[2019-04-29 14:36:06]	遍地 vd->n
[2019-04-29 14:36:06]	开车 vi->n
[2019-04-29 14:36:06]	因此 c->n
[2019-04-29 14:36:06]	将来 t->n
[2019-04-29 14:36:06]	以前 f->n
[2019-04-29 14:36:06]	先前 t->n
[2019-04-29 14:36:06]	早上 t->n
[2019-04-29 14:36:06]	正月 t->n
[2019-04-29 14:36:06]	难看 a->n
[2019-04-29 14:36:06]	对头 a->n
[2019-04-29 14:36:06]	正当 a->n
[2019-04-29 14:36:06]	不容 v->n
[2019-04-29 14:36:06]	出手 vi->n
[2019-04-29 14:36:06]	着手 v->n
[2019-04-29 14:36:06]	不错 a->n
[2019-04-29 14:36:06]	不便 a->n
[2019-04-29 14:36:06]	得手 a->n
[2019-04-29 14:36:06]	说话 vi->n
[2019-04-29 14:36:06]	特等 b->n
[2019-04-29 14:36:06]	住手 vi->n
[2019-04-29 14:36:06]	共事 vi->n
[2019-04-29 14:36:06]	从前 t->n
[2019-04-29 14:36:06]	已往 t->n
[2019-04-29 14:36:06]	低下 a->n
[2019-04-29 14:36:06]	当中 f->n
[2019-04-29 14:36:06]	不易 a->n
[2019-04-29 14:36:06]	不可 d->n
[2019-04-29 14:36:06]	至此 d->n
[2019-04-29 14:36:06]	不顾 v->n
[2019-04-29 14:36:06]	正派 a->n
[2019-04-29 14:36:06]	不然 a->n
[2019-04-29 14:36:06]	某人 rr->n
[2019-04-29 14:36:06]	一角 n->v
[2019-04-29 14:36:06]	除外 vi->v
[2019-04-29 14:36:06]	爱人 n->nz
[2019-04-29 14:36:06]	把手 n->nz
[2019-04-29 14:36:06]	靠山 n->nz
[2019-04-29 14:36:06]	不行 a->v
[2019-04-29 14:36:06]	不能 v->vi
[2019-04-29 14:36:06]	不会 v->vi
[2019-04-29 14:36:06]	车号 n->nz
[2019-04-29 14:36:06]	同党 n->nz
[2019-04-29 14:36:06]	打的 v->vi
[2019-04-29 14:36:06]	除法 n->nz
[2019-04-29 14:36:06]	从重 d->v
[2019-04-29 14:36:06]	搭建 v->vd
[2019-04-29 14:36:06]	四处 d->vi
[2019-04-29 14:36:06]	拨打 v->vd
[2019-04-29 14:36:06]	大跌 v->vn
[2019-04-29 14:36:06]	会话 v->vn
[2019-04-29 14:36:06]	要领 n->nz
[2019-04-29 14:36:06]	下学 v->vd
[2019-04-29 14:36:06]	分号 n->nz
[2019-04-29 14:36:06]	不合 v->n
[2019-04-29 14:36:06]	高等 b->a
[2019-04-29 14:36:06]	还给 v->vd
[2019-04-29 14:36:06]	有心 v->vd
[2019-04-29 14:36:06]	说法 n->nz
[2019-04-29 14:36:06]	大喊 v->vd
[2019-04-29 14:36:06]	好多 m->a
[2019-04-29 14:36:06]	大奖 n->nz
[2019-04-29 14:36:06]	无礼 a->ad
[2019-04-29 14:36:06]	看不起 v->vn
[2019-04-29 14:36:06]	看得起 v->vn
[2019-04-29 14:36:06]	理事 n->nz
[2019-04-29 14:36:06]	本心 n->nl
[2019-04-29 14:36:06]	论说 vn->vl
[2019-04-29 14:36:06]	他俩 r->n
[2019-04-29 14:36:06]	江米 n->nz
[2019-04-29 14:36:06]	千米 q->qv
[2019-04-29 14:36:06]	签定 v->vn
[2019-04-29 14:36:06]	好天 n->nz
[2019-04-29 14:36:06]	日食 n->nz
[2019-04-29 14:36:06]	是不是 v->vd
[2019-04-29 14:36:06]	手指 n->nz
[2019-04-29 14:36:06]	睡着 v->vd
[2019-04-29 14:36:06]	大小 n->nz
[2019-04-29 14:36:06]	了得 a->ad
[2019-04-29 14:36:06]	问号 n->nz
[2019-04-29 14:36:06]	西藏自治区 ns->nz
[2019-04-29 14:36:06]	小便 v->vi
[2019-04-29 14:36:06]	好在 d->v
[2019-04-29 14:36:06]	双眼 n->nz
[2019-04-29 14:36:06]	一元 b->nz
[2019-04-29 14:36:06]	引号 n->nz
[2019-04-29 14:36:06]	像片 n->nz
[2019-04-29 14:36:06]	争抢 v->vd
[2019-04-29 14:36:06]	小我 n->nz
[2019-04-29 14:36:06]	文字 n->nz
[2019-04-29 14:36:06]	部分 m->n
[2019-04-29 14:36:06]	别名 n->nz
[2019-04-29 14:36:06]	和缓 a->ad
[2019-04-29 14:36:06]	按时 d->ad
[2019-04-29 14:36:06]	春分 t->n
[2019-04-29 14:36:06]	知了 n->nz
[2019-04-29 14:36:06]	车次 n->nz
[2019-04-29 14:36:06]	大寒 t->nz
[2019-04-29 14:36:06]	大料 n->nz
[2019-04-29 14:36:06]	当面 d->n
[2019-04-29 14:36:06]	上岸 vi->v
[2019-04-29 14:36:06]	对仗 n->nz
[2019-04-29 14:36:06]	分米 q->qt
[2019-04-29 14:36:06]	副词 n->nz
[2019-04-29 14:36:06]	次要 b->bl
[2019-04-29 14:36:06]	成心 d->v
[2019-04-29 14:36:06]	还账 v->vi
[2019-04-29 14:36:06]	该死 vi->v
[2019-04-29 14:36:06]	长项 n->nz
[2019-04-29 14:36:06]	借条 n->nz
[2019-04-29 14:36:06]	买家 n->nz
[2019-04-29 14:36:06]	天车 n->nz
[2019-04-29 14:36:06]	东家 n->nz
[2019-04-29 14:36:06]	小气 a->ad
[2019-04-29 14:36:06]	小产 v->vi
[2019-04-29 14:36:06]	起名 vi->v
[2019-04-29 14:36:06]	生分 a->ad
[2019-04-29 14:36:06]	上税 v->vi
[2019-04-29 14:36:06]	内蒙古自治区 ns->nz
[2019-04-29 14:36:06]	拟人 n->nz
[2019-04-29 14:36:06]	年岁 n->nl
[2019-04-29 14:36:06]	年事 n->nl
[2019-04-29 14:36:06]	身段 n->nz
[2019-04-29 14:36:06]	凡间 s->n
[2019-04-29 14:36:06]	便是 v->vd
[2019-04-29 14:36:06]	收条 n->nz
[2019-04-29 14:36:06]	禁不起 v->vd
[2019-04-29 14:36:06]	书册 n->nl
[2019-04-29 14:36:06]	水笔 n->nz
[2019-04-29 14:36:06]	时价 n->nl
[2019-04-29 14:36:06]	就义 vi->v
[2019-04-29 14:36:06]	先后 d->ad
[2019-04-29 14:36:06]	想像 v->vd
[2019-04-29 14:36:06]	小寒 t->nz
[2019-04-29 14:36:06]	小满 t->nz
[2019-04-29 14:36:06]	新词 n->nl
[2019-04-29 14:36:06]	往时 t->tg
[2019-04-29 14:36:06]	意旨 n->nl
[2019-04-29 14:36:06]	图章 n->nz
[2019-04-29 14:36:06]	正好 z->tg
[2019-04-29 14:36:06]	正理 n->nl
[2019-04-29 14:36:06]	对证 vn->n
[2019-04-29 14:36:06]	中档 b->nl
[2019-04-29 14:36:06]	我方 r->n
[2019-04-29 14:36:06]	自修 v->vl
[2019-04-29 14:36:06]	才能 n->v
[2019-04-29 14:36:06]	秒钟 n->q
[2019-04-29 14:36:06]	火烧 n->v
[2019-04-29 14:36:06]	大路 n->nz
[2019-04-29 14:36:06]	自力 n->nz
[2019-04-29 14:36:06]	女星 n->nl
[2019-04-29 14:36:06]	申请人 n->nl
[2019-04-29 14:36:06]	美女 n->nl
[2019-04-29 14:36:06]	联系人 n->nl
[2019-04-29 14:36:06]	便条 n->nl
[2019-04-29 14:36:06]	中农 n->nl
[2019-04-29 14:36:06]	人道 n->nl
[2019-04-29 14:36:06]	资本家 n->nl
[2019-04-29 14:36:06]	水车 n->nl
[2019-04-29 14:36:06]	马戏 n->nl
[2019-04-29 14:36:06]	除数 n->nz
[2019-04-29 14:36:06]	周长 n->nz
[2019-04-29 14:36:06]	小数 n->nz
[2019-04-29 14:36:06]	经线 n->nz
[2019-04-29 14:36:06]	副手 n->nz
[2019-04-29 14:36:06]	三角 n->ns
[2019-04-29 14:36:06]	切线 n->nz
[2019-04-29 14:36:06]	本着 p->nl
[2019-04-29 14:36:06]	报到 vi->v
[2019-04-29 14:36:06]	不够 a->n
[2019-04-29 14:36:06]	不满 a->v
[2019-04-29 14:36:06]	不同 a->ad
[2019-04-29 14:36:06]	大使 n->nl
[2019-04-29 14:36:06]	对应 vi->v
[2019-04-29 14:36:06]	海带 n->nl
[2019-04-29 14:36:06]	后天 n->t
[2019-04-29 14:36:06]	回家 vi->v
[2019-04-29 14:36:06]	开关 n->v
[2019-04-29 14:36:06]	完了 vi->n
[2019-04-29 14:36:06]	没用 a->v
[2019-04-29 14:36:06]	难听 a->v
[2019-04-29 14:36:06]	暖和 a->ad
[2019-04-29 14:36:06]	排比 n->nz
[2019-04-29 14:36:06]	前天 n->t
[2019-04-29 14:36:06]	上当 vi->v
[2019-04-29 14:36:06]	受不了 al->n
[2019-04-29 14:36:06]	从而 c->cc
[2019-04-29 14:36:06]	图像 n->nl
[2019-04-29 14:36:06]	脱钩 vi->v
[2019-04-29 14:36:06]	周到 a->an
[2019-04-29 14:36:06]	等同 vd->v
[2019-04-29 14:36:06]	有用 a->n
[2019-04-29 14:36:06]	再见 vi->v
[2019-04-29 14:36:06]	有时候 d->n
[2019-04-29 14:36:06]	由此 d->n
[2019-04-29 14:36:06]	有余 m->v
[2019-04-29 14:36:06]	请愿 vi->vn
[2019-04-29 14:36:06]	内在 b->n
[2019-04-29 14:36:06]	不好 a->n
[2019-04-29 14:36:06]	共命运 vl->nl
[2019-04-29 14:36:06]	小于 nr->v
[2019-04-29 14:36:06]	大人 n->nl
[2019-04-29 14:36:06]	乘法 n->nl
[2019-04-29 14:36:06]	对手 n->nl
[2019-04-29 14:36:06]	对方 n->nl
[2019-04-29 14:36:06]	成人 n->nl
[2019-04-29 14:36:06]	所在 n->nl
[2019-04-29 14:36:06]	全年 n->nl
[2019-04-29 14:36:06]	年轻人 n->nl
[2019-04-29 14:36:06]	双手 n->nl
[2019-04-29 14:36:06]	亮点 n->nl
[2019-04-29 14:36:06]	所长 n->nl
[2019-04-29 14:36:06]	天下 n->nl
[2019-04-29 14:36:06]	先人 n->nl
[2019-04-29 14:36:06]	正常人 n->nl
[2019-04-29 14:36:06]	好人 n->nl
[2019-04-29 14:36:06]	国家队 n->nl
[2019-04-29 14:36:06]	党派 n->nl
[2019-04-29 14:36:06]	乘方 n->nl
[2019-04-29 14:36:06]	嗨 e->nl
[2019-04-29 14:36:06]	个人 n->nl
[2019-04-29 14:36:06]	整年 d->n
[2019-04-29 14:36:06]	有声 b->n
[2019-04-29 14:36:06]	新增 v->n
[2019-04-29 14:36:06]	上册 n->nl
[2019-04-29 14:40:45]	到校 v->n
[2019-04-29 14:40:45]	一对 mq->n
[2019-04-29 14:40:45]	本分 a->n
[2019-04-29 14:40:45]	按时 d->n
[2019-04-29 14:40:45]	一定 b->n
[2019-04-29 14:40:45]	不结盟 vi->n
[2019-04-29 14:40:45]	不是 c->n
[2019-04-29 14:40:45]	不能 v->n
[2019-04-29 14:40:45]	不会 v->n
[2019-04-29 14:40:45]	出血 vi->n
[2019-04-29 14:40:45]	打的 v->n
[2019-04-29 14:40:45]	除外 vi->n
[2019-04-29 14:40:45]	春分 t->n
[2019-04-29 14:40:45]	从宽 d->n
[2019-04-29 14:40:45]	从重 d->n
[2019-04-29 14:40:45]	搭建 v->n
[2019-04-29 14:40:45]	大寒 t->n
[2019-04-29 14:40:45]	当面 d->n
[2019-04-29 14:40:45]	会话 v->n
[2019-04-29 14:40:45]	分米 q->n
[2019-04-29 14:40:45]	次要 b->n
[2019-04-29 14:40:45]	成心 d->n
[2019-04-29 14:40:45]	一齐 d->n
[2019-04-29 14:40:45]	还账 v->n
[2019-04-29 14:40:45]	不准 v->n
[2019-04-29 14:40:45]	看不起 v->n
[2019-04-29 14:40:45]	看得起 v->n
[2019-04-29 14:40:45]	小产 v->n
[2019-04-29 14:40:45]	天天 d->n
[2019-04-29 14:40:45]	起名 vi->n
[2019-04-29 14:40:45]	上税 v->n
[2019-04-29 14:40:45]	他俩 r->n
[2019-04-29 14:40:45]	千米 q->n
[2019-04-29 14:40:45]	是不是 v->n
[2019-04-29 14:40:45]	禁不起 v->n
[2019-04-29 14:40:45]	先后 d->n
[2019-04-29 14:40:45]	小便 v->n
[2019-04-29 14:40:45]	小满 t->n
[2019-04-29 14:40:45]	吃药 v->n
[2019-04-29 14:40:45]	一元 b->n
[2019-04-29 14:40:45]	正好 z->n
[2019-04-29 14:40:45]	对证 vn->n
[2019-04-29 14:40:45]	中档 b->n
[2019-04-29 14:40:45]	自修 v->n
[2019-04-29 14:40:45]	到底 d->n
[2019-04-29 14:40:45]	和缓 a->n
[2019-04-29 14:40:45]	人为 b->n
[2019-04-29 14:40:45]	长达 v->n
[2019-04-29 14:40:45]	上流 b->n
[2019-04-29 14:40:45]	喜好 an->n
[2019-04-29 14:40:45]	从中 d->n
[2019-04-29 14:40:45]	各人 rr->n
[2019-04-29 14:40:45]	中选 vi->n
[2019-04-29 14:40:45]	各处 rzs->n
[2019-04-29 14:40:45]	四处 d->n
[2019-04-29 14:40:45]	上岸 vi->n
[2019-04-29 14:40:45]	拨打 v->n
[2019-04-29 14:40:45]	大跌 v->n
[2019-04-29 14:40:45]	好多 m->n
[2019-04-29 14:40:45]	下学 v->n
[2019-04-29 14:40:45]	不合 v->n
[2019-04-29 14:40:45]	高等 b->n
[2019-04-29 14:40:45]	老大 a->n
[2019-04-29 14:40:45]	还给 v->n
[2019-04-29 14:40:45]	对等 vi->n
[2019-04-29 14:40:45]	有心 v->n
[2019-04-29 14:40:45]	真的 a->n
[2019-04-29 14:40:45]	大喊 v->n
[2019-04-29 14:40:45]	总会 d->n
[2019-04-29 14:40:45]	该死 vi->n
[2019-04-29 14:40:45]	一口气 d->n
[2019-04-29 14:40:45]	小气 a->n
[2019-04-29 14:40:45]	论说 vn->n
[2019-04-29 14:40:45]	中意 a->n
[2019-04-29 14:40:45]	生分 a->n
[2019-04-29 14:40:45]	内蒙古自治区 ns->n
[2019-04-29 14:40:45]	年间 f->n
[2019-04-29 14:40:45]	和暖 a->n
[2019-04-29 14:40:45]	省钱 a->n
[2019-04-29 14:40:45]	单方面 b->n
[2019-04-29 14:40:45]	早起 vi->n
[2019-04-29 14:40:45]	签定 v->n
[2019-04-29 14:40:45]	凡间 s->n
[2019-04-29 14:40:45]	就是 c->n
[2019-04-29 14:40:45]	便是 v->n
[2019-04-29 14:40:45]	国都 d->n
[2019-04-29 14:40:45]	首次 m->n
[2019-04-29 14:40:45]	睡着 v->n
[2019-04-29 14:40:45]	了得 a->n
[2019-04-29 14:40:45]	西藏自治区 ns->n
[2019-04-29 14:40:45]	想像 v->n
[2019-04-29 14:40:45]	好在 d->n
[2019-04-29 14:40:45]	往时 t->n
[2019-04-29 14:40:45]	争抢 v->n
[2019-04-29 14:40:45]	正在 d->n
[2019-04-29 14:40:45]	我方 r->n
[2019-04-29 14:40:45]	多功能 b->n
[2019-04-29 14:40:45]	黑白 b->n
[2019-04-29 14:40:45]	南北 f->n
[2019-04-29 14:40:45]	干什么 r->n
[2019-04-29 14:40:45]	不断 d->n
[2019-04-29 14:40:45]	同呼吸 vl->n
[2019-04-29 14:40:45]	日间 t->n
[2019-04-29 14:40:45]	还是 c->n
[2019-04-29 14:40:45]	有点 d->n
[2019-04-29 14:40:45]	下流 a->n
[2019-04-29 14:40:45]	怎么办 ryv->n
[2019-04-29 14:40:45]	您好 nl->n
[2019-04-29 14:40:45]	你好 vl->n
[2019-04-29 14:40:45]	交售 v->n
[2019-04-29 14:40:45]	找到 v->n
[2019-04-29 14:40:45]	从来 d->n
[2019-04-29 14:40:45]	约分 v->n
[2019-04-29 14:40:45]	正数 v->n
[2019-04-29 14:40:45]	他人 rr->n
[2019-04-29 14:40:45]	不论 c->n
[2019-04-29 14:40:45]	不管 c->n
[2019-04-29 14:40:45]	出事 vi->n
[2019-04-29 14:40:45]	从此 d->n
[2019-04-29 14:40:45]	当时 t->n
[2019-04-29 14:40:45]	对话 vi->n
[2019-04-29 14:40:45]	吃饭 vi->n
[2019-04-29 14:40:45]	更新 v->n
[2019-04-29 14:40:45]	讲课 vi->n
[2019-04-29 14:40:45]	尽心 a->n
[2019-04-29 14:40:45]	立方 q->n
[2019-04-29 14:40:45]	没关系 vl->n
[2019-04-29 14:40:45]	遍地 vd->n
[2019-04-29 14:40:45]	开车 vi->n
[2019-04-29 14:40:45]	因此 c->n
[2019-04-29 14:40:45]	将来 t->n
[2019-04-29 14:40:45]	以前 f->n
[2019-04-29 14:40:45]	先前 t->n
[2019-04-29 14:40:45]	早上 t->n
[2019-04-29 14:40:45]	正月 t->n
[2019-04-29 14:40:45]	难看 a->n
[2019-04-29 14:40:45]	对头 a->n
[2019-04-29 14:40:45]	正当 a->n
[2019-04-29 14:40:45]	不容 v->n
[2019-04-29 14:40:45]	出手 vi->n
[2019-04-29 14:40:45]	着手 v->n
[2019-04-29 14:40:45]	不错 a->n
[2019-04-29 14:40:45]	不便 a->n
[2019-04-29 14:40:45]	得手 a->n
[2019-04-29 14:40:45]	说话 vi->n
[2019-04-29 14:40:45]	特等 b->n
[2019-04-29 14:40:45]	住手 vi->n
[2019-04-29 14:40:45]	共事 vi->n
[2019-04-29 14:40:45]	从前 t->n
[2019-04-29 14:40:45]	已往 t->n
[2019-04-29 14:40:45]	低下 a->n
[2019-04-29 14:40:45]	当中 f->n
[2019-04-29 14:40:45]	不易 a->n
[2019-04-29 14:40:45]	不可 d->n
[2019-04-29 14:40:45]	至此 d->n
[2019-04-29 14:40:45]	不顾 v->n
[2019-04-29 14:40:45]	正派 a->n
[2019-04-29 14:40:45]	不然 a->n
[2019-04-29 14:40:45]	某人 rr->n
[2019-04-29 14:40:45]	一角 n->v
[2019-04-29 14:40:45]	除外 vi->v
[2019-04-29 14:40:45]	爱人 n->nz
[2019-04-29 14:40:45]	把手 n->nz
[2019-04-29 14:40:45]	靠山 n->nz
[2019-04-29 14:40:45]	不行 a->v
[2019-04-29 14:40:45]	不能 v->vi
[2019-04-29 14:40:45]	不会 v->vi
[2019-04-29 14:40:45]	车号 n->nz
[2019-04-29 14:40:45]	同党 n->nz
[2019-04-29 14:40:45]	打的 v->vi
[2019-04-29 14:40:45]	除法 n->nz
[2019-04-29 14:40:45]	从重 d->v
[2019-04-29 14:40:45]	搭建 v->vd
[2019-04-29 14:40:45]	四处 d->vi
[2019-04-29 14:40:45]	拨打 v->vd
[2019-04-29 14:40:45]	大跌 v->vn
[2019-04-29 14:40:45]	会话 v->vn
[2019-04-29 14:40:45]	要领 n->nz
[2019-04-29 14:40:45]	下学 v->vd
[2019-04-29 14:40:45]	分号 n->nz
[2019-04-29 14:40:45]	不合 v->n
[2019-04-29 14:40:45]	高等 b->a
[2019-04-29 14:40:45]	还给 v->vd
[2019-04-29 14:40:45]	有心 v->vd
[2019-04-29 14:40:45]	说法 n->nz
[2019-04-29 14:40:45]	大喊 v->vd
[2019-04-29 14:40:45]	好多 m->a
[2019-04-29 14:40:45]	大奖 n->nz
[2019-04-29 14:40:45]	无礼 a->ad
[2019-04-29 14:40:45]	看不起 v->vn
[2019-04-29 14:40:45]	看得起 v->vn
[2019-04-29 14:40:45]	理事 n->nz
[2019-04-29 14:40:45]	本心 n->nl
[2019-04-29 14:40:45]	论说 vn->vl
[2019-04-29 14:40:45]	他俩 r->n
[2019-04-29 14:40:45]	江米 n->nz
[2019-04-29 14:40:45]	千米 q->qv
[2019-04-29 14:40:45]	签定 v->vn
[2019-04-29 14:40:45]	好天 n->nz
[2019-04-29 14:40:45]	日食 n->nz
[2019-04-29 14:40:45]	是不是 v->vd
[2019-04-29 14:40:45]	手指 n->nz
[2019-04-29 14:40:45]	睡着 v->vd
[2019-04-29 14:40:45]	大小 n->nz
[2019-04-29 14:40:45]	了得 a->ad
[2019-04-29 14:40:45]	问号 n->nz
[2019-04-29 14:40:45]	西藏自治区 ns->nz
[2019-04-29 14:40:45]	小便 v->vi
[2019-04-29 14:40:45]	好在 d->v
[2019-04-29 14:40:45]	双眼 n->nz
[2019-04-29 14:40:45]	一元 b->nz
[2019-04-29 14:40:45]	引号 n->nz
[2019-04-29 14:40:45]	像片 n->nz
[2019-04-29 14:40:45]	争抢 v->vd
[2019-04-29 14:40:45]	小我 n->nz
[2019-04-29 14:40:45]	文字 n->nz
[2019-04-29 14:40:45]	部分 m->n
[2019-04-29 14:40:45]	别名 n->nz
[2019-04-29 14:40:45]	和缓 a->ad
[2019-04-29 14:40:45]	按时 d->ad
[2019-04-29 14:40:45]	春分 t->n
[2019-04-29 14:40:45]	知了 n->nz
[2019-04-29 14:40:45]	车次 n->nz
[2019-04-29 14:40:45]	大寒 t->nz
[2019-04-29 14:40:45]	大料 n->nz
[2019-04-29 14:40:45]	当面 d->n
[2019-04-29 14:40:45]	上岸 vi->v
[2019-04-29 14:40:45]	对仗 n->nz
[2019-04-29 14:40:45]	分米 q->qt
[2019-04-29 14:40:45]	副词 n->nz
[2019-04-29 14:40:45]	次要 b->bl
[2019-04-29 14:40:45]	成心 d->v
[2019-04-29 14:40:45]	还账 v->vi
[2019-04-29 14:40:45]	该死 vi->v
[2019-04-29 14:40:45]	长项 n->nz
[2019-04-29 14:40:45]	借条 n->nz
[2019-04-29 14:40:45]	买家 n->nz
[2019-04-29 14:40:45]	天车 n->nz
[2019-04-29 14:40:45]	东家 n->nz
[2019-04-29 14:40:45]	小气 a->ad
[2019-04-29 14:40:45]	小产 v->vi
[2019-04-29 14:40:45]	起名 vi->v
[2019-04-29 14:40:45]	生分 a->ad
[2019-04-29 14:40:45]	上税 v->vi
[2019-04-29 14:40:45]	内蒙古自治区 ns->nz
[2019-04-29 14:40:45]	拟人 n->nz
[2019-04-29 14:40:45]	年岁 n->nl
[2019-04-29 14:40:45]	年事 n->nl
[2019-04-29 14:40:45]	身段 n->nz
[2019-04-29 14:40:45]	凡间 s->n
[2019-04-29 14:40:45]	便是 v->vd
[2019-04-29 14:40:45]	收条 n->nz
[2019-04-29 14:40:45]	禁不起 v->vd
[2019-04-29 14:40:45]	书册 n->nl
[2019-04-29 14:40:45]	水笔 n->nz
[2019-04-29 14:40:45]	时价 n->nl
[2019-04-29 14:40:45]	就义 vi->v
[2019-04-29 14:40:45]	先后 d->ad
[2019-04-29 14:40:45]	想像 v->vd
[2019-04-29 14:40:45]	小寒 t->nz
[2019-04-29 14:40:45]	小满 t->nz
[2019-04-29 14:40:45]	新词 n->nl
[2019-04-29 14:40:45]	往时 t->tg
[2019-04-29 14:40:45]	意旨 n->nl
[2019-04-29 14:40:45]	图章 n->nz
[2019-04-29 14:40:45]	正好 z->tg
[2019-04-29 14:40:45]	正理 n->nl
[2019-04-29 14:40:45]	对证 vn->n
[2019-04-29 14:40:45]	中档 b->nl
[2019-04-29 14:40:45]	我方 r->n
[2019-04-29 14:40:45]	自修 v->vl
[2019-04-29 14:40:45]	才能 n->v
[2019-04-29 14:40:45]	秒钟 n->q
[2019-04-29 14:40:45]	火烧 n->v
[2019-04-29 14:40:45]	大路 n->nz
[2019-04-29 14:40:45]	自力 n->nz
[2019-04-29 14:40:45]	女星 n->nl
[2019-04-29 14:40:45]	申请人 n->nl
[2019-04-29 14:40:45]	美女 n->nl
[2019-04-29 14:40:45]	联系人 n->nl
[2019-04-29 14:40:45]	便条 n->nl
[2019-04-29 14:40:45]	中农 n->nl
[2019-04-29 14:40:45]	人道 n->nl
[2019-04-29 14:40:45]	资本家 n->nl
[2019-04-29 14:40:45]	水车 n->nl
[2019-04-29 14:40:45]	马戏 n->nl
[2019-04-29 14:40:45]	除数 n->nz
[2019-04-29 14:40:45]	周长 n->nz
[2019-04-29 14:40:45]	小数 n->nz
[2019-04-29 14:40:45]	经线 n->nz
[2019-04-29 14:40:45]	副手 n->nz
[2019-04-29 14:40:45]	三角 n->ns
[2019-04-29 14:40:45]	切线 n->nz
[2019-04-29 14:40:45]	本着 p->nl
[2019-04-29 14:40:45]	报到 vi->v
[2019-04-29 14:40:45]	不够 a->n
[2019-04-29 14:40:45]	不满 a->v
[2019-04-29 14:40:45]	不同 a->ad
[2019-04-29 14:40:45]	大使 n->nl
[2019-04-29 14:40:45]	对应 vi->v
[2019-04-29 14:40:45]	海带 n->nl
[2019-04-29 14:40:45]	后天 n->t
[2019-04-29 14:40:45]	回家 vi->v
[2019-04-29 14:40:45]	开关 n->v
[2019-04-29 14:40:45]	完了 vi->n
[2019-04-29 14:40:45]	没用 a->v
[2019-04-29 14:40:45]	难听 a->v
[2019-04-29 14:40:45]	暖和 a->ad
[2019-04-29 14:40:45]	排比 n->nz
[2019-04-29 14:40:45]	前天 n->t
[2019-04-29 14:40:45]	上当 vi->v
[2019-04-29 14:40:45]	受不了 al->n
[2019-04-29 14:40:45]	从而 c->cc
[2019-04-29 14:40:45]	图像 n->nl
[2019-04-29 14:40:45]	脱钩 vi->v
[2019-04-29 14:40:45]	周到 a->an
[2019-04-29 14:40:45]	等同 vd->v
[2019-04-29 14:40:45]	有用 a->n
[2019-04-29 14:40:45]	再见 vi->v
[2019-04-29 14:40:45]	有时候 d->n
[2019-04-29 14:40:45]	由此 d->n
[2019-04-29 14:40:45]	有余 m->v
[2019-04-29 14:40:45]	请愿 vi->vn
[2019-04-29 14:40:45]	内在 b->n
[2019-04-29 14:40:45]	不好 a->n
[2019-04-29 14:40:45]	共命运 vl->nl
[2019-04-29 14:40:45]	小于 nr->v
[2019-04-29 14:40:45]	大人 n->nl
[2019-04-29 14:40:45]	乘法 n->nl
[2019-04-29 14:40:45]	对手 n->nl
[2019-04-29 14:40:45]	对方 n->nl
[2019-04-29 14:40:45]	成人 n->nl
[2019-04-29 14:40:45]	所在 n->nl
[2019-04-29 14:40:45]	全年 n->nl
[2019-04-29 14:40:45]	年轻人 n->nl
[2019-04-29 14:40:45]	双手 n->nl
[2019-04-29 14:40:45]	亮点 n->nl
[2019-04-29 14:40:45]	所长 n->nl
[2019-04-29 14:40:45]	天下 n->nl
[2019-04-29 14:40:45]	先人 n->nl
[2019-04-29 14:40:45]	正常人 n->nl
[2019-04-29 14:40:45]	好人 n->nl
[2019-04-29 14:40:45]	国家队 n->nl
[2019-04-29 14:40:45]	党派 n->nl
[2019-04-29 14:40:45]	乘方 n->nl
[2019-04-29 14:40:45]	嗨 e->nl
[2019-04-29 14:40:45]	个人 n->nl
[2019-04-29 14:40:45]	整年 d->n
[2019-04-29 14:40:45]	有声 b->n
[2019-04-29 14:40:45]	新增 v->n
[2019-04-29 14:40:45]	上册 n->nl
