[2019-03-04 10:20:48]	本分 a->n
[2019-03-04 10:20:48]	按时 d->n
[2019-03-04 10:20:48]	一定 b->n
[2019-03-04 10:20:48]	不结盟 vi->n
[2019-03-04 10:20:48]	不是 c->n
[2019-03-04 10:20:48]	不能 v->n
[2019-03-04 10:20:48]	不会 v->n
[2019-03-04 10:20:48]	出血 vi->n
[2019-03-04 10:20:48]	打的 v->n
[2019-03-04 10:20:48]	除外 vi->n
[2019-03-04 10:20:48]	春分 t->n
[2019-03-04 10:20:48]	从宽 d->n
[2019-03-04 10:20:48]	从重 d->n
[2019-03-04 10:20:48]	搭建 v->n
[2019-03-04 10:20:48]	大寒 t->n
[2019-03-04 10:20:48]	当面 d->n
[2019-03-04 10:20:48]	会话 v->n
[2019-03-04 10:20:48]	分米 q->n
[2019-03-04 10:20:48]	次要 b->n
[2019-03-04 10:20:48]	成心 d->n
[2019-03-04 10:20:48]	一齐 d->n
[2019-03-04 10:20:48]	还账 v->n
[2019-03-04 10:20:48]	不准 v->n
[2019-03-04 10:20:48]	看不起 v->n
[2019-03-04 10:20:48]	看得起 v->n
[2019-03-04 10:20:48]	小产 v->n
[2019-03-04 10:20:48]	天天 d->n
[2019-03-04 10:20:48]	起名 vi->n
[2019-03-04 10:20:48]	上税 v->n
[2019-03-04 10:20:48]	他俩 r->n
[2019-03-04 10:20:48]	千米 q->n
[2019-03-04 10:20:48]	是不是 v->n
[2019-03-04 10:20:48]	禁不起 v->n
[2019-03-04 10:20:48]	先后 d->n
[2019-03-04 10:20:48]	小便 v->n
[2019-03-04 10:20:48]	小满 t->n
[2019-03-04 10:20:48]	吃药 v->n
[2019-03-04 10:20:48]	一元 b->n
[2019-03-04 10:20:48]	正好 z->n
[2019-03-04 10:20:48]	对证 vn->n
[2019-03-04 10:20:48]	中档 b->n
[2019-03-04 10:20:48]	自修 v->n
[2019-03-04 10:20:48]	到底 d->n
[2019-03-04 10:20:48]	和缓 a->n
[2019-03-04 10:20:48]	人为 b->n
[2019-03-04 10:20:48]	长达 v->n
[2019-03-04 10:20:48]	上流 b->n
[2019-03-04 10:20:48]	喜好 an->n
[2019-03-04 10:20:48]	从中 d->n
[2019-03-04 10:20:48]	各人 rr->n
[2019-03-04 10:20:48]	中选 vi->n
[2019-03-04 10:20:48]	各处 rzs->n
[2019-03-04 10:20:48]	四处 d->n
[2019-03-04 10:20:48]	上岸 vi->n
[2019-03-04 10:20:48]	拨打 v->n
[2019-03-04 10:20:48]	大跌 v->n
[2019-03-04 10:20:48]	好多 m->n
[2019-03-04 10:20:48]	下学 v->n
[2019-03-04 10:20:48]	不合 v->n
[2019-03-04 10:20:48]	高等 b->n
[2019-03-04 10:20:48]	老大 a->n
[2019-03-04 10:20:48]	还给 v->n
[2019-03-04 10:20:48]	对等 vi->n
[2019-03-04 10:20:48]	有心 v->n
[2019-03-04 10:20:48]	真的 a->n
[2019-03-04 10:20:48]	大喊 v->n
[2019-03-04 10:20:48]	总会 d->n
[2019-03-04 10:20:48]	该死 vi->n
[2019-03-04 10:20:48]	一口气 d->n
[2019-03-04 10:20:48]	小气 a->n
[2019-03-04 10:20:48]	论说 vn->n
[2019-03-04 10:20:48]	中意 a->n
[2019-03-04 10:20:48]	生分 a->n
[2019-03-04 10:20:48]	内蒙古自治区 ns->n
[2019-03-04 10:20:48]	年间 f->n
[2019-03-04 10:20:48]	和暖 a->n
[2019-03-04 10:20:48]	省钱 a->n
[2019-03-04 10:20:48]	单方面 b->n
[2019-03-04 10:20:48]	早起 vi->n
[2019-03-04 10:20:48]	签定 v->n
[2019-03-04 10:20:48]	凡间 s->n
[2019-03-04 10:20:48]	就是 c->n
[2019-03-04 10:20:48]	便是 v->n
[2019-03-04 10:20:48]	国都 d->n
[2019-03-04 10:20:48]	首次 m->n
[2019-03-04 10:20:48]	睡着 v->n
[2019-03-04 10:20:48]	了得 a->n
[2019-03-04 10:20:48]	西藏自治区 ns->n
[2019-03-04 10:20:48]	想像 v->n
[2019-03-04 10:20:48]	好在 d->n
[2019-03-04 10:20:48]	往时 t->n
[2019-03-04 10:20:48]	争抢 v->n
[2019-03-04 10:20:48]	正在 d->n
[2019-03-04 10:20:48]	我方 r->n
[2019-03-04 10:20:48]	多功能 b->n
[2019-03-04 10:20:48]	黑白 b->n
[2019-03-04 10:20:48]	南北 f->n
[2019-03-04 10:20:48]	干什么 r->n
[2019-03-04 10:20:48]	不断 d->n
[2019-03-04 10:20:48]	同呼吸 vl->n
[2019-03-04 10:20:48]	日间 t->n
[2019-03-04 10:20:48]	还是 c->n
[2019-03-04 10:20:48]	有点 d->n
[2019-03-04 10:20:48]	下流 a->n
[2019-03-04 10:20:48]	怎么办 ryv->n
[2019-03-04 10:20:48]	您好 nl->n
[2019-03-04 10:20:48]	你好 vl->n
[2019-03-04 10:20:48]	交售 v->n
[2019-03-04 10:20:48]	找到 v->n
[2019-03-04 10:20:48]	从来 d->n
[2019-03-04 10:20:48]	约分 v->n
[2019-03-04 10:20:48]	正数 v->n
[2019-03-04 10:20:48]	他人 rr->n
[2019-03-04 10:20:48]	不论 c->n
[2019-03-04 10:20:48]	不管 c->n
[2019-03-04 10:20:48]	出事 vi->n
[2019-03-04 10:20:48]	从此 d->n
[2019-03-04 10:20:48]	当时 t->n
[2019-03-04 10:20:48]	对话 vi->n
[2019-03-04 10:20:48]	吃饭 vi->n
[2019-03-04 10:20:48]	更新 v->n
[2019-03-04 10:20:48]	讲课 vi->n
[2019-03-04 10:20:48]	尽心 a->n
[2019-03-04 10:20:48]	立方 q->n
[2019-03-04 10:20:48]	没关系 vl->n
[2019-03-04 10:20:48]	遍地 vd->n
[2019-03-04 10:20:48]	开车 vi->n
[2019-03-04 10:20:48]	因此 c->n
[2019-03-04 10:20:48]	将来 t->n
[2019-03-04 10:20:48]	以前 f->n
[2019-03-04 10:20:48]	先前 t->n
[2019-03-04 10:20:48]	早上 t->n
[2019-03-04 10:20:48]	正月 t->n
[2019-03-04 10:20:48]	难看 a->n
[2019-03-04 10:20:48]	对头 a->n
[2019-03-04 10:20:48]	正当 a->n
[2019-03-04 10:20:48]	不容 v->n
[2019-03-04 10:20:48]	出手 vi->n
[2019-03-04 10:20:48]	着手 v->n
[2019-03-04 10:20:48]	不错 a->n
[2019-03-04 10:20:48]	不便 a->n
[2019-03-04 10:20:48]	得手 a->n
[2019-03-04 10:20:48]	说话 vi->n
[2019-03-04 10:20:48]	特等 b->n
[2019-03-04 10:20:48]	住手 vi->n
[2019-03-04 10:20:48]	共事 vi->n
[2019-03-04 10:20:48]	从前 t->n
[2019-03-04 10:20:48]	已往 t->n
[2019-03-04 10:20:48]	低下 a->n
[2019-03-04 10:20:48]	当中 f->n
[2019-03-04 10:20:48]	不易 a->n
[2019-03-04 10:20:48]	不可 d->n
[2019-03-04 10:20:48]	至此 d->n
[2019-03-04 10:20:48]	不顾 v->n
[2019-03-04 10:20:48]	正派 a->n
[2019-03-04 10:20:48]	不然 a->n
[2019-03-04 10:20:48]	某人 rr->n
[2019-03-04 10:20:48]	一角 n->v
[2019-03-04 10:20:48]	除外 vi->v
[2019-03-04 10:20:48]	爱人 n->nz
[2019-03-04 10:20:48]	把手 n->nz
[2019-03-04 10:20:48]	靠山 n->nz
[2019-03-04 10:20:48]	不行 a->v
[2019-03-04 10:20:48]	不能 v->vi
[2019-03-04 10:20:48]	不会 v->vi
[2019-03-04 10:20:48]	车号 n->nz
[2019-03-04 10:20:48]	同党 n->nz
[2019-03-04 10:20:48]	打的 v->vi
[2019-03-04 10:20:48]	除法 n->nz
[2019-03-04 10:20:48]	从重 d->v
[2019-03-04 10:20:48]	搭建 v->vd
[2019-03-04 10:20:48]	四处 d->vi
[2019-03-04 10:20:48]	拨打 v->vd
[2019-03-04 10:20:48]	大跌 v->vn
[2019-03-04 10:20:48]	会话 v->vn
[2019-03-04 10:20:48]	要领 n->nz
[2019-03-04 10:20:48]	下学 v->vd
[2019-03-04 10:20:48]	分号 n->nz
[2019-03-04 10:20:48]	不合 v->n
[2019-03-04 10:20:48]	高等 b->a
[2019-03-04 10:20:48]	还给 v->vd
[2019-03-04 10:20:48]	有心 v->vd
[2019-03-04 10:20:48]	说法 n->nz
[2019-03-04 10:20:48]	大喊 v->vd
[2019-03-04 10:20:48]	好多 m->a
[2019-03-04 10:20:48]	大奖 n->nz
[2019-03-04 10:20:48]	无礼 a->ad
[2019-03-04 10:20:48]	看不起 v->vn
[2019-03-04 10:20:48]	看得起 v->vn
[2019-03-04 10:20:48]	理事 n->nz
[2019-03-04 10:20:48]	本心 n->nl
[2019-03-04 10:20:48]	论说 vn->vl
[2019-03-04 10:20:48]	他俩 r->n
[2019-03-04 10:20:48]	江米 n->nz
[2019-03-04 10:20:48]	千米 q->qv
[2019-03-04 10:20:48]	签定 v->vn
[2019-03-04 10:20:48]	好天 n->nz
[2019-03-04 10:20:48]	日食 n->nz
[2019-03-04 10:20:48]	是不是 v->vd
[2019-03-04 10:20:48]	手指 n->nz
[2019-03-04 10:20:48]	睡着 v->vd
[2019-03-04 10:20:48]	大小 n->nz
[2019-03-04 10:20:48]	了得 a->ad
[2019-03-04 10:20:48]	问号 n->nz
[2019-03-04 10:20:48]	西藏自治区 ns->nz
[2019-03-04 10:20:48]	小便 v->vi
[2019-03-04 10:20:48]	好在 d->v
[2019-03-04 10:20:48]	双眼 n->nz
[2019-03-04 10:20:48]	一元 b->nz
[2019-03-04 10:20:48]	引号 n->nz
[2019-03-04 10:20:48]	像片 n->nz
[2019-03-04 10:20:48]	争抢 v->vd
[2019-03-04 10:20:48]	小我 n->nz
[2019-03-04 10:20:48]	文字 n->nz
[2019-03-04 10:20:48]	部分 m->n
[2019-03-04 10:20:48]	别名 n->nz
[2019-03-04 10:20:48]	和缓 a->ad
[2019-03-04 10:20:48]	按时 d->ad
[2019-03-04 10:20:48]	春分 t->n
[2019-03-04 10:20:48]	知了 n->nz
[2019-03-04 10:20:48]	车次 n->nz
[2019-03-04 10:20:48]	大寒 t->nz
[2019-03-04 10:20:48]	大料 n->nz
[2019-03-04 10:20:48]	当面 d->n
[2019-03-04 10:20:48]	上岸 vi->v
[2019-03-04 10:20:48]	对仗 n->nz
[2019-03-04 10:20:48]	分米 q->qt
[2019-03-04 10:20:48]	副词 n->nz
[2019-03-04 10:20:48]	次要 b->bl
[2019-03-04 10:20:48]	成心 d->v
[2019-03-04 10:20:48]	还账 v->vi
[2019-03-04 10:20:48]	该死 vi->v
[2019-03-04 10:20:48]	长项 n->nz
[2019-03-04 10:20:48]	借条 n->nz
[2019-03-04 10:20:48]	买家 n->nz
[2019-03-04 10:20:48]	天车 n->nz
[2019-03-04 10:20:48]	东家 n->nz
[2019-03-04 10:20:48]	小气 a->ad
[2019-03-04 10:20:48]	小产 v->vi
[2019-03-04 10:20:48]	起名 vi->v
[2019-03-04 10:20:48]	生分 a->ad
[2019-03-04 10:20:48]	上税 v->vi
[2019-03-04 10:20:48]	内蒙古自治区 ns->nz
[2019-03-04 10:20:48]	拟人 n->nz
[2019-03-04 10:20:48]	年岁 n->nl
[2019-03-04 10:20:48]	年事 n->nl
[2019-03-04 10:20:48]	身段 n->nz
[2019-03-04 10:20:48]	凡间 s->n
[2019-03-04 10:20:48]	便是 v->vd
[2019-03-04 10:20:48]	收条 n->nz
[2019-03-04 10:20:48]	禁不起 v->vd
[2019-03-04 10:20:48]	书册 n->nl
[2019-03-04 10:20:48]	水笔 n->nz
[2019-03-04 10:20:48]	时价 n->nl
[2019-03-04 10:20:48]	就义 vi->v
[2019-03-04 10:20:48]	先后 d->ad
[2019-03-04 10:20:48]	想像 v->vd
[2019-03-04 10:20:48]	小寒 t->nz
[2019-03-04 10:20:48]	小满 t->nz
[2019-03-04 10:20:48]	新词 n->nl
[2019-03-04 10:20:48]	往时 t->tg
[2019-03-04 10:20:48]	意旨 n->nl
[2019-03-04 10:20:48]	图章 n->nz
[2019-03-04 10:20:48]	正好 z->tg
[2019-03-04 10:20:48]	正理 n->nl
[2019-03-04 10:20:48]	对证 vn->n
[2019-03-04 10:20:48]	中档 b->nl
[2019-03-04 10:20:48]	我方 r->n
[2019-03-04 10:20:48]	自修 v->vl
[2019-03-04 10:20:48]	才能 n->v
[2019-03-04 10:20:48]	秒钟 n->q
[2019-03-04 10:20:48]	火烧 n->v
[2019-03-04 10:20:48]	大路 n->nz
[2019-03-04 10:20:48]	自力 n->nz
[2019-03-04 10:20:48]	女星 n->nl
[2019-03-04 10:20:48]	申请人 n->nl
[2019-03-04 10:20:48]	美女 n->nl
[2019-03-04 10:20:48]	联系人 n->nl
[2019-03-04 10:20:48]	便条 n->nl
[2019-03-04 10:20:48]	中农 n->nl
[2019-03-04 10:20:48]	人道 n->nl
[2019-03-04 10:20:48]	资本家 n->nl
[2019-03-04 10:20:48]	水车 n->nl
[2019-03-04 10:20:48]	马戏 n->nl
[2019-03-04 10:20:48]	除数 n->nz
[2019-03-04 10:20:48]	周长 n->nz
[2019-03-04 10:20:48]	小数 n->nz
[2019-03-04 10:20:48]	经线 n->nz
[2019-03-04 10:20:48]	副手 n->nz
[2019-03-04 10:20:48]	三角 n->ns
[2019-03-04 10:20:48]	切线 n->nz
[2019-03-04 10:20:48]	本着 p->nl
[2019-03-04 10:20:48]	报到 vi->v
[2019-03-04 10:20:48]	不够 a->n
[2019-03-04 10:20:48]	不满 a->v
[2019-03-04 10:20:48]	不同 a->ad
[2019-03-04 10:20:48]	大使 n->nl
[2019-03-04 10:20:48]	对应 vi->v
[2019-03-04 10:20:48]	海带 n->nl
[2019-03-04 10:20:48]	后天 n->t
[2019-03-04 10:20:48]	回家 vi->v
[2019-03-04 10:20:48]	开关 n->v
[2019-03-04 10:20:48]	完了 vi->n
[2019-03-04 10:20:48]	没用 a->v
[2019-03-04 10:20:48]	难听 a->v
[2019-03-04 10:20:48]	暖和 a->ad
[2019-03-04 10:20:48]	排比 n->nz
[2019-03-04 10:20:48]	前天 n->t
[2019-03-04 10:20:48]	上当 vi->v
[2019-03-04 10:20:48]	受不了 al->n
[2019-03-04 10:20:48]	从而 c->cc
[2019-03-04 10:20:48]	图像 n->nl
[2019-03-04 10:20:48]	脱钩 vi->v
[2019-03-04 10:20:48]	周到 a->an
[2019-03-04 10:20:48]	等同 vd->v
[2019-03-04 10:20:48]	有用 a->n
[2019-03-04 10:20:48]	再见 vi->v
[2019-03-04 10:20:48]	有时候 d->n
[2019-03-04 10:20:48]	由此 d->n
[2019-03-04 10:20:48]	有余 m->v
[2019-03-04 10:20:48]	请愿 vi->vn
[2019-03-04 10:20:48]	内在 b->n
[2019-03-04 10:20:48]	不好 a->n
[2019-03-04 10:20:48]	共命运 vl->nl
[2019-03-04 10:20:48]	小于 nr->v
[2019-03-04 10:20:48]	大人 n->nl
[2019-03-04 10:20:48]	乘法 n->nl
[2019-03-04 10:20:48]	对手 n->nl
[2019-03-04 10:20:48]	对方 n->nl
[2019-03-04 10:20:48]	成人 n->nl
[2019-03-04 10:20:48]	所在 n->nl
[2019-03-04 10:20:48]	全年 n->nl
[2019-03-04 10:20:48]	年轻人 n->nl
[2019-03-04 10:20:48]	双手 n->nl
[2019-03-04 10:20:48]	亮点 n->nl
[2019-03-04 10:20:48]	所长 n->nl
[2019-03-04 10:20:48]	天下 n->nl
[2019-03-04 10:20:48]	先人 n->nl
[2019-03-04 10:20:48]	正常人 n->nl
[2019-03-04 10:20:48]	好人 n->nl
[2019-03-04 10:20:48]	国家队 n->nl
[2019-03-04 10:20:48]	党派 n->nl
[2019-03-04 10:20:48]	乘方 n->nl
[2019-03-04 10:20:48]	嗨 e->nl
[2019-03-04 10:20:48]	个人 n->nl
[2019-03-04 10:20:48]	整年 d->n
[2019-03-04 10:20:48]	有声 b->n
[2019-03-04 10:20:48]	新增 v->n
[2019-03-04 10:35:57]	本分 a->n
[2019-03-04 10:35:57]	按时 d->n
[2019-03-04 10:35:57]	一定 b->n
[2019-03-04 10:35:57]	不结盟 vi->n
[2019-03-04 10:35:57]	不是 c->n
[2019-03-04 10:35:57]	不能 v->n
[2019-03-04 10:35:57]	不会 v->n
[2019-03-04 10:35:57]	出血 vi->n
[2019-03-04 10:35:57]	打的 v->n
[2019-03-04 10:35:57]	除外 vi->n
[2019-03-04 10:35:57]	春分 t->n
[2019-03-04 10:35:57]	从宽 d->n
[2019-03-04 10:35:57]	从重 d->n
[2019-03-04 10:35:57]	搭建 v->n
[2019-03-04 10:35:57]	大寒 t->n
[2019-03-04 10:35:57]	当面 d->n
[2019-03-04 10:35:57]	会话 v->n
[2019-03-04 10:35:57]	分米 q->n
[2019-03-04 10:35:57]	次要 b->n
[2019-03-04 10:35:57]	成心 d->n
[2019-03-04 10:35:57]	一齐 d->n
[2019-03-04 10:35:57]	还账 v->n
[2019-03-04 10:35:57]	不准 v->n
[2019-03-04 10:35:57]	看不起 v->n
[2019-03-04 10:35:57]	看得起 v->n
[2019-03-04 10:35:57]	小产 v->n
[2019-03-04 10:35:57]	天天 d->n
[2019-03-04 10:35:57]	起名 vi->n
[2019-03-04 10:35:57]	上税 v->n
[2019-03-04 10:35:57]	他俩 r->n
[2019-03-04 10:35:57]	千米 q->n
[2019-03-04 10:35:57]	是不是 v->n
[2019-03-04 10:35:57]	禁不起 v->n
[2019-03-04 10:35:57]	先后 d->n
[2019-03-04 10:35:57]	小便 v->n
[2019-03-04 10:35:57]	小满 t->n
[2019-03-04 10:35:57]	吃药 v->n
[2019-03-04 10:35:57]	一元 b->n
[2019-03-04 10:35:57]	正好 z->n
[2019-03-04 10:35:57]	对证 vn->n
[2019-03-04 10:35:57]	中档 b->n
[2019-03-04 10:35:57]	自修 v->n
[2019-03-04 10:35:57]	到底 d->n
[2019-03-04 10:35:57]	和缓 a->n
[2019-03-04 10:35:57]	人为 b->n
[2019-03-04 10:35:57]	长达 v->n
[2019-03-04 10:35:57]	上流 b->n
[2019-03-04 10:35:57]	喜好 an->n
[2019-03-04 10:35:57]	从中 d->n
[2019-03-04 10:35:57]	各人 rr->n
[2019-03-04 10:35:57]	中选 vi->n
[2019-03-04 10:35:57]	各处 rzs->n
[2019-03-04 10:35:57]	四处 d->n
[2019-03-04 10:35:57]	上岸 vi->n
[2019-03-04 10:35:57]	拨打 v->n
[2019-03-04 10:35:57]	大跌 v->n
[2019-03-04 10:35:57]	好多 m->n
[2019-03-04 10:35:57]	下学 v->n
[2019-03-04 10:35:57]	不合 v->n
[2019-03-04 10:35:57]	高等 b->n
[2019-03-04 10:35:57]	老大 a->n
[2019-03-04 10:35:57]	还给 v->n
[2019-03-04 10:35:57]	对等 vi->n
[2019-03-04 10:35:57]	有心 v->n
[2019-03-04 10:35:57]	真的 a->n
[2019-03-04 10:35:57]	大喊 v->n
[2019-03-04 10:35:57]	总会 d->n
[2019-03-04 10:35:57]	该死 vi->n
[2019-03-04 10:35:57]	一口气 d->n
[2019-03-04 10:35:57]	小气 a->n
[2019-03-04 10:35:57]	论说 vn->n
[2019-03-04 10:35:57]	中意 a->n
[2019-03-04 10:35:57]	生分 a->n
[2019-03-04 10:35:57]	内蒙古自治区 ns->n
[2019-03-04 10:35:57]	年间 f->n
[2019-03-04 10:35:57]	和暖 a->n
[2019-03-04 10:35:57]	省钱 a->n
[2019-03-04 10:35:57]	单方面 b->n
[2019-03-04 10:35:57]	早起 vi->n
[2019-03-04 10:35:57]	签定 v->n
[2019-03-04 10:35:57]	凡间 s->n
[2019-03-04 10:35:57]	就是 c->n
[2019-03-04 10:35:57]	便是 v->n
[2019-03-04 10:35:57]	国都 d->n
[2019-03-04 10:35:57]	首次 m->n
[2019-03-04 10:35:57]	睡着 v->n
[2019-03-04 10:35:57]	了得 a->n
[2019-03-04 10:35:57]	西藏自治区 ns->n
[2019-03-04 10:35:57]	想像 v->n
[2019-03-04 10:35:57]	好在 d->n
[2019-03-04 10:35:57]	往时 t->n
[2019-03-04 10:35:57]	争抢 v->n
[2019-03-04 10:35:57]	正在 d->n
[2019-03-04 10:35:57]	我方 r->n
[2019-03-04 10:35:57]	多功能 b->n
[2019-03-04 10:35:57]	黑白 b->n
[2019-03-04 10:35:57]	南北 f->n
[2019-03-04 10:35:57]	干什么 r->n
[2019-03-04 10:35:57]	不断 d->n
[2019-03-04 10:35:57]	同呼吸 vl->n
[2019-03-04 10:35:57]	日间 t->n
[2019-03-04 10:35:57]	还是 c->n
[2019-03-04 10:35:57]	有点 d->n
[2019-03-04 10:35:57]	下流 a->n
[2019-03-04 10:35:57]	怎么办 ryv->n
[2019-03-04 10:35:57]	您好 nl->n
[2019-03-04 10:35:57]	你好 vl->n
[2019-03-04 10:35:57]	交售 v->n
[2019-03-04 10:35:57]	找到 v->n
[2019-03-04 10:35:57]	从来 d->n
[2019-03-04 10:35:57]	约分 v->n
[2019-03-04 10:35:57]	正数 v->n
[2019-03-04 10:35:57]	他人 rr->n
[2019-03-04 10:35:57]	不论 c->n
[2019-03-04 10:35:57]	不管 c->n
[2019-03-04 10:35:57]	出事 vi->n
[2019-03-04 10:35:57]	从此 d->n
[2019-03-04 10:35:57]	当时 t->n
[2019-03-04 10:35:57]	对话 vi->n
[2019-03-04 10:35:57]	吃饭 vi->n
[2019-03-04 10:35:57]	更新 v->n
[2019-03-04 10:35:57]	讲课 vi->n
[2019-03-04 10:35:57]	尽心 a->n
[2019-03-04 10:35:57]	立方 q->n
[2019-03-04 10:35:57]	没关系 vl->n
[2019-03-04 10:35:57]	遍地 vd->n
[2019-03-04 10:35:57]	开车 vi->n
[2019-03-04 10:35:57]	因此 c->n
[2019-03-04 10:35:57]	将来 t->n
[2019-03-04 10:35:57]	以前 f->n
[2019-03-04 10:35:57]	先前 t->n
[2019-03-04 10:35:57]	早上 t->n
[2019-03-04 10:35:57]	正月 t->n
[2019-03-04 10:35:57]	难看 a->n
[2019-03-04 10:35:57]	对头 a->n
[2019-03-04 10:35:57]	正当 a->n
[2019-03-04 10:35:57]	不容 v->n
[2019-03-04 10:35:57]	出手 vi->n
[2019-03-04 10:35:57]	着手 v->n
[2019-03-04 10:35:57]	不错 a->n
[2019-03-04 10:35:57]	不便 a->n
[2019-03-04 10:35:57]	得手 a->n
[2019-03-04 10:35:57]	说话 vi->n
[2019-03-04 10:35:57]	特等 b->n
[2019-03-04 10:35:57]	住手 vi->n
[2019-03-04 10:35:57]	共事 vi->n
[2019-03-04 10:35:57]	从前 t->n
[2019-03-04 10:35:57]	已往 t->n
[2019-03-04 10:35:57]	低下 a->n
[2019-03-04 10:35:57]	当中 f->n
[2019-03-04 10:35:57]	不易 a->n
[2019-03-04 10:35:57]	不可 d->n
[2019-03-04 10:35:57]	至此 d->n
[2019-03-04 10:35:57]	不顾 v->n
[2019-03-04 10:35:57]	正派 a->n
[2019-03-04 10:35:57]	不然 a->n
[2019-03-04 10:35:57]	某人 rr->n
[2019-03-04 10:35:57]	一角 n->v
[2019-03-04 10:35:57]	除外 vi->v
[2019-03-04 10:35:57]	爱人 n->nz
[2019-03-04 10:35:57]	把手 n->nz
[2019-03-04 10:35:57]	靠山 n->nz
[2019-03-04 10:35:57]	不行 a->v
[2019-03-04 10:35:57]	不能 v->vi
[2019-03-04 10:35:57]	不会 v->vi
[2019-03-04 10:35:57]	车号 n->nz
[2019-03-04 10:35:57]	同党 n->nz
[2019-03-04 10:35:57]	打的 v->vi
[2019-03-04 10:35:57]	除法 n->nz
[2019-03-04 10:35:57]	从重 d->v
[2019-03-04 10:35:57]	搭建 v->vd
[2019-03-04 10:35:57]	四处 d->vi
[2019-03-04 10:35:57]	拨打 v->vd
[2019-03-04 10:35:57]	大跌 v->vn
[2019-03-04 10:35:57]	会话 v->vn
[2019-03-04 10:35:57]	要领 n->nz
[2019-03-04 10:35:57]	下学 v->vd
[2019-03-04 10:35:57]	分号 n->nz
[2019-03-04 10:35:57]	不合 v->n
[2019-03-04 10:35:57]	高等 b->a
[2019-03-04 10:35:57]	还给 v->vd
[2019-03-04 10:35:57]	有心 v->vd
[2019-03-04 10:35:57]	说法 n->nz
[2019-03-04 10:35:57]	大喊 v->vd
[2019-03-04 10:35:57]	好多 m->a
[2019-03-04 10:35:57]	大奖 n->nz
[2019-03-04 10:35:57]	无礼 a->ad
[2019-03-04 10:35:57]	看不起 v->vn
[2019-03-04 10:35:57]	看得起 v->vn
[2019-03-04 10:35:57]	理事 n->nz
[2019-03-04 10:35:57]	本心 n->nl
[2019-03-04 10:35:57]	论说 vn->vl
[2019-03-04 10:35:57]	他俩 r->n
[2019-03-04 10:35:57]	江米 n->nz
[2019-03-04 10:35:57]	千米 q->qv
[2019-03-04 10:35:57]	签定 v->vn
[2019-03-04 10:35:57]	好天 n->nz
[2019-03-04 10:35:57]	日食 n->nz
[2019-03-04 10:35:57]	是不是 v->vd
[2019-03-04 10:35:57]	手指 n->nz
[2019-03-04 10:35:57]	睡着 v->vd
[2019-03-04 10:35:57]	大小 n->nz
[2019-03-04 10:35:57]	了得 a->ad
[2019-03-04 10:35:57]	问号 n->nz
[2019-03-04 10:35:57]	西藏自治区 ns->nz
[2019-03-04 10:35:57]	小便 v->vi
[2019-03-04 10:35:57]	好在 d->v
[2019-03-04 10:35:57]	双眼 n->nz
[2019-03-04 10:35:57]	一元 b->nz
[2019-03-04 10:35:57]	引号 n->nz
[2019-03-04 10:35:57]	像片 n->nz
[2019-03-04 10:35:57]	争抢 v->vd
[2019-03-04 10:35:57]	小我 n->nz
[2019-03-04 10:35:57]	文字 n->nz
[2019-03-04 10:35:57]	部分 m->n
[2019-03-04 10:35:57]	别名 n->nz
[2019-03-04 10:35:57]	和缓 a->ad
[2019-03-04 10:35:57]	按时 d->ad
[2019-03-04 10:35:57]	春分 t->n
[2019-03-04 10:35:57]	知了 n->nz
[2019-03-04 10:35:57]	车次 n->nz
[2019-03-04 10:35:57]	大寒 t->nz
[2019-03-04 10:35:57]	大料 n->nz
[2019-03-04 10:35:57]	当面 d->n
[2019-03-04 10:35:57]	上岸 vi->v
[2019-03-04 10:35:57]	对仗 n->nz
[2019-03-04 10:35:57]	分米 q->qt
[2019-03-04 10:35:57]	副词 n->nz
[2019-03-04 10:35:57]	次要 b->bl
[2019-03-04 10:35:57]	成心 d->v
[2019-03-04 10:35:57]	还账 v->vi
[2019-03-04 10:35:57]	该死 vi->v
[2019-03-04 10:35:57]	长项 n->nz
[2019-03-04 10:35:57]	借条 n->nz
[2019-03-04 10:35:57]	买家 n->nz
[2019-03-04 10:35:57]	天车 n->nz
[2019-03-04 10:35:57]	东家 n->nz
[2019-03-04 10:35:57]	小气 a->ad
[2019-03-04 10:35:57]	小产 v->vi
[2019-03-04 10:35:57]	起名 vi->v
[2019-03-04 10:35:57]	生分 a->ad
[2019-03-04 10:35:57]	上税 v->vi
[2019-03-04 10:35:57]	内蒙古自治区 ns->nz
[2019-03-04 10:35:57]	拟人 n->nz
[2019-03-04 10:35:57]	年岁 n->nl
[2019-03-04 10:35:57]	年事 n->nl
[2019-03-04 10:35:57]	身段 n->nz
[2019-03-04 10:35:57]	凡间 s->n
[2019-03-04 10:35:57]	便是 v->vd
[2019-03-04 10:35:57]	收条 n->nz
[2019-03-04 10:35:57]	禁不起 v->vd
[2019-03-04 10:35:57]	书册 n->nl
[2019-03-04 10:35:57]	水笔 n->nz
[2019-03-04 10:35:57]	时价 n->nl
[2019-03-04 10:35:57]	就义 vi->v
[2019-03-04 10:35:57]	先后 d->ad
[2019-03-04 10:35:57]	想像 v->vd
[2019-03-04 10:35:57]	小寒 t->nz
[2019-03-04 10:35:57]	小满 t->nz
[2019-03-04 10:35:57]	新词 n->nl
[2019-03-04 10:35:57]	往时 t->tg
[2019-03-04 10:35:57]	意旨 n->nl
[2019-03-04 10:35:57]	图章 n->nz
[2019-03-04 10:35:57]	正好 z->tg
[2019-03-04 10:35:57]	正理 n->nl
[2019-03-04 10:35:57]	对证 vn->n
[2019-03-04 10:35:57]	中档 b->nl
[2019-03-04 10:35:57]	我方 r->n
[2019-03-04 10:35:57]	自修 v->vl
[2019-03-04 10:35:57]	才能 n->v
[2019-03-04 10:35:57]	秒钟 n->q
[2019-03-04 10:35:57]	火烧 n->v
[2019-03-04 10:35:57]	大路 n->nz
[2019-03-04 10:35:57]	自力 n->nz
[2019-03-04 10:35:57]	女星 n->nl
[2019-03-04 10:35:57]	申请人 n->nl
[2019-03-04 10:35:57]	美女 n->nl
[2019-03-04 10:35:57]	联系人 n->nl
[2019-03-04 10:35:57]	便条 n->nl
[2019-03-04 10:35:57]	中农 n->nl
[2019-03-04 10:35:57]	人道 n->nl
[2019-03-04 10:35:57]	资本家 n->nl
[2019-03-04 10:35:57]	水车 n->nl
[2019-03-04 10:35:57]	马戏 n->nl
[2019-03-04 10:35:57]	除数 n->nz
[2019-03-04 10:35:57]	周长 n->nz
[2019-03-04 10:35:57]	小数 n->nz
[2019-03-04 10:35:57]	经线 n->nz
[2019-03-04 10:35:57]	副手 n->nz
[2019-03-04 10:35:57]	三角 n->ns
[2019-03-04 10:35:57]	切线 n->nz
[2019-03-04 10:35:57]	本着 p->nl
[2019-03-04 10:35:57]	报到 vi->v
[2019-03-04 10:35:57]	不够 a->n
[2019-03-04 10:35:57]	不满 a->v
[2019-03-04 10:35:57]	不同 a->ad
[2019-03-04 10:35:57]	大使 n->nl
[2019-03-04 10:35:57]	对应 vi->v
[2019-03-04 10:35:57]	海带 n->nl
[2019-03-04 10:35:57]	后天 n->t
[2019-03-04 10:35:57]	回家 vi->v
[2019-03-04 10:35:57]	开关 n->v
[2019-03-04 10:35:57]	完了 vi->n
[2019-03-04 10:35:57]	没用 a->v
[2019-03-04 10:35:57]	难听 a->v
[2019-03-04 10:35:57]	暖和 a->ad
[2019-03-04 10:35:57]	排比 n->nz
[2019-03-04 10:35:57]	前天 n->t
[2019-03-04 10:35:57]	上当 vi->v
[2019-03-04 10:35:57]	受不了 al->n
[2019-03-04 10:35:57]	从而 c->cc
[2019-03-04 10:35:57]	图像 n->nl
[2019-03-04 10:35:57]	脱钩 vi->v
[2019-03-04 10:35:57]	周到 a->an
[2019-03-04 10:35:57]	等同 vd->v
[2019-03-04 10:35:57]	有用 a->n
[2019-03-04 10:35:57]	再见 vi->v
[2019-03-04 10:35:57]	有时候 d->n
[2019-03-04 10:35:57]	由此 d->n
[2019-03-04 10:35:57]	有余 m->v
[2019-03-04 10:35:57]	请愿 vi->vn
[2019-03-04 10:35:57]	内在 b->n
[2019-03-04 10:35:57]	不好 a->n
[2019-03-04 10:35:57]	共命运 vl->nl
[2019-03-04 10:35:57]	小于 nr->v
[2019-03-04 10:35:57]	大人 n->nl
[2019-03-04 10:35:57]	乘法 n->nl
[2019-03-04 10:35:57]	对手 n->nl
[2019-03-04 10:35:57]	对方 n->nl
[2019-03-04 10:35:57]	成人 n->nl
[2019-03-04 10:35:57]	所在 n->nl
[2019-03-04 10:35:57]	全年 n->nl
[2019-03-04 10:35:57]	年轻人 n->nl
[2019-03-04 10:35:57]	双手 n->nl
[2019-03-04 10:35:57]	亮点 n->nl
[2019-03-04 10:35:57]	所长 n->nl
[2019-03-04 10:35:57]	天下 n->nl
[2019-03-04 10:35:57]	先人 n->nl
[2019-03-04 10:35:57]	正常人 n->nl
[2019-03-04 10:35:57]	好人 n->nl
[2019-03-04 10:35:57]	国家队 n->nl
[2019-03-04 10:35:57]	党派 n->nl
[2019-03-04 10:35:57]	乘方 n->nl
[2019-03-04 10:35:57]	嗨 e->nl
[2019-03-04 10:35:57]	个人 n->nl
[2019-03-04 10:35:57]	整年 d->n
[2019-03-04 10:35:57]	有声 b->n
[2019-03-04 10:35:57]	新增 v->n
[2019-03-04 10:50:20]	本分 a->n
[2019-03-04 10:50:20]	按时 d->n
[2019-03-04 10:50:20]	一定 b->n
[2019-03-04 10:50:20]	不结盟 vi->n
[2019-03-04 10:50:20]	不是 c->n
[2019-03-04 10:50:20]	不能 v->n
[2019-03-04 10:50:20]	不会 v->n
[2019-03-04 10:50:20]	出血 vi->n
[2019-03-04 10:50:20]	打的 v->n
[2019-03-04 10:50:20]	除外 vi->n
[2019-03-04 10:50:20]	春分 t->n
[2019-03-04 10:50:20]	从宽 d->n
[2019-03-04 10:50:20]	从重 d->n
[2019-03-04 10:50:20]	搭建 v->n
[2019-03-04 10:50:20]	大寒 t->n
[2019-03-04 10:50:20]	当面 d->n
[2019-03-04 10:50:20]	会话 v->n
[2019-03-04 10:50:20]	分米 q->n
[2019-03-04 10:50:20]	次要 b->n
[2019-03-04 10:50:20]	成心 d->n
[2019-03-04 10:50:20]	一齐 d->n
[2019-03-04 10:50:20]	还账 v->n
[2019-03-04 10:50:20]	不准 v->n
[2019-03-04 10:50:20]	看不起 v->n
[2019-03-04 10:50:20]	看得起 v->n
[2019-03-04 10:50:20]	小产 v->n
[2019-03-04 10:50:20]	天天 d->n
[2019-03-04 10:50:20]	起名 vi->n
[2019-03-04 10:50:20]	上税 v->n
[2019-03-04 10:50:20]	他俩 r->n
[2019-03-04 10:50:20]	千米 q->n
[2019-03-04 10:50:20]	是不是 v->n
[2019-03-04 10:50:20]	禁不起 v->n
[2019-03-04 10:50:20]	先后 d->n
[2019-03-04 10:50:20]	小便 v->n
[2019-03-04 10:50:20]	小满 t->n
[2019-03-04 10:50:20]	吃药 v->n
[2019-03-04 10:50:20]	一元 b->n
[2019-03-04 10:50:20]	正好 z->n
[2019-03-04 10:50:20]	对证 vn->n
[2019-03-04 10:50:20]	中档 b->n
[2019-03-04 10:50:20]	自修 v->n
[2019-03-04 10:50:20]	到底 d->n
[2019-03-04 10:50:20]	和缓 a->n
[2019-03-04 10:50:20]	人为 b->n
[2019-03-04 10:50:20]	长达 v->n
[2019-03-04 10:50:20]	上流 b->n
[2019-03-04 10:50:20]	喜好 an->n
[2019-03-04 10:50:20]	从中 d->n
[2019-03-04 10:50:20]	各人 rr->n
[2019-03-04 10:50:20]	中选 vi->n
[2019-03-04 10:50:20]	各处 rzs->n
[2019-03-04 10:50:20]	四处 d->n
[2019-03-04 10:50:20]	上岸 vi->n
[2019-03-04 10:50:20]	拨打 v->n
[2019-03-04 10:50:20]	大跌 v->n
[2019-03-04 10:50:20]	好多 m->n
[2019-03-04 10:50:20]	下学 v->n
[2019-03-04 10:50:20]	不合 v->n
[2019-03-04 10:50:20]	高等 b->n
[2019-03-04 10:50:20]	老大 a->n
[2019-03-04 10:50:20]	还给 v->n
[2019-03-04 10:50:20]	对等 vi->n
[2019-03-04 10:50:20]	有心 v->n
[2019-03-04 10:50:20]	真的 a->n
[2019-03-04 10:50:20]	大喊 v->n
[2019-03-04 10:50:20]	总会 d->n
[2019-03-04 10:50:20]	该死 vi->n
[2019-03-04 10:50:20]	一口气 d->n
[2019-03-04 10:50:20]	小气 a->n
[2019-03-04 10:50:20]	论说 vn->n
[2019-03-04 10:50:20]	中意 a->n
[2019-03-04 10:50:20]	生分 a->n
[2019-03-04 10:50:20]	内蒙古自治区 ns->n
[2019-03-04 10:50:20]	年间 f->n
[2019-03-04 10:50:20]	和暖 a->n
[2019-03-04 10:50:20]	省钱 a->n
[2019-03-04 10:50:20]	单方面 b->n
[2019-03-04 10:50:20]	早起 vi->n
[2019-03-04 10:50:20]	签定 v->n
[2019-03-04 10:50:20]	凡间 s->n
[2019-03-04 10:50:20]	就是 c->n
[2019-03-04 10:50:20]	便是 v->n
[2019-03-04 10:50:20]	国都 d->n
[2019-03-04 10:50:20]	首次 m->n
[2019-03-04 10:50:20]	睡着 v->n
[2019-03-04 10:50:20]	了得 a->n
[2019-03-04 10:50:20]	西藏自治区 ns->n
[2019-03-04 10:50:20]	想像 v->n
[2019-03-04 10:50:20]	好在 d->n
[2019-03-04 10:50:20]	往时 t->n
[2019-03-04 10:50:20]	争抢 v->n
[2019-03-04 10:50:20]	正在 d->n
[2019-03-04 10:50:20]	我方 r->n
[2019-03-04 10:50:20]	多功能 b->n
[2019-03-04 10:50:20]	黑白 b->n
[2019-03-04 10:50:20]	南北 f->n
[2019-03-04 10:50:20]	干什么 r->n
[2019-03-04 10:50:20]	不断 d->n
[2019-03-04 10:50:20]	同呼吸 vl->n
[2019-03-04 10:50:20]	日间 t->n
[2019-03-04 10:50:20]	还是 c->n
[2019-03-04 10:50:20]	有点 d->n
[2019-03-04 10:50:20]	下流 a->n
[2019-03-04 10:50:20]	怎么办 ryv->n
[2019-03-04 10:50:20]	您好 nl->n
[2019-03-04 10:50:20]	你好 vl->n
[2019-03-04 10:50:20]	交售 v->n
[2019-03-04 10:50:20]	找到 v->n
[2019-03-04 10:50:20]	从来 d->n
[2019-03-04 10:50:20]	约分 v->n
[2019-03-04 10:50:20]	正数 v->n
[2019-03-04 10:50:20]	他人 rr->n
[2019-03-04 10:50:20]	不论 c->n
[2019-03-04 10:50:20]	不管 c->n
[2019-03-04 10:50:20]	出事 vi->n
[2019-03-04 10:50:20]	从此 d->n
[2019-03-04 10:50:20]	当时 t->n
[2019-03-04 10:50:20]	对话 vi->n
[2019-03-04 10:50:20]	吃饭 vi->n
[2019-03-04 10:50:20]	更新 v->n
[2019-03-04 10:50:20]	讲课 vi->n
[2019-03-04 10:50:20]	尽心 a->n
[2019-03-04 10:50:20]	立方 q->n
[2019-03-04 10:50:20]	没关系 vl->n
[2019-03-04 10:50:20]	遍地 vd->n
[2019-03-04 10:50:20]	开车 vi->n
[2019-03-04 10:50:20]	因此 c->n
[2019-03-04 10:50:20]	将来 t->n
[2019-03-04 10:50:20]	以前 f->n
[2019-03-04 10:50:20]	先前 t->n
[2019-03-04 10:50:20]	早上 t->n
[2019-03-04 10:50:20]	正月 t->n
[2019-03-04 10:50:20]	难看 a->n
[2019-03-04 10:50:20]	对头 a->n
[2019-03-04 10:50:20]	正当 a->n
[2019-03-04 10:50:20]	不容 v->n
[2019-03-04 10:50:20]	出手 vi->n
[2019-03-04 10:50:20]	着手 v->n
[2019-03-04 10:50:20]	不错 a->n
[2019-03-04 10:50:20]	不便 a->n
[2019-03-04 10:50:20]	得手 a->n
[2019-03-04 10:50:20]	说话 vi->n
[2019-03-04 10:50:20]	特等 b->n
[2019-03-04 10:50:20]	住手 vi->n
[2019-03-04 10:50:20]	共事 vi->n
[2019-03-04 10:50:20]	从前 t->n
[2019-03-04 10:50:20]	已往 t->n
[2019-03-04 10:50:20]	低下 a->n
[2019-03-04 10:50:20]	当中 f->n
[2019-03-04 10:50:20]	不易 a->n
[2019-03-04 10:50:20]	不可 d->n
[2019-03-04 10:50:20]	至此 d->n
[2019-03-04 10:50:20]	不顾 v->n
[2019-03-04 10:50:20]	正派 a->n
[2019-03-04 10:50:20]	不然 a->n
[2019-03-04 10:50:20]	某人 rr->n
[2019-03-04 10:50:20]	一角 n->v
[2019-03-04 10:50:20]	除外 vi->v
[2019-03-04 10:50:20]	爱人 n->nz
[2019-03-04 10:50:20]	把手 n->nz
[2019-03-04 10:50:20]	靠山 n->nz
[2019-03-04 10:50:20]	不行 a->v
[2019-03-04 10:50:20]	不能 v->vi
[2019-03-04 10:50:20]	不会 v->vi
[2019-03-04 10:50:20]	车号 n->nz
[2019-03-04 10:50:20]	同党 n->nz
[2019-03-04 10:50:20]	打的 v->vi
[2019-03-04 10:50:20]	除法 n->nz
[2019-03-04 10:50:20]	从重 d->v
[2019-03-04 10:50:20]	搭建 v->vd
[2019-03-04 10:50:20]	四处 d->vi
[2019-03-04 10:50:20]	拨打 v->vd
[2019-03-04 10:50:20]	大跌 v->vn
[2019-03-04 10:50:20]	会话 v->vn
[2019-03-04 10:50:20]	要领 n->nz
[2019-03-04 10:50:20]	下学 v->vd
[2019-03-04 10:50:20]	分号 n->nz
[2019-03-04 10:50:20]	不合 v->n
[2019-03-04 10:50:20]	高等 b->a
[2019-03-04 10:50:20]	还给 v->vd
[2019-03-04 10:50:20]	有心 v->vd
[2019-03-04 10:50:20]	说法 n->nz
[2019-03-04 10:50:20]	大喊 v->vd
[2019-03-04 10:50:20]	好多 m->a
[2019-03-04 10:50:20]	大奖 n->nz
[2019-03-04 10:50:20]	无礼 a->ad
[2019-03-04 10:50:20]	看不起 v->vn
[2019-03-04 10:50:20]	看得起 v->vn
[2019-03-04 10:50:20]	理事 n->nz
[2019-03-04 10:50:20]	本心 n->nl
[2019-03-04 10:50:20]	论说 vn->vl
[2019-03-04 10:50:20]	他俩 r->n
[2019-03-04 10:50:20]	江米 n->nz
[2019-03-04 10:50:20]	千米 q->qv
[2019-03-04 10:50:20]	签定 v->vn
[2019-03-04 10:50:20]	好天 n->nz
[2019-03-04 10:50:20]	日食 n->nz
[2019-03-04 10:50:20]	是不是 v->vd
[2019-03-04 10:50:20]	手指 n->nz
[2019-03-04 10:50:20]	睡着 v->vd
[2019-03-04 10:50:20]	大小 n->nz
[2019-03-04 10:50:20]	了得 a->ad
[2019-03-04 10:50:20]	问号 n->nz
[2019-03-04 10:50:20]	西藏自治区 ns->nz
[2019-03-04 10:50:20]	小便 v->vi
[2019-03-04 10:50:20]	好在 d->v
[2019-03-04 10:50:20]	双眼 n->nz
[2019-03-04 10:50:20]	一元 b->nz
[2019-03-04 10:50:20]	引号 n->nz
[2019-03-04 10:50:20]	像片 n->nz
[2019-03-04 10:50:20]	争抢 v->vd
[2019-03-04 10:50:20]	小我 n->nz
[2019-03-04 10:50:20]	文字 n->nz
[2019-03-04 10:50:20]	部分 m->n
[2019-03-04 10:50:20]	别名 n->nz
[2019-03-04 10:50:20]	和缓 a->ad
[2019-03-04 10:50:20]	按时 d->ad
[2019-03-04 10:50:20]	春分 t->n
[2019-03-04 10:50:20]	知了 n->nz
[2019-03-04 10:50:20]	车次 n->nz
[2019-03-04 10:50:20]	大寒 t->nz
[2019-03-04 10:50:20]	大料 n->nz
[2019-03-04 10:50:20]	当面 d->n
[2019-03-04 10:50:20]	上岸 vi->v
[2019-03-04 10:50:20]	对仗 n->nz
[2019-03-04 10:50:20]	分米 q->qt
[2019-03-04 10:50:20]	副词 n->nz
[2019-03-04 10:50:20]	次要 b->bl
[2019-03-04 10:50:20]	成心 d->v
[2019-03-04 10:50:20]	还账 v->vi
[2019-03-04 10:50:20]	该死 vi->v
[2019-03-04 10:50:20]	长项 n->nz
[2019-03-04 10:50:20]	借条 n->nz
[2019-03-04 10:50:20]	买家 n->nz
[2019-03-04 10:50:20]	天车 n->nz
[2019-03-04 10:50:20]	东家 n->nz
[2019-03-04 10:50:20]	小气 a->ad
[2019-03-04 10:50:20]	小产 v->vi
[2019-03-04 10:50:20]	起名 vi->v
[2019-03-04 10:50:20]	生分 a->ad
[2019-03-04 10:50:20]	上税 v->vi
[2019-03-04 10:50:20]	内蒙古自治区 ns->nz
[2019-03-04 10:50:20]	拟人 n->nz
[2019-03-04 10:50:20]	年岁 n->nl
[2019-03-04 10:50:20]	年事 n->nl
[2019-03-04 10:50:20]	身段 n->nz
[2019-03-04 10:50:20]	凡间 s->n
[2019-03-04 10:50:20]	便是 v->vd
[2019-03-04 10:50:20]	收条 n->nz
[2019-03-04 10:50:20]	禁不起 v->vd
[2019-03-04 10:50:20]	书册 n->nl
[2019-03-04 10:50:20]	水笔 n->nz
[2019-03-04 10:50:20]	时价 n->nl
[2019-03-04 10:50:20]	就义 vi->v
[2019-03-04 10:50:20]	先后 d->ad
[2019-03-04 10:50:20]	想像 v->vd
[2019-03-04 10:50:20]	小寒 t->nz
[2019-03-04 10:50:20]	小满 t->nz
[2019-03-04 10:50:20]	新词 n->nl
[2019-03-04 10:50:20]	往时 t->tg
[2019-03-04 10:50:20]	意旨 n->nl
[2019-03-04 10:50:20]	图章 n->nz
[2019-03-04 10:50:20]	正好 z->tg
[2019-03-04 10:50:20]	正理 n->nl
[2019-03-04 10:50:20]	对证 vn->n
[2019-03-04 10:50:20]	中档 b->nl
[2019-03-04 10:50:20]	我方 r->n
[2019-03-04 10:50:20]	自修 v->vl
[2019-03-04 10:50:20]	才能 n->v
[2019-03-04 10:50:20]	秒钟 n->q
[2019-03-04 10:50:20]	火烧 n->v
[2019-03-04 10:50:20]	大路 n->nz
[2019-03-04 10:50:20]	自力 n->nz
[2019-03-04 10:50:20]	女星 n->nl
[2019-03-04 10:50:20]	申请人 n->nl
[2019-03-04 10:50:20]	美女 n->nl
[2019-03-04 10:50:20]	联系人 n->nl
[2019-03-04 10:50:20]	便条 n->nl
[2019-03-04 10:50:20]	中农 n->nl
[2019-03-04 10:50:20]	人道 n->nl
[2019-03-04 10:50:20]	资本家 n->nl
[2019-03-04 10:50:20]	水车 n->nl
[2019-03-04 10:50:20]	马戏 n->nl
[2019-03-04 10:50:20]	除数 n->nz
[2019-03-04 10:50:20]	周长 n->nz
[2019-03-04 10:50:20]	小数 n->nz
[2019-03-04 10:50:20]	经线 n->nz
[2019-03-04 10:50:20]	副手 n->nz
[2019-03-04 10:50:20]	三角 n->ns
[2019-03-04 10:50:20]	切线 n->nz
[2019-03-04 10:50:20]	本着 p->nl
[2019-03-04 10:50:20]	报到 vi->v
[2019-03-04 10:50:20]	不够 a->n
[2019-03-04 10:50:20]	不满 a->v
[2019-03-04 10:50:20]	不同 a->ad
[2019-03-04 10:50:20]	大使 n->nl
[2019-03-04 10:50:20]	对应 vi->v
[2019-03-04 10:50:20]	海带 n->nl
[2019-03-04 10:50:20]	后天 n->t
[2019-03-04 10:50:20]	回家 vi->v
[2019-03-04 10:50:20]	开关 n->v
[2019-03-04 10:50:20]	完了 vi->n
[2019-03-04 10:50:20]	没用 a->v
[2019-03-04 10:50:20]	难听 a->v
[2019-03-04 10:50:20]	暖和 a->ad
[2019-03-04 10:50:20]	排比 n->nz
[2019-03-04 10:50:20]	前天 n->t
[2019-03-04 10:50:20]	上当 vi->v
[2019-03-04 10:50:20]	受不了 al->n
[2019-03-04 10:50:20]	从而 c->cc
[2019-03-04 10:50:20]	图像 n->nl
[2019-03-04 10:50:20]	脱钩 vi->v
[2019-03-04 10:50:20]	周到 a->an
[2019-03-04 10:50:20]	等同 vd->v
[2019-03-04 10:50:20]	有用 a->n
[2019-03-04 10:50:20]	再见 vi->v
[2019-03-04 10:50:20]	有时候 d->n
[2019-03-04 10:50:20]	由此 d->n
[2019-03-04 10:50:20]	有余 m->v
[2019-03-04 10:50:20]	请愿 vi->vn
[2019-03-04 10:50:20]	内在 b->n
[2019-03-04 10:50:20]	不好 a->n
[2019-03-04 10:50:20]	共命运 vl->nl
[2019-03-04 10:50:20]	小于 nr->v
[2019-03-04 10:50:20]	大人 n->nl
[2019-03-04 10:50:20]	乘法 n->nl
[2019-03-04 10:50:20]	对手 n->nl
[2019-03-04 10:50:20]	对方 n->nl
[2019-03-04 10:50:20]	成人 n->nl
[2019-03-04 10:50:20]	所在 n->nl
[2019-03-04 10:50:20]	全年 n->nl
[2019-03-04 10:50:20]	年轻人 n->nl
[2019-03-04 10:50:20]	双手 n->nl
[2019-03-04 10:50:20]	亮点 n->nl
[2019-03-04 10:50:20]	所长 n->nl
[2019-03-04 10:50:20]	天下 n->nl
[2019-03-04 10:50:20]	先人 n->nl
[2019-03-04 10:50:20]	正常人 n->nl
[2019-03-04 10:50:20]	好人 n->nl
[2019-03-04 10:50:20]	国家队 n->nl
[2019-03-04 10:50:20]	党派 n->nl
[2019-03-04 10:50:20]	乘方 n->nl
[2019-03-04 10:50:20]	嗨 e->nl
[2019-03-04 10:50:20]	个人 n->nl
[2019-03-04 10:50:20]	整年 d->n
[2019-03-04 10:50:20]	有声 b->n
[2019-03-04 10:50:20]	新增 v->n
