[2019-02-15 08:55:39]	本分 a->n
[2019-02-15 08:55:39]	按时 d->n
[2019-02-15 08:55:39]	一定 b->n
[2019-02-15 08:55:39]	不结盟 vi->n
[2019-02-15 08:55:39]	不是 c->n
[2019-02-15 08:55:39]	不能 v->n
[2019-02-15 08:55:39]	不会 v->n
[2019-02-15 08:55:39]	出血 vi->n
[2019-02-15 08:55:39]	打的 v->n
[2019-02-15 08:55:39]	除外 vi->n
[2019-02-15 08:55:39]	春分 t->n
[2019-02-15 08:55:39]	从宽 d->n
[2019-02-15 08:55:39]	从重 d->n
[2019-02-15 08:55:39]	搭建 v->n
[2019-02-15 08:55:39]	大寒 t->n
[2019-02-15 08:55:39]	当面 d->n
[2019-02-15 08:55:39]	会话 v->n
[2019-02-15 08:55:39]	分米 q->n
[2019-02-15 08:55:39]	次要 b->n
[2019-02-15 08:55:39]	成心 d->n
[2019-02-15 08:55:39]	一齐 d->n
[2019-02-15 08:55:39]	还账 v->n
[2019-02-15 08:55:39]	不准 v->n
[2019-02-15 08:55:39]	看不起 v->n
[2019-02-15 08:55:39]	看得起 v->n
[2019-02-15 08:55:39]	小产 v->n
[2019-02-15 08:55:39]	天天 d->n
[2019-02-15 08:55:39]	起名 vi->n
[2019-02-15 08:55:39]	上税 v->n
[2019-02-15 08:55:39]	他俩 r->n
[2019-02-15 08:55:39]	千米 q->n
[2019-02-15 08:55:39]	是不是 v->n
[2019-02-15 08:55:39]	禁不起 v->n
[2019-02-15 08:55:39]	先后 d->n
[2019-02-15 08:55:39]	小便 v->n
[2019-02-15 08:55:39]	小满 t->n
[2019-02-15 08:55:39]	吃药 v->n
[2019-02-15 08:55:39]	一元 b->n
[2019-02-15 08:55:39]	正好 z->n
[2019-02-15 08:55:39]	对证 vn->n
[2019-02-15 08:55:39]	中档 b->n
[2019-02-15 08:55:39]	自修 v->n
[2019-02-15 08:55:39]	到底 d->n
[2019-02-15 08:55:39]	和缓 a->n
[2019-02-15 08:55:39]	人为 b->n
[2019-02-15 08:55:39]	长达 v->n
[2019-02-15 08:55:39]	上流 b->n
[2019-02-15 08:55:39]	喜好 an->n
[2019-02-15 08:55:39]	从中 d->n
[2019-02-15 08:55:39]	各人 rr->n
[2019-02-15 08:55:39]	中选 vi->n
[2019-02-15 08:55:39]	各处 rzs->n
[2019-02-15 08:55:39]	四处 d->n
[2019-02-15 08:55:39]	上岸 vi->n
[2019-02-15 08:55:39]	拨打 v->n
[2019-02-15 08:55:39]	大跌 v->n
[2019-02-15 08:55:39]	好多 m->n
[2019-02-15 08:55:39]	下学 v->n
[2019-02-15 08:55:39]	不合 v->n
[2019-02-15 08:55:39]	高等 b->n
[2019-02-15 08:55:39]	老大 a->n
[2019-02-15 08:55:39]	还给 v->n
[2019-02-15 08:55:39]	对等 vi->n
[2019-02-15 08:55:39]	有心 v->n
[2019-02-15 08:55:39]	真的 a->n
[2019-02-15 08:55:39]	大喊 v->n
[2019-02-15 08:55:39]	总会 d->n
[2019-02-15 08:55:39]	该死 vi->n
[2019-02-15 08:55:39]	一口气 d->n
[2019-02-15 08:55:39]	小气 a->n
[2019-02-15 08:55:39]	论说 vn->n
[2019-02-15 08:55:39]	中意 a->n
[2019-02-15 08:55:39]	生分 a->n
[2019-02-15 08:55:39]	内蒙古自治区 ns->n
[2019-02-15 08:55:39]	年间 f->n
[2019-02-15 08:55:39]	和暖 a->n
[2019-02-15 08:55:39]	省钱 a->n
[2019-02-15 08:55:39]	单方面 b->n
[2019-02-15 08:55:39]	早起 vi->n
[2019-02-15 08:55:39]	签定 v->n
[2019-02-15 08:55:39]	凡间 s->n
[2019-02-15 08:55:39]	就是 c->n
[2019-02-15 08:55:39]	便是 v->n
[2019-02-15 08:55:39]	国都 d->n
[2019-02-15 08:55:39]	首次 m->n
[2019-02-15 08:55:39]	睡着 v->n
[2019-02-15 08:55:39]	了得 a->n
[2019-02-15 08:55:39]	西藏自治区 ns->n
[2019-02-15 08:55:39]	想像 v->n
[2019-02-15 08:55:39]	好在 d->n
[2019-02-15 08:55:39]	往时 t->n
[2019-02-15 08:55:39]	争抢 v->n
[2019-02-15 08:55:39]	正在 d->n
[2019-02-15 08:55:39]	我方 r->n
[2019-02-15 08:55:39]	多功能 b->n
[2019-02-15 08:55:39]	黑白 b->n
[2019-02-15 08:55:39]	南北 f->n
[2019-02-15 08:55:39]	干什么 r->n
[2019-02-15 08:55:39]	不断 d->n
[2019-02-15 08:55:39]	同呼吸 vl->n
[2019-02-15 08:55:39]	日间 t->n
[2019-02-15 08:55:39]	还是 c->n
[2019-02-15 08:55:39]	有点 d->n
[2019-02-15 08:55:39]	下流 a->n
[2019-02-15 08:55:39]	怎么办 ryv->n
[2019-02-15 08:55:39]	您好 nl->n
[2019-02-15 08:55:39]	你好 vl->n
[2019-02-15 08:55:39]	交售 v->n
[2019-02-15 08:55:39]	找到 v->n
[2019-02-15 08:55:39]	从来 d->n
[2019-02-15 08:55:39]	约分 v->n
[2019-02-15 08:55:39]	正数 v->n
[2019-02-15 08:55:39]	本着 p->nl
[2019-02-15 08:55:39]	一角 n->v
[2019-02-15 08:55:39]	除外 vi->v
[2019-02-15 08:55:39]	爱人 n->nz
[2019-02-15 08:55:39]	把手 n->nz
[2019-02-15 08:55:39]	靠山 n->nz
[2019-02-15 08:55:39]	不行 a->v
[2019-02-15 08:55:39]	不能 v->vi
[2019-02-15 08:55:39]	不会 v->vi
[2019-02-15 08:55:39]	车号 n->nz
[2019-02-15 08:55:39]	同党 n->nz
[2019-02-15 08:55:39]	打的 v->vi
[2019-02-15 08:55:39]	除法 n->nz
[2019-02-15 08:55:39]	从重 d->v
[2019-02-15 08:55:39]	搭建 v->vd
[2019-02-15 08:55:39]	四处 d->vi
[2019-02-15 08:55:39]	拨打 v->vd
[2019-02-15 08:55:39]	大跌 v->vn
[2019-02-15 08:55:39]	会话 v->vn
[2019-02-15 08:55:39]	要领 n->nz
[2019-02-15 08:55:39]	下学 v->vd
[2019-02-15 08:55:39]	分号 n->nz
[2019-02-15 08:55:39]	不合 v->n
[2019-02-15 08:55:39]	高等 b->a
[2019-02-15 08:55:39]	还给 v->vd
[2019-02-15 08:55:39]	有心 v->vd
[2019-02-15 08:55:39]	说法 n->nz
[2019-02-15 08:55:39]	大喊 v->vd
[2019-02-15 08:55:39]	好多 m->a
[2019-02-15 08:55:39]	大奖 n->nz
[2019-02-15 08:55:39]	无礼 a->ad
[2019-02-15 08:55:39]	看不起 v->vn
[2019-02-15 08:55:39]	看得起 v->vn
[2019-02-15 08:55:39]	理事 n->nz
[2019-02-15 08:55:39]	本心 n->nl
[2019-02-15 08:55:39]	论说 vn->vl
[2019-02-15 08:55:39]	他俩 r->n
[2019-02-15 08:55:39]	江米 n->nz
[2019-02-15 08:55:39]	千米 q->qv
[2019-02-15 08:55:39]	签定 v->vn
[2019-02-15 08:55:39]	好天 n->nz
[2019-02-15 08:55:39]	日食 n->nz
[2019-02-15 08:55:39]	是不是 v->vd
[2019-02-15 08:55:39]	手指 n->nz
[2019-02-15 08:55:39]	睡着 v->vd
[2019-02-15 08:55:39]	大小 n->nz
[2019-02-15 08:55:39]	了得 a->ad
[2019-02-15 08:55:39]	问号 n->nz
[2019-02-15 08:55:39]	西藏自治区 ns->nz
[2019-02-15 08:55:39]	小便 v->vi
[2019-02-15 08:55:39]	好在 d->v
[2019-02-15 08:55:39]	双眼 n->nz
[2019-02-15 08:55:39]	一元 b->nz
[2019-02-15 08:55:39]	引号 n->nz
[2019-02-15 08:55:39]	像片 n->nz
[2019-02-15 08:55:39]	争抢 v->vd
[2019-02-15 08:55:39]	小我 n->nz
[2019-02-15 08:55:39]	文字 n->nz
[2019-02-15 08:55:39]	部分 m->n
[2019-02-15 08:55:39]	别名 n->nz
[2019-02-15 08:55:39]	和缓 a->ad
[2019-02-15 08:55:39]	按时 d->ad
[2019-02-15 08:55:39]	春分 t->n
[2019-02-15 08:55:39]	知了 n->nz
[2019-02-15 08:55:39]	车次 n->nz
[2019-02-15 08:55:39]	大寒 t->nz
[2019-02-15 08:55:39]	大料 n->nz
[2019-02-15 08:55:39]	当面 d->n
[2019-02-15 08:55:39]	上岸 vi->v
[2019-02-15 08:55:39]	对仗 n->nz
[2019-02-15 08:55:39]	分米 q->qt
[2019-02-15 08:55:39]	副词 n->nz
[2019-02-15 08:55:39]	次要 b->bl
[2019-02-15 08:55:39]	成心 d->v
[2019-02-15 08:55:39]	还账 v->vi
[2019-02-15 08:55:39]	该死 vi->v
[2019-02-15 08:55:39]	长项 n->nz
[2019-02-15 08:55:39]	借条 n->nz
[2019-02-15 08:55:39]	买家 n->nz
[2019-02-15 08:55:39]	天车 n->nz
[2019-02-15 08:55:39]	东家 n->nz
[2019-02-15 08:55:39]	小气 a->ad
[2019-02-15 08:55:39]	小产 v->vi
[2019-02-15 08:55:39]	起名 vi->v
[2019-02-15 08:55:39]	生分 a->ad
[2019-02-15 08:55:39]	上税 v->vi
[2019-02-15 08:55:39]	内蒙古自治区 ns->nz
[2019-02-15 08:55:39]	拟人 n->nz
[2019-02-15 08:55:39]	年岁 n->nl
[2019-02-15 08:55:39]	年事 n->nl
[2019-02-15 08:55:39]	身段 n->nz
[2019-02-15 08:55:39]	凡间 s->n
[2019-02-15 08:55:39]	便是 v->vd
[2019-02-15 08:55:39]	收条 n->nz
[2019-02-15 08:55:39]	禁不起 v->vd
[2019-02-15 08:55:39]	书册 n->nl
[2019-02-15 08:55:39]	水笔 n->nz
[2019-02-15 08:55:39]	时价 n->nl
[2019-02-15 08:55:39]	就义 vi->v
[2019-02-15 08:55:39]	先后 d->ad
[2019-02-15 08:55:39]	想像 v->vd
[2019-02-15 08:55:39]	小寒 t->nz
[2019-02-15 08:55:39]	小满 t->nz
[2019-02-15 08:55:39]	新词 n->nl
[2019-02-15 08:55:39]	往时 t->tg
[2019-02-15 08:55:39]	意旨 n->nl
[2019-02-15 08:55:39]	图章 n->nz
[2019-02-15 08:55:39]	正好 z->tg
[2019-02-15 08:55:39]	正理 n->nl
[2019-02-15 08:55:39]	对证 vn->n
[2019-02-15 08:55:39]	中档 b->nl
[2019-02-15 08:55:39]	我方 r->n
[2019-02-15 08:55:39]	自修 v->vl
[2019-02-15 08:55:39]	才能 n->v
[2019-02-15 08:55:39]	秒钟 n->q
[2019-02-15 08:55:39]	火烧 n->v
[2019-02-15 08:55:39]	大路 n->nz
[2019-02-15 08:55:39]	自力 n->nz
[2019-02-15 08:55:39]	女星 n->nl
[2019-02-15 08:55:39]	申请人 n->nl
[2019-02-15 08:55:39]	美女 n->nl
[2019-02-15 08:55:39]	联系人 n->nl
[2019-02-15 08:55:39]	便条 n->nl
[2019-02-15 08:55:39]	中农 n->nl
[2019-02-15 08:55:39]	人道 n->nl
[2019-02-15 08:55:39]	资本家 n->nl
[2019-02-15 08:55:39]	水车 n->nl
[2019-02-15 08:55:39]	马戏 n->nl
[2019-02-15 08:55:39]	除数 n->nz
[2019-02-15 08:55:39]	周长 n->nz
[2019-02-15 08:55:39]	小数 n->nz
[2019-02-15 08:55:39]	经线 n->nz
[2019-02-15 08:55:39]	副手 n->nz
[2019-02-15 08:55:39]	三角 n->ns
[2019-02-15 08:55:39]	切线 n->nz
[2019-02-15 09:00:57]	本分 a->n
[2019-02-15 09:00:57]	按时 d->n
[2019-02-15 09:00:57]	一定 b->n
[2019-02-15 09:00:57]	不结盟 vi->n
[2019-02-15 09:00:57]	不是 c->n
[2019-02-15 09:00:57]	不能 v->n
[2019-02-15 09:00:57]	不会 v->n
[2019-02-15 09:00:57]	出血 vi->n
[2019-02-15 09:00:57]	打的 v->n
[2019-02-15 09:00:57]	除外 vi->n
[2019-02-15 09:00:57]	春分 t->n
[2019-02-15 09:00:57]	从宽 d->n
[2019-02-15 09:00:57]	从重 d->n
[2019-02-15 09:00:57]	搭建 v->n
[2019-02-15 09:00:57]	大寒 t->n
[2019-02-15 09:00:57]	当面 d->n
[2019-02-15 09:00:57]	会话 v->n
[2019-02-15 09:00:57]	分米 q->n
[2019-02-15 09:00:57]	次要 b->n
[2019-02-15 09:00:57]	成心 d->n
[2019-02-15 09:00:57]	一齐 d->n
[2019-02-15 09:00:57]	还账 v->n
[2019-02-15 09:00:57]	不准 v->n
[2019-02-15 09:00:57]	看不起 v->n
[2019-02-15 09:00:57]	看得起 v->n
[2019-02-15 09:00:57]	小产 v->n
[2019-02-15 09:00:57]	天天 d->n
[2019-02-15 09:00:57]	起名 vi->n
[2019-02-15 09:00:57]	上税 v->n
[2019-02-15 09:00:57]	他俩 r->n
[2019-02-15 09:00:57]	千米 q->n
[2019-02-15 09:00:57]	是不是 v->n
[2019-02-15 09:00:57]	禁不起 v->n
[2019-02-15 09:00:57]	先后 d->n
[2019-02-15 09:00:57]	小便 v->n
[2019-02-15 09:00:57]	小满 t->n
[2019-02-15 09:00:57]	吃药 v->n
[2019-02-15 09:00:57]	一元 b->n
[2019-02-15 09:00:57]	正好 z->n
[2019-02-15 09:00:57]	对证 vn->n
[2019-02-15 09:00:57]	中档 b->n
[2019-02-15 09:00:57]	自修 v->n
[2019-02-15 09:00:57]	到底 d->n
[2019-02-15 09:00:57]	和缓 a->n
[2019-02-15 09:00:57]	人为 b->n
[2019-02-15 09:00:57]	长达 v->n
[2019-02-15 09:00:57]	上流 b->n
[2019-02-15 09:00:57]	喜好 an->n
[2019-02-15 09:00:57]	从中 d->n
[2019-02-15 09:00:57]	各人 rr->n
[2019-02-15 09:00:57]	中选 vi->n
[2019-02-15 09:00:57]	各处 rzs->n
[2019-02-15 09:00:57]	四处 d->n
[2019-02-15 09:00:57]	上岸 vi->n
[2019-02-15 09:00:57]	拨打 v->n
[2019-02-15 09:00:57]	大跌 v->n
[2019-02-15 09:00:57]	好多 m->n
[2019-02-15 09:00:57]	下学 v->n
[2019-02-15 09:00:57]	不合 v->n
[2019-02-15 09:00:57]	高等 b->n
[2019-02-15 09:00:57]	老大 a->n
[2019-02-15 09:00:57]	还给 v->n
[2019-02-15 09:00:57]	对等 vi->n
[2019-02-15 09:00:57]	有心 v->n
[2019-02-15 09:00:57]	真的 a->n
[2019-02-15 09:00:57]	大喊 v->n
[2019-02-15 09:00:57]	总会 d->n
[2019-02-15 09:00:57]	该死 vi->n
[2019-02-15 09:00:57]	一口气 d->n
[2019-02-15 09:00:57]	小气 a->n
[2019-02-15 09:00:57]	论说 vn->n
[2019-02-15 09:00:57]	中意 a->n
[2019-02-15 09:00:57]	生分 a->n
[2019-02-15 09:00:57]	内蒙古自治区 ns->n
[2019-02-15 09:00:57]	年间 f->n
[2019-02-15 09:00:57]	和暖 a->n
[2019-02-15 09:00:57]	省钱 a->n
[2019-02-15 09:00:57]	单方面 b->n
[2019-02-15 09:00:57]	早起 vi->n
[2019-02-15 09:00:57]	签定 v->n
[2019-02-15 09:00:57]	凡间 s->n
[2019-02-15 09:00:57]	就是 c->n
[2019-02-15 09:00:57]	便是 v->n
[2019-02-15 09:00:57]	国都 d->n
[2019-02-15 09:00:57]	首次 m->n
[2019-02-15 09:00:57]	睡着 v->n
[2019-02-15 09:00:57]	了得 a->n
[2019-02-15 09:00:57]	西藏自治区 ns->n
[2019-02-15 09:00:57]	想像 v->n
[2019-02-15 09:00:57]	好在 d->n
[2019-02-15 09:00:57]	往时 t->n
[2019-02-15 09:00:57]	争抢 v->n
[2019-02-15 09:00:57]	正在 d->n
[2019-02-15 09:00:57]	我方 r->n
[2019-02-15 09:00:57]	多功能 b->n
[2019-02-15 09:00:57]	黑白 b->n
[2019-02-15 09:00:57]	南北 f->n
[2019-02-15 09:00:57]	干什么 r->n
[2019-02-15 09:00:57]	不断 d->n
[2019-02-15 09:00:57]	同呼吸 vl->n
[2019-02-15 09:00:57]	日间 t->n
[2019-02-15 09:00:57]	还是 c->n
[2019-02-15 09:00:57]	有点 d->n
[2019-02-15 09:00:57]	下流 a->n
[2019-02-15 09:00:57]	怎么办 ryv->n
[2019-02-15 09:00:57]	您好 nl->n
[2019-02-15 09:00:57]	你好 vl->n
[2019-02-15 09:00:57]	交售 v->n
[2019-02-15 09:00:57]	找到 v->n
[2019-02-15 09:00:57]	从来 d->n
[2019-02-15 09:00:57]	约分 v->n
[2019-02-15 09:00:57]	正数 v->n
[2019-02-15 09:00:57]	本着 p->nl
[2019-02-15 09:00:57]	一角 n->v
[2019-02-15 09:00:57]	除外 vi->v
[2019-02-15 09:00:57]	爱人 n->nz
[2019-02-15 09:00:57]	把手 n->nz
[2019-02-15 09:00:57]	靠山 n->nz
[2019-02-15 09:00:57]	不行 a->v
[2019-02-15 09:00:57]	不能 v->vi
[2019-02-15 09:00:57]	不会 v->vi
[2019-02-15 09:00:57]	车号 n->nz
[2019-02-15 09:00:57]	同党 n->nz
[2019-02-15 09:00:57]	打的 v->vi
[2019-02-15 09:00:57]	除法 n->nz
[2019-02-15 09:00:57]	从重 d->v
[2019-02-15 09:00:57]	搭建 v->vd
[2019-02-15 09:00:57]	四处 d->vi
[2019-02-15 09:00:57]	拨打 v->vd
[2019-02-15 09:00:57]	大跌 v->vn
[2019-02-15 09:00:57]	会话 v->vn
[2019-02-15 09:00:57]	要领 n->nz
[2019-02-15 09:00:57]	下学 v->vd
[2019-02-15 09:00:57]	分号 n->nz
[2019-02-15 09:00:57]	不合 v->n
[2019-02-15 09:00:57]	高等 b->a
[2019-02-15 09:00:57]	还给 v->vd
[2019-02-15 09:00:57]	有心 v->vd
[2019-02-15 09:00:57]	说法 n->nz
[2019-02-15 09:00:57]	大喊 v->vd
[2019-02-15 09:00:57]	好多 m->a
[2019-02-15 09:00:57]	大奖 n->nz
[2019-02-15 09:00:57]	无礼 a->ad
[2019-02-15 09:00:57]	看不起 v->vn
[2019-02-15 09:00:57]	看得起 v->vn
[2019-02-15 09:00:57]	理事 n->nz
[2019-02-15 09:00:57]	本心 n->nl
[2019-02-15 09:00:57]	论说 vn->vl
[2019-02-15 09:00:57]	他俩 r->n
[2019-02-15 09:00:57]	江米 n->nz
[2019-02-15 09:00:57]	千米 q->qv
[2019-02-15 09:00:57]	签定 v->vn
[2019-02-15 09:00:57]	好天 n->nz
[2019-02-15 09:00:57]	日食 n->nz
[2019-02-15 09:00:57]	是不是 v->vd
[2019-02-15 09:00:57]	手指 n->nz
[2019-02-15 09:00:57]	睡着 v->vd
[2019-02-15 09:00:57]	大小 n->nz
[2019-02-15 09:00:57]	了得 a->ad
[2019-02-15 09:00:57]	问号 n->nz
[2019-02-15 09:00:57]	西藏自治区 ns->nz
[2019-02-15 09:00:57]	小便 v->vi
[2019-02-15 09:00:57]	好在 d->v
[2019-02-15 09:00:57]	双眼 n->nz
[2019-02-15 09:00:57]	一元 b->nz
[2019-02-15 09:00:57]	引号 n->nz
[2019-02-15 09:00:57]	像片 n->nz
[2019-02-15 09:00:57]	争抢 v->vd
[2019-02-15 09:00:57]	小我 n->nz
[2019-02-15 09:00:57]	文字 n->nz
[2019-02-15 09:00:57]	部分 m->n
[2019-02-15 09:00:57]	别名 n->nz
[2019-02-15 09:00:57]	和缓 a->ad
[2019-02-15 09:00:57]	按时 d->ad
[2019-02-15 09:00:57]	春分 t->n
[2019-02-15 09:00:57]	知了 n->nz
[2019-02-15 09:00:57]	车次 n->nz
[2019-02-15 09:00:57]	大寒 t->nz
[2019-02-15 09:00:57]	大料 n->nz
[2019-02-15 09:00:57]	当面 d->n
[2019-02-15 09:00:57]	上岸 vi->v
[2019-02-15 09:00:57]	对仗 n->nz
[2019-02-15 09:00:57]	分米 q->qt
[2019-02-15 09:00:57]	副词 n->nz
[2019-02-15 09:00:57]	次要 b->bl
[2019-02-15 09:00:57]	成心 d->v
[2019-02-15 09:00:57]	还账 v->vi
[2019-02-15 09:00:57]	该死 vi->v
[2019-02-15 09:00:57]	长项 n->nz
[2019-02-15 09:00:57]	借条 n->nz
[2019-02-15 09:00:57]	买家 n->nz
[2019-02-15 09:00:57]	天车 n->nz
[2019-02-15 09:00:57]	东家 n->nz
[2019-02-15 09:00:57]	小气 a->ad
[2019-02-15 09:00:57]	小产 v->vi
[2019-02-15 09:00:57]	起名 vi->v
[2019-02-15 09:00:57]	生分 a->ad
[2019-02-15 09:00:57]	上税 v->vi
[2019-02-15 09:00:57]	内蒙古自治区 ns->nz
[2019-02-15 09:00:57]	拟人 n->nz
[2019-02-15 09:00:57]	年岁 n->nl
[2019-02-15 09:00:57]	年事 n->nl
[2019-02-15 09:00:57]	身段 n->nz
[2019-02-15 09:00:57]	凡间 s->n
[2019-02-15 09:00:57]	便是 v->vd
[2019-02-15 09:00:57]	收条 n->nz
[2019-02-15 09:00:57]	禁不起 v->vd
[2019-02-15 09:00:57]	书册 n->nl
[2019-02-15 09:00:57]	水笔 n->nz
[2019-02-15 09:00:57]	时价 n->nl
[2019-02-15 09:00:57]	就义 vi->v
[2019-02-15 09:00:57]	先后 d->ad
[2019-02-15 09:00:57]	想像 v->vd
[2019-02-15 09:00:57]	小寒 t->nz
[2019-02-15 09:00:57]	小满 t->nz
[2019-02-15 09:00:57]	新词 n->nl
[2019-02-15 09:00:57]	往时 t->tg
[2019-02-15 09:00:57]	意旨 n->nl
[2019-02-15 09:00:57]	图章 n->nz
[2019-02-15 09:00:57]	正好 z->tg
[2019-02-15 09:00:57]	正理 n->nl
[2019-02-15 09:00:57]	对证 vn->n
[2019-02-15 09:00:57]	中档 b->nl
[2019-02-15 09:00:57]	我方 r->n
[2019-02-15 09:00:57]	自修 v->vl
[2019-02-15 09:00:57]	才能 n->v
[2019-02-15 09:00:57]	秒钟 n->q
[2019-02-15 09:00:57]	火烧 n->v
[2019-02-15 09:00:57]	大路 n->nz
[2019-02-15 09:00:57]	自力 n->nz
[2019-02-15 09:00:57]	女星 n->nl
[2019-02-15 09:00:57]	申请人 n->nl
[2019-02-15 09:00:57]	美女 n->nl
[2019-02-15 09:00:57]	联系人 n->nl
[2019-02-15 09:00:57]	便条 n->nl
[2019-02-15 09:00:57]	中农 n->nl
[2019-02-15 09:00:57]	人道 n->nl
[2019-02-15 09:00:57]	资本家 n->nl
[2019-02-15 09:00:57]	水车 n->nl
[2019-02-15 09:00:57]	马戏 n->nl
[2019-02-15 09:00:57]	除数 n->nz
[2019-02-15 09:00:57]	周长 n->nz
[2019-02-15 09:00:57]	小数 n->nz
[2019-02-15 09:00:57]	经线 n->nz
[2019-02-15 09:00:57]	副手 n->nz
[2019-02-15 09:00:57]	三角 n->ns
[2019-02-15 09:00:57]	切线 n->nz
[2019-02-15 09:01:52]	本分 a->n
[2019-02-15 09:01:52]	按时 d->n
[2019-02-15 09:01:52]	一定 b->n
[2019-02-15 09:01:52]	不结盟 vi->n
[2019-02-15 09:01:52]	不是 c->n
[2019-02-15 09:01:52]	不能 v->n
[2019-02-15 09:01:52]	不会 v->n
[2019-02-15 09:01:52]	出血 vi->n
[2019-02-15 09:01:52]	打的 v->n
[2019-02-15 09:01:52]	除外 vi->n
[2019-02-15 09:01:52]	春分 t->n
[2019-02-15 09:01:52]	从宽 d->n
[2019-02-15 09:01:52]	从重 d->n
[2019-02-15 09:01:52]	搭建 v->n
[2019-02-15 09:01:52]	大寒 t->n
[2019-02-15 09:01:52]	当面 d->n
[2019-02-15 09:01:52]	会话 v->n
[2019-02-15 09:01:52]	分米 q->n
[2019-02-15 09:01:52]	次要 b->n
[2019-02-15 09:01:52]	成心 d->n
[2019-02-15 09:01:52]	一齐 d->n
[2019-02-15 09:01:52]	还账 v->n
[2019-02-15 09:01:52]	不准 v->n
[2019-02-15 09:01:52]	看不起 v->n
[2019-02-15 09:01:52]	看得起 v->n
[2019-02-15 09:01:52]	小产 v->n
[2019-02-15 09:01:52]	天天 d->n
[2019-02-15 09:01:52]	起名 vi->n
[2019-02-15 09:01:52]	上税 v->n
[2019-02-15 09:01:52]	他俩 r->n
[2019-02-15 09:01:52]	千米 q->n
[2019-02-15 09:01:52]	是不是 v->n
[2019-02-15 09:01:52]	禁不起 v->n
[2019-02-15 09:01:52]	先后 d->n
[2019-02-15 09:01:52]	小便 v->n
[2019-02-15 09:01:52]	小满 t->n
[2019-02-15 09:01:52]	吃药 v->n
[2019-02-15 09:01:52]	一元 b->n
[2019-02-15 09:01:52]	正好 z->n
[2019-02-15 09:01:52]	对证 vn->n
[2019-02-15 09:01:52]	中档 b->n
[2019-02-15 09:01:52]	自修 v->n
[2019-02-15 09:01:52]	到底 d->n
[2019-02-15 09:01:52]	和缓 a->n
[2019-02-15 09:01:52]	人为 b->n
[2019-02-15 09:01:52]	长达 v->n
[2019-02-15 09:01:52]	上流 b->n
[2019-02-15 09:01:52]	喜好 an->n
[2019-02-15 09:01:52]	从中 d->n
[2019-02-15 09:01:52]	各人 rr->n
[2019-02-15 09:01:52]	中选 vi->n
[2019-02-15 09:01:52]	各处 rzs->n
[2019-02-15 09:01:52]	四处 d->n
[2019-02-15 09:01:52]	上岸 vi->n
[2019-02-15 09:01:52]	拨打 v->n
[2019-02-15 09:01:52]	大跌 v->n
[2019-02-15 09:01:52]	好多 m->n
[2019-02-15 09:01:52]	下学 v->n
[2019-02-15 09:01:52]	不合 v->n
[2019-02-15 09:01:52]	高等 b->n
[2019-02-15 09:01:52]	老大 a->n
[2019-02-15 09:01:52]	还给 v->n
[2019-02-15 09:01:52]	对等 vi->n
[2019-02-15 09:01:52]	有心 v->n
[2019-02-15 09:01:52]	真的 a->n
[2019-02-15 09:01:52]	大喊 v->n
[2019-02-15 09:01:52]	总会 d->n
[2019-02-15 09:01:52]	该死 vi->n
[2019-02-15 09:01:52]	一口气 d->n
[2019-02-15 09:01:52]	小气 a->n
[2019-02-15 09:01:52]	论说 vn->n
[2019-02-15 09:01:52]	中意 a->n
[2019-02-15 09:01:52]	生分 a->n
[2019-02-15 09:01:52]	内蒙古自治区 ns->n
[2019-02-15 09:01:52]	年间 f->n
[2019-02-15 09:01:52]	和暖 a->n
[2019-02-15 09:01:52]	省钱 a->n
[2019-02-15 09:01:52]	单方面 b->n
[2019-02-15 09:01:52]	早起 vi->n
[2019-02-15 09:01:52]	签定 v->n
[2019-02-15 09:01:52]	凡间 s->n
[2019-02-15 09:01:52]	就是 c->n
[2019-02-15 09:01:52]	便是 v->n
[2019-02-15 09:01:52]	国都 d->n
[2019-02-15 09:01:52]	首次 m->n
[2019-02-15 09:01:52]	睡着 v->n
[2019-02-15 09:01:52]	了得 a->n
[2019-02-15 09:01:52]	西藏自治区 ns->n
[2019-02-15 09:01:52]	想像 v->n
[2019-02-15 09:01:52]	好在 d->n
[2019-02-15 09:01:52]	往时 t->n
[2019-02-15 09:01:52]	争抢 v->n
[2019-02-15 09:01:52]	正在 d->n
[2019-02-15 09:01:52]	我方 r->n
[2019-02-15 09:01:52]	多功能 b->n
[2019-02-15 09:01:52]	黑白 b->n
[2019-02-15 09:01:52]	南北 f->n
[2019-02-15 09:01:52]	干什么 r->n
[2019-02-15 09:01:52]	不断 d->n
[2019-02-15 09:01:52]	同呼吸 vl->n
[2019-02-15 09:01:52]	日间 t->n
[2019-02-15 09:01:52]	还是 c->n
[2019-02-15 09:01:52]	有点 d->n
[2019-02-15 09:01:52]	下流 a->n
[2019-02-15 09:01:52]	怎么办 ryv->n
[2019-02-15 09:01:52]	您好 nl->n
[2019-02-15 09:01:52]	你好 vl->n
[2019-02-15 09:01:52]	交售 v->n
[2019-02-15 09:01:52]	找到 v->n
[2019-02-15 09:01:52]	从来 d->n
[2019-02-15 09:01:52]	约分 v->n
[2019-02-15 09:01:52]	正数 v->n
[2019-02-15 09:01:52]	本着 p->nl
[2019-02-15 09:01:52]	报到 vi->v
[2019-02-15 09:01:52]	一角 n->v
[2019-02-15 09:01:52]	除外 vi->v
[2019-02-15 09:01:52]	爱人 n->nz
[2019-02-15 09:01:52]	把手 n->nz
[2019-02-15 09:01:52]	靠山 n->nz
[2019-02-15 09:01:52]	不行 a->v
[2019-02-15 09:01:52]	不能 v->vi
[2019-02-15 09:01:52]	不会 v->vi
[2019-02-15 09:01:52]	车号 n->nz
[2019-02-15 09:01:52]	同党 n->nz
[2019-02-15 09:01:52]	打的 v->vi
[2019-02-15 09:01:52]	除法 n->nz
[2019-02-15 09:01:52]	从重 d->v
[2019-02-15 09:01:52]	搭建 v->vd
[2019-02-15 09:01:52]	四处 d->vi
[2019-02-15 09:01:52]	拨打 v->vd
[2019-02-15 09:01:52]	大跌 v->vn
[2019-02-15 09:01:52]	会话 v->vn
[2019-02-15 09:01:52]	要领 n->nz
[2019-02-15 09:01:52]	下学 v->vd
[2019-02-15 09:01:52]	分号 n->nz
[2019-02-15 09:01:52]	不合 v->n
[2019-02-15 09:01:52]	高等 b->a
[2019-02-15 09:01:52]	还给 v->vd
[2019-02-15 09:01:52]	有心 v->vd
[2019-02-15 09:01:52]	说法 n->nz
[2019-02-15 09:01:52]	大喊 v->vd
[2019-02-15 09:01:52]	好多 m->a
[2019-02-15 09:01:52]	大奖 n->nz
[2019-02-15 09:01:52]	无礼 a->ad
[2019-02-15 09:01:52]	看不起 v->vn
[2019-02-15 09:01:52]	看得起 v->vn
[2019-02-15 09:01:52]	理事 n->nz
[2019-02-15 09:01:52]	本心 n->nl
[2019-02-15 09:01:52]	论说 vn->vl
[2019-02-15 09:01:52]	他俩 r->n
[2019-02-15 09:01:52]	江米 n->nz
[2019-02-15 09:01:52]	千米 q->qv
[2019-02-15 09:01:52]	签定 v->vn
[2019-02-15 09:01:52]	好天 n->nz
[2019-02-15 09:01:52]	日食 n->nz
[2019-02-15 09:01:52]	是不是 v->vd
[2019-02-15 09:01:52]	手指 n->nz
[2019-02-15 09:01:52]	睡着 v->vd
[2019-02-15 09:01:52]	大小 n->nz
[2019-02-15 09:01:52]	了得 a->ad
[2019-02-15 09:01:52]	问号 n->nz
[2019-02-15 09:01:52]	西藏自治区 ns->nz
[2019-02-15 09:01:52]	小便 v->vi
[2019-02-15 09:01:52]	好在 d->v
[2019-02-15 09:01:52]	双眼 n->nz
[2019-02-15 09:01:52]	一元 b->nz
[2019-02-15 09:01:52]	引号 n->nz
[2019-02-15 09:01:52]	像片 n->nz
[2019-02-15 09:01:52]	争抢 v->vd
[2019-02-15 09:01:52]	小我 n->nz
[2019-02-15 09:01:52]	文字 n->nz
[2019-02-15 09:01:52]	部分 m->n
[2019-02-15 09:01:52]	别名 n->nz
[2019-02-15 09:01:52]	和缓 a->ad
[2019-02-15 09:01:52]	按时 d->ad
[2019-02-15 09:01:52]	春分 t->n
[2019-02-15 09:01:52]	知了 n->nz
[2019-02-15 09:01:52]	车次 n->nz
[2019-02-15 09:01:52]	大寒 t->nz
[2019-02-15 09:01:52]	大料 n->nz
[2019-02-15 09:01:52]	当面 d->n
[2019-02-15 09:01:52]	上岸 vi->v
[2019-02-15 09:01:52]	对仗 n->nz
[2019-02-15 09:01:52]	分米 q->qt
[2019-02-15 09:01:52]	副词 n->nz
[2019-02-15 09:01:52]	次要 b->bl
[2019-02-15 09:01:52]	成心 d->v
[2019-02-15 09:01:52]	还账 v->vi
[2019-02-15 09:01:52]	该死 vi->v
[2019-02-15 09:01:52]	长项 n->nz
[2019-02-15 09:01:52]	借条 n->nz
[2019-02-15 09:01:52]	买家 n->nz
[2019-02-15 09:01:52]	天车 n->nz
[2019-02-15 09:01:52]	东家 n->nz
[2019-02-15 09:01:52]	小气 a->ad
[2019-02-15 09:01:52]	小产 v->vi
[2019-02-15 09:01:52]	起名 vi->v
[2019-02-15 09:01:52]	生分 a->ad
[2019-02-15 09:01:52]	上税 v->vi
[2019-02-15 09:01:52]	内蒙古自治区 ns->nz
[2019-02-15 09:01:52]	拟人 n->nz
[2019-02-15 09:01:52]	年岁 n->nl
[2019-02-15 09:01:52]	年事 n->nl
[2019-02-15 09:01:52]	身段 n->nz
[2019-02-15 09:01:52]	凡间 s->n
[2019-02-15 09:01:52]	便是 v->vd
[2019-02-15 09:01:52]	收条 n->nz
[2019-02-15 09:01:52]	禁不起 v->vd
[2019-02-15 09:01:52]	书册 n->nl
[2019-02-15 09:01:52]	水笔 n->nz
[2019-02-15 09:01:52]	时价 n->nl
[2019-02-15 09:01:52]	就义 vi->v
[2019-02-15 09:01:52]	先后 d->ad
[2019-02-15 09:01:52]	想像 v->vd
[2019-02-15 09:01:52]	小寒 t->nz
[2019-02-15 09:01:52]	小满 t->nz
[2019-02-15 09:01:52]	新词 n->nl
[2019-02-15 09:01:52]	往时 t->tg
[2019-02-15 09:01:52]	意旨 n->nl
[2019-02-15 09:01:52]	图章 n->nz
[2019-02-15 09:01:52]	正好 z->tg
[2019-02-15 09:01:52]	正理 n->nl
[2019-02-15 09:01:52]	对证 vn->n
[2019-02-15 09:01:52]	中档 b->nl
[2019-02-15 09:01:52]	我方 r->n
[2019-02-15 09:01:52]	自修 v->vl
[2019-02-15 09:01:52]	才能 n->v
[2019-02-15 09:01:52]	秒钟 n->q
[2019-02-15 09:01:52]	火烧 n->v
[2019-02-15 09:01:52]	大路 n->nz
[2019-02-15 09:01:52]	自力 n->nz
[2019-02-15 09:01:52]	女星 n->nl
[2019-02-15 09:01:52]	申请人 n->nl
[2019-02-15 09:01:52]	美女 n->nl
[2019-02-15 09:01:52]	联系人 n->nl
[2019-02-15 09:01:52]	便条 n->nl
[2019-02-15 09:01:52]	中农 n->nl
[2019-02-15 09:01:52]	人道 n->nl
[2019-02-15 09:01:52]	资本家 n->nl
[2019-02-15 09:01:52]	水车 n->nl
[2019-02-15 09:01:52]	马戏 n->nl
[2019-02-15 09:01:52]	除数 n->nz
[2019-02-15 09:01:52]	周长 n->nz
[2019-02-15 09:01:52]	小数 n->nz
[2019-02-15 09:01:52]	经线 n->nz
[2019-02-15 09:01:52]	副手 n->nz
[2019-02-15 09:01:52]	三角 n->ns
[2019-02-15 09:01:52]	切线 n->nz
[2019-02-15 09:03:25]	本分 a->n
[2019-02-15 09:03:25]	按时 d->n
[2019-02-15 09:03:25]	一定 b->n
[2019-02-15 09:03:25]	不结盟 vi->n
[2019-02-15 09:03:25]	不是 c->n
[2019-02-15 09:03:25]	不能 v->n
[2019-02-15 09:03:25]	不会 v->n
[2019-02-15 09:03:25]	出血 vi->n
[2019-02-15 09:03:25]	打的 v->n
[2019-02-15 09:03:25]	除外 vi->n
[2019-02-15 09:03:25]	春分 t->n
[2019-02-15 09:03:25]	从宽 d->n
[2019-02-15 09:03:25]	从重 d->n
[2019-02-15 09:03:25]	搭建 v->n
[2019-02-15 09:03:25]	大寒 t->n
[2019-02-15 09:03:25]	当面 d->n
[2019-02-15 09:03:25]	会话 v->n
[2019-02-15 09:03:25]	分米 q->n
[2019-02-15 09:03:25]	次要 b->n
[2019-02-15 09:03:25]	成心 d->n
[2019-02-15 09:03:25]	一齐 d->n
[2019-02-15 09:03:25]	还账 v->n
[2019-02-15 09:03:25]	不准 v->n
[2019-02-15 09:03:25]	看不起 v->n
[2019-02-15 09:03:25]	看得起 v->n
[2019-02-15 09:03:25]	小产 v->n
[2019-02-15 09:03:25]	天天 d->n
[2019-02-15 09:03:25]	起名 vi->n
[2019-02-15 09:03:25]	上税 v->n
[2019-02-15 09:03:25]	他俩 r->n
[2019-02-15 09:03:25]	千米 q->n
[2019-02-15 09:03:25]	是不是 v->n
[2019-02-15 09:03:25]	禁不起 v->n
[2019-02-15 09:03:25]	先后 d->n
[2019-02-15 09:03:25]	小便 v->n
[2019-02-15 09:03:25]	小满 t->n
[2019-02-15 09:03:25]	吃药 v->n
[2019-02-15 09:03:25]	一元 b->n
[2019-02-15 09:03:25]	正好 z->n
[2019-02-15 09:03:25]	对证 vn->n
[2019-02-15 09:03:25]	中档 b->n
[2019-02-15 09:03:25]	自修 v->n
[2019-02-15 09:03:25]	到底 d->n
[2019-02-15 09:03:25]	和缓 a->n
[2019-02-15 09:03:25]	人为 b->n
[2019-02-15 09:03:25]	长达 v->n
[2019-02-15 09:03:25]	上流 b->n
[2019-02-15 09:03:25]	喜好 an->n
[2019-02-15 09:03:25]	从中 d->n
[2019-02-15 09:03:25]	各人 rr->n
[2019-02-15 09:03:25]	中选 vi->n
[2019-02-15 09:03:25]	各处 rzs->n
[2019-02-15 09:03:25]	四处 d->n
[2019-02-15 09:03:25]	上岸 vi->n
[2019-02-15 09:03:25]	拨打 v->n
[2019-02-15 09:03:25]	大跌 v->n
[2019-02-15 09:03:25]	好多 m->n
[2019-02-15 09:03:25]	下学 v->n
[2019-02-15 09:03:25]	不合 v->n
[2019-02-15 09:03:25]	高等 b->n
[2019-02-15 09:03:25]	老大 a->n
[2019-02-15 09:03:25]	还给 v->n
[2019-02-15 09:03:25]	对等 vi->n
[2019-02-15 09:03:25]	有心 v->n
[2019-02-15 09:03:25]	真的 a->n
[2019-02-15 09:03:25]	大喊 v->n
[2019-02-15 09:03:25]	总会 d->n
[2019-02-15 09:03:25]	该死 vi->n
[2019-02-15 09:03:25]	一口气 d->n
[2019-02-15 09:03:25]	小气 a->n
[2019-02-15 09:03:25]	论说 vn->n
[2019-02-15 09:03:25]	中意 a->n
[2019-02-15 09:03:25]	生分 a->n
[2019-02-15 09:03:25]	内蒙古自治区 ns->n
[2019-02-15 09:03:25]	年间 f->n
[2019-02-15 09:03:25]	和暖 a->n
[2019-02-15 09:03:25]	省钱 a->n
[2019-02-15 09:03:25]	单方面 b->n
[2019-02-15 09:03:25]	早起 vi->n
[2019-02-15 09:03:25]	签定 v->n
[2019-02-15 09:03:25]	凡间 s->n
[2019-02-15 09:03:25]	就是 c->n
[2019-02-15 09:03:25]	便是 v->n
[2019-02-15 09:03:25]	国都 d->n
[2019-02-15 09:03:25]	首次 m->n
[2019-02-15 09:03:25]	睡着 v->n
[2019-02-15 09:03:25]	了得 a->n
[2019-02-15 09:03:25]	西藏自治区 ns->n
[2019-02-15 09:03:25]	想像 v->n
[2019-02-15 09:03:25]	好在 d->n
[2019-02-15 09:03:25]	往时 t->n
[2019-02-15 09:03:25]	争抢 v->n
[2019-02-15 09:03:25]	正在 d->n
[2019-02-15 09:03:25]	我方 r->n
[2019-02-15 09:03:25]	多功能 b->n
[2019-02-15 09:03:25]	黑白 b->n
[2019-02-15 09:03:25]	南北 f->n
[2019-02-15 09:03:25]	干什么 r->n
[2019-02-15 09:03:25]	不断 d->n
[2019-02-15 09:03:25]	同呼吸 vl->n
[2019-02-15 09:03:25]	日间 t->n
[2019-02-15 09:03:25]	还是 c->n
[2019-02-15 09:03:25]	有点 d->n
[2019-02-15 09:03:25]	下流 a->n
[2019-02-15 09:03:25]	怎么办 ryv->n
[2019-02-15 09:03:25]	您好 nl->n
[2019-02-15 09:03:25]	你好 vl->n
[2019-02-15 09:03:25]	交售 v->n
[2019-02-15 09:03:25]	找到 v->n
[2019-02-15 09:03:25]	从来 d->n
[2019-02-15 09:03:25]	约分 v->n
[2019-02-15 09:03:25]	正数 v->n
[2019-02-15 09:03:25]	本着 p->nl
[2019-02-15 09:03:25]	报到 vi->v
[2019-02-15 09:03:25]	一角 n->v
[2019-02-15 09:03:25]	除外 vi->v
[2019-02-15 09:03:25]	爱人 n->nz
[2019-02-15 09:03:25]	把手 n->nz
[2019-02-15 09:03:25]	靠山 n->nz
[2019-02-15 09:03:25]	不行 a->v
[2019-02-15 09:03:25]	不能 v->vi
[2019-02-15 09:03:25]	不会 v->vi
[2019-02-15 09:03:25]	车号 n->nz
[2019-02-15 09:03:25]	同党 n->nz
[2019-02-15 09:03:25]	打的 v->vi
[2019-02-15 09:03:25]	除法 n->nz
[2019-02-15 09:03:25]	从重 d->v
[2019-02-15 09:03:25]	搭建 v->vd
[2019-02-15 09:03:25]	四处 d->vi
[2019-02-15 09:03:25]	拨打 v->vd
[2019-02-15 09:03:25]	大跌 v->vn
[2019-02-15 09:03:25]	会话 v->vn
[2019-02-15 09:03:25]	要领 n->nz
[2019-02-15 09:03:25]	下学 v->vd
[2019-02-15 09:03:25]	分号 n->nz
[2019-02-15 09:03:25]	不合 v->n
[2019-02-15 09:03:25]	高等 b->a
[2019-02-15 09:03:25]	还给 v->vd
[2019-02-15 09:03:25]	有心 v->vd
[2019-02-15 09:03:25]	说法 n->nz
[2019-02-15 09:03:25]	大喊 v->vd
[2019-02-15 09:03:25]	好多 m->a
[2019-02-15 09:03:25]	大奖 n->nz
[2019-02-15 09:03:25]	无礼 a->ad
[2019-02-15 09:03:25]	看不起 v->vn
[2019-02-15 09:03:25]	看得起 v->vn
[2019-02-15 09:03:25]	理事 n->nz
[2019-02-15 09:03:25]	本心 n->nl
[2019-02-15 09:03:25]	论说 vn->vl
[2019-02-15 09:03:25]	他俩 r->n
[2019-02-15 09:03:25]	江米 n->nz
[2019-02-15 09:03:25]	千米 q->qv
[2019-02-15 09:03:25]	签定 v->vn
[2019-02-15 09:03:25]	好天 n->nz
[2019-02-15 09:03:25]	日食 n->nz
[2019-02-15 09:03:25]	是不是 v->vd
[2019-02-15 09:03:25]	手指 n->nz
[2019-02-15 09:03:25]	睡着 v->vd
[2019-02-15 09:03:25]	大小 n->nz
[2019-02-15 09:03:25]	了得 a->ad
[2019-02-15 09:03:25]	问号 n->nz
[2019-02-15 09:03:25]	西藏自治区 ns->nz
[2019-02-15 09:03:25]	小便 v->vi
[2019-02-15 09:03:25]	好在 d->v
[2019-02-15 09:03:25]	双眼 n->nz
[2019-02-15 09:03:25]	一元 b->nz
[2019-02-15 09:03:25]	引号 n->nz
[2019-02-15 09:03:25]	像片 n->nz
[2019-02-15 09:03:25]	争抢 v->vd
[2019-02-15 09:03:25]	小我 n->nz
[2019-02-15 09:03:25]	文字 n->nz
[2019-02-15 09:03:25]	部分 m->n
[2019-02-15 09:03:25]	别名 n->nz
[2019-02-15 09:03:25]	和缓 a->ad
[2019-02-15 09:03:25]	按时 d->ad
[2019-02-15 09:03:25]	春分 t->n
[2019-02-15 09:03:25]	知了 n->nz
[2019-02-15 09:03:25]	车次 n->nz
[2019-02-15 09:03:25]	大寒 t->nz
[2019-02-15 09:03:25]	大料 n->nz
[2019-02-15 09:03:25]	当面 d->n
[2019-02-15 09:03:25]	上岸 vi->v
[2019-02-15 09:03:25]	对仗 n->nz
[2019-02-15 09:03:25]	分米 q->qt
[2019-02-15 09:03:25]	副词 n->nz
[2019-02-15 09:03:25]	次要 b->bl
[2019-02-15 09:03:25]	成心 d->v
[2019-02-15 09:03:25]	还账 v->vi
[2019-02-15 09:03:25]	该死 vi->v
[2019-02-15 09:03:25]	长项 n->nz
[2019-02-15 09:03:25]	借条 n->nz
[2019-02-15 09:03:25]	买家 n->nz
[2019-02-15 09:03:25]	天车 n->nz
[2019-02-15 09:03:25]	东家 n->nz
[2019-02-15 09:03:25]	小气 a->ad
[2019-02-15 09:03:25]	小产 v->vi
[2019-02-15 09:03:25]	起名 vi->v
[2019-02-15 09:03:25]	生分 a->ad
[2019-02-15 09:03:25]	上税 v->vi
[2019-02-15 09:03:25]	内蒙古自治区 ns->nz
[2019-02-15 09:03:25]	拟人 n->nz
[2019-02-15 09:03:25]	年岁 n->nl
[2019-02-15 09:03:25]	年事 n->nl
[2019-02-15 09:03:25]	身段 n->nz
[2019-02-15 09:03:25]	凡间 s->n
[2019-02-15 09:03:25]	便是 v->vd
[2019-02-15 09:03:25]	收条 n->nz
[2019-02-15 09:03:25]	禁不起 v->vd
[2019-02-15 09:03:25]	书册 n->nl
[2019-02-15 09:03:25]	水笔 n->nz
[2019-02-15 09:03:25]	时价 n->nl
[2019-02-15 09:03:25]	就义 vi->v
[2019-02-15 09:03:25]	先后 d->ad
[2019-02-15 09:03:25]	想像 v->vd
[2019-02-15 09:03:25]	小寒 t->nz
[2019-02-15 09:03:25]	小满 t->nz
[2019-02-15 09:03:25]	新词 n->nl
[2019-02-15 09:03:25]	往时 t->tg
[2019-02-15 09:03:25]	意旨 n->nl
[2019-02-15 09:03:25]	图章 n->nz
[2019-02-15 09:03:25]	正好 z->tg
[2019-02-15 09:03:25]	正理 n->nl
[2019-02-15 09:03:25]	对证 vn->n
[2019-02-15 09:03:25]	中档 b->nl
[2019-02-15 09:03:25]	我方 r->n
[2019-02-15 09:03:25]	自修 v->vl
[2019-02-15 09:03:25]	才能 n->v
[2019-02-15 09:03:25]	秒钟 n->q
[2019-02-15 09:03:25]	火烧 n->v
[2019-02-15 09:03:25]	大路 n->nz
[2019-02-15 09:03:25]	自力 n->nz
[2019-02-15 09:03:25]	女星 n->nl
[2019-02-15 09:03:25]	申请人 n->nl
[2019-02-15 09:03:25]	美女 n->nl
[2019-02-15 09:03:25]	联系人 n->nl
[2019-02-15 09:03:25]	便条 n->nl
[2019-02-15 09:03:25]	中农 n->nl
[2019-02-15 09:03:25]	人道 n->nl
[2019-02-15 09:03:25]	资本家 n->nl
[2019-02-15 09:03:25]	水车 n->nl
[2019-02-15 09:03:25]	马戏 n->nl
[2019-02-15 09:03:25]	除数 n->nz
[2019-02-15 09:03:25]	周长 n->nz
[2019-02-15 09:03:25]	小数 n->nz
[2019-02-15 09:03:25]	经线 n->nz
[2019-02-15 09:03:25]	副手 n->nz
[2019-02-15 09:03:25]	三角 n->ns
[2019-02-15 09:03:25]	切线 n->nz
[2019-02-15 09:03:59]	本分 a->n
[2019-02-15 09:03:59]	按时 d->n
[2019-02-15 09:03:59]	一定 b->n
[2019-02-15 09:03:59]	不结盟 vi->n
[2019-02-15 09:03:59]	不是 c->n
[2019-02-15 09:03:59]	不能 v->n
[2019-02-15 09:03:59]	不会 v->n
[2019-02-15 09:03:59]	出血 vi->n
[2019-02-15 09:03:59]	打的 v->n
[2019-02-15 09:03:59]	除外 vi->n
[2019-02-15 09:03:59]	春分 t->n
[2019-02-15 09:03:59]	从宽 d->n
[2019-02-15 09:03:59]	从重 d->n
[2019-02-15 09:03:59]	搭建 v->n
[2019-02-15 09:03:59]	大寒 t->n
[2019-02-15 09:03:59]	当面 d->n
[2019-02-15 09:03:59]	会话 v->n
[2019-02-15 09:03:59]	分米 q->n
[2019-02-15 09:03:59]	次要 b->n
[2019-02-15 09:03:59]	成心 d->n
[2019-02-15 09:03:59]	一齐 d->n
[2019-02-15 09:03:59]	还账 v->n
[2019-02-15 09:03:59]	不准 v->n
[2019-02-15 09:03:59]	看不起 v->n
[2019-02-15 09:03:59]	看得起 v->n
[2019-02-15 09:03:59]	小产 v->n
[2019-02-15 09:03:59]	天天 d->n
[2019-02-15 09:03:59]	起名 vi->n
[2019-02-15 09:03:59]	上税 v->n
[2019-02-15 09:03:59]	他俩 r->n
[2019-02-15 09:03:59]	千米 q->n
[2019-02-15 09:03:59]	是不是 v->n
[2019-02-15 09:03:59]	禁不起 v->n
[2019-02-15 09:03:59]	先后 d->n
[2019-02-15 09:03:59]	小便 v->n
[2019-02-15 09:03:59]	小满 t->n
[2019-02-15 09:03:59]	吃药 v->n
[2019-02-15 09:03:59]	一元 b->n
[2019-02-15 09:03:59]	正好 z->n
[2019-02-15 09:03:59]	对证 vn->n
[2019-02-15 09:03:59]	中档 b->n
[2019-02-15 09:03:59]	自修 v->n
[2019-02-15 09:03:59]	到底 d->n
[2019-02-15 09:03:59]	和缓 a->n
[2019-02-15 09:03:59]	人为 b->n
[2019-02-15 09:03:59]	长达 v->n
[2019-02-15 09:03:59]	上流 b->n
[2019-02-15 09:03:59]	喜好 an->n
[2019-02-15 09:03:59]	从中 d->n
[2019-02-15 09:03:59]	各人 rr->n
[2019-02-15 09:03:59]	中选 vi->n
[2019-02-15 09:03:59]	各处 rzs->n
[2019-02-15 09:03:59]	四处 d->n
[2019-02-15 09:03:59]	上岸 vi->n
[2019-02-15 09:03:59]	拨打 v->n
[2019-02-15 09:03:59]	大跌 v->n
[2019-02-15 09:03:59]	好多 m->n
[2019-02-15 09:03:59]	下学 v->n
[2019-02-15 09:03:59]	不合 v->n
[2019-02-15 09:03:59]	高等 b->n
[2019-02-15 09:03:59]	老大 a->n
[2019-02-15 09:03:59]	还给 v->n
[2019-02-15 09:03:59]	对等 vi->n
[2019-02-15 09:03:59]	有心 v->n
[2019-02-15 09:03:59]	真的 a->n
[2019-02-15 09:03:59]	大喊 v->n
[2019-02-15 09:03:59]	总会 d->n
[2019-02-15 09:03:59]	该死 vi->n
[2019-02-15 09:03:59]	一口气 d->n
[2019-02-15 09:03:59]	小气 a->n
[2019-02-15 09:03:59]	论说 vn->n
[2019-02-15 09:03:59]	中意 a->n
[2019-02-15 09:03:59]	生分 a->n
[2019-02-15 09:03:59]	内蒙古自治区 ns->n
[2019-02-15 09:03:59]	年间 f->n
[2019-02-15 09:03:59]	和暖 a->n
[2019-02-15 09:03:59]	省钱 a->n
[2019-02-15 09:03:59]	单方面 b->n
[2019-02-15 09:03:59]	早起 vi->n
[2019-02-15 09:03:59]	签定 v->n
[2019-02-15 09:03:59]	凡间 s->n
[2019-02-15 09:03:59]	就是 c->n
[2019-02-15 09:03:59]	便是 v->n
[2019-02-15 09:03:59]	国都 d->n
[2019-02-15 09:03:59]	首次 m->n
[2019-02-15 09:03:59]	睡着 v->n
[2019-02-15 09:03:59]	了得 a->n
[2019-02-15 09:03:59]	西藏自治区 ns->n
[2019-02-15 09:03:59]	想像 v->n
[2019-02-15 09:03:59]	好在 d->n
[2019-02-15 09:03:59]	往时 t->n
[2019-02-15 09:03:59]	争抢 v->n
[2019-02-15 09:03:59]	正在 d->n
[2019-02-15 09:03:59]	我方 r->n
[2019-02-15 09:03:59]	多功能 b->n
[2019-02-15 09:03:59]	黑白 b->n
[2019-02-15 09:03:59]	南北 f->n
[2019-02-15 09:03:59]	干什么 r->n
[2019-02-15 09:03:59]	不断 d->n
[2019-02-15 09:03:59]	同呼吸 vl->n
[2019-02-15 09:03:59]	日间 t->n
[2019-02-15 09:03:59]	还是 c->n
[2019-02-15 09:03:59]	有点 d->n
[2019-02-15 09:03:59]	下流 a->n
[2019-02-15 09:03:59]	怎么办 ryv->n
[2019-02-15 09:03:59]	您好 nl->n
[2019-02-15 09:03:59]	你好 vl->n
[2019-02-15 09:03:59]	交售 v->n
[2019-02-15 09:03:59]	找到 v->n
[2019-02-15 09:03:59]	从来 d->n
[2019-02-15 09:03:59]	约分 v->n
[2019-02-15 09:03:59]	正数 v->n
[2019-02-15 09:03:59]	本着 p->nl
[2019-02-15 09:03:59]	报到 vi->v
[2019-02-15 09:03:59]	一角 n->v
[2019-02-15 09:03:59]	除外 vi->v
[2019-02-15 09:03:59]	爱人 n->nz
[2019-02-15 09:03:59]	把手 n->nz
[2019-02-15 09:03:59]	靠山 n->nz
[2019-02-15 09:03:59]	不行 a->v
[2019-02-15 09:03:59]	不能 v->vi
[2019-02-15 09:03:59]	不会 v->vi
[2019-02-15 09:03:59]	车号 n->nz
[2019-02-15 09:03:59]	同党 n->nz
[2019-02-15 09:03:59]	打的 v->vi
[2019-02-15 09:03:59]	除法 n->nz
[2019-02-15 09:03:59]	从重 d->v
[2019-02-15 09:03:59]	搭建 v->vd
[2019-02-15 09:03:59]	四处 d->vi
[2019-02-15 09:03:59]	拨打 v->vd
[2019-02-15 09:03:59]	大跌 v->vn
[2019-02-15 09:03:59]	会话 v->vn
[2019-02-15 09:03:59]	要领 n->nz
[2019-02-15 09:03:59]	下学 v->vd
[2019-02-15 09:03:59]	分号 n->nz
[2019-02-15 09:03:59]	不合 v->n
[2019-02-15 09:03:59]	高等 b->a
[2019-02-15 09:03:59]	还给 v->vd
[2019-02-15 09:03:59]	有心 v->vd
[2019-02-15 09:03:59]	说法 n->nz
[2019-02-15 09:03:59]	大喊 v->vd
[2019-02-15 09:03:59]	好多 m->a
[2019-02-15 09:03:59]	大奖 n->nz
[2019-02-15 09:03:59]	无礼 a->ad
[2019-02-15 09:03:59]	看不起 v->vn
[2019-02-15 09:03:59]	看得起 v->vn
[2019-02-15 09:03:59]	理事 n->nz
[2019-02-15 09:03:59]	本心 n->nl
[2019-02-15 09:03:59]	论说 vn->vl
[2019-02-15 09:03:59]	他俩 r->n
[2019-02-15 09:03:59]	江米 n->nz
[2019-02-15 09:03:59]	千米 q->qv
[2019-02-15 09:03:59]	签定 v->vn
[2019-02-15 09:03:59]	好天 n->nz
[2019-02-15 09:03:59]	日食 n->nz
[2019-02-15 09:03:59]	是不是 v->vd
[2019-02-15 09:03:59]	手指 n->nz
[2019-02-15 09:03:59]	睡着 v->vd
[2019-02-15 09:03:59]	大小 n->nz
[2019-02-15 09:03:59]	了得 a->ad
[2019-02-15 09:03:59]	问号 n->nz
[2019-02-15 09:03:59]	西藏自治区 ns->nz
[2019-02-15 09:03:59]	小便 v->vi
[2019-02-15 09:03:59]	好在 d->v
[2019-02-15 09:03:59]	双眼 n->nz
[2019-02-15 09:03:59]	一元 b->nz
[2019-02-15 09:03:59]	引号 n->nz
[2019-02-15 09:03:59]	像片 n->nz
[2019-02-15 09:03:59]	争抢 v->vd
[2019-02-15 09:03:59]	小我 n->nz
[2019-02-15 09:03:59]	文字 n->nz
[2019-02-15 09:03:59]	部分 m->n
[2019-02-15 09:03:59]	别名 n->nz
[2019-02-15 09:03:59]	和缓 a->ad
[2019-02-15 09:03:59]	按时 d->ad
[2019-02-15 09:03:59]	春分 t->n
[2019-02-15 09:03:59]	知了 n->nz
[2019-02-15 09:03:59]	车次 n->nz
[2019-02-15 09:03:59]	大寒 t->nz
[2019-02-15 09:03:59]	大料 n->nz
[2019-02-15 09:03:59]	当面 d->n
[2019-02-15 09:03:59]	上岸 vi->v
[2019-02-15 09:03:59]	对仗 n->nz
[2019-02-15 09:03:59]	分米 q->qt
[2019-02-15 09:03:59]	副词 n->nz
[2019-02-15 09:03:59]	次要 b->bl
[2019-02-15 09:03:59]	成心 d->v
[2019-02-15 09:03:59]	还账 v->vi
[2019-02-15 09:03:59]	该死 vi->v
[2019-02-15 09:03:59]	长项 n->nz
[2019-02-15 09:03:59]	借条 n->nz
[2019-02-15 09:03:59]	买家 n->nz
[2019-02-15 09:03:59]	天车 n->nz
[2019-02-15 09:03:59]	东家 n->nz
[2019-02-15 09:03:59]	小气 a->ad
[2019-02-15 09:03:59]	小产 v->vi
[2019-02-15 09:03:59]	起名 vi->v
[2019-02-15 09:03:59]	生分 a->ad
[2019-02-15 09:03:59]	上税 v->vi
[2019-02-15 09:03:59]	内蒙古自治区 ns->nz
[2019-02-15 09:03:59]	拟人 n->nz
[2019-02-15 09:03:59]	年岁 n->nl
[2019-02-15 09:03:59]	年事 n->nl
[2019-02-15 09:03:59]	身段 n->nz
[2019-02-15 09:03:59]	凡间 s->n
[2019-02-15 09:03:59]	便是 v->vd
[2019-02-15 09:03:59]	收条 n->nz
[2019-02-15 09:03:59]	禁不起 v->vd
[2019-02-15 09:03:59]	书册 n->nl
[2019-02-15 09:03:59]	水笔 n->nz
[2019-02-15 09:03:59]	时价 n->nl
[2019-02-15 09:03:59]	就义 vi->v
[2019-02-15 09:03:59]	先后 d->ad
[2019-02-15 09:03:59]	想像 v->vd
[2019-02-15 09:03:59]	小寒 t->nz
[2019-02-15 09:03:59]	小满 t->nz
[2019-02-15 09:03:59]	新词 n->nl
[2019-02-15 09:03:59]	往时 t->tg
[2019-02-15 09:03:59]	意旨 n->nl
[2019-02-15 09:03:59]	图章 n->nz
[2019-02-15 09:03:59]	正好 z->tg
[2019-02-15 09:03:59]	正理 n->nl
[2019-02-15 09:03:59]	对证 vn->n
[2019-02-15 09:03:59]	中档 b->nl
[2019-02-15 09:03:59]	我方 r->n
[2019-02-15 09:03:59]	自修 v->vl
[2019-02-15 09:03:59]	才能 n->v
[2019-02-15 09:03:59]	秒钟 n->q
[2019-02-15 09:03:59]	火烧 n->v
[2019-02-15 09:03:59]	大路 n->nz
[2019-02-15 09:03:59]	自力 n->nz
[2019-02-15 09:03:59]	女星 n->nl
[2019-02-15 09:03:59]	申请人 n->nl
[2019-02-15 09:03:59]	美女 n->nl
[2019-02-15 09:03:59]	联系人 n->nl
[2019-02-15 09:03:59]	便条 n->nl
[2019-02-15 09:03:59]	中农 n->nl
[2019-02-15 09:03:59]	人道 n->nl
[2019-02-15 09:03:59]	资本家 n->nl
[2019-02-15 09:03:59]	水车 n->nl
[2019-02-15 09:03:59]	马戏 n->nl
[2019-02-15 09:03:59]	除数 n->nz
[2019-02-15 09:03:59]	周长 n->nz
[2019-02-15 09:03:59]	小数 n->nz
[2019-02-15 09:03:59]	经线 n->nz
[2019-02-15 09:03:59]	副手 n->nz
[2019-02-15 09:03:59]	三角 n->ns
[2019-02-15 09:03:59]	切线 n->nz
[2019-02-15 09:05:44]	本分 a->n
[2019-02-15 09:05:44]	按时 d->n
[2019-02-15 09:05:44]	一定 b->n
[2019-02-15 09:05:44]	不结盟 vi->n
[2019-02-15 09:05:44]	不是 c->n
[2019-02-15 09:05:44]	不能 v->n
[2019-02-15 09:05:44]	不会 v->n
[2019-02-15 09:05:44]	出血 vi->n
[2019-02-15 09:05:44]	打的 v->n
[2019-02-15 09:05:44]	除外 vi->n
[2019-02-15 09:05:44]	春分 t->n
[2019-02-15 09:05:44]	从宽 d->n
[2019-02-15 09:05:44]	从重 d->n
[2019-02-15 09:05:44]	搭建 v->n
[2019-02-15 09:05:44]	大寒 t->n
[2019-02-15 09:05:44]	当面 d->n
[2019-02-15 09:05:44]	会话 v->n
[2019-02-15 09:05:44]	分米 q->n
[2019-02-15 09:05:44]	次要 b->n
[2019-02-15 09:05:44]	成心 d->n
[2019-02-15 09:05:44]	一齐 d->n
[2019-02-15 09:05:44]	还账 v->n
[2019-02-15 09:05:44]	不准 v->n
[2019-02-15 09:05:44]	看不起 v->n
[2019-02-15 09:05:44]	看得起 v->n
[2019-02-15 09:05:44]	小产 v->n
[2019-02-15 09:05:44]	天天 d->n
[2019-02-15 09:05:44]	起名 vi->n
[2019-02-15 09:05:44]	上税 v->n
[2019-02-15 09:05:44]	他俩 r->n
[2019-02-15 09:05:44]	千米 q->n
[2019-02-15 09:05:44]	是不是 v->n
[2019-02-15 09:05:44]	禁不起 v->n
[2019-02-15 09:05:44]	先后 d->n
[2019-02-15 09:05:44]	小便 v->n
[2019-02-15 09:05:44]	小满 t->n
[2019-02-15 09:05:44]	吃药 v->n
[2019-02-15 09:05:44]	一元 b->n
[2019-02-15 09:05:44]	正好 z->n
[2019-02-15 09:05:44]	对证 vn->n
[2019-02-15 09:05:44]	中档 b->n
[2019-02-15 09:05:44]	自修 v->n
[2019-02-15 09:05:44]	到底 d->n
[2019-02-15 09:05:44]	和缓 a->n
[2019-02-15 09:05:44]	人为 b->n
[2019-02-15 09:05:44]	长达 v->n
[2019-02-15 09:05:44]	上流 b->n
[2019-02-15 09:05:44]	喜好 an->n
[2019-02-15 09:05:44]	从中 d->n
[2019-02-15 09:05:44]	各人 rr->n
[2019-02-15 09:05:44]	中选 vi->n
[2019-02-15 09:05:44]	各处 rzs->n
[2019-02-15 09:05:44]	四处 d->n
[2019-02-15 09:05:44]	上岸 vi->n
[2019-02-15 09:05:44]	拨打 v->n
[2019-02-15 09:05:44]	大跌 v->n
[2019-02-15 09:05:44]	好多 m->n
[2019-02-15 09:05:44]	下学 v->n
[2019-02-15 09:05:44]	不合 v->n
[2019-02-15 09:05:44]	高等 b->n
[2019-02-15 09:05:44]	老大 a->n
[2019-02-15 09:05:44]	还给 v->n
[2019-02-15 09:05:44]	对等 vi->n
[2019-02-15 09:05:44]	有心 v->n
[2019-02-15 09:05:44]	真的 a->n
[2019-02-15 09:05:44]	大喊 v->n
[2019-02-15 09:05:44]	总会 d->n
[2019-02-15 09:05:44]	该死 vi->n
[2019-02-15 09:05:44]	一口气 d->n
[2019-02-15 09:05:44]	小气 a->n
[2019-02-15 09:05:44]	论说 vn->n
[2019-02-15 09:05:44]	中意 a->n
[2019-02-15 09:05:44]	生分 a->n
[2019-02-15 09:05:44]	内蒙古自治区 ns->n
[2019-02-15 09:05:44]	年间 f->n
[2019-02-15 09:05:44]	和暖 a->n
[2019-02-15 09:05:44]	省钱 a->n
[2019-02-15 09:05:44]	单方面 b->n
[2019-02-15 09:05:44]	早起 vi->n
[2019-02-15 09:05:44]	签定 v->n
[2019-02-15 09:05:44]	凡间 s->n
[2019-02-15 09:05:44]	就是 c->n
[2019-02-15 09:05:44]	便是 v->n
[2019-02-15 09:05:44]	国都 d->n
[2019-02-15 09:05:44]	首次 m->n
[2019-02-15 09:05:44]	睡着 v->n
[2019-02-15 09:05:44]	了得 a->n
[2019-02-15 09:05:44]	西藏自治区 ns->n
[2019-02-15 09:05:44]	想像 v->n
[2019-02-15 09:05:44]	好在 d->n
[2019-02-15 09:05:44]	往时 t->n
[2019-02-15 09:05:44]	争抢 v->n
[2019-02-15 09:05:44]	正在 d->n
[2019-02-15 09:05:44]	我方 r->n
[2019-02-15 09:05:44]	多功能 b->n
[2019-02-15 09:05:44]	黑白 b->n
[2019-02-15 09:05:44]	南北 f->n
[2019-02-15 09:05:44]	干什么 r->n
[2019-02-15 09:05:44]	不断 d->n
[2019-02-15 09:05:44]	同呼吸 vl->n
[2019-02-15 09:05:44]	日间 t->n
[2019-02-15 09:05:44]	还是 c->n
[2019-02-15 09:05:44]	有点 d->n
[2019-02-15 09:05:44]	下流 a->n
[2019-02-15 09:05:44]	怎么办 ryv->n
[2019-02-15 09:05:44]	您好 nl->n
[2019-02-15 09:05:44]	你好 vl->n
[2019-02-15 09:05:44]	交售 v->n
[2019-02-15 09:05:44]	找到 v->n
[2019-02-15 09:05:44]	从来 d->n
[2019-02-15 09:05:44]	约分 v->n
[2019-02-15 09:05:44]	正数 v->n
[2019-02-15 09:05:44]	一角 n->v
[2019-02-15 09:05:44]	除外 vi->v
[2019-02-15 09:05:44]	爱人 n->nz
[2019-02-15 09:05:44]	把手 n->nz
[2019-02-15 09:05:44]	靠山 n->nz
[2019-02-15 09:05:44]	不行 a->v
[2019-02-15 09:05:44]	不能 v->vi
[2019-02-15 09:05:44]	不会 v->vi
[2019-02-15 09:05:44]	车号 n->nz
[2019-02-15 09:05:44]	同党 n->nz
[2019-02-15 09:05:44]	打的 v->vi
[2019-02-15 09:05:44]	除法 n->nz
[2019-02-15 09:05:44]	从重 d->v
[2019-02-15 09:05:44]	搭建 v->vd
[2019-02-15 09:05:44]	四处 d->vi
[2019-02-15 09:05:44]	拨打 v->vd
[2019-02-15 09:05:44]	大跌 v->vn
[2019-02-15 09:05:44]	会话 v->vn
[2019-02-15 09:05:44]	要领 n->nz
[2019-02-15 09:05:44]	下学 v->vd
[2019-02-15 09:05:44]	分号 n->nz
[2019-02-15 09:05:44]	不合 v->n
[2019-02-15 09:05:44]	高等 b->a
[2019-02-15 09:05:44]	还给 v->vd
[2019-02-15 09:05:44]	有心 v->vd
[2019-02-15 09:05:44]	说法 n->nz
[2019-02-15 09:05:44]	大喊 v->vd
[2019-02-15 09:05:44]	好多 m->a
[2019-02-15 09:05:44]	大奖 n->nz
[2019-02-15 09:05:44]	无礼 a->ad
[2019-02-15 09:05:44]	看不起 v->vn
[2019-02-15 09:05:44]	看得起 v->vn
[2019-02-15 09:05:44]	理事 n->nz
[2019-02-15 09:05:44]	本心 n->nl
[2019-02-15 09:05:44]	论说 vn->vl
[2019-02-15 09:05:44]	他俩 r->n
[2019-02-15 09:05:44]	江米 n->nz
[2019-02-15 09:05:44]	千米 q->qv
[2019-02-15 09:05:44]	签定 v->vn
[2019-02-15 09:05:44]	好天 n->nz
[2019-02-15 09:05:44]	日食 n->nz
[2019-02-15 09:05:44]	是不是 v->vd
[2019-02-15 09:05:44]	手指 n->nz
[2019-02-15 09:05:44]	睡着 v->vd
[2019-02-15 09:05:44]	大小 n->nz
[2019-02-15 09:05:44]	了得 a->ad
[2019-02-15 09:05:44]	问号 n->nz
[2019-02-15 09:05:44]	西藏自治区 ns->nz
[2019-02-15 09:05:44]	小便 v->vi
[2019-02-15 09:05:44]	好在 d->v
[2019-02-15 09:05:44]	双眼 n->nz
[2019-02-15 09:05:44]	一元 b->nz
[2019-02-15 09:05:44]	引号 n->nz
[2019-02-15 09:05:44]	像片 n->nz
[2019-02-15 09:05:44]	争抢 v->vd
[2019-02-15 09:05:44]	小我 n->nz
[2019-02-15 09:05:44]	文字 n->nz
[2019-02-15 09:05:44]	部分 m->n
[2019-02-15 09:05:44]	别名 n->nz
[2019-02-15 09:05:44]	和缓 a->ad
[2019-02-15 09:05:44]	按时 d->ad
[2019-02-15 09:05:44]	春分 t->n
[2019-02-15 09:05:44]	知了 n->nz
[2019-02-15 09:05:44]	车次 n->nz
[2019-02-15 09:05:44]	大寒 t->nz
[2019-02-15 09:05:44]	大料 n->nz
[2019-02-15 09:05:44]	当面 d->n
[2019-02-15 09:05:44]	上岸 vi->v
[2019-02-15 09:05:44]	对仗 n->nz
[2019-02-15 09:05:44]	分米 q->qt
[2019-02-15 09:05:44]	副词 n->nz
[2019-02-15 09:05:44]	次要 b->bl
[2019-02-15 09:05:44]	成心 d->v
[2019-02-15 09:05:44]	还账 v->vi
[2019-02-15 09:05:44]	该死 vi->v
[2019-02-15 09:05:44]	长项 n->nz
[2019-02-15 09:05:44]	借条 n->nz
[2019-02-15 09:05:44]	买家 n->nz
[2019-02-15 09:05:44]	天车 n->nz
[2019-02-15 09:05:44]	东家 n->nz
[2019-02-15 09:05:44]	小气 a->ad
[2019-02-15 09:05:44]	小产 v->vi
[2019-02-15 09:05:44]	起名 vi->v
[2019-02-15 09:05:44]	生分 a->ad
[2019-02-15 09:05:44]	上税 v->vi
[2019-02-15 09:05:44]	内蒙古自治区 ns->nz
[2019-02-15 09:05:44]	拟人 n->nz
[2019-02-15 09:05:44]	年岁 n->nl
[2019-02-15 09:05:44]	年事 n->nl
[2019-02-15 09:05:44]	身段 n->nz
[2019-02-15 09:05:44]	凡间 s->n
[2019-02-15 09:05:44]	便是 v->vd
[2019-02-15 09:05:44]	收条 n->nz
[2019-02-15 09:05:44]	禁不起 v->vd
[2019-02-15 09:05:44]	书册 n->nl
[2019-02-15 09:05:44]	水笔 n->nz
[2019-02-15 09:05:44]	时价 n->nl
[2019-02-15 09:05:44]	就义 vi->v
[2019-02-15 09:05:44]	先后 d->ad
[2019-02-15 09:05:44]	想像 v->vd
[2019-02-15 09:05:44]	小寒 t->nz
[2019-02-15 09:05:44]	小满 t->nz
[2019-02-15 09:05:44]	新词 n->nl
[2019-02-15 09:05:44]	往时 t->tg
[2019-02-15 09:05:44]	意旨 n->nl
[2019-02-15 09:05:44]	图章 n->nz
[2019-02-15 09:05:44]	正好 z->tg
[2019-02-15 09:05:44]	正理 n->nl
[2019-02-15 09:05:44]	对证 vn->n
[2019-02-15 09:05:44]	中档 b->nl
[2019-02-15 09:05:44]	我方 r->n
[2019-02-15 09:05:44]	自修 v->vl
[2019-02-15 09:05:44]	才能 n->v
[2019-02-15 09:05:44]	秒钟 n->q
[2019-02-15 09:05:44]	火烧 n->v
[2019-02-15 09:05:44]	大路 n->nz
[2019-02-15 09:05:44]	自力 n->nz
[2019-02-15 09:05:44]	女星 n->nl
[2019-02-15 09:05:44]	申请人 n->nl
[2019-02-15 09:05:44]	美女 n->nl
[2019-02-15 09:05:44]	联系人 n->nl
[2019-02-15 09:05:44]	便条 n->nl
[2019-02-15 09:05:44]	中农 n->nl
[2019-02-15 09:05:44]	人道 n->nl
[2019-02-15 09:05:44]	资本家 n->nl
[2019-02-15 09:05:44]	水车 n->nl
[2019-02-15 09:05:44]	马戏 n->nl
[2019-02-15 09:05:44]	除数 n->nz
[2019-02-15 09:05:44]	周长 n->nz
[2019-02-15 09:05:44]	小数 n->nz
[2019-02-15 09:05:44]	经线 n->nz
[2019-02-15 09:05:44]	副手 n->nz
[2019-02-15 09:05:44]	三角 n->ns
[2019-02-15 09:05:44]	切线 n->nz
[2019-02-15 09:05:44]	本着 p->nl
[2019-02-15 09:05:44]	报到 vi->v
[2019-02-15 09:05:44]	不够 a->n
[2019-02-15 09:05:44]	不满 a->v
[2019-02-15 09:05:44]	对应 vi->v
[2019-02-15 09:05:44]	后天 n->t
[2019-02-15 09:05:44]	回家 vi->v
[2019-02-15 09:05:44]	开关 n->v
[2019-02-15 09:05:44]	完了 vi->n
[2019-02-15 09:05:44]	没用 a->v
[2019-02-15 09:05:44]	难听 a->v
[2019-02-15 09:05:44]	前天 n->t
[2019-02-15 09:05:44]	上当 vi->v
[2019-02-15 09:05:44]	受不了 al->n
[2019-02-15 09:05:44]	脱钩 vi->v
[2019-02-15 09:05:44]	周到 a->an
[2019-02-15 09:05:44]	等同 vd->v
[2019-02-15 09:05:44]	有用 a->n
[2019-02-15 09:05:44]	再见 vi->v
[2019-02-15 09:05:44]	有时候 d->n
[2019-02-15 09:05:44]	由此 d->n
[2019-02-15 09:05:44]	有余 m->v
[2019-02-15 09:05:44]	请愿 vi->vn
[2019-02-15 09:05:44]	内在 b->n
[2019-02-15 09:05:44]	不好 a->n
[2019-02-15 09:05:44]	共命运 vl->nl
[2019-02-15 09:05:44]	小于 nr->v
[2019-02-15 09:09:07]	本分 a->n
[2019-02-15 09:09:07]	按时 d->n
[2019-02-15 09:09:07]	一定 b->n
[2019-02-15 09:09:07]	不结盟 vi->n
[2019-02-15 09:09:07]	不是 c->n
[2019-02-15 09:09:07]	不能 v->n
[2019-02-15 09:09:07]	不会 v->n
[2019-02-15 09:09:07]	出血 vi->n
[2019-02-15 09:09:07]	打的 v->n
[2019-02-15 09:09:07]	除外 vi->n
[2019-02-15 09:09:07]	春分 t->n
[2019-02-15 09:09:07]	从宽 d->n
[2019-02-15 09:09:07]	从重 d->n
[2019-02-15 09:09:07]	搭建 v->n
[2019-02-15 09:09:07]	大寒 t->n
[2019-02-15 09:09:07]	当面 d->n
[2019-02-15 09:09:07]	会话 v->n
[2019-02-15 09:09:07]	分米 q->n
[2019-02-15 09:09:07]	次要 b->n
[2019-02-15 09:09:07]	成心 d->n
[2019-02-15 09:09:07]	一齐 d->n
[2019-02-15 09:09:07]	还账 v->n
[2019-02-15 09:09:07]	不准 v->n
[2019-02-15 09:09:07]	看不起 v->n
[2019-02-15 09:09:07]	看得起 v->n
[2019-02-15 09:09:07]	小产 v->n
[2019-02-15 09:09:07]	天天 d->n
[2019-02-15 09:09:07]	起名 vi->n
[2019-02-15 09:09:07]	上税 v->n
[2019-02-15 09:09:07]	他俩 r->n
[2019-02-15 09:09:07]	千米 q->n
[2019-02-15 09:09:07]	是不是 v->n
[2019-02-15 09:09:07]	禁不起 v->n
[2019-02-15 09:09:07]	先后 d->n
[2019-02-15 09:09:07]	小便 v->n
[2019-02-15 09:09:07]	小满 t->n
[2019-02-15 09:09:07]	吃药 v->n
[2019-02-15 09:09:07]	一元 b->n
[2019-02-15 09:09:07]	正好 z->n
[2019-02-15 09:09:07]	对证 vn->n
[2019-02-15 09:09:07]	中档 b->n
[2019-02-15 09:09:07]	自修 v->n
[2019-02-15 09:09:07]	到底 d->n
[2019-02-15 09:09:07]	和缓 a->n
[2019-02-15 09:09:07]	人为 b->n
[2019-02-15 09:09:07]	长达 v->n
[2019-02-15 09:09:07]	上流 b->n
[2019-02-15 09:09:07]	喜好 an->n
[2019-02-15 09:09:07]	从中 d->n
[2019-02-15 09:09:07]	各人 rr->n
[2019-02-15 09:09:07]	中选 vi->n
[2019-02-15 09:09:07]	各处 rzs->n
[2019-02-15 09:09:07]	四处 d->n
[2019-02-15 09:09:07]	上岸 vi->n
[2019-02-15 09:09:07]	拨打 v->n
[2019-02-15 09:09:07]	大跌 v->n
[2019-02-15 09:09:07]	好多 m->n
[2019-02-15 09:09:07]	下学 v->n
[2019-02-15 09:09:07]	不合 v->n
[2019-02-15 09:09:07]	高等 b->n
[2019-02-15 09:09:07]	老大 a->n
[2019-02-15 09:09:07]	还给 v->n
[2019-02-15 09:09:07]	对等 vi->n
[2019-02-15 09:09:07]	有心 v->n
[2019-02-15 09:09:07]	真的 a->n
[2019-02-15 09:09:07]	大喊 v->n
[2019-02-15 09:09:07]	总会 d->n
[2019-02-15 09:09:07]	该死 vi->n
[2019-02-15 09:09:07]	一口气 d->n
[2019-02-15 09:09:07]	小气 a->n
[2019-02-15 09:09:07]	论说 vn->n
[2019-02-15 09:09:07]	中意 a->n
[2019-02-15 09:09:07]	生分 a->n
[2019-02-15 09:09:07]	内蒙古自治区 ns->n
[2019-02-15 09:09:07]	年间 f->n
[2019-02-15 09:09:07]	和暖 a->n
[2019-02-15 09:09:07]	省钱 a->n
[2019-02-15 09:09:07]	单方面 b->n
[2019-02-15 09:09:07]	早起 vi->n
[2019-02-15 09:09:07]	签定 v->n
[2019-02-15 09:09:07]	凡间 s->n
[2019-02-15 09:09:07]	就是 c->n
[2019-02-15 09:09:07]	便是 v->n
[2019-02-15 09:09:07]	国都 d->n
[2019-02-15 09:09:07]	首次 m->n
[2019-02-15 09:09:07]	睡着 v->n
[2019-02-15 09:09:07]	了得 a->n
[2019-02-15 09:09:07]	西藏自治区 ns->n
[2019-02-15 09:09:07]	想像 v->n
[2019-02-15 09:09:07]	好在 d->n
[2019-02-15 09:09:07]	往时 t->n
[2019-02-15 09:09:07]	争抢 v->n
[2019-02-15 09:09:07]	正在 d->n
[2019-02-15 09:09:07]	我方 r->n
[2019-02-15 09:09:07]	多功能 b->n
[2019-02-15 09:09:07]	黑白 b->n
[2019-02-15 09:09:07]	南北 f->n
[2019-02-15 09:09:07]	干什么 r->n
[2019-02-15 09:09:07]	不断 d->n
[2019-02-15 09:09:07]	同呼吸 vl->n
[2019-02-15 09:09:07]	日间 t->n
[2019-02-15 09:09:07]	还是 c->n
[2019-02-15 09:09:07]	有点 d->n
[2019-02-15 09:09:07]	下流 a->n
[2019-02-15 09:09:07]	怎么办 ryv->n
[2019-02-15 09:09:07]	您好 nl->n
[2019-02-15 09:09:07]	你好 vl->n
[2019-02-15 09:09:07]	交售 v->n
[2019-02-15 09:09:07]	找到 v->n
[2019-02-15 09:09:07]	从来 d->n
[2019-02-15 09:09:07]	约分 v->n
[2019-02-15 09:09:07]	正数 v->n
[2019-02-15 09:09:07]	一角 n->v
[2019-02-15 09:09:07]	除外 vi->v
[2019-02-15 09:09:07]	爱人 n->nz
[2019-02-15 09:09:07]	把手 n->nz
[2019-02-15 09:09:07]	靠山 n->nz
[2019-02-15 09:09:07]	不行 a->v
[2019-02-15 09:09:07]	不能 v->vi
[2019-02-15 09:09:07]	不会 v->vi
[2019-02-15 09:09:07]	车号 n->nz
[2019-02-15 09:09:07]	同党 n->nz
[2019-02-15 09:09:07]	打的 v->vi
[2019-02-15 09:09:07]	除法 n->nz
[2019-02-15 09:09:07]	从重 d->v
[2019-02-15 09:09:07]	搭建 v->vd
[2019-02-15 09:09:07]	四处 d->vi
[2019-02-15 09:09:07]	拨打 v->vd
[2019-02-15 09:09:07]	大跌 v->vn
[2019-02-15 09:09:07]	会话 v->vn
[2019-02-15 09:09:07]	要领 n->nz
[2019-02-15 09:09:07]	下学 v->vd
[2019-02-15 09:09:07]	分号 n->nz
[2019-02-15 09:09:07]	不合 v->n
[2019-02-15 09:09:07]	高等 b->a
[2019-02-15 09:09:07]	还给 v->vd
[2019-02-15 09:09:07]	有心 v->vd
[2019-02-15 09:09:07]	说法 n->nz
[2019-02-15 09:09:07]	大喊 v->vd
[2019-02-15 09:09:07]	好多 m->a
[2019-02-15 09:09:07]	大奖 n->nz
[2019-02-15 09:09:07]	无礼 a->ad
[2019-02-15 09:09:07]	看不起 v->vn
[2019-02-15 09:09:07]	看得起 v->vn
[2019-02-15 09:09:07]	理事 n->nz
[2019-02-15 09:09:07]	本心 n->nl
[2019-02-15 09:09:07]	论说 vn->vl
[2019-02-15 09:09:07]	他俩 r->n
[2019-02-15 09:09:07]	江米 n->nz
[2019-02-15 09:09:07]	千米 q->qv
[2019-02-15 09:09:07]	签定 v->vn
[2019-02-15 09:09:07]	好天 n->nz
[2019-02-15 09:09:07]	日食 n->nz
[2019-02-15 09:09:07]	是不是 v->vd
[2019-02-15 09:09:07]	手指 n->nz
[2019-02-15 09:09:07]	睡着 v->vd
[2019-02-15 09:09:07]	大小 n->nz
[2019-02-15 09:09:07]	了得 a->ad
[2019-02-15 09:09:07]	问号 n->nz
[2019-02-15 09:09:07]	西藏自治区 ns->nz
[2019-02-15 09:09:07]	小便 v->vi
[2019-02-15 09:09:07]	好在 d->v
[2019-02-15 09:09:07]	双眼 n->nz
[2019-02-15 09:09:07]	一元 b->nz
[2019-02-15 09:09:07]	引号 n->nz
[2019-02-15 09:09:07]	像片 n->nz
[2019-02-15 09:09:07]	争抢 v->vd
[2019-02-15 09:09:07]	小我 n->nz
[2019-02-15 09:09:07]	文字 n->nz
[2019-02-15 09:09:07]	部分 m->n
[2019-02-15 09:09:07]	别名 n->nz
[2019-02-15 09:09:07]	和缓 a->ad
[2019-02-15 09:09:07]	按时 d->ad
[2019-02-15 09:09:07]	春分 t->n
[2019-02-15 09:09:07]	知了 n->nz
[2019-02-15 09:09:07]	车次 n->nz
[2019-02-15 09:09:07]	大寒 t->nz
[2019-02-15 09:09:07]	大料 n->nz
[2019-02-15 09:09:07]	当面 d->n
[2019-02-15 09:09:07]	上岸 vi->v
[2019-02-15 09:09:07]	对仗 n->nz
[2019-02-15 09:09:07]	分米 q->qt
[2019-02-15 09:09:07]	副词 n->nz
[2019-02-15 09:09:07]	次要 b->bl
[2019-02-15 09:09:07]	成心 d->v
[2019-02-15 09:09:07]	还账 v->vi
[2019-02-15 09:09:07]	该死 vi->v
[2019-02-15 09:09:07]	长项 n->nz
[2019-02-15 09:09:07]	借条 n->nz
[2019-02-15 09:09:07]	买家 n->nz
[2019-02-15 09:09:07]	天车 n->nz
[2019-02-15 09:09:07]	东家 n->nz
[2019-02-15 09:09:07]	小气 a->ad
[2019-02-15 09:09:07]	小产 v->vi
[2019-02-15 09:09:07]	起名 vi->v
[2019-02-15 09:09:07]	生分 a->ad
[2019-02-15 09:09:07]	上税 v->vi
[2019-02-15 09:09:07]	内蒙古自治区 ns->nz
[2019-02-15 09:09:07]	拟人 n->nz
[2019-02-15 09:09:07]	年岁 n->nl
[2019-02-15 09:09:07]	年事 n->nl
[2019-02-15 09:09:07]	身段 n->nz
[2019-02-15 09:09:07]	凡间 s->n
[2019-02-15 09:09:07]	便是 v->vd
[2019-02-15 09:09:07]	收条 n->nz
[2019-02-15 09:09:07]	禁不起 v->vd
[2019-02-15 09:09:07]	书册 n->nl
[2019-02-15 09:09:07]	水笔 n->nz
[2019-02-15 09:09:07]	时价 n->nl
[2019-02-15 09:09:07]	就义 vi->v
[2019-02-15 09:09:07]	先后 d->ad
[2019-02-15 09:09:07]	想像 v->vd
[2019-02-15 09:09:07]	小寒 t->nz
[2019-02-15 09:09:07]	小满 t->nz
[2019-02-15 09:09:07]	新词 n->nl
[2019-02-15 09:09:07]	往时 t->tg
[2019-02-15 09:09:07]	意旨 n->nl
[2019-02-15 09:09:07]	图章 n->nz
[2019-02-15 09:09:07]	正好 z->tg
[2019-02-15 09:09:07]	正理 n->nl
[2019-02-15 09:09:07]	对证 vn->n
[2019-02-15 09:09:07]	中档 b->nl
[2019-02-15 09:09:07]	我方 r->n
[2019-02-15 09:09:07]	自修 v->vl
[2019-02-15 09:09:07]	才能 n->v
[2019-02-15 09:09:07]	秒钟 n->q
[2019-02-15 09:09:07]	火烧 n->v
[2019-02-15 09:09:07]	大路 n->nz
[2019-02-15 09:09:07]	自力 n->nz
[2019-02-15 09:09:07]	女星 n->nl
[2019-02-15 09:09:07]	申请人 n->nl
[2019-02-15 09:09:07]	美女 n->nl
[2019-02-15 09:09:07]	联系人 n->nl
[2019-02-15 09:09:07]	便条 n->nl
[2019-02-15 09:09:07]	中农 n->nl
[2019-02-15 09:09:07]	人道 n->nl
[2019-02-15 09:09:07]	资本家 n->nl
[2019-02-15 09:09:07]	水车 n->nl
[2019-02-15 09:09:07]	马戏 n->nl
[2019-02-15 09:09:07]	除数 n->nz
[2019-02-15 09:09:07]	周长 n->nz
[2019-02-15 09:09:07]	小数 n->nz
[2019-02-15 09:09:07]	经线 n->nz
[2019-02-15 09:09:07]	副手 n->nz
[2019-02-15 09:09:07]	三角 n->ns
[2019-02-15 09:09:07]	切线 n->nz
[2019-02-15 09:09:07]	本着 p->nl
[2019-02-15 09:09:07]	报到 vi->v
[2019-02-15 09:09:07]	不够 a->n
[2019-02-15 09:09:07]	不满 a->v
[2019-02-15 09:09:07]	不同 a->ad
[2019-02-15 09:09:07]	大使 n->nl
[2019-02-15 09:09:07]	对应 vi->v
[2019-02-15 09:09:07]	海带 n->nl
[2019-02-15 09:09:07]	后天 n->t
[2019-02-15 09:09:07]	回家 vi->v
[2019-02-15 09:09:07]	开关 n->v
[2019-02-15 09:09:07]	完了 vi->n
[2019-02-15 09:09:07]	没用 a->v
[2019-02-15 09:09:07]	难听 a->v
[2019-02-15 09:09:07]	暖和 a->ad
[2019-02-15 09:09:07]	排比 n->nz
[2019-02-15 09:09:07]	前天 n->t
[2019-02-15 09:09:07]	上当 vi->v
[2019-02-15 09:09:07]	受不了 al->n
[2019-02-15 09:09:07]	脱钩 vi->v
[2019-02-15 09:09:07]	周到 a->an
[2019-02-15 09:09:07]	等同 vd->v
[2019-02-15 09:09:07]	有用 a->n
[2019-02-15 09:09:07]	再见 vi->v
[2019-02-15 09:09:07]	有时候 d->n
[2019-02-15 09:09:07]	由此 d->n
[2019-02-15 09:09:07]	有余 m->v
[2019-02-15 09:09:07]	请愿 vi->vn
[2019-02-15 09:09:07]	内在 b->n
[2019-02-15 09:09:07]	不好 a->n
[2019-02-15 09:09:07]	共命运 vl->nl
[2019-02-15 09:09:07]	小于 nr->v
[2019-02-15 09:30:27]	本分 a->n
[2019-02-15 09:30:27]	按时 d->n
[2019-02-15 09:30:27]	一定 b->n
[2019-02-15 09:30:27]	不结盟 vi->n
[2019-02-15 09:30:27]	不是 c->n
[2019-02-15 09:30:27]	不能 v->n
[2019-02-15 09:30:27]	不会 v->n
[2019-02-15 09:30:27]	出血 vi->n
[2019-02-15 09:30:27]	打的 v->n
[2019-02-15 09:30:27]	除外 vi->n
[2019-02-15 09:30:27]	春分 t->n
[2019-02-15 09:30:27]	从宽 d->n
[2019-02-15 09:30:27]	从重 d->n
[2019-02-15 09:30:27]	搭建 v->n
[2019-02-15 09:30:27]	大寒 t->n
[2019-02-15 09:30:27]	当面 d->n
[2019-02-15 09:30:27]	会话 v->n
[2019-02-15 09:30:27]	分米 q->n
[2019-02-15 09:30:27]	次要 b->n
[2019-02-15 09:30:27]	成心 d->n
[2019-02-15 09:30:27]	一齐 d->n
[2019-02-15 09:30:27]	还账 v->n
[2019-02-15 09:30:27]	不准 v->n
[2019-02-15 09:30:27]	看不起 v->n
[2019-02-15 09:30:27]	看得起 v->n
[2019-02-15 09:30:27]	小产 v->n
[2019-02-15 09:30:27]	天天 d->n
[2019-02-15 09:30:27]	起名 vi->n
[2019-02-15 09:30:27]	上税 v->n
[2019-02-15 09:30:27]	他俩 r->n
[2019-02-15 09:30:27]	千米 q->n
[2019-02-15 09:30:27]	是不是 v->n
[2019-02-15 09:30:27]	禁不起 v->n
[2019-02-15 09:30:27]	先后 d->n
[2019-02-15 09:30:27]	小便 v->n
[2019-02-15 09:30:27]	小满 t->n
[2019-02-15 09:30:27]	吃药 v->n
[2019-02-15 09:30:27]	一元 b->n
[2019-02-15 09:30:27]	正好 z->n
[2019-02-15 09:30:27]	对证 vn->n
[2019-02-15 09:30:27]	中档 b->n
[2019-02-15 09:30:27]	自修 v->n
[2019-02-15 09:30:27]	到底 d->n
[2019-02-15 09:30:27]	和缓 a->n
[2019-02-15 09:30:27]	人为 b->n
[2019-02-15 09:30:27]	长达 v->n
[2019-02-15 09:30:27]	上流 b->n
[2019-02-15 09:30:27]	喜好 an->n
[2019-02-15 09:30:27]	从中 d->n
[2019-02-15 09:30:27]	各人 rr->n
[2019-02-15 09:30:27]	中选 vi->n
[2019-02-15 09:30:27]	各处 rzs->n
[2019-02-15 09:30:27]	四处 d->n
[2019-02-15 09:30:27]	上岸 vi->n
[2019-02-15 09:30:27]	拨打 v->n
[2019-02-15 09:30:27]	大跌 v->n
[2019-02-15 09:30:27]	好多 m->n
[2019-02-15 09:30:27]	下学 v->n
[2019-02-15 09:30:27]	不合 v->n
[2019-02-15 09:30:27]	高等 b->n
[2019-02-15 09:30:27]	老大 a->n
[2019-02-15 09:30:27]	还给 v->n
[2019-02-15 09:30:27]	对等 vi->n
[2019-02-15 09:30:27]	有心 v->n
[2019-02-15 09:30:27]	真的 a->n
[2019-02-15 09:30:27]	大喊 v->n
[2019-02-15 09:30:27]	总会 d->n
[2019-02-15 09:30:27]	该死 vi->n
[2019-02-15 09:30:27]	一口气 d->n
[2019-02-15 09:30:27]	小气 a->n
[2019-02-15 09:30:27]	论说 vn->n
[2019-02-15 09:30:27]	中意 a->n
[2019-02-15 09:30:27]	生分 a->n
[2019-02-15 09:30:27]	内蒙古自治区 ns->n
[2019-02-15 09:30:27]	年间 f->n
[2019-02-15 09:30:27]	和暖 a->n
[2019-02-15 09:30:27]	省钱 a->n
[2019-02-15 09:30:27]	单方面 b->n
[2019-02-15 09:30:27]	早起 vi->n
[2019-02-15 09:30:27]	签定 v->n
[2019-02-15 09:30:27]	凡间 s->n
[2019-02-15 09:30:27]	就是 c->n
[2019-02-15 09:30:27]	便是 v->n
[2019-02-15 09:30:27]	国都 d->n
[2019-02-15 09:30:27]	首次 m->n
[2019-02-15 09:30:27]	睡着 v->n
[2019-02-15 09:30:27]	了得 a->n
[2019-02-15 09:30:27]	西藏自治区 ns->n
[2019-02-15 09:30:27]	想像 v->n
[2019-02-15 09:30:27]	好在 d->n
[2019-02-15 09:30:27]	往时 t->n
[2019-02-15 09:30:27]	争抢 v->n
[2019-02-15 09:30:27]	正在 d->n
[2019-02-15 09:30:27]	我方 r->n
[2019-02-15 09:30:27]	多功能 b->n
[2019-02-15 09:30:27]	黑白 b->n
[2019-02-15 09:30:27]	南北 f->n
[2019-02-15 09:30:27]	干什么 r->n
[2019-02-15 09:30:27]	不断 d->n
[2019-02-15 09:30:27]	同呼吸 vl->n
[2019-02-15 09:30:27]	日间 t->n
[2019-02-15 09:30:27]	还是 c->n
[2019-02-15 09:30:27]	有点 d->n
[2019-02-15 09:30:27]	下流 a->n
[2019-02-15 09:30:27]	怎么办 ryv->n
[2019-02-15 09:30:27]	您好 nl->n
[2019-02-15 09:30:27]	你好 vl->n
[2019-02-15 09:30:27]	交售 v->n
[2019-02-15 09:30:27]	找到 v->n
[2019-02-15 09:30:27]	从来 d->n
[2019-02-15 09:30:27]	约分 v->n
[2019-02-15 09:30:27]	正数 v->n
[2019-02-15 09:30:27]	除外 vi->n
[2019-02-15 09:30:27]	不行 a->n
[2019-02-15 09:30:27]	不能 v->n
[2019-02-15 09:30:27]	不会 v->n
[2019-02-15 09:30:27]	打的 v->n
[2019-02-15 09:30:27]	从重 d->n
[2019-02-15 09:30:27]	搭建 v->n
[2019-02-15 09:30:27]	四处 d->n
[2019-02-15 09:30:27]	拨打 v->n
[2019-02-15 09:30:27]	大跌 v->n
[2019-02-15 09:30:27]	会话 v->n
[2019-02-15 09:30:27]	下学 v->n
[2019-02-15 09:30:27]	不合 v->n
[2019-02-15 09:30:27]	高等 b->n
[2019-02-15 09:30:27]	还给 v->n
[2019-02-15 09:30:27]	有心 v->n
[2019-02-15 09:30:27]	大喊 v->n
[2019-02-15 09:30:27]	好多 m->n
[2019-02-15 09:30:27]	无礼 a->n
[2019-02-15 09:30:27]	看不起 v->n
[2019-02-15 09:30:27]	看得起 v->n
[2019-02-15 09:30:27]	论说 vn->n
[2019-02-15 09:30:27]	他俩 r->n
[2019-02-15 09:30:27]	千米 q->n
[2019-02-15 09:30:27]	签定 v->n
[2019-02-15 09:30:27]	是不是 v->n
[2019-02-15 09:30:27]	睡着 v->n
[2019-02-15 09:30:27]	了得 a->n
[2019-02-15 09:30:27]	西藏自治区 ns->n
[2019-02-15 09:30:27]	小便 v->n
[2019-02-15 09:30:27]	好在 d->n
[2019-02-15 09:30:27]	一元 b->n
[2019-02-15 09:30:27]	争抢 v->n
[2019-02-15 09:30:27]	部分 m->n
[2019-02-15 09:30:27]	和缓 a->n
[2019-02-15 09:30:27]	按时 d->n
[2019-02-15 09:30:27]	春分 t->n
[2019-02-15 09:30:27]	大寒 t->n
[2019-02-15 09:30:27]	当面 d->n
[2019-02-15 09:30:27]	上岸 vi->n
[2019-02-15 09:30:27]	分米 q->n
[2019-02-15 09:30:27]	次要 b->n
[2019-02-15 09:30:27]	成心 d->n
[2019-02-15 09:30:27]	还账 v->n
[2019-02-15 09:30:27]	该死 vi->n
[2019-02-15 09:30:27]	小气 a->n
[2019-02-15 09:30:27]	小产 v->n
[2019-02-15 09:30:27]	起名 vi->n
[2019-02-15 09:30:27]	生分 a->n
[2019-02-15 09:30:27]	上税 v->n
[2019-02-15 09:30:27]	内蒙古自治区 ns->n
[2019-02-15 09:30:27]	凡间 s->n
[2019-02-15 09:30:27]	便是 v->n
[2019-02-15 09:30:27]	禁不起 v->n
[2019-02-15 09:30:27]	就义 vi->n
[2019-02-15 09:30:27]	先后 d->n
[2019-02-15 09:30:27]	想像 v->n
[2019-02-15 09:30:27]	小寒 t->n
[2019-02-15 09:30:27]	小满 t->n
[2019-02-15 09:30:27]	往时 t->n
[2019-02-15 09:30:27]	正好 z->n
[2019-02-15 09:30:27]	对证 vn->n
[2019-02-15 09:30:27]	中档 b->n
[2019-02-15 09:30:27]	我方 r->n
[2019-02-15 09:30:27]	自修 v->n
[2019-02-15 09:30:27]	本着 p->n
[2019-02-15 09:30:27]	报到 vi->n
[2019-02-15 09:30:27]	不够 a->n
[2019-02-15 09:30:27]	不满 a->n
[2019-02-15 09:30:27]	不同 a->n
[2019-02-15 09:30:27]	对应 vi->n
[2019-02-15 09:30:27]	回家 vi->n
[2019-02-15 09:30:27]	完了 vi->n
[2019-02-15 09:30:27]	没用 a->n
[2019-02-15 09:30:27]	难听 a->n
[2019-02-15 09:30:27]	暖和 a->n
[2019-02-15 09:30:27]	上当 vi->n
[2019-02-15 09:30:27]	受不了 al->n
[2019-02-15 09:30:27]	从而 c->n
[2019-02-15 09:30:27]	脱钩 vi->n
[2019-02-15 09:30:27]	周到 a->n
[2019-02-15 09:30:27]	等同 vd->n
[2019-02-15 09:30:27]	将来 t->n
[2019-02-15 09:30:27]	有用 a->n
[2019-02-15 09:30:27]	再见 vi->n
[2019-02-15 09:30:27]	重听 a->n
[2019-02-15 09:30:27]	出让 v->n
[2019-02-15 09:30:27]	外在 b->n
[2019-02-15 09:30:27]	有时候 d->n
[2019-02-15 09:30:27]	难看 a->n
[2019-02-15 09:30:27]	由此 d->n
[2019-02-15 09:30:27]	有余 m->n
[2019-02-15 09:30:27]	经由 p->n
[2019-02-15 09:30:27]	支使 v->n
[2019-02-15 09:30:27]	请愿 vi->n
[2019-02-15 09:30:27]	朝着 p->n
[2019-02-15 09:30:27]	从前 t->n
[2019-02-15 09:30:27]	内在 b->n
[2019-02-15 09:30:27]	低下 a->n
[2019-02-15 09:30:27]	当中 f->n
[2019-02-15 09:30:27]	末了 t->n
[2019-02-15 09:30:27]	不好 a->n
[2019-02-15 09:30:27]	义务教育 nl->n
[2019-02-15 09:30:27]	共命运 vl->n
[2019-02-15 09:30:27]	附和 v->n
[2019-02-15 09:30:27]	小于 nr->n
[2019-02-15 09:30:27]	不但 c->n
[2019-02-15 09:30:27]	难过 a->n
