[2019-04-17 17:19:04]	本分 a->n
[2019-04-17 17:19:04]	按时 d->n
[2019-04-17 17:19:04]	一定 b->n
[2019-04-17 17:19:04]	不结盟 vi->n
[2019-04-17 17:19:04]	不是 c->n
[2019-04-17 17:19:04]	不能 v->n
[2019-04-17 17:19:04]	不会 v->n
[2019-04-17 17:19:04]	出血 vi->n
[2019-04-17 17:19:04]	打的 v->n
[2019-04-17 17:19:04]	除外 vi->n
[2019-04-17 17:19:04]	春分 t->n
[2019-04-17 17:19:04]	从宽 d->n
[2019-04-17 17:19:04]	从重 d->n
[2019-04-17 17:19:04]	搭建 v->n
[2019-04-17 17:19:04]	大寒 t->n
[2019-04-17 17:19:04]	当面 d->n
[2019-04-17 17:19:04]	会话 v->n
[2019-04-17 17:19:04]	分米 q->n
[2019-04-17 17:19:04]	次要 b->n
[2019-04-17 17:19:04]	成心 d->n
[2019-04-17 17:19:04]	一齐 d->n
[2019-04-17 17:19:04]	还账 v->n
[2019-04-17 17:19:04]	不准 v->n
[2019-04-17 17:19:04]	看不起 v->n
[2019-04-17 17:19:04]	看得起 v->n
[2019-04-17 17:19:04]	小产 v->n
[2019-04-17 17:19:04]	天天 d->n
[2019-04-17 17:19:04]	起名 vi->n
[2019-04-17 17:19:04]	上税 v->n
[2019-04-17 17:19:04]	他俩 r->n
[2019-04-17 17:19:04]	千米 q->n
[2019-04-17 17:19:04]	是不是 v->n
[2019-04-17 17:19:04]	禁不起 v->n
[2019-04-17 17:19:04]	先后 d->n
[2019-04-17 17:19:04]	小便 v->n
[2019-04-17 17:19:04]	小满 t->n
[2019-04-17 17:19:04]	吃药 v->n
[2019-04-17 17:19:04]	一元 b->n
[2019-04-17 17:19:04]	正好 z->n
[2019-04-17 17:19:04]	对证 vn->n
[2019-04-17 17:19:04]	中档 b->n
[2019-04-17 17:19:04]	自修 v->n
[2019-04-17 17:19:04]	到底 d->n
[2019-04-17 17:19:04]	和缓 a->n
[2019-04-17 17:19:04]	人为 b->n
[2019-04-17 17:19:04]	长达 v->n
[2019-04-17 17:19:04]	上流 b->n
[2019-04-17 17:19:04]	喜好 an->n
[2019-04-17 17:19:04]	从中 d->n
[2019-04-17 17:19:04]	各人 rr->n
[2019-04-17 17:19:04]	中选 vi->n
[2019-04-17 17:19:04]	各处 rzs->n
[2019-04-17 17:19:04]	四处 d->n
[2019-04-17 17:19:04]	上岸 vi->n
[2019-04-17 17:19:04]	拨打 v->n
[2019-04-17 17:19:04]	大跌 v->n
[2019-04-17 17:19:04]	好多 m->n
[2019-04-17 17:19:04]	下学 v->n
[2019-04-17 17:19:04]	不合 v->n
[2019-04-17 17:19:04]	高等 b->n
[2019-04-17 17:19:04]	老大 a->n
[2019-04-17 17:19:04]	还给 v->n
[2019-04-17 17:19:04]	对等 vi->n
[2019-04-17 17:19:04]	有心 v->n
[2019-04-17 17:19:04]	真的 a->n
[2019-04-17 17:19:04]	大喊 v->n
[2019-04-17 17:19:04]	总会 d->n
[2019-04-17 17:19:04]	该死 vi->n
[2019-04-17 17:19:04]	一口气 d->n
[2019-04-17 17:19:04]	小气 a->n
[2019-04-17 17:19:04]	论说 vn->n
[2019-04-17 17:19:04]	中意 a->n
[2019-04-17 17:19:04]	生分 a->n
[2019-04-17 17:19:04]	内蒙古自治区 ns->n
[2019-04-17 17:19:04]	年间 f->n
[2019-04-17 17:19:04]	和暖 a->n
[2019-04-17 17:19:04]	省钱 a->n
[2019-04-17 17:19:04]	单方面 b->n
[2019-04-17 17:19:04]	早起 vi->n
[2019-04-17 17:19:04]	签定 v->n
[2019-04-17 17:19:04]	凡间 s->n
[2019-04-17 17:19:04]	就是 c->n
[2019-04-17 17:19:04]	便是 v->n
[2019-04-17 17:19:04]	国都 d->n
[2019-04-17 17:19:04]	首次 m->n
[2019-04-17 17:19:04]	睡着 v->n
[2019-04-17 17:19:04]	了得 a->n
[2019-04-17 17:19:04]	西藏自治区 ns->n
[2019-04-17 17:19:04]	想像 v->n
[2019-04-17 17:19:04]	好在 d->n
[2019-04-17 17:19:04]	往时 t->n
[2019-04-17 17:19:04]	争抢 v->n
[2019-04-17 17:19:04]	正在 d->n
[2019-04-17 17:19:04]	我方 r->n
[2019-04-17 17:19:04]	多功能 b->n
[2019-04-17 17:19:04]	黑白 b->n
[2019-04-17 17:19:04]	南北 f->n
[2019-04-17 17:19:04]	干什么 r->n
[2019-04-17 17:19:04]	不断 d->n
[2019-04-17 17:19:04]	同呼吸 vl->n
[2019-04-17 17:19:04]	日间 t->n
[2019-04-17 17:19:04]	还是 c->n
[2019-04-17 17:19:04]	有点 d->n
[2019-04-17 17:19:04]	下流 a->n
[2019-04-17 17:19:04]	怎么办 ryv->n
[2019-04-17 17:19:04]	您好 nl->n
[2019-04-17 17:19:04]	你好 vl->n
[2019-04-17 17:19:04]	交售 v->n
[2019-04-17 17:19:04]	找到 v->n
[2019-04-17 17:19:04]	从来 d->n
[2019-04-17 17:19:04]	约分 v->n
[2019-04-17 17:19:04]	正数 v->n
[2019-04-17 17:19:04]	他人 rr->n
[2019-04-17 17:19:04]	不论 c->n
[2019-04-17 17:19:04]	不管 c->n
[2019-04-17 17:19:04]	出事 vi->n
[2019-04-17 17:19:04]	从此 d->n
[2019-04-17 17:19:04]	当时 t->n
[2019-04-17 17:19:04]	对话 vi->n
[2019-04-17 17:19:04]	吃饭 vi->n
[2019-04-17 17:19:04]	更新 v->n
[2019-04-17 17:19:04]	讲课 vi->n
[2019-04-17 17:19:04]	尽心 a->n
[2019-04-17 17:19:04]	立方 q->n
[2019-04-17 17:19:04]	没关系 vl->n
[2019-04-17 17:19:04]	遍地 vd->n
[2019-04-17 17:19:04]	开车 vi->n
[2019-04-17 17:19:04]	因此 c->n
[2019-04-17 17:19:04]	将来 t->n
[2019-04-17 17:19:04]	以前 f->n
[2019-04-17 17:19:04]	先前 t->n
[2019-04-17 17:19:04]	早上 t->n
[2019-04-17 17:19:04]	正月 t->n
[2019-04-17 17:19:04]	难看 a->n
[2019-04-17 17:19:04]	对头 a->n
[2019-04-17 17:19:04]	正当 a->n
[2019-04-17 17:19:04]	不容 v->n
[2019-04-17 17:19:04]	出手 vi->n
[2019-04-17 17:19:04]	着手 v->n
[2019-04-17 17:19:04]	不错 a->n
[2019-04-17 17:19:04]	不便 a->n
[2019-04-17 17:19:04]	得手 a->n
[2019-04-17 17:19:04]	说话 vi->n
[2019-04-17 17:19:04]	特等 b->n
[2019-04-17 17:19:04]	住手 vi->n
[2019-04-17 17:19:04]	共事 vi->n
[2019-04-17 17:19:04]	从前 t->n
[2019-04-17 17:19:04]	已往 t->n
[2019-04-17 17:19:04]	低下 a->n
[2019-04-17 17:19:04]	当中 f->n
[2019-04-17 17:19:04]	不易 a->n
[2019-04-17 17:19:04]	不可 d->n
[2019-04-17 17:19:04]	至此 d->n
[2019-04-17 17:19:04]	不顾 v->n
[2019-04-17 17:19:04]	正派 a->n
[2019-04-17 17:19:04]	不然 a->n
[2019-04-17 17:19:04]	某人 rr->n
[2019-04-17 17:19:04]	一角 n->v
[2019-04-17 17:19:04]	除外 vi->v
[2019-04-17 17:19:04]	爱人 n->nz
[2019-04-17 17:19:04]	把手 n->nz
[2019-04-17 17:19:04]	靠山 n->nz
[2019-04-17 17:19:04]	不行 a->v
[2019-04-17 17:19:04]	不能 v->vi
[2019-04-17 17:19:04]	不会 v->vi
[2019-04-17 17:19:04]	车号 n->nz
[2019-04-17 17:19:04]	同党 n->nz
[2019-04-17 17:19:04]	打的 v->vi
[2019-04-17 17:19:04]	除法 n->nz
[2019-04-17 17:19:04]	从重 d->v
[2019-04-17 17:19:04]	搭建 v->vd
[2019-04-17 17:19:04]	四处 d->vi
[2019-04-17 17:19:04]	拨打 v->vd
[2019-04-17 17:19:04]	大跌 v->vn
[2019-04-17 17:19:04]	会话 v->vn
[2019-04-17 17:19:04]	要领 n->nz
[2019-04-17 17:19:04]	下学 v->vd
[2019-04-17 17:19:04]	分号 n->nz
[2019-04-17 17:19:04]	不合 v->n
[2019-04-17 17:19:04]	高等 b->a
[2019-04-17 17:19:04]	还给 v->vd
[2019-04-17 17:19:04]	有心 v->vd
[2019-04-17 17:19:04]	说法 n->nz
[2019-04-17 17:19:04]	大喊 v->vd
[2019-04-17 17:19:04]	好多 m->a
[2019-04-17 17:19:04]	大奖 n->nz
[2019-04-17 17:19:04]	无礼 a->ad
[2019-04-17 17:19:04]	看不起 v->vn
[2019-04-17 17:19:04]	看得起 v->vn
[2019-04-17 17:19:04]	理事 n->nz
[2019-04-17 17:19:04]	本心 n->nl
[2019-04-17 17:19:04]	论说 vn->vl
[2019-04-17 17:19:04]	他俩 r->n
[2019-04-17 17:19:04]	江米 n->nz
[2019-04-17 17:19:04]	千米 q->qv
[2019-04-17 17:19:04]	签定 v->vn
[2019-04-17 17:19:04]	好天 n->nz
[2019-04-17 17:19:04]	日食 n->nz
[2019-04-17 17:19:04]	是不是 v->vd
[2019-04-17 17:19:04]	手指 n->nz
[2019-04-17 17:19:04]	睡着 v->vd
[2019-04-17 17:19:04]	大小 n->nz
[2019-04-17 17:19:04]	了得 a->ad
[2019-04-17 17:19:04]	问号 n->nz
[2019-04-17 17:19:04]	西藏自治区 ns->nz
[2019-04-17 17:19:04]	小便 v->vi
[2019-04-17 17:19:04]	好在 d->v
[2019-04-17 17:19:04]	双眼 n->nz
[2019-04-17 17:19:04]	一元 b->nz
[2019-04-17 17:19:04]	引号 n->nz
[2019-04-17 17:19:04]	像片 n->nz
[2019-04-17 17:19:04]	争抢 v->vd
[2019-04-17 17:19:04]	小我 n->nz
[2019-04-17 17:19:04]	文字 n->nz
[2019-04-17 17:19:04]	部分 m->n
[2019-04-17 17:19:04]	别名 n->nz
[2019-04-17 17:19:04]	和缓 a->ad
[2019-04-17 17:19:04]	按时 d->ad
[2019-04-17 17:19:04]	春分 t->n
[2019-04-17 17:19:04]	知了 n->nz
[2019-04-17 17:19:04]	车次 n->nz
[2019-04-17 17:19:04]	大寒 t->nz
[2019-04-17 17:19:04]	大料 n->nz
[2019-04-17 17:19:04]	当面 d->n
[2019-04-17 17:19:04]	上岸 vi->v
[2019-04-17 17:19:04]	对仗 n->nz
[2019-04-17 17:19:04]	分米 q->qt
[2019-04-17 17:19:04]	副词 n->nz
[2019-04-17 17:19:04]	次要 b->bl
[2019-04-17 17:19:04]	成心 d->v
[2019-04-17 17:19:04]	还账 v->vi
[2019-04-17 17:19:04]	该死 vi->v
[2019-04-17 17:19:04]	长项 n->nz
[2019-04-17 17:19:04]	借条 n->nz
[2019-04-17 17:19:04]	买家 n->nz
[2019-04-17 17:19:04]	天车 n->nz
[2019-04-17 17:19:04]	东家 n->nz
[2019-04-17 17:19:04]	小气 a->ad
[2019-04-17 17:19:04]	小产 v->vi
[2019-04-17 17:19:04]	起名 vi->v
[2019-04-17 17:19:04]	生分 a->ad
[2019-04-17 17:19:04]	上税 v->vi
[2019-04-17 17:19:04]	内蒙古自治区 ns->nz
[2019-04-17 17:19:04]	拟人 n->nz
[2019-04-17 17:19:04]	年岁 n->nl
[2019-04-17 17:19:04]	年事 n->nl
[2019-04-17 17:19:04]	身段 n->nz
[2019-04-17 17:19:04]	凡间 s->n
[2019-04-17 17:19:04]	便是 v->vd
[2019-04-17 17:19:04]	收条 n->nz
[2019-04-17 17:19:04]	禁不起 v->vd
[2019-04-17 17:19:04]	书册 n->nl
[2019-04-17 17:19:04]	水笔 n->nz
[2019-04-17 17:19:04]	时价 n->nl
[2019-04-17 17:19:04]	就义 vi->v
[2019-04-17 17:19:04]	先后 d->ad
[2019-04-17 17:19:04]	想像 v->vd
[2019-04-17 17:19:04]	小寒 t->nz
[2019-04-17 17:19:04]	小满 t->nz
[2019-04-17 17:19:04]	新词 n->nl
[2019-04-17 17:19:04]	往时 t->tg
[2019-04-17 17:19:04]	意旨 n->nl
[2019-04-17 17:19:04]	图章 n->nz
[2019-04-17 17:19:04]	正好 z->tg
[2019-04-17 17:19:04]	正理 n->nl
[2019-04-17 17:19:04]	对证 vn->n
[2019-04-17 17:19:04]	中档 b->nl
[2019-04-17 17:19:04]	我方 r->n
[2019-04-17 17:19:04]	自修 v->vl
[2019-04-17 17:19:04]	才能 n->v
[2019-04-17 17:19:04]	秒钟 n->q
[2019-04-17 17:19:04]	火烧 n->v
[2019-04-17 17:19:04]	大路 n->nz
[2019-04-17 17:19:04]	自力 n->nz
[2019-04-17 17:19:04]	女星 n->nl
[2019-04-17 17:19:04]	申请人 n->nl
[2019-04-17 17:19:04]	美女 n->nl
[2019-04-17 17:19:04]	联系人 n->nl
[2019-04-17 17:19:04]	便条 n->nl
[2019-04-17 17:19:04]	中农 n->nl
[2019-04-17 17:19:04]	人道 n->nl
[2019-04-17 17:19:04]	资本家 n->nl
[2019-04-17 17:19:04]	水车 n->nl
[2019-04-17 17:19:04]	马戏 n->nl
[2019-04-17 17:19:04]	除数 n->nz
[2019-04-17 17:19:04]	周长 n->nz
[2019-04-17 17:19:04]	小数 n->nz
[2019-04-17 17:19:04]	经线 n->nz
[2019-04-17 17:19:04]	副手 n->nz
[2019-04-17 17:19:04]	三角 n->ns
[2019-04-17 17:19:04]	切线 n->nz
[2019-04-17 17:19:04]	本着 p->nl
[2019-04-17 17:19:04]	报到 vi->v
[2019-04-17 17:19:04]	不够 a->n
[2019-04-17 17:19:04]	不满 a->v
[2019-04-17 17:19:04]	不同 a->ad
[2019-04-17 17:19:04]	大使 n->nl
[2019-04-17 17:19:04]	对应 vi->v
[2019-04-17 17:19:04]	海带 n->nl
[2019-04-17 17:19:04]	后天 n->t
[2019-04-17 17:19:04]	回家 vi->v
[2019-04-17 17:19:04]	开关 n->v
[2019-04-17 17:19:04]	完了 vi->n
[2019-04-17 17:19:04]	没用 a->v
[2019-04-17 17:19:04]	难听 a->v
[2019-04-17 17:19:04]	暖和 a->ad
[2019-04-17 17:19:04]	排比 n->nz
[2019-04-17 17:19:04]	前天 n->t
[2019-04-17 17:19:04]	上当 vi->v
[2019-04-17 17:19:04]	受不了 al->n
[2019-04-17 17:19:04]	从而 c->cc
[2019-04-17 17:19:04]	图像 n->nl
[2019-04-17 17:19:04]	脱钩 vi->v
[2019-04-17 17:19:04]	周到 a->an
[2019-04-17 17:19:04]	等同 vd->v
[2019-04-17 17:19:04]	有用 a->n
[2019-04-17 17:19:04]	再见 vi->v
[2019-04-17 17:19:04]	有时候 d->n
[2019-04-17 17:19:04]	由此 d->n
[2019-04-17 17:19:04]	有余 m->v
[2019-04-17 17:19:04]	请愿 vi->vn
[2019-04-17 17:19:04]	内在 b->n
[2019-04-17 17:19:04]	不好 a->n
[2019-04-17 17:19:04]	共命运 vl->nl
[2019-04-17 17:19:04]	小于 nr->v
[2019-04-17 17:19:04]	大人 n->nl
[2019-04-17 17:19:04]	乘法 n->nl
[2019-04-17 17:19:04]	对手 n->nl
[2019-04-17 17:19:04]	对方 n->nl
[2019-04-17 17:19:04]	成人 n->nl
[2019-04-17 17:19:04]	所在 n->nl
[2019-04-17 17:19:04]	全年 n->nl
[2019-04-17 17:19:04]	年轻人 n->nl
[2019-04-17 17:19:04]	双手 n->nl
[2019-04-17 17:19:04]	亮点 n->nl
[2019-04-17 17:19:04]	所长 n->nl
[2019-04-17 17:19:04]	天下 n->nl
[2019-04-17 17:19:04]	先人 n->nl
[2019-04-17 17:19:04]	正常人 n->nl
[2019-04-17 17:19:04]	好人 n->nl
[2019-04-17 17:19:04]	国家队 n->nl
[2019-04-17 17:19:04]	党派 n->nl
[2019-04-17 17:19:04]	乘方 n->nl
[2019-04-17 17:19:04]	嗨 e->nl
[2019-04-17 17:19:04]	个人 n->nl
[2019-04-17 17:19:04]	整年 d->n
[2019-04-17 17:19:04]	有声 b->n
[2019-04-17 17:19:04]	新增 v->n
[2019-04-17 17:19:04]	上册 n->nl
