[2019-01-22 16:38:38]	爱 b->v
[2019-01-22 16:38:38]	安 ag->v
[2019-01-22 16:38:38]	安定 a->an
[2019-01-22 16:38:38]	本分 a->n
[2019-01-22 16:38:38]	宁静 a->an
[2019-01-22 16:38:38]	安宁 a->an
[2019-01-22 16:38:38]	安谧 a->an
[2019-01-22 16:38:38]	和缓 a->ad
[2019-01-22 16:38:38]	太平 a->ns
[2019-01-22 16:38:38]	安全 a->an
[2019-01-22 16:38:38]	安慰 a->v
[2019-01-22 16:38:38]	按时 d->ad
[2019-01-22 16:38:38]	昂首 vd->vi
[2019-01-22 16:38:38]	昂扬 a->v
[2019-01-22 16:38:38]	后悔 a->v
[2019-01-22 16:38:38]	八宝粥 n->gms
[2019-01-22 16:38:38]	把 m->v
[2019-01-22 16:38:38]	百合 n->nr
[2019-01-22 16:38:38]	绊 ng->v
[2019-01-22 16:38:38]	棒 a->ng
[2019-01-22 16:38:38]	包 n->v
[2019-01-22 16:38:38]	折 ng->vi
[2019-01-22 16:38:38]	叠 q->v
[2019-01-22 16:38:38]	包子 n->gms
[2019-01-22 16:38:38]	保安 b->n
[2019-01-22 16:38:38]	保障 n->v
[2019-01-22 16:38:38]	保健 b->n
[2019-01-22 16:38:38]	封闭 a->v
[2019-01-22 16:38:38]	保险 a->n
[2019-01-22 16:38:38]	保证 n->v
[2019-01-22 16:38:38]	不好意思 a->vl
[2019-01-22 16:38:38]	背 a->v
[2019-01-22 16:38:38]	被 d->pbei
[2019-01-22 16:38:38]	必然 b->n
[2019-01-22 16:38:38]	一定 b->d
[2019-01-22 16:38:38]	边 b->n
[2019-01-22 16:38:38]	边缘 b->n
[2019-01-22 16:38:38]	边防 b->n
[2019-01-22 16:38:38]	边陲 n->s
[2019-01-22 16:38:38]	变化 v->vn
[2019-01-22 16:38:38]	标准 a->n
[2019-01-22 16:38:38]	规范 a->v
[2019-01-22 16:38:38]	飞跃 vi->vn
[2019-01-22 16:38:38]	口头 d->n
[2019-01-22 16:38:38]	表现 n->v
[2019-01-22 16:38:38]	别名 n->nz
[2019-01-22 16:38:38]	做作 a->v
[2019-01-22 16:38:38]	拨 q->v
[2019-01-22 16:38:38]	奔腾 nz->vi
[2019-01-22 16:38:38]	盘剥 v->vn
[2019-01-22 16:38:38]	补偿 v->vn
[2019-01-22 16:38:38]	甭 d->v
[2019-01-22 16:38:38]	不安 a->an
[2019-01-22 16:38:38]	焦虑 a->an
[2019-01-22 16:38:38]	恐慌 a->an
[2019-01-22 16:38:38]	不满 a->an
[2019-01-22 16:38:38]	例外 n->vi
[2019-01-22 16:38:38]	不幸 a->n
[2019-01-22 16:38:38]	部分 m->n
[2019-01-22 16:38:38]	华 ag->b
[2019-01-22 16:38:38]	愧疚 a->an
[2019-01-22 16:38:38]	辉煌 a->an
[2019-01-22 16:38:38]	绚烂 a->an
[2019-01-22 16:38:38]	仓储 n->vn
[2019-01-22 16:38:38]	费心 a->v
[2019-01-22 16:38:38]	迥异 a->z
[2019-01-22 16:38:38]	叶 n->ng
[2019-01-22 16:38:38]	拆解 v->vn
[2019-01-22 16:38:38]	知了 n->nz
[2019-01-22 16:38:38]	长春 ns->nz
[2019-01-22 16:38:38]	经常 b->d
[2019-01-22 16:38:38]	超 h->v
[2019-01-22 16:38:38]	超产 v->vn
[2019-01-22 16:38:38]	超支 n->v
[2019-01-22 16:38:38]	车次 n->nz
[2019-01-22 16:38:38]	沉淀 n->vi
[2019-01-22 16:38:38]	尽职 vd->vi
[2019-01-22 16:38:38]	诚心 a->n
[2019-01-22 16:38:38]	党羽 n->nz
[2019-01-22 16:38:38]	冲突 vi->vn
[2019-01-22 16:38:38]	倾心 ad->vi
[2019-01-22 16:38:38]	喜好 an->v
[2019-01-22 16:38:38]	空洞 a->n
[2019-01-22 16:38:38]	抽样 vd->vi
[2019-01-22 16:38:38]	臭豆腐 n->gms
[2019-01-22 16:38:38]	出口 n->vi
[2019-01-22 16:38:38]	肇事 vi->vn
[2019-01-22 16:38:38]	出租 n->v
[2019-01-22 16:38:38]	先期 b->d
[2019-01-22 16:38:38]	除外 vi->v
[2019-01-22 16:38:38]	装 n->v
[2019-01-22 16:38:38]	传统 a->n
[2019-01-22 16:38:38]	船 n->gjtgj
[2019-01-22 16:38:38]	轮船 n->gjtgj
[2019-01-22 16:38:38]	船舶 n->gjtgj
[2019-01-22 16:38:38]	春分 t->n
[2019-01-22 16:38:38]	刺 n->v
[2019-01-22 16:38:38]	睿智 a->an
[2019-01-22 16:38:38]	智慧 a->n
[2019-01-22 16:38:38]	从 d->p
[2019-01-22 16:38:38]	自 d->p
[2019-01-22 16:38:38]	粗心 a->an
[2019-01-22 16:38:38]	大意 a->n
[2019-01-22 16:38:38]	酸 a->n
[2019-01-22 16:38:38]	摩擦 v->vn
[2019-01-22 16:38:38]	坎坷 a->an
[2019-01-22 16:38:38]	错误 a->n
[2019-01-22 16:38:38]	达标 vd->vi
[2019-01-22 16:38:38]	答复 n->v
[2019-01-22 16:38:38]	打 p->v
[2019-01-22 16:38:38]	狩猎 n->vi
[2019-01-22 16:38:38]	打算 n->v
[2019-01-22 16:38:38]	大寒 t->nz
[2019-01-22 16:38:38]	大家 n->rr
[2019-01-22 16:38:38]	大料 n->nz
[2019-01-22 16:38:38]	大致 b->d
[2019-01-22 16:38:38]	呆 a->v
[2019-01-22 16:38:38]	代办 n->v
[2019-01-22 16:38:38]	代理 n->v
[2019-01-22 16:38:38]	带 n->v
[2019-01-22 16:38:38]	带子 n->v
[2019-01-22 16:38:38]	条 ng->q
[2019-01-22 16:38:38]	戴 nr1->v
[2019-01-22 16:38:38]	单 b->d
[2019-01-22 16:38:38]	单独 b->d
[2019-01-22 16:38:38]	当面 d->n
[2019-01-22 16:38:38]	那天 r->t
[2019-01-22 16:38:38]	挡 n->v
[2019-01-22 16:38:38]	的 n->ude1
[2019-01-22 16:38:38]	得 ude3->v
[2019-01-22 16:38:38]	到 p->v
[2019-01-22 16:38:38]	倒 d->vi
[2019-01-22 16:38:38]	偷 d->v
[2019-01-22 16:38:38]	道德 a->n
[2019-01-22 16:38:38]	道教 n->nz
[2019-01-22 16:38:38]	上岸 vi->v
[2019-01-22 16:38:38]	等 n->v
[2019-01-22 16:38:38]	地铁 n->gjtgj
[2019-01-22 16:38:38]	光 a->n
[2019-01-22 16:38:38]	光辉 a->n
[2019-01-22 16:38:38]	顶 f->v
[2019-01-22 16:38:38]	定额 d->n
[2019-01-22 16:38:38]	定期 b->d
[2019-01-22 16:38:38]	东 b->f
[2019-01-22 16:38:38]	东乡族 ns->nz
[2019-01-22 16:38:38]	全部 m->ad
[2019-01-22 16:38:38]	斗争 vi->vn
[2019-01-22 16:38:38]	独立 a->v
[2019-01-22 16:38:38]	自力 n->nr
[2019-01-22 16:38:38]	渡 ng->v
[2019-01-22 16:38:38]	端 ng->v
[2019-01-22 16:38:38]	端正 a->v
[2019-01-22 16:38:38]	断 d->v
[2019-01-22 16:38:38]	对仗 n->nz
[2019-01-22 16:38:38]	多 a->m
[2019-01-22 16:38:38]	饿 a->v
[2019-01-22 16:38:38]	发 ng->v
[2019-01-22 16:38:38]	带头 vd->vi
[2019-01-22 16:38:38]	发糕 n->gms
[2019-01-22 16:38:38]	施展 nr->v
[2019-01-22 16:38:38]	发烧 b->vi
[2019-01-22 16:38:38]	无力 a->vi
[2019-01-22 16:38:38]	法 b->n
[2019-01-22 16:38:38]	庭审 n->v
[2019-01-22 16:38:38]	帆船 n->gjtgj
[2019-01-22 16:38:38]	繁荣 a->an
[2019-01-22 16:38:38]	重复 a->v
[2019-01-22 16:38:38]	来回 d->vi
[2019-01-22 16:38:38]	反面 b->n
[2019-01-22 16:38:38]	反应 n->vi
[2019-01-22 16:38:38]	犯罪 vi->vn
[2019-01-22 16:38:38]	范 ng->nr1
[2019-01-22 16:38:38]	方 a->d
[2019-01-22 16:38:38]	方便面 n->gms
[2019-01-22 16:38:38]	防汛 vi->vn
[2019-01-22 16:38:38]	飞机 n->gjtgj
[2019-01-22 16:38:38]	肥 a->n
[2019-01-22 16:38:38]	分布 vd->vi
[2019-01-22 16:38:38]	分离 vd->vi
[2019-01-22 16:38:38]	分米 q->qt
[2019-01-22 16:38:38]	生气 a->n
[2019-01-22 16:38:38]	风光 a->n
[2019-01-22 16:38:38]	封 ng->v
[2019-01-22 16:38:38]	冯 m->nr1
[2019-01-22 16:38:38]	抚恤 vi->vn
[2019-01-22 16:38:38]	远望 nz->v
[2019-01-22 16:38:38]	腐败 a->an
[2019-01-22 16:38:38]	负责 a->v
[2019-01-22 16:38:38]	中兴 ns->nz
[2019-01-22 16:38:38]	副词 n->nz
[2019-01-22 16:38:38]	付 q->v
[2019-01-22 16:38:38]	次要 b->bl
[2019-01-22 16:38:38]	富 a->vg
[2019-01-22 16:38:38]	富有 a->v
[2019-01-22 16:38:38]	富余 a->vn
[2019-01-22 16:38:38]	盖 d->v
[2019-01-22 16:38:38]	扣 ng->v
[2019-01-22 16:38:38]	干 a->v
[2019-01-22 16:38:38]	甘 ad->ag
[2019-01-22 16:38:38]	感动 a->v
[2019-01-22 16:38:38]	感冒 n->vi
[2019-01-22 16:38:38]	不久 d->m
[2019-01-22 16:38:38]	方才 d->nr
[2019-01-22 16:38:38]	高贵 a->nr
[2019-01-22 16:38:38]	年老 a->vi
[2019-01-22 16:38:38]	革命 a->vn
[2019-01-22 16:38:38]	解 ng->v
[2019-01-22 16:38:38]	根据 n->p
[2019-01-22 16:38:38]	据 ng->p
[2019-01-22 16:38:38]	跟随 p->v
[2019-01-22 16:38:38]	随着 d->p
[2019-01-22 16:38:38]	更年期 n->t
[2019-01-22 16:38:38]	工作 n->vn
[2019-01-22 16:38:38]	公开 a->v
[2019-01-22 16:38:38]	巩固 a->v
[2019-01-22 16:38:38]	共产党 n->nz
[2019-01-22 16:38:38]	奉献 n->v
[2019-01-22 16:38:38]	够 a->v
[2019-01-22 16:38:38]	孤立 a->v
[2019-01-22 16:38:38]	孤僻 a->an
[2019-01-22 16:38:38]	鼓 a->v
[2019-01-22 16:38:38]	彭 m->nr1
[2019-01-22 16:38:38]	鼓舞 a->v
[2019-01-22 16:38:38]	固定 a->v
[2019-01-22 16:38:38]	稳定 a->an
[2019-01-22 16:38:38]	传奇 a->n
[2019-01-22 16:38:38]	故意 b->d
[2019-01-22 16:38:38]	有意 d->vi
[2019-01-22 16:38:38]	成心 d->v
[2019-01-22 16:38:38]	顾 ng->v
[2019-01-22 16:38:38]	挂 q->v
[2019-01-22 16:38:38]	关切 a->v
[2019-01-22 16:38:38]	论断 n->vn
[2019-01-22 16:38:38]	臣 n->ng
[2019-01-22 16:38:38]	管理 v->vn
[2019-01-22 16:38:38]	管制 v->vn
[2019-01-22 16:38:38]	光明 a->n
[2019-01-22 16:38:38]	亮 a->vi
[2019-01-22 16:38:38]	归结 n->vi
[2019-01-22 16:38:38]	鬼 a->n
[2019-01-22 16:38:38]	邪 a->ag
[2019-01-22 16:38:38]	滚 ng->vi
[2019-01-22 16:38:38]	国庆 n->t
[2019-01-22 16:38:38]	干脆 a->d
[2019-01-22 16:38:38]	断然 b->d
[2019-01-22 16:38:38]	果然 c->d
[2019-01-22 16:38:38]	果真 c->d
[2019-01-22 16:38:38]	过期 vd->vi
[2019-01-22 16:38:38]	海口 n->ns
[2019-01-22 16:38:38]	琼 b->nr1
[2019-01-22 16:38:38]	叫 n->vi
[2019-01-22 16:38:38]	汉堡包 n->gms
[2019-01-22 16:38:38]	数码 b->n
[2019-01-22 16:38:38]	合资 b->vi
[2019-01-22 16:38:38]	集资 vd->vi
[2019-01-22 16:38:38]	合伙 vd->vi
[2019-01-22 16:38:38]	合股 vd->vi
[2019-01-22 16:38:38]	和 ag->cc
[2019-01-22 16:38:38]	集合 n->v
[2019-01-22 16:38:38]	与 cc->p
[2019-01-22 16:38:38]	同 cc->p
[2019-01-22 16:38:38]	并 cc->d
[2019-01-22 16:38:38]	狠 a->d
[2019-01-22 16:38:38]	狠心 a->an
[2019-01-22 16:38:38]	横 a->v
[2019-01-22 16:38:38]	哄 o->v
[2019-01-22 16:38:38]	后期 f->t
[2019-01-22 16:38:38]	胡 d->nr1
[2019-01-22 16:38:38]	湖 b->n
[2019-01-22 16:38:38]	迷惑 a->v
[2019-01-22 16:38:38]	依稀 a->d
[2019-01-22 16:38:38]	互相 b->d
[2019-01-22 16:38:38]	花 a->n
[2019-01-22 16:38:38]	花卷 n->gms
[2019-01-22 16:38:38]	滑冰 n->vn
[2019-01-22 16:38:38]	滑雪 vi->vn
[2019-01-22 16:38:38]	化验 n->v
[2019-01-22 16:38:38]	打扮 n->v
[2019-01-22 16:38:38]	还账 v->vi
[2019-01-22 16:38:38]	涣散 a->v
[2019-01-22 16:38:38]	怪诞 a->an
[2019-01-22 16:38:38]	黄色 b->n
[2019-01-22 16:38:38]	回头 d->vi
[2019-01-22 16:38:38]	会 n->v
[2019-01-22 16:38:38]	馄饨 n->gms
[2019-01-22 16:38:38]	活动 a->vn
[2019-01-22 16:38:38]	该死 vi->v
[2019-01-22 16:38:38]	活 a->n
[2019-01-22 16:38:38]	火车 n->gjtgj
[2019-01-22 16:38:38]	机械 a->n
[2019-01-22 16:38:38]	缉私 vi->vn
[2019-01-22 16:38:38]	狂热 a->an
[2019-01-22 16:38:38]	极端 a->n
[2019-01-22 16:38:38]	集邮 vi->vn
[2019-01-22 16:38:38]	集中 a->v
[2019-01-22 16:38:38]	挤 a->v
[2019-01-22 16:38:38]	运算 vi->vn
[2019-01-22 16:38:38]	记录 n->v
[2019-01-22 16:38:38]	记载 n->v
[2019-01-22 16:38:38]	纪念 n->v
[2019-01-22 16:38:38]	长项 n->nz
[2019-01-22 16:38:38]	加班 vd->vi
[2019-01-22 16:38:38]	夹 b->v
[2019-01-22 16:38:38]	家 k->n
[2019-01-22 16:38:38]	值 a->n
[2019-01-22 16:38:38]	尖端 b->n
[2019-01-22 16:38:38]	坚定 a->v
[2019-01-22 16:38:38]	监察 v->vn
[2019-01-22 16:38:38]	调查 n->v
[2019-01-22 16:38:38]	方便 a->v
[2019-01-22 16:38:38]	便利 a->an
[2019-01-22 16:38:38]	间接 a->b
[2019-01-22 16:38:38]	建设 n->vn
[2019-01-22 16:38:38]	健全 a->v
[2019-01-22 16:38:38]	讲究 a->v
[2019-01-22 16:38:38]	降价 vd->vi
[2019-01-22 16:38:38]	坦白 a->v
[2019-01-22 16:38:38]	灌 ng->v
[2019-01-22 16:38:38]	娇气 a->n
[2019-01-22 16:38:38]	骄傲 a->an
[2019-01-22 16:38:38]	饺子 n->gms
[2019-01-22 16:38:38]	教 ng->v
[2019-01-22 16:38:38]	教育 v->vn
[2019-01-22 16:38:38]	接力 n->vn
[2019-01-22 16:38:38]	结果 c->n
[2019-01-22 16:38:38]	结业 vd->vi
[2019-01-22 16:38:38]	解放 a->v
[2019-01-22 16:38:38]	解放战争 n->nz
[2019-01-22 16:38:38]	借 p->v
[2019-01-22 16:38:38]	租 ng->v
[2019-01-22 16:38:38]	借贷 n->v
[2019-01-22 16:38:38]	借条 n->nz
[2019-01-22 16:38:38]	金 b->ng
[2019-01-22 16:38:38]	尽力 d->vi
[2019-01-22 16:38:38]	全力 d->n
[2019-01-22 16:38:38]	尽心 a->v
[2019-01-22 16:38:38]	进步 a->vn
[2019-01-22 16:38:38]	临近 a->v
[2019-01-22 16:38:38]	经过 n->p
[2019-01-22 16:38:38]	经济 a->n
[2019-01-22 16:38:38]	经营 n->v
[2019-01-22 16:38:38]	精神 a->n
[2019-01-22 16:38:38]	感慨 a->v
[2019-01-22 16:38:38]	警惕 a->v
[2019-01-22 16:38:38]	敬业 a->vi
[2019-01-22 16:38:38]	就 c->d
[2019-01-22 16:38:38]	举 ag->v
[2019-01-22 16:38:38]	举重 n->vn
[2019-01-22 16:38:38]	行 a->vi
[2019-01-22 16:38:38]	锯 n->v
[2019-01-22 16:38:38]	卷 ng->v
[2019-01-22 16:38:38]	决定 n->v
[2019-01-22 16:38:38]	决赛 vi->vn
[2019-01-22 16:38:38]	决心 d->n
[2019-01-22 16:38:38]	开创 n->v
[2019-01-22 16:38:38]	开放 a->v
[2019-01-22 16:38:38]	开阔 a->v
[2019-01-22 16:38:38]	伊始 t->vi
[2019-01-22 16:38:38]	初叶 f->t
[2019-01-22 16:38:38]	初始 b->t
[2019-01-22 16:38:38]	初步 b->d
[2019-01-22 16:38:38]	看 u->v
[2019-01-22 16:38:38]	测验 v->vn
[2019-01-22 16:38:38]	考验 v->vn
[2019-01-22 16:38:38]	烤鸭 n->gms
[2019-01-22 16:38:38]	靠 ng->v
[2019-01-22 16:38:38]	科学 a->n
[2019-01-22 16:38:38]	可怜 a->v
[2019-01-22 16:38:38]	可惜 a->v
[2019-01-22 16:38:38]	可以 a->v
[2019-01-22 16:38:38]	能 d->v
[2019-01-22 16:38:38]	克 b->vg
[2019-01-22 16:38:38]	客观 a->n
[2019-01-22 16:38:38]	买家 n->nz
[2019-01-22 16:38:38]	肯定 a->v
[2019-01-22 16:38:38]	空 a->v
[2019-01-22 16:38:38]	口 f->n
[2019-01-22 16:38:38]	苦 a->an
[2019-01-22 16:38:38]	苦涩 a->an
[2019-01-22 16:38:38]	苦闷 a->an
[2019-01-22 16:38:38]	迷茫 a->an
[2019-01-22 16:38:38]	苦恼 a->an
[2019-01-22 16:38:38]	迷惘 a->an
[2019-01-22 16:38:38]	夸张 n->vi
[2019-01-22 16:38:38]	跨 ng->v
[2019-01-22 16:38:38]	越 b->d
[2019-01-22 16:38:38]	匡 nr1->vg
[2019-01-22 16:38:38]	捆 ng->v
[2019-01-22 16:38:38]	困惑 a->an
[2019-01-22 16:38:38]	疑惑 an->v
[2019-01-22 16:38:38]	困难 a->an
[2019-01-22 16:38:38]	拉 b->v
[2019-01-22 16:38:38]	腊八粥 n->gms
[2019-01-22 16:38:38]	来 f->vf
[2019-01-22 16:38:38]	天车 n->nz
[2019-01-22 16:38:38]	懈怠 a->an
[2019-01-22 16:38:38]	劳动 vi->vn
[2019-01-22 16:38:38]	坚韧 a->an
[2019-01-22 16:38:38]	铭刻 n->v
[2019-01-22 16:38:38]	铭记 n->v
[2019-01-22 16:38:38]	东家 n->nz
[2019-01-22 16:38:38]	了 ule->y
[2019-01-22 16:38:38]	累 a->v
[2019-01-22 16:38:38]	疲劳 a->an
[2019-01-22 16:38:38]	困倦 a->an
[2019-01-22 16:38:38]	倦怠 a->an
[2019-01-22 16:38:38]	礼貌 a->an
[2019-01-22 16:38:38]	李 ng->nr1
[2019-01-22 16:38:38]	理想 a->n
[2019-01-22 16:38:38]	理性 b->n
[2019-01-22 16:38:38]	连 d->n
[2019-01-22 16:38:38]	盟 n->ng
[2019-01-22 16:38:38]	联系 n->v
[2019-01-22 16:38:38]	练习 n->v
[2019-01-22 16:38:38]	辽 b->tg
[2019-01-22 16:38:38]	劣 a->ag
[2019-01-22 16:38:38]	林 n->ng
[2019-01-22 16:38:38]	小气 a->ad
[2019-01-22 16:38:38]	零售 v->vn
[2019-01-22 16:38:38]	另外 c->rz
[2019-01-22 16:38:38]	小产 v->vi
[2019-01-22 16:38:38]	流行 a->v
[2019-01-22 16:38:38]	柳 n->ng
[2019-01-22 16:38:38]	漏 ng->v
[2019-01-22 16:38:38]	滴 q->v
[2019-01-22 16:38:38]	露 ng->v
[2019-01-22 16:38:38]	旅游 vi->vn
[2019-01-22 16:38:38]	动感 b->n
[2019-01-22 16:38:38]	乱 a->d
[2019-01-22 16:38:38]	轮班 vd->vn
[2019-01-22 16:38:38]	转 ng->v
[2019-01-22 16:38:38]	麻 a->n
[2019-01-22 16:38:38]	麻烦 a->an
[2019-01-22 16:38:38]	烦恼 a->an
[2019-01-22 16:38:38]	马 b->n
[2019-01-22 16:38:38]	馒头 n->gms
[2019-01-22 16:38:38]	满 a->v
[2019-01-22 16:38:38]	满足 a->v
[2019-01-22 16:38:38]	忙 a->v
[2019-01-22 16:38:38]	蒙 b->vi
[2019-01-22 16:38:38]	毛 a->nr1
[2019-01-22 16:38:38]	矛盾 a->an
[2019-01-22 16:38:38]	冒险 vd->vi
[2019-01-22 16:38:38]	贸易 v->vn
[2019-01-22 16:38:38]	没有 d->v
[2019-01-22 16:38:38]	无 d->v
[2019-01-22 16:38:38]	美 a->b
[2019-01-22 16:38:38]	住院 vd->vi
[2019-01-22 16:38:38]	耳语 n->vi
[2019-01-22 16:38:38]	秘密 a->n
[2019-01-22 16:38:38]	机密 a->n
[2019-01-22 16:38:38]	免费 vd->vi
[2019-01-22 16:38:38]	勉强 a->v
[2019-01-22 16:38:38]	民主 a->an
[2019-01-22 16:38:38]	起名 vi->v
[2019-01-22 16:38:38]	模范 a->n
[2019-01-22 16:38:38]	模拟 b->v
[2019-01-22 16:38:38]	磨 n->v
[2019-01-22 16:38:38]	生分 a->ad
[2019-01-22 16:38:38]	墨 b->n
[2019-01-22 16:38:38]	母 b->ng
[2019-01-22 16:38:38]	木 a->ng
[2019-01-22 16:38:38]	捐款 n->vi
[2019-01-22 16:38:38]	拿 p->v
[2019-01-22 16:38:38]	上税 v->vi
[2019-01-22 16:38:38]	委屈 a->v
[2019-01-22 16:38:38]	悲痛 a->an
[2019-01-22 16:38:38]	内蒙古自治区 ns->nz
[2019-01-22 16:38:38]	倪 x->n
[2019-01-22 16:38:38]	拟人 n->nz
[2019-01-22 16:38:38]	年 n->qt
[2019-01-22 16:38:38]	年岁 n->nl
[2019-01-22 16:38:38]	年事 n->nl
[2019-01-22 16:38:38]	凝眸 vd->vi
[2019-01-22 16:38:38]	牛 ag->n
[2019-01-22 16:38:38]	努力 a->an
[2019-01-22 16:38:38]	暖 a->v
[2019-01-22 16:38:38]	温暖 a->an
[2019-01-22 16:38:38]	温热 a->an
[2019-01-22 16:38:38]	和暖 a->an
[2019-01-22 16:38:38]	偶尔 b->d
[2019-01-22 16:38:38]	扑 o->v
[2019-01-22 16:38:38]	攀 b->v
[2019-01-22 16:38:38]	拍 ng->v
[2019-01-22 16:38:38]	排 n->v
[2019-01-22 16:38:38]	排队 n->vi
[2019-01-22 16:38:38]	派出所 n->gms
[2019-01-22 16:38:38]	派遣 v->gms
[2019-01-22 16:38:38]	派出 v->gms
[2019-01-22 16:38:38]	判断 n->v
[2019-01-22 16:38:38]	抛 nr1->v
[2019-01-22 16:38:38]	配套 a->v
[2019-01-22 16:38:38]	烹饪 n->vi
[2019-01-22 16:38:38]	相知 n->v
[2019-01-22 16:38:38]	捧 q->v
[2019-01-22 16:38:38]	批发 v->vn
[2019-01-22 16:38:38]	偏 a->d
[2019-01-22 16:38:38]	单方面 b->n
[2019-01-22 16:38:38]	飘 a->v
[2019-01-22 16:38:38]	撇 q->v
[2019-01-22 16:38:38]	应邀 vd->vi
[2019-01-22 16:38:38]	平 a->v
[2019-01-22 16:38:38]	通常 b->d
[2019-01-22 16:38:38]	破 a->v
[2019-01-22 16:38:38]	铺 n->v
[2019-01-22 16:38:38]	普及 a->v
[2019-01-22 16:38:38]	遍地 vd->vi
[2019-01-22 16:38:38]	限期 n->vi
[2019-01-22 16:38:38]	奇怪 a->v
[2019-01-22 16:38:38]	祷告 v->vn
[2019-01-22 16:38:38]	辗转 vd->vi
[2019-01-22 16:38:38]	蜿蜒 v->z
[2019-01-22 16:38:38]	启示 v->vn
[2019-01-22 16:38:38]	矜持 a->an
[2019-01-22 16:38:38]	署名 n->vi
[2019-01-22 16:38:38]	签名 n->vi
[2019-01-22 16:38:38]	前天 n->t
[2019-01-22 16:38:38]	壮 a->v
[2019-01-22 16:38:38]	争 ng->v
[2019-01-22 16:38:38]	乔木 n->nr
[2019-01-22 16:38:38]	切 ag->v
[2019-01-22 16:38:38]	亲近 a->v
[2019-01-22 16:38:38]	明确 a->v
[2019-01-22 16:38:38]	纯洁 a->v
[2019-01-22 16:38:38]	清明 a->t
[2019-01-22 16:38:38]	晴 an->vi
[2019-01-22 16:38:38]	让 p->v
[2019-01-22 16:38:38]	祝 ng->v
[2019-01-22 16:38:38]	贺 ng->vg
[2019-01-22 16:38:38]	秋 ng->tg
[2019-01-22 16:38:38]	求 ng->v
[2019-01-22 16:38:38]	曲 ag->n
[2019-01-22 16:38:38]	出 q->vf
[2019-01-22 16:38:38]	泉 n->ng
[2019-01-22 16:38:38]	缺 n->v
[2019-01-22 16:38:38]	欠缺 a->vi
[2019-01-22 16:38:38]	火 a->n
[2019-01-22 16:38:38]	夏 ng->tg
[2019-01-22 16:38:38]	热情 a->an
[2019-01-22 16:38:38]	热气球 n->gjtgj
[2019-01-22 16:38:38]	热心 a->v
[2019-01-22 16:38:38]	热忱 a->an
[2019-01-22 16:38:38]	热诚 a->an
[2019-01-22 16:38:38]	委任 n->v
[2019-01-22 16:38:38]	依旧 d->z
[2019-01-22 16:38:38]	照旧 d->v
[2019-01-22 16:38:38]	肉 a->n
[2019-01-22 16:38:38]	肉 a->gms
[2019-01-22 16:38:38]	撒 n->v
[2019-01-22 16:38:38]	塞 b->v
[2019-01-22 16:38:38]	堵 a->v
[2019-01-22 16:38:38]	信步 vd->vi
[2019-01-22 16:38:38]	土 a->n
[2019-01-22 16:38:38]	上 b->f
[2019-01-22 16:38:38]	设计 n->v
[2019-01-22 16:38:38]	摄像 n->vi
[2019-01-22 16:38:38]	申请 n->v
[2019-01-22 16:38:38]	全身 b->n
[2019-01-22 16:38:38]	体 k->ng
[2019-01-22 16:38:38]	身段 n->nz
[2019-01-22 16:38:38]	深入 a->v
[2019-01-22 16:38:38]	深度 ad->n
[2019-01-22 16:38:38]	神气 a->n
[2019-01-22 16:38:38]	升 q->v
[2019-01-22 16:38:38]	增值 n->vi
[2019-01-22 16:38:38]	生 a->v
[2019-01-22 16:38:38]	生产 n->v
[2019-01-22 16:38:38]	出产 n->v
[2019-01-22 16:38:38]	生活 vi->vn
[2019-01-22 16:38:38]	胜利 ad->vi
[2019-01-22 16:38:38]	失落 a->v
[2019-01-22 16:38:38]	狮 n->ng
[2019-01-22 16:38:38]	滋润 a->v
[2019-01-22 16:38:38]	温润 a->an
[2019-01-22 16:38:38]	石 b->ng
[2019-01-22 16:38:38]	时刻 d->n
[2019-01-22 16:38:38]	实践 n->v
[2019-01-22 16:38:38]	实质 a->n
[2019-01-22 16:38:38]	示范 vi->vn
[2019-01-22 16:38:38]	凡间 s->n
[2019-01-22 16:38:38]	是 ng->vshi
[2019-01-22 16:38:38]	便是 v->vd
[2019-01-22 16:38:38]	是否 d->v
[2019-01-22 16:38:38]	释迦牟尼 n->nrf
[2019-01-22 16:38:38]	收条 n->nz
[2019-01-22 16:38:38]	手 k->n
[2019-01-22 16:38:38]	手工 d->n
[2019-01-22 16:38:38]	守法 vd->vi
[2019-01-22 16:38:38]	首创 nz->v
[2019-01-22 16:38:38]	首先 c->d
[2019-01-22 16:38:38]	初 d->f
[2019-01-22 16:38:38]	最初 b->d
[2019-01-22 16:38:38]	禁不起 v->vd
[2019-01-22 16:38:38]	本 d->rz
[2019-01-22 16:38:38]	册 ng->q
[2019-01-22 16:38:38]	书册 n->nl
[2019-01-22 16:38:38]	疏松 a->vn
[2019-01-22 16:38:38]	熟悉 a->v
[2019-01-22 16:38:38]	属实 a->v
[2019-01-22 16:38:38]	鼠 n->ng
[2019-01-22 16:38:38]	竖 n->v
[2019-01-22 16:38:38]	刷 o->v
[2019-01-22 16:38:38]	帅 ng->nr1
[2019-01-22 16:38:38]	水笔 n->nz
[2019-01-22 16:38:38]	说 ng->v
[2019-01-22 16:38:38]	讲 ng->v
[2019-01-22 16:38:38]	司 n->ng
[2019-01-22 16:38:38]	松 a->v
[2019-01-22 16:38:38]	松懈 a->v
[2019-01-22 16:38:38]	宋 nr1->tg
[2019-01-22 16:38:38]	孙 n->nr1
[2019-01-22 16:38:38]	孙子 n->nr
[2019-01-22 16:38:38]	锁 n->v
[2019-01-22 16:38:38]	塔 b->n
[2019-01-22 16:38:38]	贪吃 an->v
[2019-01-22 16:38:38]	贪心 a->v
[2019-01-22 16:38:38]	弹 ng->v
[2019-01-22 16:38:38]	烫 a->v
[2019-01-22 16:38:38]	特别 a->d
[2019-01-22 16:38:38]	希罕 a->v
[2019-01-22 16:38:38]	疼痛 a->an
[2019-01-22 16:38:38]	挑剔 a->v
[2019-01-22 16:38:38]	提成 n->vi
[2019-01-22 16:38:38]	提议 n->v
[2019-01-22 16:38:38]	田野 n->nr
[2019-01-22 16:38:38]	唐 b->tg
[2019-01-22 16:38:38]	甘甜 a->an
[2019-01-22 16:38:38]	担 ng->v
[2019-01-22 16:38:38]	调控 v->vn
[2019-01-22 16:38:38]	跳 q->vi
[2019-01-22 16:38:38]	跳水 vi->vn
[2019-01-22 16:38:38]	跳远 vi->vn
[2019-01-22 16:38:38]	听 q->v
[2019-01-22 16:38:38]	通信 vi->vn
[2019-01-22 16:38:38]	同时 c->n
[2019-01-22 16:38:38]	同期 d->f
[2019-01-22 16:38:38]	统一 a->v
[2019-01-22 16:38:38]	痛苦 a->an
[2019-01-22 16:38:38]	头 k->n
[2019-01-22 16:38:38]	投资 n->v
[2019-01-22 16:38:38]	投入 a->v
[2019-01-22 16:38:38]	突出 a->v
[2019-01-22 16:38:38]	团结 a->v
[2019-01-22 16:38:38]	托 ng->v
[2019-01-22 16:38:38]	歪 a->v
[2019-01-22 16:38:38]	倾斜 vd->vi
[2019-01-22 16:38:38]	斜 a->v
[2019-01-22 16:38:38]	弯 a->v
[2019-01-22 16:38:38]	完善 a->v
[2019-01-22 16:38:38]	玩 ng->v
[2019-01-22 16:38:38]	夜晚 n->t
[2019-01-22 16:38:38]	夜间 f->t
[2019-01-22 16:38:38]	万 d->m
[2019-01-22 16:38:38]	万一 c->d
[2019-01-22 16:38:38]	联网 vd->vi
[2019-01-22 16:38:38]	望 ng->v
[2019-01-22 16:38:38]	无益 a->vi
[2019-01-22 16:38:38]	危险 a->an
[2019-01-22 16:38:38]	威风 a->an
[2019-01-22 16:38:38]	霸气 an->n
[2019-01-22 16:38:38]	微 a->nz
[2019-01-22 16:38:38]	违法 vd->vi
[2019-01-22 16:38:38]	相反 d->vi
[2019-01-22 16:38:38]	浩瀚 a->z
[2019-01-22 16:38:38]	卫生 a->an
[2019-01-22 16:38:38]	位 ng->q
[2019-01-22 16:38:38]	喂 e->v
[2019-01-22 16:38:38]	问候 v->vn
[2019-01-22 16:38:38]	温和 a->nr
[2019-01-22 16:38:38]	刻薄 a->an
[2019-01-22 16:38:38]	文明 a->n
[2019-01-22 16:38:38]	闻 ng->v
[2019-01-22 16:38:38]	问 ng->v
[2019-01-22 16:38:38]	咨询 v->vn
[2019-01-22 16:38:38]	无轨电车 nl->gjtgj
[2019-01-22 16:38:38]	无限 a->vi
[2019-01-22 16:38:38]	无穷 d->z
[2019-01-22 16:38:38]	时价 n->nl
[2019-01-22 16:38:38]	东西 f->n
[2019-01-22 16:38:38]	误工 vi->vn
[2019-01-22 16:38:38]	西 b->f
[2019-01-22 16:38:38]	希望 n->v
[2019-01-22 16:38:38]	就义 vi->v
[2019-01-22 16:38:38]	舍身 d->v
[2019-01-22 16:38:38]	习 ng->vg
[2019-01-22 16:38:38]	系统 a->n
[2019-01-22 16:38:38]	地 n->nz
[2019-01-22 16:38:38]	先后 d->ad
[2019-01-22 16:38:38]	娇艳 a->an
[2019-01-22 16:38:38]	现代 n->t
[2019-01-22 16:38:38]	现实 a->n
[2019-01-22 16:38:38]	相当 d->vi
[2019-01-22 16:38:38]	等同 vd->vi
[2019-01-22 16:38:38]	同样 b->d
[2019-01-22 16:38:38]	香 a->n
[2019-01-22 16:38:38]	想像 v->vd
[2019-01-22 16:38:38]	向 dg->p
[2019-01-22 16:38:38]	朝 b->p
[2019-01-22 16:38:38]	象 n->ng
[2019-01-22 16:38:38]	像 d->v
[2019-01-22 16:38:38]	仿佛 d->v
[2019-01-22 16:38:38]	似 d->vg
[2019-01-22 16:38:38]	飘逸 a->v
[2019-01-22 16:38:38]	童 b->ng
[2019-01-22 16:38:38]	小寒 t->nz
[2019-01-22 16:38:38]	小满 t->nz
[2019-01-22 16:38:38]	小雪 n->nr
[2019-01-22 16:38:38]	艰辛 a->an
[2019-01-22 16:38:38]	辛酸 a->an
[2019-01-22 16:38:38]	新词 n->nl
[2019-01-22 16:38:38]	信 ag->n
[2019-01-22 16:38:38]	信用 a->n
[2019-01-22 16:38:38]	兴奋 a->v
[2019-01-22 16:38:38]	成 a->v
[2019-01-22 16:38:38]	形象 a->n
[2019-01-22 16:38:38]	醒 ng->v
[2019-01-22 16:38:38]	幸福 a->happ
[2019-01-22 16:38:38]	性 k->ng
[2019-01-22 16:38:38]	姓 n->v
[2019-01-22 16:38:38]	名 ag->q
[2019-01-22 16:38:38]	邪恶 a->an
[2019-01-22 16:38:38]	胸 n->ng
[2019-01-22 16:38:38]	公 ad->ng
[2019-01-22 16:38:38]	休假 n->vi
[2019-01-22 16:38:38]	虚伪 a->an
[2019-01-22 16:38:38]	徐 ag->nr1
[2019-01-22 16:38:38]	许 dg->m
[2019-01-22 16:38:38]	学龄 b->n
[2019-01-22 16:38:38]	压抑 a->v
[2019-01-22 16:38:38]	鸭 n->ng
[2019-01-22 16:38:38]	延长 ns->v
[2019-01-22 16:38:38]	延期 vd->vi
[2019-01-22 16:38:38]	缓期 vd->vi
[2019-01-22 16:38:38]	严正 a->nr
[2019-01-22 16:38:38]	高温 an->n
[2019-01-22 16:38:38]	火热 a->z
[2019-01-22 16:38:38]	研究 n->v
[2019-01-22 16:38:38]	演习 v->vn
[2019-01-22 16:38:38]	杨 ng->nr1
[2019-01-22 16:38:38]	阳性 b->n
[2019-01-22 16:38:38]	仰泳 vi->vn
[2019-01-22 16:38:38]	也 b->d
[2019-01-22 16:38:38]	进行 vn->vx
[2019-01-22 16:38:38]	布 b->n
[2019-01-22 16:38:38]	穿戴 n->v
[2019-01-22 16:38:38]	依靠 n->v
[2019-01-22 16:38:38]	移动 v->vn
[2019-01-22 16:38:38]	遗传 n->vn
[2019-01-22 16:38:38]	遗憾 a->sorr
[2019-01-22 16:38:38]	遗存 vi->vn
[2019-01-22 16:38:38]	往时 t->tg
[2019-01-22 16:38:38]	义务 d->n
[2019-01-22 16:38:38]	艺术 a->n
[2019-01-22 16:38:38]	意旨 n->nl
[2019-01-22 16:38:38]	因为 c->p
[2019-01-22 16:38:38]	由于 c->p
[2019-01-22 16:38:38]	银 b->ng
[2019-01-22 16:38:38]	引 ng->v
[2019-01-22 16:38:38]	隐蔽 a->v
[2019-01-22 16:38:38]	隐秘 a->n
[2019-01-22 16:38:38]	印染 v->vn
[2019-01-22 16:38:38]	印 b->v
[2019-01-22 16:38:38]	图章 n->nz
[2019-01-22 16:38:38]	应当 d->v
[2019-01-22 16:38:38]	俊杰 n->nr
[2019-01-22 16:38:38]	影响 n->v
[2019-01-22 16:38:38]	拥挤 a->vi
[2019-01-22 16:38:38]	勇于 d->v
[2019-01-22 16:38:38]	骁勇 a->an
[2019-01-22 16:38:38]	用 ng->p
[2019-01-22 16:38:38]	以 b->p
[2019-01-22 16:38:38]	优胜 a->vi
[2019-01-22 16:38:38]	优先 ad->v
[2019-01-22 16:38:38]	悠远 an->z
[2019-01-22 16:38:38]	油条 n->gms
[2019-01-22 16:38:38]	友善 a->nr
[2019-01-22 16:38:38]	又 c->d
[2019-01-22 16:38:38]	右 a->f
[2019-01-22 16:38:38]	于 ng->p
[2019-01-22 16:38:38]	初赛 n->vi
[2019-01-22 16:38:38]	预言 n->v
[2019-01-22 16:38:38]	冤枉 a->v
[2019-01-22 16:38:38]	原来 b->d
[2019-01-22 16:38:38]	原本 d->n
[2019-01-22 16:38:38]	原则 d->n
[2019-01-22 16:38:38]	圆 a->vg
[2019-01-22 16:38:38]	约会 n->vi
[2019-01-22 16:38:38]	局限 n->vi
[2019-01-22 16:38:38]	云 b->n
[2019-01-22 16:38:38]	正好 z->tg
[2019-01-22 16:38:38]	在 d->p
[2019-01-22 16:38:38]	当 ng->p
[2019-01-22 16:38:38]	暂时 b->d
[2019-01-22 16:38:38]	眼前 s->t
[2019-01-22 16:38:38]	负债 n->vi
[2019-01-22 16:38:38]	站 n->vi
[2019-01-22 16:38:38]	把握 n->v
[2019-01-22 16:38:38]	左右 f->m
[2019-01-22 16:38:38]	折价 vd->vi
[2019-01-22 16:38:38]	真 a->d
[2019-01-22 16:38:38]	实际 a->n
[2019-01-22 16:38:38]	真心 ad->n
[2019-01-22 16:38:38]	衷心 b->d
[2019-01-22 16:38:38]	振动 vi->vn
[2019-01-22 16:38:38]	颠簸 vd->vi
[2019-01-22 16:38:38]	振荡 vi->vn
[2019-01-22 16:38:38]	争议 n->vn
[2019-01-22 16:38:38]	整体 m->n
[2019-01-22 16:38:38]	正 a->d
[2019-01-22 16:38:38]	正面 a->n
[2019-01-22 16:38:38]	正理 n->nl
[2019-01-22 16:38:38]	证明 n->v
[2019-01-22 16:38:38]	对证 vn->n
[2019-01-22 16:38:38]	对照 p->v
[2019-01-22 16:38:38]	说明 n->v
[2019-01-22 16:38:38]	消费 n->vn
[2019-01-22 16:38:38]	明白 a->v
[2019-01-22 16:38:38]	了然 a->v
[2019-01-22 16:38:38]	知 ag->v
[2019-01-22 16:38:38]	直 a->d
[2019-01-22 16:38:38]	直线 d->n
[2019-01-22 16:38:38]	张 ng->q
[2019-01-22 16:38:38]	指挥 n->v
[2019-01-22 16:38:38]	指导 n->v
[2019-01-22 16:38:38]	中档 b->nl
[2019-01-22 16:38:38]	中国 ns->nz
[2019-01-22 16:38:38]	华夏 n->nz
[2019-01-22 16:38:38]	中央 f->n
[2019-01-22 16:38:38]	忠诚 a->v
[2019-01-22 16:38:38]	种 ng->v
[2019-01-22 16:38:38]	重 a->v
[2019-01-22 16:38:38]	关键 a->n
[2019-01-22 16:38:38]	重视 a->v
[2019-01-22 16:38:38]	周 ag->nr1
[2019-01-22 16:38:38]	昼夜 d->n
[2019-01-22 16:38:38]	皱 n->v
[2019-01-22 16:38:38]	朱 ag->nr1
[2019-01-22 16:38:38]	竹 n->ng
[2019-01-22 16:38:39]	主观 a->n
[2019-01-22 16:38:39]	主演 n->v
[2019-01-22 16:38:39]	助理 b->n
[2019-01-22 16:38:39]	大名鼎鼎 al->vl
[2019-01-22 16:38:39]	专门 b->d
[2019-01-22 16:38:39]	专注 a->vi
[2019-01-22 16:38:39]	埋头 vd->vi
[2019-01-22 16:38:39]	专业 a->n
[2019-01-22 16:38:39]	拐弯 n->vi
[2019-01-22 16:38:39]	华美 a->nz
[2019-01-22 16:38:39]	台 b->n
[2019-01-22 16:38:39]	我方 r->n
[2019-01-22 16:38:39]	自强 vd->vi
[2019-01-22 16:38:39]	自主 vd->vi
[2019-01-22 16:38:39]	自然 a->n
[2019-01-22 16:38:39]	自信 a->v
[2019-01-22 16:38:39]	自修 v->vl
[2019-01-22 16:38:39]	综合 a->vn
[2019-01-22 16:38:39]	总结 n->v
[2019-01-22 16:38:39]	纵横 n->v
[2019-01-22 16:38:39]	走私 b->v
[2019-01-22 16:38:39]	构成 n->v
[2019-01-22 16:38:39]	太 a->d
[2019-01-22 16:38:39]	到底 d->vi
[2019-01-22 16:38:39]	孝顺 a->v
[2019-01-22 16:38:39]	遵照 p->v
[2019-01-22 16:38:39]	作 ng->v
[2019-01-22 16:38:39]	零 a->m
[2019-01-22 16:38:39]	一 d->m
[2019-01-22 16:38:39]	九 b->m
[2019-01-22 16:38:39]	低价 ad->n
[2019-01-22 16:38:39]	火车站 n->gjtgj
[2019-01-22 16:38:39]	小时候 n->t
[2019-01-22 16:38:39]	综合性 b->n
[2019-01-22 16:38:39]	高价 d->n
[2019-01-22 16:38:39]	中考 n->v
[2019-01-22 16:38:39]	无效 a->vi
[2019-01-22 16:38:39]	爱人 n->nz
[2019-01-22 16:38:39]	把手 n->nz
[2019-01-22 16:38:39]	人为 b->d
[2019-01-22 16:38:39]	靠山 n->nz
[2019-01-22 16:38:39]	他人 rr->r
[2019-01-22 16:38:39]	不结盟 vi->vn
[2019-01-22 16:38:39]	不是 c->n
[2019-01-22 16:38:39]	不行 a->v
[2019-01-22 16:38:39]	不能 v->vi
[2019-01-22 16:38:39]	不会 v->vi
[2019-01-22 16:38:39]	车号 n->nz
[2019-01-22 16:38:39]	同党 n->nz
[2019-01-22 16:38:39]	上流 b->n
[2019-01-22 16:38:39]	出血 vi->v
[2019-01-22 16:38:39]	打的 v->vi
[2019-01-22 16:38:39]	除法 n->nz
[2019-01-22 16:38:39]	从中 d->n
[2019-01-22 16:38:39]	从宽 d->v
[2019-01-22 16:38:39]	从重 d->v
[2019-01-22 16:38:39]	搭建 v->vd
[2019-01-22 16:38:39]	各人 rr->r
[2019-01-22 16:38:39]	中选 vi->v
[2019-01-22 16:38:39]	各处 rzs->r
[2019-01-22 16:38:39]	四处 d->vi
[2019-01-22 16:38:39]	大路 n->nz
[2019-01-22 16:38:39]	拨打 v->vd
[2019-01-22 16:38:39]	大跌 v->vn
[2019-01-22 16:38:39]	会话 v->vn
[2019-01-22 16:38:39]	对应 vi->v
[2019-01-22 16:38:39]	有余 m->v
[2019-01-22 16:38:39]	要领 n->nz
[2019-01-22 16:38:39]	下学 v->vd
[2019-01-22 16:38:39]	分号 n->nz
[2019-01-22 16:38:39]	不合 v->n
[2019-01-22 16:38:39]	高等 b->a
[2019-01-22 16:38:39]	老大 a->n
[2019-01-22 16:38:39]	还给 v->vd
[2019-01-22 16:38:39]	对等 vi->vn
[2019-01-22 16:38:39]	有心 v->vd
[2019-01-22 16:38:39]	说法 n->nz
[2019-01-22 16:38:39]	真的 a->d
[2019-01-22 16:38:39]	大喊 v->vd
[2019-01-22 16:38:39]	后天 n->t
[2019-01-22 16:38:39]	回家 vi->v
[2019-01-22 16:38:39]	总会 d->n
[2019-01-22 16:38:39]	好多 m->a
[2019-01-22 16:38:39]	才能 n->v
[2019-01-22 16:38:39]	大奖 n->nz
[2019-01-22 16:38:39]	自大 a->an
[2019-01-22 16:38:39]	无礼 a->ad
[2019-01-22 16:38:39]	自得 an->a
[2019-01-22 16:38:39]	开关 n->v
[2019-01-22 16:38:39]	看不起 v->vn
[2019-01-22 16:38:39]	看得起 v->vn
[2019-01-22 16:38:39]	完了 vi->n
[2019-01-22 16:38:39]	理事 n->nz
[2019-01-22 16:38:39]	一口气 d->n
[2019-01-22 16:38:39]	本心 n->nl
[2019-01-22 16:38:39]	论说 vn->vl
[2019-01-22 16:38:39]	中意 a->n
[2019-01-22 16:38:39]	没用 a->v
[2019-01-22 16:38:39]	天天 d->q
[2019-01-22 16:38:39]	秒钟 n->q
[2019-01-22 16:38:39]	他俩 r->n
[2019-01-22 16:38:39]	年间 f->n
[2019-01-22 16:38:39]	江米 n->nz
[2019-01-22 16:38:39]	省钱 a->v
[2019-01-22 16:38:39]	早起 vi->v
[2019-01-22 16:38:39]	开车 vi->v
[2019-01-22 16:38:39]	千米 q->qv
[2019-01-22 16:38:39]	签定 v->vn
[2019-01-22 16:38:39]	好天 n->nz
[2019-01-22 16:38:39]	日食 n->nz
[2019-01-22 16:38:39]	火烧 n->v
[2019-01-22 16:38:39]	就是 c->n
[2019-01-22 16:38:39]	是不是 v->vd
[2019-01-22 16:38:39]	手指 n->nz
[2019-01-22 16:38:39]	国都 d->n
[2019-01-22 16:38:39]	得手 a->v
[2019-01-22 16:38:39]	大小 n->nz
[2019-01-22 16:38:39]	了得 a->ad
[2019-01-22 16:38:39]	脱钩 vi->v
[2019-01-22 16:38:39]	问号 n->nz
[2019-01-22 16:38:39]	西藏自治区 ns->nz
[2019-01-22 16:38:39]	小便 v->vi
[2019-01-22 16:38:39]	好在 d->v
[2019-01-22 16:38:39]	双眼 n->nz
[2019-01-22 16:38:39]	一角 n->v
[2019-01-22 16:38:39]	一元 b->nz
[2019-01-22 16:38:39]	引号 n->nz
[2019-01-22 16:38:39]	有用 a->n
[2019-01-22 16:38:39]	像片 n->nz
[2019-01-22 16:38:39]	争抢 v->vd
[2019-01-22 16:38:39]	小我 n->nz
[2019-01-22 16:38:39]	文字 n->nz
[2019-01-22 16:38:39]	不好 a->n
[2019-01-22 16:38:39]	下雨 vi->v
[2019-01-22 16:38:39]	多功能 b->n
[2019-01-22 16:38:39]	从未 d->n
[2019-01-22 16:38:39]	南北 f->n
[2019-01-22 16:38:39]	从不 d->n
[2019-01-22 16:38:39]	干什么 r->v
[2019-01-22 16:38:39]	不准 v->n
[2019-01-22 16:38:39]	开门 vd->n
[2019-01-22 16:38:39]	睡着 v->vd
[2019-01-22 16:38:39]	呼吸 v->vi
[2019-01-22 16:38:39]	长达 v->vl
[2019-01-22 16:38:39]	首次 m->n
[2019-01-22 16:38:39]	日间 t->nl
[2019-01-22 16:38:39]	辩护人 n->nz
[2019-01-22 16:38:39]	正在 d->n
[2019-01-22 16:38:39]	下流 a->s
[2019-01-22 16:38:39]	怎么办 ryv->n
[2019-01-22 16:38:39]	你好 vl->n
[2019-01-22 16:38:39]	正数 v->n
[2019-01-22 16:38:39]	三角 n->ns
[2019-01-22 16:38:39]	分区 n->v
[2019-01-22 16:38:39]	回车 vi->v
[2019-01-22 16:38:39]	选项 n->v
[2019-01-22 16:38:39]	打字 vi->vn
[2019-01-22 16:38:39]	百度 nz->mq
[2019-01-22 16:38:39]	同呼吸 vl->nl
[2019-01-22 16:38:39]	记得 v->n
[2019-01-22 16:38:39]	还是 c->n
[2019-01-22 16:38:39]	有点 d->n
[2019-01-22 16:38:39]	吃药 v->n
