[2019-03-30 14:50:44]	本分 a->n
[2019-03-30 14:50:44]	按时 d->n
[2019-03-30 14:50:44]	一定 b->n
[2019-03-30 14:50:44]	不结盟 vi->n
[2019-03-30 14:50:44]	不是 c->n
[2019-03-30 14:50:44]	不能 v->n
[2019-03-30 14:50:44]	不会 v->n
[2019-03-30 14:50:44]	出血 vi->n
[2019-03-30 14:50:44]	打的 v->n
[2019-03-30 14:50:44]	除外 vi->n
[2019-03-30 14:50:44]	春分 t->n
[2019-03-30 14:50:44]	从宽 d->n
[2019-03-30 14:50:44]	从重 d->n
[2019-03-30 14:50:44]	搭建 v->n
[2019-03-30 14:50:44]	大寒 t->n
[2019-03-30 14:50:44]	当面 d->n
[2019-03-30 14:50:44]	会话 v->n
[2019-03-30 14:50:44]	分米 q->n
[2019-03-30 14:50:44]	次要 b->n
[2019-03-30 14:50:44]	成心 d->n
[2019-03-30 14:50:44]	一齐 d->n
[2019-03-30 14:50:44]	还账 v->n
[2019-03-30 14:50:44]	不准 v->n
[2019-03-30 14:50:44]	看不起 v->n
[2019-03-30 14:50:44]	看得起 v->n
[2019-03-30 14:50:44]	小产 v->n
[2019-03-30 14:50:44]	天天 d->n
[2019-03-30 14:50:44]	起名 vi->n
[2019-03-30 14:50:44]	上税 v->n
[2019-03-30 14:50:44]	他俩 r->n
[2019-03-30 14:50:44]	千米 q->n
[2019-03-30 14:50:44]	是不是 v->n
[2019-03-30 14:50:44]	禁不起 v->n
[2019-03-30 14:50:44]	先后 d->n
[2019-03-30 14:50:44]	小便 v->n
[2019-03-30 14:50:44]	小满 t->n
[2019-03-30 14:50:44]	吃药 v->n
[2019-03-30 14:50:44]	一元 b->n
[2019-03-30 14:50:44]	正好 z->n
[2019-03-30 14:50:44]	对证 vn->n
[2019-03-30 14:50:44]	中档 b->n
[2019-03-30 14:50:44]	自修 v->n
[2019-03-30 14:50:44]	到底 d->n
[2019-03-30 14:50:44]	和缓 a->n
[2019-03-30 14:50:44]	人为 b->n
[2019-03-30 14:50:44]	长达 v->n
[2019-03-30 14:50:44]	上流 b->n
[2019-03-30 14:50:44]	喜好 an->n
[2019-03-30 14:50:44]	从中 d->n
[2019-03-30 14:50:44]	各人 rr->n
[2019-03-30 14:50:44]	中选 vi->n
[2019-03-30 14:50:44]	各处 rzs->n
[2019-03-30 14:50:44]	四处 d->n
[2019-03-30 14:50:44]	上岸 vi->n
[2019-03-30 14:50:44]	拨打 v->n
[2019-03-30 14:50:44]	大跌 v->n
[2019-03-30 14:50:44]	好多 m->n
[2019-03-30 14:50:44]	下学 v->n
[2019-03-30 14:50:44]	不合 v->n
[2019-03-30 14:50:44]	高等 b->n
[2019-03-30 14:50:44]	老大 a->n
[2019-03-30 14:50:44]	还给 v->n
[2019-03-30 14:50:44]	对等 vi->n
[2019-03-30 14:50:44]	有心 v->n
[2019-03-30 14:50:44]	真的 a->n
[2019-03-30 14:50:44]	大喊 v->n
[2019-03-30 14:50:44]	总会 d->n
[2019-03-30 14:50:44]	该死 vi->n
[2019-03-30 14:50:44]	一口气 d->n
[2019-03-30 14:50:44]	小气 a->n
[2019-03-30 14:50:44]	论说 vn->n
[2019-03-30 14:50:44]	中意 a->n
[2019-03-30 14:50:44]	生分 a->n
[2019-03-30 14:50:44]	内蒙古自治区 ns->n
[2019-03-30 14:50:44]	年间 f->n
[2019-03-30 14:50:44]	和暖 a->n
[2019-03-30 14:50:44]	省钱 a->n
[2019-03-30 14:50:44]	单方面 b->n
[2019-03-30 14:50:44]	早起 vi->n
[2019-03-30 14:50:44]	签定 v->n
[2019-03-30 14:50:44]	凡间 s->n
[2019-03-30 14:50:44]	就是 c->n
[2019-03-30 14:50:44]	便是 v->n
[2019-03-30 14:50:44]	国都 d->n
[2019-03-30 14:50:44]	首次 m->n
[2019-03-30 14:50:44]	睡着 v->n
[2019-03-30 14:50:44]	了得 a->n
[2019-03-30 14:50:44]	西藏自治区 ns->n
[2019-03-30 14:50:44]	想像 v->n
[2019-03-30 14:50:44]	好在 d->n
[2019-03-30 14:50:44]	往时 t->n
[2019-03-30 14:50:44]	争抢 v->n
[2019-03-30 14:50:44]	正在 d->n
[2019-03-30 14:50:44]	我方 r->n
[2019-03-30 14:50:44]	多功能 b->n
[2019-03-30 14:50:44]	黑白 b->n
[2019-03-30 14:50:44]	南北 f->n
[2019-03-30 14:50:44]	干什么 r->n
[2019-03-30 14:50:44]	不断 d->n
[2019-03-30 14:50:44]	同呼吸 vl->n
[2019-03-30 14:50:44]	日间 t->n
[2019-03-30 14:50:44]	还是 c->n
[2019-03-30 14:50:44]	有点 d->n
[2019-03-30 14:50:44]	下流 a->n
[2019-03-30 14:50:44]	怎么办 ryv->n
[2019-03-30 14:50:44]	您好 nl->n
[2019-03-30 14:50:44]	你好 vl->n
[2019-03-30 14:50:44]	交售 v->n
[2019-03-30 14:50:44]	找到 v->n
[2019-03-30 14:50:44]	从来 d->n
[2019-03-30 14:50:44]	约分 v->n
[2019-03-30 14:50:44]	正数 v->n
[2019-03-30 14:50:44]	他人 rr->n
[2019-03-30 14:50:44]	不论 c->n
[2019-03-30 14:50:44]	不管 c->n
[2019-03-30 14:50:44]	出事 vi->n
[2019-03-30 14:50:44]	从此 d->n
[2019-03-30 14:50:44]	当时 t->n
[2019-03-30 14:50:44]	对话 vi->n
[2019-03-30 14:50:44]	吃饭 vi->n
[2019-03-30 14:50:44]	更新 v->n
[2019-03-30 14:50:44]	讲课 vi->n
[2019-03-30 14:50:44]	尽心 a->n
[2019-03-30 14:50:44]	立方 q->n
[2019-03-30 14:50:44]	没关系 vl->n
[2019-03-30 14:50:44]	遍地 vd->n
[2019-03-30 14:50:44]	开车 vi->n
[2019-03-30 14:50:44]	因此 c->n
[2019-03-30 14:50:44]	将来 t->n
[2019-03-30 14:50:44]	以前 f->n
[2019-03-30 14:50:44]	先前 t->n
[2019-03-30 14:50:44]	早上 t->n
[2019-03-30 14:50:44]	正月 t->n
[2019-03-30 14:50:44]	难看 a->n
[2019-03-30 14:50:44]	对头 a->n
[2019-03-30 14:50:44]	正当 a->n
[2019-03-30 14:50:44]	不容 v->n
[2019-03-30 14:50:44]	出手 vi->n
[2019-03-30 14:50:44]	着手 v->n
[2019-03-30 14:50:44]	不错 a->n
[2019-03-30 14:50:44]	不便 a->n
[2019-03-30 14:50:44]	得手 a->n
[2019-03-30 14:50:44]	说话 vi->n
[2019-03-30 14:50:44]	特等 b->n
[2019-03-30 14:50:44]	住手 vi->n
[2019-03-30 14:50:44]	共事 vi->n
[2019-03-30 14:50:44]	从前 t->n
[2019-03-30 14:50:44]	已往 t->n
[2019-03-30 14:50:44]	低下 a->n
[2019-03-30 14:50:44]	当中 f->n
[2019-03-30 14:50:44]	不易 a->n
[2019-03-30 14:50:44]	不可 d->n
[2019-03-30 14:50:44]	至此 d->n
[2019-03-30 14:50:44]	不顾 v->n
[2019-03-30 14:50:44]	正派 a->n
[2019-03-30 14:50:44]	不然 a->n
[2019-03-30 14:50:44]	某人 rr->n
[2019-03-30 14:50:44]	一角 n->v
[2019-03-30 14:50:44]	除外 vi->v
[2019-03-30 14:50:44]	爱人 n->nz
[2019-03-30 14:50:44]	把手 n->nz
[2019-03-30 14:50:44]	靠山 n->nz
[2019-03-30 14:50:44]	不行 a->v
[2019-03-30 14:50:44]	不能 v->vi
[2019-03-30 14:50:44]	不会 v->vi
[2019-03-30 14:50:44]	车号 n->nz
[2019-03-30 14:50:44]	同党 n->nz
[2019-03-30 14:50:44]	打的 v->vi
[2019-03-30 14:50:44]	除法 n->nz
[2019-03-30 14:50:44]	从重 d->v
[2019-03-30 14:50:44]	搭建 v->vd
[2019-03-30 14:50:44]	四处 d->vi
[2019-03-30 14:50:44]	拨打 v->vd
[2019-03-30 14:50:44]	大跌 v->vn
[2019-03-30 14:50:44]	会话 v->vn
[2019-03-30 14:50:44]	要领 n->nz
[2019-03-30 14:50:44]	下学 v->vd
[2019-03-30 14:50:44]	分号 n->nz
[2019-03-30 14:50:44]	不合 v->n
[2019-03-30 14:50:44]	高等 b->a
[2019-03-30 14:50:44]	还给 v->vd
[2019-03-30 14:50:44]	有心 v->vd
[2019-03-30 14:50:44]	说法 n->nz
[2019-03-30 14:50:44]	大喊 v->vd
[2019-03-30 14:50:44]	好多 m->a
[2019-03-30 14:50:44]	大奖 n->nz
[2019-03-30 14:50:44]	无礼 a->ad
[2019-03-30 14:50:44]	看不起 v->vn
[2019-03-30 14:50:44]	看得起 v->vn
[2019-03-30 14:50:44]	理事 n->nz
[2019-03-30 14:50:44]	本心 n->nl
[2019-03-30 14:50:44]	论说 vn->vl
[2019-03-30 14:50:44]	他俩 r->n
[2019-03-30 14:50:44]	江米 n->nz
[2019-03-30 14:50:44]	千米 q->qv
[2019-03-30 14:50:44]	签定 v->vn
[2019-03-30 14:50:44]	好天 n->nz
[2019-03-30 14:50:44]	日食 n->nz
[2019-03-30 14:50:44]	是不是 v->vd
[2019-03-30 14:50:44]	手指 n->nz
[2019-03-30 14:50:44]	睡着 v->vd
[2019-03-30 14:50:44]	大小 n->nz
[2019-03-30 14:50:44]	了得 a->ad
[2019-03-30 14:50:44]	问号 n->nz
[2019-03-30 14:50:44]	西藏自治区 ns->nz
[2019-03-30 14:50:44]	小便 v->vi
[2019-03-30 14:50:44]	好在 d->v
[2019-03-30 14:50:44]	双眼 n->nz
[2019-03-30 14:50:44]	一元 b->nz
[2019-03-30 14:50:44]	引号 n->nz
[2019-03-30 14:50:44]	像片 n->nz
[2019-03-30 14:50:44]	争抢 v->vd
[2019-03-30 14:50:44]	小我 n->nz
[2019-03-30 14:50:44]	文字 n->nz
[2019-03-30 14:50:44]	部分 m->n
[2019-03-30 14:50:44]	别名 n->nz
[2019-03-30 14:50:44]	和缓 a->ad
[2019-03-30 14:50:44]	按时 d->ad
[2019-03-30 14:50:44]	春分 t->n
[2019-03-30 14:50:44]	知了 n->nz
[2019-03-30 14:50:44]	车次 n->nz
[2019-03-30 14:50:44]	大寒 t->nz
[2019-03-30 14:50:44]	大料 n->nz
[2019-03-30 14:50:44]	当面 d->n
[2019-03-30 14:50:44]	上岸 vi->v
[2019-03-30 14:50:44]	对仗 n->nz
[2019-03-30 14:50:44]	分米 q->qt
[2019-03-30 14:50:44]	副词 n->nz
[2019-03-30 14:50:44]	次要 b->bl
[2019-03-30 14:50:44]	成心 d->v
[2019-03-30 14:50:44]	还账 v->vi
[2019-03-30 14:50:44]	该死 vi->v
[2019-03-30 14:50:44]	长项 n->nz
[2019-03-30 14:50:44]	借条 n->nz
[2019-03-30 14:50:44]	买家 n->nz
[2019-03-30 14:50:44]	天车 n->nz
[2019-03-30 14:50:44]	东家 n->nz
[2019-03-30 14:50:44]	小气 a->ad
[2019-03-30 14:50:44]	小产 v->vi
[2019-03-30 14:50:44]	起名 vi->v
[2019-03-30 14:50:44]	生分 a->ad
[2019-03-30 14:50:44]	上税 v->vi
[2019-03-30 14:50:44]	内蒙古自治区 ns->nz
[2019-03-30 14:50:44]	拟人 n->nz
[2019-03-30 14:50:44]	年岁 n->nl
[2019-03-30 14:50:44]	年事 n->nl
[2019-03-30 14:50:44]	身段 n->nz
[2019-03-30 14:50:44]	凡间 s->n
[2019-03-30 14:50:44]	便是 v->vd
[2019-03-30 14:50:44]	收条 n->nz
[2019-03-30 14:50:44]	禁不起 v->vd
[2019-03-30 14:50:44]	书册 n->nl
[2019-03-30 14:50:44]	水笔 n->nz
[2019-03-30 14:50:44]	时价 n->nl
[2019-03-30 14:50:44]	就义 vi->v
[2019-03-30 14:50:44]	先后 d->ad
[2019-03-30 14:50:44]	想像 v->vd
[2019-03-30 14:50:44]	小寒 t->nz
[2019-03-30 14:50:44]	小满 t->nz
[2019-03-30 14:50:44]	新词 n->nl
[2019-03-30 14:50:44]	往时 t->tg
[2019-03-30 14:50:44]	意旨 n->nl
[2019-03-30 14:50:44]	图章 n->nz
[2019-03-30 14:50:44]	正好 z->tg
[2019-03-30 14:50:44]	正理 n->nl
[2019-03-30 14:50:44]	对证 vn->n
[2019-03-30 14:50:44]	中档 b->nl
[2019-03-30 14:50:44]	我方 r->n
[2019-03-30 14:50:44]	自修 v->vl
[2019-03-30 14:50:44]	才能 n->v
[2019-03-30 14:50:44]	秒钟 n->q
[2019-03-30 14:50:44]	火烧 n->v
[2019-03-30 14:50:44]	大路 n->nz
[2019-03-30 14:50:44]	自力 n->nz
[2019-03-30 14:50:44]	女星 n->nl
[2019-03-30 14:50:44]	申请人 n->nl
[2019-03-30 14:50:44]	美女 n->nl
[2019-03-30 14:50:44]	联系人 n->nl
[2019-03-30 14:50:44]	便条 n->nl
[2019-03-30 14:50:44]	中农 n->nl
[2019-03-30 14:50:44]	人道 n->nl
[2019-03-30 14:50:44]	资本家 n->nl
[2019-03-30 14:50:44]	水车 n->nl
[2019-03-30 14:50:44]	马戏 n->nl
[2019-03-30 14:50:44]	除数 n->nz
[2019-03-30 14:50:44]	周长 n->nz
[2019-03-30 14:50:44]	小数 n->nz
[2019-03-30 14:50:44]	经线 n->nz
[2019-03-30 14:50:44]	副手 n->nz
[2019-03-30 14:50:44]	三角 n->ns
[2019-03-30 14:50:44]	切线 n->nz
[2019-03-30 14:50:44]	本着 p->nl
[2019-03-30 14:50:44]	报到 vi->v
[2019-03-30 14:50:44]	不够 a->n
[2019-03-30 14:50:44]	不满 a->v
[2019-03-30 14:50:44]	不同 a->ad
[2019-03-30 14:50:44]	大使 n->nl
[2019-03-30 14:50:44]	对应 vi->v
[2019-03-30 14:50:44]	海带 n->nl
[2019-03-30 14:50:44]	后天 n->t
[2019-03-30 14:50:44]	回家 vi->v
[2019-03-30 14:50:44]	开关 n->v
[2019-03-30 14:50:44]	完了 vi->n
[2019-03-30 14:50:44]	没用 a->v
[2019-03-30 14:50:44]	难听 a->v
[2019-03-30 14:50:44]	暖和 a->ad
[2019-03-30 14:50:44]	排比 n->nz
[2019-03-30 14:50:44]	前天 n->t
[2019-03-30 14:50:44]	上当 vi->v
[2019-03-30 14:50:44]	受不了 al->n
[2019-03-30 14:50:44]	从而 c->cc
[2019-03-30 14:50:44]	图像 n->nl
[2019-03-30 14:50:44]	脱钩 vi->v
[2019-03-30 14:50:44]	周到 a->an
[2019-03-30 14:50:44]	等同 vd->v
[2019-03-30 14:50:44]	有用 a->n
[2019-03-30 14:50:44]	再见 vi->v
[2019-03-30 14:50:44]	有时候 d->n
[2019-03-30 14:50:44]	由此 d->n
[2019-03-30 14:50:44]	有余 m->v
[2019-03-30 14:50:44]	请愿 vi->vn
[2019-03-30 14:50:44]	内在 b->n
[2019-03-30 14:50:44]	不好 a->n
[2019-03-30 14:50:44]	共命运 vl->nl
[2019-03-30 14:50:44]	小于 nr->v
[2019-03-30 14:50:44]	大人 n->nl
[2019-03-30 14:50:44]	乘法 n->nl
[2019-03-30 14:50:44]	对手 n->nl
[2019-03-30 14:50:44]	对方 n->nl
[2019-03-30 14:50:44]	成人 n->nl
[2019-03-30 14:50:44]	所在 n->nl
[2019-03-30 14:50:44]	全年 n->nl
[2019-03-30 14:50:44]	年轻人 n->nl
[2019-03-30 14:50:44]	双手 n->nl
[2019-03-30 14:50:44]	亮点 n->nl
[2019-03-30 14:50:44]	所长 n->nl
[2019-03-30 14:50:44]	天下 n->nl
[2019-03-30 14:50:44]	先人 n->nl
[2019-03-30 14:50:44]	正常人 n->nl
[2019-03-30 14:50:44]	好人 n->nl
[2019-03-30 14:50:44]	国家队 n->nl
[2019-03-30 14:50:44]	党派 n->nl
[2019-03-30 14:50:44]	乘方 n->nl
[2019-03-30 14:50:44]	嗨 e->nl
[2019-03-30 14:50:44]	个人 n->nl
[2019-03-30 14:50:44]	整年 d->n
[2019-03-30 14:50:44]	有声 b->n
[2019-03-30 14:50:44]	新增 v->n
[2019-03-30 14:50:44]	上册 n->nl
