[2019-02-19 14:17:43]	本分 a->n
[2019-02-19 14:17:43]	按时 d->n
[2019-02-19 14:17:43]	一定 b->n
[2019-02-19 14:17:43]	不结盟 vi->n
[2019-02-19 14:17:43]	不是 c->n
[2019-02-19 14:17:43]	不能 v->n
[2019-02-19 14:17:43]	不会 v->n
[2019-02-19 14:17:43]	出血 vi->n
[2019-02-19 14:17:43]	打的 v->n
[2019-02-19 14:17:43]	除外 vi->n
[2019-02-19 14:17:43]	春分 t->n
[2019-02-19 14:17:43]	从宽 d->n
[2019-02-19 14:17:43]	从重 d->n
[2019-02-19 14:17:43]	搭建 v->n
[2019-02-19 14:17:43]	大寒 t->n
[2019-02-19 14:17:43]	当面 d->n
[2019-02-19 14:17:43]	会话 v->n
[2019-02-19 14:17:43]	分米 q->n
[2019-02-19 14:17:43]	次要 b->n
[2019-02-19 14:17:43]	成心 d->n
[2019-02-19 14:17:43]	一齐 d->n
[2019-02-19 14:17:43]	还账 v->n
[2019-02-19 14:17:43]	不准 v->n
[2019-02-19 14:17:43]	看不起 v->n
[2019-02-19 14:17:43]	看得起 v->n
[2019-02-19 14:17:43]	小产 v->n
[2019-02-19 14:17:43]	天天 d->n
[2019-02-19 14:17:43]	起名 vi->n
[2019-02-19 14:17:43]	上税 v->n
[2019-02-19 14:17:43]	他俩 r->n
[2019-02-19 14:17:43]	千米 q->n
[2019-02-19 14:17:43]	是不是 v->n
[2019-02-19 14:17:43]	禁不起 v->n
[2019-02-19 14:17:43]	先后 d->n
[2019-02-19 14:17:43]	小便 v->n
[2019-02-19 14:17:43]	小满 t->n
[2019-02-19 14:17:43]	吃药 v->n
[2019-02-19 14:17:43]	一元 b->n
[2019-02-19 14:17:43]	正好 z->n
[2019-02-19 14:17:43]	对证 vn->n
[2019-02-19 14:17:43]	中档 b->n
[2019-02-19 14:17:43]	自修 v->n
[2019-02-19 14:17:43]	到底 d->n
[2019-02-19 14:17:43]	和缓 a->n
[2019-02-19 14:17:43]	人为 b->n
[2019-02-19 14:17:43]	长达 v->n
[2019-02-19 14:17:43]	上流 b->n
[2019-02-19 14:17:43]	喜好 an->n
[2019-02-19 14:17:43]	从中 d->n
[2019-02-19 14:17:43]	各人 rr->n
[2019-02-19 14:17:43]	中选 vi->n
[2019-02-19 14:17:43]	各处 rzs->n
[2019-02-19 14:17:43]	四处 d->n
[2019-02-19 14:17:43]	上岸 vi->n
[2019-02-19 14:17:43]	拨打 v->n
[2019-02-19 14:17:43]	大跌 v->n
[2019-02-19 14:17:43]	好多 m->n
[2019-02-19 14:17:43]	下学 v->n
[2019-02-19 14:17:43]	不合 v->n
[2019-02-19 14:17:43]	高等 b->n
[2019-02-19 14:17:43]	老大 a->n
[2019-02-19 14:17:43]	还给 v->n
[2019-02-19 14:17:43]	对等 vi->n
[2019-02-19 14:17:43]	有心 v->n
[2019-02-19 14:17:43]	真的 a->n
[2019-02-19 14:17:43]	大喊 v->n
[2019-02-19 14:17:43]	总会 d->n
[2019-02-19 14:17:43]	该死 vi->n
[2019-02-19 14:17:43]	一口气 d->n
[2019-02-19 14:17:43]	小气 a->n
[2019-02-19 14:17:43]	论说 vn->n
[2019-02-19 14:17:43]	中意 a->n
[2019-02-19 14:17:43]	生分 a->n
[2019-02-19 14:17:43]	内蒙古自治区 ns->n
[2019-02-19 14:17:43]	年间 f->n
[2019-02-19 14:17:43]	和暖 a->n
[2019-02-19 14:17:43]	省钱 a->n
[2019-02-19 14:17:43]	单方面 b->n
[2019-02-19 14:17:43]	早起 vi->n
[2019-02-19 14:17:43]	签定 v->n
[2019-02-19 14:17:43]	凡间 s->n
[2019-02-19 14:17:43]	就是 c->n
[2019-02-19 14:17:43]	便是 v->n
[2019-02-19 14:17:43]	国都 d->n
[2019-02-19 14:17:43]	首次 m->n
[2019-02-19 14:17:43]	睡着 v->n
[2019-02-19 14:17:43]	了得 a->n
[2019-02-19 14:17:43]	西藏自治区 ns->n
[2019-02-19 14:17:43]	想像 v->n
[2019-02-19 14:17:43]	好在 d->n
[2019-02-19 14:17:43]	往时 t->n
[2019-02-19 14:17:43]	争抢 v->n
[2019-02-19 14:17:43]	正在 d->n
[2019-02-19 14:17:43]	我方 r->n
[2019-02-19 14:17:43]	多功能 b->n
[2019-02-19 14:17:43]	黑白 b->n
[2019-02-19 14:17:43]	南北 f->n
[2019-02-19 14:17:43]	干什么 r->n
[2019-02-19 14:17:43]	不断 d->n
[2019-02-19 14:17:43]	同呼吸 vl->n
[2019-02-19 14:17:43]	日间 t->n
[2019-02-19 14:17:43]	还是 c->n
[2019-02-19 14:17:43]	有点 d->n
[2019-02-19 14:17:43]	下流 a->n
[2019-02-19 14:17:43]	怎么办 ryv->n
[2019-02-19 14:17:43]	您好 nl->n
[2019-02-19 14:17:43]	你好 vl->n
[2019-02-19 14:17:43]	交售 v->n
[2019-02-19 14:17:43]	找到 v->n
[2019-02-19 14:17:43]	从来 d->n
[2019-02-19 14:17:43]	约分 v->n
[2019-02-19 14:17:43]	正数 v->n
[2019-02-19 14:17:43]	他人 rr->n
[2019-02-19 14:17:43]	不论 c->n
[2019-02-19 14:17:43]	不管 c->n
[2019-02-19 14:17:43]	出事 vi->n
[2019-02-19 14:17:43]	从此 d->n
[2019-02-19 14:17:43]	当时 t->n
[2019-02-19 14:17:43]	对话 vi->n
[2019-02-19 14:17:43]	吃饭 vi->n
[2019-02-19 14:17:43]	更新 v->n
[2019-02-19 14:17:43]	讲课 vi->n
[2019-02-19 14:17:43]	尽心 a->n
[2019-02-19 14:17:43]	立方 q->n
[2019-02-19 14:17:43]	没关系 vl->n
[2019-02-19 14:17:43]	遍地 vd->n
[2019-02-19 14:17:43]	开车 vi->n
[2019-02-19 14:17:43]	因此 c->n
[2019-02-19 14:17:43]	将来 t->n
[2019-02-19 14:17:43]	以前 f->n
[2019-02-19 14:17:43]	先前 t->n
[2019-02-19 14:17:43]	早上 t->n
[2019-02-19 14:17:43]	正月 t->n
[2019-02-19 14:17:43]	难看 a->n
[2019-02-19 14:17:43]	对头 a->n
[2019-02-19 14:17:43]	正当 a->n
[2019-02-19 14:17:43]	不容 v->n
[2019-02-19 14:17:43]	出手 vi->n
[2019-02-19 14:17:43]	着手 v->n
[2019-02-19 14:17:43]	不错 a->n
[2019-02-19 14:17:43]	不便 a->n
[2019-02-19 14:17:43]	得手 a->n
[2019-02-19 14:17:43]	说话 vi->n
[2019-02-19 14:17:43]	特等 b->n
[2019-02-19 14:17:43]	住手 vi->n
[2019-02-19 14:17:43]	共事 vi->n
[2019-02-19 14:17:43]	从前 t->n
[2019-02-19 14:17:43]	已往 t->n
[2019-02-19 14:17:43]	低下 a->n
[2019-02-19 14:17:43]	当中 f->n
[2019-02-19 14:17:43]	不易 a->n
[2019-02-19 14:17:43]	不可 d->n
[2019-02-19 14:17:43]	至此 d->n
[2019-02-19 14:17:43]	不顾 v->n
[2019-02-19 14:17:43]	正派 a->n
[2019-02-19 14:17:43]	不然 a->n
[2019-02-19 14:17:43]	某人 rr->n
[2019-02-19 14:17:43]	一角 n->v
[2019-02-19 14:17:43]	除外 vi->v
[2019-02-19 14:17:43]	爱人 n->nz
[2019-02-19 14:17:43]	把手 n->nz
[2019-02-19 14:17:43]	靠山 n->nz
[2019-02-19 14:17:43]	不行 a->v
[2019-02-19 14:17:43]	不能 v->vi
[2019-02-19 14:17:43]	不会 v->vi
[2019-02-19 14:17:43]	车号 n->nz
[2019-02-19 14:17:43]	同党 n->nz
[2019-02-19 14:17:43]	打的 v->vi
[2019-02-19 14:17:43]	除法 n->nz
[2019-02-19 14:17:43]	从重 d->v
[2019-02-19 14:17:43]	搭建 v->vd
[2019-02-19 14:17:43]	四处 d->vi
[2019-02-19 14:17:43]	拨打 v->vd
[2019-02-19 14:17:43]	大跌 v->vn
[2019-02-19 14:17:43]	会话 v->vn
[2019-02-19 14:17:43]	要领 n->nz
[2019-02-19 14:17:43]	下学 v->vd
[2019-02-19 14:17:43]	分号 n->nz
[2019-02-19 14:17:43]	不合 v->n
[2019-02-19 14:17:43]	高等 b->a
[2019-02-19 14:17:43]	还给 v->vd
[2019-02-19 14:17:43]	有心 v->vd
[2019-02-19 14:17:43]	说法 n->nz
[2019-02-19 14:17:43]	大喊 v->vd
[2019-02-19 14:17:43]	好多 m->a
[2019-02-19 14:17:43]	大奖 n->nz
[2019-02-19 14:17:43]	无礼 a->ad
[2019-02-19 14:17:43]	看不起 v->vn
[2019-02-19 14:17:43]	看得起 v->vn
[2019-02-19 14:17:43]	理事 n->nz
[2019-02-19 14:17:43]	本心 n->nl
[2019-02-19 14:17:43]	论说 vn->vl
[2019-02-19 14:17:43]	他俩 r->n
[2019-02-19 14:17:43]	江米 n->nz
[2019-02-19 14:17:43]	千米 q->qv
[2019-02-19 14:17:43]	签定 v->vn
[2019-02-19 14:17:43]	好天 n->nz
[2019-02-19 14:17:43]	日食 n->nz
[2019-02-19 14:17:43]	是不是 v->vd
[2019-02-19 14:17:43]	手指 n->nz
[2019-02-19 14:17:43]	睡着 v->vd
[2019-02-19 14:17:43]	大小 n->nz
[2019-02-19 14:17:43]	了得 a->ad
[2019-02-19 14:17:43]	问号 n->nz
[2019-02-19 14:17:43]	西藏自治区 ns->nz
[2019-02-19 14:17:43]	小便 v->vi
[2019-02-19 14:17:43]	好在 d->v
[2019-02-19 14:17:43]	双眼 n->nz
[2019-02-19 14:17:43]	一元 b->nz
[2019-02-19 14:17:43]	引号 n->nz
[2019-02-19 14:17:43]	像片 n->nz
[2019-02-19 14:17:43]	争抢 v->vd
[2019-02-19 14:17:43]	小我 n->nz
[2019-02-19 14:17:43]	文字 n->nz
[2019-02-19 14:17:43]	部分 m->n
[2019-02-19 14:17:43]	别名 n->nz
[2019-02-19 14:17:43]	和缓 a->ad
[2019-02-19 14:17:43]	按时 d->ad
[2019-02-19 14:17:43]	春分 t->n
[2019-02-19 14:17:43]	知了 n->nz
[2019-02-19 14:17:43]	车次 n->nz
[2019-02-19 14:17:43]	大寒 t->nz
[2019-02-19 14:17:43]	大料 n->nz
[2019-02-19 14:17:43]	当面 d->n
[2019-02-19 14:17:43]	上岸 vi->v
[2019-02-19 14:17:43]	对仗 n->nz
[2019-02-19 14:17:43]	分米 q->qt
[2019-02-19 14:17:43]	副词 n->nz
[2019-02-19 14:17:43]	次要 b->bl
[2019-02-19 14:17:43]	成心 d->v
[2019-02-19 14:17:43]	还账 v->vi
[2019-02-19 14:17:43]	该死 vi->v
[2019-02-19 14:17:43]	长项 n->nz
[2019-02-19 14:17:43]	借条 n->nz
[2019-02-19 14:17:43]	买家 n->nz
[2019-02-19 14:17:43]	天车 n->nz
[2019-02-19 14:17:43]	东家 n->nz
[2019-02-19 14:17:43]	小气 a->ad
[2019-02-19 14:17:43]	小产 v->vi
[2019-02-19 14:17:43]	起名 vi->v
[2019-02-19 14:17:43]	生分 a->ad
[2019-02-19 14:17:43]	上税 v->vi
[2019-02-19 14:17:43]	内蒙古自治区 ns->nz
[2019-02-19 14:17:43]	拟人 n->nz
[2019-02-19 14:17:43]	年岁 n->nl
[2019-02-19 14:17:43]	年事 n->nl
[2019-02-19 14:17:43]	身段 n->nz
[2019-02-19 14:17:43]	凡间 s->n
[2019-02-19 14:17:43]	便是 v->vd
[2019-02-19 14:17:43]	收条 n->nz
[2019-02-19 14:17:43]	禁不起 v->vd
[2019-02-19 14:17:43]	书册 n->nl
[2019-02-19 14:17:43]	水笔 n->nz
[2019-02-19 14:17:43]	时价 n->nl
[2019-02-19 14:17:43]	就义 vi->v
[2019-02-19 14:17:43]	先后 d->ad
[2019-02-19 14:17:43]	想像 v->vd
[2019-02-19 14:17:43]	小寒 t->nz
[2019-02-19 14:17:43]	小满 t->nz
[2019-02-19 14:17:43]	新词 n->nl
[2019-02-19 14:17:43]	往时 t->tg
[2019-02-19 14:17:43]	意旨 n->nl
[2019-02-19 14:17:43]	图章 n->nz
[2019-02-19 14:17:43]	正好 z->tg
[2019-02-19 14:17:43]	正理 n->nl
[2019-02-19 14:17:43]	对证 vn->n
[2019-02-19 14:17:43]	中档 b->nl
[2019-02-19 14:17:43]	我方 r->n
[2019-02-19 14:17:43]	自修 v->vl
[2019-02-19 14:17:43]	才能 n->v
[2019-02-19 14:17:43]	秒钟 n->q
[2019-02-19 14:17:43]	火烧 n->v
[2019-02-19 14:17:43]	大路 n->nz
[2019-02-19 14:17:43]	自力 n->nz
[2019-02-19 14:17:43]	女星 n->nl
[2019-02-19 14:17:43]	申请人 n->nl
[2019-02-19 14:17:43]	美女 n->nl
[2019-02-19 14:17:43]	联系人 n->nl
[2019-02-19 14:17:43]	便条 n->nl
[2019-02-19 14:17:43]	中农 n->nl
[2019-02-19 14:17:43]	人道 n->nl
[2019-02-19 14:17:43]	资本家 n->nl
[2019-02-19 14:17:43]	水车 n->nl
[2019-02-19 14:17:43]	马戏 n->nl
[2019-02-19 14:17:43]	除数 n->nz
[2019-02-19 14:17:43]	周长 n->nz
[2019-02-19 14:17:43]	小数 n->nz
[2019-02-19 14:17:43]	经线 n->nz
[2019-02-19 14:17:43]	副手 n->nz
[2019-02-19 14:17:43]	三角 n->ns
[2019-02-19 14:17:43]	切线 n->nz
[2019-02-19 14:17:43]	本着 p->nl
[2019-02-19 14:17:43]	报到 vi->v
[2019-02-19 14:17:43]	不够 a->n
[2019-02-19 14:17:43]	不满 a->v
[2019-02-19 14:17:43]	不同 a->ad
[2019-02-19 14:17:43]	大使 n->nl
[2019-02-19 14:17:43]	对应 vi->v
[2019-02-19 14:17:43]	海带 n->nl
[2019-02-19 14:17:43]	后天 n->t
[2019-02-19 14:17:43]	回家 vi->v
[2019-02-19 14:17:43]	开关 n->v
[2019-02-19 14:17:43]	完了 vi->n
[2019-02-19 14:17:43]	没用 a->v
[2019-02-19 14:17:43]	难听 a->v
[2019-02-19 14:17:43]	暖和 a->ad
[2019-02-19 14:17:43]	排比 n->nz
[2019-02-19 14:17:43]	前天 n->t
[2019-02-19 14:17:43]	上当 vi->v
[2019-02-19 14:17:43]	受不了 al->n
[2019-02-19 14:17:43]	从而 c->cc
[2019-02-19 14:17:43]	图像 n->nl
[2019-02-19 14:17:43]	脱钩 vi->v
[2019-02-19 14:17:43]	周到 a->an
[2019-02-19 14:17:43]	等同 vd->v
[2019-02-19 14:17:43]	有用 a->n
[2019-02-19 14:17:43]	再见 vi->v
[2019-02-19 14:17:43]	有时候 d->n
[2019-02-19 14:17:43]	由此 d->n
[2019-02-19 14:17:43]	有余 m->v
[2019-02-19 14:17:43]	请愿 vi->vn
[2019-02-19 14:17:43]	内在 b->n
[2019-02-19 14:17:43]	不好 a->n
[2019-02-19 14:17:43]	共命运 vl->nl
[2019-02-19 14:17:43]	小于 nr->v
[2019-02-19 14:17:43]	大人 n->nl
[2019-02-19 14:17:43]	乘法 n->nl
[2019-02-19 14:17:43]	对手 n->nl
[2019-02-19 14:17:43]	对方 n->nl
[2019-02-19 14:17:43]	成人 n->nl
[2019-02-19 14:17:43]	所在 n->nl
[2019-02-19 14:17:43]	全年 n->nl
[2019-02-19 14:17:43]	年轻人 n->nl
[2019-02-19 14:17:43]	双手 n->nl
[2019-02-19 14:17:43]	亮点 n->nl
[2019-02-19 14:17:43]	所长 n->nl
[2019-02-19 14:17:43]	天下 n->nl
[2019-02-19 14:17:43]	先人 n->nl
[2019-02-19 14:17:43]	正常人 n->nl
[2019-02-19 14:17:43]	好人 n->nl
[2019-02-19 14:17:43]	国家队 n->nl
[2019-02-19 14:17:43]	党派 n->nl
[2019-02-19 14:17:43]	乘方 n->nl
[2019-02-19 14:18:14]	本分 a->n
[2019-02-19 14:18:14]	按时 d->n
[2019-02-19 14:18:14]	一定 b->n
[2019-02-19 14:18:14]	不结盟 vi->n
[2019-02-19 14:18:14]	不是 c->n
[2019-02-19 14:18:14]	不能 v->n
[2019-02-19 14:18:14]	不会 v->n
[2019-02-19 14:18:14]	出血 vi->n
[2019-02-19 14:18:14]	打的 v->n
[2019-02-19 14:18:14]	除外 vi->n
[2019-02-19 14:18:14]	春分 t->n
[2019-02-19 14:18:14]	从宽 d->n
[2019-02-19 14:18:14]	从重 d->n
[2019-02-19 14:18:14]	搭建 v->n
[2019-02-19 14:18:14]	大寒 t->n
[2019-02-19 14:18:14]	当面 d->n
[2019-02-19 14:18:14]	会话 v->n
[2019-02-19 14:18:14]	分米 q->n
[2019-02-19 14:18:14]	次要 b->n
[2019-02-19 14:18:14]	成心 d->n
[2019-02-19 14:18:14]	一齐 d->n
[2019-02-19 14:18:14]	还账 v->n
[2019-02-19 14:18:14]	不准 v->n
[2019-02-19 14:18:14]	看不起 v->n
[2019-02-19 14:18:14]	看得起 v->n
[2019-02-19 14:18:14]	小产 v->n
[2019-02-19 14:18:14]	天天 d->n
[2019-02-19 14:18:14]	起名 vi->n
[2019-02-19 14:18:14]	上税 v->n
[2019-02-19 14:18:14]	他俩 r->n
[2019-02-19 14:18:14]	千米 q->n
[2019-02-19 14:18:14]	是不是 v->n
[2019-02-19 14:18:14]	禁不起 v->n
[2019-02-19 14:18:14]	先后 d->n
[2019-02-19 14:18:14]	小便 v->n
[2019-02-19 14:18:14]	小满 t->n
[2019-02-19 14:18:14]	吃药 v->n
[2019-02-19 14:18:14]	一元 b->n
[2019-02-19 14:18:14]	正好 z->n
[2019-02-19 14:18:14]	对证 vn->n
[2019-02-19 14:18:14]	中档 b->n
[2019-02-19 14:18:14]	自修 v->n
[2019-02-19 14:18:14]	到底 d->n
[2019-02-19 14:18:14]	和缓 a->n
[2019-02-19 14:18:14]	人为 b->n
[2019-02-19 14:18:14]	长达 v->n
[2019-02-19 14:18:14]	上流 b->n
[2019-02-19 14:18:14]	喜好 an->n
[2019-02-19 14:18:14]	从中 d->n
[2019-02-19 14:18:14]	各人 rr->n
[2019-02-19 14:18:14]	中选 vi->n
[2019-02-19 14:18:14]	各处 rzs->n
[2019-02-19 14:18:14]	四处 d->n
[2019-02-19 14:18:14]	上岸 vi->n
[2019-02-19 14:18:14]	拨打 v->n
[2019-02-19 14:18:14]	大跌 v->n
[2019-02-19 14:18:14]	好多 m->n
[2019-02-19 14:18:14]	下学 v->n
[2019-02-19 14:18:14]	不合 v->n
[2019-02-19 14:18:14]	高等 b->n
[2019-02-19 14:18:14]	老大 a->n
[2019-02-19 14:18:14]	还给 v->n
[2019-02-19 14:18:14]	对等 vi->n
[2019-02-19 14:18:14]	有心 v->n
[2019-02-19 14:18:14]	真的 a->n
[2019-02-19 14:18:14]	大喊 v->n
[2019-02-19 14:18:14]	总会 d->n
[2019-02-19 14:18:14]	该死 vi->n
[2019-02-19 14:18:14]	一口气 d->n
[2019-02-19 14:18:14]	小气 a->n
[2019-02-19 14:18:14]	论说 vn->n
[2019-02-19 14:18:14]	中意 a->n
[2019-02-19 14:18:14]	生分 a->n
[2019-02-19 14:18:14]	内蒙古自治区 ns->n
[2019-02-19 14:18:14]	年间 f->n
[2019-02-19 14:18:14]	和暖 a->n
[2019-02-19 14:18:14]	省钱 a->n
[2019-02-19 14:18:14]	单方面 b->n
[2019-02-19 14:18:14]	早起 vi->n
[2019-02-19 14:18:14]	签定 v->n
[2019-02-19 14:18:14]	凡间 s->n
[2019-02-19 14:18:14]	就是 c->n
[2019-02-19 14:18:14]	便是 v->n
[2019-02-19 14:18:14]	国都 d->n
[2019-02-19 14:18:14]	首次 m->n
[2019-02-19 14:18:14]	睡着 v->n
[2019-02-19 14:18:14]	了得 a->n
[2019-02-19 14:18:14]	西藏自治区 ns->n
[2019-02-19 14:18:14]	想像 v->n
[2019-02-19 14:18:14]	好在 d->n
[2019-02-19 14:18:14]	往时 t->n
[2019-02-19 14:18:14]	争抢 v->n
[2019-02-19 14:18:14]	正在 d->n
[2019-02-19 14:18:14]	我方 r->n
[2019-02-19 14:18:14]	多功能 b->n
[2019-02-19 14:18:14]	黑白 b->n
[2019-02-19 14:18:14]	南北 f->n
[2019-02-19 14:18:14]	干什么 r->n
[2019-02-19 14:18:14]	不断 d->n
[2019-02-19 14:18:14]	同呼吸 vl->n
[2019-02-19 14:18:14]	日间 t->n
[2019-02-19 14:18:14]	还是 c->n
[2019-02-19 14:18:14]	有点 d->n
[2019-02-19 14:18:14]	下流 a->n
[2019-02-19 14:18:14]	怎么办 ryv->n
[2019-02-19 14:18:14]	您好 nl->n
[2019-02-19 14:18:14]	你好 vl->n
[2019-02-19 14:18:14]	交售 v->n
[2019-02-19 14:18:14]	找到 v->n
[2019-02-19 14:18:14]	从来 d->n
[2019-02-19 14:18:14]	约分 v->n
[2019-02-19 14:18:14]	正数 v->n
[2019-02-19 14:18:14]	他人 rr->n
[2019-02-19 14:18:14]	不论 c->n
[2019-02-19 14:18:14]	不管 c->n
[2019-02-19 14:18:14]	出事 vi->n
[2019-02-19 14:18:14]	从此 d->n
[2019-02-19 14:18:14]	当时 t->n
[2019-02-19 14:18:14]	对话 vi->n
[2019-02-19 14:18:14]	吃饭 vi->n
[2019-02-19 14:18:14]	更新 v->n
[2019-02-19 14:18:14]	讲课 vi->n
[2019-02-19 14:18:14]	尽心 a->n
[2019-02-19 14:18:14]	立方 q->n
[2019-02-19 14:18:14]	没关系 vl->n
[2019-02-19 14:18:14]	遍地 vd->n
[2019-02-19 14:18:14]	开车 vi->n
[2019-02-19 14:18:14]	因此 c->n
[2019-02-19 14:18:14]	将来 t->n
[2019-02-19 14:18:14]	以前 f->n
[2019-02-19 14:18:14]	先前 t->n
[2019-02-19 14:18:14]	早上 t->n
[2019-02-19 14:18:14]	正月 t->n
[2019-02-19 14:18:14]	难看 a->n
[2019-02-19 14:18:14]	对头 a->n
[2019-02-19 14:18:14]	正当 a->n
[2019-02-19 14:18:14]	不容 v->n
[2019-02-19 14:18:14]	出手 vi->n
[2019-02-19 14:18:14]	着手 v->n
[2019-02-19 14:18:14]	不错 a->n
[2019-02-19 14:18:14]	不便 a->n
[2019-02-19 14:18:14]	得手 a->n
[2019-02-19 14:18:14]	说话 vi->n
[2019-02-19 14:18:14]	特等 b->n
[2019-02-19 14:18:14]	住手 vi->n
[2019-02-19 14:18:14]	共事 vi->n
[2019-02-19 14:18:14]	从前 t->n
[2019-02-19 14:18:14]	已往 t->n
[2019-02-19 14:18:14]	低下 a->n
[2019-02-19 14:18:14]	当中 f->n
[2019-02-19 14:18:14]	不易 a->n
[2019-02-19 14:18:14]	不可 d->n
[2019-02-19 14:18:14]	至此 d->n
[2019-02-19 14:18:14]	不顾 v->n
[2019-02-19 14:18:14]	正派 a->n
[2019-02-19 14:18:14]	不然 a->n
[2019-02-19 14:18:14]	某人 rr->n
[2019-02-19 14:18:14]	一角 n->v
[2019-02-19 14:18:14]	除外 vi->v
[2019-02-19 14:18:14]	爱人 n->nz
[2019-02-19 14:18:14]	把手 n->nz
[2019-02-19 14:18:14]	靠山 n->nz
[2019-02-19 14:18:14]	不行 a->v
[2019-02-19 14:18:14]	不能 v->vi
[2019-02-19 14:18:14]	不会 v->vi
[2019-02-19 14:18:14]	车号 n->nz
[2019-02-19 14:18:14]	同党 n->nz
[2019-02-19 14:18:14]	打的 v->vi
[2019-02-19 14:18:14]	除法 n->nz
[2019-02-19 14:18:14]	从重 d->v
[2019-02-19 14:18:14]	搭建 v->vd
[2019-02-19 14:18:14]	四处 d->vi
[2019-02-19 14:18:14]	拨打 v->vd
[2019-02-19 14:18:14]	大跌 v->vn
[2019-02-19 14:18:14]	会话 v->vn
[2019-02-19 14:18:14]	要领 n->nz
[2019-02-19 14:18:14]	下学 v->vd
[2019-02-19 14:18:14]	分号 n->nz
[2019-02-19 14:18:14]	不合 v->n
[2019-02-19 14:18:14]	高等 b->a
[2019-02-19 14:18:14]	还给 v->vd
[2019-02-19 14:18:14]	有心 v->vd
[2019-02-19 14:18:14]	说法 n->nz
[2019-02-19 14:18:14]	大喊 v->vd
[2019-02-19 14:18:14]	好多 m->a
[2019-02-19 14:18:14]	大奖 n->nz
[2019-02-19 14:18:14]	无礼 a->ad
[2019-02-19 14:18:14]	看不起 v->vn
[2019-02-19 14:18:14]	看得起 v->vn
[2019-02-19 14:18:14]	理事 n->nz
[2019-02-19 14:18:14]	本心 n->nl
[2019-02-19 14:18:14]	论说 vn->vl
[2019-02-19 14:18:14]	他俩 r->n
[2019-02-19 14:18:14]	江米 n->nz
[2019-02-19 14:18:14]	千米 q->qv
[2019-02-19 14:18:14]	签定 v->vn
[2019-02-19 14:18:14]	好天 n->nz
[2019-02-19 14:18:14]	日食 n->nz
[2019-02-19 14:18:14]	是不是 v->vd
[2019-02-19 14:18:14]	手指 n->nz
[2019-02-19 14:18:14]	睡着 v->vd
[2019-02-19 14:18:14]	大小 n->nz
[2019-02-19 14:18:14]	了得 a->ad
[2019-02-19 14:18:14]	问号 n->nz
[2019-02-19 14:18:14]	西藏自治区 ns->nz
[2019-02-19 14:18:14]	小便 v->vi
[2019-02-19 14:18:14]	好在 d->v
[2019-02-19 14:18:14]	双眼 n->nz
[2019-02-19 14:18:14]	一元 b->nz
[2019-02-19 14:18:14]	引号 n->nz
[2019-02-19 14:18:14]	像片 n->nz
[2019-02-19 14:18:14]	争抢 v->vd
[2019-02-19 14:18:14]	小我 n->nz
[2019-02-19 14:18:14]	文字 n->nz
[2019-02-19 14:18:14]	部分 m->n
[2019-02-19 14:18:14]	别名 n->nz
[2019-02-19 14:18:14]	和缓 a->ad
[2019-02-19 14:18:14]	按时 d->ad
[2019-02-19 14:18:14]	春分 t->n
[2019-02-19 14:18:14]	知了 n->nz
[2019-02-19 14:18:14]	车次 n->nz
[2019-02-19 14:18:14]	大寒 t->nz
[2019-02-19 14:18:14]	大料 n->nz
[2019-02-19 14:18:14]	当面 d->n
[2019-02-19 14:18:14]	上岸 vi->v
[2019-02-19 14:18:14]	对仗 n->nz
[2019-02-19 14:18:14]	分米 q->qt
[2019-02-19 14:18:14]	副词 n->nz
[2019-02-19 14:18:14]	次要 b->bl
[2019-02-19 14:18:14]	成心 d->v
[2019-02-19 14:18:14]	还账 v->vi
[2019-02-19 14:18:14]	该死 vi->v
[2019-02-19 14:18:14]	长项 n->nz
[2019-02-19 14:18:14]	借条 n->nz
[2019-02-19 14:18:14]	买家 n->nz
[2019-02-19 14:18:14]	天车 n->nz
[2019-02-19 14:18:14]	东家 n->nz
[2019-02-19 14:18:14]	小气 a->ad
[2019-02-19 14:18:14]	小产 v->vi
[2019-02-19 14:18:14]	起名 vi->v
[2019-02-19 14:18:14]	生分 a->ad
[2019-02-19 14:18:14]	上税 v->vi
[2019-02-19 14:18:14]	内蒙古自治区 ns->nz
[2019-02-19 14:18:14]	拟人 n->nz
[2019-02-19 14:18:14]	年岁 n->nl
[2019-02-19 14:18:14]	年事 n->nl
[2019-02-19 14:18:14]	身段 n->nz
[2019-02-19 14:18:14]	凡间 s->n
[2019-02-19 14:18:14]	便是 v->vd
[2019-02-19 14:18:14]	收条 n->nz
[2019-02-19 14:18:14]	禁不起 v->vd
[2019-02-19 14:18:14]	书册 n->nl
[2019-02-19 14:18:14]	水笔 n->nz
[2019-02-19 14:18:14]	时价 n->nl
[2019-02-19 14:18:14]	就义 vi->v
[2019-02-19 14:18:14]	先后 d->ad
[2019-02-19 14:18:14]	想像 v->vd
[2019-02-19 14:18:14]	小寒 t->nz
[2019-02-19 14:18:14]	小满 t->nz
[2019-02-19 14:18:14]	新词 n->nl
[2019-02-19 14:18:14]	往时 t->tg
[2019-02-19 14:18:14]	意旨 n->nl
[2019-02-19 14:18:14]	图章 n->nz
[2019-02-19 14:18:14]	正好 z->tg
[2019-02-19 14:18:14]	正理 n->nl
[2019-02-19 14:18:14]	对证 vn->n
[2019-02-19 14:18:14]	中档 b->nl
[2019-02-19 14:18:14]	我方 r->n
[2019-02-19 14:18:14]	自修 v->vl
[2019-02-19 14:18:14]	才能 n->v
[2019-02-19 14:18:14]	秒钟 n->q
[2019-02-19 14:18:14]	火烧 n->v
[2019-02-19 14:18:14]	大路 n->nz
[2019-02-19 14:18:14]	自力 n->nz
[2019-02-19 14:18:14]	女星 n->nl
[2019-02-19 14:18:14]	申请人 n->nl
[2019-02-19 14:18:14]	美女 n->nl
[2019-02-19 14:18:14]	联系人 n->nl
[2019-02-19 14:18:14]	便条 n->nl
[2019-02-19 14:18:14]	中农 n->nl
[2019-02-19 14:18:14]	人道 n->nl
[2019-02-19 14:18:14]	资本家 n->nl
[2019-02-19 14:18:14]	水车 n->nl
[2019-02-19 14:18:14]	马戏 n->nl
[2019-02-19 14:18:14]	除数 n->nz
[2019-02-19 14:18:14]	周长 n->nz
[2019-02-19 14:18:14]	小数 n->nz
[2019-02-19 14:18:14]	经线 n->nz
[2019-02-19 14:18:14]	副手 n->nz
[2019-02-19 14:18:14]	三角 n->ns
[2019-02-19 14:18:14]	切线 n->nz
[2019-02-19 14:18:14]	本着 p->nl
[2019-02-19 14:18:14]	报到 vi->v
[2019-02-19 14:18:14]	不够 a->n
[2019-02-19 14:18:14]	不满 a->v
[2019-02-19 14:18:14]	不同 a->ad
[2019-02-19 14:18:14]	大使 n->nl
[2019-02-19 14:18:14]	对应 vi->v
[2019-02-19 14:18:14]	海带 n->nl
[2019-02-19 14:18:14]	后天 n->t
[2019-02-19 14:18:14]	回家 vi->v
[2019-02-19 14:18:14]	开关 n->v
[2019-02-19 14:18:14]	完了 vi->n
[2019-02-19 14:18:14]	没用 a->v
[2019-02-19 14:18:14]	难听 a->v
[2019-02-19 14:18:14]	暖和 a->ad
[2019-02-19 14:18:14]	排比 n->nz
[2019-02-19 14:18:14]	前天 n->t
[2019-02-19 14:18:14]	上当 vi->v
[2019-02-19 14:18:14]	受不了 al->n
[2019-02-19 14:18:14]	从而 c->cc
[2019-02-19 14:18:14]	图像 n->nl
[2019-02-19 14:18:14]	脱钩 vi->v
[2019-02-19 14:18:14]	周到 a->an
[2019-02-19 14:18:14]	等同 vd->v
[2019-02-19 14:18:14]	有用 a->n
[2019-02-19 14:18:14]	再见 vi->v
[2019-02-19 14:18:14]	有时候 d->n
[2019-02-19 14:18:14]	由此 d->n
[2019-02-19 14:18:14]	有余 m->v
[2019-02-19 14:18:14]	请愿 vi->vn
[2019-02-19 14:18:14]	内在 b->n
[2019-02-19 14:18:14]	不好 a->n
[2019-02-19 14:18:14]	共命运 vl->nl
[2019-02-19 14:18:14]	小于 nr->v
[2019-02-19 14:18:14]	大人 n->nl
[2019-02-19 14:18:14]	乘法 n->nl
[2019-02-19 14:18:14]	对手 n->nl
[2019-02-19 14:18:14]	对方 n->nl
[2019-02-19 14:18:14]	成人 n->nl
[2019-02-19 14:18:14]	所在 n->nl
[2019-02-19 14:18:14]	全年 n->nl
[2019-02-19 14:18:14]	年轻人 n->nl
[2019-02-19 14:18:14]	双手 n->nl
[2019-02-19 14:18:14]	亮点 n->nl
[2019-02-19 14:18:14]	所长 n->nl
[2019-02-19 14:18:14]	天下 n->nl
[2019-02-19 14:18:14]	先人 n->nl
[2019-02-19 14:18:14]	正常人 n->nl
[2019-02-19 14:18:14]	好人 n->nl
[2019-02-19 14:18:14]	国家队 n->nl
[2019-02-19 14:18:14]	党派 n->nl
[2019-02-19 14:18:14]	乘方 n->nl
[2019-02-19 14:19:51]	本分 a->n
[2019-02-19 14:19:51]	按时 d->n
[2019-02-19 14:19:51]	一定 b->n
[2019-02-19 14:19:51]	不结盟 vi->n
[2019-02-19 14:19:51]	不是 c->n
[2019-02-19 14:19:51]	不能 v->n
[2019-02-19 14:19:51]	不会 v->n
[2019-02-19 14:19:51]	出血 vi->n
[2019-02-19 14:19:51]	打的 v->n
[2019-02-19 14:19:51]	除外 vi->n
[2019-02-19 14:19:51]	春分 t->n
[2019-02-19 14:19:51]	从宽 d->n
[2019-02-19 14:19:51]	从重 d->n
[2019-02-19 14:19:51]	搭建 v->n
[2019-02-19 14:19:51]	大寒 t->n
[2019-02-19 14:19:51]	当面 d->n
[2019-02-19 14:19:51]	会话 v->n
[2019-02-19 14:19:51]	分米 q->n
[2019-02-19 14:19:51]	次要 b->n
[2019-02-19 14:19:51]	成心 d->n
[2019-02-19 14:19:51]	一齐 d->n
[2019-02-19 14:19:51]	还账 v->n
[2019-02-19 14:19:51]	不准 v->n
[2019-02-19 14:19:51]	看不起 v->n
[2019-02-19 14:19:51]	看得起 v->n
[2019-02-19 14:19:51]	小产 v->n
[2019-02-19 14:19:51]	天天 d->n
[2019-02-19 14:19:51]	起名 vi->n
[2019-02-19 14:19:51]	上税 v->n
[2019-02-19 14:19:51]	他俩 r->n
[2019-02-19 14:19:51]	千米 q->n
[2019-02-19 14:19:51]	是不是 v->n
[2019-02-19 14:19:51]	禁不起 v->n
[2019-02-19 14:19:51]	先后 d->n
[2019-02-19 14:19:51]	小便 v->n
[2019-02-19 14:19:51]	小满 t->n
[2019-02-19 14:19:51]	吃药 v->n
[2019-02-19 14:19:51]	一元 b->n
[2019-02-19 14:19:51]	正好 z->n
[2019-02-19 14:19:51]	对证 vn->n
[2019-02-19 14:19:51]	中档 b->n
[2019-02-19 14:19:51]	自修 v->n
[2019-02-19 14:19:51]	到底 d->n
[2019-02-19 14:19:51]	和缓 a->n
[2019-02-19 14:19:51]	人为 b->n
[2019-02-19 14:19:51]	长达 v->n
[2019-02-19 14:19:51]	上流 b->n
[2019-02-19 14:19:51]	喜好 an->n
[2019-02-19 14:19:51]	从中 d->n
[2019-02-19 14:19:51]	各人 rr->n
[2019-02-19 14:19:51]	中选 vi->n
[2019-02-19 14:19:51]	各处 rzs->n
[2019-02-19 14:19:51]	四处 d->n
[2019-02-19 14:19:51]	上岸 vi->n
[2019-02-19 14:19:51]	拨打 v->n
[2019-02-19 14:19:51]	大跌 v->n
[2019-02-19 14:19:51]	好多 m->n
[2019-02-19 14:19:51]	下学 v->n
[2019-02-19 14:19:51]	不合 v->n
[2019-02-19 14:19:51]	高等 b->n
[2019-02-19 14:19:51]	老大 a->n
[2019-02-19 14:19:51]	还给 v->n
[2019-02-19 14:19:51]	对等 vi->n
[2019-02-19 14:19:51]	有心 v->n
[2019-02-19 14:19:51]	真的 a->n
[2019-02-19 14:19:51]	大喊 v->n
[2019-02-19 14:19:51]	总会 d->n
[2019-02-19 14:19:51]	该死 vi->n
[2019-02-19 14:19:51]	一口气 d->n
[2019-02-19 14:19:51]	小气 a->n
[2019-02-19 14:19:51]	论说 vn->n
[2019-02-19 14:19:51]	中意 a->n
[2019-02-19 14:19:51]	生分 a->n
[2019-02-19 14:19:51]	内蒙古自治区 ns->n
[2019-02-19 14:19:51]	年间 f->n
[2019-02-19 14:19:51]	和暖 a->n
[2019-02-19 14:19:51]	省钱 a->n
[2019-02-19 14:19:51]	单方面 b->n
[2019-02-19 14:19:51]	早起 vi->n
[2019-02-19 14:19:51]	签定 v->n
[2019-02-19 14:19:51]	凡间 s->n
[2019-02-19 14:19:51]	就是 c->n
[2019-02-19 14:19:51]	便是 v->n
[2019-02-19 14:19:51]	国都 d->n
[2019-02-19 14:19:51]	首次 m->n
[2019-02-19 14:19:51]	睡着 v->n
[2019-02-19 14:19:51]	了得 a->n
[2019-02-19 14:19:51]	西藏自治区 ns->n
[2019-02-19 14:19:51]	想像 v->n
[2019-02-19 14:19:51]	好在 d->n
[2019-02-19 14:19:51]	往时 t->n
[2019-02-19 14:19:51]	争抢 v->n
[2019-02-19 14:19:51]	正在 d->n
[2019-02-19 14:19:51]	我方 r->n
[2019-02-19 14:19:51]	多功能 b->n
[2019-02-19 14:19:51]	黑白 b->n
[2019-02-19 14:19:51]	南北 f->n
[2019-02-19 14:19:51]	干什么 r->n
[2019-02-19 14:19:51]	不断 d->n
[2019-02-19 14:19:51]	同呼吸 vl->n
[2019-02-19 14:19:51]	日间 t->n
[2019-02-19 14:19:51]	还是 c->n
[2019-02-19 14:19:51]	有点 d->n
[2019-02-19 14:19:51]	下流 a->n
[2019-02-19 14:19:51]	怎么办 ryv->n
[2019-02-19 14:19:51]	您好 nl->n
[2019-02-19 14:19:51]	你好 vl->n
[2019-02-19 14:19:51]	交售 v->n
[2019-02-19 14:19:51]	找到 v->n
[2019-02-19 14:19:51]	从来 d->n
[2019-02-19 14:19:51]	约分 v->n
[2019-02-19 14:19:51]	正数 v->n
[2019-02-19 14:19:51]	他人 rr->n
[2019-02-19 14:19:51]	不论 c->n
[2019-02-19 14:19:51]	不管 c->n
[2019-02-19 14:19:51]	出事 vi->n
[2019-02-19 14:19:51]	从此 d->n
[2019-02-19 14:19:51]	当时 t->n
[2019-02-19 14:19:51]	对话 vi->n
[2019-02-19 14:19:51]	吃饭 vi->n
[2019-02-19 14:19:51]	更新 v->n
[2019-02-19 14:19:51]	讲课 vi->n
[2019-02-19 14:19:51]	尽心 a->n
[2019-02-19 14:19:51]	立方 q->n
[2019-02-19 14:19:51]	没关系 vl->n
[2019-02-19 14:19:51]	遍地 vd->n
[2019-02-19 14:19:51]	开车 vi->n
[2019-02-19 14:19:51]	因此 c->n
[2019-02-19 14:19:51]	将来 t->n
[2019-02-19 14:19:51]	以前 f->n
[2019-02-19 14:19:51]	先前 t->n
[2019-02-19 14:19:51]	早上 t->n
[2019-02-19 14:19:51]	正月 t->n
[2019-02-19 14:19:51]	难看 a->n
[2019-02-19 14:19:51]	对头 a->n
[2019-02-19 14:19:51]	正当 a->n
[2019-02-19 14:19:51]	不容 v->n
[2019-02-19 14:19:51]	出手 vi->n
[2019-02-19 14:19:51]	着手 v->n
[2019-02-19 14:19:51]	不错 a->n
[2019-02-19 14:19:51]	不便 a->n
[2019-02-19 14:19:51]	得手 a->n
[2019-02-19 14:19:51]	说话 vi->n
[2019-02-19 14:19:51]	特等 b->n
[2019-02-19 14:19:51]	住手 vi->n
[2019-02-19 14:19:51]	共事 vi->n
[2019-02-19 14:19:51]	从前 t->n
[2019-02-19 14:19:51]	已往 t->n
[2019-02-19 14:19:51]	低下 a->n
[2019-02-19 14:19:51]	当中 f->n
[2019-02-19 14:19:51]	不易 a->n
[2019-02-19 14:19:51]	不可 d->n
[2019-02-19 14:19:51]	至此 d->n
[2019-02-19 14:19:51]	不顾 v->n
[2019-02-19 14:19:51]	正派 a->n
[2019-02-19 14:19:51]	不然 a->n
[2019-02-19 14:19:51]	某人 rr->n
[2019-02-19 14:19:51]	一角 n->v
[2019-02-19 14:19:51]	除外 vi->v
[2019-02-19 14:19:51]	爱人 n->nz
[2019-02-19 14:19:51]	把手 n->nz
[2019-02-19 14:19:51]	靠山 n->nz
[2019-02-19 14:19:51]	不行 a->v
[2019-02-19 14:19:51]	不能 v->vi
[2019-02-19 14:19:51]	不会 v->vi
[2019-02-19 14:19:51]	车号 n->nz
[2019-02-19 14:19:51]	同党 n->nz
[2019-02-19 14:19:51]	打的 v->vi
[2019-02-19 14:19:51]	除法 n->nz
[2019-02-19 14:19:51]	从重 d->v
[2019-02-19 14:19:51]	搭建 v->vd
[2019-02-19 14:19:51]	四处 d->vi
[2019-02-19 14:19:51]	拨打 v->vd
[2019-02-19 14:19:51]	大跌 v->vn
[2019-02-19 14:19:51]	会话 v->vn
[2019-02-19 14:19:51]	要领 n->nz
[2019-02-19 14:19:51]	下学 v->vd
[2019-02-19 14:19:51]	分号 n->nz
[2019-02-19 14:19:51]	不合 v->n
[2019-02-19 14:19:51]	高等 b->a
[2019-02-19 14:19:51]	还给 v->vd
[2019-02-19 14:19:51]	有心 v->vd
[2019-02-19 14:19:51]	说法 n->nz
[2019-02-19 14:19:51]	大喊 v->vd
[2019-02-19 14:19:51]	好多 m->a
[2019-02-19 14:19:51]	大奖 n->nz
[2019-02-19 14:19:51]	无礼 a->ad
[2019-02-19 14:19:51]	看不起 v->vn
[2019-02-19 14:19:51]	看得起 v->vn
[2019-02-19 14:19:51]	理事 n->nz
[2019-02-19 14:19:51]	本心 n->nl
[2019-02-19 14:19:51]	论说 vn->vl
[2019-02-19 14:19:51]	他俩 r->n
[2019-02-19 14:19:51]	江米 n->nz
[2019-02-19 14:19:51]	千米 q->qv
[2019-02-19 14:19:51]	签定 v->vn
[2019-02-19 14:19:51]	好天 n->nz
[2019-02-19 14:19:51]	日食 n->nz
[2019-02-19 14:19:51]	是不是 v->vd
[2019-02-19 14:19:51]	手指 n->nz
[2019-02-19 14:19:51]	睡着 v->vd
[2019-02-19 14:19:51]	大小 n->nz
[2019-02-19 14:19:51]	了得 a->ad
[2019-02-19 14:19:51]	问号 n->nz
[2019-02-19 14:19:51]	西藏自治区 ns->nz
[2019-02-19 14:19:51]	小便 v->vi
[2019-02-19 14:19:51]	好在 d->v
[2019-02-19 14:19:51]	双眼 n->nz
[2019-02-19 14:19:51]	一元 b->nz
[2019-02-19 14:19:51]	引号 n->nz
[2019-02-19 14:19:51]	像片 n->nz
[2019-02-19 14:19:51]	争抢 v->vd
[2019-02-19 14:19:51]	小我 n->nz
[2019-02-19 14:19:51]	文字 n->nz
[2019-02-19 14:19:51]	部分 m->n
[2019-02-19 14:19:51]	别名 n->nz
[2019-02-19 14:19:51]	和缓 a->ad
[2019-02-19 14:19:51]	按时 d->ad
[2019-02-19 14:19:51]	春分 t->n
[2019-02-19 14:19:51]	知了 n->nz
[2019-02-19 14:19:51]	车次 n->nz
[2019-02-19 14:19:51]	大寒 t->nz
[2019-02-19 14:19:51]	大料 n->nz
[2019-02-19 14:19:51]	当面 d->n
[2019-02-19 14:19:51]	上岸 vi->v
[2019-02-19 14:19:51]	对仗 n->nz
[2019-02-19 14:19:51]	分米 q->qt
[2019-02-19 14:19:51]	副词 n->nz
[2019-02-19 14:19:51]	次要 b->bl
[2019-02-19 14:19:51]	成心 d->v
[2019-02-19 14:19:51]	还账 v->vi
[2019-02-19 14:19:51]	该死 vi->v
[2019-02-19 14:19:51]	长项 n->nz
[2019-02-19 14:19:51]	借条 n->nz
[2019-02-19 14:19:51]	买家 n->nz
[2019-02-19 14:19:51]	天车 n->nz
[2019-02-19 14:19:51]	东家 n->nz
[2019-02-19 14:19:51]	小气 a->ad
[2019-02-19 14:19:51]	小产 v->vi
[2019-02-19 14:19:51]	起名 vi->v
[2019-02-19 14:19:51]	生分 a->ad
[2019-02-19 14:19:51]	上税 v->vi
[2019-02-19 14:19:51]	内蒙古自治区 ns->nz
[2019-02-19 14:19:51]	拟人 n->nz
[2019-02-19 14:19:51]	年岁 n->nl
[2019-02-19 14:19:51]	年事 n->nl
[2019-02-19 14:19:51]	身段 n->nz
[2019-02-19 14:19:51]	凡间 s->n
[2019-02-19 14:19:51]	便是 v->vd
[2019-02-19 14:19:51]	收条 n->nz
[2019-02-19 14:19:51]	禁不起 v->vd
[2019-02-19 14:19:51]	书册 n->nl
[2019-02-19 14:19:51]	水笔 n->nz
[2019-02-19 14:19:51]	时价 n->nl
[2019-02-19 14:19:51]	就义 vi->v
[2019-02-19 14:19:51]	先后 d->ad
[2019-02-19 14:19:51]	想像 v->vd
[2019-02-19 14:19:51]	小寒 t->nz
[2019-02-19 14:19:51]	小满 t->nz
[2019-02-19 14:19:51]	新词 n->nl
[2019-02-19 14:19:51]	往时 t->tg
[2019-02-19 14:19:51]	意旨 n->nl
[2019-02-19 14:19:51]	图章 n->nz
[2019-02-19 14:19:51]	正好 z->tg
[2019-02-19 14:19:51]	正理 n->nl
[2019-02-19 14:19:51]	对证 vn->n
[2019-02-19 14:19:51]	中档 b->nl
[2019-02-19 14:19:51]	我方 r->n
[2019-02-19 14:19:51]	自修 v->vl
[2019-02-19 14:19:51]	才能 n->v
[2019-02-19 14:19:51]	秒钟 n->q
[2019-02-19 14:19:51]	火烧 n->v
[2019-02-19 14:19:51]	大路 n->nz
[2019-02-19 14:19:51]	自力 n->nz
[2019-02-19 14:19:51]	女星 n->nl
[2019-02-19 14:19:51]	申请人 n->nl
[2019-02-19 14:19:51]	美女 n->nl
[2019-02-19 14:19:51]	联系人 n->nl
[2019-02-19 14:19:51]	便条 n->nl
[2019-02-19 14:19:51]	中农 n->nl
[2019-02-19 14:19:51]	人道 n->nl
[2019-02-19 14:19:51]	资本家 n->nl
[2019-02-19 14:19:51]	水车 n->nl
[2019-02-19 14:19:51]	马戏 n->nl
[2019-02-19 14:19:51]	除数 n->nz
[2019-02-19 14:19:51]	周长 n->nz
[2019-02-19 14:19:51]	小数 n->nz
[2019-02-19 14:19:51]	经线 n->nz
[2019-02-19 14:19:51]	副手 n->nz
[2019-02-19 14:19:51]	三角 n->ns
[2019-02-19 14:19:51]	切线 n->nz
[2019-02-19 14:19:51]	本着 p->nl
[2019-02-19 14:19:51]	报到 vi->v
[2019-02-19 14:19:51]	不够 a->n
[2019-02-19 14:19:51]	不满 a->v
[2019-02-19 14:19:51]	不同 a->ad
[2019-02-19 14:19:51]	大使 n->nl
[2019-02-19 14:19:51]	对应 vi->v
[2019-02-19 14:19:51]	海带 n->nl
[2019-02-19 14:19:51]	后天 n->t
[2019-02-19 14:19:51]	回家 vi->v
[2019-02-19 14:19:51]	开关 n->v
[2019-02-19 14:19:51]	完了 vi->n
[2019-02-19 14:19:51]	没用 a->v
[2019-02-19 14:19:51]	难听 a->v
[2019-02-19 14:19:51]	暖和 a->ad
[2019-02-19 14:19:51]	排比 n->nz
[2019-02-19 14:19:51]	前天 n->t
[2019-02-19 14:19:51]	上当 vi->v
[2019-02-19 14:19:51]	受不了 al->n
[2019-02-19 14:19:51]	从而 c->cc
[2019-02-19 14:19:51]	图像 n->nl
[2019-02-19 14:19:51]	脱钩 vi->v
[2019-02-19 14:19:51]	周到 a->an
[2019-02-19 14:19:51]	等同 vd->v
[2019-02-19 14:19:51]	有用 a->n
[2019-02-19 14:19:51]	再见 vi->v
[2019-02-19 14:19:51]	有时候 d->n
[2019-02-19 14:19:51]	由此 d->n
[2019-02-19 14:19:51]	有余 m->v
[2019-02-19 14:19:51]	请愿 vi->vn
[2019-02-19 14:19:51]	内在 b->n
[2019-02-19 14:19:51]	不好 a->n
[2019-02-19 14:19:51]	共命运 vl->nl
[2019-02-19 14:19:51]	小于 nr->v
[2019-02-19 14:19:51]	大人 n->nl
[2019-02-19 14:19:51]	乘法 n->nl
[2019-02-19 14:19:51]	对手 n->nl
[2019-02-19 14:19:51]	对方 n->nl
[2019-02-19 14:19:51]	成人 n->nl
[2019-02-19 14:19:51]	所在 n->nl
[2019-02-19 14:19:51]	全年 n->nl
[2019-02-19 14:19:51]	年轻人 n->nl
[2019-02-19 14:19:51]	双手 n->nl
[2019-02-19 14:19:51]	亮点 n->nl
[2019-02-19 14:19:51]	所长 n->nl
[2019-02-19 14:19:51]	天下 n->nl
[2019-02-19 14:19:51]	先人 n->nl
[2019-02-19 14:19:51]	正常人 n->nl
[2019-02-19 14:19:51]	好人 n->nl
[2019-02-19 14:19:51]	国家队 n->nl
[2019-02-19 14:19:51]	党派 n->nl
[2019-02-19 14:19:51]	乘方 n->nl
[2019-02-19 16:53:32]	本分 a->n
[2019-02-19 16:53:32]	按时 d->n
[2019-02-19 16:53:32]	一定 b->n
[2019-02-19 16:53:32]	不结盟 vi->n
[2019-02-19 16:53:32]	不是 c->n
[2019-02-19 16:53:32]	不能 v->n
[2019-02-19 16:53:32]	不会 v->n
[2019-02-19 16:53:32]	出血 vi->n
[2019-02-19 16:53:32]	打的 v->n
[2019-02-19 16:53:32]	除外 vi->n
[2019-02-19 16:53:32]	春分 t->n
[2019-02-19 16:53:32]	从宽 d->n
[2019-02-19 16:53:32]	从重 d->n
[2019-02-19 16:53:32]	搭建 v->n
[2019-02-19 16:53:32]	大寒 t->n
[2019-02-19 16:53:32]	当面 d->n
[2019-02-19 16:53:32]	会话 v->n
[2019-02-19 16:53:32]	分米 q->n
[2019-02-19 16:53:32]	次要 b->n
[2019-02-19 16:53:32]	成心 d->n
[2019-02-19 16:53:32]	一齐 d->n
[2019-02-19 16:53:32]	还账 v->n
[2019-02-19 16:53:32]	不准 v->n
[2019-02-19 16:53:32]	看不起 v->n
[2019-02-19 16:53:32]	看得起 v->n
[2019-02-19 16:53:32]	小产 v->n
[2019-02-19 16:53:32]	天天 d->n
[2019-02-19 16:53:32]	起名 vi->n
[2019-02-19 16:53:32]	上税 v->n
[2019-02-19 16:53:32]	他俩 r->n
[2019-02-19 16:53:32]	千米 q->n
[2019-02-19 16:53:32]	是不是 v->n
[2019-02-19 16:53:32]	禁不起 v->n
[2019-02-19 16:53:32]	先后 d->n
[2019-02-19 16:53:32]	小便 v->n
[2019-02-19 16:53:32]	小满 t->n
[2019-02-19 16:53:32]	吃药 v->n
[2019-02-19 16:53:32]	一元 b->n
[2019-02-19 16:53:32]	正好 z->n
[2019-02-19 16:53:32]	对证 vn->n
[2019-02-19 16:53:32]	中档 b->n
[2019-02-19 16:53:32]	自修 v->n
[2019-02-19 16:53:32]	到底 d->n
[2019-02-19 16:53:32]	和缓 a->n
[2019-02-19 16:53:32]	人为 b->n
[2019-02-19 16:53:32]	长达 v->n
[2019-02-19 16:53:32]	上流 b->n
[2019-02-19 16:53:32]	喜好 an->n
[2019-02-19 16:53:32]	从中 d->n
[2019-02-19 16:53:32]	各人 rr->n
[2019-02-19 16:53:32]	中选 vi->n
[2019-02-19 16:53:32]	各处 rzs->n
[2019-02-19 16:53:32]	四处 d->n
[2019-02-19 16:53:32]	上岸 vi->n
[2019-02-19 16:53:32]	拨打 v->n
[2019-02-19 16:53:32]	大跌 v->n
[2019-02-19 16:53:32]	好多 m->n
[2019-02-19 16:53:32]	下学 v->n
[2019-02-19 16:53:32]	不合 v->n
[2019-02-19 16:53:32]	高等 b->n
[2019-02-19 16:53:32]	老大 a->n
[2019-02-19 16:53:32]	还给 v->n
[2019-02-19 16:53:32]	对等 vi->n
[2019-02-19 16:53:32]	有心 v->n
[2019-02-19 16:53:32]	真的 a->n
[2019-02-19 16:53:32]	大喊 v->n
[2019-02-19 16:53:32]	总会 d->n
[2019-02-19 16:53:32]	该死 vi->n
[2019-02-19 16:53:32]	一口气 d->n
[2019-02-19 16:53:32]	小气 a->n
[2019-02-19 16:53:32]	论说 vn->n
[2019-02-19 16:53:32]	中意 a->n
[2019-02-19 16:53:32]	生分 a->n
[2019-02-19 16:53:32]	内蒙古自治区 ns->n
[2019-02-19 16:53:32]	年间 f->n
[2019-02-19 16:53:32]	和暖 a->n
[2019-02-19 16:53:32]	省钱 a->n
[2019-02-19 16:53:32]	单方面 b->n
[2019-02-19 16:53:32]	早起 vi->n
[2019-02-19 16:53:32]	签定 v->n
[2019-02-19 16:53:32]	凡间 s->n
[2019-02-19 16:53:32]	就是 c->n
[2019-02-19 16:53:32]	便是 v->n
[2019-02-19 16:53:32]	国都 d->n
[2019-02-19 16:53:32]	首次 m->n
[2019-02-19 16:53:32]	睡着 v->n
[2019-02-19 16:53:32]	了得 a->n
[2019-02-19 16:53:32]	西藏自治区 ns->n
[2019-02-19 16:53:32]	想像 v->n
[2019-02-19 16:53:32]	好在 d->n
[2019-02-19 16:53:32]	往时 t->n
[2019-02-19 16:53:32]	争抢 v->n
[2019-02-19 16:53:32]	正在 d->n
[2019-02-19 16:53:32]	我方 r->n
[2019-02-19 16:53:32]	多功能 b->n
[2019-02-19 16:53:32]	黑白 b->n
[2019-02-19 16:53:32]	南北 f->n
[2019-02-19 16:53:32]	干什么 r->n
[2019-02-19 16:53:32]	不断 d->n
[2019-02-19 16:53:32]	同呼吸 vl->n
[2019-02-19 16:53:32]	日间 t->n
[2019-02-19 16:53:32]	还是 c->n
[2019-02-19 16:53:32]	有点 d->n
[2019-02-19 16:53:32]	下流 a->n
[2019-02-19 16:53:32]	怎么办 ryv->n
[2019-02-19 16:53:32]	您好 nl->n
[2019-02-19 16:53:32]	你好 vl->n
[2019-02-19 16:53:32]	交售 v->n
[2019-02-19 16:53:32]	找到 v->n
[2019-02-19 16:53:32]	从来 d->n
[2019-02-19 16:53:32]	约分 v->n
[2019-02-19 16:53:32]	正数 v->n
[2019-02-19 16:53:32]	他人 rr->n
[2019-02-19 16:53:32]	不论 c->n
[2019-02-19 16:53:32]	不管 c->n
[2019-02-19 16:53:32]	出事 vi->n
[2019-02-19 16:53:32]	从此 d->n
[2019-02-19 16:53:32]	当时 t->n
[2019-02-19 16:53:32]	对话 vi->n
[2019-02-19 16:53:32]	吃饭 vi->n
[2019-02-19 16:53:32]	更新 v->n
[2019-02-19 16:53:32]	讲课 vi->n
[2019-02-19 16:53:32]	尽心 a->n
[2019-02-19 16:53:32]	立方 q->n
[2019-02-19 16:53:32]	没关系 vl->n
[2019-02-19 16:53:32]	遍地 vd->n
[2019-02-19 16:53:32]	开车 vi->n
[2019-02-19 16:53:32]	因此 c->n
[2019-02-19 16:53:32]	将来 t->n
[2019-02-19 16:53:32]	以前 f->n
[2019-02-19 16:53:32]	先前 t->n
[2019-02-19 16:53:32]	早上 t->n
[2019-02-19 16:53:32]	正月 t->n
[2019-02-19 16:53:32]	难看 a->n
[2019-02-19 16:53:32]	对头 a->n
[2019-02-19 16:53:32]	正当 a->n
[2019-02-19 16:53:32]	不容 v->n
[2019-02-19 16:53:32]	出手 vi->n
[2019-02-19 16:53:32]	着手 v->n
[2019-02-19 16:53:32]	不错 a->n
[2019-02-19 16:53:32]	不便 a->n
[2019-02-19 16:53:32]	得手 a->n
[2019-02-19 16:53:32]	说话 vi->n
[2019-02-19 16:53:32]	特等 b->n
[2019-02-19 16:53:32]	住手 vi->n
[2019-02-19 16:53:32]	共事 vi->n
[2019-02-19 16:53:32]	从前 t->n
[2019-02-19 16:53:32]	已往 t->n
[2019-02-19 16:53:32]	低下 a->n
[2019-02-19 16:53:32]	当中 f->n
[2019-02-19 16:53:32]	不易 a->n
[2019-02-19 16:53:32]	不可 d->n
[2019-02-19 16:53:32]	至此 d->n
[2019-02-19 16:53:32]	不顾 v->n
[2019-02-19 16:53:32]	正派 a->n
[2019-02-19 16:53:32]	不然 a->n
[2019-02-19 16:53:32]	某人 rr->n
[2019-02-19 16:53:32]	一角 n->v
[2019-02-19 16:53:32]	除外 vi->v
[2019-02-19 16:53:32]	爱人 n->nz
[2019-02-19 16:53:32]	把手 n->nz
[2019-02-19 16:53:32]	靠山 n->nz
[2019-02-19 16:53:32]	不行 a->v
[2019-02-19 16:53:32]	不能 v->vi
[2019-02-19 16:53:32]	不会 v->vi
[2019-02-19 16:53:32]	车号 n->nz
[2019-02-19 16:53:32]	同党 n->nz
[2019-02-19 16:53:32]	打的 v->vi
[2019-02-19 16:53:32]	除法 n->nz
[2019-02-19 16:53:32]	从重 d->v
[2019-02-19 16:53:32]	搭建 v->vd
[2019-02-19 16:53:32]	四处 d->vi
[2019-02-19 16:53:32]	拨打 v->vd
[2019-02-19 16:53:32]	大跌 v->vn
[2019-02-19 16:53:32]	会话 v->vn
[2019-02-19 16:53:32]	要领 n->nz
[2019-02-19 16:53:32]	下学 v->vd
[2019-02-19 16:53:32]	分号 n->nz
[2019-02-19 16:53:32]	不合 v->n
[2019-02-19 16:53:32]	高等 b->a
[2019-02-19 16:53:32]	还给 v->vd
[2019-02-19 16:53:32]	有心 v->vd
[2019-02-19 16:53:32]	说法 n->nz
[2019-02-19 16:53:32]	大喊 v->vd
[2019-02-19 16:53:32]	好多 m->a
[2019-02-19 16:53:32]	大奖 n->nz
[2019-02-19 16:53:32]	无礼 a->ad
[2019-02-19 16:53:32]	看不起 v->vn
[2019-02-19 16:53:32]	看得起 v->vn
[2019-02-19 16:53:32]	理事 n->nz
[2019-02-19 16:53:32]	本心 n->nl
[2019-02-19 16:53:32]	论说 vn->vl
[2019-02-19 16:53:32]	他俩 r->n
[2019-02-19 16:53:32]	江米 n->nz
[2019-02-19 16:53:32]	千米 q->qv
[2019-02-19 16:53:32]	签定 v->vn
[2019-02-19 16:53:32]	好天 n->nz
[2019-02-19 16:53:32]	日食 n->nz
[2019-02-19 16:53:32]	是不是 v->vd
[2019-02-19 16:53:32]	手指 n->nz
[2019-02-19 16:53:32]	睡着 v->vd
[2019-02-19 16:53:32]	大小 n->nz
[2019-02-19 16:53:32]	了得 a->ad
[2019-02-19 16:53:32]	问号 n->nz
[2019-02-19 16:53:32]	西藏自治区 ns->nz
[2019-02-19 16:53:32]	小便 v->vi
[2019-02-19 16:53:32]	好在 d->v
[2019-02-19 16:53:32]	双眼 n->nz
[2019-02-19 16:53:32]	一元 b->nz
[2019-02-19 16:53:32]	引号 n->nz
[2019-02-19 16:53:32]	像片 n->nz
[2019-02-19 16:53:32]	争抢 v->vd
[2019-02-19 16:53:32]	小我 n->nz
[2019-02-19 16:53:32]	文字 n->nz
[2019-02-19 16:53:32]	部分 m->n
[2019-02-19 16:53:32]	别名 n->nz
[2019-02-19 16:53:32]	和缓 a->ad
[2019-02-19 16:53:32]	按时 d->ad
[2019-02-19 16:53:32]	春分 t->n
[2019-02-19 16:53:32]	知了 n->nz
[2019-02-19 16:53:32]	车次 n->nz
[2019-02-19 16:53:32]	大寒 t->nz
[2019-02-19 16:53:32]	大料 n->nz
[2019-02-19 16:53:32]	当面 d->n
[2019-02-19 16:53:32]	上岸 vi->v
[2019-02-19 16:53:32]	对仗 n->nz
[2019-02-19 16:53:32]	分米 q->qt
[2019-02-19 16:53:32]	副词 n->nz
[2019-02-19 16:53:32]	次要 b->bl
[2019-02-19 16:53:32]	成心 d->v
[2019-02-19 16:53:32]	还账 v->vi
[2019-02-19 16:53:32]	该死 vi->v
[2019-02-19 16:53:32]	长项 n->nz
[2019-02-19 16:53:32]	借条 n->nz
[2019-02-19 16:53:32]	买家 n->nz
[2019-02-19 16:53:32]	天车 n->nz
[2019-02-19 16:53:32]	东家 n->nz
[2019-02-19 16:53:32]	小气 a->ad
[2019-02-19 16:53:32]	小产 v->vi
[2019-02-19 16:53:32]	起名 vi->v
[2019-02-19 16:53:32]	生分 a->ad
[2019-02-19 16:53:32]	上税 v->vi
[2019-02-19 16:53:32]	内蒙古自治区 ns->nz
[2019-02-19 16:53:32]	拟人 n->nz
[2019-02-19 16:53:32]	年岁 n->nl
[2019-02-19 16:53:32]	年事 n->nl
[2019-02-19 16:53:32]	身段 n->nz
[2019-02-19 16:53:32]	凡间 s->n
[2019-02-19 16:53:32]	便是 v->vd
[2019-02-19 16:53:32]	收条 n->nz
[2019-02-19 16:53:32]	禁不起 v->vd
[2019-02-19 16:53:32]	书册 n->nl
[2019-02-19 16:53:32]	水笔 n->nz
[2019-02-19 16:53:32]	时价 n->nl
[2019-02-19 16:53:32]	就义 vi->v
[2019-02-19 16:53:32]	先后 d->ad
[2019-02-19 16:53:32]	想像 v->vd
[2019-02-19 16:53:32]	小寒 t->nz
[2019-02-19 16:53:32]	小满 t->nz
[2019-02-19 16:53:32]	新词 n->nl
[2019-02-19 16:53:32]	往时 t->tg
[2019-02-19 16:53:32]	意旨 n->nl
[2019-02-19 16:53:32]	图章 n->nz
[2019-02-19 16:53:32]	正好 z->tg
[2019-02-19 16:53:32]	正理 n->nl
[2019-02-19 16:53:32]	对证 vn->n
[2019-02-19 16:53:32]	中档 b->nl
[2019-02-19 16:53:32]	我方 r->n
[2019-02-19 16:53:32]	自修 v->vl
[2019-02-19 16:53:32]	才能 n->v
[2019-02-19 16:53:32]	秒钟 n->q
[2019-02-19 16:53:32]	火烧 n->v
[2019-02-19 16:53:32]	大路 n->nz
[2019-02-19 16:53:32]	自力 n->nz
[2019-02-19 16:53:32]	女星 n->nl
[2019-02-19 16:53:32]	申请人 n->nl
[2019-02-19 16:53:32]	美女 n->nl
[2019-02-19 16:53:32]	联系人 n->nl
[2019-02-19 16:53:32]	便条 n->nl
[2019-02-19 16:53:32]	中农 n->nl
[2019-02-19 16:53:32]	人道 n->nl
[2019-02-19 16:53:32]	资本家 n->nl
[2019-02-19 16:53:32]	水车 n->nl
[2019-02-19 16:53:32]	马戏 n->nl
[2019-02-19 16:53:32]	除数 n->nz
[2019-02-19 16:53:32]	周长 n->nz
[2019-02-19 16:53:32]	小数 n->nz
[2019-02-19 16:53:32]	经线 n->nz
[2019-02-19 16:53:32]	副手 n->nz
[2019-02-19 16:53:32]	三角 n->ns
[2019-02-19 16:53:32]	切线 n->nz
[2019-02-19 16:53:32]	本着 p->nl
[2019-02-19 16:53:32]	报到 vi->v
[2019-02-19 16:53:32]	不够 a->n
[2019-02-19 16:53:32]	不满 a->v
[2019-02-19 16:53:32]	不同 a->ad
[2019-02-19 16:53:32]	大使 n->nl
[2019-02-19 16:53:32]	对应 vi->v
[2019-02-19 16:53:32]	海带 n->nl
[2019-02-19 16:53:32]	后天 n->t
[2019-02-19 16:53:32]	回家 vi->v
[2019-02-19 16:53:32]	开关 n->v
[2019-02-19 16:53:32]	完了 vi->n
[2019-02-19 16:53:32]	没用 a->v
[2019-02-19 16:53:32]	难听 a->v
[2019-02-19 16:53:32]	暖和 a->ad
[2019-02-19 16:53:32]	排比 n->nz
[2019-02-19 16:53:32]	前天 n->t
[2019-02-19 16:53:32]	上当 vi->v
[2019-02-19 16:53:32]	受不了 al->n
[2019-02-19 16:53:32]	从而 c->cc
[2019-02-19 16:53:32]	图像 n->nl
[2019-02-19 16:53:32]	脱钩 vi->v
[2019-02-19 16:53:32]	周到 a->an
[2019-02-19 16:53:32]	等同 vd->v
[2019-02-19 16:53:32]	有用 a->n
[2019-02-19 16:53:32]	再见 vi->v
[2019-02-19 16:53:32]	有时候 d->n
[2019-02-19 16:53:32]	由此 d->n
[2019-02-19 16:53:32]	有余 m->v
[2019-02-19 16:53:32]	请愿 vi->vn
[2019-02-19 16:53:32]	内在 b->n
[2019-02-19 16:53:32]	不好 a->n
[2019-02-19 16:53:32]	共命运 vl->nl
[2019-02-19 16:53:32]	小于 nr->v
[2019-02-19 16:53:32]	大人 n->nl
[2019-02-19 16:53:32]	乘法 n->nl
[2019-02-19 16:53:32]	对手 n->nl
[2019-02-19 16:53:32]	对方 n->nl
[2019-02-19 16:53:32]	成人 n->nl
[2019-02-19 16:53:32]	所在 n->nl
[2019-02-19 16:53:32]	全年 n->nl
[2019-02-19 16:53:32]	年轻人 n->nl
[2019-02-19 16:53:32]	双手 n->nl
[2019-02-19 16:53:32]	亮点 n->nl
[2019-02-19 16:53:32]	所长 n->nl
[2019-02-19 16:53:32]	天下 n->nl
[2019-02-19 16:53:32]	先人 n->nl
[2019-02-19 16:53:32]	正常人 n->nl
[2019-02-19 16:53:32]	好人 n->nl
[2019-02-19 16:53:32]	国家队 n->nl
[2019-02-19 16:53:32]	党派 n->nl
[2019-02-19 16:53:32]	乘方 n->nl
