[2019-02-14 18:28:27]	Cannot open field dictionary D:\Workspace\Pycharm_workspace\SignLanTrans\pynlpir\Data\FieldDict.pdat
[2019-02-14 18:28:27]	Cannot open field dictionary POS data D:\Workspace\Pycharm_workspace\SignLanTrans\pynlpir\Data\FieldDict.pos
[2019-02-14 18:29:58]	Cannot open field dictionary D:\Workspace\Pycharm_workspace\SignLanTrans\pynlpir\Data\FieldDict.pdat
[2019-02-14 18:29:58]	Cannot open field dictionary POS data D:\Workspace\Pycharm_workspace\SignLanTrans\pynlpir\Data\FieldDict.pos
[2019-02-14 18:31:35]	Cannot open field dictionary D:\Workspace\Pycharm_workspace\SignLanTrans\pynlpir\Data\FieldDict.pdat
[2019-02-14 18:31:35]	Cannot open field dictionary POS data D:\Workspace\Pycharm_workspace\SignLanTrans\pynlpir\Data\FieldDict.pos
[2019-02-14 19:01:53]	Cannot open field dictionary D:\Workspace\Pycharm_workspace\SignLanTrans\pynlpir\Data\FieldDict.pdat
[2019-02-14 19:01:53]	Cannot open field dictionary POS data D:\Workspace\Pycharm_workspace\SignLanTrans\pynlpir\Data\FieldDict.pos
[2019-02-14 19:03:36]	Cannot open field dictionary D:\Workspace\Pycharm_workspace\SignLanTrans\pynlpir\Data\FieldDict.pdat
[2019-02-14 19:03:36]	Cannot open field dictionary POS data D:\Workspace\Pycharm_workspace\SignLanTrans\pynlpir\Data\FieldDict.pos
[2019-02-14 19:36:36]	Cannot open field dictionary D:\Workspace\Pycharm_workspace\SignLanTrans\pynlpir\Data\FieldDict.pdat
[2019-02-14 19:36:36]	Cannot open field dictionary POS data D:\Workspace\Pycharm_workspace\SignLanTrans\pynlpir\Data\FieldDict.pos
[2019-02-14 19:37:22]	Cannot open field dictionary D:\Workspace\Pycharm_workspace\SignLanTrans\pynlpir\Data\FieldDict.pdat
[2019-02-14 19:37:22]	Cannot open field dictionary POS data D:\Workspace\Pycharm_workspace\SignLanTrans\pynlpir\Data\FieldDict.pos
[2019-02-14 19:43:15]	Cannot open field dictionary D:\Workspace\Pycharm_workspace\SignLanTrans\pynlpir\Data\FieldDict.pdat
[2019-02-14 19:43:15]	Cannot open field dictionary POS data D:\Workspace\Pycharm_workspace\SignLanTrans\pynlpir\Data\FieldDict.pos
[2019-02-14 19:44:02]	Cannot open field dictionary D:\Workspace\Pycharm_workspace\SignLanTrans\pynlpir\Data\FieldDict.pdat
[2019-02-14 19:44:02]	Cannot open field dictionary POS data D:\Workspace\Pycharm_workspace\SignLanTrans\pynlpir\Data\FieldDict.pos
[2019-02-14 19:45:16]	Cannot open field dictionary D:\Workspace\Pycharm_workspace\SignLanTrans\pynlpir\Data\FieldDict.pdat
[2019-02-14 19:45:16]	Cannot open field dictionary POS data D:\Workspace\Pycharm_workspace\SignLanTrans\pynlpir\Data\FieldDict.pos
[2019-02-14 19:46:43]	Cannot open field dictionary D:\Workspace\Pycharm_workspace\SignLanTrans\pynlpir\Data\FieldDict.pdat
[2019-02-14 19:46:43]	Cannot open field dictionary POS data D:\Workspace\Pycharm_workspace\SignLanTrans\pynlpir\Data\FieldDict.pos
[2019-02-14 20:04:32]	Failed Open file Failed Open file 
[2019-02-14 20:04:32]	Error read file
[2019-02-14 20:04:32]	..//data//11a_seg_error_dict.txt
[2019-02-14 20:05:39]	Failed Open file Failed Open file 
[2019-02-14 20:05:39]	Error read file
[2019-02-14 20:05:39]	..//data//11a_seg_error_dict.txt
[2019-02-14 20:05:46]	Failed Open file Failed Open file 
[2019-02-14 20:05:46]	Error read file
[2019-02-14 20:05:46]	..//data//11a_seg_error_dict.txt
[2019-02-14 20:06:18]	Failed Open file Failed Open file 
[2019-02-14 20:06:18]	Error read file
[2019-02-14 20:06:18]	..//data//11a_seg_error_dict.txt
[2019-02-14 20:07:08]	Failed Open file Failed Open file 
[2019-02-14 20:07:08]	Error read file
[2019-02-14 20:07:08]	..//data//11a_seg_error_dict.txt
[2019-02-14 20:07:21]	Failed Open file Failed Open file 
[2019-02-14 20:07:21]	Error read file
[2019-02-14 20:07:21]	..//data//11a_seg_error_dict.txt
[2019-02-14 20:08:05]	Cannot open field dictionary D:\Workspace\Pycharm_workspace\SignLanTrans\pynlpir\Data\FieldDict.pdat
[2019-02-14 20:08:05]	Cannot open field dictionary POS data D:\Workspace\Pycharm_workspace\SignLanTrans\pynlpir\Data\FieldDict.pos
[2019-02-14 20:08:05]	Failed Open file Failed Open file 
[2019-02-14 20:08:05]	Error read file
[2019-02-14 20:08:05]	..//data//11a_seg_error_dict.txt
[2019-02-14 20:08:39]	Cannot open field dictionary D:\Workspace\Pycharm_workspace\SignLanTrans\pynlpir\Data\FieldDict.pdat
[2019-02-14 20:08:39]	Cannot open field dictionary POS data D:\Workspace\Pycharm_workspace\SignLanTrans\pynlpir\Data\FieldDict.pos
[2019-02-14 20:08:39]	Failed Open file Failed Open file 
[2019-02-14 20:08:39]	Error read file
[2019-02-14 20:08:39]	..//data//11a_seg_error_dict.txt
[2019-02-14 20:09:08]	Cannot open field dictionary D:\Workspace\Pycharm_workspace\SignLanTrans\pynlpir\Data\FieldDict.pdat
[2019-02-14 20:09:08]	Cannot open field dictionary POS data D:\Workspace\Pycharm_workspace\SignLanTrans\pynlpir\Data\FieldDict.pos
[2019-02-14 20:09:08]	Failed Open file Failed Open file 
[2019-02-14 20:09:08]	Error read file
[2019-02-14 20:09:08]	..//data//11a_seg_error_dict.txt
[2019-02-14 20:10:00]	Cannot open field dictionary D:\Workspace\Pycharm_workspace\SignLanTrans\pynlpir\Data\FieldDict.pdat
[2019-02-14 20:10:00]	Cannot open field dictionary POS data D:\Workspace\Pycharm_workspace\SignLanTrans\pynlpir\Data\FieldDict.pos
[2019-02-14 20:10:00]	Failed Open file Failed Open file 
[2019-02-14 20:10:00]	Error read file
[2019-02-14 20:10:00]	..//data//11a_seg_error_dict.txt
[2019-02-14 20:11:04]	Cannot open field dictionary D:\Workspace\Pycharm_workspace\SignLanTrans\pynlpir\Data\FieldDict.pdat
[2019-02-14 20:11:04]	Cannot open field dictionary POS data D:\Workspace\Pycharm_workspace\SignLanTrans\pynlpir\Data\FieldDict.pos
[2019-02-14 20:11:04]	Failed Open file Failed Open file 
[2019-02-14 20:11:04]	Error read file
[2019-02-14 20:11:04]	..//data//11a_seg_error_dict.txt
[2019-02-14 20:12:24]	Cannot open field dictionary D:\Workspace\Pycharm_workspace\SignLanTrans\pynlpir\Data\FieldDict.pdat
[2019-02-14 20:12:24]	Cannot open field dictionary POS data D:\Workspace\Pycharm_workspace\SignLanTrans\pynlpir\Data\FieldDict.pos
[2019-02-14 20:12:24]	Failed Open file Failed Open file 
[2019-02-14 20:12:24]	Error read file
[2019-02-14 20:12:24]	..//data//11a_seg_error_dict.txt
[2019-02-14 20:13:01]	Cannot open field dictionary D:\Workspace\Pycharm_workspace\SignLanTrans\pynlpir\Data\FieldDict.pdat
[2019-02-14 20:13:01]	Cannot open field dictionary POS data D:\Workspace\Pycharm_workspace\SignLanTrans\pynlpir\Data\FieldDict.pos
[2019-02-14 20:13:17]	Failed Open file Failed Open file 
[2019-02-14 20:13:17]	Error read file
[2019-02-14 20:13:17]	..//data//11a_seg_error_dict.txt
